============================================================
  Generated by:           Genus(TM) Synthesis Solution 21.19-s055_1
  Generated on:           May 23 2026  02:52:33 pm
  Module:                 multiplier32FP
  Operating conditions:   PVT_0P9V_125C 
  Operating conditions:   PVT_1P32V_0C 
  Interconnect mode:      global
  Area mode:              physical library
============================================================

                                                Library 
   Gate     Instances    Area        Library     Domain 
--------------------------------------------------------
ADDFHX1            20    150.480    slow_vdd1v0   worst 
ADDFHX2            67    549.936    slow_vdd1v0   worst 
ADDFX1             15     76.950    slow_vdd1v0   worst 
ADDHX1             12     45.144    slow_vdd1v0   worst 
ADDHX2              5     25.650    slow_vdd1v0   worst 
ADDHX4              6     43.092    slow_vdd1v0   worst 
AND2X1            144    196.992    slow_vdd1v0   worst 
AND2X2             16     27.360    slow_vdd1v0   worst 
AND2X4             14     38.304    slow_vdd1v0   worst 
AND2X6             16     60.192    slow_vdd1v0   worst 
AND2X8              3     13.338    slow_vdd1v0   worst 
AND3X1              3      7.182    slow_vdd1v0   worst 
AND3X6              1      4.446    slow_vdd1v0   worst 
AND3X8              2     10.260    slow_vdd1v0   worst 
AND3XL              6     12.312    slow_vdd1v0   worst 
AND4X1              2      4.788    slow_vdd1v0   worst 
AND4X4              1      3.762    slow_vdd1v0   worst 
AND4X6              1      5.814    slow_vdd1v0   worst 
AO21X1             34     81.396    slow_vdd1v0   worst 
AO21X2              4     10.944    slow_vdd1v0   worst 
AO21X4              3     10.260    slow_vdd1v0   worst 
AO22X1             54    147.744    slow_vdd1v0   worst 
AO22X2              1      3.078    slow_vdd1v0   worst 
AO22X4              1      3.762    slow_vdd1v0   worst 
AOI211X1            1      2.394    slow_vdd1v0   worst 
AOI211X2           11     37.620    slow_vdd1v0   worst 
AOI211X4            4     25.992    slow_vdd1v0   worst 
AOI21X1            63    107.730    slow_vdd1v0   worst 
AOI21X2            64    175.104    slow_vdd1v0   worst 
AOI21X4            58    297.540    slow_vdd1v0   worst 
AOI21XL             2      3.420    slow_vdd1v0   worst 
AOI221X2           21     93.366    slow_vdd1v0   worst 
AOI221X4            7     55.062    slow_vdd1v0   worst 
AOI222X2            5     27.360    slow_vdd1v0   worst 
AOI222X4            1      9.576    slow_vdd1v0   worst 
AOI22X1            49    100.548    slow_vdd1v0   worst 
AOI22X2            77    289.674    slow_vdd1v0   worst 
AOI22X4            23    141.588    slow_vdd1v0   worst 
AOI22XL             1      2.052    slow_vdd1v0   worst 
AOI2BB1X1          16     32.832    slow_vdd1v0   worst 
AOI2BB1X2          31     95.418    slow_vdd1v0   worst 
AOI2BB1X4          26    106.704    slow_vdd1v0   worst 
AOI2BB1XL           1      2.052    slow_vdd1v0   worst 
AOI2BB2X2           7     35.910    slow_vdd1v0   worst 
AOI2BB2X4           8     60.192    slow_vdd1v0   worst 
AOI31X2            10     34.200    slow_vdd1v0   worst 
AOI31X4             1      6.498    slow_vdd1v0   worst 
AOI32X2             2      8.892    slow_vdd1v0   worst 
AOI32X4             1      7.866    slow_vdd1v0   worst 
BUFX12              1      5.130    slow_vdd1v0   worst 
BUFX16              1      6.840    slow_vdd1v0   worst 
BUFX3               2      4.104    slow_vdd1v0   worst 
BUFX6              47    144.666    slow_vdd1v0   worst 
BUFX8              37    139.194    slow_vdd1v0   worst 
CLKAND2X12         20    150.480    slow_vdd1v0   worst 
CLKAND2X2          55    112.860    slow_vdd1v0   worst 
CLKAND2X3          49    150.822    slow_vdd1v0   worst 
CLKAND2X4           4     13.680    slow_vdd1v0   worst 
CLKAND2X6          53    253.764    slow_vdd1v0   worst 
CLKAND2X8           2     11.628    slow_vdd1v0   worst 
CLKBUFX12           3     15.390    slow_vdd1v0   worst 
CLKBUFX16          10     68.400    slow_vdd1v0   worst 
CLKBUFX20           2     16.416    slow_vdd1v0   worst 
CLKBUFX6            3      9.234    slow_vdd1v0   worst 
CLKINVX12          30    123.120    slow_vdd1v0   worst 
CLKINVX16           4     21.888    slow_vdd1v0   worst 
CLKINVX2            3      4.104    slow_vdd1v0   worst 
CLKINVX20           6     38.988    slow_vdd1v0   worst 
CLKINVX3            4      6.840    slow_vdd1v0   worst 
CLKINVX4           48     82.080    slow_vdd1v0   worst 
CLKINVX6           38     90.972    slow_vdd1v0   worst 
CLKINVX8           45    138.510    slow_vdd1v0   worst 
CLKMX2X2            7     21.546    slow_vdd1v0   worst 
CLKMX2X3           36    147.744    slow_vdd1v0   worst 
CLKXOR2X1          27     73.872    slow_vdd1v0   worst 
DFFHQX1           151    826.272    slow_vdd1v0   worst 
DFFHQX2             4     27.360    slow_vdd1v0   worst 
DFFHQX4             5     41.040    slow_vdd1v0   worst 
DFFHQX8            10     92.340    slow_vdd1v0   worst 
DFFQX1              5     29.070    slow_vdd1v0   worst 
DFFQX2             21    136.458    slow_vdd1v0   worst 
DFFQX4              3     21.546    slow_vdd1v0   worst 
DFFQXL             35    191.520    slow_vdd1v0   worst 
DFFRHQX1           39    240.084    slow_vdd1v0   worst 
DFFRHQX4            1      9.576    slow_vdd1v0   worst 
DFFRX2              4     30.096    slow_vdd1v0   worst 
DFFX1              21    150.822    slow_vdd1v0   worst 
DFFX2              14    114.912    slow_vdd1v0   worst 
DFFX4              54    498.636    slow_vdd1v0   worst 
EDFFHQX1          192   1641.600    slow_vdd1v0   worst 
EDFFHQX2            2     17.784    slow_vdd1v0   worst 
EDFFHQX4            1     10.602    slow_vdd1v0   worst 
INVX1             154    105.336    slow_vdd1v0   worst 
INVX12              1      4.104    slow_vdd1v0   worst 
INVX16              2     10.944    slow_vdd1v0   worst 
INVX2              91     93.366    slow_vdd1v0   worst 
INVX3              46     62.928    slow_vdd1v0   worst 
INVX4               1      1.710    slow_vdd1v0   worst 
INVX6               7     16.758    slow_vdd1v0   worst 
INVX8               4     12.312    slow_vdd1v0   worst 
INVXL               4      2.736    slow_vdd1v0   worst 
MDFFHQX1           22    188.100    slow_vdd1v0   worst 
MDFFHQX4           70    646.380    slow_vdd1v0   worst 
MDFFHQX8            2     22.572    slow_vdd1v0   worst 
MX2X1              33     79.002    slow_vdd1v0   worst 
MXI2X1              3      8.208    slow_vdd1v0   worst 
MXI2X2             12     53.352    slow_vdd1v0   worst 
MXI2X4             14     71.820    slow_vdd1v0   worst 
NAND2BX1           15     20.520    slow_vdd1v0   worst 
NAND2BX2           16     38.304    slow_vdd1v0   worst 
NAND2BX4            5     18.810    slow_vdd1v0   worst 
NAND2X1            38     38.988    slow_vdd1v0   worst 
NAND2X2           130    222.300    slow_vdd1v0   worst 
NAND2X4            88    300.960    slow_vdd1v0   worst 
NAND2X6            48    229.824    slow_vdd1v0   worst 
NAND2X8            14     76.608    slow_vdd1v0   worst 
NAND2XL             2      2.052    slow_vdd1v0   worst 
NAND3X1             2      3.420    slow_vdd1v0   worst 
NAND3X2            10     27.360    slow_vdd1v0   worst 
NAND3X4             8     38.304    slow_vdd1v0   worst 
NAND3XL             1      1.710    slow_vdd1v0   worst 
NAND4X8             3     30.780    slow_vdd1v0   worst 
NOR2BX1            42     57.456    slow_vdd1v0   worst 
NOR2BX2            20     54.720    slow_vdd1v0   worst 
NOR2BX4            12     45.144    slow_vdd1v0   worst 
NOR2X1             75     76.950    slow_vdd1v0   worst 
NOR2X2            127    217.170    slow_vdd1v0   worst 
NOR2X4            196    603.288    slow_vdd1v0   worst 
NOR2X6             92    377.568    slow_vdd1v0   worst 
NOR2X8             41    224.352    slow_vdd1v0   worst 
NOR2XL              4      4.104    slow_vdd1v0   worst 
NOR3BX2             1      3.420    slow_vdd1v0   worst 
NOR3X1              2      3.420    slow_vdd1v0   worst 
NOR3X2              7     19.152    slow_vdd1v0   worst 
NOR3X4              3     15.390    slow_vdd1v0   worst 
NOR3X6              2     14.364    slow_vdd1v0   worst 
NOR3X8              5     44.460    slow_vdd1v0   worst 
NOR4X2              8     27.360    slow_vdd1v0   worst 
NOR4X4              1      6.498    slow_vdd1v0   worst 
NOR4X8              1     10.602    slow_vdd1v0   worst 
OA21X1             70    143.640    slow_vdd1v0   worst 
OA21X2              4     12.312    slow_vdd1v0   worst 
OA21X4              6     22.572    slow_vdd1v0   worst 
OA22X1             99    237.006    slow_vdd1v0   worst 
OA22X2              2      6.840    slow_vdd1v0   worst 
OA22X4             10     41.040    slow_vdd1v0   worst 
OAI211X2            2      8.208    slow_vdd1v0   worst 
OAI211X4            6     38.988    slow_vdd1v0   worst 
OAI21X1            26     44.460    slow_vdd1v0   worst 
OAI21X2            46    141.588    slow_vdd1v0   worst 
OAI21X4            73    349.524    slow_vdd1v0   worst 
OAI21XL             2      3.420    slow_vdd1v0   worst 
OAI221X2            5     23.940    slow_vdd1v0   worst 
OAI22X1            14     28.728    slow_vdd1v0   worst 
OAI22X2            28     95.760    slow_vdd1v0   worst 
OAI22X4            21    136.458    slow_vdd1v0   worst 
OAI22XL             1      2.052    slow_vdd1v0   worst 
OAI2BB1X1          44     75.240    slow_vdd1v0   worst 
OAI2BB1X2          52    160.056    slow_vdd1v0   worst 
OAI2BB1X4          23    102.258    slow_vdd1v0   worst 
OAI2BB2X2           1      5.472    slow_vdd1v0   worst 
OAI2BB2X4           5     42.750    slow_vdd1v0   worst 
OAI31X1             2      4.104    slow_vdd1v0   worst 
OAI31X2             4     15.048    slow_vdd1v0   worst 
OAI31X4             4     27.360    slow_vdd1v0   worst 
OAI32X2             1      4.446    slow_vdd1v0   worst 
OR2X1              89    121.752    slow_vdd1v0   worst 
OR2X2              26     44.460    slow_vdd1v0   worst 
OR2X4              28     76.608    slow_vdd1v0   worst 
OR2X6              20     75.240    slow_vdd1v0   worst 
OR2X8               4     17.784    slow_vdd1v0   worst 
OR3X1              24     49.248    slow_vdd1v0   worst 
OR3X2               4      9.576    slow_vdd1v0   worst 
OR3X4               7     21.546    slow_vdd1v0   worst 
OR3X6               1      4.788    slow_vdd1v0   worst 
OR4X1              26     53.352    slow_vdd1v0   worst 
OR4X2               1      3.420    slow_vdd1v0   worst 
OR4X6               1      5.472    slow_vdd1v0   worst 
OR4X8               1      6.156    slow_vdd1v0   worst 
XNOR2X1            27     64.638    slow_vdd1v0   worst 
XNOR2X2            10     30.780    slow_vdd1v0   worst 
XNOR2X4             1      3.762    slow_vdd1v0   worst 
XOR2X2              7     23.940    slow_vdd1v0   worst 
--------------------------------------------------------
total            4333  15845.544                


                                          
     Type      Instances    Area   Area % 
------------------------------------------
sequential           656  4936.770   31.2 
inverter             488   816.696    5.2 
buffer               106   409.374    2.6 
logic               3083  9682.704   61.1 
physical_cells         0     0.000    0.0 
------------------------------------------
total               4333 15845.544  100.0 

