============================================================
  Generated by:           Genus(TM) Synthesis Solution 21.19-s055_1
  Generated on:           May 23 2026  02:52:32 pm
  Module:                 multiplier32FP
  Library domain:         worst
    Domain index:         0
    Technology library:   slow_vdd1v0 1.0
  Library domain:         best
    Domain index:         1
    Technology library:   fast_vdd1v2 1.0
  Operating conditions:   PVT_0P9V_125C 
  Operating conditions:   PVT_1P32V_0C 
  Interconnect mode:      global
  Area mode:              physical library
============================================================

     Instance         Module     Cell Count  Normalized Cell Area  Normalized Net Area   Normalized Total Area 
---------------------------------------------------------------------------------------------------------------
multiplier32FP                         4333             15444.000             5183.436               20627.436 
  i_mul_24        mul_24               1762              7540.333             1945.213                9485.546 
  i_post_norm_mul post_norm_mul        2255              6904.333             2774.469                9678.802 
  i_pre_norm_mul  pre_norm_mul           87               256.333               72.189                 328.522 
  u_fsm           fpu_fsm                39               112.333               39.068                 151.401 
