============================================================
  Generated by:           Genus(TM) Synthesis Solution 21.19-s055_1
  Generated on:           May 23 2026  02:52:33 pm
  Module:                 multiplier32FP
  Operating conditions:   PVT_0P9V_125C 
  Operating conditions:   PVT_1P32V_0C 
  Interconnect mode:      global
  Area mode:              physical library
============================================================

Timing
--------

Clock Period 
-------------
clk   2000.0 


  Cost    Critical               Violating 
 Group   Path Slack     TNS        Paths   
-------------------------------------------
clk          -675.2   -110638.1        268 
default    No paths         0.0            
-------------------------------------------
Total                 -110638.1        268 

Instance Count
--------------
Leaf Instance Count             4333 
Physical Instance count            0 
Sequential Instance Count        656 
Combinational Instance Count    3677 
Hierarchical Instance Count        4 

Area
----
Cell Area                          15845.544
Physical Cell Area                 0.000
Total Cell Area (Cell+Physical)    15845.544
Net Area                           5318.205
Total Area (Cell+Physical+Net)     21163.749

Max Fanout                         656 (clk)
Min Fanout                         0 (n_150)
Average Fanout                     2.3
Terms to net ratio                 3.2809
Terms to instance ratio            3.4883
Runtime                            757.811973 seconds
Elapsed Runtime                    759 seconds
Genus peak memory usage            2213.77 
Innovus peak memory usage          no_value 
Hostname                           localhost
