============================================================
  Generated by:           Genus(TM) Synthesis Solution 21.19-s055_1
  Generated on:           May 23 2026  04:37:08 pm
  Module:                 multiplier32FP
  Library domain:         worst
    Domain index:         0
    Technology library:   slow_vdd1v0 1.0
  Library domain:         best
    Domain index:         1
    Technology library:   fast_vdd1v2 1.0
  Operating conditions:   PVT_0P9V_125C 
  Operating conditions:   PVT_1P32V_0C 
  Interconnect mode:      global
  Area mode:              physical library
============================================================

     Instance         Module     Cell Count  Normalized Cell Area  Normalized Net Area   Normalized Total Area 
---------------------------------------------------------------------------------------------------------------
multiplier32FP                         4716             17518.333             5475.656               22993.989 
  i_mul_24        mul_24               1826              7935.333             2012.845                9948.178 
  i_post_norm_mul post_norm_mul        2539              8437.000             2959.989               11396.989 
  i_pre_norm_mul  pre_norm_mul          102               296.333               84.045                 380.378 
  u_fsm           fpu_fsm                29                95.667               30.880                 126.547 
