============================================================
  Generated by:           Genus(TM) Synthesis Solution 21.19-s055_1
  Generated on:           May 23 2026  04:37:08 pm
  Module:                 multiplier32FP
  Library domain:         worst
    Domain index:         0
    Technology library:   slow_vdd1v0 1.0
  Library domain:         best
    Domain index:         1
    Technology library:   fast_vdd1v2 1.0
  Operating conditions:   PVT_0P9V_125C 
  Operating conditions:   PVT_1P32V_0C 
  Interconnect mode:      global
  Area mode:              physical library
============================================================

     Instance         Module     Cell Count  Cell Area  Net Area   Total Area 
------------------------------------------------------------------------------
multiplier32FP                         4716  17973.810  5618.023    23591.833 
  i_mul_24        mul_24               1826   8141.652  2065.179    10206.831 
  i_post_norm_mul post_norm_mul        2539   8656.362  3036.949    11693.311 
  i_pre_norm_mul  pre_norm_mul          102    304.038    86.230      390.268 
  u_fsm           fpu_fsm                29     98.154    31.683      129.837 
