============================================================
  Generated by:           Genus(TM) Synthesis Solution 21.19-s055_1
  Generated on:           May 25 2026  07:38:06 am
  Module:                 multiplier32FP
  Operating conditions:   PVT_0P9V_125C 
  Operating conditions:   PVT_1P32V_0C 
  Interconnect mode:      global
  Area mode:              physical library
============================================================

                                                Library 
   Gate     Instances    Area        Library     Domain 
--------------------------------------------------------
ACHCONX2            1     12.654    slow_vdd1v0   worst 
ADDFHX1            21    158.004    slow_vdd1v0   worst 
ADDFHX2            26    213.408    slow_vdd1v0   worst 
ADDFHX4             1      9.576    slow_vdd1v0   worst 
ADDFX1             58    297.540    slow_vdd1v0   worst 
ADDFX2              1      7.866    slow_vdd1v0   worst 
ADDHX1             29    109.098    slow_vdd1v0   worst 
ADDHX2              1      5.130    slow_vdd1v0   worst 
ADDHX4              2     14.364    slow_vdd1v0   worst 
AND2X1            268    366.624    slow_vdd1v0   worst 
AND2X2             18     30.780    slow_vdd1v0   worst 
AND2X4             10     27.360    slow_vdd1v0   worst 
AND2X6              9     33.858    slow_vdd1v0   worst 
AND3X1              4      9.576    slow_vdd1v0   worst 
AND3X2              1      2.736    slow_vdd1v0   worst 
AND3X4              1      3.078    slow_vdd1v0   worst 
AND3X6              1      4.446    slow_vdd1v0   worst 
AND3XL             14     28.728    slow_vdd1v0   worst 
AND4X1              8     19.152    slow_vdd1v0   worst 
AND4X6              1      5.814    slow_vdd1v0   worst 
AO21X1             29     69.426    slow_vdd1v0   worst 
AO21X2              5     13.680    slow_vdd1v0   worst 
AO22X1             49    134.064    slow_vdd1v0   worst 
AOI211X1            5     11.970    slow_vdd1v0   worst 
AOI211X2           17     58.140    slow_vdd1v0   worst 
AOI21X1           147    251.370    slow_vdd1v0   worst 
AOI21X2            28     76.608    slow_vdd1v0   worst 
AOI21X4            56    287.280    slow_vdd1v0   worst 
AOI221X2           17     75.582    slow_vdd1v0   worst 
AOI221X4            2     15.732    slow_vdd1v0   worst 
AOI222X2            3     16.416    slow_vdd1v0   worst 
AOI222X4            1      9.576    slow_vdd1v0   worst 
AOI22X1            97    199.044    slow_vdd1v0   worst 
AOI22X2            13     48.906    slow_vdd1v0   worst 
AOI22X4            23    141.588    slow_vdd1v0   worst 
AOI2BB1X1          44     90.288    slow_vdd1v0   worst 
AOI2BB1X2           6     18.468    slow_vdd1v0   worst 
AOI2BB1X4          11     45.144    slow_vdd1v0   worst 
AOI2BB2X1           2      6.840    slow_vdd1v0   worst 
AOI2BB2X4           1      7.524    slow_vdd1v0   worst 
AOI31X2             8     27.360    slow_vdd1v0   worst 
AOI31X4             1      6.498    slow_vdd1v0   worst 
AOI32X2             1      4.446    slow_vdd1v0   worst 
AOI32X4             1      7.866    slow_vdd1v0   worst 
BUFX12              2     10.260    slow_vdd1v0   worst 
BUFX16              2     13.680    slow_vdd1v0   worst 
BUFX2               5      8.550    slow_vdd1v0   worst 
BUFX3               4      8.208    slow_vdd1v0   worst 
BUFX6              16     49.248    slow_vdd1v0   worst 
BUFX8              37    139.194    slow_vdd1v0   worst 
CLKAND2X12         11     82.764    slow_vdd1v0   worst 
CLKAND2X2          22     45.144    slow_vdd1v0   worst 
CLKAND2X3          25     76.950    slow_vdd1v0   worst 
CLKAND2X6          29    138.852    slow_vdd1v0   worst 
CLKAND2X8           1      5.814    slow_vdd1v0   worst 
CLKINVX12          12     49.248    slow_vdd1v0   worst 
CLKINVX16           6     32.832    slow_vdd1v0   worst 
CLKINVX2            1      1.368    slow_vdd1v0   worst 
CLKINVX20           3     19.494    slow_vdd1v0   worst 
CLKINVX4           20     34.200    slow_vdd1v0   worst 
CLKINVX6           13     31.122    slow_vdd1v0   worst 
CLKINVX8           18     55.404    slow_vdd1v0   worst 
CLKMX2X2            1      3.078    slow_vdd1v0   worst 
CLKMX2X3            9     36.936    slow_vdd1v0   worst 
CLKXOR2X1          17     46.512    slow_vdd1v0   worst 
DFFHQX1           231   1264.032    slow_vdd1v0   worst 
DFFHQX4            13    106.704    slow_vdd1v0   worst 
DFFHQX8            15    138.510    slow_vdd1v0   worst 
DFFQX2             27    175.446    slow_vdd1v0   worst 
DFFQX4             15    107.730    slow_vdd1v0   worst 
DFFQXL              1      5.472    slow_vdd1v0   worst 
DFFRHQX1           39    240.084    slow_vdd1v0   worst 
DFFRHQX4            1      9.576    slow_vdd1v0   worst 
DFFRX1              1      6.840    slow_vdd1v0   worst 
DFFRX2              3     22.572    slow_vdd1v0   worst 
DFFX1               4     28.728    slow_vdd1v0   worst 
DFFX2              13    106.704    slow_vdd1v0   worst 
DFFX4               4     36.936    slow_vdd1v0   worst 
EDFFHQX1          280   2394.000    slow_vdd1v0   worst 
INVX1             171    116.964    slow_vdd1v0   worst 
INVX16              1      5.472    slow_vdd1v0   worst 
INVX2              82     84.132    slow_vdd1v0   worst 
INVX20              1      6.498    slow_vdd1v0   worst 
INVX3              22     30.096    slow_vdd1v0   worst 
INVX6               3      7.182    slow_vdd1v0   worst 
MDFFHQX1            4     34.200    slow_vdd1v0   worst 
MDFFHQX4            5     46.170    slow_vdd1v0   worst 
MX2X1              54    129.276    slow_vdd1v0   worst 
MXI2X1              1      2.736    slow_vdd1v0   worst 
MXI2X2              9     40.014    slow_vdd1v0   worst 
NAND2BX1           25     34.200    slow_vdd1v0   worst 
NAND2BX2           15     35.910    slow_vdd1v0   worst 
NAND2BX4            1      3.762    slow_vdd1v0   worst 
NAND2X1           111    113.886    slow_vdd1v0   worst 
NAND2X2           105    179.550    slow_vdd1v0   worst 
NAND2X4            59    201.780    slow_vdd1v0   worst 
NAND2X6            12     57.456    slow_vdd1v0   worst 
NAND2X8             6     32.832    slow_vdd1v0   worst 
NAND3BX2            3      9.234    slow_vdd1v0   worst 
NAND3BX4            2     10.260    slow_vdd1v0   worst 
NAND3X2            14     38.304    slow_vdd1v0   worst 
NAND3X4             6     28.728    slow_vdd1v0   worst 
NAND4X6             1      8.550    slow_vdd1v0   worst 
NOR2BX1            78    106.704    slow_vdd1v0   worst 
NOR2BX2            34     93.024    slow_vdd1v0   worst 
NOR2BX4            16     60.192    slow_vdd1v0   worst 
NOR2X1            133    136.458    slow_vdd1v0   worst 
NOR2X2             76    129.960    slow_vdd1v0   worst 
NOR2X4             73    224.694    slow_vdd1v0   worst 
NOR2X6             38    155.952    slow_vdd1v0   worst 
NOR2X8             11     60.192    slow_vdd1v0   worst 
NOR3BX1             6     12.312    slow_vdd1v0   worst 
NOR3X1              6     10.260    slow_vdd1v0   worst 
NOR3X2              9     24.624    slow_vdd1v0   worst 
NOR3X4              2     10.260    slow_vdd1v0   worst 
NOR3X6              1      7.182    slow_vdd1v0   worst 
NOR3X8              4     35.568    slow_vdd1v0   worst 
NOR4X2              3     10.260    slow_vdd1v0   worst 
NOR4X4              1      6.498    slow_vdd1v0   worst 
OA21X1            106    217.512    slow_vdd1v0   worst 
OA21X2              1      3.078    slow_vdd1v0   worst 
OA22X1            196    469.224    slow_vdd1v0   worst 
OAI211X2            1      4.104    slow_vdd1v0   worst 
OAI211X4            4     25.992    slow_vdd1v0   worst 
OAI21X1           111    189.810    slow_vdd1v0   worst 
OAI21X2            24     73.872    slow_vdd1v0   worst 
OAI21X4            29    138.852    slow_vdd1v0   worst 
OAI221X4            2     15.732    slow_vdd1v0   worst 
OAI22X1            59    121.068    slow_vdd1v0   worst 
OAI22X2             4     13.680    slow_vdd1v0   worst 
OAI22X4             1      6.498    slow_vdd1v0   worst 
OAI2BB1X1         151    258.210    slow_vdd1v0   worst 
OAI2BB1X2          13     40.014    slow_vdd1v0   worst 
OAI2BB1X4           5     22.230    slow_vdd1v0   worst 
OAI31X1             6     12.312    slow_vdd1v0   worst 
OAI31X2             4     15.048    slow_vdd1v0   worst 
OAI32X2             2      8.892    slow_vdd1v0   worst 
OR2X1             132    180.576    slow_vdd1v0   worst 
OR2X2              30     51.300    slow_vdd1v0   worst 
OR2X4              19     51.984    slow_vdd1v0   worst 
OR2X6              16     60.192    slow_vdd1v0   worst 
OR2X8               1      4.446    slow_vdd1v0   worst 
OR3X1              37     75.924    slow_vdd1v0   worst 
OR3X2               1      2.394    slow_vdd1v0   worst 
OR3X4               1      3.078    slow_vdd1v0   worst 
OR4X1              47     96.444    slow_vdd1v0   worst 
OR4X2               1      3.420    slow_vdd1v0   worst 
XNOR2X1            53    126.882    slow_vdd1v0   worst 
XNOR2X2            15     46.170    slow_vdd1v0   worst 
XOR2X2              6     20.520    slow_vdd1v0   worst 
XOR2X4              1      4.104    slow_vdd1v0   worst 
--------------------------------------------------------
total            4226  13220.694                


                                          
     Type      Instances    Area   Area % 
------------------------------------------
sequential           656  4723.704   35.7 
inverter             353   474.012    3.6 
buffer                66   229.140    1.7 
logic               3151  7793.838   59.0 
physical_cells         0     0.000    0.0 
------------------------------------------
total               4226 13220.694  100.0 

