============================================================
  Generated by:           Genus(TM) Synthesis Solution 21.19-s055_1
  Generated on:           May 25 2026  07:38:06 am
  Module:                 multiplier32FP
  Operating conditions:   PVT_0P9V_125C 
  Operating conditions:   PVT_1P32V_0C 
  Interconnect mode:      global
  Area mode:              physical library
============================================================


Path 1: MET (0 ps) Setup Check with Pin i_post_norm_mul/s_frac2a_reg[33]/CK->D
          Group: clk
     Startpoint: (R) i_post_norm_mul/s_shl2_reg[1]/CK
          Clock: (R) clk
       Endpoint: (R) i_post_norm_mul/s_frac2a_reg[33]/D
          Clock: (R) clk

                     Capture       Launch     
        Clock Edge:+    2841            0     
       Src Latency:+       0            0     
       Net Latency:+     100 (I)      100 (I) 
           Arrival:=    2941          100     
                                              
             Setup:-     163                  
       Uncertainty:-      50                  
     Required Time:=    2728                  
      Launch Clock:-     100                  
         Data Path:-    2628                  
             Slack:=       0                  

#-----------------------------------------------------------------------------------------------------------
#           Timing Point             Flags   Arc   Edge   Cell     Fanout Load Trans Delay Arrival Instance 
#                                                                         (fF)  (ps)  (ps)   (ps)  Location 
#-----------------------------------------------------------------------------------------------------------
  i_post_norm_mul/s_shl2_reg[1]/CK   -       -     R     (arrival)    656    -     0     0     100    (-,-) 
  i_post_norm_mul/s_shl2_reg[1]/Q    -       CK->Q R     DFFHQX8        7 17.7    65   258     358    (-,-) 
  i_post_norm_mul/g89164/Y           -       A->Y  F     CLKINVX8       4 10.9    57    60     418    (-,-) 
  i_post_norm_mul/g89109/Y           -       B->Y  F     OR2X8         31 58.6   228   255     674    (-,-) 
  i_post_norm_mul/g89088/Y           -       A->Y  R     CLKINVX8      12 25.0   112   141     814    (-,-) 
  i_post_norm_mul/g88841/Y           -       A1->Y F     AOI22X1        1  3.1   249   224    1038    (-,-) 
  i_post_norm_mul/g88762/Y           -       B->Y  F     AND2X1         4  8.5   224   282    1320    (-,-) 
  i_post_norm_mul/g88565/Y           -       A1->Y F     OA22X1         1  3.6   112   294    1614    (-,-) 
  i_post_norm_mul/g88484/Y           -       B->Y  R     NAND2X2        2  4.8    80    96    1711    (-,-) 
  i_post_norm_mul/g88370/Y           -       A1->Y R     OA21X1         1  3.3    86   195    1906    (-,-) 
  i_post_norm_mul/g88339/Y           -       B->Y  F     NAND2X1        1  3.3   214   175    2080    (-,-) 
  i_post_norm_mul/g88271/Y           -       A1->Y R     AOI21X1        1  3.3   198   231    2311    (-,-) 
  i_post_norm_mul/g88228/Y           -       B->Y  F     NAND2X1        1  3.3   224   237    2548    (-,-) 
  i_post_norm_mul/g88205/Y           -       B0->Y R     OAI2BB1X1      1  3.2   118   180    2728    (-,-) 
  i_post_norm_mul/s_frac2a_reg[33]/D <<<     -     R     DFFHQX1        1    -     -     0    2728    (-,-) 
#-----------------------------------------------------------------------------------------------------------

