============================================================
  Generated by:           Genus(TM) Synthesis Solution 21.19-s055_1
  Generated on:           May 25 2026  07:38:06 am
  Module:                 multiplier32FP
  Operating conditions:   PVT_0P9V_125C 
  Operating conditions:   PVT_1P32V_0C 
  Interconnect mode:      global
  Area mode:              physical library
============================================================

Timing
--------

Clock Period 
-------------
clk   2841.0 


  Cost    Critical         Violating 
 Group   Path Slack  TNS     Paths   
-------------------------------------
clk             0.1   0.0          0 
default    No paths   0.0            
-------------------------------------
Total                 0.0          0 

Instance Count
--------------
Leaf Instance Count             4226 
Physical Instance count            0 
Sequential Instance Count        656 
Combinational Instance Count    3570 
Hierarchical Instance Count        4 

Area
----
Cell Area                          13220.694
Physical Cell Area                 0.000
Total Cell Area (Cell+Physical)    13220.694
Net Area                           5291.426
Total Area (Cell+Physical+Net)     18512.120

Max Fanout                         656 (clk)
Min Fanout                         0 (n_140)
Average Fanout                     2.4
Terms to net ratio                 3.3729
Terms to instance ratio            3.5549
Runtime                            731.229949 seconds
Elapsed Runtime                    734 seconds
Genus peak memory usage            1845.40 
Innovus peak memory usage          no_value 
Hostname                           localhost
