============================================================
  Generated by:           Genus(TM) Synthesis Solution 21.19-s055_1
  Generated on:           May 22 2026  03:22:59 pm
  Module:                 multiplier32FP
  Library domain:         worst
    Domain index:         0
    Technology library:   slow_vdd1v0 1.0
  Library domain:         best
    Domain index:         1
    Technology library:   fast_vdd1v2 1.0
  Operating conditions:   PVT_0P9V_125C 
  Operating conditions:   PVT_1P32V_0C 
  Interconnect mode:      global
  Area mode:              physical library
============================================================

     Instance         Module     Cell Count  Normalized Cell Area  Normalized Net Area   Normalized Total Area 
---------------------------------------------------------------------------------------------------------------
multiplier32FP                         3629             10588.000             4574.600               15162.600 
  i_mul_24        mul_24               1110              4618.000             1334.264                5952.264 
  i_post_norm_mul post_norm_mul        2280              5210.667             2843.935                8054.602 
  i_pre_norm_mul  pre_norm_mul           39               140.000               30.324                 170.324 
  u_fsm           fpu_fsm                34               109.333               36.196                 145.530 
