============================================================
  Generated by:           Genus(TM) Synthesis Solution 21.19-s055_1
  Generated on:           May 22 2026  03:22:59 pm
  Module:                 multiplier32FP
  Operating conditions:   PVT_0P9V_125C 
  Operating conditions:   PVT_1P32V_0C 
  Interconnect mode:      global
  Area mode:              physical library
============================================================

                                                Library 
   Gate     Instances    Area        Library     Domain 
--------------------------------------------------------
ADDFX1            143    733.590    slow_vdd1v0   worst 
ADDHX1             49    184.338    slow_vdd1v0   worst 
AND2X1            314    429.552    slow_vdd1v0   worst 
AND2X2             17     29.070    slow_vdd1v0   worst 
AND2X4              4     10.944    slow_vdd1v0   worst 
AND2X6              5     18.810    slow_vdd1v0   worst 
AND2X8              4     17.784    slow_vdd1v0   worst 
AND3X1              2      4.788    slow_vdd1v0   worst 
AND3X4              1      3.078    slow_vdd1v0   worst 
AND3XL             14     28.728    slow_vdd1v0   worst 
AND4X1             17     40.698    slow_vdd1v0   worst 
AND4X6              1      5.814    slow_vdd1v0   worst 
AO21X1             43    102.942    slow_vdd1v0   worst 
AO22X1             48    131.328    slow_vdd1v0   worst 
AOI211X1            2      4.788    slow_vdd1v0   worst 
AOI211X2           14     47.880    slow_vdd1v0   worst 
AOI21X1           168    287.280    slow_vdd1v0   worst 
AOI21X2             7     19.152    slow_vdd1v0   worst 
AOI221X2           17     75.582    slow_vdd1v0   worst 
AOI22X1           180    369.360    slow_vdd1v0   worst 
AOI22X2             2      7.524    slow_vdd1v0   worst 
AOI2BB1X1          35     71.820    slow_vdd1v0   worst 
AOI2BB1X2           1      3.078    slow_vdd1v0   worst 
AOI2BB2X1           2      6.840    slow_vdd1v0   worst 
AOI31X2             6     20.520    slow_vdd1v0   worst 
AOI33X4             1      9.234    slow_vdd1v0   worst 
BUFX2              12     20.520    slow_vdd1v0   worst 
BUFX6               1      3.078    slow_vdd1v0   worst 
BUFX8              37    139.194    slow_vdd1v0   worst 
CLKAND2X12          6     45.144    slow_vdd1v0   worst 
CLKAND2X8           1      5.814    slow_vdd1v0   worst 
CLKINVX16           1      5.472    slow_vdd1v0   worst 
CLKINVX4            2      3.420    slow_vdd1v0   worst 
CLKINVX6            6     14.364    slow_vdd1v0   worst 
CLKINVX8            1      3.078    slow_vdd1v0   worst 
CLKMX2X2            1      3.078    slow_vdd1v0   worst 
CLKMX2X3           22     90.288    slow_vdd1v0   worst 
CLKMX2X4            2      8.208    slow_vdd1v0   worst 
CLKXOR2X1          12     32.832    slow_vdd1v0   worst 
DFFHQX1           240   1313.280    slow_vdd1v0   worst 
DFFHQX2             1      6.840    slow_vdd1v0   worst 
DFFHQX4             2     16.416    slow_vdd1v0   worst 
DFFHQX8             2     18.468    slow_vdd1v0   worst 
DFFQX2              2     12.996    slow_vdd1v0   worst 
DFFQX4              2     14.364    slow_vdd1v0   worst 
DFFRHQX1           39    240.084    slow_vdd1v0   worst 
DFFRHQX4            1      9.576    slow_vdd1v0   worst 
DFFRX1              2     13.680    slow_vdd1v0   worst 
DFFRX2              3     22.572    slow_vdd1v0   worst 
DFFRX4              1      9.576    slow_vdd1v0   worst 
DFFX1               9     64.638    slow_vdd1v0   worst 
DFFX2              49    402.192    slow_vdd1v0   worst 
DFFX4              13    120.042    slow_vdd1v0   worst 
EDFFHQX1          288   2462.400    slow_vdd1v0   worst 
EDFFX2              1      9.234    slow_vdd1v0   worst 
INVX1             176    120.384    slow_vdd1v0   worst 
INVX2              40     41.040    slow_vdd1v0   worst 
INVX3               3      4.104    slow_vdd1v0   worst 
INVX6               1      2.394    slow_vdd1v0   worst 
INVX8               1      3.078    slow_vdd1v0   worst 
MDFFHQX4            1      9.234    slow_vdd1v0   worst 
MX2X1             139    332.766    slow_vdd1v0   worst 
MX3XL               1      4.788    slow_vdd1v0   worst 
MXI2X1              2      5.472    slow_vdd1v0   worst 
MXI2X2              9     40.014    slow_vdd1v0   worst 
NAND2BX1           32     43.776    slow_vdd1v0   worst 
NAND2BX2           13     31.122    slow_vdd1v0   worst 
NAND2BX4            2      7.524    slow_vdd1v0   worst 
NAND2X1            82     84.132    slow_vdd1v0   worst 
NAND2X2            87    148.770    slow_vdd1v0   worst 
NAND2X4             2      6.840    slow_vdd1v0   worst 
NAND3BX2            3      9.234    slow_vdd1v0   worst 
NAND3BX4            1      5.130    slow_vdd1v0   worst 
NAND3X2            13     35.568    slow_vdd1v0   worst 
NOR2BX1            74    101.232    slow_vdd1v0   worst 
NOR2BX2             3      8.208    slow_vdd1v0   worst 
NOR2BX4             1      3.762    slow_vdd1v0   worst 
NOR2X1             93     95.418    slow_vdd1v0   worst 
NOR2X2             32     54.720    slow_vdd1v0   worst 
NOR2X4              3      9.234    slow_vdd1v0   worst 
NOR3BX1             4      8.208    slow_vdd1v0   worst 
NOR3X1              6     10.260    slow_vdd1v0   worst 
NOR3X2              6     16.416    slow_vdd1v0   worst 
NOR3X4              1      5.130    slow_vdd1v0   worst 
NOR4X2             12     41.040    slow_vdd1v0   worst 
OA21X1             76    155.952    slow_vdd1v0   worst 
OA21X2              1      3.078    slow_vdd1v0   worst 
OA22X1            110    263.340    slow_vdd1v0   worst 
OAI211X4            1      6.498    slow_vdd1v0   worst 
OAI21X1           101    172.710    slow_vdd1v0   worst 
OAI21X2             5     15.390    slow_vdd1v0   worst 
OAI221X2            1      4.788    slow_vdd1v0   worst 
OAI221X4            1      7.866    slow_vdd1v0   worst 
OAI22X1            87    178.524    slow_vdd1v0   worst 
OAI22X2             3     10.260    slow_vdd1v0   worst 
OAI2BB1X1         183    312.930    slow_vdd1v0   worst 
OAI2BB1X2          19     58.482    slow_vdd1v0   worst 
OAI31X1             4      8.208    slow_vdd1v0   worst 
OAI31X2             5     18.810    slow_vdd1v0   worst 
OR2X1             174    238.032    slow_vdd1v0   worst 
OR2X2              26     44.460    slow_vdd1v0   worst 
OR2X4              13     35.568    slow_vdd1v0   worst 
OR2X6               2      7.524    slow_vdd1v0   worst 
OR3X1              34     69.768    slow_vdd1v0   worst 
OR3X2               1      2.394    slow_vdd1v0   worst 
OR4X1              42     86.184    slow_vdd1v0   worst 
XNOR2X1            41     98.154    slow_vdd1v0   worst 
--------------------------------------------------------
total            3629  10863.288                


                                          
     Type      Instances    Area   Area % 
------------------------------------------
sequential           656  4745.592   43.7 
inverter             231   197.334    1.8 
buffer                50   162.792    1.5 
logic               2692  5757.570   53.0 
physical_cells         0     0.000    0.0 
------------------------------------------
total               3629 10863.288  100.0 

