============================================================
  Generated by:           Genus(TM) Synthesis Solution 21.19-s055_1
  Generated on:           May 23 2026  03:58:01 pm
  Module:                 multiplier32FP
  Operating conditions:   PVT_0P9V_125C 
  Operating conditions:   PVT_1P32V_0C 
  Interconnect mode:      global
  Area mode:              physical library
============================================================

                                                Library 
   Gate     Instances    Area        Library     Domain 
--------------------------------------------------------
ADDFHX2            50    410.400    slow_vdd1v0   worst 
ADDFX1             12     61.560    slow_vdd1v0   worst 
ADDHX1             12     45.144    slow_vdd1v0   worst 
ADDHX2             18     92.340    slow_vdd1v0   worst 
ADDHX4              1      7.182    slow_vdd1v0   worst 
AND2X1             86    117.648    slow_vdd1v0   worst 
AND2X2             21     35.910    slow_vdd1v0   worst 
AND2X4             30     82.080    slow_vdd1v0   worst 
AND2X6             36    135.432    slow_vdd1v0   worst 
AND2X8              2      8.892    slow_vdd1v0   worst 
AND3X1              3      7.182    slow_vdd1v0   worst 
AND3X6              3     13.338    slow_vdd1v0   worst 
AND3XL              2      4.104    slow_vdd1v0   worst 
AND4X1              1      2.394    slow_vdd1v0   worst 
AO21X1             28     67.032    slow_vdd1v0   worst 
AO21X2              3      8.208    slow_vdd1v0   worst 
AO21X4              2      6.840    slow_vdd1v0   worst 
AO22X1             35     95.760    slow_vdd1v0   worst 
AO22X2              1      3.078    slow_vdd1v0   worst 
AO22X4              3     11.286    slow_vdd1v0   worst 
AOI211X2           11     37.620    slow_vdd1v0   worst 
AOI211X4           11     71.478    slow_vdd1v0   worst 
AOI21X1            14     23.940    slow_vdd1v0   worst 
AOI21X2           113    309.168    slow_vdd1v0   worst 
AOI21X4           108    554.040    slow_vdd1v0   worst 
AOI221X1            1      2.394    slow_vdd1v0   worst 
AOI221X2           21     93.366    slow_vdd1v0   worst 
AOI221X4           18    141.588    slow_vdd1v0   worst 
AOI222X2            6     32.832    slow_vdd1v0   worst 
AOI222X4           11    105.336    slow_vdd1v0   worst 
AOI22X1            13     26.676    slow_vdd1v0   worst 
AOI22X2            99    372.438    slow_vdd1v0   worst 
AOI22X4            36    221.616    slow_vdd1v0   worst 
AOI2BB1X1          15     30.780    slow_vdd1v0   worst 
AOI2BB1X2          49    150.822    slow_vdd1v0   worst 
AOI2BB1X4          70    287.280    slow_vdd1v0   worst 
AOI2BB1XL           1      2.052    slow_vdd1v0   worst 
AOI2BB2X2           7     35.910    slow_vdd1v0   worst 
AOI2BB2X4          16    120.384    slow_vdd1v0   worst 
AOI31X1             1      2.052    slow_vdd1v0   worst 
AOI31X2            11     37.620    slow_vdd1v0   worst 
AOI31X4             4     25.992    slow_vdd1v0   worst 
AOI32X2             2      8.892    slow_vdd1v0   worst 
AOI32X4             1      7.866    slow_vdd1v0   worst 
AOI33X4             1      9.234    slow_vdd1v0   worst 
BUFX2               4      6.840    slow_vdd1v0   worst 
BUFX3              11     22.572    slow_vdd1v0   worst 
BUFX6              35    107.730    slow_vdd1v0   worst 
BUFX8              37    139.194    slow_vdd1v0   worst 
CLKAND2X12         26    195.624    slow_vdd1v0   worst 
CLKAND2X2          55    112.860    slow_vdd1v0   worst 
CLKAND2X3          70    215.460    slow_vdd1v0   worst 
CLKAND2X4           8     27.360    slow_vdd1v0   worst 
CLKAND2X6         124    593.712    slow_vdd1v0   worst 
CLKAND2X8           2     11.628    slow_vdd1v0   worst 
CLKBUFX16           1      6.840    slow_vdd1v0   worst 
CLKBUFX20           1      8.208    slow_vdd1v0   worst 
CLKBUFX3            2      4.104    slow_vdd1v0   worst 
CLKBUFX4            1      2.394    slow_vdd1v0   worst 
CLKBUFX6            8     24.624    slow_vdd1v0   worst 
CLKBUFX8            1      3.762    slow_vdd1v0   worst 
CLKINVX12          39    160.056    slow_vdd1v0   worst 
CLKINVX16          16     87.552    slow_vdd1v0   worst 
CLKINVX2            3      4.104    slow_vdd1v0   worst 
CLKINVX20           2     12.996    slow_vdd1v0   worst 
CLKINVX3            6     10.260    slow_vdd1v0   worst 
CLKINVX4           74    126.540    slow_vdd1v0   worst 
CLKINVX6           49    117.306    slow_vdd1v0   worst 
CLKINVX8           29     89.262    slow_vdd1v0   worst 
CLKMX2X2           11     33.858    slow_vdd1v0   worst 
CLKMX2X3           23     94.392    slow_vdd1v0   worst 
CLKXOR2X1          35     95.760    slow_vdd1v0   worst 
DFFHQX1           154    842.688    slow_vdd1v0   worst 
DFFHQX2             8     54.720    slow_vdd1v0   worst 
DFFHQX4            30    246.240    slow_vdd1v0   worst 
DFFHQX8            46    424.764    slow_vdd1v0   worst 
DFFQX1              5     29.070    slow_vdd1v0   worst 
DFFQX2             22    142.956    slow_vdd1v0   worst 
DFFQX4              4     28.728    slow_vdd1v0   worst 
DFFQXL             19    103.968    slow_vdd1v0   worst 
DFFRHQX1           38    233.928    slow_vdd1v0   worst 
DFFRX1              1      6.840    slow_vdd1v0   worst 
DFFRX2              5     37.620    slow_vdd1v0   worst 
DFFTRX2             1      8.208    slow_vdd1v0   worst 
DFFX1              18    129.276    slow_vdd1v0   worst 
DFFX2               4     32.832    slow_vdd1v0   worst 
DFFX4              12    110.808    slow_vdd1v0   worst 
EDFFHQX1          142   1214.100    slow_vdd1v0   worst 
EDFFHQX2            4     35.568    slow_vdd1v0   worst 
EDFFHQX4            4     42.408    slow_vdd1v0   worst 
EDFFHQX8            7     81.396    slow_vdd1v0   worst 
EDFFX2              1      9.234    slow_vdd1v0   worst 
EDFFX4              6     65.664    slow_vdd1v0   worst 
INVX1             127     86.868    slow_vdd1v0   worst 
INVX12              3     12.312    slow_vdd1v0   worst 
INVX16              3     16.416    slow_vdd1v0   worst 
INVX2             119    122.094    slow_vdd1v0   worst 
INVX20              1      6.498    slow_vdd1v0   worst 
INVX3              77    105.336    slow_vdd1v0   worst 
INVX4               8     13.680    slow_vdd1v0   worst 
INVX6               2      4.788    slow_vdd1v0   worst 
INVX8               3      9.234    slow_vdd1v0   worst 
INVXL               1      0.684    slow_vdd1v0   worst 
MDFFHQX1           35    299.250    slow_vdd1v0   worst 
MDFFHQX4           89    821.826    slow_vdd1v0   worst 
MDFFHQX8            1     11.286    slow_vdd1v0   worst 
MX2X1              13     31.122    slow_vdd1v0   worst 
MX4X1               4     30.096    slow_vdd1v0   worst 
MXI2X2              1      4.446    slow_vdd1v0   worst 
MXI2X4             28    143.640    slow_vdd1v0   worst 
MXI2X6              2     10.260    slow_vdd1v0   worst 
NAND2BX1            8     10.944    slow_vdd1v0   worst 
NAND2BX2           14     33.516    slow_vdd1v0   worst 
NAND2BX4            9     33.858    slow_vdd1v0   worst 
NAND2X1            49     50.274    slow_vdd1v0   worst 
NAND2X2           139    237.690    slow_vdd1v0   worst 
NAND2X4           190    649.800    slow_vdd1v0   worst 
NAND2X6            64    306.432    slow_vdd1v0   worst 
NAND2X8            51    279.072    slow_vdd1v0   worst 
NAND3BX2            1      3.078    slow_vdd1v0   worst 
NAND3X2             4     10.944    slow_vdd1v0   worst 
NAND3X4             4     19.152    slow_vdd1v0   worst 
NAND3X6             2     14.364    slow_vdd1v0   worst 
NAND3X8             2     16.416    slow_vdd1v0   worst 
NAND4X6             1      8.550    slow_vdd1v0   worst 
NAND4X8             2     20.520    slow_vdd1v0   worst 
NOR2BX1            31     42.408    slow_vdd1v0   worst 
NOR2BX2            26     71.136    slow_vdd1v0   worst 
NOR2BX4            28    105.336    slow_vdd1v0   worst 
NOR2BXL             1      1.710    slow_vdd1v0   worst 
NOR2X1             76     77.976    slow_vdd1v0   worst 
NOR2X2            204    348.840    slow_vdd1v0   worst 
NOR2X4            282    867.996    slow_vdd1v0   worst 
NOR2X6            131    537.624    slow_vdd1v0   worst 
NOR2X8             60    328.320    slow_vdd1v0   worst 
NOR2XL              6      6.156    slow_vdd1v0   worst 
NOR3BX4             8     46.512    slow_vdd1v0   worst 
NOR3BXL             1      2.052    slow_vdd1v0   worst 
NOR3X1              4      6.840    slow_vdd1v0   worst 
NOR3X2              9     24.624    slow_vdd1v0   worst 
NOR3X4              8     41.040    slow_vdd1v0   worst 
NOR3X6              3     21.546    slow_vdd1v0   worst 
NOR3X8              7     62.244    slow_vdd1v0   worst 
NOR4BX2             1      4.788    slow_vdd1v0   worst 
NOR4X2              3     10.260    slow_vdd1v0   worst 
NOR4X4              3     19.494    slow_vdd1v0   worst 
NOR4X6              2     16.416    slow_vdd1v0   worst 
OA21X1             38     77.976    slow_vdd1v0   worst 
OA21X4              2      7.524    slow_vdd1v0   worst 
OA22X1             16     38.304    slow_vdd1v0   worst 
OA22X2              1      3.420    slow_vdd1v0   worst 
OA22X4              1      4.104    slow_vdd1v0   worst 
OAI211X2            2      8.208    slow_vdd1v0   worst 
OAI211X4            1      6.498    slow_vdd1v0   worst 
OAI21X1            24     41.040    slow_vdd1v0   worst 
OAI21X2            52    160.056    slow_vdd1v0   worst 
OAI21X4            99    474.012    slow_vdd1v0   worst 
OAI221X2            2      9.576    slow_vdd1v0   worst 
OAI221X4            4     31.464    slow_vdd1v0   worst 
OAI22X1             7     14.364    slow_vdd1v0   worst 
OAI22X2            31    106.020    slow_vdd1v0   worst 
OAI22X4            25    162.450    slow_vdd1v0   worst 
OAI2BB1X1          24     41.040    slow_vdd1v0   worst 
OAI2BB1X2          70    215.460    slow_vdd1v0   worst 
OAI2BB1X4          48    213.408    slow_vdd1v0   worst 
OAI2BB2X2           2     10.944    slow_vdd1v0   worst 
OAI2BB2X4           3     25.650    slow_vdd1v0   worst 
OAI31X1             1      2.052    slow_vdd1v0   worst 
OAI31X2             3     11.286    slow_vdd1v0   worst 
OAI31X4             2     13.680    slow_vdd1v0   worst 
OAI32X2             2      8.892    slow_vdd1v0   worst 
OR2X1              75    102.600    slow_vdd1v0   worst 
OR2X2              26     44.460    slow_vdd1v0   worst 
OR2X4              15     41.040    slow_vdd1v0   worst 
OR2X6              17     63.954    slow_vdd1v0   worst 
OR2X8               5     22.230    slow_vdd1v0   worst 
OR3X1              22     45.144    slow_vdd1v0   worst 
OR3X2               2      4.788    slow_vdd1v0   worst 
OR3X4               3      9.234    slow_vdd1v0   worst 
OR3X6               2      9.576    slow_vdd1v0   worst 
OR4X1              17     34.884    slow_vdd1v0   worst 
OR4X2               1      3.420    slow_vdd1v0   worst 
OR4X4               1      3.762    slow_vdd1v0   worst 
XNOR2X1            33     79.002    slow_vdd1v0   worst 
XNOR2X2            17     52.326    slow_vdd1v0   worst 
XNOR2X4             4     15.048    slow_vdd1v0   worst 
XOR2X2              7     23.940    slow_vdd1v0   worst 
XOR2X4              3     12.312    slow_vdd1v0   worst 
XOR3X1              4     30.096    slow_vdd1v0   worst 
--------------------------------------------------------
total            4858  18476.208                


                                          
     Type      Instances    Area   Area % 
------------------------------------------
sequential           656  5013.378   27.1 
inverter             562   985.986    5.3 
buffer               101   326.268    1.8 
logic               3539 12150.576   65.8 
physical_cells         0     0.000    0.0 
------------------------------------------
total               4858 18476.208  100.0 

