============================================================
  Generated by:           Genus(TM) Synthesis Solution 21.19-s055_1
  Generated on:           May 23 2026  03:58:01 pm
  Module:                 multiplier32FP
  Library domain:         worst
    Domain index:         0
    Technology library:   slow_vdd1v0 1.0
  Library domain:         best
    Domain index:         1
    Technology library:   fast_vdd1v2 1.0
  Operating conditions:   PVT_0P9V_125C 
  Operating conditions:   PVT_1P32V_0C 
  Interconnect mode:      global
  Area mode:              physical library
============================================================

     Instance         Module     Cell Count  Cell Area  Net Area   Total Area 
------------------------------------------------------------------------------
multiplier32FP                         4858  18476.208  5820.493    24296.701 
  i_mul_24        mul_24               2007   8842.068  2276.543    11118.611 
  i_post_norm_mul post_norm_mul        2525   8509.644  3056.753    11566.397 
  i_pre_norm_mul  pre_norm_mul          103    284.544    88.035      372.579 
  u_fsm           fpu_fsm                31    101.232    32.766      133.998 
