============================================================
  Generated by:           Genus(TM) Synthesis Solution 21.19-s055_1
  Generated on:           May 23 2026  03:58:01 pm
  Module:                 multiplier32FP
  Operating conditions:   PVT_0P9V_125C 
  Operating conditions:   PVT_1P32V_0C 
  Interconnect mode:      global
  Area mode:              physical library
============================================================


Path 1: VIOLATED (-985 ps) Setup Check with Pin i_mul_24/prod2_reg[3][1][15]/CK->D1
          Group: clk
     Startpoint: (R) i_mul_24/count_reg[0]/CK
          Clock: (R) clk
       Endpoint: (R) i_mul_24/prod2_reg[3][1][15]/D1
          Clock: (R) clk

                     Capture       Launch     
        Clock Edge:+    1600            0     
       Src Latency:+       0            0     
       Net Latency:+     100 (I)      100 (I) 
           Arrival:=    1700          100     
                                              
             Setup:-     218                  
       Uncertainty:-      50                  
     Required Time:=    1432                  
      Launch Clock:-     100                  
         Data Path:-    2317                  
             Slack:=    -985                  

#----------------------------------------------------------------------------------------------------------
#           Timing Point            Flags   Arc   Edge   Cell     Fanout Load Trans Delay Arrival Instance 
#                                                                        (fF)  (ps)  (ps)   (ps)  Location 
#----------------------------------------------------------------------------------------------------------
  i_mul_24/count_reg[0]/CK          -       -     R     (arrival)    656    -     0     0     100    (-,-) 
  i_mul_24/count_reg[0]/Q           -       CK->Q R     DFFX2          1  4.5    62   216     316    (-,-) 
  i_mul_24/fopt31/Y                 -       A->Y  R     CLKBUFX16      4 24.0    56   118     434    (-,-) 
  i_mul_24/fopt30/Y                 -       A->Y  F     CLKINVX8       6 18.8    82    71     505    (-,-) 
  i_mul_24/g8754__5526/Y            -       B->Y  R     NOR2X4         1  5.3    88    89     594    (-,-) 
  i_mul_24/g8722__4319/Y            -       A->Y  F     NOR2X6         1  8.6    68    83     677    (-,-) 
  i_mul_24/g8695/Y                  -       A->Y  R     CLKINVX16     12 32.2    64    66     743    (-,-) 
  i_mul_24/mul_195_46_g4046__3680/Y -       B->Y  F     NAND2X6        2  5.0    88    85     828    (-,-) 
  i_mul_24/mul_195_46_g3994__5477/S -       A->S  R     ADDHX1         1  3.3    86   251    1079    (-,-) 
  i_mul_24/mul_195_46_g4094__2802/Y -       B->Y  F     XOR2X2         3  9.1   144   262    1342    (-,-) 
  i_mul_24/mul_195_46_g4087__4319/Y -       A->Y  F     CLKAND2X3      1  5.8    67   170    1512    (-,-) 
  i_mul_24/mul_195_46_g3951__8428/Y -       B->Y  R     NOR2X8         2  7.8    73    73    1585    (-,-) 
  i_mul_24/mul_195_46_g3928__4733/Y -       B->Y  R     CLKAND2X6      2  9.2    51   122    1707    (-,-) 
  i_mul_24/mul_195_46_g3920__1705/Y -       B->Y  F     NOR2X8         2 10.2    65    56    1763    (-,-) 
  i_mul_24/mul_195_46_g3916__6783/Y -       B->Y  R     NOR2X8         2  7.8    73    72    1834    (-,-) 
  i_mul_24/mul_195_46_g3893__9315/Y -       B->Y  F     NAND2X8        1  5.8    85    86    1920    (-,-) 
  i_mul_24/mul_195_46_g3871__6783/Y -       A->Y  R     NAND2X8        2  8.8    51    65    1985    (-,-) 
  i_mul_24/mul_195_46_g3866__4319/Y -       A->Y  F     NAND2X8        2  7.0    96    91    2076    (-,-) 
  i_mul_24/mul_195_46_g3857__2346/Y -       A1->Y R     AOI21X4        1  3.3    73    99    2175    (-,-) 
  i_mul_24/mul_195_46_g3855__9945/Y -       S0->Y R     MXI2X4         4  8.8    64   242    2417    (-,-) 
  i_mul_24/prod2_reg[3][1][15]/D1   <<<     -     R     MDFFHQX1       4    -     -     0    2417    (-,-) 
#----------------------------------------------------------------------------------------------------------

