============================================================
  Generated by:           Genus(TM) Synthesis Solution 21.19-s055_1
  Generated on:           May 23 2026  03:58:01 pm
  Module:                 multiplier32FP
  Library domain:         worst
    Domain index:         0
    Technology library:   slow_vdd1v0 1.0
  Library domain:         best
    Domain index:         1
    Technology library:   fast_vdd1v2 1.0
  Operating conditions:   PVT_0P9V_125C 
  Operating conditions:   PVT_1P32V_0C 
  Interconnect mode:      global
  Area mode:              physical library
============================================================

Max_transition design rule (violation total = 882)
Pin                                     Slew           Max     Violation
--------------------------------------------------------------------------
i_post_norm_mul/g101211/A1               292           280            12
  --> Other violations on net                    290
i_post_norm_mul/g101188/A0               292           280            12
  --> Other violations on net                    290
i_post_norm_mul/g101186/A0               292           280            12
  --> Other violations on net                    290
i_post_norm_mul/g101191/A0               292           280            12
  --> Other violations on net                    290
i_post_norm_mul/g101194/A0               292           280            12
  --> Other violations on net                    290
i_post_norm_mul/g101199/A0               292           280            12
  --> Other violations on net                    290
i_post_norm_mul/g101200/A0               292           280            12
  --> Other violations on net                    290
i_post_norm_mul/g101210/A0               292           280            12
  --> Other violations on net                    290
i_post_norm_mul/g101213/A0               292           280            12
  --> Other violations on net                    290
i_post_norm_mul/g101218/A0N              292           280            12
  --> Other violations on net                    290
i_post_norm_mul/g101230/A0               292           280            12
  --> Other violations on net                    290
i_post_norm_mul/g101231/A0               292           280            12
  --> Other violations on net                    290
i_post_norm_mul/g101249/A0               292           280            12
  --> Other violations on net                    290
i_post_norm_mul/g101251/A0               292           280            12
  --> Other violations on net                    290
i_post_norm_mul/g101256/A0               292           280            12
  --> Other violations on net                    290
i_post_norm_mul/g101258/A0               292           280            12
  --> Other violations on net                    290
i_post_norm_mul/g101259/B0               292           280            12
  --> Other violations on net                    290
i_post_norm_mul/g101262/B1               292           280            12
  --> Other violations on net                    290
i_post_norm_mul/g101265/A0               292           280            12
  --> Other violations on net                    290
i_post_norm_mul/g101266/A0               292           280            12
  --> Other violations on net                    290
i_post_norm_mul/g101270/A0               292           280            12
  --> Other violations on net                    290
i_post_norm_mul/g101271/A0               292           280            12
  --> Other violations on net                    290
i_post_norm_mul/g101283/A                292           280            12
  --> Other violations on net                    290
i_post_norm_mul/g103899/A0N              292           280            12
  --> Other violations on net                    290
i_post_norm_mul/g101729/Y                292           280            12
  --> Other violations on net                    290
infinit_o_reg/D                          423           280           143
  --> Other violations on net                    143
g1974/Y                                  423           280           143
  --> Other violations on net                    143
i_post_norm_mul/g101458/B0               334           280            54
  --> Other violations on net                    54
i_post_norm_mul/g101763/Y                334           280            54
  --> Other violations on net                    54
i_post_norm_mul/g101780/B                314           280            34
  --> Other violations on net                    34
i_post_norm_mul/g101899/Y                314           280            34
  --> Other violations on net                    34
i_post_norm_mul/g101050/A0               312           280            32
  --> Other violations on net                    32
i_post_norm_mul/g101994/Y                312           280            32
  --> Other violations on net                    32
i_mul_24/g10906__5107/B                  294           280            14
  --> Other violations on net                    14
i_mul_24/g10991__4733/Y                  294           280            14
  --> Other violations on net                    14
i_post_norm_mul/g102287/A0               286           280             6
  --> Other violations on net                    12
i_post_norm_mul/g102389/A0N              286           280             6
  --> Other violations on net                    12
i_post_norm_mul/g103922/Y                286           280             6
  --> Other violations on net                    12
i_pre_norm_mul/g2708/B                   284           280             4
  --> Other violations on net                    4
i_pre_norm_mul/g2724/Y                   284           280             4
  --> Other violations on net                    4


Max_capacitance design rule: no violations.


Max_fanout design rule: no constraints.



