============================================================
  Generated by:           Genus(TM) Synthesis Solution 21.19-s055_1
  Generated on:           May 23 2026  03:58:01 pm
  Module:                 multiplier32FP
  Library domain:         worst
    Domain index:         0
    Technology library:   slow_vdd1v0 1.0
  Library domain:         best
    Domain index:         1
    Technology library:   fast_vdd1v2 1.0
  Operating conditions:   PVT_0P9V_125C 
  Operating conditions:   PVT_1P32V_0C 
  Interconnect mode:      global
  Area mode:              physical library
============================================================

     Instance         Module     Cell Count  Normalized Cell Area  Normalized Net Area   Normalized Total Area 
---------------------------------------------------------------------------------------------------------------
multiplier32FP                         4858             18008.000             5672.995               23680.995 
  i_mul_24        mul_24               2007              8618.000             2218.853               10836.853 
  i_post_norm_mul post_norm_mul        2525              8294.000             2979.292               11273.292 
  i_pre_norm_mul  pre_norm_mul          103               277.333               85.804                 363.138 
  u_fsm           fpu_fsm                31                98.667               31.936                 130.602 
