============================================================
  Generated by:           Genus(TM) Synthesis Solution 21.19-s055_1
  Generated on:           May 23 2026  04:50:29 pm
  Module:                 multiplier32FP
  Operating conditions:   PVT_0P9V_125C 
  Operating conditions:   PVT_1P32V_0C 
  Interconnect mode:      global
  Area mode:              physical library
============================================================


Path 1: VIOLATED (-1251 ps) Setup Check with Pin i_mul_24/prod2_reg[3][3][9]/CK->D1
          Group: clk
     Startpoint: (R) i_mul_24/count_reg[0]/CK
          Clock: (R) clk
       Endpoint: (R) i_mul_24/prod2_reg[3][3][9]/D1
          Clock: (R) clk

                     Capture       Launch     
        Clock Edge:+    1379            0     
       Src Latency:+       0            0     
       Net Latency:+     100 (I)      100 (I) 
           Arrival:=    1479          100     
                                              
             Setup:-     224                  
       Uncertainty:-      50                  
     Required Time:=    1205                  
      Launch Clock:-     100                  
         Data Path:-    2356                  
             Slack:=   -1251                  

#------------------------------------------------------------------------------------------------------------
#            Timing Point             Flags   Arc   Edge   Cell     Fanout Load Trans Delay Arrival Instance 
#                                                                          (fF)  (ps)  (ps)   (ps)  Location 
#------------------------------------------------------------------------------------------------------------
  i_mul_24/count_reg[0]/CK            -       -     R     (arrival)    656    -     0     0     100    (-,-) 
  i_mul_24/count_reg[0]/Q             -       CK->Q F     DFFHQX4        1  7.2    62   245     345    (-,-) 
  i_mul_24/fopt44/Y                   -       A->Y  R     CLKINVX12      2 15.7    47    52     397    (-,-) 
  i_mul_24/fopt11452/Y                -       A->Y  F     CLKINVX12      8 19.7    63    57     454    (-,-) 
  i_mul_24/g8776__6131/Y              -       S0->Y R     CLKMX2X3       1  9.3    94   232     686    (-,-) 
  i_mul_24/fopt11427/Y                -       A->Y  F     CLKINVX16      5 20.2    64    72     758    (-,-) 
  i_mul_24/mul_197_52_g3216/Y         -       A->Y  R     NOR2X8         2  5.0    57    75     833    (-,-) 
  i_mul_24/mul_197_52_g3183/S         -       A->S  R     ADDHX2         1  4.1    75   228    1060    (-,-) 
  i_mul_24/mul_197_52_cdnfadd_006_1/S -       A->S  F     ADDFHX1        1  3.7   115   336    1396    (-,-) 
  i_mul_24/mul_197_52_cdnfadd_006_2/S -       CI->S R     ADDFHX2        2  7.6   120   386    1782    (-,-) 
  i_mul_24/mul_197_52_g3143/Y         -       B->Y  R     OR2X6          2 10.0    53   139    1920    (-,-) 
  i_mul_24/mul_197_52_g3131/Y         -       A->Y  F     NAND2X8        1  5.8    82    87    2008    (-,-) 
  i_mul_24/mul_197_52_g3123/Y         -       B->Y  R     NOR2X8         1  6.1    66    74    2081    (-,-) 
  i_mul_24/mul_197_52_g3119/Y         -       B->Y  F     NOR2X8         2  6.4    55    55    2137    (-,-) 
  i_mul_24/mul_197_52_g3114/Y         -       A1->Y R     OAI21X4        1  3.3    75    76    2213    (-,-) 
  i_mul_24/mul_197_52_g3111/Y         -       S0->Y R     MXI2X4         4  8.8    64   243    2456    (-,-) 
  i_mul_24/prod2_reg[3][3][9]/D1      <<<     -     R     MDFFHQX4       4    -     -     0    2456    (-,-) 
#------------------------------------------------------------------------------------------------------------

