============================================================
  Generated by:           Genus(TM) Synthesis Solution 21.19-s055_1
  Generated on:           May 23 2026  04:50:29 pm
  Module:                 multiplier32FP
  Library domain:         worst
    Domain index:         0
    Technology library:   slow_vdd1v0 1.0
  Library domain:         best
    Domain index:         1
    Technology library:   fast_vdd1v2 1.0
  Operating conditions:   PVT_0P9V_125C 
  Operating conditions:   PVT_1P32V_0C 
  Interconnect mode:      global
  Area mode:              physical library
============================================================

     Instance         Module     Cell Count  Cell Area  Net Area   Total Area 
------------------------------------------------------------------------------
multiplier32FP                         4824  18596.592  5716.816    24313.408 
  i_mul_24        mul_24               1855   8191.242  2085.952    10277.194 
  i_post_norm_mul post_norm_mul        2604   9198.432  3099.896    12298.328 
  i_pre_norm_mul  pre_norm_mul          110    350.550    94.687      445.237 
  u_fsm           fpu_fsm                30    104.310    32.424      136.734 
