============================================================
  Generated by:           Genus(TM) Synthesis Solution 21.19-s055_1
  Generated on:           May 23 2026  04:50:29 pm
  Module:                 multiplier32FP
  Operating conditions:   PVT_0P9V_125C 
  Operating conditions:   PVT_1P32V_0C 
  Interconnect mode:      global
  Area mode:              physical library
============================================================

Timing
--------

Clock Period 
-------------
clk   1379.0 


  Cost    Critical               Violating 
 Group   Path Slack     TNS        Paths   
-------------------------------------------
clk         -1250.9   -444833.0        737 
default    No paths         0.0            
-------------------------------------------
Total                 -444833.0        737 

Instance Count
--------------
Leaf Instance Count             4824 
Physical Instance count            0 
Sequential Instance Count        656 
Combinational Instance Count    4168 
Hierarchical Instance Count        4 

Area
----
Cell Area                          18596.592
Physical Cell Area                 0.000
Total Cell Area (Cell+Physical)    18596.592
Net Area                           5716.816
Total Area (Cell+Physical+Net)     24313.408

Max Fanout                         656 (clk)
Min Fanout                         0 (n_185)
Average Fanout                     2.2
Terms to net ratio                 3.2212
Terms to instance ratio            3.3568
Runtime                            790.037953 seconds
Elapsed Runtime                    793 seconds
Genus peak memory usage            2211.63 
Innovus peak memory usage          no_value 
Hostname                           localhost
