============================================================
  Generated by:           Genus(TM) Synthesis Solution 21.19-s055_1
  Generated on:           May 23 2026  02:39:45 pm
  Module:                 multiplier32FP
  Operating conditions:   PVT_0P9V_125C 
  Operating conditions:   PVT_1P32V_0C 
  Interconnect mode:      global
  Area mode:              physical library
============================================================


Path 1: VIOLATED (-612 ps) Setup Check with Pin i_mul_24/prod2_reg[3][0][22]/CK->D
          Group: clk
     Startpoint: (R) i_mul_24/count_reg[1]/CK
          Clock: (R) clk
       Endpoint: (R) i_mul_24/prod2_reg[3][0][22]/D
          Clock: (R) clk

                     Capture       Launch     
        Clock Edge:+    2105            0     
       Src Latency:+       0            0     
       Net Latency:+     100 (I)      100 (I) 
           Arrival:=    2205          100     
                                              
             Setup:-     217                  
       Uncertainty:-      50                  
     Required Time:=    1938                  
      Launch Clock:-     100                  
         Data Path:-    2451                  
             Slack:=    -612                  

#------------------------------------------------------------------------------------------------------------------
#               Timing Point                Flags   Arc   Edge   Cell     Fanout Load Trans Delay Arrival Instance 
#                                                                                (fF)  (ps)  (ps)   (ps)  Location 
#------------------------------------------------------------------------------------------------------------------
  i_mul_24/count_reg[1]/CK                  -       -     R     (arrival)    656    -     0     0     100    (-,-) 
  i_mul_24/count_reg[1]/Q                   -       CK->Q F     DFFHQX4        7 19.5   141   287     387    (-,-) 
  i_mul_24/fopt36/Y                         -       A->Y  R     INVX12         9 24.8    76    92     479    (-,-) 
  i_mul_24/g7894__7098/Y                    -       S0->Y F     CLKMX2X3       2  7.2    92   228     708    (-,-) 
  i_mul_24/mul_194_38_g742/Y                -       A->Y  R     CLKINVX4       4 13.6    89    89     797    (-,-) 
  i_mul_24/mul_194_38_g741/Y                -       A->Y  F     CLKINVX4       3  7.3    69    80     877    (-,-) 
  i_mul_24/mul_194_38_g707__1881/Y          -       B->Y  F     CLKAND2X6      2  7.7    53   115     992    (-,-) 
  i_mul_24/mul_194_38_g690__2398/Y          -       B->Y  F     CLKAND2X6      2  6.9    50   106    1097    (-,-) 
  i_mul_24/mul_194_38_g681__9945/Y          -       B->Y  R     NOR2X4         1  3.7    67    65    1162    (-,-) 
  i_mul_24/mul_194_38_cdnfadd_003_0__5115/S -       CI->S R     ADDFHX2        2  7.2   116   319    1481    (-,-) 
  i_mul_24/mul_194_38_g673__6131/Y          -       B->Y  R     AND2X4         2  6.8    72   218    1698    (-,-) 
  i_mul_24/mul_194_38_g670__8246/Y          -       A->Y  F     NOR2X4         2  7.5    80    82    1780    (-,-) 
  i_mul_24/mul_194_38_g662__6783/Y          -       B->Y  R     NOR2X8         2  8.4    78    80    1860    (-,-) 
  i_mul_24/mul_194_38_g652__5107/Y          -       B->Y  F     NAND2X6        1  4.0    81    86    1946    (-,-) 
  i_mul_24/mul_194_38_g649__6417/Y          -       A->Y  F     CLKAND2X6      2  8.7    58   132    2078    (-,-) 
  i_mul_24/mul_194_38_g620__1705/Y          -       B->Y  R     NOR2X8         1  6.1    63    64    2142    (-,-) 
  i_mul_24/mul_194_38_g618__2802/Y          -       B->Y  F     NOR2X8         3  9.3    65    59    2201    (-,-) 
  i_mul_24/mul_194_38_g615__3680/Y          -       A1->Y R     OAI21X4        2  5.6   101    95    2296    (-,-) 
  i_mul_24/mul_194_38_g612__5526/Y          -       S0->Y R     MXI2X4         4  8.8    64   255    2551    (-,-) 
  i_mul_24/prod2_reg[3][0][22]/D            <<<     -     R     EDFFHQX1       4    -     -     0    2551    (-,-) 
#------------------------------------------------------------------------------------------------------------------

