============================================================
  Generated by:           Genus(TM) Synthesis Solution 21.19-s055_1
  Generated on:           May 23 2026  02:39:45 pm
  Module:                 multiplier32FP
  Library domain:         worst
    Domain index:         0
    Technology library:   slow_vdd1v0 1.0
  Library domain:         best
    Domain index:         1
    Technology library:   fast_vdd1v2 1.0
  Operating conditions:   PVT_0P9V_125C 
  Operating conditions:   PVT_1P32V_0C 
  Interconnect mode:      global
  Area mode:              physical library
============================================================

Max_transition design rule (violation total = 4615)
Pin                                    Slew           Max     Violation
-------------------------------------------------------------------------
i_post_norm_mul/g86645/A1               545           280           265
  --> Other violations on net                   530
i_post_norm_mul/g86522/B0               545           280           265
  --> Other violations on net                   530
i_post_norm_mul/g86792/Y                545           280           265
  --> Other violations on net                   530
i_post_norm_mul/g86635/A                409           280           129
  --> Other violations on net                   258
i_post_norm_mul/g86570/B0               409           280           129
  --> Other violations on net                   258
i_post_norm_mul/g86948/Y                409           280           129
  --> Other violations on net                   258
i_mul_24/g7798__9315/A                  447           280           167
  --> Other violations on net                   167
i_mul_24/g7876__6417/Y                  447           280           167
  --> Other violations on net                   167
i_post_norm_mul/g85610/B0               388           280           108
  --> Other violations on net                   108
i_post_norm_mul/g85685/Y                388           280           108
  --> Other violations on net                   108
i_post_norm_mul/g86166/A                352           280            72
  --> Other violations on net                   144
i_post_norm_mul/g85463/B0               352           280            72
  --> Other violations on net                   144
i_post_norm_mul/g86362/Y                352           280            72
  --> Other violations on net                   144
i_post_norm_mul/g87193/AN               385           280           105
  --> Other violations on net                   105
i_post_norm_mul/g87232/Y                385           280           105
  --> Other violations on net                   105
i_post_norm_mul/g85837/B                385           280           105
  --> Other violations on net                   105
i_post_norm_mul/g85890/Y                385           280           105
  --> Other violations on net                   105
i_post_norm_mul/g87155/B0               363           280            83
  --> Other violations on net                   83
i_post_norm_mul/g87214/Y                363           280            83
  --> Other violations on net                   83
i_post_norm_mul/g85611/B0               362           280            82
  --> Other violations on net                   82
i_post_norm_mul/g86361/Y                362           280            82
  --> Other violations on net                   82
i_post_norm_mul/g87228/A                361           280            81
  --> Other violations on net                   81
i_post_norm_mul/g87308/Y                361           280            81
  --> Other violations on net                   81
i_pre_norm_mul/g1507/B                  361           280            81
  --> Other violations on net                   81
i_pre_norm_mul/g1511/Y                  361           280            81
  --> Other violations on net                   81
i_pre_norm_mul/g1513/A                  360           280            80
  --> Other violations on net                   80
i_pre_norm_mul/g1516_0/Y                360           280            80
  --> Other violations on net                   80
i_post_norm_mul/g86016/A0N              360           280            80
  --> Other violations on net                   80
i_post_norm_mul/g86280/Y                360           280            80
  --> Other violations on net                   80
i_post_norm_mul/g86461/B1               359           280            79
  --> Other violations on net                   79
i_post_norm_mul/g86644/Y                359           280            79
  --> Other violations on net                   79
i_post_norm_mul/g86571/A                358           280            78
  --> Other violations on net                   78
i_post_norm_mul/g86672/Y                358           280            78
  --> Other violations on net                   78
i_post_norm_mul/g87022/B                287           280             7
  --> Other violations on net                   109
i_post_norm_mul/g86989/B                287           280             7
  --> Other violations on net                   109
i_post_norm_mul/g85798/A0               287           280             7
  --> Other violations on net                   109
i_post_norm_mul/g85781/A0               287           280             7
  --> Other violations on net                   109
i_post_norm_mul/g85776/A0               287           280             7
  --> Other violations on net                   109
i_post_norm_mul/g85775/A0               287           280             7
  --> Other violations on net                   109
i_post_norm_mul/g85774/A0               287           280             7
  --> Other violations on net                   109
i_post_norm_mul/g85715/A0               287           280             7
  --> Other violations on net                   109
i_post_norm_mul/g85642/B0               287           280             7
  --> Other violations on net                   109
i_post_norm_mul/g85487/A0               287           280             7
  --> Other violations on net                   109
i_post_norm_mul/g85480/B0               287           280             7
  --> Other violations on net                   109
i_post_norm_mul/g85461/A0               287           280             7
  --> Other violations on net                   109
i_post_norm_mul/g85460/B0               287           280             7
  --> Other violations on net                   109
i_post_norm_mul/g85437/B0               287           280             7
  --> Other violations on net                   109
i_post_norm_mul/g85439/B0               287           280             7
  --> Other violations on net                   109
i_post_norm_mul/g87036/A                287           280             7
  --> Other violations on net                   109
i_post_norm_mul/g87053/Y                287           280             7
  --> Other violations on net                   109
i_post_norm_mul/g85685/B1               330           280            50
  --> Other violations on net                   50
i_post_norm_mul/g85895/Y                330           280            50
  --> Other violations on net                   50
i_mul_24/g9444__5115/B                  315           280            35
  --> Other violations on net                   35
i_mul_24/g9454__6417/Y                  315           280            35
  --> Other violations on net                   35
i_mul_24/g9442__6131/B                  315           280            35
  --> Other violations on net                   35
i_mul_24/g9453__7410/Y                  315           280            35
  --> Other violations on net                   35
i_mul_24/g9443__1881/B                  315           280            35
  --> Other violations on net                   35
i_mul_24/g9452__1666/Y                  315           280            35
  --> Other violations on net                   35
i_mul_24/g9445__7482/B                  315           280            35
  --> Other violations on net                   35
i_mul_24/g9450__2883/Y                  315           280            35
  --> Other violations on net                   35
i_mul_24/g9447__6161/A                  314           280            34
  --> Other violations on net                   34
i_mul_24/g9466__1617/Y                  314           280            34
  --> Other violations on net                   34
i_mul_24/g9446__4733/A                  314           280            34
  --> Other violations on net                   34
i_mul_24/g9467__2802/Y                  314           280            34
  --> Other violations on net                   34
i_post_norm_mul/g86872/B0               312           280            32
  --> Other violations on net                   32
i_post_norm_mul/g87065/Y                312           280            32
  --> Other violations on net                   32
i_post_norm_mul/g86569/A0               312           280            32
  --> Other violations on net                   32
i_post_norm_mul/g86698/Y                312           280            32
  --> Other violations on net                   32
i_post_norm_mul/g85907/B                311           280            31
  --> Other violations on net                   31
i_post_norm_mul/g86068/Y                311           280            31
  --> Other violations on net                   31
i_post_norm_mul/g86465/B0               300           280            20
  --> Other violations on net                   20
i_post_norm_mul/g86769/Y                300           280            20
  --> Other violations on net                   20
i_post_norm_mul/g87167/B                290           280            10
  --> Other violations on net                   10
i_post_norm_mul/g87211/Y                290           280            10
  --> Other violations on net                   10
i_post_norm_mul/g86371/B0               289           280             9
  --> Other violations on net                   9
i_post_norm_mul/g86658/Y                289           280             9
  --> Other violations on net                   9
i_post_norm_mul/g86892/A                284           280             4
  --> Other violations on net                   14
i_post_norm_mul/g86899/A                284           280             4
  --> Other violations on net                   14
i_post_norm_mul/g86764/B0               284           280             4
  --> Other violations on net                   14
i_post_norm_mul/g86636/A0N              284           280             4
  --> Other violations on net                   14
i_post_norm_mul/g86902/Y                284           280             4
  --> Other violations on net                   14
i_post_norm_mul/g85483/A1               288           280             8
  --> Other violations on net                   8
i_post_norm_mul/g85613/Y                288           280             8
  --> Other violations on net                   8
i_post_norm_mul/g86455/A                283           280             3
  --> Other violations on net                   14
i_post_norm_mul/g86454/A                283           280             3
  --> Other violations on net                   14
i_post_norm_mul/g86464/A                283           280             3
  --> Other violations on net                   14
i_post_norm_mul/g86482/B0               283           280             3
  --> Other violations on net                   14
i_post_norm_mul/g87182/B                283           280             3
  --> Other violations on net                   14
i_post_norm_mul/g87200/Y                283           280             3
  --> Other violations on net                   14
i_post_norm_mul/g85463/A0               284           280             4
  --> Other violations on net                   4
i_post_norm_mul/g85555/Y                284           280             4
  --> Other violations on net                   4
i_post_norm_mul/g85583/B                282           280             2
  --> Other violations on net                   2
i_post_norm_mul/g85832/Y                282           280             2
  --> Other violations on net                   2


Max_capacitance design rule: no violations.


Max_fanout design rule: no constraints.



