============================================================
  Generated by:           Genus(TM) Synthesis Solution 21.19-s055_1
  Generated on:           May 26 2026  09:00:21 am
  Module:                 multiplier32FP
  Operating conditions:   PVT_0P9V_125C 
  Operating conditions:   PVT_1P32V_0C 
  Interconnect mode:      global
  Area mode:              physical library
============================================================

Timing
--------

Clock Period 
-------------
clk   2703.0 


  Cost    Critical            Violating 
 Group   Path Slack    TNS      Paths   
----------------------------------------
clk            -9.5   -193.3         37 
default    No paths      0.0            
----------------------------------------
Total                 -193.3         37 

Instance Count
--------------
Leaf Instance Count             4434 
Physical Instance count            0 
Sequential Instance Count        656 
Combinational Instance Count    3778 
Hierarchical Instance Count        4 

Area
----
Cell Area                          14183.082
Physical Cell Area                 0.000
Total Cell Area (Cell+Physical)    14183.082
Net Area                           5447.046
Total Area (Cell+Physical+Net)     19630.128

Max Fanout                         656 (clk)
Min Fanout                         0 (n_143)
Average Fanout                     2.3
Terms to net ratio                 3.3199
Terms to instance ratio            3.4853
Runtime                            739.3212309999999 seconds
Elapsed Runtime                    756 seconds
Genus peak memory usage            2194.32 
Innovus peak memory usage          no_value 
Hostname                           localhost
