============================================================
  Generated by:           Genus(TM) Synthesis Solution 21.19-s055_1
  Generated on:           May 26 2026  09:00:21 am
  Module:                 multiplier32FP
  Library domain:         worst
    Domain index:         0
    Technology library:   slow_vdd1v0 1.0
  Library domain:         best
    Domain index:         1
    Technology library:   fast_vdd1v2 1.0
  Operating conditions:   PVT_0P9V_125C 
  Operating conditions:   PVT_1P32V_0C 
  Interconnect mode:      global
  Area mode:              physical library
============================================================

     Instance         Module     Cell Count  Normalized Cell Area  Normalized Net Area   Normalized Total Area 
---------------------------------------------------------------------------------------------------------------
multiplier32FP                         4434             13823.667             5309.012               19132.679 
  i_mul_24        mul_24               1616              6758.667             1779.902                8538.569 
  i_post_norm_mul post_norm_mul        2526              6177.333             3086.436                9263.769 
  i_pre_norm_mul  pre_norm_mul           75               248.333               60.445                 308.778 
  u_fsm           fpu_fsm                34               109.333               36.196                 145.530 
