============================================================
  Generated by:           Genus(TM) Synthesis Solution 21.19-s055_1
  Generated on:           May 26 2026  09:00:21 am
  Module:                 multiplier32FP
  Operating conditions:   PVT_0P9V_125C 
  Operating conditions:   PVT_1P32V_0C 
  Interconnect mode:      global
  Area mode:              physical library
============================================================

                                                Library 
   Gate     Instances    Area        Library     Domain 
--------------------------------------------------------
ADDFHX1            24    180.576    slow_vdd1v0   worst 
ADDFHX2            45    369.360    slow_vdd1v0   worst 
ADDFHX4             2     19.152    slow_vdd1v0   worst 
ADDFX1             34    174.420    slow_vdd1v0   worst 
ADDHX1             13     48.906    slow_vdd1v0   worst 
ADDHX2              1      5.130    slow_vdd1v0   worst 
AND2X1            239    326.952    slow_vdd1v0   worst 
AND2X2             16     27.360    slow_vdd1v0   worst 
AND2X4             21     57.456    slow_vdd1v0   worst 
AND2X6              8     30.096    slow_vdd1v0   worst 
AND3X1              4      9.576    slow_vdd1v0   worst 
AND3X4              1      3.078    slow_vdd1v0   worst 
AND3X6              1      4.446    slow_vdd1v0   worst 
AND3XL              9     18.468    slow_vdd1v0   worst 
AND4X1             14     33.516    slow_vdd1v0   worst 
AND4X6              1      5.814    slow_vdd1v0   worst 
AO21X1             38     90.972    slow_vdd1v0   worst 
AO21X2              5     13.680    slow_vdd1v0   worst 
AO21X4              3     10.260    slow_vdd1v0   worst 
AO22X1             70    191.520    slow_vdd1v0   worst 
AOI211X1            5     11.970    slow_vdd1v0   worst 
AOI211X2           10     34.200    slow_vdd1v0   worst 
AOI21X1           127    217.170    slow_vdd1v0   worst 
AOI21X2            37    101.232    slow_vdd1v0   worst 
AOI21X4            54    277.020    slow_vdd1v0   worst 
AOI221X2           13     57.798    slow_vdd1v0   worst 
AOI221X4            4     31.464    slow_vdd1v0   worst 
AOI22X1           154    316.008    slow_vdd1v0   worst 
AOI22X2            28    105.336    slow_vdd1v0   worst 
AOI22X4            17    104.652    slow_vdd1v0   worst 
AOI2BB1X1          33     67.716    slow_vdd1v0   worst 
AOI2BB1X2           6     18.468    slow_vdd1v0   worst 
AOI2BB1X4          12     49.248    slow_vdd1v0   worst 
AOI2BB2X4           2     15.048    slow_vdd1v0   worst 
AOI31X2             8     27.360    slow_vdd1v0   worst 
AOI31X4             1      6.498    slow_vdd1v0   worst 
AOI32X4             1      7.866    slow_vdd1v0   worst 
BUFX12              3     15.390    slow_vdd1v0   worst 
BUFX2               2      3.420    slow_vdd1v0   worst 
BUFX3               5     10.260    slow_vdd1v0   worst 
BUFX4               2      4.788    slow_vdd1v0   worst 
BUFX6              62    190.836    slow_vdd1v0   worst 
BUFX8              37    139.194    slow_vdd1v0   worst 
CLKAND2X12         22    165.528    slow_vdd1v0   worst 
CLKAND2X2          33     67.716    slow_vdd1v0   worst 
CLKAND2X3          23     70.794    slow_vdd1v0   worst 
CLKAND2X4           5     17.100    slow_vdd1v0   worst 
CLKAND2X6          26    124.488    slow_vdd1v0   worst 
CLKAND2X8           2     11.628    slow_vdd1v0   worst 
CLKBUFX12           3     15.390    slow_vdd1v0   worst 
CLKBUFX16           4     27.360    slow_vdd1v0   worst 
CLKBUFX4            1      2.394    slow_vdd1v0   worst 
CLKINVX12          20     82.080    slow_vdd1v0   worst 
CLKINVX16           5     27.360    slow_vdd1v0   worst 
CLKINVX2            5      6.840    slow_vdd1v0   worst 
CLKINVX20           2     12.996    slow_vdd1v0   worst 
CLKINVX3            8     13.680    slow_vdd1v0   worst 
CLKINVX4           45     76.950    slow_vdd1v0   worst 
CLKINVX6           53    126.882    slow_vdd1v0   worst 
CLKINVX8           45    138.510    slow_vdd1v0   worst 
CLKMX2X2            3      9.234    slow_vdd1v0   worst 
CLKMX2X3           15     61.560    slow_vdd1v0   worst 
CLKXOR2X1          24     65.664    slow_vdd1v0   worst 
CLKXOR2X2           1      3.420    slow_vdd1v0   worst 
DFFHQX1           205   1121.760    slow_vdd1v0   worst 
DFFHQX2             5     34.200    slow_vdd1v0   worst 
DFFHQX4            12     98.496    slow_vdd1v0   worst 
DFFHQX8            16    147.744    slow_vdd1v0   worst 
DFFQX1              3     17.442    slow_vdd1v0   worst 
DFFQX2             15     97.470    slow_vdd1v0   worst 
DFFQX4             24    172.368    slow_vdd1v0   worst 
DFFQXL             12     65.664    slow_vdd1v0   worst 
DFFRHQX1           39    240.084    slow_vdd1v0   worst 
DFFRHQX4            1      9.576    slow_vdd1v0   worst 
DFFRX1              1      6.840    slow_vdd1v0   worst 
DFFRX2              3     22.572    slow_vdd1v0   worst 
DFFX1              14    100.548    slow_vdd1v0   worst 
DFFX2               8     65.664    slow_vdd1v0   worst 
DFFX4               9     83.106    slow_vdd1v0   worst 
EDFFHQX1          280   2394.000    slow_vdd1v0   worst 
INVX1             176    120.384    slow_vdd1v0   worst 
INVX12              3     12.312    slow_vdd1v0   worst 
INVX2              76     77.976    slow_vdd1v0   worst 
INVX3              39     53.352    slow_vdd1v0   worst 
INVX4               3      5.130    slow_vdd1v0   worst 
INVX6               8     19.152    slow_vdd1v0   worst 
INVX8               2      6.156    slow_vdd1v0   worst 
INVXL               1      0.684    slow_vdd1v0   worst 
MDFFHQX1            7     59.850    slow_vdd1v0   worst 
MDFFHQX4            2     18.468    slow_vdd1v0   worst 
MX2X1              54    129.276    slow_vdd1v0   worst 
MXI2X1              1      2.736    slow_vdd1v0   worst 
MXI2X2              3     13.338    slow_vdd1v0   worst 
MXI2X4              6     30.780    slow_vdd1v0   worst 
MXI2X6              2     10.260    slow_vdd1v0   worst 
NAND2BX1           23     31.464    slow_vdd1v0   worst 
NAND2BX2           11     26.334    slow_vdd1v0   worst 
NAND2BX4            5     18.810    slow_vdd1v0   worst 
NAND2X1            91     93.366    slow_vdd1v0   worst 
NAND2X2           105    179.550    slow_vdd1v0   worst 
NAND2X4            73    249.660    slow_vdd1v0   worst 
NAND2X6            18     86.184    slow_vdd1v0   worst 
NAND2X8            22    120.384    slow_vdd1v0   worst 
NAND3BX4            1      5.130    slow_vdd1v0   worst 
NAND3X2             5     13.680    slow_vdd1v0   worst 
NAND3X4             6     28.728    slow_vdd1v0   worst 
NAND3X6             1      7.182    slow_vdd1v0   worst 
NOR2BX1            79    108.072    slow_vdd1v0   worst 
NOR2BX2            36     98.496    slow_vdd1v0   worst 
NOR2BX4             1      3.762    slow_vdd1v0   worst 
NOR2X1            138    141.588    slow_vdd1v0   worst 
NOR2X2             89    152.190    slow_vdd1v0   worst 
NOR2X4             91    280.098    slow_vdd1v0   worst 
NOR2X6             32    131.328    slow_vdd1v0   worst 
NOR2X8             42    229.824    slow_vdd1v0   worst 
NOR2XL              1      1.026    slow_vdd1v0   worst 
NOR3BX1             3      6.156    slow_vdd1v0   worst 
NOR3BX2             1      3.420    slow_vdd1v0   worst 
NOR3X1              7     11.970    slow_vdd1v0   worst 
NOR3X2              1      2.736    slow_vdd1v0   worst 
NOR3X4              2     10.260    slow_vdd1v0   worst 
NOR3X6              1      7.182    slow_vdd1v0   worst 
NOR3X8              5     44.460    slow_vdd1v0   worst 
NOR4BX2             3     14.364    slow_vdd1v0   worst 
NOR4BX4             1      7.524    slow_vdd1v0   worst 
NOR4X2              7     23.940    slow_vdd1v0   worst 
NOR4X4              1      6.498    slow_vdd1v0   worst 
OA21X1             92    188.784    slow_vdd1v0   worst 
OA21X2              1      3.078    slow_vdd1v0   worst 
OA22X1            131    313.614    slow_vdd1v0   worst 
OA22X2              1      3.420    slow_vdd1v0   worst 
OA22X4              1      4.104    slow_vdd1v0   worst 
OAI211X2            1      4.104    slow_vdd1v0   worst 
OAI211X4            6     38.988    slow_vdd1v0   worst 
OAI21X1            64    109.440    slow_vdd1v0   worst 
OAI21X2            31     95.418    slow_vdd1v0   worst 
OAI21X4            39    186.732    slow_vdd1v0   worst 
OAI221X2            5     23.940    slow_vdd1v0   worst 
OAI221X4            2     15.732    slow_vdd1v0   worst 
OAI222X4            1      9.234    slow_vdd1v0   worst 
OAI22X1            52    106.704    slow_vdd1v0   worst 
OAI22X2             7     23.940    slow_vdd1v0   worst 
OAI2BB1X1         181    309.510    slow_vdd1v0   worst 
OAI2BB1X2          11     33.858    slow_vdd1v0   worst 
OAI2BB1X4           7     31.122    slow_vdd1v0   worst 
OAI2BB2X2           4     21.888    slow_vdd1v0   worst 
OAI31X1             5     10.260    slow_vdd1v0   worst 
OAI31X2             7     26.334    slow_vdd1v0   worst 
OAI32X2             4     17.784    slow_vdd1v0   worst 
OR2X1             126    172.368    slow_vdd1v0   worst 
OR2X2              31     53.010    slow_vdd1v0   worst 
OR2X4              14     38.304    slow_vdd1v0   worst 
OR2X6              24     90.288    slow_vdd1v0   worst 
OR2X8               1      4.446    slow_vdd1v0   worst 
OR3X1              38     77.976    slow_vdd1v0   worst 
OR3X2               3      7.182    slow_vdd1v0   worst 
OR4X1              40     82.080    slow_vdd1v0   worst 
OR4X2               1      3.420    slow_vdd1v0   worst 
XNOR2X1            50    119.700    slow_vdd1v0   worst 
XNOR2X2             4     12.312    slow_vdd1v0   worst 
--------------------------------------------------------
total            4434  14183.082                


                                          
     Type      Instances    Area   Area % 
------------------------------------------
sequential           656  4755.852   33.5 
inverter             491   780.444    5.5 
buffer               119   409.032    2.9 
logic               3168  8237.754   58.1 
physical_cells         0     0.000    0.0 
------------------------------------------
total               4434 14183.082  100.0 

