============================================================
  Generated by:           Genus(TM) Synthesis Solution 21.19-s055_1
  Generated on:           May 26 2026  09:00:21 am
  Module:                 multiplier32FP
  Library domain:         worst
    Domain index:         0
    Technology library:   slow_vdd1v0 1.0
  Library domain:         best
    Domain index:         1
    Technology library:   fast_vdd1v2 1.0
  Operating conditions:   PVT_0P9V_125C 
  Operating conditions:   PVT_1P32V_0C 
  Interconnect mode:      global
  Area mode:              physical library
============================================================

     Instance         Module     Cell Count  Cell Area  Net Area   Total Area 
------------------------------------------------------------------------------
multiplier32FP                         4434  14183.082  5447.046    19630.128 
  i_mul_24        mul_24               1616   6934.392  1826.180     8760.572 
  i_post_norm_mul post_norm_mul        2526   6337.944  3166.683     9504.627 
  i_pre_norm_mul  pre_norm_mul           75    254.790    62.016      316.806 
  u_fsm           fpu_fsm                34    112.176    37.137      149.313 
