============================================================
  Generated by:           Genus(TM) Synthesis Solution 21.19-s055_1
  Generated on:           May 26 2026  09:00:21 am
  Module:                 multiplier32FP
  Library domain:         worst
    Domain index:         0
    Technology library:   slow_vdd1v0 1.0
  Library domain:         best
    Domain index:         1
    Technology library:   fast_vdd1v2 1.0
  Operating conditions:   PVT_0P9V_125C 
  Operating conditions:   PVT_1P32V_0C 
  Interconnect mode:      global
  Area mode:              physical library
============================================================

Max_transition design rule (violation total = 141)
Pin                                          Slew           Max     Violation
-------------------------------------------------------------------------------
i_mul_24/g5998__2346/A                        313           280            33
  --> Other violations on net                         33
i_mul_24/g6103__2883/Y                        313           280            33
  --> Other violations on net                         33
i_post_norm_mul/g89476/A                      284           280             4
  --> Other violations on net                         38
i_post_norm_mul/g88341/A                      284           280             4
  --> Other violations on net                         38
i_post_norm_mul/g88310/A0N                    284           280             4
  --> Other violations on net                         38
i_post_norm_mul/g88444/A0                     284           280             4
  --> Other violations on net                         38
i_post_norm_mul/g88492/B                      284           280             4
  --> Other violations on net                         38
i_post_norm_mul/g88638/B0                     284           280             4
  --> Other violations on net                         38
i_post_norm_mul/g88750/B0                     284           280             4
  --> Other violations on net                         38
i_post_norm_mul/g88855/A                      284           280             4
  --> Other violations on net                         38
i_post_norm_mul/g89035/B0                     284           280             4
  --> Other violations on net                         38
i_post_norm_mul/g89384/A                      284           280             4
  --> Other violations on net                         38
i_post_norm_mul/g89393/A                      284           280             4
  --> Other violations on net                         38
i_post_norm_mul/g89509/Y                      284           280             4
  --> Other violations on net                         38
i_post_norm_mul/g89179/A                      284           280             4
  --> Other violations on net                         20
i_post_norm_mul/g88446/A0                     284           280             4
  --> Other violations on net                         20
i_post_norm_mul/g88412/A0                     284           280             4
  --> Other violations on net                         20
i_post_norm_mul/g88589/B0                     284           280             4
  --> Other violations on net                         20
i_post_norm_mul/g89118/A                      284           280             4
  --> Other violations on net                         20
i_post_norm_mul/g89204/Y                      284           280             4
  --> Other violations on net                         20
i_mul_24/mul_194_38_g634__5107/B              282           280             2
  --> Other violations on net                         5
i_mul_24/mul_194_38_g638/A                    282           280             2
  --> Other violations on net                         5
i_mul_24/mul_194_38_g639__5526/Y              282           280             2
  --> Other violations on net                         5
i_post_norm_mul/g89071/B0                     280           280             0
  --> Other violations on net                         1
i_post_norm_mul/g88447/A0                     280           280             0
  --> Other violations on net                         1
i_post_norm_mul/g89136/A                      280           280             0
  --> Other violations on net                         1
i_post_norm_mul/g89141/B                      280           280             0
  --> Other violations on net                         1
i_post_norm_mul/g89179/Y                      280           280             0
  --> Other violations on net                         1


Max_capacitance design rule: no violations.


Max_fanout design rule: no constraints.



