============================================================
  Generated by:           Genus(TM) Synthesis Solution 21.19-s055_1
  Generated on:           May 26 2026  09:00:21 am
  Module:                 multiplier32FP
  Operating conditions:   PVT_0P9V_125C 
  Operating conditions:   PVT_1P32V_0C 
  Interconnect mode:      global
  Area mode:              physical library
============================================================


Path 1: VIOLATED (-10 ps) Setup Check with Pin i_mul_24/prod2_reg[3][1][17]/CK->D
          Group: clk
     Startpoint: (R) i_mul_24/count_reg[1]/CK
          Clock: (R) clk
       Endpoint: (F) i_mul_24/prod2_reg[3][1][17]/D
          Clock: (R) clk

                     Capture       Launch     
        Clock Edge:+    2703            0     
       Src Latency:+       0            0     
       Net Latency:+     100 (I)      100 (I) 
           Arrival:=    2803          100     
                                              
             Setup:-     215                  
       Uncertainty:-      50                  
     Required Time:=    2537                  
      Launch Clock:-     100                  
         Data Path:-    2447                  
             Slack:=     -10                  

#------------------------------------------------------------------------------------------------------------------
#               Timing Point                Flags   Arc   Edge   Cell     Fanout Load Trans Delay Arrival Instance 
#                                                                                (fF)  (ps)  (ps)   (ps)  Location 
#------------------------------------------------------------------------------------------------------------------
  i_mul_24/count_reg[1]/CK                  -       -     R     (arrival)    656    -     0     0     100    (-,-) 
  i_mul_24/count_reg[1]/Q                   -       CK->Q F     DFFHQX4        1 10.1    81   255     355    (-,-) 
  i_mul_24/fopt6491/Y                       -       A->Y  R     CLKINVX20     20 54.8    83    84     439    (-,-) 
  i_mul_24/fopt6481/Y                       -       A->Y  F     CLKINVX4       2  8.9    78    82     521    (-,-) 
  i_mul_24/fopt6480/Y                       -       A->Y  R     CLKINVX8       2  7.6    41    53     574    (-,-) 
  i_mul_24/g6130__5115/Y                    -       A1->Y F     AOI21X4        1  5.8   132   111     686    (-,-) 
  i_mul_24/fopt6519/Y                       -       A->Y  R     CLKINVX8       5 20.3    82    94     779    (-,-) 
  i_mul_24/mul_195_46_g677__5526/Y          -       B->Y  F     NAND2X8        2  6.3    89    92     872    (-,-) 
  i_mul_24/mul_195_46_g655__5115/Y          -       B->Y  R     NOR2X4         2  8.0   117   109     981    (-,-) 
  i_mul_24/mul_195_46_g647__1705/Y          -       B->Y  F     NOR2X6         1  4.0    50    78    1058    (-,-) 
  i_mul_24/mul_195_46_cdnfadd_005_1__1705/S -       B->S  R     ADDFHX1        1  3.7   100   305    1363    (-,-) 
  i_mul_24/mul_195_46_cdnfadd_005_2__5122/S -       CI->S F     ADDFHX2        2  7.8   137   372    1735    (-,-) 
  i_mul_24/mul_195_46_g630__7410/Y          -       B->Y  R     NOR2X8         3 12.6   108   117    1852    (-,-) 
  i_mul_24/mul_195_46_g627__2883/Y          -       B->Y  F     NOR2X8         1  5.8    51    73    1925    (-,-) 
  i_mul_24/mul_195_46_g624__6161/Y          -       B->Y  R     NOR3X8         2  8.4   118   119    2044    (-,-) 
  i_mul_24/mul_195_46_g598__4319/Y          -       B->Y  F     NOR2X8         1  5.8    53    78    2121    (-,-) 
  i_mul_24/mul_195_46_g596__5107/Y          -       B->Y  R     NOR2X8         3 11.2    91    78    2199    (-,-) 
  i_mul_24/mul_195_46_g594__5477/Y          -       B->Y  F     NOR2X8         1  5.8    58    65    2264    (-,-) 
  i_mul_24/mul_195_46_g592__7410/Y          -       B->Y  R     NOR2X8         2  5.8    68    63    2327    (-,-) 
  i_mul_24/fopt6502/Y                       -       A->Y  R     BUFX6          1  4.5    32    98    2425    (-,-) 
  i_mul_24/mul_195_46_g589__2883/Y          -       A1->Y F     OAI21X4        4  8.4   175   122    2547    (-,-) 
  i_mul_24/prod2_reg[3][1][17]/D            <<<     -     F     EDFFHQX1       4    -     -     0    2547    (-,-) 
#------------------------------------------------------------------------------------------------------------------

