============================================================
  Generated by:           Genus(TM) Synthesis Solution 21.19-s055_1
  Generated on:           May 23 2026  05:17:23 pm
  Module:                 multiplier32FP
  Operating conditions:   PVT_0P9V_125C 
  Operating conditions:   PVT_1P32V_0C 
  Interconnect mode:      global
  Area mode:              physical library
============================================================


Path 1: VIOLATED (-1359 ps) Setup Check with Pin i_mul_24/prod2_reg[3][2][15]/CK->D
          Group: clk
     Startpoint: (R) i_mul_24/count_reg[0]/CK
          Clock: (R) clk
       Endpoint: (R) i_mul_24/prod2_reg[3][2][15]/D
          Clock: (R) clk

                     Capture       Launch     
        Clock Edge:+    1290            0     
       Src Latency:+       0            0     
       Net Latency:+     100 (I)      100 (I) 
           Arrival:=    1390          100     
                                              
             Setup:-     217                  
       Uncertainty:-      50                  
     Required Time:=    1123                  
      Launch Clock:-     100                  
         Data Path:-    2383                  
             Slack:=   -1359                  

#--------------------------------------------------------------------------------------------------------------------
#               Timing Point                 Flags    Arc   Edge   Cell     Fanout Load Trans Delay Arrival Instance 
#                                                                                  (fF)  (ps)  (ps)   (ps)  Location 
#--------------------------------------------------------------------------------------------------------------------
  i_mul_24/count_reg[0]/CK                   -       -      R     (arrival)    656    -     0     0     100    (-,-) 
  i_mul_24/count_reg[0]/Q                    -       CK->Q  F     DFFHQX4        1  4.3    44   235     335    (-,-) 
  i_mul_24/fopt29/Y                          -       A->Y   F     CLKBUFX16      9 25.1    66   106     440    (-,-) 
  i_mul_24/fopt19/Y                          -       A->Y   R     CLKINVX12      6 21.1    56    59     500    (-,-) 
  i_mul_24/g8809__1881/Y                     -       B->Y   R     CLKAND2X6      1  4.5    35   106     606    (-,-) 
  i_mul_24/g8770__1617/Y                     -       B0->Y  F     AOI21X4        1  5.8   129    50     656    (-,-) 
  i_mul_24/fopt11367/Y                       -       A->Y   R     CLKINVX8       7 22.1    86    95     751    (-,-) 
  i_mul_24/fopt11364/Y                       -       A->Y   F     CLKINVX8       2  7.2    49    63     814    (-,-) 
  i_mul_24/mul_196_46_g3202__6417/Y          -       A->Y   R     NOR2X4         1  3.7    67    75     889    (-,-) 
  i_mul_24/mul_196_46_cdnfadd_006_0__2802/CO -       CI->CO R     ADDFHX2        1  3.7    75   221    1110    (-,-) 
  i_mul_24/mul_196_46_cdnfadd_007_1__7098/S  -       CI->S  F     ADDFHX1        1  3.7   115   302    1412    (-,-) 
  i_mul_24/mul_196_46_cdnfadd_007_2__6131/S  -       CI->S  R     ADDFHX2        2  9.2   136   395    1807    (-,-) 
  i_mul_24/mul_196_46_g3152__7482/Y          -       B->Y   F     NOR2X8         3 10.9    74    95    1902    (-,-) 
  i_mul_24/mul_196_46_g3151/Y                -       A->Y   R     CLKINVX8       2  9.2    44    54    1956    (-,-) 
  i_mul_24/mul_196_46_g3131__3680/Y          -       B->Y   F     NAND2X8        1  5.1    76    71    2027    (-,-) 
  i_mul_24/mul_196_46_g3123__5107/Y          -       B->Y   R     NOR2X6         1  6.1    74    77    2104    (-,-) 
  i_mul_24/mul_196_46_g3119__7410/Y          -       B->Y   F     NOR2X8         2  6.4    55    59    2163    (-,-) 
  i_mul_24/mul_196_46_g3114__9945/Y          -       A1->Y  R     OAI21X4        1  3.3    75    76    2240    (-,-) 
  i_mul_24/mul_196_46_g3111__4733/Y          -       S0->Y  R     MXI2X4         4  8.8    64   243    2483    (-,-) 
  i_mul_24/prod2_reg[3][2][15]/D             <<<     -      R     EDFFHQX1       4    -     -     0    2483    (-,-) 
#--------------------------------------------------------------------------------------------------------------------

