============================================================
  Generated by:           Genus(TM) Synthesis Solution 21.19-s055_1
  Generated on:           May 23 2026  05:17:23 pm
  Module:                 multiplier32FP
  Library domain:         worst
    Domain index:         0
    Technology library:   slow_vdd1v0 1.0
  Library domain:         best
    Domain index:         1
    Technology library:   fast_vdd1v2 1.0
  Operating conditions:   PVT_0P9V_125C 
  Operating conditions:   PVT_1P32V_0C 
  Interconnect mode:      global
  Area mode:              physical library
============================================================

     Instance         Module     Cell Count  Cell Area  Net Area   Total Area 
------------------------------------------------------------------------------
multiplier32FP                         4782  18499.122  5695.567    24194.689 
  i_mul_24        mul_24               1806   8087.616  2043.132    10130.748 
  i_post_norm_mul post_norm_mul        2608   9202.194  3120.005    12322.199 
  i_pre_norm_mul  pre_norm_mul          110    347.130    94.687      441.817 
  u_fsm           fpu_fsm                32    113.544    33.146      146.690 
