============================================================
  Generated by:           Genus(TM) Synthesis Solution 21.19-s055_1
  Generated on:           May 25 2026  09:25:57 am
  Module:                 multiplier32FP
  Library domain:         worst
    Domain index:         0
    Technology library:   slow_vdd1v0 1.0
  Library domain:         best
    Domain index:         1
    Technology library:   fast_vdd1v2 1.0
  Operating conditions:   PVT_0P9V_125C 
  Operating conditions:   PVT_1P32V_0C 
  Interconnect mode:      global
  Area mode:              physical library
============================================================

     Instance         Module     Cell Count  Normalized Cell Area  Normalized Net Area   Normalized Total Area 
---------------------------------------------------------------------------------------------------------------
multiplier32FP                         4226             12985.667             5082.923               18068.590 
  i_mul_24        mul_24               1491              6239.333             1684.113                7923.447 
  i_post_norm_mul post_norm_mul        2451              5869.333             2963.287                8832.620 
  i_pre_norm_mul  pre_norm_mul           68               230.667               54.721                 285.387 
  u_fsm           fpu_fsm                34               109.333               36.196                 145.530 
