============================================================
  Generated by:           Genus(TM) Synthesis Solution 21.19-s055_1
  Generated on:           May 25 2026  09:25:57 am
  Module:                 multiplier32FP
  Library domain:         worst
    Domain index:         0
    Technology library:   slow_vdd1v0 1.0
  Library domain:         best
    Domain index:         1
    Technology library:   fast_vdd1v2 1.0
  Operating conditions:   PVT_0P9V_125C 
  Operating conditions:   PVT_1P32V_0C 
  Interconnect mode:      global
  Area mode:              physical library
============================================================

     Instance         Module     Cell Count  Cell Area  Net Area   Total Area 
------------------------------------------------------------------------------
multiplier32FP                         4226  13323.294  5215.079    18538.373 
  i_mul_24        mul_24               1491   6401.556  1727.900     8129.456 
  i_post_norm_mul post_norm_mul        2451   6021.936  3040.332     9062.268 
  i_pre_norm_mul  pre_norm_mul           68    236.664    56.143      292.807 
  u_fsm           fpu_fsm                34    112.176    37.137      149.313 
