============================================================
  Generated by:           Genus(TM) Synthesis Solution 21.19-s055_1
  Generated on:           May 25 2026  09:25:57 am
  Module:                 multiplier32FP
  Library domain:         worst
    Domain index:         0
    Technology library:   slow_vdd1v0 1.0
  Library domain:         best
    Domain index:         1
    Technology library:   fast_vdd1v2 1.0
  Operating conditions:   PVT_0P9V_125C 
  Operating conditions:   PVT_1P32V_0C 
  Interconnect mode:      global
  Area mode:              physical library
============================================================

Max_transition design rule (violation total = 34)
Pin                                    Slew           Max     Violation
-------------------------------------------------------------------------
i_post_norm_mul/g74269/A                281           280             1
  --> Other violations on net                   24
i_post_norm_mul/g73577/A1               281           280             1
  --> Other violations on net                   24
i_post_norm_mul/g73573/A1N              281           280             1
  --> Other violations on net                   24
i_post_norm_mul/g73580/B1               281           280             1
  --> Other violations on net                   24
i_post_norm_mul/g73640/A                281           280             1
  --> Other violations on net                   24
i_post_norm_mul/g73687/B1               281           280             1
  --> Other violations on net                   24
i_post_norm_mul/g73781/A1               281           280             1
  --> Other violations on net                   24
i_post_norm_mul/g73824/B1               281           280             1
  --> Other violations on net                   24
i_post_norm_mul/g73826/A1               281           280             1
  --> Other violations on net                   24
i_post_norm_mul/g73827/A1               281           280             1
  --> Other violations on net                   24
i_post_norm_mul/g73835/A1               281           280             1
  --> Other violations on net                   24
i_post_norm_mul/g73930/B1               281           280             1
  --> Other violations on net                   24
i_post_norm_mul/g73932/B1               281           280             1
  --> Other violations on net                   24
i_post_norm_mul/g74023/A1N              281           280             1
  --> Other violations on net                   24
i_post_norm_mul/g74025/A1N              281           280             1
  --> Other violations on net                   24
i_post_norm_mul/g74026/A1N              281           280             1
  --> Other violations on net                   24
i_post_norm_mul/g74027/A1N              281           280             1
  --> Other violations on net                   24
i_post_norm_mul/g74028/A1N              281           280             1
  --> Other violations on net                   24
i_post_norm_mul/g74029/A1N              281           280             1
  --> Other violations on net                   24
i_post_norm_mul/g74030/A1N              281           280             1
  --> Other violations on net                   24
i_post_norm_mul/g74031/A1N              281           280             1
  --> Other violations on net                   24
i_post_norm_mul/g74163/B1               281           280             1
  --> Other violations on net                   24
i_post_norm_mul/g74303/Y                281           280             1
  --> Other violations on net                   24
i_post_norm_mul/g73663/B1               284           280             4
  --> Other violations on net                   4
i_post_norm_mul/g73763/Y                284           280             4
  --> Other violations on net                   4


Max_capacitance design rule: no violations.


Max_fanout design rule: no constraints.



