============================================================
  Generated by:           Genus(TM) Synthesis Solution 21.19-s055_1
  Generated on:           May 25 2026  08:05:46 am
  Module:                 multiplier32FP
  Operating conditions:   PVT_0P9V_125C 
  Operating conditions:   PVT_1P32V_0C 
  Interconnect mode:      global
  Area mode:              physical library
============================================================

Timing
--------

Clock Period 
-------------
clk   2825.0 


  Cost    Critical         Violating 
 Group   Path Slack  TNS     Paths   
-------------------------------------
clk             0.1   0.0          0 
default    No paths   0.0            
-------------------------------------
Total                 0.0          0 

Instance Count
--------------
Leaf Instance Count             4223 
Physical Instance count            0 
Sequential Instance Count        656 
Combinational Instance Count    3567 
Hierarchical Instance Count        4 

Area
----
Cell Area                          13256.262
Physical Cell Area                 0.000
Total Cell Area (Cell+Physical)    13256.262
Net Area                           5285.154
Total Area (Cell+Physical+Net)     18541.416

Max Fanout                         656 (clk)
Min Fanout                         0 (n_142)
Average Fanout                     2.4
Terms to net ratio                 3.3760
Terms to instance ratio            3.5551
Runtime                            814.6416 seconds
Elapsed Runtime                    822 seconds
Genus peak memory usage            1851.65 
Innovus peak memory usage          no_value 
Hostname                           localhost
