============================================================
  Generated by:           Genus(TM) Synthesis Solution 21.19-s055_1
  Generated on:           May 25 2026  08:05:46 am
  Module:                 multiplier32FP
  Operating conditions:   PVT_0P9V_125C 
  Operating conditions:   PVT_1P32V_0C 
  Interconnect mode:      global
  Area mode:              physical library
============================================================

                                                Library 
   Gate     Instances    Area        Library     Domain 
--------------------------------------------------------
ADDFHX1            22    165.528    slow_vdd1v0   worst 
ADDFHX2            38    311.904    slow_vdd1v0   worst 
ADDFHX4             1      9.576    slow_vdd1v0   worst 
ADDFX1             45    230.850    slow_vdd1v0   worst 
ADDFX2              1      7.866    slow_vdd1v0   worst 
ADDHX1             23     86.526    slow_vdd1v0   worst 
ADDHX2              3     15.390    slow_vdd1v0   worst 
AND2X1            261    357.048    slow_vdd1v0   worst 
AND2X2             22     37.620    slow_vdd1v0   worst 
AND2X4              7     19.152    slow_vdd1v0   worst 
AND2X6              5     18.810    slow_vdd1v0   worst 
AND3X1              2      4.788    slow_vdd1v0   worst 
AND3X2              1      2.736    slow_vdd1v0   worst 
AND3X4              1      3.078    slow_vdd1v0   worst 
AND3X6              1      4.446    slow_vdd1v0   worst 
AND3XL             22     45.144    slow_vdd1v0   worst 
AND4X1              4      9.576    slow_vdd1v0   worst 
AND4X6              1      5.814    slow_vdd1v0   worst 
AO21X1             32     76.608    slow_vdd1v0   worst 
AO21X2              2      5.472    slow_vdd1v0   worst 
AO21X4              2      6.840    slow_vdd1v0   worst 
AO22X1             66    180.576    slow_vdd1v0   worst 
AOI211X1            4      9.576    slow_vdd1v0   worst 
AOI211X2           16     54.720    slow_vdd1v0   worst 
AOI21X1           150    256.500    slow_vdd1v0   worst 
AOI21X2            52    142.272    slow_vdd1v0   worst 
AOI21X4            40    205.200    slow_vdd1v0   worst 
AOI21XL             1      1.710    slow_vdd1v0   worst 
AOI221X2           13     57.798    slow_vdd1v0   worst 
AOI221X4            3     23.598    slow_vdd1v0   worst 
AOI222X2            2     10.944    slow_vdd1v0   worst 
AOI22X1           125    256.500    slow_vdd1v0   worst 
AOI22X2            15     56.430    slow_vdd1v0   worst 
AOI22X4            20    123.120    slow_vdd1v0   worst 
AOI2BB1X1          37     75.924    slow_vdd1v0   worst 
AOI2BB1X2           5     15.390    slow_vdd1v0   worst 
AOI2BB1X4           8     32.832    slow_vdd1v0   worst 
AOI2BB2X2           2     10.260    slow_vdd1v0   worst 
AOI2BB2X4           5     37.620    slow_vdd1v0   worst 
AOI31X2             8     27.360    slow_vdd1v0   worst 
AOI31X4             1      6.498    slow_vdd1v0   worst 
AOI32X2             1      4.446    slow_vdd1v0   worst 
BUFX12              1      5.130    slow_vdd1v0   worst 
BUFX2               3      5.130    slow_vdd1v0   worst 
BUFX3               5     10.260    slow_vdd1v0   worst 
BUFX6               5     15.390    slow_vdd1v0   worst 
BUFX8              37    139.194    slow_vdd1v0   worst 
CLKAND2X12         13     97.812    slow_vdd1v0   worst 
CLKAND2X2          35     71.820    slow_vdd1v0   worst 
CLKAND2X3          26     80.028    slow_vdd1v0   worst 
CLKAND2X6          34    162.792    slow_vdd1v0   worst 
CLKAND2X8           3     17.442    slow_vdd1v0   worst 
CLKBUFX12           4     20.520    slow_vdd1v0   worst 
CLKBUFX16           2     13.680    slow_vdd1v0   worst 
CLKBUFX2            1      1.710    slow_vdd1v0   worst 
CLKBUFX6            4     12.312    slow_vdd1v0   worst 
CLKINVX12          14     57.456    slow_vdd1v0   worst 
CLKINVX16           8     43.776    slow_vdd1v0   worst 
CLKINVX2            1      1.368    slow_vdd1v0   worst 
CLKINVX20           2     12.996    slow_vdd1v0   worst 
CLKINVX4           19     32.490    slow_vdd1v0   worst 
CLKINVX6           12     28.728    slow_vdd1v0   worst 
CLKINVX8           17     52.326    slow_vdd1v0   worst 
CLKMX2X2            3      9.234    slow_vdd1v0   worst 
CLKMX2X3            8     32.832    slow_vdd1v0   worst 
CLKXOR2X1          16     43.776    slow_vdd1v0   worst 
CLKXOR2X2           1      3.420    slow_vdd1v0   worst 
DFFHQX1           229   1253.088    slow_vdd1v0   worst 
DFFHQX4            10     82.080    slow_vdd1v0   worst 
DFFHQX8            16    147.744    slow_vdd1v0   worst 
DFFQX2             24    155.952    slow_vdd1v0   worst 
DFFQX4             13     93.366    slow_vdd1v0   worst 
DFFQXL              1      5.472    slow_vdd1v0   worst 
DFFRHQX1           39    240.084    slow_vdd1v0   worst 
DFFRHQX4            1      9.576    slow_vdd1v0   worst 
DFFRX1              1      6.840    slow_vdd1v0   worst 
DFFRX2              3     22.572    slow_vdd1v0   worst 
DFFTRX2             1      8.208    slow_vdd1v0   worst 
DFFX1              10     71.820    slow_vdd1v0   worst 
DFFX2              10     82.080    slow_vdd1v0   worst 
DFFX4               9     83.106    slow_vdd1v0   worst 
EDFFHQX1          273   2334.150    slow_vdd1v0   worst 
INVX1             184    125.856    slow_vdd1v0   worst 
INVX2              90     92.340    slow_vdd1v0   worst 
INVX3              30     41.040    slow_vdd1v0   worst 
INVX4               1      1.710    slow_vdd1v0   worst 
INVX6               2      4.788    slow_vdd1v0   worst 
INVX8               1      3.078    slow_vdd1v0   worst 
MDFFHQX1           11     94.050    slow_vdd1v0   worst 
MDFFHQX4            5     46.170    slow_vdd1v0   worst 
MX2X1              49    117.306    slow_vdd1v0   worst 
MX3XL               1      4.788    slow_vdd1v0   worst 
MXI2X1              1      2.736    slow_vdd1v0   worst 
MXI2X2              7     31.122    slow_vdd1v0   worst 
MXI2X4              6     30.780    slow_vdd1v0   worst 
MXI2X6              2     10.260    slow_vdd1v0   worst 
NAND2BX1           16     21.888    slow_vdd1v0   worst 
NAND2BX2           11     26.334    slow_vdd1v0   worst 
NAND2BX4            7     26.334    slow_vdd1v0   worst 
NAND2X1           119    122.094    slow_vdd1v0   worst 
NAND2X2            91    155.610    slow_vdd1v0   worst 
NAND2X4            59    201.780    slow_vdd1v0   worst 
NAND2X6            14     67.032    slow_vdd1v0   worst 
NAND2X8            17     93.024    slow_vdd1v0   worst 
NAND3BX2            2      6.156    slow_vdd1v0   worst 
NAND3BX4            2     10.260    slow_vdd1v0   worst 
NAND3X2             4     10.944    slow_vdd1v0   worst 
NAND3X4             2      9.576    slow_vdd1v0   worst 
NAND4X8             1     10.260    slow_vdd1v0   worst 
NOR2BX1            74    101.232    slow_vdd1v0   worst 
NOR2BX2            46    125.856    slow_vdd1v0   worst 
NOR2BX4             6     22.572    slow_vdd1v0   worst 
NOR2X1            122    125.172    slow_vdd1v0   worst 
NOR2X2             68    116.280    slow_vdd1v0   worst 
NOR2X4             69    212.382    slow_vdd1v0   worst 
NOR2X6             21     86.184    slow_vdd1v0   worst 
NOR2X8             21    114.912    slow_vdd1v0   worst 
NOR2XL              1      1.026    slow_vdd1v0   worst 
NOR3BX1             3      6.156    slow_vdd1v0   worst 
NOR3BX2             3     10.260    slow_vdd1v0   worst 
NOR3X1              9     15.390    slow_vdd1v0   worst 
NOR3X2              5     13.680    slow_vdd1v0   worst 
NOR3X4              1      5.130    slow_vdd1v0   worst 
NOR3X6              2     14.364    slow_vdd1v0   worst 
NOR3X8              4     35.568    slow_vdd1v0   worst 
NOR4BX4             1      7.524    slow_vdd1v0   worst 
NOR4X2              5     17.100    slow_vdd1v0   worst 
NOR4X4              1      6.498    slow_vdd1v0   worst 
OA21X1             88    180.576    slow_vdd1v0   worst 
OA21X2              5     15.390    slow_vdd1v0   worst 
OA22X1            170    406.980    slow_vdd1v0   worst 
OAI211X2            1      4.104    slow_vdd1v0   worst 
OAI211X4            2     12.996    slow_vdd1v0   worst 
OAI21X1            95    162.450    slow_vdd1v0   worst 
OAI21X2            29     89.262    slow_vdd1v0   worst 
OAI21X4            36    172.368    slow_vdd1v0   worst 
OAI22X1            78    160.056    slow_vdd1v0   worst 
OAI22X2             5     17.100    slow_vdd1v0   worst 
OAI2BB1X1         137    234.270    slow_vdd1v0   worst 
OAI2BB1X2           8     24.624    slow_vdd1v0   worst 
OAI2BB1X4           3     13.338    slow_vdd1v0   worst 
OAI31X1             4      8.208    slow_vdd1v0   worst 
OAI31X2             5     18.810    slow_vdd1v0   worst 
OAI32X2             2      8.892    slow_vdd1v0   worst 
OAI32X4             1      8.208    slow_vdd1v0   worst 
OR2X1             143    195.624    slow_vdd1v0   worst 
OR2X2              39     66.690    slow_vdd1v0   worst 
OR2X4              16     43.776    slow_vdd1v0   worst 
OR2X6              15     56.430    slow_vdd1v0   worst 
OR2X8               2      8.892    slow_vdd1v0   worst 
OR3X1              42     86.184    slow_vdd1v0   worst 
OR3X2               3      7.182    slow_vdd1v0   worst 
OR3X4               1      3.078    slow_vdd1v0   worst 
OR4X1              46     94.392    slow_vdd1v0   worst 
OR4X2               1      3.420    slow_vdd1v0   worst 
OR4X4               1      3.762    slow_vdd1v0   worst 
XNOR2X1            53    126.882    slow_vdd1v0   worst 
XNOR2X2             5     15.390    slow_vdd1v0   worst 
XOR2X2              6     20.520    slow_vdd1v0   worst 
--------------------------------------------------------
total            4223  13256.262                


                                          
     Type      Instances    Area   Area % 
------------------------------------------
sequential           656  4736.358   35.7 
inverter             381   497.952    3.8 
buffer                62   223.326    1.7 
logic               3124  7798.626   58.8 
physical_cells         0     0.000    0.0 
------------------------------------------
total               4223 13256.262  100.0 

