============================================================
  Generated by:           Genus(TM) Synthesis Solution 21.19-s055_1
  Generated on:           May 23 2026  04:50:29 pm
  Module:                 multiplier32FP
  Library domain:         worst
    Domain index:         0
    Technology library:   slow_vdd1v0 1.0
  Library domain:         best
    Domain index:         1
    Technology library:   fast_vdd1v2 1.0
  Operating conditions:   PVT_0P9V_125C 
  Operating conditions:   PVT_1P32V_0C 
  Interconnect mode:      global
  Area mode:              physical library
============================================================

     Instance         Module     Cell Count  Normalized Cell Area  Normalized Net Area   Normalized Total Area 
---------------------------------------------------------------------------------------------------------------
multiplier32FP                         4824             18125.333             5571.945               23697.278 
  i_mul_24        mul_24               1855              7983.667             2033.092               10016.758 
  i_post_norm_mul post_norm_mul        2604              8965.333             3021.342               11986.675 
  i_pre_norm_mul  pre_norm_mul          110               341.667               92.288                 433.954 
  u_fsm           fpu_fsm                30               101.667               31.602                 133.269 
