============================================================
  Generated by:           Genus(TM) Synthesis Solution 21.19-s055_1
  Generated on:           May 23 2026  04:50:29 pm
  Module:                 multiplier32FP
  Operating conditions:   PVT_0P9V_125C 
  Operating conditions:   PVT_1P32V_0C 
  Interconnect mode:      global
  Area mode:              physical library
============================================================

                                                Library 
   Gate     Instances    Area        Library     Domain 
--------------------------------------------------------
ADDFHX1            16    120.384    slow_vdd1v0   worst 
ADDFHX2            69    566.352    slow_vdd1v0   worst 
ADDFX1             13     66.690    slow_vdd1v0   worst 
ADDHX1              3     11.286    slow_vdd1v0   worst 
ADDHX2              6     30.780    slow_vdd1v0   worst 
AND2X1            100    136.800    slow_vdd1v0   worst 
AND2X2             11     18.810    slow_vdd1v0   worst 
AND2X4             20     54.720    slow_vdd1v0   worst 
AND2X6             19     71.478    slow_vdd1v0   worst 
AND2X8              1      4.446    slow_vdd1v0   worst 
AND3X4              1      3.078    slow_vdd1v0   worst 
AND3X6              3     13.338    slow_vdd1v0   worst 
AND3XL              4      8.208    slow_vdd1v0   worst 
AND4X1              1      2.394    slow_vdd1v0   worst 
AO21X1             12     28.728    slow_vdd1v0   worst 
AO21X2              3      8.208    slow_vdd1v0   worst 
AO21X4              5     17.100    slow_vdd1v0   worst 
AO22X1             33     90.288    slow_vdd1v0   worst 
AO22X4              3     11.286    slow_vdd1v0   worst 
AOI211X1            1      2.394    slow_vdd1v0   worst 
AOI211X2            7     23.940    slow_vdd1v0   worst 
AOI211X4           16    103.968    slow_vdd1v0   worst 
AOI21X1            53     90.630    slow_vdd1v0   worst 
AOI21X2            93    254.448    slow_vdd1v0   worst 
AOI21X4            87    446.310    slow_vdd1v0   worst 
AOI221X2            8     35.568    slow_vdd1v0   worst 
AOI221X4           31    243.846    slow_vdd1v0   worst 
AOI222X2            2     10.944    slow_vdd1v0   worst 
AOI222X4            8     76.608    slow_vdd1v0   worst 
AOI22X1            13     26.676    slow_vdd1v0   worst 
AOI22X2           104    391.248    slow_vdd1v0   worst 
AOI22X4            54    332.424    slow_vdd1v0   worst 
AOI2BB1X1          11     22.572    slow_vdd1v0   worst 
AOI2BB1X2          33    101.574    slow_vdd1v0   worst 
AOI2BB1X4          80    328.320    slow_vdd1v0   worst 
AOI2BB2X2          10     51.300    slow_vdd1v0   worst 
AOI2BB2X4          15    112.860    slow_vdd1v0   worst 
AOI31X2             5     17.100    slow_vdd1v0   worst 
AOI31X4             2     12.996    slow_vdd1v0   worst 
AOI32X2             1      4.446    slow_vdd1v0   worst 
AOI32X4             2     15.732    slow_vdd1v0   worst 
BUFX3              11     22.572    slow_vdd1v0   worst 
BUFX4               1      2.394    slow_vdd1v0   worst 
BUFX6              68    209.304    slow_vdd1v0   worst 
BUFX8              37    139.194    slow_vdd1v0   worst 
CLKAND2X12         31    233.244    slow_vdd1v0   worst 
CLKAND2X2          60    123.120    slow_vdd1v0   worst 
CLKAND2X3          63    193.914    slow_vdd1v0   worst 
CLKAND2X4           1      3.420    slow_vdd1v0   worst 
CLKAND2X6          97    464.436    slow_vdd1v0   worst 
CLKAND2X8           2     11.628    slow_vdd1v0   worst 
CLKBUFX12           4     20.520    slow_vdd1v0   worst 
CLKBUFX16          10     68.400    slow_vdd1v0   worst 
CLKBUFX20           3     24.624    slow_vdd1v0   worst 
CLKBUFX4            3      7.182    slow_vdd1v0   worst 
CLKBUFX6            1      3.078    slow_vdd1v0   worst 
CLKINVX12          39    160.056    slow_vdd1v0   worst 
CLKINVX16          16     87.552    slow_vdd1v0   worst 
CLKINVX2            5      6.840    slow_vdd1v0   worst 
CLKINVX20           2     12.996    slow_vdd1v0   worst 
CLKINVX3            9     15.390    slow_vdd1v0   worst 
CLKINVX4           83    141.930    slow_vdd1v0   worst 
CLKINVX6           79    189.126    slow_vdd1v0   worst 
CLKINVX8           33    101.574    slow_vdd1v0   worst 
CLKMX2X2            8     24.624    slow_vdd1v0   worst 
CLKMX2X3           42    172.368    slow_vdd1v0   worst 
CLKXOR2X1          24     65.664    slow_vdd1v0   worst 
CLKXOR2X2           2      6.840    slow_vdd1v0   worst 
DFFHQX1           146    798.912    slow_vdd1v0   worst 
DFFHQX2            10     68.400    slow_vdd1v0   worst 
DFFHQX4            71    582.768    slow_vdd1v0   worst 
DFFHQX8            54    498.636    slow_vdd1v0   worst 
DFFQX2              4     25.992    slow_vdd1v0   worst 
DFFQXL             15     82.080    slow_vdd1v0   worst 
DFFRHQX1           38    233.928    slow_vdd1v0   worst 
DFFRX1              2     13.680    slow_vdd1v0   worst 
DFFRX2              4     30.096    slow_vdd1v0   worst 
DFFX1              22    158.004    slow_vdd1v0   worst 
DFFX2               1      8.208    slow_vdd1v0   worst 
EDFFHQX1          165   1410.750    slow_vdd1v0   worst 
EDFFHQX2            4     35.568    slow_vdd1v0   worst 
EDFFHQX4            1     10.602    slow_vdd1v0   worst 
EDFFHQX8            1     11.628    slow_vdd1v0   worst 
INVX1             132     90.288    slow_vdd1v0   worst 
INVX12              5     20.520    slow_vdd1v0   worst 
INVX16              2     10.944    slow_vdd1v0   worst 
INVX2             113    115.938    slow_vdd1v0   worst 
INVX20              1      6.498    slow_vdd1v0   worst 
INVX3              81    110.808    slow_vdd1v0   worst 
INVX4              11     18.810    slow_vdd1v0   worst 
INVX6               7     16.758    slow_vdd1v0   worst 
INVX8               5     15.390    slow_vdd1v0   worst 
INVXL               2      1.368    slow_vdd1v0   worst 
MDFFHQX1           13    111.150    slow_vdd1v0   worst 
MDFFHQX2            4     36.936    slow_vdd1v0   worst 
MDFFHQX4          101    932.634    slow_vdd1v0   worst 
MX2X1              12     28.728    slow_vdd1v0   worst 
MXI2X1              1      2.736    slow_vdd1v0   worst 
MXI2X2              6     26.676    slow_vdd1v0   worst 
MXI2X4             16     82.080    slow_vdd1v0   worst 
MXI2X6              1      5.130    slow_vdd1v0   worst 
NAND2BX1            6      8.208    slow_vdd1v0   worst 
NAND2BX2           20     47.880    slow_vdd1v0   worst 
NAND2BX4           17     63.954    slow_vdd1v0   worst 
NAND2X1            67     68.742    slow_vdd1v0   worst 
NAND2X2           137    234.270    slow_vdd1v0   worst 
NAND2X4           202    690.840    slow_vdd1v0   worst 
NAND2X6            95    454.860    slow_vdd1v0   worst 
NAND2X8            20    109.440    slow_vdd1v0   worst 
NAND2XL             1      1.026    slow_vdd1v0   worst 
NAND3BX2            1      3.078    slow_vdd1v0   worst 
NAND3X2             4     10.944    slow_vdd1v0   worst 
NAND3X4            16     76.608    slow_vdd1v0   worst 
NAND3X6             1      7.182    slow_vdd1v0   worst 
NAND4X8             2     20.520    slow_vdd1v0   worst 
NOR2BX1            26     35.568    slow_vdd1v0   worst 
NOR2BX2            33     90.288    slow_vdd1v0   worst 
NOR2BX4            11     41.382    slow_vdd1v0   worst 
NOR2X1             85     87.210    slow_vdd1v0   worst 
NOR2X2            216    369.360    slow_vdd1v0   worst 
NOR2X4            268    824.904    slow_vdd1v0   worst 
NOR2X6            139    570.456    slow_vdd1v0   worst 
NOR2X8             67    366.624    slow_vdd1v0   worst 
NOR2XL              3      3.078    slow_vdd1v0   worst 
NOR3BX2             5     17.100    slow_vdd1v0   worst 
NOR3BX4             1      5.814    slow_vdd1v0   worst 
NOR3X1              3      5.130    slow_vdd1v0   worst 
NOR3X2             12     32.832    slow_vdd1v0   worst 
NOR3X4              5     25.650    slow_vdd1v0   worst 
NOR3X6             12     86.184    slow_vdd1v0   worst 
NOR3X8              1      8.892    slow_vdd1v0   worst 
NOR4X2              7     23.940    slow_vdd1v0   worst 
NOR4X4              1      6.498    slow_vdd1v0   worst 
NOR4X6              1      8.208    slow_vdd1v0   worst 
OA21X1             25     51.300    slow_vdd1v0   worst 
OA21X2              1      3.078    slow_vdd1v0   worst 
OA21X4              4     15.048    slow_vdd1v0   worst 
OA22X1              6     14.364    slow_vdd1v0   worst 
OA22X4              3     12.312    slow_vdd1v0   worst 
OAI211X2            1      4.104    slow_vdd1v0   worst 
OAI211X4            6     38.988    slow_vdd1v0   worst 
OAI21X1            11     18.810    slow_vdd1v0   worst 
OAI21X2            85    261.630    slow_vdd1v0   worst 
OAI21X4           111    531.468    slow_vdd1v0   worst 
OAI221X4            1      7.866    slow_vdd1v0   worst 
OAI22X1             3      6.156    slow_vdd1v0   worst 
OAI22X2            17     58.140    slow_vdd1v0   worst 
OAI22X4            25    162.450    slow_vdd1v0   worst 
OAI2BB1X1          20     34.200    slow_vdd1v0   worst 
OAI2BB1X2          41    126.198    slow_vdd1v0   worst 
OAI2BB1X4          57    253.422    slow_vdd1v0   worst 
OAI2BB2X2           2     10.944    slow_vdd1v0   worst 
OAI2BB2X4           7     59.850    slow_vdd1v0   worst 
OAI31X2             6     22.572    slow_vdd1v0   worst 
OAI31X4            11     75.240    slow_vdd1v0   worst 
OR2X1              59     80.712    slow_vdd1v0   worst 
OR2X2               7     11.970    slow_vdd1v0   worst 
OR2X4              10     27.360    slow_vdd1v0   worst 
OR2X6              18     67.716    slow_vdd1v0   worst 
OR2X8               1      4.446    slow_vdd1v0   worst 
OR3X1               6     12.312    slow_vdd1v0   worst 
OR3X2               1      2.394    slow_vdd1v0   worst 
OR4X1               6     12.312    slow_vdd1v0   worst 
XNOR2X1            29     69.426    slow_vdd1v0   worst 
XNOR2X2            10     30.780    slow_vdd1v0   worst 
XNOR2X4             1      3.762    slow_vdd1v0   worst 
XOR2X2              4     13.680    slow_vdd1v0   worst 
--------------------------------------------------------
total            4824  18596.592                


                                          
     Type      Instances    Area   Area % 
------------------------------------------
sequential           656  5049.972   27.2 
inverter             625  1122.786    6.0 
buffer               138   497.268    2.7 
logic               3405 11926.566   64.1 
physical_cells         0     0.000    0.0 
------------------------------------------
total               4824 18596.592  100.0 

