============================================================
  Generated by:           Genus(TM) Synthesis Solution 21.19-s055_1
  Generated on:           May 23 2026  04:50:29 pm
  Module:                 multiplier32FP
  Library domain:         worst
    Domain index:         0
    Technology library:   slow_vdd1v0 1.0
  Library domain:         best
    Domain index:         1
    Technology library:   fast_vdd1v2 1.0
  Operating conditions:   PVT_0P9V_125C 
  Operating conditions:   PVT_1P32V_0C 
  Interconnect mode:      global
  Area mode:              physical library
============================================================

Max_transition design rule (violation total = 521)
Pin                                    Slew           Max     Violation
-------------------------------------------------------------------------
i_post_norm_mul/g92480/A0               390           280           110
  --> Other violations on net                   110
i_post_norm_mul/g93321/Y                390           280           110
  --> Other violations on net                   110
i_post_norm_mul/g92225/A0               370           280            90
  --> Other violations on net                   90
i_post_norm_mul/g93088/Y                370           280            90
  --> Other violations on net                   90
i_post_norm_mul/g92234/A1N              301           280            21
  --> Other violations on net                   42
i_post_norm_mul/g92174/A0               301           280            21
  --> Other violations on net                   42
i_post_norm_mul/g92255/Y                301           280            21
  --> Other violations on net                   42
i_post_norm_mul/g94312/A                307           280            27
  --> Other violations on net                   27
i_post_norm_mul/g94649/Y                307           280            27
  --> Other violations on net                   27
i_mul_24/g11162__5115/B0                281           280             1
  --> Other violations on net                   1
i_mul_24/g11246__8428/Y                 281           280             1
  --> Other violations on net                   1


Max_capacitance design rule: no violations.


Max_fanout design rule: no constraints.



