============================================================
  Generated by:           Genus(TM) Synthesis Solution 21.19-s055_1
  Generated on:           May 22 2026  03:22:59 pm
  Module:                 multiplier32FP
  Operating conditions:   PVT_0P9V_125C 
  Operating conditions:   PVT_1P32V_0C 
  Interconnect mode:      global
  Area mode:              physical library
============================================================


Path 1: MET (164 ps) Setup Check with Pin i_post_norm_mul/s_zeros_reg[0]/CK->D
          Group: clk
     Startpoint: (R) i_post_norm_mul/s_fract_48_i_reg[1]/CK
          Clock: (R) clk
       Endpoint: (R) i_post_norm_mul/s_zeros_reg[0]/D
          Clock: (R) clk

                     Capture       Launch     
        Clock Edge:+    5714            0     
       Src Latency:+       0            0     
       Net Latency:+     100 (I)      100 (I) 
           Arrival:=    5814          100     
                                              
             Setup:-     156                  
       Uncertainty:-      50                  
     Required Time:=    5608                  
      Launch Clock:-     100                  
         Data Path:-    5345                  
             Slack:=     164                  

#----------------------------------------------------------------------------------------------------------------
#             Timing Point               Flags    Arc   Edge   Cell     Fanout Load Trans Delay Arrival Instance 
#                                                                              (fF)  (ps)  (ps)   (ps)  Location 
#----------------------------------------------------------------------------------------------------------------
  i_post_norm_mul/s_fract_48_i_reg[1]/CK -       -      R     (arrival)    656    -     0     0     100    (-,-) 
  i_post_norm_mul/s_fract_48_i_reg[1]/QN -       CK->QN F     DFFX2          4  8.5   123   296     396    (-,-) 
  i_post_norm_mul/g69938/Y               -       A1N->Y F     AOI2BB1X1      1  3.1   117   182     577    (-,-) 
  i_post_norm_mul/g69849/Y               -       A1N->Y F     AOI2BB1X1      1  3.1   129   179     756    (-,-) 
  i_post_norm_mul/g69827/Y               -       B->Y   F     OR2X1          1  3.3    99   185     941    (-,-) 
  i_post_norm_mul/g69794/Y               -       A1->Y  R     AOI21X1        1  3.1   186   165    1106    (-,-) 
  i_post_norm_mul/g69731/Y               -       A1->Y  R     OA21X1         1  3.7    94   253    1359    (-,-) 
  i_post_norm_mul/g69609/Y               -       A1->Y  F     OAI21X2        1  3.3   147   140    1499    (-,-) 
  i_post_norm_mul/g69555/Y               -       A1->Y  R     AOI21X1        1  3.1   188   191    1690    (-,-) 
  i_post_norm_mul/g69542/Y               -       A1->Y  R     OA21X1         1  3.3    86   249    1939    (-,-) 
  i_post_norm_mul/g69502/Y               -       A1->Y  F     OAI21X1        1  3.1   223   182    2121    (-,-) 
  i_post_norm_mul/g69486/Y               -       A1N->Y F     OAI2BB1X1      1  3.3   214   260    2381    (-,-) 
  i_post_norm_mul/g69478/Y               -       A1->Y  R     AOI21X1        1  3.3   196   230    2611    (-,-) 
  i_post_norm_mul/g69474/Y               -       A1->Y  F     OAI21X1        1  3.1   223   244    2856    (-,-) 
  i_post_norm_mul/g69468/Y               -       A1N->Y F     OAI2BB1X1      1  3.3   215   261    3116    (-,-) 
  i_post_norm_mul/g69440/Y               -       A1->Y  R     AOI21X1        1  3.3   198   231    3347    (-,-) 
  i_post_norm_mul/g69430/Y               -       A1->Y  F     OAI21X1        1  3.1   220   246    3593    (-,-) 
  i_post_norm_mul/g69428/Y               -       A1N->Y F     OAI2BB1X1      1  3.3   215   259    3852    (-,-) 
  i_post_norm_mul/g69427/Y               -       A1->Y  R     AOI21X1        1  3.1   183   226    4078    (-,-) 
  i_post_norm_mul/g69426/Y               -       A1N->Y R     AOI2BB1X1      1  3.3   179   230    4308    (-,-) 
  i_post_norm_mul/g69425/Y               -       A1->Y  F     OAI21X1        1  3.3   234   240    4548    (-,-) 
  i_post_norm_mul/g69424/Y               -       A1->Y  R     AOI21X1        1  3.1   193   236    4784    (-,-) 
  i_post_norm_mul/g69423/Y               -       A1N->Y R     AOI2BB1X1      1  3.1   170   230    5014    (-,-) 
  i_post_norm_mul/g69422/Y               -       A1->Y  R     OA21X1         1  3.1    82   238    5251    (-,-) 
  i_post_norm_mul/g69421/Y               -       A1->Y  R     OA21X1         1  3.1    82   193    5445    (-,-) 
  i_post_norm_mul/s_zeros_reg[0]/D       <<<     -      R     DFFX4          1    -     -     0    5445    (-,-) 
#----------------------------------------------------------------------------------------------------------------

