============================================================
  Generated by:           Genus(TM) Synthesis Solution 21.19-s055_1
  Generated on:           May 22 2026  03:23:00 pm
  Module:                 multiplier32FP
  Operating conditions:   PVT_0P9V_125C 
  Operating conditions:   PVT_1P32V_0C 
  Interconnect mode:      global
  Area mode:              physical library
============================================================

Timing
--------

Clock Period 
-------------
clk   5714.0 


  Cost    Critical         Violating 
 Group   Path Slack  TNS     Paths   
-------------------------------------
clk           163.8   0.0          0 
default    No paths   0.0            
-------------------------------------
Total                 0.0          0 

Instance Count
--------------
Leaf Instance Count             3629 
Physical Instance count            0 
Sequential Instance Count        656 
Combinational Instance Count    2973 
Hierarchical Instance Count        4 

Area
----
Cell Area                          10863.288
Physical Cell Area                 0.000
Total Cell Area (Cell+Physical)    10863.288
Net Area                           4693.539
Total Area (Cell+Physical+Net)     15556.827

Max Fanout                         656 (clk)
Min Fanout                         0 (n_126)
Average Fanout                     2.4
Terms to net ratio                 3.3759
Terms to instance ratio            3.6903
Runtime                            657.970541 seconds
Elapsed Runtime                    660 seconds
Genus peak memory usage            1835.32 
Innovus peak memory usage          no_value 
Hostname                           localhost
