============================================================
  Generated by:           Genus(TM) Synthesis Solution 21.19-s055_1
  Generated on:           May 23 2026  02:14:40 pm
  Module:                 multiplier32FP
  Operating conditions:   PVT_0P9V_125C 
  Operating conditions:   PVT_1P32V_0C 
  Interconnect mode:      global
  Area mode:              physical library
============================================================

Timing
--------

Clock Period 
-------------
clk   2353.0 


  Cost    Critical              Violating 
 Group   Path Slack     TNS       Paths   
------------------------------------------
clk          -362.8   -47676.0        185 
default    No paths        0.0            
------------------------------------------
Total                 -47676.0        185 

Instance Count
--------------
Leaf Instance Count             4475 
Physical Instance count            0 
Sequential Instance Count        656 
Combinational Instance Count    3819 
Hierarchical Instance Count        4 

Area
----
Cell Area                          15005.592
Physical Cell Area                 0.000
Total Cell Area (Cell+Physical)    15005.592
Net Area                           5529.874
Total Area (Cell+Physical+Net)     20535.466

Max Fanout                         656 (clk)
Min Fanout                         0 (n_143)
Average Fanout                     2.3
Terms to net ratio                 3.2916
Terms to instance ratio            3.5108
Runtime                            742.5735709999999 seconds
Elapsed Runtime                    745 seconds
Genus peak memory usage            2207.20 
Innovus peak memory usage          no_value 
Hostname                           localhost
