============================================================
  Generated by:           Genus(TM) Synthesis Solution 21.19-s055_1
  Generated on:           May 23 2026  02:14:40 pm
  Module:                 multiplier32FP
  Library domain:         worst
    Domain index:         0
    Technology library:   slow_vdd1v0 1.0
  Library domain:         best
    Domain index:         1
    Technology library:   fast_vdd1v2 1.0
  Operating conditions:   PVT_0P9V_125C 
  Operating conditions:   PVT_1P32V_0C 
  Interconnect mode:      global
  Area mode:              physical library
============================================================

     Instance         Module     Cell Count  Cell Area  Net Area   Total Area 
------------------------------------------------------------------------------
multiplier32FP                         4475  15005.592  5529.874    20535.466 
  i_mul_24        mul_24               1714   7343.424  1915.716     9259.140 
  i_post_norm_mul post_norm_mul        2459   6725.430  3147.905     9873.335 
  i_pre_norm_mul  pre_norm_mul           83    258.894    71.158      330.052 
  u_fsm           fpu_fsm                36    111.492    39.342      150.834 
