============================================================
  Generated by:           Genus(TM) Synthesis Solution 21.19-s055_1
  Generated on:           May 23 2026  02:14:40 pm
  Module:                 multiplier32FP
  Operating conditions:   PVT_0P9V_125C 
  Operating conditions:   PVT_1P32V_0C 
  Interconnect mode:      global
  Area mode:              physical library
============================================================


Path 1: VIOLATED (-363 ps) Setup Check with Pin i_mul_24/prod2_reg[3][2][16]/CK->D1
          Group: clk
     Startpoint: (R) i_mul_24/count_reg[1]/CK
          Clock: (R) clk
       Endpoint: (R) i_mul_24/prod2_reg[3][2][16]/D1
          Clock: (R) clk

                     Capture       Launch     
        Clock Edge:+    2353            0     
       Src Latency:+       0            0     
       Net Latency:+     100 (I)      100 (I) 
           Arrival:=    2453          100     
                                              
             Setup:-     232                  
       Uncertainty:-      50                  
     Required Time:=    2171                  
      Launch Clock:-     100                  
         Data Path:-    2434                  
             Slack:=    -363                  

#-------------------------------------------------------------------------------------------------------------------
#               Timing Point                 Flags   Arc   Edge   Cell     Fanout Load Trans Delay Arrival Instance 
#                                                                                 (fF)  (ps)  (ps)   (ps)  Location 
#-------------------------------------------------------------------------------------------------------------------
  i_mul_24/count_reg[1]/CK                   -       -     R     (arrival)    656    -     0     0     100    (-,-) 
  i_mul_24/count_reg[1]/Q                    -       CK->Q R     DFFHQX4        1  9.3    62   223     323    (-,-) 
  i_mul_24/fopt25/Y                          -       A->Y  F     CLKINVX16     12 35.8    84    74     397    (-,-) 
  i_mul_24/fopt8495/Y                        -       A->Y  R     CLKINVX12      4 10.4    42    55     452    (-,-) 
  i_mul_24/g7758__6161/Y                     -       S0->Y F     CLKMX2X3       1  5.8    79   206     658    (-,-) 
  i_mul_24/fopt8542/Y                        -       A->Y  R     CLKINVX8       4  9.2    45    56     714    (-,-) 
  i_mul_24/mul_196_46_g740__4733/Y           -       AN->Y R     NOR2BX4        1  4.0    73   177     890    (-,-) 
  i_mul_24/mul_196_46_cdnfadd_006_0__4319/CO -       B->CO R     ADDFHX2        1  3.7    76   237    1128    (-,-) 
  i_mul_24/mul_196_46_cdnfadd_007_1__3680/S  -       CI->S F     ADDFHX1        1  3.7   115   302    1430    (-,-) 
  i_mul_24/mul_196_46_cdnfadd_007_2__1617/S  -       CI->S R     ADDFHX2        2  9.2   136   395    1825    (-,-) 
  i_mul_24/mul_196_46_g641__2802/Y           -       B->Y  F     NOR2X8         3 10.5    72    94    1919    (-,-) 
  i_mul_24/fopt8465/Y                        -       A->Y  R     CLKINVX8       1  6.1    36    49    1968    (-,-) 
  i_mul_24/mul_196_46_g619__7410/Y           -       B->Y  F     NAND2X8        1  5.8    80    70    2038    (-,-) 
  i_mul_24/mul_196_46_g615__9945/Y           -       A->Y  R     NOR2X8         1  6.1    63    85    2124    (-,-) 
  i_mul_24/mul_196_46_g613__9315/Y           -       B->Y  F     NOR2X8         3 10.7    70    62    2185    (-,-) 
  i_mul_24/mul_196_46_g611__4733/Y           -       B->Y  R     NOR2X8         1  6.1    66    69    2254    (-,-) 
  i_mul_24/mul_196_46_g609__5115/Y           -       B->Y  F     NOR2X8         2  5.6    53    54    2308    (-,-) 
  i_mul_24/mul_196_46_g607__6131/Y           -       S0->Y R     CLKMX2X3       4  8.8    91   226    2534    (-,-) 
  i_mul_24/prod2_reg[3][2][16]/D1            <<<     -     R     MDFFHQX1       4    -     -     0    2534    (-,-) 
#-------------------------------------------------------------------------------------------------------------------

