============================================================
  Generated by:           Genus(TM) Synthesis Solution 21.19-s055_1
  Generated on:           May 23 2026  02:14:40 pm
  Module:                 multiplier32FP
  Library domain:         worst
    Domain index:         0
    Technology library:   slow_vdd1v0 1.0
  Library domain:         best
    Domain index:         1
    Technology library:   fast_vdd1v2 1.0
  Operating conditions:   PVT_0P9V_125C 
  Operating conditions:   PVT_1P32V_0C 
  Interconnect mode:      global
  Area mode:              physical library
============================================================

Max_transition design rule (violation total = 6296)
Pin                                          Slew           Max     Violation
-------------------------------------------------------------------------------
i_post_norm_mul/g106184/A                     530           280           250
  --> Other violations on net                         751
i_post_norm_mul/g105281/A                     530           280           250
  --> Other violations on net                         751
i_post_norm_mul/g105105/A0N                   530           280           250
  --> Other violations on net                         751
i_post_norm_mul/g106218/Y                     530           280           250
  --> Other violations on net                         751
i_post_norm_mul/g105394/A                     450           280           170
  --> Other violations on net                         511
i_post_norm_mul/g105325/A0                    450           280           170
  --> Other violations on net                         511
i_post_norm_mul/g105203/B1                    450           280           170
  --> Other violations on net                         511
i_post_norm_mul/g105410/Y                     450           280           170
  --> Other violations on net                         511
i_post_norm_mul/g104583/B                     414           280           134
  --> Other violations on net                         538
i_post_norm_mul/g103865/A                     414           280           134
  --> Other violations on net                         538
i_post_norm_mul/g103811/A                     414           280           134
  --> Other violations on net                         538
i_post_norm_mul/g103839/A0                    414           280           134
  --> Other violations on net                         538
i_post_norm_mul/s_expo1_reg[2]/Q              414           280           134
  --> Other violations on net                         538
i_post_norm_mul/g105684/B0                    413           280           133
  --> Other violations on net                         265
i_post_norm_mul/g105300/C                     413           280           133
  --> Other violations on net                         265
i_post_norm_mul/g105806/Y                     413           280           133
  --> Other violations on net                         265
i_mul_24/g7650__2346/A                        447           280           167
  --> Other violations on net                         167
i_mul_24/g7734__4319/Y                        447           280           167
  --> Other violations on net                         167
i_post_norm_mul/g104202/A                     350           280            70
  --> Other violations on net                         209
i_post_norm_mul/g103871/A                     350           280            70
  --> Other violations on net                         209
i_post_norm_mul/g103879/A0                    350           280            70
  --> Other violations on net                         209
i_post_norm_mul/s_expo1_reg[1]/Q              350           280            70
  --> Other violations on net                         209
i_post_norm_mul/g104178/B0                    409           280           129
  --> Other violations on net                         129
i_post_norm_mul/g104428/Y                     409           280           129
  --> Other violations on net                         129
i_post_norm_mul/g105031/A0                    404           280           124
  --> Other violations on net                         124
i_post_norm_mul/g105683/Y                     404           280           124
  --> Other violations on net                         124
i_post_norm_mul/g104634/B1                    403           280           123
  --> Other violations on net                         123
i_post_norm_mul/g104801/Y                     403           280           123
  --> Other violations on net                         123
i_post_norm_mul/g104688/A                     403           280           123
  --> Other violations on net                         123
i_post_norm_mul/g104827/Y                     403           280           123
  --> Other violations on net                         123
i_post_norm_mul/g104137/B                     389           280           109
  --> Other violations on net                         109
i_post_norm_mul/g104242/Y                     389           280           109
  --> Other violations on net                         109
i_post_norm_mul/g105073/A                     366           280            86
  --> Other violations on net                         86
i_post_norm_mul/g105570/Y                     366           280            86
  --> Other violations on net                         86
i_post_norm_mul/g105966/A1                    365           280            85
  --> Other violations on net                         85
i_post_norm_mul/g106050/Y                     365           280            85
  --> Other violations on net                         85
i_pre_norm_mul/g1209/A                        362           280            82
  --> Other violations on net                         82
i_pre_norm_mul/g1211_0/Y                      362           280            82
  --> Other violations on net                         82
i_post_norm_mul/g104979/AN                    360           280            80
  --> Other violations on net                         80
i_post_norm_mul/g105346/Y                     360           280            80
  --> Other violations on net                         80
i_pre_norm_mul/g1280/A                        358           280            78
  --> Other violations on net                         78
i_pre_norm_mul/g1222_0/Y                      358           280            78
  --> Other violations on net                         78
i_post_norm_mul/g105689/B0                    330           280            50
  --> Other violations on net                         100
i_post_norm_mul/g105288/A1                    330           280            50
  --> Other violations on net                         100
i_post_norm_mul/g105805/Y                     330           280            50
  --> Other violations on net                         100
i_post_norm_mul/g105041/B0                    344           280            64
  --> Other violations on net                         64
i_post_norm_mul/g105530/Y                     344           280            64
  --> Other violations on net                         64
i_post_norm_mul/g104953/A                     291           280            11
  --> Other violations on net                         113
i_post_norm_mul/g104217/A1                    291           280            11
  --> Other violations on net                         113
i_post_norm_mul/g104215/A1N                   291           280            11
  --> Other violations on net                         113
i_post_norm_mul/g104304/A1                    291           280            11
  --> Other violations on net                         113
i_post_norm_mul/g104305/A1                    291           280            11
  --> Other violations on net                         113
i_post_norm_mul/g104308/B0                    291           280            11
  --> Other violations on net                         113
i_post_norm_mul/g104337/A1                    291           280            11
  --> Other violations on net                         113
i_post_norm_mul/g104340/A1N                   291           280            11
  --> Other violations on net                         113
i_post_norm_mul/g104850/A1                    291           280            11
  --> Other violations on net                         113
i_post_norm_mul/g104859/A1                    291           280            11
  --> Other violations on net                         113
i_post_norm_mul/g104964/Y                     291           280            11
  --> Other violations on net                         113
g1622/A                                       316           280            36
  --> Other violations on net                         72
g1383/A                                       316           280            36
  --> Other violations on net                         72
g1624/Y                                       316           280            36
  --> Other violations on net                         72
i_post_norm_mul/g105110/A1                    310           280            30
  --> Other violations on net                         30
i_post_norm_mul/g105302/Y                     310           280            30
  --> Other violations on net                         30
i_post_norm_mul/g105239/A0                    310           280            30
  --> Other violations on net                         30
i_post_norm_mul/g105321/Y                     310           280            30
  --> Other violations on net                         30
i_mul_24/mul_197_52_g660__1881/A              300           280            20
  --> Other violations on net                         39
i_mul_24/mul_197_52_g661__5115/B              300           280            20
  --> Other violations on net                         39
i_mul_24/mul_197_52_g714/Y                    300           280            20
  --> Other violations on net                         39
i_post_norm_mul/g104130/B0                    289           280             9
  --> Other violations on net                         43
i_post_norm_mul/g104129/B0                    289           280             9
  --> Other violations on net                         43
i_post_norm_mul/g104158/B0                    289           280             9
  --> Other violations on net                         43
i_post_norm_mul/g104200/B0                    289           280             9
  --> Other violations on net                         43
i_post_norm_mul/g104225/A0                    289           280             9
  --> Other violations on net                         43
i_post_norm_mul/g104932/Y                     289           280             9
  --> Other violations on net                         43
i_post_norm_mul/g105471/B0                    292           280            12
  --> Other violations on net                         23
i_post_norm_mul/g105033/A0                    292           280            12
  --> Other violations on net                         23
i_post_norm_mul/g105888/Y                     292           280            12
  --> Other violations on net                         23
i_post_norm_mul/g105243/A0                    296           280            16
  --> Other violations on net                         16
i_post_norm_mul/g105327/Y                     296           280            16
  --> Other violations on net                         16
i_post_norm_mul/g106757/B                     288           280             8
  --> Other violations on net                         8
i_post_norm_mul/g105378/Y                     288           280             8
  --> Other violations on net                         8
i_mul_24/mul_197_52_g655__5122/B              285           280             5
  --> Other violations on net                         10
i_mul_24/mul_197_52_g659/A                    285           280             5
  --> Other violations on net                         10
i_mul_24/mul_197_52_g660__1881/Y              285           280             5
  --> Other violations on net                         10
i_post_norm_mul/g104015/A0N                   287           280             7
  --> Other violations on net                         7
i_post_norm_mul/g104140/Y                     287           280             7
  --> Other violations on net                         7
i_post_norm_mul/g105149/B                     286           280             6
  --> Other violations on net                         6
i_post_norm_mul/g105204/Y                     286           280             6
  --> Other violations on net                         6
i_post_norm_mul/g105014/B1                    286           280             6
  --> Other violations on net                         6
i_post_norm_mul/g105063/Y                     286           280             6
  --> Other violations on net                         6
i_mul_24/mul_196_46_g655__5115/B              282           280             2
  --> Other violations on net                         5
i_mul_24/mul_196_46_g659/A                    282           280             2
  --> Other violations on net                         5
i_mul_24/mul_196_46_g660__9315/Y              282           280             2
  --> Other violations on net                         5
i_mul_24/mul_194_38_g655__6417/B              282           280             2
  --> Other violations on net                         5
i_mul_24/mul_194_38_g659/A                    282           280             2
  --> Other violations on net                         5
i_mul_24/mul_194_38_g660__6260/Y              282           280             2
  --> Other violations on net                         5
i_mul_24/mul_195_46_g655__2883/B              282           280             2
  --> Other violations on net                         5
i_mul_24/mul_195_46_g659/A                    282           280             2
  --> Other violations on net                         5
i_mul_24/mul_195_46_g660__6417/Y              282           280             2
  --> Other violations on net                         5


Max_capacitance design rule: no violations.


Max_fanout design rule: no constraints.



