============================================================
  Generated by:           Genus(TM) Synthesis Solution 21.19-s055_1
  Generated on:           May 23 2026  02:14:40 pm
  Module:                 multiplier32FP
  Library domain:         worst
    Domain index:         0
    Technology library:   slow_vdd1v0 1.0
  Library domain:         best
    Domain index:         1
    Technology library:   fast_vdd1v2 1.0
  Operating conditions:   PVT_0P9V_125C 
  Operating conditions:   PVT_1P32V_0C 
  Interconnect mode:      global
  Area mode:              physical library
============================================================

     Instance         Module     Cell Count  Normalized Cell Area  Normalized Net Area   Normalized Total Area 
---------------------------------------------------------------------------------------------------------------
multiplier32FP                         4475             14625.333             5389.741               20015.074 
  i_mul_24        mul_24               1714              7157.333             1867.170                9024.503 
  i_post_norm_mul post_norm_mul        2459              6555.000             3068.134                9623.134 
  i_pre_norm_mul  pre_norm_mul           83               252.333               69.355                 321.688 
  u_fsm           fpu_fsm                36               108.667               38.345                 147.012 
