============================================================
  Generated by:           Genus(TM) Synthesis Solution 21.19-s055_1
  Generated on:           May 25 2026  09:13:34 am
  Module:                 multiplier32FP
  Operating conditions:   PVT_0P9V_125C 
  Operating conditions:   PVT_1P32V_0C 
  Interconnect mode:      global
  Area mode:              physical library
============================================================


Path 1: MET (0 ps) Setup Check with Pin i_mul_24/prod2_reg[3][3][9]/CK->D1
          Group: clk
     Startpoint: (R) i_mul_24/count_reg[1]/CK
          Clock: (R) clk
       Endpoint: (R) i_mul_24/prod2_reg[3][3][9]/D1
          Clock: (R) clk

                     Capture       Launch     
        Clock Edge:+    2801            0     
       Src Latency:+       0            0     
       Net Latency:+     100 (I)      100 (I) 
           Arrival:=    2901          100     
                                              
             Setup:-     238                  
       Uncertainty:-      50                  
     Required Time:=    2613                  
      Launch Clock:-     100                  
         Data Path:-    2513                  
             Slack:=       0                  

#--------------------------------------------------------------------------------------------------------------------
#               Timing Point                 Flags    Arc   Edge   Cell     Fanout Load Trans Delay Arrival Instance 
#                                                                                  (fF)  (ps)  (ps)   (ps)  Location 
#--------------------------------------------------------------------------------------------------------------------
  i_mul_24/count_reg[1]/CK                   -       -      R     (arrival)    656    -     0     0     100    (-,-) 
  i_mul_24/count_reg[1]/Q                    -       CK->Q  F     DFFHQX4        9 27.3   191   314     414    (-,-) 
  i_mul_24/g6329/Y                           -       A->Y   R     CLKINVX20     17 46.6    95   120     534    (-,-) 
  i_mul_24/g6172__7098/Y                     -       B->Y   R     CLKAND2X6      1  4.5    35   123     657    (-,-) 
  i_mul_24/g6144__1881/Y                     -       B0->Y  F     AOI21X4        1  5.8   134    50     707    (-,-) 
  i_mul_24/g6097/Y                           -       A->Y   R     CLKINVX8      12 25.2    95   102     809    (-,-) 
  i_mul_24/mul_197_52_g668__5115/Y           -       A->Y   R     CLKAND2X3      1  3.5    41   139     948    (-,-) 
  i_mul_24/mul_197_52_cdnfadd_005_0__4733/CO -       CI->CO R     ADDFX1         1  3.7   102   223    1171    (-,-) 
  i_mul_24/mul_197_52_cdnfadd_006_1__2883/S  -       CI->S  F     ADDFHX1        1  3.7   115   315    1485    (-,-) 
  i_mul_24/mul_197_52_cdnfadd_006_2__2346/S  -       CI->S  R     ADDFHX2        2  6.8   112   382    1867    (-,-) 
  i_mul_24/mul_197_52_g606__6161/Y           -       B->Y   R     OR2X6          3 10.0    53   135    2002    (-,-) 
  i_mul_24/mul_197_52_g596__1881/Y           -       A->Y   F     NAND2X8        1  5.1    78    84    2086    (-,-) 
  i_mul_24/mul_197_52_g591__5122/Y           -       A->Y   R     NOR2X6         1  6.1    74    90    2176    (-,-) 
  i_mul_24/mul_197_52_g589__2802/Y           -       B->Y   F     NOR2X8         3  9.9    67    65    2241    (-,-) 
  i_mul_24/mul_197_52_g587__1617/Y           -       B->Y   R     NOR2X6         2  7.6    84    80    2320    (-,-) 
  i_mul_24/mul_197_52_g584__6783/Y           -       B->Y   F     NOR2X4         1  3.4    55    66    2386    (-,-) 
  i_mul_24/mul_197_52_g582__8428/Y           -       S0->Y  R     CLKMX2X3       4  8.8    91   227    2613    (-,-) 
  i_mul_24/prod2_reg[3][3][9]/D1             <<<     -      R     MDFFHQX4       4    -     -     0    2613    (-,-) 
#--------------------------------------------------------------------------------------------------------------------

