============================================================
  Generated by:           Genus(TM) Synthesis Solution 21.19-s055_1
  Generated on:           May 25 2026  09:13:34 am
  Module:                 multiplier32FP
  Operating conditions:   PVT_0P9V_125C 
  Operating conditions:   PVT_1P32V_0C 
  Interconnect mode:      global
  Area mode:              physical library
============================================================

Timing
--------

Clock Period 
-------------
clk   2801.0 


  Cost    Critical         Violating 
 Group   Path Slack  TNS     Paths   
-------------------------------------
clk             0.0   0.0          0 
default    No paths   0.0            
-------------------------------------
Total                 0.0          0 

Instance Count
--------------
Leaf Instance Count             4183 
Physical Instance count            0 
Sequential Instance Count        656 
Combinational Instance Count    3527 
Hierarchical Instance Count        4 

Area
----
Cell Area                          13336.974
Physical Cell Area                 0.000
Total Cell Area (Cell+Physical)    13336.974
Net Area                           5271.793
Total Area (Cell+Physical+Net)     18608.767

Max Fanout                         656 (clk)
Min Fanout                         0 (n_142)
Average Fanout                     2.4
Terms to net ratio                 3.3690
Terms to instance ratio            3.5816
Runtime                            815.088786 seconds
Elapsed Runtime                    2379 seconds
Genus peak memory usage            1880.68 
Innovus peak memory usage          no_value 
Hostname                           localhost
