============================================================
  Generated by:           Genus(TM) Synthesis Solution 21.19-s055_1
  Generated on:           May 25 2026  09:13:34 am
  Module:                 multiplier32FP
  Library domain:         worst
    Domain index:         0
    Technology library:   slow_vdd1v0 1.0
  Library domain:         best
    Domain index:         1
    Technology library:   fast_vdd1v2 1.0
  Operating conditions:   PVT_0P9V_125C 
  Operating conditions:   PVT_1P32V_0C 
  Interconnect mode:      global
  Area mode:              physical library
============================================================

     Instance         Module     Cell Count  Cell Area  Net Area   Total Area 
------------------------------------------------------------------------------
multiplier32FP                         4183  13336.974  5271.793    18608.767 
  i_mul_24        mul_24               1472   6401.898  1710.206     8112.104 
  i_post_norm_mul post_norm_mul        2430   6040.746  3117.686     9158.432 
  i_pre_norm_mul  pre_norm_mul           65    233.244    53.920      287.164 
  u_fsm           fpu_fsm                34    112.176    37.137      149.313 
