============================================================
  Generated by:           Genus(TM) Synthesis Solution 21.19-s055_1
  Generated on:           May 23 2026  04:24:04 pm
  Module:                 multiplier32FP
  Operating conditions:   PVT_0P9V_125C 
  Operating conditions:   PVT_1P32V_0C 
  Interconnect mode:      global
  Area mode:              physical library
============================================================

Timing
--------

Clock Period 
-------------
clk   1481.0 


  Cost    Critical               Violating 
 Group   Path Slack     TNS        Paths   
-------------------------------------------
clk         -1160.5   -286370.4        557 
default    No paths         0.0            
-------------------------------------------
Total                 -286370.4        557 

Instance Count
--------------
Leaf Instance Count             4681 
Physical Instance count            0 
Sequential Instance Count        656 
Combinational Instance Count    4025 
Hierarchical Instance Count        4 

Area
----
Cell Area                          17923.194
Physical Cell Area                 0.000
Total Cell Area (Cell+Physical)    17923.194
Net Area                           5625.093
Total Area (Cell+Physical+Net)     23548.287

Max Fanout                         656 (clk)
Min Fanout                         0 (n_189)
Average Fanout                     2.2
Terms to net ratio                 3.2216
Terms to instance ratio            3.4074
Runtime                            775.013013 seconds
Elapsed Runtime                    778 seconds
Genus peak memory usage            2206.61 
Innovus peak memory usage          no_value 
Hostname                           localhost
