============================================================
  Generated by:           Genus(TM) Synthesis Solution 21.19-s055_1
  Generated on:           May 23 2026  04:24:03 pm
  Module:                 multiplier32FP
  Operating conditions:   PVT_0P9V_125C 
  Operating conditions:   PVT_1P32V_0C 
  Interconnect mode:      global
  Area mode:              physical library
============================================================

                                                Library 
   Gate     Instances    Area        Library     Domain 
--------------------------------------------------------
ADDFHX1            17    127.908    slow_vdd1v0   worst 
ADDFHX2            68    558.144    slow_vdd1v0   worst 
ADDFHX4             1      9.576    slow_vdd1v0   worst 
ADDFX1             12     61.560    slow_vdd1v0   worst 
ADDHX1              8     30.096    slow_vdd1v0   worst 
ADDHX2              6     30.780    slow_vdd1v0   worst 
AND2X1             91    124.488    slow_vdd1v0   worst 
AND2X2             20     34.200    slow_vdd1v0   worst 
AND2X4             21     57.456    slow_vdd1v0   worst 
AND2X6             24     90.288    slow_vdd1v0   worst 
AND3X1              2      4.788    slow_vdd1v0   worst 
AND3X6              3     13.338    slow_vdd1v0   worst 
AND4X6              1      5.814    slow_vdd1v0   worst 
AO21X1             55    131.670    slow_vdd1v0   worst 
AO21X2              1      2.736    slow_vdd1v0   worst 
AO21X4              2      6.840    slow_vdd1v0   worst 
AO22X1             34     93.024    slow_vdd1v0   worst 
AO22X2              1      3.078    slow_vdd1v0   worst 
AO22X4              1      3.762    slow_vdd1v0   worst 
AOI211X1            3      7.182    slow_vdd1v0   worst 
AOI211X2            8     27.360    slow_vdd1v0   worst 
AOI211X4           10     64.980    slow_vdd1v0   worst 
AOI21X1            22     37.620    slow_vdd1v0   worst 
AOI21X2           101    276.336    slow_vdd1v0   worst 
AOI21X4            80    410.400    slow_vdd1v0   worst 
AOI21XL             1      1.710    slow_vdd1v0   worst 
AOI221X2           28    124.488    slow_vdd1v0   worst 
AOI221X4           25    196.650    slow_vdd1v0   worst 
AOI222X4            2     19.152    slow_vdd1v0   worst 
AOI22X1            16     32.832    slow_vdd1v0   worst 
AOI22X2            93    349.866    slow_vdd1v0   worst 
AOI22X4            59    363.204    slow_vdd1v0   worst 
AOI2BB1X1          11     22.572    slow_vdd1v0   worst 
AOI2BB1X2          41    126.198    slow_vdd1v0   worst 
AOI2BB1X4          57    233.928    slow_vdd1v0   worst 
AOI2BB2X2          10     51.300    slow_vdd1v0   worst 
AOI2BB2X4          16    120.384    slow_vdd1v0   worst 
AOI31X2             4     13.680    slow_vdd1v0   worst 
AOI31X4             4     25.992    slow_vdd1v0   worst 
AOI32X2             3     13.338    slow_vdd1v0   worst 
AOI32X4             4     31.464    slow_vdd1v0   worst 
BUFX12              1      5.130    slow_vdd1v0   worst 
BUFX3               8     16.416    slow_vdd1v0   worst 
BUFX6              32     98.496    slow_vdd1v0   worst 
BUFX8              37    139.194    slow_vdd1v0   worst 
CLKAND2X12         30    225.720    slow_vdd1v0   worst 
CLKAND2X2          67    137.484    slow_vdd1v0   worst 
CLKAND2X3          56    172.368    slow_vdd1v0   worst 
CLKAND2X4           2      6.840    slow_vdd1v0   worst 
CLKAND2X6          88    421.344    slow_vdd1v0   worst 
CLKAND2X8           3     17.442    slow_vdd1v0   worst 
CLKBUFX12           2     10.260    slow_vdd1v0   worst 
CLKBUFX16           6     41.040    slow_vdd1v0   worst 
CLKBUFX20           1      8.208    slow_vdd1v0   worst 
CLKBUFX3            1      2.052    slow_vdd1v0   worst 
CLKBUFX4            2      4.788    slow_vdd1v0   worst 
CLKBUFX6            1      3.078    slow_vdd1v0   worst 
CLKINVX12          30    123.120    slow_vdd1v0   worst 
CLKINVX16          19    103.968    slow_vdd1v0   worst 
CLKINVX2            2      2.736    slow_vdd1v0   worst 
CLKINVX20           2     12.996    slow_vdd1v0   worst 
CLKINVX3            9     15.390    slow_vdd1v0   worst 
CLKINVX4          103    176.130    slow_vdd1v0   worst 
CLKINVX6           51    122.094    slow_vdd1v0   worst 
CLKINVX8           44    135.432    slow_vdd1v0   worst 
CLKMX2X2            8     24.624    slow_vdd1v0   worst 
CLKMX2X3           45    184.680    slow_vdd1v0   worst 
CLKXOR2X1          18     49.248    slow_vdd1v0   worst 
CLKXOR2X2           2      6.840    slow_vdd1v0   worst 
DFFHQX1           145    793.440    slow_vdd1v0   worst 
DFFHQX2             7     47.880    slow_vdd1v0   worst 
DFFHQX4            45    369.360    slow_vdd1v0   worst 
DFFHQX8            11    101.574    slow_vdd1v0   worst 
DFFQX1              2     11.628    slow_vdd1v0   worst 
DFFQX2             11     71.478    slow_vdd1v0   worst 
DFFQX4              1      7.182    slow_vdd1v0   worst 
DFFQXL             14     76.608    slow_vdd1v0   worst 
DFFRHQX1           38    233.928    slow_vdd1v0   worst 
DFFRX1              4     27.360    slow_vdd1v0   worst 
DFFRX2              3     22.572    slow_vdd1v0   worst 
DFFX1              22    158.004    slow_vdd1v0   worst 
DFFX2              11     90.288    slow_vdd1v0   worst 
DFFX4              53    489.402    slow_vdd1v0   worst 
EDFFHQX1          148   1265.400    slow_vdd1v0   worst 
EDFFHQX2            6     53.352    slow_vdd1v0   worst 
EDFFHQX4            6     63.612    slow_vdd1v0   worst 
EDFFHQX8            1     11.628    slow_vdd1v0   worst 
EDFFX4              5     54.720    slow_vdd1v0   worst 
INVX1             131     89.604    slow_vdd1v0   worst 
INVX12              2      8.208    slow_vdd1v0   worst 
INVX16              3     16.416    slow_vdd1v0   worst 
INVX2             105    107.730    slow_vdd1v0   worst 
INVX20              2     12.996    slow_vdd1v0   worst 
INVX3              63     86.184    slow_vdd1v0   worst 
INVX4              10     17.100    slow_vdd1v0   worst 
INVX6              10     23.940    slow_vdd1v0   worst 
INVX8               4     12.312    slow_vdd1v0   worst 
INVXL               2      1.368    slow_vdd1v0   worst 
MDFFHQX1           13    111.150    slow_vdd1v0   worst 
MDFFHQX2            1      9.234    slow_vdd1v0   worst 
MDFFHQX4          109   1006.506    slow_vdd1v0   worst 
MX2X1              13     31.122    slow_vdd1v0   worst 
MXI2X1              1      2.736    slow_vdd1v0   worst 
MXI2X2              2      8.892    slow_vdd1v0   worst 
MXI2X4             17     87.210    slow_vdd1v0   worst 
MXI2X6              1      5.130    slow_vdd1v0   worst 
NAND2BX1            5      6.840    slow_vdd1v0   worst 
NAND2BX2           13     31.122    slow_vdd1v0   worst 
NAND2BX4            7     26.334    slow_vdd1v0   worst 
NAND2X1            45     46.170    slow_vdd1v0   worst 
NAND2X2           113    193.230    slow_vdd1v0   worst 
NAND2X4           163    557.460    slow_vdd1v0   worst 
NAND2X6            83    397.404    slow_vdd1v0   worst 
NAND2X8            18     98.496    slow_vdd1v0   worst 
NAND2XL             1      1.026    slow_vdd1v0   worst 
NAND3BX2            1      3.078    slow_vdd1v0   worst 
NAND3X1             1      1.710    slow_vdd1v0   worst 
NAND3X2             6     16.416    slow_vdd1v0   worst 
NAND3X4             8     38.304    slow_vdd1v0   worst 
NAND3X6             2     14.364    slow_vdd1v0   worst 
NAND3X8             2     16.416    slow_vdd1v0   worst 
NAND4X8             2     20.520    slow_vdd1v0   worst 
NOR2BX1            64     87.552    slow_vdd1v0   worst 
NOR2BX2            40    109.440    slow_vdd1v0   worst 
NOR2BX4            13     48.906    slow_vdd1v0   worst 
NOR2X1             87     89.262    slow_vdd1v0   worst 
NOR2X2            209    357.390    slow_vdd1v0   worst 
NOR2X4            274    843.372    slow_vdd1v0   worst 
NOR2X6            118    484.272    slow_vdd1v0   worst 
NOR2X8             66    361.152    slow_vdd1v0   worst 
NOR3BX4             3     17.442    slow_vdd1v0   worst 
NOR3BXL             1      2.052    slow_vdd1v0   worst 
NOR3X1              1      1.710    slow_vdd1v0   worst 
NOR3X2             10     27.360    slow_vdd1v0   worst 
NOR3X4             13     66.690    slow_vdd1v0   worst 
NOR3X6              6     43.092    slow_vdd1v0   worst 
NOR3X8              2     17.784    slow_vdd1v0   worst 
NOR4BX4             1      7.524    slow_vdd1v0   worst 
NOR4X2              4     13.680    slow_vdd1v0   worst 
NOR4X6              2     16.416    slow_vdd1v0   worst 
OA21X1             35     71.820    slow_vdd1v0   worst 
OA21X4              1      3.762    slow_vdd1v0   worst 
OA22X1              9     21.546    slow_vdd1v0   worst 
OAI211X2            3     12.312    slow_vdd1v0   worst 
OAI211X4            3     19.494    slow_vdd1v0   worst 
OAI21X1            21     35.910    slow_vdd1v0   worst 
OAI21X2            50    153.900    slow_vdd1v0   worst 
OAI21X4            95    454.860    slow_vdd1v0   worst 
OAI221X4            2     15.732    slow_vdd1v0   worst 
OAI22X1             7     14.364    slow_vdd1v0   worst 
OAI22X2            23     78.660    slow_vdd1v0   worst 
OAI22X4            27    175.446    slow_vdd1v0   worst 
OAI2BB1X1          48     82.080    slow_vdd1v0   worst 
OAI2BB1X2          54    166.212    slow_vdd1v0   worst 
OAI2BB1X4          37    164.502    slow_vdd1v0   worst 
OAI2BB2X2           1      5.472    slow_vdd1v0   worst 
OAI2BB2X4           7     59.850    slow_vdd1v0   worst 
OAI31X1             1      2.052    slow_vdd1v0   worst 
OAI31X2             5     18.810    slow_vdd1v0   worst 
OAI31X4             6     41.040    slow_vdd1v0   worst 
OAI32X2             3     13.338    slow_vdd1v0   worst 
OAI32X4             1      8.208    slow_vdd1v0   worst 
OR2X1              72     98.496    slow_vdd1v0   worst 
OR2X2               9     15.390    slow_vdd1v0   worst 
OR2X4              16     43.776    slow_vdd1v0   worst 
OR2X6              25     94.050    slow_vdd1v0   worst 
OR2X8               1      4.446    slow_vdd1v0   worst 
OR3X1              19     38.988    slow_vdd1v0   worst 
OR3X2               1      2.394    slow_vdd1v0   worst 
OR3X4               2      6.156    slow_vdd1v0   worst 
OR3X6               1      4.788    slow_vdd1v0   worst 
OR4X1               7     14.364    slow_vdd1v0   worst 
XNOR2X1            34     81.396    slow_vdd1v0   worst 
XNOR2X2            11     33.858    slow_vdd1v0   worst 
XNOR2X4             1      3.762    slow_vdd1v0   worst 
XOR2X2              1      3.420    slow_vdd1v0   worst 
--------------------------------------------------------
total            4681  17923.194                


                                          
     Type      Instances    Area   Area % 
------------------------------------------
sequential           656  5076.306   28.3 
inverter             592  1067.724    6.0 
buffer                91   328.662    1.8 
logic               3342 11450.502   63.9 
physical_cells         0     0.000    0.0 
------------------------------------------
total               4681 17923.194  100.0 

