============================================================
  Generated by:           Genus(TM) Synthesis Solution 21.19-s055_1
  Generated on:           May 22 2026  05:14:37 pm
  Module:                 multiplier32FP
  Operating conditions:   PVT_0P9V_125C 
  Operating conditions:   PVT_1P32V_0C 
  Interconnect mode:      global
  Area mode:              physical library
============================================================

Timing
--------

Clock Period 
-------------
clk   2667.0 


  Cost    Critical             Violating 
 Group   Path Slack    TNS       Paths   
-----------------------------------------
clk           -61.0   -3272.4         72 
default    No paths       0.0            
-----------------------------------------
Total                 -3272.4         72 

Instance Count
--------------
Leaf Instance Count             4307 
Physical Instance count            0 
Sequential Instance Count        656 
Combinational Instance Count    3651 
Hierarchical Instance Count        4 

Area
----
Cell Area                          13938.552
Physical Cell Area                 0.000
Total Cell Area (Cell+Physical)    13938.552
Net Area                           5299.085
Total Area (Cell+Physical+Net)     19237.637

Max Fanout                         656 (clk)
Min Fanout                         0 (n_143)
Average Fanout                     2.3
Terms to net ratio                 3.3135
Terms to instance ratio            3.4997
Runtime                            731.986049 seconds
Elapsed Runtime                    734 seconds
Genus peak memory usage            1938.13 
Innovus peak memory usage          no_value 
Hostname                           localhost
