============================================================
  Generated by:           Genus(TM) Synthesis Solution 21.19-s055_1
  Generated on:           May 22 2026  05:14:36 pm
  Module:                 multiplier32FP
  Operating conditions:   PVT_0P9V_125C 
  Operating conditions:   PVT_1P32V_0C 
  Interconnect mode:      global
  Area mode:              physical library
============================================================


Path 1: VIOLATED (-61 ps) Setup Check with Pin i_mul_24/prod2_reg[3][1][16]/CK->D
          Group: clk
     Startpoint: (R) i_mul_24/count_reg[0]/CK
          Clock: (R) clk
       Endpoint: (R) i_mul_24/prod2_reg[3][1][16]/D
          Clock: (R) clk

                     Capture       Launch     
        Clock Edge:+    2667            0     
       Src Latency:+       0            0     
       Net Latency:+     100 (I)      100 (I) 
           Arrival:=    2767          100     
                                              
             Setup:-     232                  
       Uncertainty:-      50                  
     Required Time:=    2485                  
      Launch Clock:-     100                  
         Data Path:-    2446                  
             Slack:=     -61                  

#------------------------------------------------------------------------------------------------------------------
#               Timing Point                Flags   Arc   Edge   Cell     Fanout Load Trans Delay Arrival Instance 
#                                                                                (fF)  (ps)  (ps)   (ps)  Location 
#------------------------------------------------------------------------------------------------------------------
  i_mul_24/count_reg[0]/CK                  -       -     R     (arrival)    656    -     0     0     100    (-,-) 
  i_mul_24/count_reg[0]/Q                   -       CK->Q F     DFFHQX4        2  9.1    75   251     351    (-,-) 
  i_mul_24/fopt29/Y                         -       A->Y  F     CLKBUFX20     11 33.7    71   123     474    (-,-) 
  i_mul_24/fopt8032/Y                       -       A->Y  R     CLKINVX12      2 10.8    40    51     525    (-,-) 
  i_mul_24/g7698__7410/Y                    -       B->Y  F     NOR2X8         1  4.3    53    40     564    (-,-) 
  i_mul_24/g7648__1705/Y                    -       B0->Y R     AOI21X4        1  7.8   123    98     662    (-,-) 
  i_mul_24/fopt8001/Y                       -       A->Y  F     CLKINVX12      7 20.4    79    91     753    (-,-) 
  i_mul_24/fopt7998/Y                       -       A->Y  R     CLKINVX12      3  9.8    40    53     806    (-,-) 
  i_mul_24/mul_195_46_g684__6260/Y          -       B->Y  F     NOR2X8         1  3.7    40    38     845    (-,-) 
  i_mul_24/mul_195_46_cdnfadd_007_0__8428/S -       CI->S R     ADDFHX1        1  3.7   100   294    1138    (-,-) 
  i_mul_24/mul_195_46_cdnfadd_007_1__5526/S -       CI->S F     ADDFHX1        1  3.7   115   313    1452    (-,-) 
  i_mul_24/mul_195_46_cdnfadd_007_2__6783/S -       CI->S R     ADDFHX1        2  5.7   141   351    1803    (-,-) 
  i_mul_24/mul_195_46_g619__6783/Y          -       B->Y  R     OR2X6          3 10.0    52   149    1952    (-,-) 
  i_mul_24/mul_195_46_g599__2883/Y          -       A1->Y F     AOI21X4        1  4.0   105   103    2055    (-,-) 
  i_mul_24/mul_195_46_g594__4733/Y          -       B->Y  F     CLKAND2X6      3 10.7    67   140    2195    (-,-) 
  i_mul_24/mul_195_46_g592__5115/Y          -       B->Y  R     NOR2X8         1  6.1    66    67    2262    (-,-) 
  i_mul_24/mul_195_46_g590__6131/Y          -       B->Y  F     NOR2X8         2  5.6    64    54    2316    (-,-) 
  i_mul_24/mul_195_46_g588__8246/Y          -       S0->Y R     CLKMX2X3       4  8.8    92   230    2546    (-,-) 
  i_mul_24/prod2_reg[3][1][16]/D            <<<     -     R     EDFFHQX1       4    -     -     0    2546    (-,-) 
#------------------------------------------------------------------------------------------------------------------

