============================================================
  Generated by:           Genus(TM) Synthesis Solution 21.19-s055_1
  Generated on:           May 23 2026  03:18:28 pm
  Module:                 multiplier32FP
  Library domain:         worst
    Domain index:         0
    Technology library:   slow_vdd1v0 1.0
  Library domain:         best
    Domain index:         1
    Technology library:   fast_vdd1v2 1.0
  Operating conditions:   PVT_0P9V_125C 
  Operating conditions:   PVT_1P32V_0C 
  Interconnect mode:      global
  Area mode:              physical library
============================================================

     Instance         Module     Cell Count  Cell Area  Net Area   Total Area 
------------------------------------------------------------------------------
multiplier32FP                         4701  17723.124  5672.019    23395.143 
  i_mul_24        mul_24               1994   8680.986  2274.851    10955.837 
  i_post_norm_mul post_norm_mul        2383   7987.410  2912.556    10899.966 
  i_pre_norm_mul  pre_norm_mul           96    282.492    82.162      364.654 
  u_fsm           fpu_fsm                36    113.202    37.499      150.701 
