============================================================
  Generated by:           Genus(TM) Synthesis Solution 21.19-s055_1
  Generated on:           May 23 2026  03:18:28 pm
  Module:                 multiplier32FP
  Library domain:         worst
    Domain index:         0
    Technology library:   slow_vdd1v0 1.0
  Library domain:         best
    Domain index:         1
    Technology library:   fast_vdd1v2 1.0
  Operating conditions:   PVT_0P9V_125C 
  Operating conditions:   PVT_1P32V_0C 
  Interconnect mode:      global
  Area mode:              physical library
============================================================

Max_transition design rule (violation total = 2519)
Pin                                                             Slew           Max     Violation
--------------------------------------------------------------------------------------------------
i_post_norm_mul/g98625/A                                         539           280           259
  --> Other violations on net                                            259
i_post_norm_mul/g98645/Y                                         539           280           259
  --> Other violations on net                                            259
i_post_norm_mul/g98865/A0                                        401           280           121
  --> Other violations on net                                            362
i_post_norm_mul/g98863/A0N                                       401           280           121
  --> Other violations on net                                            362
i_post_norm_mul/g98875/A0N                                       401           280           121
  --> Other violations on net                                            362
i_post_norm_mul/g99339/Y                                         401           280           121
  --> Other violations on net                                            362
i_post_norm_mul/g100569/B0                                       414           280           134
  --> Other violations on net                                            134
i_post_norm_mul/g100723/Y                                        414           280           134
  --> Other violations on net                                            134
i_post_norm_mul/g98794/A0                                        304           280            24
  --> Other violations on net                                            215
i_post_norm_mul/g98898/A0                                        304           280            24
  --> Other violations on net                                            215
i_post_norm_mul/g98792/A0                                        304           280            24
  --> Other violations on net                                            215
i_post_norm_mul/g98816/A0                                        304           280            24
  --> Other violations on net                                            215
i_post_norm_mul/g98820/A0                                        304           280            24
  --> Other violations on net                                            215
i_post_norm_mul/g98826/A0                                        304           280            24
  --> Other violations on net                                            215
i_post_norm_mul/g98899/B0                                        304           280            24
  --> Other violations on net                                            215
i_post_norm_mul/g98940/C0                                        304           280            24
  --> Other violations on net                                            215
i_post_norm_mul/g98946/A0                                        304           280            24
  --> Other violations on net                                            215
i_post_norm_mul/g100233/Y                                        304           280            24
  --> Other violations on net                                            215
i_post_norm_mul/g98664/A0                                        360           280            80
  --> Other violations on net                                            80
i_post_norm_mul/g99713/Y                                         360           280            80
  --> Other violations on net                                            80
i_post_norm_mul/g98948/B1                                        350           280            70
  --> Other violations on net                                            70
i_post_norm_mul/g99250/Y                                         350           280            70
  --> Other violations on net                                            70
i_post_norm_mul/output_o_reg[23]/D                               346           280            66
  --> Other violations on net                                            66
i_post_norm_mul/g98572/Y                                         346           280            66
  --> Other violations on net                                            66
i_pre_norm_mul/g1450/A                                           342           280            62
  --> Other violations on net                                            62
i_pre_norm_mul/g1488/Y                                           342           280            62
  --> Other violations on net                                            62
i_mul_24/WALLACE_CSA_DUMMY_OP_groupi_g2208__2346/AN              316           280            36
  --> Other violations on net                                            72
i_mul_24/WALLACE_CSA_DUMMY_OP_groupi_g2081__3680/A0              316           280            36
  --> Other violations on net                                            72
i_mul_24/WALLACE_CSA_DUMMY_OP_groupi_g2274/Y                     316           280            36
  --> Other violations on net                                            72
i_post_norm_mul/g99972/B                                         323           280            43
  --> Other violations on net                                            43
i_post_norm_mul/g101340/Y                                        323           280            43
  --> Other violations on net                                            43
i_post_norm_mul/g98540/A0                                        320           280            40
  --> Other violations on net                                            40
i_post_norm_mul/g98590/Y                                         320           280            40
  --> Other violations on net                                            40
i_post_norm_mul/g98844/A                                         314           280            34
  --> Other violations on net                                            34
i_post_norm_mul/g99023/Y                                         314           280            34
  --> Other violations on net                                            34
i_post_norm_mul/g98867/A                                         303           280            23
  --> Other violations on net                                            23
i_post_norm_mul/g99031/Y                                         303           280            23
  --> Other violations on net                                            23
i_post_norm_mul/g98844/B                                         299           280            19
  --> Other violations on net                                            19
i_post_norm_mul/g98948/Y                                         299           280            19
  --> Other violations on net                                            19
i_post_norm_mul/g99817/A                                         289           280             9
  --> Other violations on net                                            9
i_post_norm_mul/g100163/Y                                        289           280             9
  --> Other violations on net                                            9
i_post_norm_mul/g99800/A0                                        282           280             2
  --> Other violations on net                                            2
i_post_norm_mul/g100028/Y                                        282           280             2
  --> Other violations on net                                            2
i_pre_norm_mul/g1476/B                                           282           280             2
  --> Other violations on net                                            2
i_pre_norm_mul/g1486/Y                                           282           280             2
  --> Other violations on net                                            2
i_post_norm_mul/g98747/B                                         281           280             1
  --> Other violations on net                                            1
i_post_norm_mul/g98946/Y                                         281           280             1
  --> Other violations on net                                            1
i_post_norm_mul/g98766/A                                         280           280             0
  --> Other violations on net                                            0
i_post_norm_mul/g98818/Y                                         280           280             0
  --> Other violations on net                                            0


Max_capacitance design rule: no violations.


Max_fanout design rule: no constraints.



