============================================================
  Generated by:           Genus(TM) Synthesis Solution 21.19-s055_1
  Generated on:           May 25 2026  09:50:37 am
  Module:                 multiplier32FP
  Library domain:         worst
    Domain index:         0
    Technology library:   slow_vdd1v0 1.0
  Library domain:         best
    Domain index:         1
    Technology library:   fast_vdd1v2 1.0
  Operating conditions:   PVT_0P9V_125C 
  Operating conditions:   PVT_1P32V_0C 
  Interconnect mode:      global
  Area mode:              physical library
============================================================

     Instance         Module     Cell Count  Cell Area  Net Area   Total Area 
------------------------------------------------------------------------------
multiplier32FP                         4165  13316.454  5186.115    18502.569 
  i_mul_24        mul_24               1526   6463.458  1753.672     8217.130 
  i_post_norm_mul post_norm_mul        2357   5954.904  2987.819     8942.723 
  i_pre_norm_mul  pre_norm_mul           66    234.270    53.920      288.190 
  u_fsm           fpu_fsm                34    112.176    37.137      149.313 
