============================================================
  Generated by:           Genus(TM) Synthesis Solution 21.19-s055_1
  Generated on:           May 25 2026  09:50:38 am
  Module:                 multiplier32FP
  Operating conditions:   PVT_0P9V_125C 
  Operating conditions:   PVT_1P32V_0C 
  Interconnect mode:      global
  Area mode:              physical library
============================================================

                                                Library 
   Gate     Instances    Area        Library     Domain 
--------------------------------------------------------
ADDFHX1            27    203.148    slow_vdd1v0   worst 
ADDFHX2            34    279.072    slow_vdd1v0   worst 
ADDFHX4             2     19.152    slow_vdd1v0   worst 
ADDFX1             43    220.590    slow_vdd1v0   worst 
ADDFX2              1      7.866    slow_vdd1v0   worst 
ADDHX1              8     30.096    slow_vdd1v0   worst 
ADDHX2              1      5.130    slow_vdd1v0   worst 
AND2X1            200    273.600    slow_vdd1v0   worst 
AND2X2             22     37.620    slow_vdd1v0   worst 
AND2X4             16     43.776    slow_vdd1v0   worst 
AND2X6              9     33.858    slow_vdd1v0   worst 
AND3X1              3      7.182    slow_vdd1v0   worst 
AND3X4              1      3.078    slow_vdd1v0   worst 
AND3X6              1      4.446    slow_vdd1v0   worst 
AND3XL             12     24.624    slow_vdd1v0   worst 
AND4X1             13     31.122    slow_vdd1v0   worst 
AND4X6              1      5.814    slow_vdd1v0   worst 
AO21X1             44    105.336    slow_vdd1v0   worst 
AO21X2              1      2.736    slow_vdd1v0   worst 
AO22X1             55    150.480    slow_vdd1v0   worst 
AOI211X1            4      9.576    slow_vdd1v0   worst 
AOI211X2           11     37.620    slow_vdd1v0   worst 
AOI21X1           131    224.010    slow_vdd1v0   worst 
AOI21X2            45    123.120    slow_vdd1v0   worst 
AOI21X4            54    277.020    slow_vdd1v0   worst 
AOI221X2           21     93.366    slow_vdd1v0   worst 
AOI221X4            1      7.866    slow_vdd1v0   worst 
AOI222X2            3     16.416    slow_vdd1v0   worst 
AOI222X4            2     19.152    slow_vdd1v0   worst 
AOI22X1            52    106.704    slow_vdd1v0   worst 
AOI22X2            15     56.430    slow_vdd1v0   worst 
AOI22X4            15     92.340    slow_vdd1v0   worst 
AOI2BB1X1          29     59.508    slow_vdd1v0   worst 
AOI2BB1X2           5     15.390    slow_vdd1v0   worst 
AOI2BB1X4          16     65.664    slow_vdd1v0   worst 
AOI2BB2X1           1      3.420    slow_vdd1v0   worst 
AOI2BB2X2           1      5.130    slow_vdd1v0   worst 
AOI2BB2X4           1      7.524    slow_vdd1v0   worst 
AOI31X2            14     47.880    slow_vdd1v0   worst 
AOI31X4             1      6.498    slow_vdd1v0   worst 
AOI32X2             2      8.892    slow_vdd1v0   worst 
AOI32X4             1      7.866    slow_vdd1v0   worst 
BUFX12              3     15.390    slow_vdd1v0   worst 
BUFX2               4      6.840    slow_vdd1v0   worst 
BUFX3               4      8.208    slow_vdd1v0   worst 
BUFX4               1      2.394    slow_vdd1v0   worst 
BUFX6               5     15.390    slow_vdd1v0   worst 
BUFX8              37    139.194    slow_vdd1v0   worst 
CLKAND2X12         13     97.812    slow_vdd1v0   worst 
CLKAND2X2          32     65.664    slow_vdd1v0   worst 
CLKAND2X3          44    135.432    slow_vdd1v0   worst 
CLKAND2X4           1      3.420    slow_vdd1v0   worst 
CLKAND2X6          27    129.276    slow_vdd1v0   worst 
CLKBUFX12           2     10.260    slow_vdd1v0   worst 
CLKINVX12          20     82.080    slow_vdd1v0   worst 
CLKINVX16           4     21.888    slow_vdd1v0   worst 
CLKINVX20           4     25.992    slow_vdd1v0   worst 
CLKINVX4           20     34.200    slow_vdd1v0   worst 
CLKINVX6           23     55.062    slow_vdd1v0   worst 
CLKINVX8           14     43.092    slow_vdd1v0   worst 
CLKMX2X2            3      9.234    slow_vdd1v0   worst 
CLKMX2X3           10     41.040    slow_vdd1v0   worst 
CLKXOR2X1          20     54.720    slow_vdd1v0   worst 
DFFHQX1           220   1203.840    slow_vdd1v0   worst 
DFFHQX2             2     13.680    slow_vdd1v0   worst 
DFFHQX4             5     41.040    slow_vdd1v0   worst 
DFFHQX8             5     46.170    slow_vdd1v0   worst 
DFFQX2             10     64.980    slow_vdd1v0   worst 
DFFQX4              1      7.182    slow_vdd1v0   worst 
DFFQXL              3     16.416    slow_vdd1v0   worst 
DFFRHQX1           39    240.084    slow_vdd1v0   worst 
DFFRHQX4            1      9.576    slow_vdd1v0   worst 
DFFRX1              2     13.680    slow_vdd1v0   worst 
DFFRX2              3     22.572    slow_vdd1v0   worst 
DFFRX4              1      9.576    slow_vdd1v0   worst 
DFFX1              13     93.366    slow_vdd1v0   worst 
DFFX2              44    361.152    slow_vdd1v0   worst 
DFFX4              18    166.212    slow_vdd1v0   worst 
EDFFHQX1          283   2419.650    slow_vdd1v0   worst 
INVX1             209    142.956    slow_vdd1v0   worst 
INVX2              55     56.430    slow_vdd1v0   worst 
INVX20              1      6.498    slow_vdd1v0   worst 
INVX3              27     36.936    slow_vdd1v0   worst 
INVX6               2      4.788    slow_vdd1v0   worst 
MDFFHQX1            5     42.750    slow_vdd1v0   worst 
MDFFHQX4            1      9.234    slow_vdd1v0   worst 
MX2X1             115    275.310    slow_vdd1v0   worst 
MXI2X1              3      8.208    slow_vdd1v0   worst 
MXI2X2             10     44.460    slow_vdd1v0   worst 
MXI2X4              2     10.260    slow_vdd1v0   worst 
NAND2BX1           34     46.512    slow_vdd1v0   worst 
NAND2BX2            8     19.152    slow_vdd1v0   worst 
NAND2BX4            8     30.096    slow_vdd1v0   worst 
NAND2X1            85     87.210    slow_vdd1v0   worst 
NAND2X2           119    203.490    slow_vdd1v0   worst 
NAND2X4            56    191.520    slow_vdd1v0   worst 
NAND2X6            16     76.608    slow_vdd1v0   worst 
NAND2X8            12     65.664    slow_vdd1v0   worst 
NAND3BX2            1      3.078    slow_vdd1v0   worst 
NAND3BX4            1      5.130    slow_vdd1v0   worst 
NAND3X2             6     16.416    slow_vdd1v0   worst 
NAND4X6             1      8.550    slow_vdd1v0   worst 
NOR2BX1            87    119.016    slow_vdd1v0   worst 
NOR2BX2            11     30.096    slow_vdd1v0   worst 
NOR2BX4            22     82.764    slow_vdd1v0   worst 
NOR2X1            131    134.406    slow_vdd1v0   worst 
NOR2X2             93    159.030    slow_vdd1v0   worst 
NOR2X4             99    304.722    slow_vdd1v0   worst 
NOR2X6             48    196.992    slow_vdd1v0   worst 
NOR2X8             13     71.136    slow_vdd1v0   worst 
NOR3BX1             1      2.052    slow_vdd1v0   worst 
NOR3BX2             2      6.840    slow_vdd1v0   worst 
NOR3BX4             1      5.814    slow_vdd1v0   worst 
NOR3X1              6     10.260    slow_vdd1v0   worst 
NOR3X2              7     19.152    slow_vdd1v0   worst 
NOR3X4              3     15.390    slow_vdd1v0   worst 
NOR3X8              5     44.460    slow_vdd1v0   worst 
NOR4X2              7     23.940    slow_vdd1v0   worst 
NOR4X4              1      6.498    slow_vdd1v0   worst 
OA21X1             86    176.472    slow_vdd1v0   worst 
OA21X4              2      7.524    slow_vdd1v0   worst 
OA22X1            153    366.282    slow_vdd1v0   worst 
OAI211X4            2     12.996    slow_vdd1v0   worst 
OAI21X1            88    150.480    slow_vdd1v0   worst 
OAI21X2            30     92.340    slow_vdd1v0   worst 
OAI21X4            31    148.428    slow_vdd1v0   worst 
OAI221X2            1      4.788    slow_vdd1v0   worst 
OAI22X1            55    112.860    slow_vdd1v0   worst 
OAI22X2             9     30.780    slow_vdd1v0   worst 
OAI22X4             3     19.494    slow_vdd1v0   worst 
OAI2BB1X1         177    302.670    slow_vdd1v0   worst 
OAI2BB1X2           7     21.546    slow_vdd1v0   worst 
OAI2BB1X4           2      8.892    slow_vdd1v0   worst 
OAI2BB2X2           4     21.888    slow_vdd1v0   worst 
OAI31X1             3      6.156    slow_vdd1v0   worst 
OAI31X2             5     18.810    slow_vdd1v0   worst 
OAI31X4             1      6.840    slow_vdd1v0   worst 
OAI32X2             1      4.446    slow_vdd1v0   worst 
OR2X1             120    164.160    slow_vdd1v0   worst 
OR2X2              18     30.780    slow_vdd1v0   worst 
OR2X4              18     49.248    slow_vdd1v0   worst 
OR2X6              10     37.620    slow_vdd1v0   worst 
OR2X8               1      4.446    slow_vdd1v0   worst 
OR3X1              46     94.392    slow_vdd1v0   worst 
OR3X2               2      4.788    slow_vdd1v0   worst 
OR3X4               1      3.078    slow_vdd1v0   worst 
OR4X1              40     82.080    slow_vdd1v0   worst 
OR4X2               1      3.420    slow_vdd1v0   worst 
OR4X4               1      3.762    slow_vdd1v0   worst 
OR4X6               1      5.472    slow_vdd1v0   worst 
XNOR2X1            53    126.882    slow_vdd1v0   worst 
XNOR2X2             8     24.624    slow_vdd1v0   worst 
XOR2X2             10     34.200    slow_vdd1v0   worst 
XOR2X4              1      4.104    slow_vdd1v0   worst 
--------------------------------------------------------
total            4165  13316.454                


                                          
     Type      Instances    Area   Area % 
------------------------------------------
sequential           656  4781.160   35.9 
inverter             379   509.922    3.8 
buffer                56   197.676    1.5 
logic               3074  7827.696   58.8 
physical_cells         0     0.000    0.0 
------------------------------------------
total               4165 13316.454  100.0 

