============================================================
  Generated by:           Genus(TM) Synthesis Solution 21.19-s055_1
  Generated on:           May 23 2026  03:31:36 pm
  Module:                 multiplier32FP
  Operating conditions:   PVT_0P9V_125C 
  Operating conditions:   PVT_1P32V_0C 
  Interconnect mode:      global
  Area mode:              physical library
============================================================

                                                Library 
   Gate     Instances    Area        Library     Domain 
--------------------------------------------------------
ADDFHX1             3     22.572    slow_vdd1v0   worst 
ADDFHX2            52    426.816    slow_vdd1v0   worst 
ADDFX1              7     35.910    slow_vdd1v0   worst 
ADDHX1             12     45.144    slow_vdd1v0   worst 
ADDHX2             13     66.690    slow_vdd1v0   worst 
ADDHX4              1      7.182    slow_vdd1v0   worst 
AND2X1            103    140.904    slow_vdd1v0   worst 
AND2X2             15     25.650    slow_vdd1v0   worst 
AND2X4             15     41.040    slow_vdd1v0   worst 
AND2X6             26     97.812    slow_vdd1v0   worst 
AND2X8              3     13.338    slow_vdd1v0   worst 
AND3X1              3      7.182    slow_vdd1v0   worst 
AND3X4              1      3.078    slow_vdd1v0   worst 
AND3X6              4     17.784    slow_vdd1v0   worst 
AND3XL              4      8.208    slow_vdd1v0   worst 
AND4X1              2      4.788    slow_vdd1v0   worst 
AND4X4              1      3.762    slow_vdd1v0   worst 
AO21X1             38     90.972    slow_vdd1v0   worst 
AO21X2              6     16.416    slow_vdd1v0   worst 
AO21X4              5     17.100    slow_vdd1v0   worst 
AO22X1             42    114.912    slow_vdd1v0   worst 
AO22X2              1      3.078    slow_vdd1v0   worst 
AO22X4              1      3.762    slow_vdd1v0   worst 
AOI211X1            4      9.576    slow_vdd1v0   worst 
AOI211X2            7     23.940    slow_vdd1v0   worst 
AOI211X4            9     58.482    slow_vdd1v0   worst 
AOI21X1            53     90.630    slow_vdd1v0   worst 
AOI21X2            59    161.424    slow_vdd1v0   worst 
AOI21X4           105    538.650    slow_vdd1v0   worst 
AOI221X2           12     53.352    slow_vdd1v0   worst 
AOI221X4           24    188.784    slow_vdd1v0   worst 
AOI222X2            7     38.304    slow_vdd1v0   worst 
AOI222X4            5     47.880    slow_vdd1v0   worst 
AOI22X1            13     26.676    slow_vdd1v0   worst 
AOI22X2            44    165.528    slow_vdd1v0   worst 
AOI22X4            57    350.892    slow_vdd1v0   worst 
AOI2BB1X1          18     36.936    slow_vdd1v0   worst 
AOI2BB1X2          27     83.106    slow_vdd1v0   worst 
AOI2BB1X4          78    320.112    slow_vdd1v0   worst 
AOI2BB1XL           1      2.052    slow_vdd1v0   worst 
AOI2BB2X2           1      5.130    slow_vdd1v0   worst 
AOI2BB2X4          17    127.908    slow_vdd1v0   worst 
AOI31X2             5     17.100    slow_vdd1v0   worst 
AOI31X4             1      6.498    slow_vdd1v0   worst 
AOI32X2             1      4.446    slow_vdd1v0   worst 
AOI32X4             4     31.464    slow_vdd1v0   worst 
BUFX12              1      5.130    slow_vdd1v0   worst 
BUFX16              1      6.840    slow_vdd1v0   worst 
BUFX2               5      8.550    slow_vdd1v0   worst 
BUFX3               6     12.312    slow_vdd1v0   worst 
BUFX6              45    138.510    slow_vdd1v0   worst 
BUFX8              37    139.194    slow_vdd1v0   worst 
CLKAND2X12         28    210.672    slow_vdd1v0   worst 
CLKAND2X2          51    104.652    slow_vdd1v0   worst 
CLKAND2X3          57    175.446    slow_vdd1v0   worst 
CLKAND2X4          11     37.620    slow_vdd1v0   worst 
CLKAND2X6         100    478.800    slow_vdd1v0   worst 
CLKAND2X8           5     29.070    slow_vdd1v0   worst 
CLKBUFX12           4     20.520    slow_vdd1v0   worst 
CLKBUFX16           2     13.680    slow_vdd1v0   worst 
CLKBUFX2            1      1.710    slow_vdd1v0   worst 
CLKBUFX6            6     18.468    slow_vdd1v0   worst 
CLKINVX12          24     98.496    slow_vdd1v0   worst 
CLKINVX16          23    125.856    slow_vdd1v0   worst 
CLKINVX2            3      4.104    slow_vdd1v0   worst 
CLKINVX20           6     38.988    slow_vdd1v0   worst 
CLKINVX3            5      8.550    slow_vdd1v0   worst 
CLKINVX4           80    136.800    slow_vdd1v0   worst 
CLKINVX6           45    107.730    slow_vdd1v0   worst 
CLKINVX8           27     83.106    slow_vdd1v0   worst 
CLKMX2X2           12     36.936    slow_vdd1v0   worst 
CLKMX2X3           41    168.264    slow_vdd1v0   worst 
CLKXOR2X1          22     60.192    slow_vdd1v0   worst 
DFFHQX1           131    716.832    slow_vdd1v0   worst 
DFFHQX2             5     34.200    slow_vdd1v0   worst 
DFFHQX4            30    246.240    slow_vdd1v0   worst 
DFFHQX8            38    350.892    slow_vdd1v0   worst 
DFFQX1              5     29.070    slow_vdd1v0   worst 
DFFQX2             50    324.900    slow_vdd1v0   worst 
DFFQX4              3     21.546    slow_vdd1v0   worst 
DFFQXL             16     87.552    slow_vdd1v0   worst 
DFFRHQX1           38    233.928    slow_vdd1v0   worst 
DFFRHQX4            1      9.576    slow_vdd1v0   worst 
DFFRX2              5     37.620    slow_vdd1v0   worst 
DFFTRX2             1      8.208    slow_vdd1v0   worst 
DFFX1              27    193.914    slow_vdd1v0   worst 
DFFX2               6     49.248    slow_vdd1v0   worst 
DFFX4              11    101.574    slow_vdd1v0   worst 
EDFFHQX1          126   1077.300    slow_vdd1v0   worst 
EDFFHQX2            2     17.784    slow_vdd1v0   worst 
EDFFX4              4     43.776    slow_vdd1v0   worst 
INVX1             134     91.656    slow_vdd1v0   worst 
INVX12              1      4.104    slow_vdd1v0   worst 
INVX16              4     21.888    slow_vdd1v0   worst 
INVX2              91     93.366    slow_vdd1v0   worst 
INVX20              1      6.498    slow_vdd1v0   worst 
INVX3              89    121.752    slow_vdd1v0   worst 
INVX4               5      8.550    slow_vdd1v0   worst 
INVX6               7     16.758    slow_vdd1v0   worst 
INVX8               2      6.156    slow_vdd1v0   worst 
INVXL               5      3.420    slow_vdd1v0   worst 
MDFFHQX1           18    153.900    slow_vdd1v0   worst 
MDFFHQX2           14    129.276    slow_vdd1v0   worst 
MDFFHQX4          124   1145.016    slow_vdd1v0   worst 
MDFFHQX8            1     11.286    slow_vdd1v0   worst 
MX2X1              21     50.274    slow_vdd1v0   worst 
MX4X1               4     30.096    slow_vdd1v0   worst 
MXI2X1              1      2.736    slow_vdd1v0   worst 
MXI2X2              4     17.784    slow_vdd1v0   worst 
MXI2X4             31    159.030    slow_vdd1v0   worst 
MXI2X6              2     10.260    slow_vdd1v0   worst 
NAND2BX1           13     17.784    slow_vdd1v0   worst 
NAND2BX2           14     33.516    slow_vdd1v0   worst 
NAND2BX4           14     52.668    slow_vdd1v0   worst 
NAND2X1            57     58.482    slow_vdd1v0   worst 
NAND2X2           137    234.270    slow_vdd1v0   worst 
NAND2X4           162    554.040    slow_vdd1v0   worst 
NAND2X6            73    349.524    slow_vdd1v0   worst 
NAND2X8            46    251.712    slow_vdd1v0   worst 
NAND2XL             5      5.130    slow_vdd1v0   worst 
NAND3X2             6     16.416    slow_vdd1v0   worst 
NAND3X4             2      9.576    slow_vdd1v0   worst 
NAND3X6             1      7.182    slow_vdd1v0   worst 
NAND4X4             1      6.840    slow_vdd1v0   worst 
NAND4X8             2     20.520    slow_vdd1v0   worst 
NOR2BX1            25     34.200    slow_vdd1v0   worst 
NOR2BX2            44    120.384    slow_vdd1v0   worst 
NOR2BX4            26     97.812    slow_vdd1v0   worst 
NOR2X1             90     92.340    slow_vdd1v0   worst 
NOR2X2            135    230.850    slow_vdd1v0   worst 
NOR2X4            308    948.024    slow_vdd1v0   worst 
NOR2X6            134    549.936    slow_vdd1v0   worst 
NOR2X8             53    290.016    slow_vdd1v0   worst 
NOR2XL              6      6.156    slow_vdd1v0   worst 
NOR3BX2             2      6.840    slow_vdd1v0   worst 
NOR3BX4             3     17.442    slow_vdd1v0   worst 
NOR3X1              6     10.260    slow_vdd1v0   worst 
NOR3X2              7     19.152    slow_vdd1v0   worst 
NOR3X4              5     25.650    slow_vdd1v0   worst 
NOR3X6             11     79.002    slow_vdd1v0   worst 
NOR3X8              3     26.676    slow_vdd1v0   worst 
NOR4BX2             1      4.788    slow_vdd1v0   worst 
NOR4BX4             1      7.524    slow_vdd1v0   worst 
NOR4X2              5     17.100    slow_vdd1v0   worst 
NOR4X4              2     12.996    slow_vdd1v0   worst 
NOR4X8              1     10.602    slow_vdd1v0   worst 
OA21X1             39     80.028    slow_vdd1v0   worst 
OA21X2              4     12.312    slow_vdd1v0   worst 
OA21X4              7     26.334    slow_vdd1v0   worst 
OA22X1             36     86.184    slow_vdd1v0   worst 
OA22X2              1      3.420    slow_vdd1v0   worst 
OA22X4              3     12.312    slow_vdd1v0   worst 
OAI211X2            3     12.312    slow_vdd1v0   worst 
OAI211X4            3     19.494    slow_vdd1v0   worst 
OAI21X1            26     44.460    slow_vdd1v0   worst 
OAI21X2            37    113.886    slow_vdd1v0   worst 
OAI21X4           100    478.800    slow_vdd1v0   worst 
OAI221X2            1      4.788    slow_vdd1v0   worst 
OAI221X4            3     23.598    slow_vdd1v0   worst 
OAI22X1             5     10.260    slow_vdd1v0   worst 
OAI22X2            18     61.560    slow_vdd1v0   worst 
OAI22X4            24    155.952    slow_vdd1v0   worst 
OAI2BB1X1          29     49.590    slow_vdd1v0   worst 
OAI2BB1X2          73    224.694    slow_vdd1v0   worst 
OAI2BB1X4          59    262.314    slow_vdd1v0   worst 
OAI2BB2X2           1      5.472    slow_vdd1v0   worst 
OAI2BB2X4           2     17.100    slow_vdd1v0   worst 
OAI31X2             2      7.524    slow_vdd1v0   worst 
OAI31X4             5     34.200    slow_vdd1v0   worst 
OAI32X2             2      8.892    slow_vdd1v0   worst 
OR2X1              76    103.968    slow_vdd1v0   worst 
OR2X2              29     49.590    slow_vdd1v0   worst 
OR2X4              10     27.360    slow_vdd1v0   worst 
OR2X6              10     37.620    slow_vdd1v0   worst 
OR2X8               5     22.230    slow_vdd1v0   worst 
OR3X1              22     45.144    slow_vdd1v0   worst 
OR3X2               4      9.576    slow_vdd1v0   worst 
OR3X4               2      6.156    slow_vdd1v0   worst 
OR3X6               1      4.788    slow_vdd1v0   worst 
OR4X1              15     30.780    slow_vdd1v0   worst 
OR4X2               1      3.420    slow_vdd1v0   worst 
OR4X4               1      3.762    slow_vdd1v0   worst 
OR4X6               1      5.472    slow_vdd1v0   worst 
XNOR2X1            37     88.578    slow_vdd1v0   worst 
XNOR2X2            21     64.638    slow_vdd1v0   worst 
XNOR2X4             8     30.096    slow_vdd1v0   worst 
XOR2X2              6     20.520    slow_vdd1v0   worst 
XOR2X4              4     16.416    slow_vdd1v0   worst 
XOR3X1              4     30.096    slow_vdd1v0   worst 
--------------------------------------------------------
total            4757  18122.238                


                                          
     Type      Instances    Area   Area % 
------------------------------------------
sequential           656  5023.638   27.7 
inverter             552   977.778    5.4 
buffer               108   364.914    2.0 
logic               3441 11755.908   64.9 
physical_cells         0     0.000    0.0 
------------------------------------------
total               4757 18122.238  100.0 

