============================================================
  Generated by:           Genus(TM) Synthesis Solution 21.19-s055_1
  Generated on:           May 23 2026  03:31:35 pm
  Module:                 multiplier32FP
  Library domain:         worst
    Domain index:         0
    Technology library:   slow_vdd1v0 1.0
  Library domain:         best
    Domain index:         1
    Technology library:   fast_vdd1v2 1.0
  Operating conditions:   PVT_0P9V_125C 
  Operating conditions:   PVT_1P32V_0C 
  Interconnect mode:      global
  Area mode:              physical library
============================================================

     Instance         Module     Cell Count  Cell Area  Net Area   Total Area 
------------------------------------------------------------------------------
multiplier32FP                         4757  18122.238  5695.111    23817.349 
  i_mul_24        mul_24               1998   8844.804  2277.797    11122.601 
  i_post_norm_mul post_norm_mul        2442   8205.948  2938.613    11144.561 
  i_pre_norm_mul  pre_norm_mul           92    287.280    79.559      366.839 
  u_fsm           fpu_fsm                37    114.228    38.240      152.468 
