============================================================
  Generated by:           Genus(TM) Synthesis Solution 21.19-s055_1
  Generated on:           May 23 2026  03:31:35 pm
  Module:                 multiplier32FP
  Library domain:         worst
    Domain index:         0
    Technology library:   slow_vdd1v0 1.0
  Library domain:         best
    Domain index:         1
    Technology library:   fast_vdd1v2 1.0
  Operating conditions:   PVT_0P9V_125C 
  Operating conditions:   PVT_1P32V_0C 
  Interconnect mode:      global
  Area mode:              physical library
============================================================

     Instance         Module     Cell Count  Normalized Cell Area  Normalized Net Area   Normalized Total Area 
---------------------------------------------------------------------------------------------------------------
multiplier32FP                         4757             17663.000             5550.790               23213.790 
  i_mul_24        mul_24               1998              8620.667             2220.075               10840.742 
  i_post_norm_mul post_norm_mul        2442              7998.000             2864.145               10862.145 
  i_pre_norm_mul  pre_norm_mul           92               280.000               77.542                 357.542 
  u_fsm           fpu_fsm                37               111.333               37.271                 148.604 
