============================================================
  Generated by:           Genus(TM) Synthesis Solution 21.19-s055_1
  Generated on:           May 23 2026  02:14:40 pm
  Module:                 multiplier32FP
  Operating conditions:   PVT_0P9V_125C 
  Operating conditions:   PVT_1P32V_0C 
  Interconnect mode:      global
  Area mode:              physical library
============================================================

                                                Library 
   Gate     Instances    Area        Library     Domain 
--------------------------------------------------------
ADDFHX1            23    173.052    slow_vdd1v0   worst 
ADDFHX2            49    402.192    slow_vdd1v0   worst 
ADDFHX4             4     38.304    slow_vdd1v0   worst 
ADDFX1             27    138.510    slow_vdd1v0   worst 
ADDHX1             12     45.144    slow_vdd1v0   worst 
ADDHX2             16     82.080    slow_vdd1v0   worst 
ADDHX4              3     21.546    slow_vdd1v0   worst 
AND2X1            187    255.816    slow_vdd1v0   worst 
AND2X2             21     35.910    slow_vdd1v0   worst 
AND2X4              9     24.624    slow_vdd1v0   worst 
AND2X6              9     33.858    slow_vdd1v0   worst 
AND2X8              1      4.446    slow_vdd1v0   worst 
AND3X1              1      2.394    slow_vdd1v0   worst 
AND3X4              4     12.312    slow_vdd1v0   worst 
AND3X6              2      8.892    slow_vdd1v0   worst 
AND3XL             12     24.624    slow_vdd1v0   worst 
AND4X1              4      9.576    slow_vdd1v0   worst 
AO21X1             50    119.700    slow_vdd1v0   worst 
AO21X2              2      5.472    slow_vdd1v0   worst 
AO21X4              3     10.260    slow_vdd1v0   worst 
AO22X1             70    191.520    slow_vdd1v0   worst 
AO22X4              1      3.762    slow_vdd1v0   worst 
AOI211X1            7     16.758    slow_vdd1v0   worst 
AOI211X2            9     30.780    slow_vdd1v0   worst 
AOI211X4            2     12.996    slow_vdd1v0   worst 
AOI21X1           111    189.810    slow_vdd1v0   worst 
AOI21X2            45    123.120    slow_vdd1v0   worst 
AOI21X4            52    266.760    slow_vdd1v0   worst 
AOI21XL             2      3.420    slow_vdd1v0   worst 
AOI221X1            2      4.788    slow_vdd1v0   worst 
AOI221X2           21     93.366    slow_vdd1v0   worst 
AOI221X4            5     39.330    slow_vdd1v0   worst 
AOI222X2            5     27.360    slow_vdd1v0   worst 
AOI222X4            3     28.728    slow_vdd1v0   worst 
AOI22X1            63    129.276    slow_vdd1v0   worst 
AOI22X2            25     94.050    slow_vdd1v0   worst 
AOI22X4            10     61.560    slow_vdd1v0   worst 
AOI22XL             3      6.156    slow_vdd1v0   worst 
AOI2BB1X1          32     65.664    slow_vdd1v0   worst 
AOI2BB1X2          13     40.014    slow_vdd1v0   worst 
AOI2BB1X4          16     65.664    slow_vdd1v0   worst 
AOI2BB2X1           1      3.420    slow_vdd1v0   worst 
AOI2BB2X2           3     15.390    slow_vdd1v0   worst 
AOI2BB2X4           7     52.668    slow_vdd1v0   worst 
AOI31X1             1      2.052    slow_vdd1v0   worst 
AOI31X2            13     44.460    slow_vdd1v0   worst 
AOI31X4             1      6.498    slow_vdd1v0   worst 
AOI32X1             1      2.394    slow_vdd1v0   worst 
AOI32X2             5     22.230    slow_vdd1v0   worst 
AOI32X4             2     15.732    slow_vdd1v0   worst 
BUFX12              1      5.130    slow_vdd1v0   worst 
BUFX2               4      6.840    slow_vdd1v0   worst 
BUFX3              13     26.676    slow_vdd1v0   worst 
BUFX6              60    184.680    slow_vdd1v0   worst 
BUFX8              37    139.194    slow_vdd1v0   worst 
CLKAND2X12         18    135.432    slow_vdd1v0   worst 
CLKAND2X2          30     61.560    slow_vdd1v0   worst 
CLKAND2X3          37    113.886    slow_vdd1v0   worst 
CLKAND2X4           5     17.100    slow_vdd1v0   worst 
CLKAND2X6          35    167.580    slow_vdd1v0   worst 
CLKBUFX12           2     10.260    slow_vdd1v0   worst 
CLKBUFX16           5     34.200    slow_vdd1v0   worst 
CLKBUFX20           1      8.208    slow_vdd1v0   worst 
CLKBUFX4            1      2.394    slow_vdd1v0   worst 
CLKBUFX6            1      3.078    slow_vdd1v0   worst 
CLKINVX12          29    119.016    slow_vdd1v0   worst 
CLKINVX16          10     54.720    slow_vdd1v0   worst 
CLKINVX2            4      5.472    slow_vdd1v0   worst 
CLKINVX20           4     25.992    slow_vdd1v0   worst 
CLKINVX3            5      8.550    slow_vdd1v0   worst 
CLKINVX4           47     80.370    slow_vdd1v0   worst 
CLKINVX6           34     81.396    slow_vdd1v0   worst 
CLKINVX8           40    123.120    slow_vdd1v0   worst 
CLKMX2X2            4     12.312    slow_vdd1v0   worst 
CLKMX2X3           25    102.600    slow_vdd1v0   worst 
CLKXOR2X1          23     62.928    slow_vdd1v0   worst 
CLKXOR2X2           1      3.420    slow_vdd1v0   worst 
DFFHQX1           165    902.880    slow_vdd1v0   worst 
DFFHQX2             3     20.520    slow_vdd1v0   worst 
DFFHQX4             4     32.832    slow_vdd1v0   worst 
DFFHQX8            14    129.276    slow_vdd1v0   worst 
DFFQX2             14     90.972    slow_vdd1v0   worst 
DFFQXL             13     71.136    slow_vdd1v0   worst 
DFFRHQX1           39    240.084    slow_vdd1v0   worst 
DFFRHQX4            1      9.576    slow_vdd1v0   worst 
DFFRX1              1      6.840    slow_vdd1v0   worst 
DFFRX2              3     22.572    slow_vdd1v0   worst 
DFFX1              46    330.372    slow_vdd1v0   worst 
DFFX2              35    287.280    slow_vdd1v0   worst 
DFFX4              27    249.318    slow_vdd1v0   worst 
DFFXL               2     15.048    slow_vdd1v0   worst 
EDFFHQX1          256   2188.800    slow_vdd1v0   worst 
EDFFHQX2            5     44.460    slow_vdd1v0   worst 
INVX1             171    116.964    slow_vdd1v0   worst 
INVX12              1      4.104    slow_vdd1v0   worst 
INVX16              1      5.472    slow_vdd1v0   worst 
INVX2             106    108.756    slow_vdd1v0   worst 
INVX3              43     58.824    slow_vdd1v0   worst 
INVX4               3      5.130    slow_vdd1v0   worst 
INVX6               6     14.364    slow_vdd1v0   worst 
INVX8               4     12.312    slow_vdd1v0   worst 
INVXL               2      1.368    slow_vdd1v0   worst 
MDFFHQX1           25    213.750    slow_vdd1v0   worst 
MDFFHQX2            2     18.468    slow_vdd1v0   worst 
MDFFHQX4            1      9.234    slow_vdd1v0   worst 
MX2X1              40     95.760    slow_vdd1v0   worst 
MX4X1               2     15.048    slow_vdd1v0   worst 
MX4XL               1      7.182    slow_vdd1v0   worst 
MXI2X1              4     10.944    slow_vdd1v0   worst 
MXI2X2              6     26.676    slow_vdd1v0   worst 
MXI2X4             13     66.690    slow_vdd1v0   worst 
MXI4X1              2     14.364    slow_vdd1v0   worst 
NAND2BX1           24     32.832    slow_vdd1v0   worst 
NAND2BX2           14     33.516    slow_vdd1v0   worst 
NAND2BX4            4     15.048    slow_vdd1v0   worst 
NAND2X1            75     76.950    slow_vdd1v0   worst 
NAND2X2           131    224.010    slow_vdd1v0   worst 
NAND2X4            64    218.880    slow_vdd1v0   worst 
NAND2X6            24    114.912    slow_vdd1v0   worst 
NAND2X8            16     87.552    slow_vdd1v0   worst 
NAND3BX2            1      3.078    slow_vdd1v0   worst 
NAND3BX4            2     10.260    slow_vdd1v0   worst 
NAND3X2             5     13.680    slow_vdd1v0   worst 
NAND3X4             7     33.516    slow_vdd1v0   worst 
NAND3X6             2     14.364    slow_vdd1v0   worst 
NAND4X6             2     17.100    slow_vdd1v0   worst 
NAND4X8             1     10.260    slow_vdd1v0   worst 
NOR2BX1            52     71.136    slow_vdd1v0   worst 
NOR2BX2            28     76.608    slow_vdd1v0   worst 
NOR2BX4            12     45.144    slow_vdd1v0   worst 
NOR2X1            141    144.666    slow_vdd1v0   worst 
NOR2X2            116    198.360    slow_vdd1v0   worst 
NOR2X4            111    341.658    slow_vdd1v0   worst 
NOR2X6             51    209.304    slow_vdd1v0   worst 
NOR2X8             51    279.072    slow_vdd1v0   worst 
NOR2XL              3      3.078    slow_vdd1v0   worst 
NOR3BX2             2      6.840    slow_vdd1v0   worst 
NOR3BX4             1      5.814    slow_vdd1v0   worst 
NOR3X1              4      6.840    slow_vdd1v0   worst 
NOR3X2              7     19.152    slow_vdd1v0   worst 
NOR3X6              3     21.546    slow_vdd1v0   worst 
NOR4X1              1      1.710    slow_vdd1v0   worst 
NOR4X2              4     13.680    slow_vdd1v0   worst 
NOR4X4              1      6.498    slow_vdd1v0   worst 
OA21X1             92    188.784    slow_vdd1v0   worst 
OA21X2              3      9.234    slow_vdd1v0   worst 
OA21X4              2      7.524    slow_vdd1v0   worst 
OA22X1            171    409.374    slow_vdd1v0   worst 
OA22X4              4     16.416    slow_vdd1v0   worst 
OAI211X2            3     12.312    slow_vdd1v0   worst 
OAI211X4            4     25.992    slow_vdd1v0   worst 
OAI21X1            65    111.150    slow_vdd1v0   worst 
OAI21X2            37    113.886    slow_vdd1v0   worst 
OAI21X4            55    263.340    slow_vdd1v0   worst 
OAI21XL             2      3.420    slow_vdd1v0   worst 
OAI221X1            1      2.394    slow_vdd1v0   worst 
OAI221X2            8     38.304    slow_vdd1v0   worst 
OAI221X4            1      7.866    slow_vdd1v0   worst 
OAI222X4            1      9.234    slow_vdd1v0   worst 
OAI22X1            55    112.860    slow_vdd1v0   worst 
OAI22X2            23     78.660    slow_vdd1v0   worst 
OAI22X4             8     51.984    slow_vdd1v0   worst 
OAI22XL             1      2.052    slow_vdd1v0   worst 
OAI2BB1X1         119    203.490    slow_vdd1v0   worst 
OAI2BB1X2          22     67.716    slow_vdd1v0   worst 
OAI2BB1X4          10     44.460    slow_vdd1v0   worst 
OAI2BB2X4           4     34.200    slow_vdd1v0   worst 
OAI31X1             2      4.104    slow_vdd1v0   worst 
OAI31X2             6     22.572    slow_vdd1v0   worst 
OAI32X2             1      4.446    slow_vdd1v0   worst 
OR2X1             104    142.272    slow_vdd1v0   worst 
OR2X2              30     51.300    slow_vdd1v0   worst 
OR2X4              26     71.136    slow_vdd1v0   worst 
OR2X6              15     56.430    slow_vdd1v0   worst 
OR2X8               6     26.676    slow_vdd1v0   worst 
OR3X1              28     57.456    slow_vdd1v0   worst 
OR3X2               3      7.182    slow_vdd1v0   worst 
OR3X4               1      3.078    slow_vdd1v0   worst 
OR3X6               2      9.576    slow_vdd1v0   worst 
OR4X1              37     75.924    slow_vdd1v0   worst 
OR4X2               3     10.260    slow_vdd1v0   worst 
XNOR2X1            36     86.184    slow_vdd1v0   worst 
XNOR2X2            14     43.092    slow_vdd1v0   worst 
XOR2X2              3     10.260    slow_vdd1v0   worst 
--------------------------------------------------------
total            4475  15005.592                


                                          
     Type      Instances    Area   Area % 
------------------------------------------
sequential           656  4883.418   32.5 
inverter             510   825.930    5.5 
buffer               125   420.660    2.8 
logic               3184  8875.584   59.1 
physical_cells         0     0.000    0.0 
------------------------------------------
total               4475 15005.592  100.0 

