============================================================
  Generated by:           Genus(TM) Synthesis Solution 21.19-s055_1
  Generated on:           May 22 2026  08:33:51 am
  Module:                 multiplier32FP
  Operating conditions:   PVT_0P9V_125C 
  Operating conditions:   PVT_1P32V_0C 
  Interconnect mode:      global
  Area mode:              physical library
============================================================

                                               Library 
   Gate     Instances    Area       Library     Domain 
-------------------------------------------------------
ADDFX1            157   805.410    slow_vdd1v0   worst 
ADDHX1             64   240.768    slow_vdd1v0   worst 
AND2X1            280   383.040    slow_vdd1v0   worst 
AND2X2              6    10.260    slow_vdd1v0   worst 
AND2X4              5    13.680    slow_vdd1v0   worst 
AND2X6              8    30.096    slow_vdd1v0   worst 
AND2X8              2     8.892    slow_vdd1v0   worst 
AND3X1              6    14.364    slow_vdd1v0   worst 
AND3X4              1     3.078    slow_vdd1v0   worst 
AND3XL              9    18.468    slow_vdd1v0   worst 
AND4X1              9    21.546    slow_vdd1v0   worst 
AND4X6              1     5.814    slow_vdd1v0   worst 
AO21X1             30    71.820    slow_vdd1v0   worst 
AO21X2              1     2.736    slow_vdd1v0   worst 
AO22X1             49   134.064    slow_vdd1v0   worst 
AOI211X1            1     2.394    slow_vdd1v0   worst 
AOI211X2            2     6.840    slow_vdd1v0   worst 
AOI21X1            70   119.700    slow_vdd1v0   worst 
AOI21X2             2     5.472    slow_vdd1v0   worst 
AOI221X2            7    31.122    slow_vdd1v0   worst 
AOI22X1           195   400.140    slow_vdd1v0   worst 
AOI22X2             1     3.762    slow_vdd1v0   worst 
AOI2BB1X1           4     8.208    slow_vdd1v0   worst 
AOI31X2             2     6.840    slow_vdd1v0   worst 
BUFX2              51    87.210    slow_vdd1v0   worst 
BUFX6               1     3.078    slow_vdd1v0   worst 
BUFX8              37   139.194    slow_vdd1v0   worst 
CLKAND2X12          4    30.096    slow_vdd1v0   worst 
CLKAND2X2           1     2.052    slow_vdd1v0   worst 
CLKINVX4            4     6.840    slow_vdd1v0   worst 
CLKINVX6            1     2.394    slow_vdd1v0   worst 
CLKINVX8            1     3.078    slow_vdd1v0   worst 
CLKMX2X3           24    98.496    slow_vdd1v0   worst 
CLKXOR2X1          14    38.304    slow_vdd1v0   worst 
DFFHQX1           268  1466.496    slow_vdd1v0   worst 
DFFHQX2             1     6.840    slow_vdd1v0   worst 
DFFHQX4             1     8.208    slow_vdd1v0   worst 
DFFQX2              1     6.498    slow_vdd1v0   worst 
DFFRHQX1           39   240.084    slow_vdd1v0   worst 
DFFRX1              5    34.200    slow_vdd1v0   worst 
DFFRX2              4    30.096    slow_vdd1v0   worst 
DFFX1              10    71.820    slow_vdd1v0   worst 
DFFX2              36   295.488    slow_vdd1v0   worst 
DFFX4               1     9.234    slow_vdd1v0   worst 
EDFFHQX1          288  2462.400    slow_vdd1v0   worst 
EDFFX2              1     9.234    slow_vdd1v0   worst 
INVX1             103    70.452    slow_vdd1v0   worst 
INVX2              32    32.832    slow_vdd1v0   worst 
INVX3              12    16.416    slow_vdd1v0   worst 
INVX6               5    11.970    slow_vdd1v0   worst 
MDFFHQX2            1     9.234    slow_vdd1v0   worst 
MX2X1              44   105.336    slow_vdd1v0   worst 
NAND2BX1           32    43.776    slow_vdd1v0   worst 
NAND2BX2            6    14.364    slow_vdd1v0   worst 
NAND2X1           106   108.756    slow_vdd1v0   worst 
NAND2X2            72   123.120    slow_vdd1v0   worst 
NAND2X4             8    27.360    slow_vdd1v0   worst 
NAND3BX2            5    15.390    slow_vdd1v0   worst 
NAND3X2             7    19.152    slow_vdd1v0   worst 
NOR2BX1            59    80.712    slow_vdd1v0   worst 
NOR2BX2            10    27.360    slow_vdd1v0   worst 
NOR2X1             64    65.664    slow_vdd1v0   worst 
NOR2X2             30    51.300    slow_vdd1v0   worst 
NOR3BX1             4     8.208    slow_vdd1v0   worst 
NOR3X1              7    11.970    slow_vdd1v0   worst 
NOR3X4              1     5.130    slow_vdd1v0   worst 
NOR4X2             10    34.200    slow_vdd1v0   worst 
OA21X1             27    55.404    slow_vdd1v0   worst 
OA22X1            136   325.584    slow_vdd1v0   worst 
OAI21X1            37    63.270    slow_vdd1v0   worst 
OAI21X2             1     3.078    slow_vdd1v0   worst 
OAI22X1            61   125.172    slow_vdd1v0   worst 
OAI22X2             1     3.420    slow_vdd1v0   worst 
OAI2BB1X1         100   171.000    slow_vdd1v0   worst 
OAI2BB1X2           1     3.078    slow_vdd1v0   worst 
OAI31X2             2     7.524    slow_vdd1v0   worst 
OR2X1              79   108.072    slow_vdd1v0   worst 
OR2X2               7    11.970    slow_vdd1v0   worst 
OR2X4              11    30.096    slow_vdd1v0   worst 
OR2X6               3    11.286    slow_vdd1v0   worst 
OR3X1              18    36.936    slow_vdd1v0   worst 
OR3X4               1     3.078    slow_vdd1v0   worst 
OR4X1              43    88.236    slow_vdd1v0   worst 
XNOR2X1            46   110.124    slow_vdd1v0   worst 
-------------------------------------------------------
total            2897  9439.884                


                                         
     Type      Instances   Area   Area % 
-----------------------------------------
sequential           656 4649.832   49.3 
inverter             158  143.982    1.5 
buffer                89  229.482    2.4 
logic               1994 4416.588   46.8 
physical_cells         0    0.000    0.0 
-----------------------------------------
total               2897 9439.884  100.0 

