============================================================
  Generated by:           Genus(TM) Synthesis Solution 21.19-s055_1
  Generated on:           May 22 2026  08:33:50 am
  Module:                 multiplier32FP
  Library domain:         worst
    Domain index:         0
    Technology library:   slow_vdd1v0 1.0
  Library domain:         best
    Domain index:         1
    Technology library:   fast_vdd1v2 1.0
  Operating conditions:   PVT_0P9V_125C 
  Operating conditions:   PVT_1P32V_0C 
  Interconnect mode:      global
  Area mode:              physical library
============================================================

     Instance         Module     Cell Count  Normalized Cell Area  Normalized Net Area   Normalized Total Area 
---------------------------------------------------------------------------------------------------------------
multiplier32FP                         2897              9200.667             3598.835               12799.502 
  i_mul_24        mul_24               1077              4548.000             1285.286                5833.286 
  i_post_norm_mul post_norm_mul        1578              3895.667             1917.815                5813.482 
  i_pre_norm_mul  pre_norm_mul           41               142.000               31.769                 173.769 
  u_fsm           fpu_fsm                33                99.667               32.640                 132.306 
