============================================================
  Generated by:           Genus(TM) Synthesis Solution 21.19-s055_1
  Generated on:           May 22 2026  04:13:26 pm
  Module:                 multiplier32FP
  Library domain:         worst
    Domain index:         0
    Technology library:   slow_vdd1v0 1.0
  Library domain:         best
    Domain index:         1
    Technology library:   fast_vdd1v2 1.0
  Operating conditions:   PVT_0P9V_125C 
  Operating conditions:   PVT_1P32V_0C 
  Interconnect mode:      global
  Area mode:              physical library
============================================================

     Instance         Module     Cell Count  Normalized Cell Area  Normalized Net Area   Normalized Total Area 
---------------------------------------------------------------------------------------------------------------
multiplier32FP                         3811             11117.333             4733.593               15850.927 
  i_mul_24        mul_24               1271              5114.000             1488.331                6602.331 
  i_post_norm_mul post_norm_mul        2291              5230.667             2838.470                8069.137 
  i_pre_norm_mul  pre_norm_mul           40               139.667               31.399                 171.065 
  u_fsm           fpu_fsm                34               109.333               36.196                 145.530 
