============================================================
  Generated by:           Genus(TM) Synthesis Solution 21.19-s055_1
  Generated on:           May 22 2026  04:13:26 pm
  Module:                 multiplier32FP
  Operating conditions:   PVT_0P9V_125C 
  Operating conditions:   PVT_1P32V_0C 
  Interconnect mode:      global
  Area mode:              physical library
============================================================

                                                Library 
   Gate     Instances    Area        Library     Domain 
--------------------------------------------------------
ADDFHX1             5     37.620    slow_vdd1v0   worst 
ADDFHX2             2     16.416    slow_vdd1v0   worst 
ADDFX1            112    574.560    slow_vdd1v0   worst 
ADDHX1             44    165.528    slow_vdd1v0   worst 
AND2X1            306    418.608    slow_vdd1v0   worst 
AND2X2             18     30.780    slow_vdd1v0   worst 
AND2X4             14     38.304    slow_vdd1v0   worst 
AND2X6              6     22.572    slow_vdd1v0   worst 
AND2X8              4     17.784    slow_vdd1v0   worst 
AND3X1              2      4.788    slow_vdd1v0   worst 
AND3X4              1      3.078    slow_vdd1v0   worst 
AND3XL             18     36.936    slow_vdd1v0   worst 
AND4X1              7     16.758    slow_vdd1v0   worst 
AND4X6              1      5.814    slow_vdd1v0   worst 
AO21X1             43    102.942    slow_vdd1v0   worst 
AO21X2              2      5.472    slow_vdd1v0   worst 
AO22X1             56    153.216    slow_vdd1v0   worst 
AOI211X1            6     14.364    slow_vdd1v0   worst 
AOI211X2           14     47.880    slow_vdd1v0   worst 
AOI21X1           166    283.860    slow_vdd1v0   worst 
AOI21X2            22     60.192    slow_vdd1v0   worst 
AOI21X4             6     30.780    slow_vdd1v0   worst 
AOI221X2           21     93.366    slow_vdd1v0   worst 
AOI221X4            2     15.732    slow_vdd1v0   worst 
AOI22X1           148    303.696    slow_vdd1v0   worst 
AOI22X2            24     90.288    slow_vdd1v0   worst 
AOI22X4             7     43.092    slow_vdd1v0   worst 
AOI2BB1X1          19     38.988    slow_vdd1v0   worst 
AOI2BB1X2           1      3.078    slow_vdd1v0   worst 
AOI2BB1X4           3     12.312    slow_vdd1v0   worst 
AOI31X2            13     44.460    slow_vdd1v0   worst 
BUFX12              1      5.130    slow_vdd1v0   worst 
BUFX16              1      6.840    slow_vdd1v0   worst 
BUFX2              19     32.490    slow_vdd1v0   worst 
BUFX6               1      3.078    slow_vdd1v0   worst 
BUFX8              37    139.194    slow_vdd1v0   worst 
CLKAND2X12          7     52.668    slow_vdd1v0   worst 
CLKAND2X2           6     12.312    slow_vdd1v0   worst 
CLKAND2X3           1      3.078    slow_vdd1v0   worst 
CLKAND2X6           1      4.788    slow_vdd1v0   worst 
CLKBUFX6            1      3.078    slow_vdd1v0   worst 
CLKINVX12           3     12.312    slow_vdd1v0   worst 
CLKINVX16           2     10.944    slow_vdd1v0   worst 
CLKINVX20           1      6.498    slow_vdd1v0   worst 
CLKINVX4            3      5.130    slow_vdd1v0   worst 
CLKINVX6            7     16.758    slow_vdd1v0   worst 
CLKINVX8            5     15.390    slow_vdd1v0   worst 
CLKMX2X2            2      6.156    slow_vdd1v0   worst 
CLKMX2X3            3     12.312    slow_vdd1v0   worst 
CLKXOR2X1          12     32.832    slow_vdd1v0   worst 
DFFHQX1           197   1077.984    slow_vdd1v0   worst 
DFFHQX2             1      6.840    slow_vdd1v0   worst 
DFFHQX4             1      8.208    slow_vdd1v0   worst 
DFFHQX8             7     64.638    slow_vdd1v0   worst 
DFFQX2              5     32.490    slow_vdd1v0   worst 
DFFQX4              4     28.728    slow_vdd1v0   worst 
DFFQXL              1      5.472    slow_vdd1v0   worst 
DFFRHQX1           39    240.084    slow_vdd1v0   worst 
DFFRHQX4            1      9.576    slow_vdd1v0   worst 
DFFRX1              2     13.680    slow_vdd1v0   worst 
DFFRX2              3     22.572    slow_vdd1v0   worst 
DFFX1              49    351.918    slow_vdd1v0   worst 
DFFX2              40    328.320    slow_vdd1v0   worst 
DFFX4              16    147.744    slow_vdd1v0   worst 
EDFFHQX1          288   2462.400    slow_vdd1v0   worst 
INVX1             213    145.692    slow_vdd1v0   worst 
INVX2              29     29.754    slow_vdd1v0   worst 
INVX3              10     13.680    slow_vdd1v0   worst 
INVX8               1      3.078    slow_vdd1v0   worst 
MDFFHQX4            2     18.468    slow_vdd1v0   worst 
MX2X1             139    332.766    slow_vdd1v0   worst 
MX3XL               1      4.788    slow_vdd1v0   worst 
MXI2X1              5     13.680    slow_vdd1v0   worst 
MXI2X2             11     48.906    slow_vdd1v0   worst 
MXI2X4              4     20.520    slow_vdd1v0   worst 
MXI2X6             16     82.080    slow_vdd1v0   worst 
NAND2BX1           37     50.616    slow_vdd1v0   worst 
NAND2BX2            9     21.546    slow_vdd1v0   worst 
NAND2BX4            1      3.762    slow_vdd1v0   worst 
NAND2X1            94     96.444    slow_vdd1v0   worst 
NAND2X2           111    189.810    slow_vdd1v0   worst 
NAND2X4             5     17.100    slow_vdd1v0   worst 
NAND2X6            10     47.880    slow_vdd1v0   worst 
NAND3BX2            8     24.624    slow_vdd1v0   worst 
NAND3BX4            1      5.130    slow_vdd1v0   worst 
NAND3X2             8     21.888    slow_vdd1v0   worst 
NOR2BX1            92    125.856    slow_vdd1v0   worst 
NOR2BX2             7     19.152    slow_vdd1v0   worst 
NOR2BX4             3     11.286    slow_vdd1v0   worst 
NOR2X1            114    116.964    slow_vdd1v0   worst 
NOR2X2             56     95.760    slow_vdd1v0   worst 
NOR2X4              2      6.156    slow_vdd1v0   worst 
NOR2X6              3     12.312    slow_vdd1v0   worst 
NOR3BX1             1      2.052    slow_vdd1v0   worst 
NOR3BX2             1      3.420    slow_vdd1v0   worst 
NOR3BX4             1      5.814    slow_vdd1v0   worst 
NOR3X1              7     11.970    slow_vdd1v0   worst 
NOR3X2              3      8.208    slow_vdd1v0   worst 
NOR4X2              8     27.360    slow_vdd1v0   worst 
OA21X1             88    180.576    slow_vdd1v0   worst 
OA21X2              2      6.156    slow_vdd1v0   worst 
OA22X1            100    239.400    slow_vdd1v0   worst 
OAI211X4            1      6.498    slow_vdd1v0   worst 
OAI21X1            91    155.610    slow_vdd1v0   worst 
OAI21X2             8     24.624    slow_vdd1v0   worst 
OAI21X4             4     19.152    slow_vdd1v0   worst 
OAI22X1            70    143.640    slow_vdd1v0   worst 
OAI22X2             3     10.260    slow_vdd1v0   worst 
OAI2BB1X1         194    331.740    slow_vdd1v0   worst 
OAI2BB1X2          20     61.560    slow_vdd1v0   worst 
OAI2BB1X4           5     22.230    slow_vdd1v0   worst 
OAI2BB2X1           1      4.104    slow_vdd1v0   worst 
OAI31X1             8     16.416    slow_vdd1v0   worst 
OAI31X2             5     18.810    slow_vdd1v0   worst 
OR2X1             157    214.776    slow_vdd1v0   worst 
OR2X2              24     41.040    slow_vdd1v0   worst 
OR2X4              12     32.832    slow_vdd1v0   worst 
OR2X6               2      7.524    slow_vdd1v0   worst 
OR3X1              30     61.560    slow_vdd1v0   worst 
OR3X2               1      2.394    slow_vdd1v0   worst 
OR4X1              47     96.444    slow_vdd1v0   worst 
XNOR2X1            65    155.610    slow_vdd1v0   worst 
--------------------------------------------------------
total            3811  11406.384                


                                          
     Type      Instances    Area   Area % 
------------------------------------------
sequential           656  4819.122   42.2 
inverter             274   259.236    2.3 
buffer                60   189.810    1.7 
logic               2821  6138.216   53.8 
physical_cells         0     0.000    0.0 
------------------------------------------
total               3811 11406.384  100.0 

