============================================================
  Generated by:           Genus(TM) Synthesis Solution 21.19-s055_1
  Generated on:           May 22 2026  04:13:26 pm
  Module:                 multiplier32FP
  Operating conditions:   PVT_0P9V_125C 
  Operating conditions:   PVT_1P32V_0C 
  Interconnect mode:      global
  Area mode:              physical library
============================================================

Timing
--------

Clock Period 
-------------
clk   4000.0 


  Cost    Critical         Violating 
 Group   Path Slack  TNS     Paths   
-------------------------------------
clk            46.8   0.0          0 
default    No paths   0.0            
-------------------------------------
Total                 0.0          0 

Instance Count
--------------
Leaf Instance Count             3811 
Physical Instance count            0 
Sequential Instance Count        656 
Combinational Instance Count    3155 
Hierarchical Instance Count        4 

Area
----
Cell Area                          11406.384
Physical Cell Area                 0.000
Total Cell Area (Cell+Physical)    11406.384
Net Area                           4856.667
Total Area (Cell+Physical+Net)     16263.051

Max Fanout                         656 (clk)
Min Fanout                         0 (n_135)
Average Fanout                     2.4
Terms to net ratio                 3.3732
Terms to instance ratio            3.6405
Runtime                            715.9544709999999 seconds
Elapsed Runtime                    1557 seconds
Genus peak memory usage            1847.55 
Innovus peak memory usage          no_value 
Hostname                           localhost
