============================================================
  Generated by:           Genus(TM) Synthesis Solution 21.19-s055_1
  Generated on:           May 22 2026  04:13:26 pm
  Module:                 multiplier32FP
  Operating conditions:   PVT_0P9V_125C 
  Operating conditions:   PVT_1P32V_0C 
  Interconnect mode:      global
  Area mode:              physical library
============================================================


Path 1: MET (47 ps) Setup Check with Pin i_post_norm_mul/s_zeros_reg[0]/CK->D
          Group: clk
     Startpoint: (R) i_post_norm_mul/s_fract_48_i_reg[2]/CK
          Clock: (R) clk
       Endpoint: (F) i_post_norm_mul/s_zeros_reg[0]/D
          Clock: (R) clk

                     Capture       Launch     
        Clock Edge:+    4000            0     
       Src Latency:+       0            0     
       Net Latency:+     100 (I)      100 (I) 
           Arrival:=    4100          100     
                                              
             Setup:-     111                  
       Uncertainty:-      50                  
     Required Time:=    3939                  
      Launch Clock:-     100                  
         Data Path:-    3792                  
             Slack:=      47                  

#----------------------------------------------------------------------------------------------------------------
#             Timing Point               Flags    Arc   Edge   Cell     Fanout Load Trans Delay Arrival Instance 
#                                                                              (fF)  (ps)  (ps)   (ps)  Location 
#----------------------------------------------------------------------------------------------------------------
  i_post_norm_mul/s_fract_48_i_reg[2]/CK -       -      R     (arrival)    656    -     0     0     100    (-,-) 
  i_post_norm_mul/s_fract_48_i_reg[2]/Q  -       CK->Q  R     DFFHQX8        7 18.4    67   259     359    (-,-) 
  i_post_norm_mul/g80179/Y               -       A->Y   F     CLKINVX12      6 12.6    51    56     415    (-,-) 
  i_post_norm_mul/g80029/Y               -       A1->Y  R     AOI21X4        1  4.5    85    85     500    (-,-) 
  i_post_norm_mul/g79974/Y               -       A1->Y  F     OAI21X4        1  3.6   106   111     612    (-,-) 
  i_post_norm_mul/g79918/Y               -       A1->Y  R     AOI21X2        1  3.3   126   129     741    (-,-) 
  i_post_norm_mul/g79856/Y               -       A1N->Y R     AOI2BB1X4      1  3.3    78   160     901    (-,-) 
  i_post_norm_mul/g79765/Y               -       A1N->Y R     AOI2BB1X4      1  4.5    89   143    1044    (-,-) 
  i_post_norm_mul/g79697/Y               -       A1->Y  F     OAI21X4        1  3.1   108   109    1153    (-,-) 
  i_post_norm_mul/g79651/Y               -       A1->Y  F     AO21X1         1  3.3   100   195    1349    (-,-) 
  i_post_norm_mul/g79609/Y               -       A1->Y  R     AOI21X1        1  3.1   185   166    1515    (-,-) 
  i_post_norm_mul/g79600/Y               -       A1->Y  R     OA21X1         1  3.3    86   248    1762    (-,-) 
  i_post_norm_mul/g79594/Y               -       A1->Y  F     OAI21X1        1  3.6   243   196    1959    (-,-) 
  i_post_norm_mul/g79593/Y               -       B0->Y  R     AOI221X2       1  3.1   187   257    2215    (-,-) 
  i_post_norm_mul/g79589/Y               -       A1->Y  R     OA21X1         1  3.1    82   246    2462    (-,-) 
  i_post_norm_mul/g79569/Y               -       A1->Y  R     OA21X1         1  3.7    94   200    2662    (-,-) 
  i_post_norm_mul/g79550/Y               -       A1->Y  F     OAI21X2        1  3.3   143   140    2802    (-,-) 
  i_post_norm_mul/g79544/Y               -       A1->Y  R     AOI21X1        1  3.1   192   189    2991    (-,-) 
  i_post_norm_mul/g79543/Y               -       A1N->Y R     AOI2BB1X1      1  3.3   174   235    3226    (-,-) 
  i_post_norm_mul/g79542/Y               -       A1->Y  F     OAI21X1        1  3.1   220   232    3457    (-,-) 
  i_post_norm_mul/g79541/Y               -       A1N->Y F     OAI2BB1X1      1  3.1   202   253    3711    (-,-) 
  i_post_norm_mul/g79540/Y               -       A->Y   F     AND2X1         1  3.1    91   182    3892    (-,-) 
  i_post_norm_mul/s_zeros_reg[0]/D       <<<     -      F     DFFX4          1    -     -     0    3892    (-,-) 
#----------------------------------------------------------------------------------------------------------------

