============================================================
  Generated by:           Genus(TM) Synthesis Solution 21.19-s055_1
  Generated on:           May 22 2026  03:11:53 pm
  Module:                 multiplier32FP
  Operating conditions:   PVT_0P9V_125C 
  Operating conditions:   PVT_1P32V_0C 
  Interconnect mode:      global
  Area mode:              physical library
============================================================


Path 1: MET (161 ps) Setup Check with Pin i_post_norm_mul/s_zeros_reg[0]/CK->D
          Group: clk
     Startpoint: (R) i_post_norm_mul/s_fract_48_i_reg[44]/CK
          Clock: (R) clk
       Endpoint: (F) i_post_norm_mul/s_zeros_reg[0]/D
          Clock: (R) clk

                     Capture       Launch     
        Clock Edge:+    6667            0     
       Src Latency:+       0            0     
       Net Latency:+     100 (I)      100 (I) 
           Arrival:=    6767          100     
                                              
             Setup:-     104                  
       Uncertainty:-      50                  
     Required Time:=    6613                  
      Launch Clock:-     100                  
         Data Path:-    6352                  
             Slack:=     161                  

#----------------------------------------------------------------------------------------------------------------
#              Timing Point               Flags   Arc   Edge   Cell     Fanout Load Trans Delay Arrival Instance 
#                                                                              (fF)  (ps)  (ps)   (ps)  Location 
#----------------------------------------------------------------------------------------------------------------
  i_post_norm_mul/s_fract_48_i_reg[44]/CK -       -     R     (arrival)    656    -     0     0     100    (-,-) 
  i_post_norm_mul/s_fract_48_i_reg[44]/Q  -       CK->Q F     DFFX2          3  7.1   105   256     356    (-,-) 
  i_post_norm_mul/g49294/Y                -       A->Y  F     OR3X6          4  9.3    88   264     621    (-,-) 
  i_post_norm_mul/g49269/Y                -       B->Y  R     NOR2X4         2  5.1    86    90     711    (-,-) 
  i_post_norm_mul/g49260/Y                -       B->Y  R     CLKAND2X3      2  6.2    59   135     846    (-,-) 
  i_post_norm_mul/g49254/Y                -       B->Y  F     NAND2X4        3  8.1   154   120     966    (-,-) 
  i_post_norm_mul/g49246/Y                -       B->Y  R     NOR2X4         2  5.1    95   120    1086    (-,-) 
  i_post_norm_mul/g49235/Y                -       B->Y  R     CLKAND2X2      4  9.3   112   176    1262    (-,-) 
  i_post_norm_mul/g49226/Y                -       B->Y  R     CLKAND2X2      3  7.2    92   172    1434    (-,-) 
  i_post_norm_mul/g49215/Y                -       B->Y  F     NAND2X2        2  4.9   173   150    1584    (-,-) 
  i_post_norm_mul/g49207/Y                -       B->Y  F     OR2X2          3  7.1   117   248    1831    (-,-) 
  i_post_norm_mul/g49205/Y                -       B->Y  R     NOR2X2         2  5.6   162   149    1980    (-,-) 
  i_post_norm_mul/g49194/Y                -       B->Y  F     NAND2X2        2  5.3   192   192    2172    (-,-) 
  i_post_norm_mul/g49188/Y                -       D->Y  F     OR4X1          3  6.5   196   361    2532    (-,-) 
  i_post_norm_mul/g49717/Y                -       AN->Y F     NAND2BX2       3  6.5   229   273    2806    (-,-) 
  i_post_norm_mul/g49171/Y                -       B->Y  F     OR2X1          3  6.5   178   271    3076    (-,-) 
  i_post_norm_mul/g49715/Y                -       AN->Y F     NAND2BX2       3  7.1   250   274    3350    (-,-) 
  i_post_norm_mul/g49147/Y                -       B->Y  R     NOR2X2         3  7.2   212   236    3586    (-,-) 
  i_post_norm_mul/g49138/Y                -       B->Y  F     NAND2X2        2  4.9   188   211    3797    (-,-) 
  i_post_norm_mul/g49130/Y                -       B->Y  F     AND2X2         5  9.6   138   222    4019    (-,-) 
  i_post_norm_mul/g49105/Y                -       A->Y  F     AND2X1         3  6.4   172   197    4216    (-,-) 
  i_post_norm_mul/g49080/Y                -       A->Y  F     AND2X1         4  8.0   212   234    4450    (-,-) 
  i_post_norm_mul/g49067/Y                -       A->Y  F     AND2X1         2  5.3   145   215    4665    (-,-) 
  i_post_norm_mul/g49056/Y                -       A->Y  F     AND2X1         5  9.6   251   243    4908    (-,-) 
  i_post_norm_mul/g49052/Y                -       A->Y  F     AND2X1         3  6.7   179   252    5159    (-,-) 
  i_post_norm_mul/g49045/Y                -       A->Y  R     INVX1          2  4.8   136   165    5324    (-,-) 
  i_post_norm_mul/g49032/Y                -       C->Y  R     OR3X1          1  3.3    83   161    5485    (-,-) 
  i_post_norm_mul/g49009/Y                -       A->Y  F     NAND2X1        1  3.6   238   191    5676    (-,-) 
  i_post_norm_mul/g48985/Y                -       C0->Y R     AOI211X2       1  3.3   188   226    5902    (-,-) 
  i_post_norm_mul/g48974/Y                -       B->Y  F     NAND2X1        1  3.1   213   225    6127    (-,-) 
  i_post_norm_mul/g48969/Y                -       D->Y  F     OR4X1          1  3.2   114   325    6452    (-,-) 
  i_post_norm_mul/s_zeros_reg[0]/D        <<<     -     F     DFFHQX1        1    -     -     0    6452    (-,-) 
#----------------------------------------------------------------------------------------------------------------

