============================================================
  Generated by:           Genus(TM) Synthesis Solution 21.19-s055_1
  Generated on:           May 22 2026  03:11:53 pm
  Module:                 multiplier32FP
  Operating conditions:   PVT_0P9V_125C 
  Operating conditions:   PVT_1P32V_0C 
  Interconnect mode:      global
  Area mode:              physical library
============================================================

Timing
--------

Clock Period 
-------------
clk   6667.0 


  Cost    Critical         Violating 
 Group   Path Slack  TNS     Paths   
-------------------------------------
clk           161.1   0.0          0 
default    No paths   0.0            
-------------------------------------
Total                 0.0          0 

Instance Count
--------------
Leaf Instance Count             2875 
Physical Instance count            0 
Sequential Instance Count        656 
Combinational Instance Count    2219 
Hierarchical Instance Count        4 

Area
----
Cell Area                          9548.640
Physical Cell Area                 0.000
Total Cell Area (Cell+Physical)    9548.640
Net Area                           3707.305
Total Area (Cell+Physical+Net)     13255.945

Max Fanout                         656 (clk)
Min Fanout                         0 (n_126)
Average Fanout                     2.3
Terms to net ratio                 3.3193
Terms to instance ratio            3.7210
Runtime                            638.075858 seconds
Elapsed Runtime                    641 seconds
Genus peak memory usage            1837.27 
Innovus peak memory usage          no_value 
Hostname                           localhost
