============================================================
  Generated by:           Genus(TM) Synthesis Solution 21.19-s055_1
  Generated on:           May 23 2026  04:10:57 pm
  Module:                 multiplier32FP
  Operating conditions:   PVT_0P9V_125C 
  Operating conditions:   PVT_1P32V_0C 
  Interconnect mode:      global
  Area mode:              physical library
============================================================


Path 1: VIOLATED (-1151 ps) Setup Check with Pin i_mul_24/prod2_reg[3][2][15]/CK->D
          Group: clk
     Startpoint: (R) i_mul_24/count_reg[1]/CK
          Clock: (R) clk
       Endpoint: (R) i_mul_24/prod2_reg[3][2][15]/D
          Clock: (R) clk

                     Capture       Launch     
        Clock Edge:+    1538            0     
       Src Latency:+       0            0     
       Net Latency:+     100 (I)      100 (I) 
           Arrival:=    1638          100     
                                              
             Setup:-     248                  
       Uncertainty:-      50                  
     Required Time:=    1340                  
      Launch Clock:-     100                  
         Data Path:-    2391                  
             Slack:=   -1151                  

#-------------------------------------------------------------------------------------------------------------------
#               Timing Point                 Flags   Arc   Edge   Cell     Fanout Load Trans Delay Arrival Instance 
#                                                                                 (fF)  (ps)  (ps)   (ps)  Location 
#-------------------------------------------------------------------------------------------------------------------
  i_mul_24/count_reg[1]/CK                   -       -     R     (arrival)    656    -     0     0     100    (-,-) 
  i_mul_24/count_reg[1]/Q                    -       CK->Q R     DFFHQX4        1  7.8    55   219     319    (-,-) 
  i_mul_24/fopt36/Y                          -       A->Y  F     CLKINVX12      2 13.0    50    52     371    (-,-) 
  i_mul_24/fopt31/Y                          -       A->Y  R     CLKINVX12      3 15.5    44    47     418    (-,-) 
  i_mul_24/fopt1/Y                           -       A->Y  F     INVX12         4 11.5    44    46     464    (-,-) 
  i_mul_24/g8859__2802/Y                     -       B->Y  F     CLKAND2X6      1  3.6    36    93     557    (-,-) 
  i_mul_24/g9152__9315/Y                     -       A->Y  F     OR2X8         10 31.9   141   208     765    (-,-) 
  i_mul_24/mul_196_46_g3224/Y                -       A->Y  R     INVX8          3 10.6    60    83     848    (-,-) 
  i_mul_24/mul_196_46_g3206__4319/Y          -       B->Y  F     NOR2X6         1  4.0    43    51     899    (-,-) 
  i_mul_24/mul_196_46_cdnfadd_006_0__2346/CO -       A->CO F     ADDFHX2        1  3.7    84   202    1101    (-,-) 
  i_mul_24/mul_196_46_cdnfadd_007_1__5477/S  -       CI->S R     ADDFHX1        1  3.7   100   314    1415    (-,-) 
  i_mul_24/mul_196_46_cdnfadd_007_2__2398/S  -       CI->S F     ADDFHX2        2  8.7   149   378    1793    (-,-) 
  i_mul_24/mul_196_46_g3134__5107/Y          -       B->Y  R     NOR2X8         3 10.0    96   113    1906    (-,-) 
  i_mul_24/mul_196_46_g3106__6131/Y          -       A1->Y F     OAI21X4        1  5.8   134   134    2040    (-,-) 
  i_mul_24/mul_196_46_g3101__2802/Y          -       A->Y  R     NOR2X8         2  6.4    66   110    2150    (-,-) 
  i_mul_24/mul_196_46_g3096__6783/Y          -       A1->Y F     OAI21X4        1  3.3   102    99    2250    (-,-) 
  i_mul_24/mul_196_46_g3250__6161/Y          -       B->Y  R     XOR2X2         4  8.8   124   242    2491    (-,-) 
  i_mul_24/prod2_reg[3][2][15]/D             <<<     -     R     EDFFHQX1       4    -     -     0    2491    (-,-) 
#-------------------------------------------------------------------------------------------------------------------

