============================================================
  Generated by:           Genus(TM) Synthesis Solution 21.19-s055_1
  Generated on:           May 23 2026  04:10:58 pm
  Module:                 multiplier32FP
  Operating conditions:   PVT_0P9V_125C 
  Operating conditions:   PVT_1P32V_0C 
  Interconnect mode:      global
  Area mode:              physical library
============================================================

                                                Library 
   Gate     Instances    Area        Library     Domain 
--------------------------------------------------------
ADDFHX1            16    120.384    slow_vdd1v0   worst 
ADDFHX2            69    566.352    slow_vdd1v0   worst 
ADDFX1             13     66.690    slow_vdd1v0   worst 
ADDHX1              5     18.810    slow_vdd1v0   worst 
ADDHX2              8     41.040    slow_vdd1v0   worst 
AND2X1            143    195.624    slow_vdd1v0   worst 
AND2X2             19     32.490    slow_vdd1v0   worst 
AND2X4             11     30.096    slow_vdd1v0   worst 
AND2X6             23     86.526    slow_vdd1v0   worst 
AND2X8              3     13.338    slow_vdd1v0   worst 
AND3X1              1      2.394    slow_vdd1v0   worst 
AND3X6              4     17.784    slow_vdd1v0   worst 
AND3XL              5     10.260    slow_vdd1v0   worst 
AO21X1             30     71.820    slow_vdd1v0   worst 
AO21X4              3     10.260    slow_vdd1v0   worst 
AO22X1             32     87.552    slow_vdd1v0   worst 
AO22X4              1      3.762    slow_vdd1v0   worst 
AOI211X1            2      4.788    slow_vdd1v0   worst 
AOI211X2           15     51.300    slow_vdd1v0   worst 
AOI211X4           12     77.976    slow_vdd1v0   worst 
AOI21X1            26     44.460    slow_vdd1v0   worst 
AOI21X2            83    227.088    slow_vdd1v0   worst 
AOI21X4           104    533.520    slow_vdd1v0   worst 
AOI221X2           20     88.920    slow_vdd1v0   worst 
AOI221X4           14    110.124    slow_vdd1v0   worst 
AOI222X2            1      5.472    slow_vdd1v0   worst 
AOI222X4            8     76.608    slow_vdd1v0   worst 
AOI22X1             9     18.468    slow_vdd1v0   worst 
AOI22X2            41    154.242    slow_vdd1v0   worst 
AOI22X4            39    240.084    slow_vdd1v0   worst 
AOI2BB1X1          10     20.520    slow_vdd1v0   worst 
AOI2BB1X2          47    144.666    slow_vdd1v0   worst 
AOI2BB1X4          65    266.760    slow_vdd1v0   worst 
AOI2BB2X2           4     20.520    slow_vdd1v0   worst 
AOI2BB2X4          14    105.336    slow_vdd1v0   worst 
AOI31X2             6     20.520    slow_vdd1v0   worst 
AOI31X4             1      6.498    slow_vdd1v0   worst 
AOI32X2             1      4.446    slow_vdd1v0   worst 
AOI32X4             2     15.732    slow_vdd1v0   worst 
BUFX12              1      5.130    slow_vdd1v0   worst 
BUFX3               9     18.468    slow_vdd1v0   worst 
BUFX6              24     73.872    slow_vdd1v0   worst 
BUFX8              38    142.956    slow_vdd1v0   worst 
CLKAND2X12         21    158.004    slow_vdd1v0   worst 
CLKAND2X2          51    104.652    slow_vdd1v0   worst 
CLKAND2X3          59    181.602    slow_vdd1v0   worst 
CLKAND2X4           5     17.100    slow_vdd1v0   worst 
CLKAND2X6          77    368.676    slow_vdd1v0   worst 
CLKAND2X8           3     17.442    slow_vdd1v0   worst 
CLKBUFX16           2     13.680    slow_vdd1v0   worst 
CLKBUFX20           1      8.208    slow_vdd1v0   worst 
CLKBUFX6            1      3.078    slow_vdd1v0   worst 
CLKINVX1            1      1.026    slow_vdd1v0   worst 
CLKINVX12          37    151.848    slow_vdd1v0   worst 
CLKINVX16          15     82.080    slow_vdd1v0   worst 
CLKINVX2            5      6.840    slow_vdd1v0   worst 
CLKINVX20           2     12.996    slow_vdd1v0   worst 
CLKINVX3            6     10.260    slow_vdd1v0   worst 
CLKINVX4           91    155.610    slow_vdd1v0   worst 
CLKINVX6           53    126.882    slow_vdd1v0   worst 
CLKINVX8           52    160.056    slow_vdd1v0   worst 
CLKMX2X2           13     40.014    slow_vdd1v0   worst 
CLKMX2X3           49    201.096    slow_vdd1v0   worst 
CLKXOR2X1          22     60.192    slow_vdd1v0   worst 
CLKXOR2X2           2      6.840    slow_vdd1v0   worst 
DFFHQX1           145    793.440    slow_vdd1v0   worst 
DFFHQX2             8     54.720    slow_vdd1v0   worst 
DFFHQX4            52    426.816    slow_vdd1v0   worst 
DFFHQX8            41    378.594    slow_vdd1v0   worst 
DFFQX1              5     29.070    slow_vdd1v0   worst 
DFFQX2             15     97.470    slow_vdd1v0   worst 
DFFQX4              5     35.910    slow_vdd1v0   worst 
DFFQXL             12     65.664    slow_vdd1v0   worst 
DFFRHQX1           38    233.928    slow_vdd1v0   worst 
DFFRX1              2     13.680    slow_vdd1v0   worst 
DFFRX2              5     37.620    slow_vdd1v0   worst 
DFFX1              21    150.822    slow_vdd1v0   worst 
DFFX2               3     24.624    slow_vdd1v0   worst 
DFFX4              15    138.510    slow_vdd1v0   worst 
EDFFHQX1          142   1214.100    slow_vdd1v0   worst 
EDFFHQX2            5     44.460    slow_vdd1v0   worst 
EDFFHQX4            7     74.214    slow_vdd1v0   worst 
EDFFX4              5     54.720    slow_vdd1v0   worst 
INVX1             135     92.340    slow_vdd1v0   worst 
INVX12              3     12.312    slow_vdd1v0   worst 
INVX16              2     10.944    slow_vdd1v0   worst 
INVX2             113    115.938    slow_vdd1v0   worst 
INVX3              61     83.448    slow_vdd1v0   worst 
INVX4              12     20.520    slow_vdd1v0   worst 
INVX6               8     19.152    slow_vdd1v0   worst 
INVX8               5     15.390    slow_vdd1v0   worst 
MDFFHQX1           14    119.700    slow_vdd1v0   worst 
MDFFHQX2            1      9.234    slow_vdd1v0   worst 
MDFFHQX4          115   1061.910    slow_vdd1v0   worst 
MX2X1              19     45.486    slow_vdd1v0   worst 
MXI2X1              1      2.736    slow_vdd1v0   worst 
MXI2X2              2      8.892    slow_vdd1v0   worst 
MXI2X4             14     71.820    slow_vdd1v0   worst 
MXI2X6              3     15.390    slow_vdd1v0   worst 
NAND2BX1            5      6.840    slow_vdd1v0   worst 
NAND2BX2            9     21.546    slow_vdd1v0   worst 
NAND2BX4            7     26.334    slow_vdd1v0   worst 
NAND2X1            79     81.054    slow_vdd1v0   worst 
NAND2X2           148    253.080    slow_vdd1v0   worst 
NAND2X4           232    793.440    slow_vdd1v0   worst 
NAND2X6            44    210.672    slow_vdd1v0   worst 
NAND2X8            11     60.192    slow_vdd1v0   worst 
NAND3X2             4     10.944    slow_vdd1v0   worst 
NAND3X4             9     43.092    slow_vdd1v0   worst 
NAND3X6             1      7.182    slow_vdd1v0   worst 
NAND3X8             1      8.208    slow_vdd1v0   worst 
NAND4X4             1      6.840    slow_vdd1v0   worst 
NAND4X8             1     10.260    slow_vdd1v0   worst 
NOR2BX1            66     90.288    slow_vdd1v0   worst 
NOR2BX2            36     98.496    slow_vdd1v0   worst 
NOR2BX4            18     67.716    slow_vdd1v0   worst 
NOR2BXL             1      1.710    slow_vdd1v0   worst 
NOR2X1             84     86.184    slow_vdd1v0   worst 
NOR2X2            195    333.450    slow_vdd1v0   worst 
NOR2X4            320    984.960    slow_vdd1v0   worst 
NOR2X6            142    582.768    slow_vdd1v0   worst 
NOR2X8             41    224.352    slow_vdd1v0   worst 
NOR2XL              2      2.052    slow_vdd1v0   worst 
NOR3BX2             1      3.420    slow_vdd1v0   worst 
NOR3BX4             4     23.256    slow_vdd1v0   worst 
NOR3BXL             1      2.052    slow_vdd1v0   worst 
NOR3X1              3      5.130    slow_vdd1v0   worst 
NOR3X2              9     24.624    slow_vdd1v0   worst 
NOR3X4              8     41.040    slow_vdd1v0   worst 
NOR3X6              6     43.092    slow_vdd1v0   worst 
NOR3X8              2     17.784    slow_vdd1v0   worst 
NOR4BBX2            1      5.130    slow_vdd1v0   worst 
NOR4BX4             1      7.524    slow_vdd1v0   worst 
NOR4X2             10     34.200    slow_vdd1v0   worst 
NOR4X4              1      6.498    slow_vdd1v0   worst 
OA21X1             31     63.612    slow_vdd1v0   worst 
OA21X4              3     11.286    slow_vdd1v0   worst 
OA22X1             15     35.910    slow_vdd1v0   worst 
OA22X4              1      4.104    slow_vdd1v0   worst 
OAI211X2            2      8.208    slow_vdd1v0   worst 
OAI211X4            3     19.494    slow_vdd1v0   worst 
OAI21X1            25     42.750    slow_vdd1v0   worst 
OAI21X2            53    163.134    slow_vdd1v0   worst 
OAI21X4           102    488.376    slow_vdd1v0   worst 
OAI221X2            3     14.364    slow_vdd1v0   worst 
OAI221X4            2     15.732    slow_vdd1v0   worst 
OAI22X1             1      2.052    slow_vdd1v0   worst 
OAI22X2            36    123.120    slow_vdd1v0   worst 
OAI22X4            23    149.454    slow_vdd1v0   worst 
OAI2BB1X1          20     34.200    slow_vdd1v0   worst 
OAI2BB1X2          66    203.148    slow_vdd1v0   worst 
OAI2BB1X4          35    155.610    slow_vdd1v0   worst 
OAI2BB2X2           6     32.832    slow_vdd1v0   worst 
OAI2BB2X4           5     42.750    slow_vdd1v0   worst 
OAI31X1             1      2.052    slow_vdd1v0   worst 
OAI31X2             6     22.572    slow_vdd1v0   worst 
OAI31X4             5     34.200    slow_vdd1v0   worst 
OAI32X2             2      8.892    slow_vdd1v0   worst 
OR2X1              68     93.024    slow_vdd1v0   worst 
OR2X2              20     34.200    slow_vdd1v0   worst 
OR2X4              13     35.568    slow_vdd1v0   worst 
OR2X6              14     52.668    slow_vdd1v0   worst 
OR2X8               4     17.784    slow_vdd1v0   worst 
OR3X1              14     28.728    slow_vdd1v0   worst 
OR3X2               1      2.394    slow_vdd1v0   worst 
OR3X4               4     12.312    slow_vdd1v0   worst 
OR4X1              10     20.520    slow_vdd1v0   worst 
OR4X4               1      3.762    slow_vdd1v0   worst 
OR4X8               1      6.156    slow_vdd1v0   worst 
XNOR2X1            35     83.790    slow_vdd1v0   worst 
XNOR2X2            10     30.780    slow_vdd1v0   worst 
XNOR2X4             6     22.572    slow_vdd1v0   worst 
XOR2X2              3     10.260    slow_vdd1v0   worst 
--------------------------------------------------------
total            4738  17673.192                


                                          
     Type      Instances    Area   Area % 
------------------------------------------
sequential           656  5059.206   28.6 
inverter             601  1077.642    6.1 
buffer                76   265.392    1.5 
logic               3405 11270.952   63.8 
physical_cells         0     0.000    0.0 
------------------------------------------
total               4738 17673.192  100.0 

