============================================================
  Generated by:           Genus(TM) Synthesis Solution 21.19-s055_1
  Generated on:           May 23 2026  04:10:57 pm
  Module:                 multiplier32FP
  Library domain:         worst
    Domain index:         0
    Technology library:   slow_vdd1v0 1.0
  Library domain:         best
    Domain index:         1
    Technology library:   fast_vdd1v2 1.0
  Operating conditions:   PVT_0P9V_125C 
  Operating conditions:   PVT_1P32V_0C 
  Interconnect mode:      global
  Area mode:              physical library
============================================================

     Instance         Module     Cell Count  Cell Area  Net Area   Total Area 
------------------------------------------------------------------------------
multiplier32FP                         4738  17673.192  5615.457    23288.649 
  i_mul_24        mul_24               1807   7841.034  2054.345     9895.379 
  i_post_norm_mul post_norm_mul        2504   8516.484  2985.310    11501.794 
  i_pre_norm_mul  pre_norm_mul          109    330.372    93.224      423.596 
  u_fsm           fpu_fsm                31    103.626    32.766      136.392 
