============================================================
  Generated by:           Genus(TM) Synthesis Solution 21.19-s055_1
  Generated on:           May 22 2026  04:37:50 pm
  Module:                 multiplier32FP
  Library domain:         worst
    Domain index:         0
    Technology library:   slow_vdd1v0 1.0
  Library domain:         best
    Domain index:         1
    Technology library:   fast_vdd1v2 1.0
  Operating conditions:   PVT_0P9V_125C 
  Operating conditions:   PVT_1P32V_0C 
  Interconnect mode:      global
  Area mode:              physical library
============================================================

     Instance         Module     Cell Count  Normalized Cell Area  Normalized Net Area   Normalized Total Area 
---------------------------------------------------------------------------------------------------------------
multiplier32FP                         3961             11544.333             4926.412               16470.745 
  i_mul_24        mul_24               1334              5344.000             1547.979                6891.979 
  i_post_norm_mul post_norm_mul        2371              5412.000             2966.936                8378.936 
  i_pre_norm_mul  pre_norm_mul           49               156.333               37.901                 194.234 
  u_fsm           fpu_fsm                34               109.333               36.196                 145.530 
