============================================================
  Generated by:           Genus(TM) Synthesis Solution 21.19-s055_1
  Generated on:           May 22 2026  04:37:51 pm
  Module:                 multiplier32FP
  Operating conditions:   PVT_0P9V_125C 
  Operating conditions:   PVT_1P32V_0C 
  Interconnect mode:      global
  Area mode:              physical library
============================================================

Timing
--------

Clock Period 
-------------
clk   3333.0 


  Cost    Critical         Violating 
 Group   Path Slack  TNS     Paths   
-------------------------------------
clk             8.8   0.0          0 
default    No paths   0.0            
-------------------------------------
Total                 0.0          0 

Instance Count
--------------
Leaf Instance Count             3961 
Physical Instance count            0 
Sequential Instance Count        656 
Combinational Instance Count    3305 
Hierarchical Instance Count        4 

Area
----
Cell Area                          11844.486
Physical Cell Area                 0.000
Total Cell Area (Cell+Physical)    11844.486
Net Area                           5054.499
Total Area (Cell+Physical+Net)     16898.985

Max Fanout                         656 (clk)
Min Fanout                         0 (n_133)
Average Fanout                     2.4
Terms to net ratio                 3.4099
Terms to instance ratio            3.6372
Runtime                            726.3349790000001 seconds
Elapsed Runtime                    729 seconds
Genus peak memory usage            1884.48 
Innovus peak memory usage          no_value 
Hostname                           localhost
