============================================================
  Generated by:           Genus(TM) Synthesis Solution 21.19-s055_1
  Generated on:           May 22 2026  04:37:50 pm
  Module:                 multiplier32FP
  Library domain:         worst
    Domain index:         0
    Technology library:   slow_vdd1v0 1.0
  Library domain:         best
    Domain index:         1
    Technology library:   fast_vdd1v2 1.0
  Operating conditions:   PVT_0P9V_125C 
  Operating conditions:   PVT_1P32V_0C 
  Interconnect mode:      global
  Area mode:              physical library
============================================================

     Instance         Module     Cell Count  Cell Area  Net Area   Total Area 
------------------------------------------------------------------------------
multiplier32FP                         3961  11844.486  5054.499    16898.985 
  i_mul_24        mul_24               1334   5482.944  1588.226     7071.170 
  i_post_norm_mul post_norm_mul        2371   5552.712  3044.076     8596.788 
  i_pre_norm_mul  pre_norm_mul           49    160.398    38.886      199.284 
  u_fsm           fpu_fsm                34    112.176    37.137      149.313 
