============================================================
  Generated by:           Genus(TM) Synthesis Solution 21.19-s055_1
  Generated on:           May 22 2026  04:37:50 pm
  Module:                 multiplier32FP
  Operating conditions:   PVT_0P9V_125C 
  Operating conditions:   PVT_1P32V_0C 
  Interconnect mode:      global
  Area mode:              physical library
============================================================


Path 1: MET (9 ps) Setup Check with Pin i_pre_norm_mul/exp_10_o_reg[8]/CK->D
          Group: clk
     Startpoint: (F) b_i[23]
          Clock: (R) clk
       Endpoint: (R) i_pre_norm_mul/exp_10_o_reg[8]/D
          Clock: (R) clk

                     Capture       Launch     
        Clock Edge:+    3333            0     
        Drv Adjust:+       0            0     
       Src Latency:+       0            0     
       Net Latency:+     100 (I)      100 (I) 
           Arrival:=    3433          100     
                                              
             Setup:-     132                  
       Uncertainty:-      50                  
     Required Time:=    3251                  
      Launch Clock:-     100                  
       Input Delay:-     300                  
         Data Path:-    2842                  
             Slack:=       9                  

Exceptions/Constraints:
  input_delay             300             multiplier32FP.sdc_line_30_41_1 

#----------------------------------------------------------------------------------------------------------
#          Timing Point            Flags    Arc   Edge   Cell     Fanout Load Trans Delay Arrival Instance 
#                                                                        (fF)  (ps)  (ps)   (ps)  Location 
#----------------------------------------------------------------------------------------------------------
  b_i[23]                          -       -      F     (arrival)      4  8.7   252     0     400    (-,-) 
  i_pre_norm_mul/g899/Y            -       A->Y   R     NOR2X2         1  3.7   136   200     600    (-,-) 
  i_pre_norm_mul/g892/Y            -       A->Y   F     NAND2X2        1  3.1   132   156     756    (-,-) 
  i_pre_norm_mul/g891/Y            -       A->Y   F     OR2X2          3  6.9   114   239     995    (-,-) 
  i_pre_norm_mul/g882/Y            -       A0->Y  R     AOI21X2        1  3.5   124   144    1139    (-,-) 
  i_pre_norm_mul/g879/CO           -       CI->CO R     ADDFX1         1  3.5    99   263    1402    (-,-) 
  i_pre_norm_mul/g877/CO           -       CI->CO R     ADDFX1         1  3.5    98   250    1651    (-,-) 
  i_pre_norm_mul/g875/CO           -       CI->CO R     ADDFX1         1  3.5    98   250    1901    (-,-) 
  i_pre_norm_mul/g873/CO           -       CI->CO R     ADDFX1         1  3.5    98   250    2150    (-,-) 
  i_pre_norm_mul/g871/CO           -       CI->CO R     ADDFX1         1  3.5    98   250    2400    (-,-) 
  i_pre_norm_mul/g869/CO           -       CI->CO R     ADDFX1         1  3.5    98   250    2650    (-,-) 
  i_pre_norm_mul/g867/CO           -       CI->CO R     ADDFX1         1  3.7   102   252    2902    (-,-) 
  i_pre_norm_mul/g866/Y            -       A->Y   F     INVX2          1  3.4    68    89    2990    (-,-) 
  i_pre_norm_mul/g864/S            -       B->S   F     ADDHX1         1  3.6   107   170    3160    (-,-) 
  i_pre_norm_mul/g863/Y            -       A->Y   R     INVX2          1  3.2    56    82    3242    (-,-) 
  i_pre_norm_mul/exp_10_o_reg[8]/D <<<     -      R     DFFHQX1        1    -     -     0    3242    (-,-) 
#----------------------------------------------------------------------------------------------------------

