============================================================
  Generated by:           Genus(TM) Synthesis Solution 21.19-s055_1
  Generated on:           May 23 2026  03:58:01 pm
  Module:                 multiplier32FP
  Operating conditions:   PVT_0P9V_125C 
  Operating conditions:   PVT_1P32V_0C 
  Interconnect mode:      global
  Area mode:              physical library
============================================================

Timing
--------

Clock Period 
-------------
clk   1600.0 


  Cost    Critical               Violating 
 Group   Path Slack     TNS        Paths   
-------------------------------------------
clk          -985.3   -213905.8        373 
default    No paths         0.0            
-------------------------------------------
Total                 -213905.8        373 

Instance Count
--------------
Leaf Instance Count             4858 
Physical Instance count            0 
Sequential Instance Count        656 
Combinational Instance Count    4202 
Hierarchical Instance Count        4 

Area
----
Cell Area                          18476.208
Physical Cell Area                 0.000
Total Cell Area (Cell+Physical)    18476.208
Net Area                           5820.493
Total Area (Cell+Physical+Net)     24296.701

Max Fanout                         656 (clk)
Min Fanout                         0 (n_152)
Average Fanout                     2.3
Terms to net ratio                 3.2685
Terms to instance ratio            3.3956
Runtime                            778.4399459999998 seconds
Elapsed Runtime                    782 seconds
Genus peak memory usage            2210.19 
Innovus peak memory usage          no_value 
Hostname                           localhost
