============================================================
  Generated by:           Genus(TM) Synthesis Solution 21.19-s055_1
  Generated on:           May 23 2026  03:05:31 pm
  Module:                 multiplier32FP
  Operating conditions:   PVT_0P9V_125C 
  Operating conditions:   PVT_1P32V_0C 
  Interconnect mode:      global
  Area mode:              physical library
============================================================

                                                Library 
   Gate     Instances    Area        Library     Domain 
--------------------------------------------------------
ADDFHX1             1      7.524    slow_vdd1v0   worst 
ADDFHX2            48    393.984    slow_vdd1v0   worst 
ADDFX1             13     66.690    slow_vdd1v0   worst 
ADDHX1             15     56.430    slow_vdd1v0   worst 
ADDHX2             14     71.820    slow_vdd1v0   worst 
ADDHX4              4     28.728    slow_vdd1v0   worst 
AND2X1             92    125.856    slow_vdd1v0   worst 
AND2X2             16     27.360    slow_vdd1v0   worst 
AND2X4             16     43.776    slow_vdd1v0   worst 
AND2X6             29    109.098    slow_vdd1v0   worst 
AND2X8              3     13.338    slow_vdd1v0   worst 
AND3X1              2      4.788    slow_vdd1v0   worst 
AND3X4              1      3.078    slow_vdd1v0   worst 
AND3X6              3     13.338    slow_vdd1v0   worst 
AND3XL              6     12.312    slow_vdd1v0   worst 
AND4X6              1      5.814    slow_vdd1v0   worst 
AO21X1             39     93.366    slow_vdd1v0   worst 
AO21X2              2      5.472    slow_vdd1v0   worst 
AO21X4              3     10.260    slow_vdd1v0   worst 
AO22X1             41    112.176    slow_vdd1v0   worst 
AO22X2              1      3.078    slow_vdd1v0   worst 
AO22X4              2      7.524    slow_vdd1v0   worst 
AOI211X1            2      4.788    slow_vdd1v0   worst 
AOI211X2           15     51.300    slow_vdd1v0   worst 
AOI211X4           14     90.972    slow_vdd1v0   worst 
AOI21X1            57     97.470    slow_vdd1v0   worst 
AOI21X2            58    158.688    slow_vdd1v0   worst 
AOI21X4            88    451.440    slow_vdd1v0   worst 
AOI21XL             2      3.420    slow_vdd1v0   worst 
AOI221X1            1      2.394    slow_vdd1v0   worst 
AOI221X2           16     71.136    slow_vdd1v0   worst 
AOI221X4           16    125.856    slow_vdd1v0   worst 
AOI221XL            1      3.420    slow_vdd1v0   worst 
AOI222X1            1      3.078    slow_vdd1v0   worst 
AOI222X2           12     65.664    slow_vdd1v0   worst 
AOI222X4            3     28.728    slow_vdd1v0   worst 
AOI22X1            38     77.976    slow_vdd1v0   worst 
AOI22X2            71    267.102    slow_vdd1v0   worst 
AOI22X4            19    116.964    slow_vdd1v0   worst 
AOI2BB1X1          17     34.884    slow_vdd1v0   worst 
AOI2BB1X2          33    101.574    slow_vdd1v0   worst 
AOI2BB1X4          37    151.848    slow_vdd1v0   worst 
AOI2BB1XL           1      2.052    slow_vdd1v0   worst 
AOI2BB2X2           2     10.260    slow_vdd1v0   worst 
AOI2BB2X4          17    127.908    slow_vdd1v0   worst 
AOI31X1             2      4.104    slow_vdd1v0   worst 
AOI31X2             9     30.780    slow_vdd1v0   worst 
AOI31X4             2     12.996    slow_vdd1v0   worst 
AOI32X2             2      8.892    slow_vdd1v0   worst 
AOI32X4             2     15.732    slow_vdd1v0   worst 
BUFX12              2     10.260    slow_vdd1v0   worst 
BUFX2               6     10.260    slow_vdd1v0   worst 
BUFX3               4      8.208    slow_vdd1v0   worst 
BUFX6              37    113.886    slow_vdd1v0   worst 
BUFX8              40    150.480    slow_vdd1v0   worst 
CLKAND2X12         21    158.004    slow_vdd1v0   worst 
CLKAND2X2          46     94.392    slow_vdd1v0   worst 
CLKAND2X3          64    196.992    slow_vdd1v0   worst 
CLKAND2X4           3     10.260    slow_vdd1v0   worst 
CLKAND2X6         100    478.800    slow_vdd1v0   worst 
CLKAND2X8           4     23.256    slow_vdd1v0   worst 
CLKBUFX12           5     25.650    slow_vdd1v0   worst 
CLKBUFX16           3     20.520    slow_vdd1v0   worst 
CLKBUFX2            1      1.710    slow_vdd1v0   worst 
CLKBUFX20           3     24.624    slow_vdd1v0   worst 
CLKBUFX3            2      4.104    slow_vdd1v0   worst 
CLKBUFX6            4     12.312    slow_vdd1v0   worst 
CLKINVX12          39    160.056    slow_vdd1v0   worst 
CLKINVX16          18     98.496    slow_vdd1v0   worst 
CLKINVX2            1      1.368    slow_vdd1v0   worst 
CLKINVX20           5     32.490    slow_vdd1v0   worst 
CLKINVX3            6     10.260    slow_vdd1v0   worst 
CLKINVX4           65    111.150    slow_vdd1v0   worst 
CLKINVX6           28     67.032    slow_vdd1v0   worst 
CLKINVX8           21     64.638    slow_vdd1v0   worst 
CLKMX2X2            6     18.468    slow_vdd1v0   worst 
CLKMX2X3           18     73.872    slow_vdd1v0   worst 
CLKXOR2X1          21     57.456    slow_vdd1v0   worst 
CLKXOR2X2           2      6.840    slow_vdd1v0   worst 
DFFHQX1           176    963.072    slow_vdd1v0   worst 
DFFHQX2             8     54.720    slow_vdd1v0   worst 
DFFHQX4            27    221.616    slow_vdd1v0   worst 
DFFHQX8            39    360.126    slow_vdd1v0   worst 
DFFQX1              3     17.442    slow_vdd1v0   worst 
DFFQX2             27    175.446    slow_vdd1v0   worst 
DFFQX4              2     14.364    slow_vdd1v0   worst 
DFFQXL             20    109.440    slow_vdd1v0   worst 
DFFRHQX1           38    233.928    slow_vdd1v0   worst 
DFFRHQX4            1      9.576    slow_vdd1v0   worst 
DFFRX1              1      6.840    slow_vdd1v0   worst 
DFFRX2              4     30.096    slow_vdd1v0   worst 
DFFX1               3     21.546    slow_vdd1v0   worst 
DFFX4              18    166.212    slow_vdd1v0   worst 
EDFFHQX1          128   1094.400    slow_vdd1v0   worst 
EDFFHQX8            2     23.256    slow_vdd1v0   worst 
INVX1             156    106.704    slow_vdd1v0   worst 
INVX12              2      8.208    slow_vdd1v0   worst 
INVX16              3     16.416    slow_vdd1v0   worst 
INVX2             123    126.198    slow_vdd1v0   worst 
INVX3              73     99.864    slow_vdd1v0   worst 
INVX4               1      1.710    slow_vdd1v0   worst 
INVX6               5     11.970    slow_vdd1v0   worst 
INVX8               3      9.234    slow_vdd1v0   worst 
INVXL               2      1.368    slow_vdd1v0   worst 
MDFFHQX1           29    247.950    slow_vdd1v0   worst 
MDFFHQX2            2     18.468    slow_vdd1v0   worst 
MDFFHQX4          126   1163.484    slow_vdd1v0   worst 
MDFFHQX8            2     22.572    slow_vdd1v0   worst 
MX2X1              18     43.092    slow_vdd1v0   worst 
MX4X1               3     22.572    slow_vdd1v0   worst 
MX4XL               1      7.182    slow_vdd1v0   worst 
MXI2X2             10     44.460    slow_vdd1v0   worst 
MXI2X4             28    143.640    slow_vdd1v0   worst 
MXI2X6              4     20.520    slow_vdd1v0   worst 
NAND2BX1            9     12.312    slow_vdd1v0   worst 
NAND2BX2           15     35.910    slow_vdd1v0   worst 
NAND2BX4           16     60.192    slow_vdd1v0   worst 
NAND2X1            47     48.222    slow_vdd1v0   worst 
NAND2X2           149    254.790    slow_vdd1v0   worst 
NAND2X4           135    461.700    slow_vdd1v0   worst 
NAND2X6            68    325.584    slow_vdd1v0   worst 
NAND2X8            53    290.016    slow_vdd1v0   worst 
NAND2XL             2      2.052    slow_vdd1v0   worst 
NAND3BX2            2      6.156    slow_vdd1v0   worst 
NAND3BX4            1      5.130    slow_vdd1v0   worst 
NAND3X2             7     19.152    slow_vdd1v0   worst 
NAND3X4             5     23.940    slow_vdd1v0   worst 
NAND4X6             3     25.650    slow_vdd1v0   worst 
NAND4X8             2     20.520    slow_vdd1v0   worst 
NOR2BX1            31     42.408    slow_vdd1v0   worst 
NOR2BX2            31     84.816    slow_vdd1v0   worst 
NOR2BX4            22     82.764    slow_vdd1v0   worst 
NOR2X1             83     85.158    slow_vdd1v0   worst 
NOR2X2            130    222.300    slow_vdd1v0   worst 
NOR2X4            252    775.656    slow_vdd1v0   worst 
NOR2X6            133    545.832    slow_vdd1v0   worst 
NOR2X8             52    284.544    slow_vdd1v0   worst 
NOR2XL              5      5.130    slow_vdd1v0   worst 
NOR3BX2             3     10.260    slow_vdd1v0   worst 
NOR3BX4             5     29.070    slow_vdd1v0   worst 
NOR3X1              4      6.840    slow_vdd1v0   worst 
NOR3X2              8     21.888    slow_vdd1v0   worst 
NOR3X4              4     20.520    slow_vdd1v0   worst 
NOR3X6              6     43.092    slow_vdd1v0   worst 
NOR3X8              3     26.676    slow_vdd1v0   worst 
NOR3XL              1      1.710    slow_vdd1v0   worst 
NOR4BX4             1      7.524    slow_vdd1v0   worst 
NOR4X2              7     23.940    slow_vdd1v0   worst 
NOR4X4              7     45.486    slow_vdd1v0   worst 
NOR4X6              1      8.208    slow_vdd1v0   worst 
OA21X1             68    139.536    slow_vdd1v0   worst 
OA21X2              3      9.234    slow_vdd1v0   worst 
OA21X4             16     60.192    slow_vdd1v0   worst 
OA22X1             59    141.246    slow_vdd1v0   worst 
OA22X2              1      3.420    slow_vdd1v0   worst 
OA22X4              4     16.416    slow_vdd1v0   worst 
OAI211X2            2      8.208    slow_vdd1v0   worst 
OAI211X4            1      6.498    slow_vdd1v0   worst 
OAI21X1            36     61.560    slow_vdd1v0   worst 
OAI21X2            35    107.730    slow_vdd1v0   worst 
OAI21X4            79    378.252    slow_vdd1v0   worst 
OAI21XL             1      1.710    slow_vdd1v0   worst 
OAI221X2            2      9.576    slow_vdd1v0   worst 
OAI222X2            1      5.814    slow_vdd1v0   worst 
OAI22X1            17     34.884    slow_vdd1v0   worst 
OAI22X2            31    106.020    slow_vdd1v0   worst 
OAI22X4            26    168.948    slow_vdd1v0   worst 
OAI22XL             3      6.156    slow_vdd1v0   worst 
OAI2BB1X1          67    114.570    slow_vdd1v0   worst 
OAI2BB1X2          41    126.198    slow_vdd1v0   worst 
OAI2BB1X4          50    222.300    slow_vdd1v0   worst 
OAI2BB2X2           3     16.416    slow_vdd1v0   worst 
OAI2BB2X4           6     51.300    slow_vdd1v0   worst 
OAI31X1             2      4.104    slow_vdd1v0   worst 
OAI31X2             7     26.334    slow_vdd1v0   worst 
OAI31X4             1      6.840    slow_vdd1v0   worst 
OAI32X2             1      4.446    slow_vdd1v0   worst 
OAI32X4             2     16.416    slow_vdd1v0   worst 
OR2X1             108    147.744    slow_vdd1v0   worst 
OR2X2              19     32.490    slow_vdd1v0   worst 
OR2X4              29     79.344    slow_vdd1v0   worst 
OR2X6              22     82.764    slow_vdd1v0   worst 
OR2X8               4     17.784    slow_vdd1v0   worst 
OR3X1              24     49.248    slow_vdd1v0   worst 
OR3X2               5     11.970    slow_vdd1v0   worst 
OR3X4               1      3.078    slow_vdd1v0   worst 
OR3X6               3     14.364    slow_vdd1v0   worst 
OR4X1              19     38.988    slow_vdd1v0   worst 
OR4X2               1      3.420    slow_vdd1v0   worst 
OR4X6               1      5.472    slow_vdd1v0   worst 
XNOR2X1            46    110.124    slow_vdd1v0   worst 
XNOR2X2            24     73.872    slow_vdd1v0   worst 
XNOR2X4             4     15.048    slow_vdd1v0   worst 
XOR2X2              5     17.100    slow_vdd1v0   worst 
XOR2X4              4     16.416    slow_vdd1v0   worst 
XOR3X1              4     30.096    slow_vdd1v0   worst 
--------------------------------------------------------
total            4744  17569.566                


                                          
     Type      Instances    Area   Area % 
------------------------------------------
sequential           656  4954.554   28.2 
inverter             551   927.162    5.3 
buffer               107   382.014    2.2 
logic               3430 11305.836   64.3 
physical_cells         0     0.000    0.0 
------------------------------------------
total               4744 17569.566  100.0 

