============================================================
  Generated by:           Genus(TM) Synthesis Solution 21.19-s055_1
  Generated on:           May 23 2026  03:05:30 pm
  Module:                 multiplier32FP
  Library domain:         worst
    Domain index:         0
    Technology library:   slow_vdd1v0 1.0
  Library domain:         best
    Domain index:         1
    Technology library:   fast_vdd1v2 1.0
  Operating conditions:   PVT_0P9V_125C 
  Operating conditions:   PVT_1P32V_0C 
  Interconnect mode:      global
  Area mode:              physical library
============================================================

Max_transition design rule (violation total = 4823)
Pin                                                             Slew           Max     Violation
--------------------------------------------------------------------------------------------------
i_mul_24/g10161__5107/B                                          564           280           284
  --> Other violations on net                                            568
i_mul_24/g10165/A                                                564           280           284
  --> Other violations on net                                            568
i_mul_24/g10166__5526/Y                                          564           280           284
  --> Other violations on net                                            568
i_post_norm_mul/g91331/B                                         505           280           225
  --> Other violations on net                                            225
i_post_norm_mul/g91356/Y                                         505           280           225
  --> Other violations on net                                            225
i_post_norm_mul/g91651/A0                                        307           280            27
  --> Other violations on net                                            293
i_post_norm_mul/g91529/A0                                        307           280            27
  --> Other violations on net                                            293
i_post_norm_mul/g91512/A0                                        307           280            27
  --> Other violations on net                                            293
i_post_norm_mul/g91492/A0                                        307           280            27
  --> Other violations on net                                            293
i_post_norm_mul/g91563/A0                                        307           280            27
  --> Other violations on net                                            293
i_post_norm_mul/g91564/A0N                                       307           280            27
  --> Other violations on net                                            293
i_post_norm_mul/g91602/A0                                        307           280            27
  --> Other violations on net                                            293
i_post_norm_mul/g91647/B0                                        307           280            27
  --> Other violations on net                                            293
i_post_norm_mul/g91648/B0                                        307           280            27
  --> Other violations on net                                            293
i_post_norm_mul/g91650/A0                                        307           280            27
  --> Other violations on net                                            293
i_post_norm_mul/g91666/A                                         307           280            27
  --> Other violations on net                                            293
i_post_norm_mul/g93094/Y                                         307           280            27
  --> Other violations on net                                            293
i_post_norm_mul/g91730/C0                                        428           280           148
  --> Other violations on net                                            148
i_post_norm_mul/g91843/Y                                         428           280           148
  --> Other violations on net                                            148
i_mul_24/mul_196_46_g3990/A                                      376           280            96
  --> Other violations on net                                            192
i_mul_24/mul_196_46_g3989/A                                      376           280            96
  --> Other violations on net                                            192
i_mul_24/mul_196_46_g4030/Y                                      376           280            96
  --> Other violations on net                                            192
i_post_norm_mul/g92736/C                                         412           280           132
  --> Other violations on net                                            132
i_post_norm_mul/g92778/Y                                         412           280           132
  --> Other violations on net                                            132
i_post_norm_mul/g92000/C                                         386           280           106
  --> Other violations on net                                            106
i_post_norm_mul/g92177/Y                                         386           280           106
  --> Other violations on net                                            106
i_post_norm_mul/g91998/A                                         386           280           106
  --> Other violations on net                                            106
i_post_norm_mul/g92178/Y                                         386           280           106
  --> Other violations on net                                            106
i_post_norm_mul/g91999/A                                         384           280           104
  --> Other violations on net                                            104
i_post_norm_mul/g92179/Y                                         384           280           104
  --> Other violations on net                                            104
i_post_norm_mul/g92620/A0                                        382           280           102
  --> Other violations on net                                            102
i_post_norm_mul/g92955/Y                                         382           280           102
  --> Other violations on net                                            102
i_post_norm_mul/g91794/B0                                        378           280            98
  --> Other violations on net                                            98
i_post_norm_mul/g92214/Y                                         378           280            98
  --> Other violations on net                                            98
i_post_norm_mul/g91709/B0                                        360           280            80
  --> Other violations on net                                            80
i_post_norm_mul/g92216/Y                                         360           280            80
  --> Other violations on net                                            80
g1595/A                                                          331           280            51
  --> Other violations on net                                            101
g1358/A                                                          331           280            51
  --> Other violations on net                                            101
g1597/Y                                                          331           280            51
  --> Other violations on net                                            101
i_post_norm_mul/g92679/B0                                        352           280            72
  --> Other violations on net                                            72
i_post_norm_mul/g93067/Y                                         352           280            72
  --> Other violations on net                                            72
i_post_norm_mul/g93305/C                                         341           280            61
  --> Other violations on net                                            61
i_post_norm_mul/g93342/Y                                         341           280            61
  --> Other violations on net                                            61
i_mul_24/WALLACE_CSA_DUMMY_OP_groupi_g2309__5115/A               310           280            30
  --> Other violations on net                                            61
i_mul_24/WALLACE_CSA_DUMMY_OP_groupi_g2159__5122/A0              310           280            30
  --> Other violations on net                                            61
i_mul_24/WALLACE_CSA_DUMMY_OP_groupi_g2351/Y                     310           280            30
  --> Other violations on net                                            61
i_post_norm_mul/g93128/B                                         317           280            37
  --> Other violations on net                                            37
i_post_norm_mul/g93280/Y                                         317           280            37
  --> Other violations on net                                            37
i_post_norm_mul/g91434/A1                                        316           280            36
  --> Other violations on net                                            36
i_post_norm_mul/g91631/Y                                         316           280            36
  --> Other violations on net                                            36
i_post_norm_mul/g92579/A                                         314           280            34
  --> Other violations on net                                            34
i_post_norm_mul/g92648/Y                                         314           280            34
  --> Other violations on net                                            34
i_mul_24/WALLACE_CSA_DUMMY_OP_groupi_g2288__6417/B               302           280            22
  --> Other violations on net                                            45
i_mul_24/WALLACE_CSA_DUMMY_OP_groupi_g2153__5526/B0              302           280            22
  --> Other violations on net                                            45
i_mul_24/WALLACE_CSA_DUMMY_OP_groupi_g2353/Y                     302           280            22
  --> Other violations on net                                            45
i_post_norm_mul/g91587/B                                         312           280            32
  --> Other violations on net                                            32
i_post_norm_mul/g91700/Y                                         312           280            32
  --> Other violations on net                                            32
i_post_norm_mul/g93367/B                                         301           280            21
  --> Other violations on net                                            41
i_post_norm_mul/g93302/A0                                        301           280            21
  --> Other violations on net                                            41
i_post_norm_mul/g93416/Y                                         301           280            21
  --> Other violations on net                                            41
i_post_norm_mul/g91476/A0                                        285           280             5
  --> Other violations on net                                            45
i_post_norm_mul/g91475/A0                                        285           280             5
  --> Other violations on net                                            45
i_post_norm_mul/g91477/A0                                        285           280             5
  --> Other violations on net                                            45
i_post_norm_mul/g91535/A0                                        285           280             5
  --> Other violations on net                                            45
i_post_norm_mul/g91571/B0                                        285           280             5
  --> Other violations on net                                            45
i_post_norm_mul/g91628/A0                                        285           280             5
  --> Other violations on net                                            45
i_post_norm_mul/g91639/A0                                        285           280             5
  --> Other violations on net                                            45
i_post_norm_mul/g91640/A0                                        285           280             5
  --> Other violations on net                                            45
i_post_norm_mul/g91642/A0                                        285           280             5
  --> Other violations on net                                            45
i_post_norm_mul/g93095/Y                                         285           280             5
  --> Other violations on net                                            45
i_post_norm_mul/g92189/B                                         288           280             8
  --> Other violations on net                                            34
i_post_norm_mul/g91438/A0                                        288           280             8
  --> Other violations on net                                            34
i_post_norm_mul/g92241/A                                         288           280             8
  --> Other violations on net                                            34
i_post_norm_mul/g92243/B                                         288           280             8
  --> Other violations on net                                            34
i_post_norm_mul/g92366/Y                                         288           280             8
  --> Other violations on net                                            34
i_post_norm_mul/g92564/B0                                        297           280            17
  --> Other violations on net                                            17
i_post_norm_mul/g92917/Y                                         297           280            17
  --> Other violations on net                                            17
i_post_norm_mul/g92184/A                                         281           280             1
  --> Other violations on net                                            29
i_post_norm_mul/g91534/B0                                        281           280             1
  --> Other violations on net                                            29
i_post_norm_mul/g91513/A1                                        281           280             1
  --> Other violations on net                                            29
i_post_norm_mul/g91550/A1                                        281           280             1
  --> Other violations on net                                            29
i_post_norm_mul/g91618/A1N                                       281           280             1
  --> Other violations on net                                            29
i_post_norm_mul/g91620/B1                                        281           280             1
  --> Other violations on net                                            29
i_post_norm_mul/g91626/A1                                        281           280             1
  --> Other violations on net                                            29
i_post_norm_mul/g91704/A1N                                       281           280             1
  --> Other violations on net                                            29
i_post_norm_mul/g91711/A1                                        281           280             1
  --> Other violations on net                                            29
i_post_norm_mul/g91725/A1N                                       281           280             1
  --> Other violations on net                                            29
i_post_norm_mul/g91726/A1                                        281           280             1
  --> Other violations on net                                            29
i_post_norm_mul/g91992/A1                                        281           280             1
  --> Other violations on net                                            29
i_post_norm_mul/g92004/A1                                        281           280             1
  --> Other violations on net                                            29
i_post_norm_mul/g92005/A1                                        281           280             1
  --> Other violations on net                                            29
i_post_norm_mul/g92006/A1                                        281           280             1
  --> Other violations on net                                            29
i_post_norm_mul/g92007/A1                                        281           280             1
  --> Other violations on net                                            29
i_post_norm_mul/g92008/A1                                        281           280             1
  --> Other violations on net                                            29
i_post_norm_mul/g92009/A1                                        281           280             1
  --> Other violations on net                                            29
i_post_norm_mul/g92010/A1                                        281           280             1
  --> Other violations on net                                            29
i_post_norm_mul/g92015/A1                                        281           280             1
  --> Other violations on net                                            29
i_post_norm_mul/g92017/A1                                        281           280             1
  --> Other violations on net                                            29
i_post_norm_mul/g92018/A1N                                       281           280             1
  --> Other violations on net                                            29
i_post_norm_mul/g92247/Y                                         281           280             1
  --> Other violations on net                                            29
i_post_norm_mul/g92980/B                                         292           280            12
  --> Other violations on net                                            12
i_post_norm_mul/g93306/Y                                         292           280            12
  --> Other violations on net                                            12
i_pre_norm_mul/g1334/A                                           287           280             7
  --> Other violations on net                                            7
i_pre_norm_mul/g1351/Y                                           287           280             7
  --> Other violations on net                                            7
i_post_norm_mul/g93027/B0                                        284           280             4
  --> Other violations on net                                            9
i_post_norm_mul/g92910/B                                         284           280             4
  --> Other violations on net                                            9
i_post_norm_mul/g93136/Y                                         284           280             4
  --> Other violations on net                                            9
i_post_norm_mul/g92595/B0                                        284           280             4
  --> Other violations on net                                            4
i_post_norm_mul/g92638/Y                                         284           280             4
  --> Other violations on net                                            4
i_post_norm_mul/g92619/A0                                        284           280             4
  --> Other violations on net                                            4
i_post_norm_mul/g93097/Y                                         284           280             4
  --> Other violations on net                                            4
i_post_norm_mul/g91537/B                                         284           280             4
  --> Other violations on net                                            4
i_post_norm_mul/g91623/Y                                         284           280             4
  --> Other violations on net                                            4
i_post_norm_mul/g92656/A                                         282           280             2
  --> Other violations on net                                            5
i_post_norm_mul/g92541/A0                                        282           280             2
  --> Other violations on net                                            5
i_post_norm_mul/g92744/B0                                        282           280             2
  --> Other violations on net                                            5
i_post_norm_mul/g93522/Y                                         282           280             2
  --> Other violations on net                                            5
i_post_norm_mul/g93074/A0                                        282           280             2
  --> Other violations on net                                            2
i_post_norm_mul/g93192/Y                                         282           280             2
  --> Other violations on net                                            2


Max_capacitance design rule: no violations.


Max_fanout design rule: no constraints.



