============================================================
  Generated by:           Genus(TM) Synthesis Solution 21.19-s055_1
  Generated on:           May 23 2026  03:05:30 pm
  Module:                 multiplier32FP
  Operating conditions:   PVT_0P9V_125C 
  Operating conditions:   PVT_1P32V_0C 
  Interconnect mode:      global
  Area mode:              physical library
============================================================


Path 1: VIOLATED (-670 ps) Setup Check with Pin i_mul_24/prod2_reg[3][0][21]/CK->D
          Group: clk
     Startpoint: (R) i_mul_24/count_reg[0]/CK
          Clock: (R) clk
       Endpoint: (R) i_mul_24/prod2_reg[3][0][21]/D
          Clock: (R) clk

                     Capture       Launch     
        Clock Edge:+    1905            0     
       Src Latency:+       0            0     
       Net Latency:+     100 (I)      100 (I) 
           Arrival:=    2005          100     
                                              
             Setup:-     217                  
       Uncertainty:-      50                  
     Required Time:=    1738                  
      Launch Clock:-     100                  
         Data Path:-    2308                  
             Slack:=    -670                  

#-----------------------------------------------------------------------------------------------------------
#           Timing Point            Flags   Arc   Edge    Cell     Fanout Load Trans Delay Arrival Instance 
#                                                                         (fF)  (ps)  (ps)   (ps)  Location 
#-----------------------------------------------------------------------------------------------------------
  i_mul_24/count_reg[0]/CK          -       -     R     (arrival)     656    -     0     0     100    (-,-) 
  i_mul_24/count_reg[0]/Q           -       CK->Q F     DFFHQX4         5 16.9   124   278     378    (-,-) 
  i_mul_24/g8870/Y                  -       A->Y  F     CLKBUFX20       6 23.4    58   138     516    (-,-) 
  i_mul_24/g8859/Y                  -       A->Y  R     CLKINVX16       8 34.4    65    64     580    (-,-) 
  i_mul_24/g8643__3680/Y            -       B->Y  F     NOR2X8          1  5.8    47    54     634    (-,-) 
  i_mul_24/g8587__1705/Y            -       A->Y  R     NOR2X8          1  9.3    78    81     715    (-,-) 
  i_mul_24/g8560/Y                  -       A->Y  F     CLKINVX16      12 30.8    78    76     790    (-,-) 
  i_mul_24/mul_194_38_g4065__1666/Y -       B->Y  F     CLKAND2X12      4 11.5    51   124     914    (-,-) 
  i_mul_24/mul_194_38_g4018__2346/Y -       A->Y  F     CLKAND2X6       2  5.1    42   108    1022    (-,-) 
  i_mul_24/mul_194_38_g3964__1881/S -       B->S  R     ADDHX1          1  3.3    86   169    1192    (-,-) 
  i_mul_24/mul_194_38_g3952__1617/Y -       B->Y  F     XNOR2X1         1  3.7   110   197    1389    (-,-) 
  i_mul_24/mul_194_38_g3896__1666/S -       CI->S R     ADDFHX2         2  7.6   120   383    1772    (-,-) 
  i_mul_24/mul_194_38_g3889__9315/Y -       B->Y  F     NOR2X6          3  9.4    73    92    1864    (-,-) 
  i_mul_24/mul_194_38_g3881__1881/Y -       B->Y  R     NOR2X4          1  6.1    95    90    1954    (-,-) 
  i_mul_24/mul_194_38_g3866__5526/Y -       A->Y  F     NAND2X8         2  7.3    93   114    2068    (-,-) 
  i_mul_24/mul_194_38_g3857__7410/Y -       A1->Y R     AOI21X4         1  3.3    73    98    2166    (-,-) 
  i_mul_24/mul_194_38_g3855__2346/Y -       S0->Y R     MXI2X4          4  8.8    64   242    2408    (-,-) 
  i_mul_24/prod2_reg[3][0][21]/D    <<<     -     R     EDFFHQX1        4    -     -     0    2408    (-,-) 
#-----------------------------------------------------------------------------------------------------------

