============================================================
  Generated by:           Genus(TM) Synthesis Solution 21.19-s055_1
  Generated on:           May 25 2026  08:05:46 am
  Module:                 multiplier32FP
  Library domain:         worst
    Domain index:         0
    Technology library:   slow_vdd1v0 1.0
  Library domain:         best
    Domain index:         1
    Technology library:   fast_vdd1v2 1.0
  Operating conditions:   PVT_0P9V_125C 
  Operating conditions:   PVT_1P32V_0C 
  Interconnect mode:      global
  Area mode:              physical library
============================================================

Max_transition design rule (violation total = 164)
Pin                                    Slew           Max     Violation
-------------------------------------------------------------------------
i_mul_24/drc/A                          360           280            80
  --> Other violations on net                   80
i_mul_24/g5810__4319/Y                  360           280            80
  --> Other violations on net                   80
i_post_norm_mul/g96974/B0               281           280             1
  --> Other violations on net                   2
i_post_norm_mul/g96252/A0N              281           280             1
  --> Other violations on net                   2
i_post_norm_mul/g97025/Y                281           280             1
  --> Other violations on net                   2


Max_capacitance design rule: no violations.


Max_fanout design rule: no constraints.



