============================================================
  Generated by:           Genus(TM) Synthesis Solution 21.19-s055_1
  Generated on:           May 25 2026  08:05:46 am
  Module:                 multiplier32FP
  Library domain:         worst
    Domain index:         0
    Technology library:   slow_vdd1v0 1.0
  Library domain:         best
    Domain index:         1
    Technology library:   fast_vdd1v2 1.0
  Operating conditions:   PVT_0P9V_125C 
  Operating conditions:   PVT_1P32V_0C 
  Interconnect mode:      global
  Area mode:              physical library
============================================================

     Instance         Module     Cell Count  Normalized Cell Area  Normalized Net Area   Normalized Total Area 
---------------------------------------------------------------------------------------------------------------
multiplier32FP                         4223             12920.333             5151.222               18071.556 
  i_mul_24        mul_24               1475              6210.333             1670.887                7881.220 
  i_post_norm_mul post_norm_mul        2468              5850.000             3048.406                8898.406 
  i_pre_norm_mul  pre_norm_mul           64               216.333               51.831                 268.164 
  u_fsm           fpu_fsm                34               109.333               36.196                 145.530 
