============================================================
  Generated by:           Genus(TM) Synthesis Solution 21.19-s055_1
  Generated on:           May 25 2026  08:05:46 am
  Module:                 multiplier32FP
  Library domain:         worst
    Domain index:         0
    Technology library:   slow_vdd1v0 1.0
  Library domain:         best
    Domain index:         1
    Technology library:   fast_vdd1v2 1.0
  Operating conditions:   PVT_0P9V_125C 
  Operating conditions:   PVT_1P32V_0C 
  Interconnect mode:      global
  Area mode:              physical library
============================================================

     Instance         Module     Cell Count  Cell Area  Net Area   Total Area 
------------------------------------------------------------------------------
multiplier32FP                         4223  13256.262  5285.154    18541.416 
  i_mul_24        mul_24               1475   6371.802  1714.330     8086.132 
  i_post_norm_mul post_norm_mul        2468   6002.100  3127.664     9129.764 
  i_pre_norm_mul  pre_norm_mul           64    221.958    53.178      275.136 
  u_fsm           fpu_fsm                34    112.176    37.137      149.313 
