============================================================
  Generated by:           Genus(TM) Synthesis Solution 21.19-s055_1
  Generated on:           May 25 2026  08:05:46 am
  Module:                 multiplier32FP
  Operating conditions:   PVT_0P9V_125C 
  Operating conditions:   PVT_1P32V_0C 
  Interconnect mode:      global
  Area mode:              physical library
============================================================


Path 1: MET (0 ps) Setup Check with Pin i_mul_24/prod2_reg[3][2][15]/CK->D
          Group: clk
     Startpoint: (R) i_mul_24/count_reg[0]/CK
          Clock: (R) clk
       Endpoint: (R) i_mul_24/prod2_reg[3][2][15]/D
          Clock: (R) clk

                     Capture       Launch     
        Clock Edge:+    2825            0     
       Src Latency:+       0            0     
       Net Latency:+     100 (I)      100 (I) 
           Arrival:=    2925          100     
                                              
             Setup:-     231                  
       Uncertainty:-      50                  
     Required Time:=    2644                  
      Launch Clock:-     100                  
         Data Path:-    2544                  
             Slack:=       0                  

#-------------------------------------------------------------------------------------------------------------------
#               Timing Point                 Flags   Arc   Edge   Cell     Fanout Load Trans Delay Arrival Instance 
#                                                                                 (fF)  (ps)  (ps)   (ps)  Location 
#-------------------------------------------------------------------------------------------------------------------
  i_mul_24/count_reg[0]/CK                   -       -     R     (arrival)    656    -     0     0     100    (-,-) 
  i_mul_24/count_reg[0]/Q                    -       CK->Q F     DFFHQX4        3  7.6    65   246     346    (-,-) 
  i_mul_24/fopt5076/Y                        -       A->Y  F     CLKBUFX16      9 28.8    72   119     465    (-,-) 
  i_mul_24/g5074/Y                           -       A->Y  R     CLKINVX20     17 40.9    68    72     538    (-,-) 
  i_mul_24/g4936__2883/Y                     -       B->Y  R     CLKAND2X6      1  3.7    32   110     647    (-,-) 
  i_mul_24/g4901__6161/Y                     -       B0->Y F     AOI21X2        1  5.8   204    69     717    (-,-) 
  i_mul_24/g4851/Y                           -       A->Y  R     CLKINVX8      12 24.4   106   130     846    (-,-) 
  i_mul_24/mul_196_46_g674__6260/Y           -       A->Y  R     CLKAND2X6      1  4.1    34   138     985    (-,-) 
  i_mul_24/mul_196_46_cdnfadd_006_0__5477/CO -       A->CO R     ADDFHX2        1  3.7    75   220    1204    (-,-) 
  i_mul_24/mul_196_46_cdnfadd_007_1__4319/S  -       CI->S F     ADDFHX1        1  3.7   115   301    1506    (-,-) 
  i_mul_24/mul_196_46_cdnfadd_007_2__8428/S  -       CI->S R     ADDFHX2        2  6.8   112   381    1887    (-,-) 
  i_mul_24/mul_196_46_g611__5107/Y           -       B->Y  F     NAND2X2        2  6.2   209   179    2066    (-,-) 
  i_mul_24/mul_196_46_g595__9315/Y           -       B0->Y R     OAI21X4        1  6.1   108   126    2193    (-,-) 
  i_mul_24/mul_196_46_g589__1881/Y           -       A->Y  F     NOR2X8         3 10.6    69    90    2283    (-,-) 
  i_mul_24/mul_196_46_g587__6131/Y           -       B->Y  R     NOR2X8         2  7.6    73    73    2356    (-,-) 
  i_mul_24/mul_196_46_g584__8246/Y           -       B->Y  F     NOR2X4         1  3.4    55    61    2417    (-,-) 
  i_mul_24/mul_196_46_g582__1705/Y           -       S0->Y R     CLKMX2X3       4  8.8    91   227    2644    (-,-) 
  i_mul_24/prod2_reg[3][2][15]/D             <<<     -     R     EDFFHQX1       4    -     -     0    2644    (-,-) 
#-------------------------------------------------------------------------------------------------------------------

