============================================================
  Generated by:           Genus(TM) Synthesis Solution 21.19-s055_1
  Generated on:           May 22 2026  03:47:22 pm
  Module:                 multiplier32FP
  Library domain:         worst
    Domain index:         0
    Technology library:   slow_vdd1v0 1.0
  Library domain:         best
    Domain index:         1
    Technology library:   fast_vdd1v2 1.0
  Operating conditions:   PVT_0P9V_125C 
  Operating conditions:   PVT_1P32V_0C 
  Interconnect mode:      global
  Area mode:              physical library
============================================================

     Instance         Module     Cell Count  Cell Area  Net Area   Total Area 
------------------------------------------------------------------------------
multiplier32FP                         3630  11002.824  4674.780    15677.604 
  i_mul_24        mul_24               1139   4930.614  1395.069     6325.683 
  i_post_norm_mul post_norm_mul        2243   5279.112  2863.444     8142.556 
  i_pre_norm_mul  pre_norm_mul           39    143.640    31.113      174.753 
  u_fsm           fpu_fsm                34    112.176    37.137      149.313 
