============================================================
  Generated by:           Genus(TM) Synthesis Solution 21.19-s055_1
  Generated on:           May 25 2026  08:33:46 am
  Module:                 multiplier32FP
  Operating conditions:   PVT_0P9V_125C 
  Operating conditions:   PVT_1P32V_0C 
  Interconnect mode:      global
  Area mode:              physical library
============================================================


Path 1: MET (0 ps) Setup Check with Pin i_mul_24/sum_reg[3][19]/CK->D1
          Group: clk
     Startpoint: (R) i_mul_24/count_reg[0]/CK
          Clock: (R) clk
       Endpoint: (R) i_mul_24/sum_reg[3][19]/D1
          Clock: (R) clk

                     Capture       Launch     
        Clock Edge:+    2809            0     
       Src Latency:+       0            0     
       Net Latency:+     100 (I)      100 (I) 
           Arrival:=    2909          100     
                                              
             Setup:-     249                  
       Uncertainty:-      50                  
     Required Time:=    2610                  
      Launch Clock:-     100                  
         Data Path:-    2510                  
             Slack:=       0                  

#----------------------------------------------------------------------------------------------------------------------------------------
#                         Timing Point                          Flags    Arc   Edge    Cell     Fanout Load Trans Delay Arrival Instance 
#                                                                                                      (fF)  (ps)  (ps)   (ps)  Location 
#----------------------------------------------------------------------------------------------------------------------------------------
  i_mul_24/count_reg[0]/CK                                      -       -      R     (arrival)     656    -     0     0     100    (-,-) 
  i_mul_24/count_reg[0]/Q                                       -       CK->Q  F     DFFHQX4         3 13.8   105   268     368    (-,-) 
  i_mul_24/g3768/Y                                              -       A->Y   R     INVX20         25 74.5   107   106     473    (-,-) 
  i_mul_24/g6313/Y                                              -       A->Y   F     CLKINVX6        3 10.6    74    86     560    (-,-) 
  i_mul_24/g2__1666/Y                                           -       B->Y   F     CLKAND2X12      3 16.6    62   128     687    (-,-) 
  i_mul_24/g6248/Y                                              -       A->Y   R     CLKINVX12      12 36.2    81    72     760    (-,-) 
  i_mul_24/g6178__5122/Y                                        -       B->Y   F     NOR2BX4         1  4.3    59    67     827    (-,-) 
  i_mul_24/g6058__6161/Y                                        -       B0->Y  R     AOI21X4         1  4.5    83    81     908    (-,-) 
  i_mul_24/g6000__7482/Y                                        -       B->Y   F     NAND2X4         1  3.6    96    96    1004    (-,-) 
  i_mul_24/WALLACE_CSA_DUMMY_OP_groupi893_cdnfadd_007_0__1617/S -       B->S   R     ADDFX1          1  3.7   105   356    1360    (-,-) 
  i_mul_24/WALLACE_CSA_DUMMY_OP_groupi893_g859__2346/CO         -       CI->CO R     ADDFHX2         3  7.4   113   262    1621    (-,-) 
  i_mul_24/WALLACE_CSA_DUMMY_OP_groupi893_g858/Y                -       A->Y   F     INVX3           1  5.1    69    91    1712    (-,-) 
  i_mul_24/WALLACE_CSA_DUMMY_OP_groupi893_g857__2883/Y          -       B->Y   R     NOR2X6          2  5.6    70    72    1785    (-,-) 
  i_mul_24/WALLACE_CSA_DUMMY_OP_groupi893_g852__4733/Y          -       B->Y   R     CLKAND2X6       1  6.1    40   115    1900    (-,-) 
  i_mul_24/WALLACE_CSA_DUMMY_OP_groupi893_g851__7482/Y          -       B->Y   F     NOR2X8          4 10.9    71    52    1952    (-,-) 
  i_mul_24/WALLACE_CSA_DUMMY_OP_groupi893_g848__6131/Y          -       B->Y   R     NOR2X4          1  6.1    95    89    2041    (-,-) 
  i_mul_24/WALLACE_CSA_DUMMY_OP_groupi893_g845__5122/Y          -       B->Y   F     NOR2X8          4 10.6    70    76    2117    (-,-) 
  i_mul_24/WALLACE_CSA_DUMMY_OP_groupi893_g840__6783/Y          -       B->Y   R     NOR2X4          2  6.8   102    93    2210    (-,-) 
  i_mul_24/WALLACE_CSA_DUMMY_OP_groupi893_g831__6417/Y          -       A1->Y  F     AOI21X4         1  3.3   106   122    2331    (-,-) 
  i_mul_24/WALLACE_CSA_DUMMY_OP_groupi893_g933__7410/Y          -       B->Y   R     XNOR2X2         4  8.8   123   279    2610    (-,-) 
  i_mul_24/sum_reg[3][19]/D1                                    <<<     -      R     MDFFHQX1        4    -     -     0    2610    (-,-) 
#----------------------------------------------------------------------------------------------------------------------------------------

