============================================================
  Generated by:           Genus(TM) Synthesis Solution 21.19-s055_1
  Generated on:           May 25 2026  08:33:46 am
  Module:                 multiplier32FP
  Library domain:         worst
    Domain index:         0
    Technology library:   slow_vdd1v0 1.0
  Library domain:         best
    Domain index:         1
    Technology library:   fast_vdd1v2 1.0
  Operating conditions:   PVT_0P9V_125C 
  Operating conditions:   PVT_1P32V_0C 
  Interconnect mode:      global
  Area mode:              physical library
============================================================

Max_transition design rule (violation total = 102)
Pin                                    Slew           Max     Violation
-------------------------------------------------------------------------
i_post_norm_mul/g74919/A                286           280             6
  --> Other violations on net                   96
i_post_norm_mul/g75003/A                286           280             6
  --> Other violations on net                   96
i_post_norm_mul/g74958/A0               286           280             6
  --> Other violations on net                   96
i_post_norm_mul/g74988/A0N              286           280             6
  --> Other violations on net                   96
i_post_norm_mul/g75802/A                286           280             6
  --> Other violations on net                   96
i_post_norm_mul/g75833/B                286           280             6
  --> Other violations on net                   96
i_post_norm_mul/g75477/A1               286           280             6
  --> Other violations on net                   96
i_post_norm_mul/g75066/A                286           280             6
  --> Other violations on net                   96
i_post_norm_mul/g74811/C0               286           280             6
  --> Other violations on net                   96
i_post_norm_mul/g74759/A1               286           280             6
  --> Other violations on net                   96
i_post_norm_mul/g74904/B0               286           280             6
  --> Other violations on net                   96
i_post_norm_mul/g74821/A0               286           280             6
  --> Other violations on net                   96
i_post_norm_mul/g74856/B0               286           280             6
  --> Other violations on net                   96
i_post_norm_mul/g75342/A                286           280             6
  --> Other violations on net                   96
i_post_norm_mul/g74850/A0               286           280             6
  --> Other violations on net                   96
i_post_norm_mul/g76015/Y                286           280             6
  --> Other violations on net                   96


Max_capacitance design rule: no violations.


Max_fanout design rule: no constraints.



