============================================================
  Generated by:           Genus(TM) Synthesis Solution 21.19-s055_1
  Generated on:           May 25 2026  08:33:46 am
  Module:                 multiplier32FP
  Library domain:         worst
    Domain index:         0
    Technology library:   slow_vdd1v0 1.0
  Library domain:         best
    Domain index:         1
    Technology library:   fast_vdd1v2 1.0
  Operating conditions:   PVT_0P9V_125C 
  Operating conditions:   PVT_1P32V_0C 
  Interconnect mode:      global
  Area mode:              physical library
============================================================

     Instance         Module     Cell Count  Cell Area  Net Area   Total Area 
------------------------------------------------------------------------------
multiplier32FP                         4150  13081.158  5161.217    18242.375 
  i_mul_24        mul_24               1462   6249.708  1699.277     7948.985 
  i_post_norm_mul post_norm_mul        2408   5943.618  3018.779     8962.397 
  i_pre_norm_mul  pre_norm_mul           64    227.088    53.178      280.266 
  u_fsm           fpu_fsm                34    112.176    37.137      149.313 
