============================================================
  Generated by:           Genus(TM) Synthesis Solution 21.19-s055_1
  Generated on:           May 23 2026  03:05:31 pm
  Module:                 multiplier32FP
  Operating conditions:   PVT_0P9V_125C 
  Operating conditions:   PVT_1P32V_0C 
  Interconnect mode:      global
  Area mode:              physical library
============================================================

Timing
--------

Clock Period 
-------------
clk   1905.0 


  Cost    Critical               Violating 
 Group   Path Slack     TNS        Paths   
-------------------------------------------
clk          -669.9   -140257.3        403 
default    No paths         0.0            
-------------------------------------------
Total                 -140257.3        403 

Instance Count
--------------
Leaf Instance Count             4744 
Physical Instance count            0 
Sequential Instance Count        656 
Combinational Instance Count    4088 
Hierarchical Instance Count        4 

Area
----
Cell Area                          17569.566
Physical Cell Area                 0.000
Total Cell Area (Cell+Physical)    17569.566
Net Area                           5741.200
Total Area (Cell+Physical+Net)     23310.766

Max Fanout                         656 (clk)
Min Fanout                         0 (n_155)
Average Fanout                     2.3
Terms to net ratio                 3.3047
Terms to instance ratio            3.4273
Runtime                            768.0622209999999 seconds
Elapsed Runtime                    771 seconds
Genus peak memory usage            2214.37 
Innovus peak memory usage          no_value 
Hostname                           localhost
