============================================================
  Generated by:           Genus(TM) Synthesis Solution 21.19-s055_1
  Generated on:           May 23 2026  03:05:30 pm
  Module:                 multiplier32FP
  Library domain:         worst
    Domain index:         0
    Technology library:   slow_vdd1v0 1.0
  Library domain:         best
    Domain index:         1
    Technology library:   fast_vdd1v2 1.0
  Operating conditions:   PVT_0P9V_125C 
  Operating conditions:   PVT_1P32V_0C 
  Interconnect mode:      global
  Area mode:              physical library
============================================================

     Instance         Module     Cell Count  Cell Area  Net Area   Total Area 
------------------------------------------------------------------------------
multiplier32FP                         4744  17569.566  5741.200    23310.766 
  i_mul_24        mul_24               2019   8733.654  2294.446    11028.100 
  i_post_norm_mul post_norm_mul        2399   7809.912  2961.040    10770.952 
  i_pre_norm_mul  pre_norm_mul           93    267.444    77.392      344.836 
  u_fsm           fpu_fsm                38    114.912    39.342      154.254 
