============================================================
  Generated by:           Genus(TM) Synthesis Solution 21.19-s055_1
  Generated on:           May 23 2026  03:05:30 pm
  Module:                 multiplier32FP
  Library domain:         worst
    Domain index:         0
    Technology library:   slow_vdd1v0 1.0
  Library domain:         best
    Domain index:         1
    Technology library:   fast_vdd1v2 1.0
  Operating conditions:   PVT_0P9V_125C 
  Operating conditions:   PVT_1P32V_0C 
  Interconnect mode:      global
  Area mode:              physical library
============================================================

     Instance         Module     Cell Count  Normalized Cell Area  Normalized Net Area   Normalized Total Area 
---------------------------------------------------------------------------------------------------------------
multiplier32FP                         4744             17124.333             5595.712               22720.045 
  i_mul_24        mul_24               2019              8512.333             2236.303               10748.636 
  i_post_norm_mul post_norm_mul        2399              7612.000             2886.003               10498.003 
  i_pre_norm_mul  pre_norm_mul           93               260.667               75.431                 336.097 
  u_fsm           fpu_fsm                38               112.000               38.345                 150.345 
