============================================================
  Generated by:           Genus(TM) Synthesis Solution 21.19-s055_1
  Generated on:           May 22 2026  01:45:48 pm
  Module:                 multiplier32FP
  Operating conditions:   PVT_0P9V_125C 
  Operating conditions:   PVT_1P32V_0C 
  Interconnect mode:      global
  Area mode:              physical library
============================================================

                                               Library 
   Gate     Instances    Area       Library     Domain 
-------------------------------------------------------
ADDFX1            157   805.410    slow_vdd1v0   worst 
ADDHX1             65   244.530    slow_vdd1v0   worst 
AND2X1            253   346.104    slow_vdd1v0   worst 
AND2X2              8    13.680    slow_vdd1v0   worst 
AND2X4              3     8.208    slow_vdd1v0   worst 
AND2X6              6    22.572    slow_vdd1v0   worst 
AND2X8              2     8.892    slow_vdd1v0   worst 
AND3X1              8    19.152    slow_vdd1v0   worst 
AND3X4              1     3.078    slow_vdd1v0   worst 
AND3X6              1     4.446    slow_vdd1v0   worst 
AND3XL              9    18.468    slow_vdd1v0   worst 
AND4X1              6    14.364    slow_vdd1v0   worst 
AND4X6              1     5.814    slow_vdd1v0   worst 
AO21X1             25    59.850    slow_vdd1v0   worst 
AO21X2              1     2.736    slow_vdd1v0   worst 
AO22X1             61   166.896    slow_vdd1v0   worst 
AOI211X1            4     9.576    slow_vdd1v0   worst 
AOI211X2            1     3.420    slow_vdd1v0   worst 
AOI21X1            58    99.180    slow_vdd1v0   worst 
AOI21X2             2     5.472    slow_vdd1v0   worst 
AOI221X2            9    40.014    slow_vdd1v0   worst 
AOI22X1           154   316.008    slow_vdd1v0   worst 
AOI2BB1X1           7    14.364    slow_vdd1v0   worst 
AOI31X2             2     6.840    slow_vdd1v0   worst 
BUFX2              45    76.950    slow_vdd1v0   worst 
BUFX6               1     3.078    slow_vdd1v0   worst 
BUFX8              37   139.194    slow_vdd1v0   worst 
CLKAND2X12          4    30.096    slow_vdd1v0   worst 
CLKINVX4            2     3.420    slow_vdd1v0   worst 
CLKINVX6            1     2.394    slow_vdd1v0   worst 
CLKINVX8            3     9.234    slow_vdd1v0   worst 
CLKMX2X3           24    98.496    slow_vdd1v0   worst 
CLKXOR2X1          14    38.304    slow_vdd1v0   worst 
DFFHQX1           283  1548.576    slow_vdd1v0   worst 
DFFHQX2             1     6.840    slow_vdd1v0   worst 
DFFHQX4             1     8.208    slow_vdd1v0   worst 
DFFRHQX1           39   240.084    slow_vdd1v0   worst 
DFFRX1              6    41.040    slow_vdd1v0   worst 
DFFRX2              5    37.620    slow_vdd1v0   worst 
DFFX1              11    79.002    slow_vdd1v0   worst 
DFFX2              19   155.952    slow_vdd1v0   worst 
DFFX4               1     9.234    slow_vdd1v0   worst 
EDFFHQX1          288  2462.400    slow_vdd1v0   worst 
EDFFX2              1     9.234    slow_vdd1v0   worst 
INVX1             107    73.188    slow_vdd1v0   worst 
INVX2              56    57.456    slow_vdd1v0   worst 
INVX3              11    15.048    slow_vdd1v0   worst 
MDFFHQX2            1     9.234    slow_vdd1v0   worst 
MX2X1              41    98.154    slow_vdd1v0   worst 
MXI2X2              3    13.338    slow_vdd1v0   worst 
NAND2BX1           25    34.200    slow_vdd1v0   worst 
NAND2BX2            7    16.758    slow_vdd1v0   worst 
NAND2BX4            4    15.048    slow_vdd1v0   worst 
NAND2X1            82    84.132    slow_vdd1v0   worst 
NAND2X2            81   138.510    slow_vdd1v0   worst 
NAND2X4             6    20.520    slow_vdd1v0   worst 
NAND3BX2            7    21.546    slow_vdd1v0   worst 
NAND3X2            10    27.360    slow_vdd1v0   worst 
NOR2BX1            55    75.240    slow_vdd1v0   worst 
NOR2BX2             3     8.208    slow_vdd1v0   worst 
NOR2BX4             2     7.524    slow_vdd1v0   worst 
NOR2X1             53    54.378    slow_vdd1v0   worst 
NOR2X2             30    51.300    slow_vdd1v0   worst 
NOR3BX1             1     2.052    slow_vdd1v0   worst 
NOR3BX2             1     3.420    slow_vdd1v0   worst 
NOR3X1              5     8.550    slow_vdd1v0   worst 
NOR3X2              3     8.208    slow_vdd1v0   worst 
NOR3X4              2    10.260    slow_vdd1v0   worst 
NOR4X2              9    30.780    slow_vdd1v0   worst 
OA21X1             28    57.456    slow_vdd1v0   worst 
OA22X1            159   380.646    slow_vdd1v0   worst 
OA22X2              1     3.420    slow_vdd1v0   worst 
OAI21X1            39    66.690    slow_vdd1v0   worst 
OAI21X2             2     6.156    slow_vdd1v0   worst 
OAI22X1            72   147.744    slow_vdd1v0   worst 
OAI2BB1X1         107   182.970    slow_vdd1v0   worst 
OAI2BB1X2           1     3.078    slow_vdd1v0   worst 
OAI31X1             1     2.052    slow_vdd1v0   worst 
OAI31X2             2     7.524    slow_vdd1v0   worst 
OR2X1              97   132.696    slow_vdd1v0   worst 
OR2X2              12    20.520    slow_vdd1v0   worst 
OR2X4               9    24.624    slow_vdd1v0   worst 
OR2X6               5    18.810    slow_vdd1v0   worst 
OR2X8               1     4.446    slow_vdd1v0   worst 
OR3X1              15    30.780    slow_vdd1v0   worst 
OR4X1              51   104.652    slow_vdd1v0   worst 
XNOR2X1            45   107.730    slow_vdd1v0   worst 
-------------------------------------------------------
total            2882  9424.836                


                                         
     Type      Instances   Area   Area % 
-----------------------------------------
sequential           656 4607.424   48.9 
inverter             180  160.740    1.7 
buffer                83  219.222    2.3 
logic               1963 4437.450   47.1 
physical_cells         0    0.000    0.0 
-----------------------------------------
total               2882 9424.836  100.0 

