============================================================
  Generated by:           Genus(TM) Synthesis Solution 21.19-s055_1
  Generated on:           May 22 2026  01:45:47 pm
  Module:                 multiplier32FP
  Library domain:         worst
    Domain index:         0
    Technology library:   slow_vdd1v0 1.0
  Library domain:         best
    Domain index:         1
    Technology library:   fast_vdd1v2 1.0
  Operating conditions:   PVT_0P9V_125C 
  Operating conditions:   PVT_1P32V_0C 
  Interconnect mode:      global
  Area mode:              physical library
============================================================

     Instance         Module     Cell Count  Cell Area  Net Area   Total Area 
------------------------------------------------------------------------------
multiplier32FP                         2882   9424.836  3674.862    13099.698 
  i_mul_24        mul_24               1077   4666.248  1318.704     5984.952 
  i_post_norm_mul post_norm_mul        1566   3986.352  1952.360     5938.712 
  i_pre_norm_mul  pre_norm_mul           39    143.640    31.113      174.753 
  u_fsm           fpu_fsm                33    102.258    33.488      135.746 
