============================================================
  Generated by:           Genus(TM) Synthesis Solution 21.19-s055_1
  Generated on:           May 22 2026  01:45:47 pm
  Module:                 multiplier32FP
  Operating conditions:   PVT_0P9V_125C 
  Operating conditions:   PVT_1P32V_0C 
  Interconnect mode:      global
  Area mode:              physical library
============================================================


Path 1: MET (772 ps) Setup Check with Pin i_post_norm_mul/s_zeros_reg[0]/CK->D
          Group: clk
     Startpoint: (R) i_post_norm_mul/s_fract_48_i_reg[45]/CK
          Clock: (R) clk
       Endpoint: (F) i_post_norm_mul/s_zeros_reg[0]/D
          Clock: (R) clk

                     Capture       Launch     
        Clock Edge:+    9901            0     
       Src Latency:+       0            0     
       Net Latency:+     100 (I)      100 (I) 
           Arrival:=   10001          100     
                                              
             Setup:-     146                  
       Uncertainty:-      50                  
     Required Time:=    9805                  
      Launch Clock:-     100                  
         Data Path:-    8933                  
             Slack:=     772                  

#-----------------------------------------------------------------------------------------------------------------
#              Timing Point               Flags    Arc   Edge   Cell     Fanout Load Trans Delay Arrival Instance 
#                                                                               (fF)  (ps)  (ps)   (ps)  Location 
#-----------------------------------------------------------------------------------------------------------------
  i_post_norm_mul/s_fract_48_i_reg[45]/CK -       -      R     (arrival)    656    -     0     0     100    (-,-) 
  i_post_norm_mul/s_fract_48_i_reg[45]/QN -       CK->QN R     DFFRX2         9 17.2   192   367     467    (-,-) 
  i_post_norm_mul/g38607/Y                -       A->Y   R     AND2X1         2  4.8   115   248     716    (-,-) 
  i_post_norm_mul/g38581/Y                -       A->Y   R     AND2X1         2  5.4   127   219     935    (-,-) 
  i_post_norm_mul/g38569/Y                -       A->Y   R     AND2X1         1  3.7    92   206    1140    (-,-) 
  i_post_norm_mul/g38566/Y                -       B->Y   F     NAND2X2        3  7.2   237   184    1325    (-,-) 
  i_post_norm_mul/g38556/Y                -       B->Y   R     NOR2X2         2  5.0   162   201    1526    (-,-) 
  i_post_norm_mul/g38544/Y                -       A->Y   R     AND2X1         3  7.0   160   260    1786    (-,-) 
  i_post_norm_mul/g38533/Y                -       A->Y   R     AND2X1         2  5.0   119   236    2021    (-,-) 
  i_post_norm_mul/g38523/Y                -       A->Y   R     AND2X1         3  6.4   148   232    2254    (-,-) 
  i_post_norm_mul/g38516/Y                -       A->Y   R     AND2X1         3  7.0   160   253    2506    (-,-) 
  i_post_norm_mul/g38512/Y                -       D->Y   R     AND4X1         3  6.6   175   413    2919    (-,-) 
  i_post_norm_mul/g38501/Y                -       C->Y   R     AND3X1         3  7.0   168   337    3256    (-,-) 
  i_post_norm_mul/g38487/Y                -       A->Y   R     AND2X1         3  7.2   164   265    3521    (-,-) 
  i_post_norm_mul/g38478/Y                -       B->Y   F     NAND2X2        3  6.9   234   217    3738    (-,-) 
  i_post_norm_mul/g38470/Y                -       B->Y   F     OR2X1          3  7.4   200   285    4023    (-,-) 
  i_post_norm_mul/g38465/Y                -       B->Y   R     NOR2X2         3  6.6   192   203    4226    (-,-) 
  i_post_norm_mul/g38456/Y                -       A->Y   R     AND2X1         3  6.6   152   269    4495    (-,-) 
  i_post_norm_mul/g38442/Y                -       A->Y   R     AND2X1         3  7.0   160   255    4750    (-,-) 
  i_post_norm_mul/g38435/Y                -       B->Y   F     NAND2X2        3  7.1   239   218    4968    (-,-) 
  i_post_norm_mul/g38430/Y                -       B->Y   F     OR2X1          4  9.5   252   315    5283    (-,-) 
  i_post_norm_mul/g38420/Y                -       B->Y   F     OR2X1          3  7.3   198   291    5574    (-,-) 
  i_post_norm_mul/g38413/Y                -       B->Y   R     NOR2X2         4  8.2   226   222    5797    (-,-) 
  i_post_norm_mul/g38405/Y                -       A->Y   R     AND2X1         3  7.0   160   290    6086    (-,-) 
  i_post_norm_mul/g38401/Y                -       B->Y   F     NAND2X2        3  6.4   221   207    6294    (-,-) 
  i_post_norm_mul/g38395/Y                -       B->Y   F     OR2X1          3  8.2   220   290    6584    (-,-) 
  i_post_norm_mul/g38389/Y                -       B->Y   R     NAND2X2        3  6.6   112   163    6747    (-,-) 
  i_post_norm_mul/g38381/Y                -       B->Y   R     OR2X2          5 10.4   125   189    6936    (-,-) 
  i_post_norm_mul/g38880/Y                -       AN->Y  R     NAND2BX4       5 10.0   100   164    7100    (-,-) 
  i_post_norm_mul/g38371/Y                -       A->Y   F     INVX1          2  5.3   157   141    7242    (-,-) 
  i_post_norm_mul/g38354/Y                -       B->Y   R     NAND2X2        3  7.8   124   137    7379    (-,-) 
  i_post_norm_mul/g38346/Y                -       A->Y   F     INVX1          2  4.8   149   149    7528    (-,-) 
  i_post_norm_mul/g38342/Y                -       C->Y   F     AND3XL         2  4.9   241   238    7765    (-,-) 
  i_post_norm_mul/g38294/Y                -       B1->Y  R     AOI22X1        1  3.3   218   248    8013    (-,-) 
  i_post_norm_mul/g38280/Y                -       B0->Y  F     OAI2BB1X1      1  3.3   222   259    8272    (-,-) 
  i_post_norm_mul/g38260/Y                -       B0->Y  R     AOI211X1       1  3.1   274   303    8575    (-,-) 
  i_post_norm_mul/g38252/Y                -       B->Y   R     AND2X1         1  3.3    84   287    8862    (-,-) 
  i_post_norm_mul/g38250/Y                -       B->Y   F     NAND2X1        1  3.2   208   171    9033    (-,-) 
  i_post_norm_mul/s_zeros_reg[0]/D        <<<     -      F     DFFHQX1        1    -     -     0    9033    (-,-) 
#-----------------------------------------------------------------------------------------------------------------

