============================================================
  Generated by:           Genus(TM) Synthesis Solution 21.19-s055_1
  Generated on:           May 22 2026  01:45:48 pm
  Module:                 multiplier32FP
  Operating conditions:   PVT_0P9V_125C 
  Operating conditions:   PVT_1P32V_0C 
  Interconnect mode:      global
  Area mode:              physical library
============================================================

Timing
--------

Clock Period 
-------------
clk   9901.0 


  Cost    Critical         Violating 
 Group   Path Slack  TNS     Paths   
-------------------------------------
clk           772.4   0.0          0 
default    No paths   0.0            
-------------------------------------
Total                 0.0          0 

Instance Count
--------------
Leaf Instance Count             2882 
Physical Instance count            0 
Sequential Instance Count        656 
Combinational Instance Count    2226 
Hierarchical Instance Count        4 

Area
----
Cell Area                          9424.836
Physical Cell Area                 0.000
Total Cell Area (Cell+Physical)    9424.836
Net Area                           3674.862
Total Area (Cell+Physical+Net)     13099.698

Max Fanout                         656 (clk)
Min Fanout                         0 (n_127)
Average Fanout                     2.3
Terms to net ratio                 3.3111
Terms to instance ratio            3.6856
Runtime                            752.552318 seconds
Elapsed Runtime                    755 seconds
Genus peak memory usage            1832.22 
Innovus peak memory usage          no_value 
Hostname                           localhost
