============================================================
  Generated by:           Genus(TM) Synthesis Solution 21.19-s055_1
  Generated on:           May 25 2026  07:25:46 am
  Module:                 multiplier32FP
  Operating conditions:   PVT_0P9V_125C 
  Operating conditions:   PVT_1P32V_0C 
  Interconnect mode:      global
  Area mode:              physical library
============================================================

Timing
--------

Clock Period 
-------------
clk   2849.0 


  Cost    Critical         Violating 
 Group   Path Slack  TNS     Paths   
-------------------------------------
clk             0.1   0.0          0 
default    No paths   0.0            
-------------------------------------
Total                 0.0          0 

Instance Count
--------------
Leaf Instance Count             4148 
Physical Instance count            0 
Sequential Instance Count        656 
Combinational Instance Count    3492 
Hierarchical Instance Count        4 

Area
----
Cell Area                          12982.320
Physical Cell Area                 0.000
Total Cell Area (Cell+Physical)    12982.320
Net Area                           5150.383
Total Area (Cell+Physical+Net)     18132.703

Max Fanout                         656 (clk)
Min Fanout                         0 (n_140)
Average Fanout                     2.4
Terms to net ratio                 3.3538
Terms to instance ratio            3.5309
Runtime                            735.823223 seconds
Elapsed Runtime                    744 seconds
Genus peak memory usage            1859.31 
Innovus peak memory usage          no_value 
Hostname                           localhost
