============================================================
  Generated by:           Genus(TM) Synthesis Solution 21.19-s055_1
  Generated on:           May 25 2026  07:25:46 am
  Module:                 multiplier32FP
  Operating conditions:   PVT_0P9V_125C 
  Operating conditions:   PVT_1P32V_0C 
  Interconnect mode:      global
  Area mode:              physical library
============================================================

                                                Library 
   Gate     Instances    Area        Library     Domain 
--------------------------------------------------------
ADDFHX1            18    135.432    slow_vdd1v0   worst 
ADDFHX2            32    262.656    slow_vdd1v0   worst 
ADDFX1             58    297.540    slow_vdd1v0   worst 
ADDHX1             23     86.526    slow_vdd1v0   worst 
ADDHX2              1      5.130    slow_vdd1v0   worst 
AND2X1            249    340.632    slow_vdd1v0   worst 
AND2X2             18     30.780    slow_vdd1v0   worst 
AND2X4              9     24.624    slow_vdd1v0   worst 
AND2X6              5     18.810    slow_vdd1v0   worst 
AND3X1              6     14.364    slow_vdd1v0   worst 
AND3X4              1      3.078    slow_vdd1v0   worst 
AND3X6              1      4.446    slow_vdd1v0   worst 
AND3XL             18     36.936    slow_vdd1v0   worst 
AND4X1             12     28.728    slow_vdd1v0   worst 
AND4X6              1      5.814    slow_vdd1v0   worst 
AO21X1             38     90.972    slow_vdd1v0   worst 
AO21X2              1      2.736    slow_vdd1v0   worst 
AO21X4              3     10.260    slow_vdd1v0   worst 
AO22X1             53    145.008    slow_vdd1v0   worst 
AOI211X1            1      2.394    slow_vdd1v0   worst 
AOI211X2           16     54.720    slow_vdd1v0   worst 
AOI21X1           145    247.950    slow_vdd1v0   worst 
AOI21X2            34     93.024    slow_vdd1v0   worst 
AOI21X4            55    282.150    slow_vdd1v0   worst 
AOI221X2           14     62.244    slow_vdd1v0   worst 
AOI221X4            2     15.732    slow_vdd1v0   worst 
AOI222X2            2     10.944    slow_vdd1v0   worst 
AOI222X4            1      9.576    slow_vdd1v0   worst 
AOI22X1            70    143.640    slow_vdd1v0   worst 
AOI22X2            20     75.240    slow_vdd1v0   worst 
AOI22X4            11     67.716    slow_vdd1v0   worst 
AOI2BB1X1          26     53.352    slow_vdd1v0   worst 
AOI2BB1X2           6     18.468    slow_vdd1v0   worst 
AOI2BB1X4          10     41.040    slow_vdd1v0   worst 
AOI2BB2X1           1      3.420    slow_vdd1v0   worst 
AOI2BB2X2           2     10.260    slow_vdd1v0   worst 
AOI2BB2X4           3     22.572    slow_vdd1v0   worst 
AOI31X2            10     34.200    slow_vdd1v0   worst 
AOI32X4             1      7.866    slow_vdd1v0   worst 
BUFX12              1      5.130    slow_vdd1v0   worst 
BUFX2               6     10.260    slow_vdd1v0   worst 
BUFX20              1      8.208    slow_vdd1v0   worst 
BUFX3               4      8.208    slow_vdd1v0   worst 
BUFX4               4      9.576    slow_vdd1v0   worst 
BUFX6               4     12.312    slow_vdd1v0   worst 
BUFX8              37    139.194    slow_vdd1v0   worst 
CLKAND2X12         12     90.288    slow_vdd1v0   worst 
CLKAND2X2          28     57.456    slow_vdd1v0   worst 
CLKAND2X3          36    110.808    slow_vdd1v0   worst 
CLKAND2X4           1      3.420    slow_vdd1v0   worst 
CLKAND2X6          19     90.972    slow_vdd1v0   worst 
CLKAND2X8           4     23.256    slow_vdd1v0   worst 
CLKBUFX12           1      5.130    slow_vdd1v0   worst 
CLKBUFX6            4     12.312    slow_vdd1v0   worst 
CLKINVX12          14     57.456    slow_vdd1v0   worst 
CLKINVX16           4     21.888    slow_vdd1v0   worst 
CLKINVX2            1      1.368    slow_vdd1v0   worst 
CLKINVX20           1      6.498    slow_vdd1v0   worst 
CLKINVX3            1      1.710    slow_vdd1v0   worst 
CLKINVX4           19     32.490    slow_vdd1v0   worst 
CLKINVX6           17     40.698    slow_vdd1v0   worst 
CLKINVX8           18     55.404    slow_vdd1v0   worst 
CLKMX2X2            3      9.234    slow_vdd1v0   worst 
CLKMX2X3           11     45.144    slow_vdd1v0   worst 
CLKXOR2X1          20     54.720    slow_vdd1v0   worst 
DFFHQX1           214   1171.008    slow_vdd1v0   worst 
DFFHQX4            11     90.288    slow_vdd1v0   worst 
DFFHQX8            14    129.276    slow_vdd1v0   worst 
DFFQX2             48    311.904    slow_vdd1v0   worst 
DFFQX4              9     64.638    slow_vdd1v0   worst 
DFFQXL              1      5.472    slow_vdd1v0   worst 
DFFRHQX1           39    240.084    slow_vdd1v0   worst 
DFFRHQX4            1      9.576    slow_vdd1v0   worst 
DFFRX1              1      6.840    slow_vdd1v0   worst 
DFFRX2              3     22.572    slow_vdd1v0   worst 
DFFRX4              1      9.576    slow_vdd1v0   worst 
DFFTRX2             1      8.208    slow_vdd1v0   worst 
DFFX1              10     71.820    slow_vdd1v0   worst 
DFFX2              11     90.288    slow_vdd1v0   worst 
DFFX4               3     27.702    slow_vdd1v0   worst 
EDFFHQX1          280   2394.000    slow_vdd1v0   worst 
INVX1             195    133.380    slow_vdd1v0   worst 
INVX2              76     77.976    slow_vdd1v0   worst 
INVX3              27     36.936    slow_vdd1v0   worst 
INVX6               4      9.576    slow_vdd1v0   worst 
MDFFHQX1            4     34.200    slow_vdd1v0   worst 
MDFFHQX4            5     46.170    slow_vdd1v0   worst 
MX2X1             116    277.704    slow_vdd1v0   worst 
MXI2X1              5     13.680    slow_vdd1v0   worst 
MXI2X2             16     71.136    slow_vdd1v0   worst 
MXI2X4              2     10.260    slow_vdd1v0   worst 
MXI2X6              2     10.260    slow_vdd1v0   worst 
NAND2BX1           28     38.304    slow_vdd1v0   worst 
NAND2BX2           12     28.728    slow_vdd1v0   worst 
NAND2BX4            3     11.286    slow_vdd1v0   worst 
NAND2X1            82     84.132    slow_vdd1v0   worst 
NAND2X2            81    138.510    slow_vdd1v0   worst 
NAND2X4            64    218.880    slow_vdd1v0   worst 
NAND2X6            20     95.760    slow_vdd1v0   worst 
NAND2X8             1      5.472    slow_vdd1v0   worst 
NAND3BX2            3      9.234    slow_vdd1v0   worst 
NAND3BX4            1      5.130    slow_vdd1v0   worst 
NAND3X2             9     24.624    slow_vdd1v0   worst 
NAND3X4             3     14.364    slow_vdd1v0   worst 
NAND4X6             1      8.550    slow_vdd1v0   worst 
NOR2BX1            87    119.016    slow_vdd1v0   worst 
NOR2BX2            29     79.344    slow_vdd1v0   worst 
NOR2BX4            15     56.430    slow_vdd1v0   worst 
NOR2X1            148    151.848    slow_vdd1v0   worst 
NOR2X2             54     92.340    slow_vdd1v0   worst 
NOR2X4             87    267.786    slow_vdd1v0   worst 
NOR2X6             32    131.328    slow_vdd1v0   worst 
NOR2X8              9     49.248    slow_vdd1v0   worst 
NOR3BX1             3      6.156    slow_vdd1v0   worst 
NOR3X1              2      3.420    slow_vdd1v0   worst 
NOR3X2              4     10.944    slow_vdd1v0   worst 
NOR3X8              4     35.568    slow_vdd1v0   worst 
NOR4X2              7     23.940    slow_vdd1v0   worst 
NOR4X4              1      6.498    slow_vdd1v0   worst 
OA21X1             91    186.732    slow_vdd1v0   worst 
OA21X4              1      3.762    slow_vdd1v0   worst 
OA22X1            139    332.766    slow_vdd1v0   worst 
OAI211X4            2     12.996    slow_vdd1v0   worst 
OAI21X1            96    164.160    slow_vdd1v0   worst 
OAI21X2            24     73.872    slow_vdd1v0   worst 
OAI21X4            24    114.912    slow_vdd1v0   worst 
OAI221X2            3     14.364    slow_vdd1v0   worst 
OAI221X4            1      7.866    slow_vdd1v0   worst 
OAI222X4            1      9.234    slow_vdd1v0   worst 
OAI22X1            66    135.432    slow_vdd1v0   worst 
OAI22X2             6     20.520    slow_vdd1v0   worst 
OAI22X4             1      6.498    slow_vdd1v0   worst 
OAI2BB1X1         161    275.310    slow_vdd1v0   worst 
OAI2BB1X2           8     24.624    slow_vdd1v0   worst 
OAI2BB1X4           6     26.676    slow_vdd1v0   worst 
OAI31X1             2      4.104    slow_vdd1v0   worst 
OAI31X2             8     30.096    slow_vdd1v0   worst 
OAI31X4             2     13.680    slow_vdd1v0   worst 
OAI32X2             3     13.338    slow_vdd1v0   worst 
OR2X1             152    207.936    slow_vdd1v0   worst 
OR2X2              26     44.460    slow_vdd1v0   worst 
OR2X4              21     57.456    slow_vdd1v0   worst 
OR2X6               6     22.572    slow_vdd1v0   worst 
OR3X1              45     92.340    slow_vdd1v0   worst 
OR3X2               3      7.182    slow_vdd1v0   worst 
OR3X4               2      6.156    slow_vdd1v0   worst 
OR4X1              40     82.080    slow_vdd1v0   worst 
XNOR2X1            53    126.882    slow_vdd1v0   worst 
XNOR2X2             8     24.624    slow_vdd1v0   worst 
XOR2X2             10     34.200    slow_vdd1v0   worst 
--------------------------------------------------------
total            4148  12982.320                


                                          
     Type      Instances    Area   Area % 
------------------------------------------
sequential           656  4733.622   36.5 
inverter             377   475.380    3.7 
buffer                62   210.330    1.6 
logic               3053  7562.988   58.3 
physical_cells         0     0.000    0.0 
------------------------------------------
total               4148 12982.320  100.0 

