============================================================
  Generated by:           Genus(TM) Synthesis Solution 21.19-s055_1
  Generated on:           May 22 2026  02:11:08 pm
  Module:                 multiplier32FP
  Operating conditions:   PVT_0P9V_125C 
  Operating conditions:   PVT_1P32V_0C 
  Interconnect mode:      global
  Area mode:              physical library
============================================================

                                               Library 
   Gate     Instances    Area       Library     Domain 
-------------------------------------------------------
ADDFX1            157   805.410    slow_vdd1v0   worst 
ADDHX1             65   244.530    slow_vdd1v0   worst 
AND2X1            255   348.840    slow_vdd1v0   worst 
AND2X2              7    11.970    slow_vdd1v0   worst 
AND2X4              3     8.208    slow_vdd1v0   worst 
AND2X6             12    45.144    slow_vdd1v0   worst 
AND2X8              2     8.892    slow_vdd1v0   worst 
AND3X1              2     4.788    slow_vdd1v0   worst 
AND3X4              1     3.078    slow_vdd1v0   worst 
AND3XL             10    20.520    slow_vdd1v0   worst 
AND4X1              8    19.152    slow_vdd1v0   worst 
AND4X6              1     5.814    slow_vdd1v0   worst 
AO21X1             28    67.032    slow_vdd1v0   worst 
AO21X2              1     2.736    slow_vdd1v0   worst 
AO22X1             57   155.952    slow_vdd1v0   worst 
AOI211X2            3    10.260    slow_vdd1v0   worst 
AOI21X1            69   117.990    slow_vdd1v0   worst 
AOI21X2             3     8.208    slow_vdd1v0   worst 
AOI221X2           10    44.460    slow_vdd1v0   worst 
AOI22X1           193   396.036    slow_vdd1v0   worst 
AOI2BB1X1           2     4.104    slow_vdd1v0   worst 
AOI31X2             1     3.420    slow_vdd1v0   worst 
BUFX2              69   117.990    slow_vdd1v0   worst 
BUFX3               1     2.052    slow_vdd1v0   worst 
BUFX6               1     3.078    slow_vdd1v0   worst 
BUFX8              37   139.194    slow_vdd1v0   worst 
CLKAND2X12          4    30.096    slow_vdd1v0   worst 
CLKINVX4            4     6.840    slow_vdd1v0   worst 
CLKINVX6            2     4.788    slow_vdd1v0   worst 
CLKINVX8            1     3.078    slow_vdd1v0   worst 
CLKMX2X3           24    98.496    slow_vdd1v0   worst 
CLKXOR2X1          14    38.304    slow_vdd1v0   worst 
DFFHQX1           264  1444.608    slow_vdd1v0   worst 
DFFHQX2             1     6.840    slow_vdd1v0   worst 
DFFHQX4             1     8.208    slow_vdd1v0   worst 
DFFQX2              6    38.988    slow_vdd1v0   worst 
DFFQX4              1     7.182    slow_vdd1v0   worst 
DFFRHQX1           39   240.084    slow_vdd1v0   worst 
DFFRX1              4    27.360    slow_vdd1v0   worst 
DFFRX2              5    37.620    slow_vdd1v0   worst 
DFFX1              12    86.184    slow_vdd1v0   worst 
DFFX2              33   270.864    slow_vdd1v0   worst 
EDFFHQX1          288  2462.400    slow_vdd1v0   worst 
EDFFX2              1     9.234    slow_vdd1v0   worst 
INVX1              93    63.612    slow_vdd1v0   worst 
INVX2              31    31.806    slow_vdd1v0   worst 
INVX3              12    16.416    slow_vdd1v0   worst 
MDFFHQX2            1     9.234    slow_vdd1v0   worst 
MX2X1              42   100.548    slow_vdd1v0   worst 
MXI2X2              3    13.338    slow_vdd1v0   worst 
NAND2BX1           29    39.672    slow_vdd1v0   worst 
NAND2BX2            7    16.758    slow_vdd1v0   worst 
NAND2BX4            2     7.524    slow_vdd1v0   worst 
NAND2X1            80    82.080    slow_vdd1v0   worst 
NAND2X2            80   136.800    slow_vdd1v0   worst 
NAND2X4             6    20.520    slow_vdd1v0   worst 
NAND3BX2            5    15.390    slow_vdd1v0   worst 
NAND3BX4            1     5.130    slow_vdd1v0   worst 
NAND3X2            10    27.360    slow_vdd1v0   worst 
NOR2BX1            54    73.872    slow_vdd1v0   worst 
NOR2BX2             4    10.944    slow_vdd1v0   worst 
NOR2X1             70    71.820    slow_vdd1v0   worst 
NOR2X2             30    51.300    slow_vdd1v0   worst 
NOR2X4              1     3.078    slow_vdd1v0   worst 
NOR3BX1             3     6.156    slow_vdd1v0   worst 
NOR3X1              4     6.840    slow_vdd1v0   worst 
NOR3X2              1     2.736    slow_vdd1v0   worst 
NOR3X4              1     5.130    slow_vdd1v0   worst 
NOR4X2              8    27.360    slow_vdd1v0   worst 
OA21X1             33    67.716    slow_vdd1v0   worst 
OA22X1            108   258.552    slow_vdd1v0   worst 
OAI21X1            39    66.690    slow_vdd1v0   worst 
OAI21X2             2     6.156    slow_vdd1v0   worst 
OAI22X1            67   137.484    slow_vdd1v0   worst 
OAI2BB1X1         110   188.100    slow_vdd1v0   worst 
OAI2BB1X2           1     3.078    slow_vdd1v0   worst 
OAI31X2             2     7.524    slow_vdd1v0   worst 
OAI32X2             1     4.446    slow_vdd1v0   worst 
OR2X1             113   154.584    slow_vdd1v0   worst 
OR2X2               5     8.550    slow_vdd1v0   worst 
OR2X4              11    30.096    slow_vdd1v0   worst 
OR2X6               2     7.524    slow_vdd1v0   worst 
OR3X1              24    49.248    slow_vdd1v0   worst 
OR3X4               1     3.078    slow_vdd1v0   worst 
OR4X1              51   104.652    slow_vdd1v0   worst 
XNOR2X1            45   107.730    slow_vdd1v0   worst 
-------------------------------------------------------
total            2895  9470.664                


                                         
     Type      Instances   Area   Area % 
-----------------------------------------
sequential           656 4648.806   49.1 
inverter             143  126.540    1.3 
buffer               108  262.314    2.8 
logic               1988 4433.004   46.8 
physical_cells         0    0.000    0.0 
-----------------------------------------
total               2895 9470.664  100.0 

