============================================================
  Generated by:           Genus(TM) Synthesis Solution 21.19-s055_1
  Generated on:           May 22 2026  02:11:08 pm
  Module:                 multiplier32FP
  Operating conditions:   PVT_0P9V_125C 
  Operating conditions:   PVT_1P32V_0C 
  Interconnect mode:      global
  Area mode:              physical library
============================================================

Timing
--------

Clock Period 
-------------
clk   9709.0 


  Cost    Critical         Violating 
 Group   Path Slack  TNS     Paths   
-------------------------------------
clk           346.8   0.0          0 
default    No paths   0.0            
-------------------------------------
Total                 0.0          0 

Instance Count
--------------
Leaf Instance Count             2895 
Physical Instance count            0 
Sequential Instance Count        656 
Combinational Instance Count    2239 
Hierarchical Instance Count        4 

Area
----
Cell Area                          9470.664
Physical Cell Area                 0.000
Total Cell Area (Cell+Physical)    9470.664
Net Area                           3689.820
Total Area (Cell+Physical+Net)     13160.484

Max Fanout                         656 (clk)
Min Fanout                         0 (n_128)
Average Fanout                     2.3
Terms to net ratio                 3.2946
Terms to instance ratio            3.6815
Runtime                            749.606851 seconds
Elapsed Runtime                    752 seconds
Genus peak memory usage            1834.88 
Innovus peak memory usage          no_value 
Hostname                           localhost
