============================================================
  Generated by:           Genus(TM) Synthesis Solution 21.19-s055_1
  Generated on:           May 22 2026  02:11:07 pm
  Module:                 multiplier32FP
  Operating conditions:   PVT_0P9V_125C 
  Operating conditions:   PVT_1P32V_0C 
  Interconnect mode:      global
  Area mode:              physical library
============================================================


Path 1: MET (347 ps) Setup Check with Pin i_post_norm_mul/s_zeros_reg[0]/CK->D
          Group: clk
     Startpoint: (R) i_post_norm_mul/s_fract_48_i_reg[45]/CK
          Clock: (R) clk
       Endpoint: (F) i_post_norm_mul/s_zeros_reg[0]/D
          Clock: (R) clk

                     Capture       Launch     
        Clock Edge:+    9709            0     
       Src Latency:+       0            0     
       Net Latency:+     100 (I)      100 (I) 
           Arrival:=    9809          100     
                                              
             Setup:-     148                  
       Uncertainty:-      50                  
     Required Time:=    9611                  
      Launch Clock:-     100                  
         Data Path:-    9164                  
             Slack:=     347                  

#----------------------------------------------------------------------------------------------------------------
#              Timing Point               Flags   Arc   Edge   Cell     Fanout Load Trans Delay Arrival Instance 
#                                                                              (fF)  (ps)  (ps)   (ps)  Location 
#----------------------------------------------------------------------------------------------------------------
  i_post_norm_mul/s_fract_48_i_reg[45]/CK -       -     R     (arrival)    656    -     0     0     100    (-,-) 
  i_post_norm_mul/s_fract_48_i_reg[45]/Q  -       CK->Q F     DFFHQX1        4  8.8   229   309     409    (-,-) 
  i_post_norm_mul/g38816/Y                -       B->Y  R     NOR2X1         2  4.8   257   266     675    (-,-) 
  i_post_norm_mul/g38793/Y                -       A->Y  R     AND2X1         2  4.8   115   279     954    (-,-) 
  i_post_norm_mul/g38779/Y                -       A->Y  R     AND2X1         1  3.7    92   200    1153    (-,-) 
  i_post_norm_mul/g38774/Y                -       B->Y  F     NAND2X2        3  7.2   236   184    1338    (-,-) 
  i_post_norm_mul/g38761/Y                -       B->Y  R     NOR2X1         2  4.8   257   269    1607    (-,-) 
  i_post_norm_mul/g38753/Y                -       A->Y  R     AND2X1         3  7.0   160   304    1912    (-,-) 
  i_post_norm_mul/g38744/Y                -       A->Y  R     AND2X1         2  5.0   119   236    2147    (-,-) 
  i_post_norm_mul/g38739/Y                -       A->Y  R     AND2X1         3  7.0   160   239    2387    (-,-) 
  i_post_norm_mul/g38735/Y                -       B->Y  F     NAND2X2        3  6.9   234   215    2601    (-,-) 
  i_post_norm_mul/g38727/Y                -       D->Y  F     OR4X1          3  7.7   225   394    2995    (-,-) 
  i_post_norm_mul/g38712/Y                -       C->Y  F     OR3X1          3  7.0   196   325    3320    (-,-) 
  i_post_norm_mul/g38702/Y                -       C->Y  F     OR3X1          3  6.9   194   312    3631    (-,-) 
  i_post_norm_mul/g38688/Y                -       B->Y  R     NOR2X2         3  7.0   200   205    3836    (-,-) 
  i_post_norm_mul/g38677/Y                -       B->Y  F     NAND2X2        3  6.4   226   228    4064    (-,-) 
  i_post_norm_mul/g38674/Y                -       B->Y  F     OR2X1          3  6.5   178   269    4334    (-,-) 
  i_post_norm_mul/g38663/Y                -       B->Y  F     OR2X1          3  6.9   188   254    4588    (-,-) 
  i_post_norm_mul/g38658/Y                -       B->Y  F     OR2X1          3  6.5   178   253    4840    (-,-) 
  i_post_norm_mul/g38649/Y                -       B->Y  F     OR2X1          3  7.0   190   255    5096    (-,-) 
  i_post_norm_mul/g38646/Y                -       B->Y  R     NOR2X2         3  6.6   191   198    5294    (-,-) 
  i_post_norm_mul/g38634/Y                -       A->Y  R     AND2X1         3  8.2   185   287    5581    (-,-) 
  i_post_norm_mul/g38626/Y                -       B->Y  F     NAND2X4        4  9.0   178   186    5766    (-,-) 
  i_post_norm_mul/g39167/Y                -       B->Y  R     NOR2BX2        3  6.6   190   192    5959    (-,-) 
  i_post_norm_mul/g38615/Y                -       A->Y  R     AND2X1         3  7.0   160   273    6232    (-,-) 
  i_post_norm_mul/g38603/Y                -       B->Y  F     NAND2X2        3  6.9   234   215    6446    (-,-) 
  i_post_norm_mul/g39162/Y                -       B->Y  R     NAND2BX2       3  6.6   114   170    6616    (-,-) 
  i_post_norm_mul/g38587/Y                -       B->Y  R     OR2X1          5 10.0   219   221    6838    (-,-) 
  i_post_norm_mul/g38579/Y                -       B->Y  R     OR2X1          5  9.8   214   270    7108    (-,-) 
  i_post_norm_mul/g38576/Y                -       A->Y  F     INVX1          2  5.3   178   210    7318    (-,-) 
  i_post_norm_mul/g38565/Y                -       B->Y  F     AND2X1         4  8.6   226   251    7568    (-,-) 
  i_post_norm_mul/g38557/Y                -       A->Y  R     INVX1          1  3.1   109   172    7741    (-,-) 
  i_post_norm_mul/g38556/Y                -       C->Y  R     OR3X1          3  7.2   163   192    7933    (-,-) 
  i_post_norm_mul/g38510/Y                -       B->Y  F     NOR2X1         1  3.2   122   153    8086    (-,-) 
  i_post_norm_mul/g38504/Y                -       B0->Y R     AOI21X1        1  3.3   187   178    8264    (-,-) 
  i_post_norm_mul/g38490/Y                -       B0->Y F     OAI21X1        1  3.6   252   258    8521    (-,-) 
  i_post_norm_mul/g38474/Y                -       B0->Y R     AOI211X2       1  3.3   189   255    8776    (-,-) 
  i_post_norm_mul/g38465/Y                -       A->Y  F     NAND2X1        1  3.1   207   236    9012    (-,-) 
  i_post_norm_mul/g38459/Y                -       AN->Y F     NAND2BX1       1  3.2   212   252    9264    (-,-) 
  i_post_norm_mul/s_zeros_reg[0]/D        <<<     -     F     DFFHQX1        1    -     -     0    9264    (-,-) 
#----------------------------------------------------------------------------------------------------------------

