============================================================
  Generated by:           Genus(TM) Synthesis Solution 21.19-s055_1
  Generated on:           May 22 2026  03:35:02 pm
  Module:                 multiplier32FP
  Library domain:         worst
    Domain index:         0
    Technology library:   slow_vdd1v0 1.0
  Library domain:         best
    Domain index:         1
    Technology library:   fast_vdd1v2 1.0
  Operating conditions:   PVT_0P9V_125C 
  Operating conditions:   PVT_1P32V_0C 
  Interconnect mode:      global
  Area mode:              physical library
============================================================

     Instance         Module     Cell Count  Normalized Cell Area  Normalized Net Area   Normalized Total Area 
---------------------------------------------------------------------------------------------------------------
multiplier32FP                         3502             10339.000             4396.026               14735.026 
  i_mul_24        mul_24               1108              4663.000             1333.468                5996.468 
  i_post_norm_mul post_norm_mul        2155              4916.667             2666.158                7582.824 
  i_pre_norm_mul  pre_norm_mul           39               140.000               30.324                 170.324 
  u_fsm           fpu_fsm                34               109.333               36.196                 145.530 
