============================================================
  Generated by:           Genus(TM) Synthesis Solution 21.19-s055_1
  Generated on:           May 26 2026  09:25:42 am
  Module:                 multiplier32FP
  Operating conditions:   PVT_0P9V_125C 
  Operating conditions:   PVT_1P32V_0C 
  Interconnect mode:      global
  Area mode:              physical library
============================================================

Timing
--------

Clock Period 
-------------
clk   2688.0 


  Cost    Critical         Violating 
 Group   Path Slack  TNS     Paths   
-------------------------------------
clk             1.0   0.0          0 
default    No paths   0.0            
-------------------------------------
Total                 0.0          0 

Instance Count
--------------
Leaf Instance Count             4327 
Physical Instance count            0 
Sequential Instance Count        656 
Combinational Instance Count    3671 
Hierarchical Instance Count        4 

Area
----
Cell Area                          14052.438
Physical Cell Area                 0.000
Total Cell Area (Cell+Physical)    14052.438
Net Area                           5397.441
Total Area (Cell+Physical+Net)     19449.879

Max Fanout                         656 (clk)
Min Fanout                         0 (n_143)
Average Fanout                     2.4
Terms to net ratio                 3.3397
Terms to instance ratio            3.5403
Runtime                            727.054382 seconds
Elapsed Runtime                    748 seconds
Genus peak memory usage            2227.12 
Innovus peak memory usage          no_value 
Hostname                           localhost
