============================================================
  Generated by:           Genus(TM) Synthesis Solution 21.19-s055_1
  Generated on:           May 26 2026  09:25:41 am
  Module:                 multiplier32FP
  Library domain:         worst
    Domain index:         0
    Technology library:   slow_vdd1v0 1.0
  Library domain:         best
    Domain index:         1
    Technology library:   fast_vdd1v2 1.0
  Operating conditions:   PVT_0P9V_125C 
  Operating conditions:   PVT_1P32V_0C 
  Interconnect mode:      global
  Area mode:              physical library
============================================================

     Instance         Module     Cell Count  Cell Area  Net Area   Total Area 
------------------------------------------------------------------------------
multiplier32FP                         4327  14052.438  5397.441    19449.879 
  i_mul_24        mul_24               1565   6841.026  1793.014     8634.040 
  i_post_norm_mul post_norm_mul        2469   6287.670  3149.502     9437.172 
  i_pre_norm_mul  pre_norm_mul           76    265.392    63.119      328.511 
  u_fsm           fpu_fsm                34    112.176    37.137      149.313 
