============================================================
  Generated by:           Genus(TM) Synthesis Solution 21.19-s055_1
  Generated on:           May 26 2026  09:25:42 am
  Module:                 multiplier32FP
  Operating conditions:   PVT_0P9V_125C 
  Operating conditions:   PVT_1P32V_0C 
  Interconnect mode:      global
  Area mode:              physical library
============================================================


Path 1: MET (1 ps) Setup Check with Pin i_post_norm_mul/s_frac2a_reg[43]/CK->D
          Group: clk
     Startpoint: (R) i_post_norm_mul/s_shl2_reg[1]/CK
          Clock: (R) clk
       Endpoint: (R) i_post_norm_mul/s_frac2a_reg[43]/D
          Clock: (R) clk

                     Capture       Launch     
        Clock Edge:+    2688            0     
       Src Latency:+       0            0     
       Net Latency:+     100 (I)      100 (I) 
           Arrival:=    2788          100     
                                              
             Setup:-     214                  
       Uncertainty:-      50                  
     Required Time:=    2524                  
      Launch Clock:-     100                  
         Data Path:-    2423                  
             Slack:=       1                  

#-----------------------------------------------------------------------------------------------------------
#           Timing Point             Flags   Arc   Edge   Cell     Fanout Load Trans Delay Arrival Instance 
#                                                                         (fF)  (ps)  (ps)   (ps)  Location 
#-----------------------------------------------------------------------------------------------------------
  i_post_norm_mul/s_shl2_reg[1]/CK   -       -     R     (arrival)    656    -     0     0     100    (-,-) 
  i_post_norm_mul/s_shl2_reg[1]/Q    -       CK->Q R     DFFHQX8        6 16.3    62   256     356    (-,-) 
  i_post_norm_mul/g105738/Y          -       A->Y  F     CLKINVX8       5 12.1    60    61     417    (-,-) 
  i_post_norm_mul/g105686/Y          -       B->Y  F     OR2X6         18 34.2   179   214     631    (-,-) 
  i_post_norm_mul/g105645/Y          -       A->Y  R     CLKINVX8      26 48.6   161   155     787    (-,-) 
  i_post_norm_mul/g105515/Y          -       B1->Y F     AOI22X1        1  3.1   250   215    1002    (-,-) 
  i_post_norm_mul/g105424/Y          -       B->Y  F     AND2X1         4  8.0   212   276    1278    (-,-) 
  i_post_norm_mul/g105306/Y          -       A1->Y F     AO22X1         1  3.1    99   274    1552    (-,-) 
  i_post_norm_mul/g105291/Y          -       B->Y  F     OR2X2          3  6.7   112   211    1763    (-,-) 
  i_post_norm_mul/g105217/Y          -       B->Y  R     NOR2X1         1  3.1   173   159    1922    (-,-) 
  i_post_norm_mul/g105172/Y          -       D->Y  R     OR4X1          1  3.3    85   186    2108    (-,-) 
  i_post_norm_mul/g105102/Y          -       B->Y  F     NAND2BX1       1  3.3   214   174    2282    (-,-) 
  i_post_norm_mul/g105043/Y          -       A1->Y R     OAI22X1        1  3.2   221   241    2523    (-,-) 
  i_post_norm_mul/s_frac2a_reg[43]/D <<<     -     R     DFFHQX1        1    -     -     0    2523    (-,-) 
#-----------------------------------------------------------------------------------------------------------

