============================================================
  Generated by:           Genus(TM) Synthesis Solution 21.19-s055_1
  Generated on:           May 26 2026  09:25:41 am
  Module:                 multiplier32FP
  Library domain:         worst
    Domain index:         0
    Technology library:   slow_vdd1v0 1.0
  Library domain:         best
    Domain index:         1
    Technology library:   fast_vdd1v2 1.0
  Operating conditions:   PVT_0P9V_125C 
  Operating conditions:   PVT_1P32V_0C 
  Interconnect mode:      global
  Area mode:              physical library
============================================================

     Instance         Module     Cell Count  Normalized Cell Area  Normalized Net Area   Normalized Total Area 
---------------------------------------------------------------------------------------------------------------
multiplier32FP                         4327             13696.333             5260.664               18956.997 
  i_mul_24        mul_24               1565              6667.667             1747.577                8415.244 
  i_post_norm_mul post_norm_mul        2469              6128.333             3069.690                9198.023 
  i_pre_norm_mul  pre_norm_mul           76               258.667               61.519                 320.186 
  u_fsm           fpu_fsm                34               109.333               36.196                 145.530 
