============================================================
  Generated by:           Genus(TM) Synthesis Solution 21.19-s055_1
  Generated on:           May 26 2026  09:25:42 am
  Module:                 multiplier32FP
  Operating conditions:   PVT_0P9V_125C 
  Operating conditions:   PVT_1P32V_0C 
  Interconnect mode:      global
  Area mode:              physical library
============================================================

                                                Library 
   Gate     Instances    Area        Library     Domain 
--------------------------------------------------------
ADDFHX1            30    225.720    slow_vdd1v0   worst 
ADDFHX2            31    254.448    slow_vdd1v0   worst 
ADDFHX4             5     47.880    slow_vdd1v0   worst 
ADDFX1             36    184.680    slow_vdd1v0   worst 
ADDFX2              1      7.866    slow_vdd1v0   worst 
ADDHX1             10     37.620    slow_vdd1v0   worst 
ADDHX2              2     10.260    slow_vdd1v0   worst 
ADDHX4              2     14.364    slow_vdd1v0   worst 
AND2X1            201    274.968    slow_vdd1v0   worst 
AND2X2             14     23.940    slow_vdd1v0   worst 
AND2X4             12     32.832    slow_vdd1v0   worst 
AND2X6              5     18.810    slow_vdd1v0   worst 
AND3X1              2      4.788    slow_vdd1v0   worst 
AND3X4              1      3.078    slow_vdd1v0   worst 
AND3X6              1      4.446    slow_vdd1v0   worst 
AND3XL             13     26.676    slow_vdd1v0   worst 
AND4X1              8     19.152    slow_vdd1v0   worst 
AND4X6              1      5.814    slow_vdd1v0   worst 
AO21X1             34     81.396    slow_vdd1v0   worst 
AO21X2              2      5.472    slow_vdd1v0   worst 
AO22X1             63    172.368    slow_vdd1v0   worst 
AOI211X1            4      9.576    slow_vdd1v0   worst 
AOI211X2           12     41.040    slow_vdd1v0   worst 
AOI211X4            1      6.498    slow_vdd1v0   worst 
AOI21X1           109    186.390    slow_vdd1v0   worst 
AOI21X2            44    120.384    slow_vdd1v0   worst 
AOI21X4            45    230.850    slow_vdd1v0   worst 
AOI221X2           19     84.474    slow_vdd1v0   worst 
AOI221X4            3     23.598    slow_vdd1v0   worst 
AOI222X2            7     38.304    slow_vdd1v0   worst 
AOI222X4            2     19.152    slow_vdd1v0   worst 
AOI22X1            94    192.888    slow_vdd1v0   worst 
AOI22X2            23     86.526    slow_vdd1v0   worst 
AOI22X4            32    196.992    slow_vdd1v0   worst 
AOI2BB1X1          38     77.976    slow_vdd1v0   worst 
AOI2BB1X2           4     12.312    slow_vdd1v0   worst 
AOI2BB1X4          13     53.352    slow_vdd1v0   worst 
AOI2BB2X1           1      3.420    slow_vdd1v0   worst 
AOI2BB2X4           3     22.572    slow_vdd1v0   worst 
AOI31X2             5     17.100    slow_vdd1v0   worst 
AOI31X4             2     12.996    slow_vdd1v0   worst 
AOI32X2             1      4.446    slow_vdd1v0   worst 
AOI32X4             3     23.598    slow_vdd1v0   worst 
BUFX12              5     25.650    slow_vdd1v0   worst 
BUFX16              1      6.840    slow_vdd1v0   worst 
BUFX2               2      3.420    slow_vdd1v0   worst 
BUFX3               2      4.104    slow_vdd1v0   worst 
BUFX6              43    132.354    slow_vdd1v0   worst 
BUFX8              37    139.194    slow_vdd1v0   worst 
CLKAND2X12         20    150.480    slow_vdd1v0   worst 
CLKAND2X2          20     41.040    slow_vdd1v0   worst 
CLKAND2X3          24     73.872    slow_vdd1v0   worst 
CLKAND2X6          43    205.884    slow_vdd1v0   worst 
CLKAND2X8           1      5.814    slow_vdd1v0   worst 
CLKBUFX12           2     10.260    slow_vdd1v0   worst 
CLKBUFX6            4     12.312    slow_vdd1v0   worst 
CLKINVX12          23     94.392    slow_vdd1v0   worst 
CLKINVX16           4     21.888    slow_vdd1v0   worst 
CLKINVX2            9     12.312    slow_vdd1v0   worst 
CLKINVX20           1      6.498    slow_vdd1v0   worst 
CLKINVX3            8     13.680    slow_vdd1v0   worst 
CLKINVX4           40     68.400    slow_vdd1v0   worst 
CLKINVX6           45    107.730    slow_vdd1v0   worst 
CLKINVX8           43    132.354    slow_vdd1v0   worst 
CLKMX2X2            1      3.078    slow_vdd1v0   worst 
CLKMX2X3           11     45.144    slow_vdd1v0   worst 
CLKXOR2X1          26     71.136    slow_vdd1v0   worst 
DFFHQX1           215   1176.480    slow_vdd1v0   worst 
DFFHQX4             3     24.624    slow_vdd1v0   worst 
DFFHQX8            14    129.276    slow_vdd1v0   worst 
DFFQX1              1      5.814    slow_vdd1v0   worst 
DFFQX2              2     12.996    slow_vdd1v0   worst 
DFFQX4              1      7.182    slow_vdd1v0   worst 
DFFQXL             11     60.192    slow_vdd1v0   worst 
DFFRHQX1           39    240.084    slow_vdd1v0   worst 
DFFRHQX4            1      9.576    slow_vdd1v0   worst 
DFFRX1              1      6.840    slow_vdd1v0   worst 
DFFRX2              3     22.572    slow_vdd1v0   worst 
DFFX1              18    129.276    slow_vdd1v0   worst 
DFFX2              30    246.240    slow_vdd1v0   worst 
DFFX4              28    258.552    slow_vdd1v0   worst 
EDFFHQX1          270   2308.500    slow_vdd1v0   worst 
EDFFHQX2            5     44.460    slow_vdd1v0   worst 
INVX1             186    127.224    slow_vdd1v0   worst 
INVX16              1      5.472    slow_vdd1v0   worst 
INVX2              64     65.664    slow_vdd1v0   worst 
INVX20              1      6.498    slow_vdd1v0   worst 
INVX3              24     32.832    slow_vdd1v0   worst 
INVX6               4      9.576    slow_vdd1v0   worst 
MDFFHQX1           13    111.150    slow_vdd1v0   worst 
MDFFHQX4            1      9.234    slow_vdd1v0   worst 
MX2X1              46    110.124    slow_vdd1v0   worst 
MXI2X1              2      5.472    slow_vdd1v0   worst 
MXI2X2              3     13.338    slow_vdd1v0   worst 
MXI2X4              9     46.170    slow_vdd1v0   worst 
NAND2BX1           18     24.624    slow_vdd1v0   worst 
NAND2BX2           11     26.334    slow_vdd1v0   worst 
NAND2BX4            6     22.572    slow_vdd1v0   worst 
NAND2X1            93     95.418    slow_vdd1v0   worst 
NAND2X2           102    174.420    slow_vdd1v0   worst 
NAND2X4            72    246.240    slow_vdd1v0   worst 
NAND2X6            10     47.880    slow_vdd1v0   worst 
NAND2X8            19    103.968    slow_vdd1v0   worst 
NAND3BX4            1      5.130    slow_vdd1v0   worst 
NAND3X2             8     21.888    slow_vdd1v0   worst 
NAND3X4             3     14.364    slow_vdd1v0   worst 
NOR2BX1            75    102.600    slow_vdd1v0   worst 
NOR2BX2            17     46.512    slow_vdd1v0   worst 
NOR2BX4            10     37.620    slow_vdd1v0   worst 
NOR2X1            149    152.874    slow_vdd1v0   worst 
NOR2X2             78    133.380    slow_vdd1v0   worst 
NOR2X4             67    206.226    slow_vdd1v0   worst 
NOR2X6             51    209.304    slow_vdd1v0   worst 
NOR2X8             42    229.824    slow_vdd1v0   worst 
NOR3BX1             1      2.052    slow_vdd1v0   worst 
NOR3BX2             2      6.840    slow_vdd1v0   worst 
NOR3X1              2      3.420    slow_vdd1v0   worst 
NOR3X2              6     16.416    slow_vdd1v0   worst 
NOR3X4              2     10.260    slow_vdd1v0   worst 
NOR3X6              4     28.728    slow_vdd1v0   worst 
NOR3X8              4     35.568    slow_vdd1v0   worst 
NOR4X2              4     13.680    slow_vdd1v0   worst 
OA21X1            103    211.356    slow_vdd1v0   worst 
OA21X2              2      6.156    slow_vdd1v0   worst 
OA21X4              1      3.762    slow_vdd1v0   worst 
OA22X1            175    418.950    slow_vdd1v0   worst 
OAI211X4            1      6.498    slow_vdd1v0   worst 
OAI21X1           102    174.420    slow_vdd1v0   worst 
OAI21X2            32     98.496    slow_vdd1v0   worst 
OAI21X4            36    172.368    slow_vdd1v0   worst 
OAI221X2            1      4.788    slow_vdd1v0   worst 
OAI22X1            95    194.940    slow_vdd1v0   worst 
OAI22X2             8     27.360    slow_vdd1v0   worst 
OAI22X4             1      6.498    slow_vdd1v0   worst 
OAI2BB1X1         134    229.140    slow_vdd1v0   worst 
OAI2BB1X2          10     30.780    slow_vdd1v0   worst 
OAI2BB1X4           6     26.676    slow_vdd1v0   worst 
OAI2BB2X1           1      4.104    slow_vdd1v0   worst 
OAI2BB2X2           4     21.888    slow_vdd1v0   worst 
OAI31X1             6     12.312    slow_vdd1v0   worst 
OAI31X2            16     60.192    slow_vdd1v0   worst 
OAI31X4             2     13.680    slow_vdd1v0   worst 
OAI32X2             2      8.892    slow_vdd1v0   worst 
OAI32X4             1      8.208    slow_vdd1v0   worst 
OR2X1             144    196.992    slow_vdd1v0   worst 
OR2X2              32     54.720    slow_vdd1v0   worst 
OR2X4              22     60.192    slow_vdd1v0   worst 
OR2X6              19     71.478    slow_vdd1v0   worst 
OR2X8               1      4.446    slow_vdd1v0   worst 
OR3X1              42     86.184    slow_vdd1v0   worst 
OR3X2               2      4.788    slow_vdd1v0   worst 
OR3X4               1      3.078    slow_vdd1v0   worst 
OR4X1              53    108.756    slow_vdd1v0   worst 
OR4X2               1      3.420    slow_vdd1v0   worst 
XNOR2X1            48    114.912    slow_vdd1v0   worst 
XNOR2X2            15     46.170    slow_vdd1v0   worst 
XOR2X2              1      3.420    slow_vdd1v0   worst 
--------------------------------------------------------
total            4327  14052.438                


                                          
     Type      Instances    Area   Area % 
------------------------------------------
sequential           656  4803.048   34.2 
inverter             453   704.520    5.0 
buffer                96   334.134    2.4 
logic               3122  8210.736   58.4 
physical_cells         0     0.000    0.0 
------------------------------------------
total               4327 14052.438  100.0 

