============================================================
  Generated by:           Genus(TM) Synthesis Solution 21.19-s055_1
  Generated on:           May 25 2026  10:15:12 am
  Module:                 multiplier32FP
  Library domain:         worst
    Domain index:         0
    Technology library:   slow_vdd1v0 1.0
  Library domain:         best
    Domain index:         1
    Technology library:   fast_vdd1v2 1.0
  Operating conditions:   PVT_0P9V_125C 
  Operating conditions:   PVT_1P32V_0C 
  Interconnect mode:      global
  Area mode:              physical library
============================================================

     Instance         Module     Cell Count  Cell Area  Net Area   Total Area 
------------------------------------------------------------------------------
multiplier32FP                         4174  13217.616  5273.237    18490.853 
  i_mul_24        mul_24               1489   6272.280  1720.659     7992.939 
  i_post_norm_mul post_norm_mul        2404   6034.932  3108.696     9143.628 
  i_pre_norm_mul  pre_norm_mul           67    245.898    54.661      300.559 
  u_fsm           fpu_fsm                34    112.176    37.137      149.313 
