============================================================
  Generated by:           Genus(TM) Synthesis Solution 21.19-s055_1
  Generated on:           May 25 2026  10:15:13 am
  Module:                 multiplier32FP
  Operating conditions:   PVT_0P9V_125C 
  Operating conditions:   PVT_1P32V_0C 
  Interconnect mode:      global
  Area mode:              physical library
============================================================

Timing
--------

Clock Period 
-------------
clk   2762.0 


  Cost    Critical            Violating 
 Group   Path Slack    TNS      Paths   
----------------------------------------
clk            -8.0   -116.4         16 
default    No paths      0.0            
----------------------------------------
Total                 -116.4         16 

Instance Count
--------------
Leaf Instance Count             4174 
Physical Instance count            0 
Sequential Instance Count        656 
Combinational Instance Count    3518 
Hierarchical Instance Count        4 

Area
----
Cell Area                          13217.616
Physical Cell Area                 0.000
Total Cell Area (Cell+Physical)    13217.616
Net Area                           5273.237
Total Area (Cell+Physical+Net)     18490.853

Max Fanout                         656 (clk)
Min Fanout                         0 (n_140)
Average Fanout                     2.4
Terms to net ratio                 3.3677
Terms to instance ratio            3.5879
Runtime                            720.7205550000001 seconds
Elapsed Runtime                    723 seconds
Genus peak memory usage            1915.76 
Innovus peak memory usage          no_value 
Hostname                           localhost
