============================================================
  Generated by:           Genus(TM) Synthesis Solution 21.19-s055_1
  Generated on:           May 25 2026  02:07:43 pm
  Module:                 multiplier32FP
  Operating conditions:   PVT_0P9V_125C 
  Operating conditions:   PVT_1P32V_0C 
  Interconnect mode:      global
  Area mode:              physical library
============================================================

                                               Library 
   Gate     Instances    Area       Library     Domain 
-------------------------------------------------------
ADDFX1            177   908.010    slow_vdd1v0   worst 
ADDHX1             70   263.340    slow_vdd1v0   worst 
AND2X1            207   283.176    slow_vdd1v0   worst 
AND2X2              5     8.550    slow_vdd1v0   worst 
AND2X4             11    30.096    slow_vdd1v0   worst 
AND2X6              8    30.096    slow_vdd1v0   worst 
AND2X8              5    22.230    slow_vdd1v0   worst 
AND3X1             14    33.516    slow_vdd1v0   worst 
AND3X2              1     2.736    slow_vdd1v0   worst 
AND3X4              1     3.078    slow_vdd1v0   worst 
AND3X6              1     4.446    slow_vdd1v0   worst 
AND3XL              6    12.312    slow_vdd1v0   worst 
AND4X1              6    14.364    slow_vdd1v0   worst 
AND4X8              1     6.156    slow_vdd1v0   worst 
AO21X1             28    67.032    slow_vdd1v0   worst 
AO21X2              1     2.736    slow_vdd1v0   worst 
AO22X1             95   259.920    slow_vdd1v0   worst 
AOI211X1            1     2.394    slow_vdd1v0   worst 
AOI21X1            24    41.040    slow_vdd1v0   worst 
AOI21X2             2     5.472    slow_vdd1v0   worst 
AOI221X2            3    13.338    slow_vdd1v0   worst 
AOI22X1           337   691.524    slow_vdd1v0   worst 
AOI2BB1X1           2     4.104    slow_vdd1v0   worst 
AOI2BB2X1           1     3.420    slow_vdd1v0   worst 
AOI31X2             2     6.840    slow_vdd1v0   worst 
BUFX2              78   133.380    slow_vdd1v0   worst 
BUFX8              37   139.194    slow_vdd1v0   worst 
CLKAND2X12          5    37.620    slow_vdd1v0   worst 
CLKINVX4            3     5.130    slow_vdd1v0   worst 
CLKINVX6            4     9.576    slow_vdd1v0   worst 
CLKINVX8            2     6.156    slow_vdd1v0   worst 
CLKMX2X3           24    98.496    slow_vdd1v0   worst 
CLKXOR2X1           8    21.888    slow_vdd1v0   worst 
DFFHQX1           254  1389.888    slow_vdd1v0   worst 
DFFQX2             13    84.474    slow_vdd1v0   worst 
DFFQX4              2    14.364    slow_vdd1v0   worst 
DFFRHQX1           39   240.084    slow_vdd1v0   worst 
DFFRX1              5    34.200    slow_vdd1v0   worst 
DFFRX2              4    30.096    slow_vdd1v0   worst 
DFFX1               8    57.456    slow_vdd1v0   worst 
DFFX2              39   320.112    slow_vdd1v0   worst 
DFFX4               2    18.468    slow_vdd1v0   worst 
EDFFHQX1          288  2462.400    slow_vdd1v0   worst 
EDFFHQX2            1     8.892    slow_vdd1v0   worst 
INVX1             124    84.816    slow_vdd1v0   worst 
INVX2              18    18.468    slow_vdd1v0   worst 
INVX3               4     5.472    slow_vdd1v0   worst 
INVX6               1     2.394    slow_vdd1v0   worst 
INVX8               2     6.156    slow_vdd1v0   worst 
MDFFHQX2            1     9.234    slow_vdd1v0   worst 
MX2X1              49   117.306    slow_vdd1v0   worst 
MXI2X1              2     5.472    slow_vdd1v0   worst 
MXI2X2              1     4.446    slow_vdd1v0   worst 
NAND2BX1           27    36.936    slow_vdd1v0   worst 
NAND2BX2            5    11.970    slow_vdd1v0   worst 
NAND2BX4            1     3.762    slow_vdd1v0   worst 
NAND2X1           115   117.990    slow_vdd1v0   worst 
NAND2X2            77   131.670    slow_vdd1v0   worst 
NAND2X4             1     3.420    slow_vdd1v0   worst 
NAND3BX2            5    15.390    slow_vdd1v0   worst 
NAND3BX4            3    15.390    slow_vdd1v0   worst 
NAND3X2             5    13.680    slow_vdd1v0   worst 
NOR2BX1            53    72.504    slow_vdd1v0   worst 
NOR2BX2            11    30.096    slow_vdd1v0   worst 
NOR2BX4             1     3.762    slow_vdd1v0   worst 
NOR2X1             54    55.404    slow_vdd1v0   worst 
NOR2X2             18    30.780    slow_vdd1v0   worst 
NOR2X4              1     3.078    slow_vdd1v0   worst 
NOR3BX1            11    22.572    slow_vdd1v0   worst 
NOR3BX2             1     3.420    slow_vdd1v0   worst 
NOR3BX4             1     5.814    slow_vdd1v0   worst 
NOR3X1              4     6.840    slow_vdd1v0   worst 
NOR3X2              5    13.680    slow_vdd1v0   worst 
NOR4X2             14    47.880    slow_vdd1v0   worst 
OA21X1              4     8.208    slow_vdd1v0   worst 
OA22X1             11    26.334    slow_vdd1v0   worst 
OAI21X1            13    22.230    slow_vdd1v0   worst 
OAI22X1            62   127.224    slow_vdd1v0   worst 
OAI2BB1X1          59   100.890    slow_vdd1v0   worst 
OAI2BB1X2           3     9.234    slow_vdd1v0   worst 
OAI31X1             5    10.260    slow_vdd1v0   worst 
OAI31X2             3    11.286    slow_vdd1v0   worst 
OAI32X2             1     4.446    slow_vdd1v0   worst 
OR2X1              62    84.816    slow_vdd1v0   worst 
OR2X2              10    17.100    slow_vdd1v0   worst 
OR2X4               2     5.472    slow_vdd1v0   worst 
OR2X8               1     4.446    slow_vdd1v0   worst 
OR3X1              18    36.936    slow_vdd1v0   worst 
OR4X1              48    98.496    slow_vdd1v0   worst 
XNOR2X1            24    57.456    slow_vdd1v0   worst 
-------------------------------------------------------
total            2766  9356.436                


                                         
     Type      Instances   Area   Area % 
-----------------------------------------
sequential           656 4669.668   49.9 
inverter             158  138.168    1.5 
buffer               115  272.574    2.9 
logic               1837 4276.026   45.7 
physical_cells         0    0.000    0.0 
-----------------------------------------
total               2766 9356.436  100.0 

