============================================================
  Generated by:           Genus(TM) Synthesis Solution 21.19-s055_1
  Generated on:           May 25 2026  02:07:43 pm
  Module:                 multiplier32FP
  Operating conditions:   PVT_0P9V_125C 
  Operating conditions:   PVT_1P32V_0C 
  Interconnect mode:      global
  Area mode:              physical library
============================================================

Timing
--------

Clock  Period  
---------------
clk   100000.0 


  Cost    Critical         Violating 
 Group   Path Slack  TNS     Paths   
-------------------------------------
clk         87024.4   0.0          0 
default    No paths   0.0            
-------------------------------------
Total                 0.0          0 

Instance Count
--------------
Leaf Instance Count             2766 
Physical Instance count            0 
Sequential Instance Count        656 
Combinational Instance Count    2110 
Hierarchical Instance Count        4 

Area
----
Cell Area                          9356.436
Physical Cell Area                 0.000
Total Cell Area (Cell+Physical)    9356.436
Net Area                           3565.122
Total Area (Cell+Physical+Net)     12921.558

Max Fanout                         656 (clk)
Min Fanout                         0 (n_127)
Average Fanout                     2.3
Terms to net ratio                 3.2923
Terms to instance ratio            3.7303
Runtime                            1032.417302 seconds
Elapsed Runtime                    1047 seconds
Genus peak memory usage            1842.30 
Innovus peak memory usage          no_value 
Hostname                           localhost
