============================================================
  Generated by:           Genus(TM) Synthesis Solution 21.19-s055_1
  Generated on:           May 25 2026  02:07:42 pm
  Module:                 multiplier32FP
  Library domain:         worst
    Domain index:         0
    Technology library:   slow_vdd1v0 1.0
  Library domain:         best
    Domain index:         1
    Technology library:   fast_vdd1v2 1.0
  Operating conditions:   PVT_0P9V_125C 
  Operating conditions:   PVT_1P32V_0C 
  Interconnect mode:      global
  Area mode:              physical library
============================================================

Max_transition design rule (violation total = 49)
Pin                                        Slew           Max     Violation
-----------------------------------------------------------------------------
i_mul_24/g4819__5107/B                      292           280            12
  --> Other violations on net                       24
i_mul_24/g4815__6417/B                      292           280            12
  --> Other violations on net                       24
i_mul_24/g4848__5107/Y                      292           280            12
  --> Other violations on net                       24
i_post_norm_mul/g37146__5477/A              284           280             4
  --> Other violations on net                       4
i_post_norm_mul/g37347__7482/Y              284           280             4
  --> Other violations on net                       4
i_post_norm_mul/g38095/D                    283           280             3
  --> Other violations on net                       3
i_post_norm_mul/g38120/Y                    283           280             3
  --> Other violations on net                       3


Max_capacitance design rule: no violations.


Max_fanout design rule: no constraints.



