============================================================
  Generated by:           Genus(TM) Synthesis Solution 21.19-s055_1
  Generated on:           May 25 2026  02:07:43 pm
  Module:                 multiplier32FP
  Operating conditions:   PVT_0P9V_125C 
  Operating conditions:   PVT_1P32V_0C 
  Interconnect mode:      global
  Area mode:              physical library
============================================================


Path 1: MET (87024 ps) Setup Check with Pin i_post_norm_mul/s_zeros_reg[0]/CK->D
          Group: clk
     Startpoint: (R) i_post_norm_mul/s_fract_48_i_reg[46]/CK
          Clock: (R) clk
       Endpoint: (F) i_post_norm_mul/s_zeros_reg[0]/D
          Clock: (R) clk

                     Capture       Launch     
        Clock Edge:+  100000            0     
       Src Latency:+       0            0     
       Net Latency:+     100 (I)      100 (I) 
           Arrival:=  100100          100     
                                              
             Setup:-     152                  
       Uncertainty:-      50                  
     Required Time:=   99898                  
      Launch Clock:-     100                  
         Data Path:-   12774                  
             Slack:=   87024                  

#-----------------------------------------------------------------------------------------------------------------
#              Timing Point               Flags    Arc   Edge   Cell     Fanout Load Trans Delay Arrival Instance 
#                                                                               (fF)  (ps)  (ps)   (ps)  Location 
#-----------------------------------------------------------------------------------------------------------------
  i_post_norm_mul/s_fract_48_i_reg[46]/CK -       -      R     (arrival)    656    -     0     0     100    (-,-) 
  i_post_norm_mul/s_fract_48_i_reg[46]/QN -       CK->QN R     DFFX2          6 12.7   146   335     435    (-,-) 
  i_post_norm_mul/g38302/Y                -       C->Y   R     AND4X1         3  7.2   187   448     883    (-,-) 
  i_post_norm_mul/g38298/Y                -       A->Y   F     INVX1          1  3.1   119   164    1046    (-,-) 
  i_post_norm_mul/g38289/Y                -       C->Y   F     OR3X1          3  6.8   191   278    1324    (-,-) 
  i_post_norm_mul/g38277/Y                -       B->Y   R     NOR2X1         2  5.4   278   260    1584    (-,-) 
  i_post_norm_mul/g38274/Y                -       A->Y   R     AND2X1         4  8.2   185   328    1912    (-,-) 
  i_post_norm_mul/g38260/Y                -       C->Y   R     AND3X1         3  7.2   172   344    2256    (-,-) 
  i_post_norm_mul/g38251/Y                -       B->Y   F     NAND2X2        2  5.5   199   200    2456    (-,-) 
  i_post_norm_mul/g38243/Y                -       B->Y   R     NOR2X2         2  5.0   158   182    2638    (-,-) 
  i_post_norm_mul/g38239/Y                -       C->Y   R     AND3X1         3  8.0   188   341    2979    (-,-) 
  i_post_norm_mul/g38236/Y                -       A->Y   F     INVX1          1  3.1   119   164    3144    (-,-) 
  i_post_norm_mul/g38225/Y                -       C->Y   F     OR3X1          3  7.5   208   287    3431    (-,-) 
  i_post_norm_mul/g38216/Y                -       B->Y   R     NOR2X2         2  5.6   172   195    3626    (-,-) 
  i_post_norm_mul/g38213/Y                -       B->Y   F     NAND2X2        3  6.6   228   216    3842    (-,-) 
  i_post_norm_mul/g38206/Y                -       B->Y   F     OR2X1          2  5.5   153   257    4099    (-,-) 
  i_post_norm_mul/g38204/Y                -       B->Y   R     NOR2X2         3  6.6   186   180    4278    (-,-) 
  i_post_norm_mul/g38194/Y                -       C->Y   R     AND3X1         3  7.8   184   352    4630    (-,-) 
  i_post_norm_mul/g38184/Y                -       C->Y   R     AND3X1         3  6.4   156   335    4965    (-,-) 
  i_post_norm_mul/g38178/Y                -       AN->Y  R     NOR2BX2        2  5.4   175   237    5202    (-,-) 
  i_post_norm_mul/g38175/Y                -       B->Y   F     NAND2X2        3  6.9   236   223    5424    (-,-) 
  i_post_norm_mul/g38174/Y                -       B->Y   R     NOR2X2         3  6.4   192   218    5643    (-,-) 
  i_post_norm_mul/g38166/Y                -       C->Y   R     AND3X1         3  6.6   160   341    5984    (-,-) 
  i_post_norm_mul/g38161/Y                -       AN->Y  R     NOR2BX2        2  5.6   180   242    6225    (-,-) 
  i_post_norm_mul/g38158/Y                -       B->Y   F     NAND2X2        3  6.5   226   219    6444    (-,-) 
  i_post_norm_mul/g38152/Y                -       B->Y   F     OR2X1          2  5.5   153   256    6700    (-,-) 
  i_post_norm_mul/g38142/Y                -       B->Y   R     NOR2X2         3  6.6   186   180    6880    (-,-) 
  i_post_norm_mul/g38122/Y                -       C->Y   R     AND3X1         3  7.0   168   342    7222    (-,-) 
  i_post_norm_mul/g38104/Y                -       AN->Y  R     NOR2BX1        2  4.8   260   270    7493    (-,-) 
  i_post_norm_mul/g38098/Y                -       A->Y   R     AND2X1         3  7.2   164   308    7800    (-,-) 
  i_post_norm_mul/g38093/Y                -       A->Y   R     AND2X1         3  7.0   160   261    8061    (-,-) 
  i_post_norm_mul/g38088/Y                -       AN->Y  R     NOR2BX2        2  5.6   179   242    8303    (-,-) 
  i_post_norm_mul/g38087/Y                -       B->Y   F     NAND2X2        3  7.4   249   232    8535    (-,-) 
  i_post_norm_mul/g38083/Y                -       A->Y   F     AND2X1         4  8.7   229   278    8813    (-,-) 
  i_post_norm_mul/g38799/Y                -       AN->Y  F     NOR2BX2        4  8.0   139   230    9043    (-,-) 
  i_post_norm_mul/g38072/Y                -       AN->Y  F     NOR2BX2        3  6.5   121   177    9220    (-,-) 
  i_post_norm_mul/g38066/Y                -       A->Y   F     AND2X1         5 10.0   261   237    9457    (-,-) 
  i_post_norm_mul/g38056/Y                -       A->Y   F     AND2X1         3  6.9   185   259    9716    (-,-) 
  i_post_norm_mul/g38054/Y                -       B->Y   R     NAND2BX2       3  8.4   125   155    9871    (-,-) 
  i_post_norm_mul/g38038/Y                -       B->Y   R     OR2X1          3  7.4   165   197   10068    (-,-) 
  i_post_norm_mul/g38801/Y                -       B->Y   F     NOR2BX2        3  7.0   127   150   10218    (-,-) 
  i_post_norm_mul/g38024/Y                -       B->Y   R     NAND2X2        3  7.2   119   118   10335    (-,-) 
  i_post_norm_mul/g38797/Y                -       B->Y   F     NOR2BX2        4  8.9   142   137   10473    (-,-) 
  i_post_norm_mul/g38012/Y                -       B->Y   R     NAND2BX2       3  7.0   105   125   10597    (-,-) 
  i_post_norm_mul/g38007/Y                -       B->Y   F     NOR2BX1        2  4.9   152   141   10738    (-,-) 
  i_post_norm_mul/g37998/Y                -       B->Y   R     NAND2X1        1  3.3   115   135   10874    (-,-) 
  i_post_norm_mul/g37993/Y                -       A1->Y  F     OAI22X1        1  3.2   247   227   11101    (-,-) 
  i_post_norm_mul/g37985/Y                -       B->Y   R     NOR2BX1        1  3.3   194   237   11338    (-,-) 
  i_post_norm_mul/g37980/Y                -       B0->Y  F     OAI21X1        1  3.1   227   247   11585    (-,-) 
  i_post_norm_mul/g37973/Y                -       B->Y   F     OR2X1          1  3.1    94   224   11809    (-,-) 
  i_post_norm_mul/g37967/Y                -       D->Y   F     OR4X1          1  3.6   124   282   12090    (-,-) 
  i_post_norm_mul/g37963/Y                -       B0->Y  R     AOI31X2        1  3.3   122   138   12228    (-,-) 
  i_post_norm_mul/g37962/Y                -       B0->Y  F     OAI21X1        1  3.1   222   207   12435    (-,-) 
  i_post_norm_mul/g37961/Y                -       B0->Y  F     AO21X1         1  3.1    95   234   12670    (-,-) 
  i_post_norm_mul/g37958/Y                -       AN->Y  F     NAND2BX1       1  3.2   221   204   12874    (-,-) 
  i_post_norm_mul/s_zeros_reg[0]/D        <<<     -      F     DFFHQX1        1    -     -     0   12874    (-,-) 
#-----------------------------------------------------------------------------------------------------------------

