============================================================
  Generated by:           Genus(TM) Synthesis Solution 21.19-s055_1
  Generated on:           May 25 2026  02:07:42 pm
  Module:                 multiplier32FP
  Library domain:         worst
    Domain index:         0
    Technology library:   slow_vdd1v0 1.0
  Library domain:         best
    Domain index:         1
    Technology library:   fast_vdd1v2 1.0
  Operating conditions:   PVT_0P9V_125C 
  Operating conditions:   PVT_1P32V_0C 
  Interconnect mode:      global
  Area mode:              physical library
============================================================

     Instance         Module     Cell Count  Cell Area  Net Area   Total Area 
------------------------------------------------------------------------------
multiplier32FP                         2766   9356.436  3565.122    12921.558 
  i_mul_24        mul_24                955   4532.526  1191.554     5724.080 
  i_post_norm_mul post_norm_mul        1572   4054.752  1969.769     6024.521 
  i_pre_norm_mul  pre_norm_mul           39    146.376    31.113      177.489 
  u_fsm           fpu_fsm                33    102.258    33.488      135.746 
