============================================================
  Generated by:           Genus(TM) Synthesis Solution 21.19-s055_1
  Generated on:           May 25 2026  02:07:42 pm
  Module:                 multiplier32FP
  Library domain:         worst
    Domain index:         0
    Technology library:   slow_vdd1v0 1.0
  Library domain:         best
    Domain index:         1
    Technology library:   fast_vdd1v2 1.0
  Operating conditions:   PVT_0P9V_125C 
  Operating conditions:   PVT_1P32V_0C 
  Interconnect mode:      global
  Area mode:              physical library
============================================================

     Instance         Module     Cell Count  Normalized Cell Area  Normalized Net Area   Normalized Total Area 
---------------------------------------------------------------------------------------------------------------
multiplier32FP                         2766              9119.333             3474.778               12594.111 
  i_mul_24        mul_24                955              4417.667             1161.359                5579.026 
  i_post_norm_mul post_norm_mul        1572              3952.000             1919.853                5871.853 
  i_pre_norm_mul  pre_norm_mul           39               142.667               30.324                 172.991 
  u_fsm           fpu_fsm                33                99.667               32.640                 132.306 
