============================================================
  Generated by:           Genus(TM) Synthesis Solution 21.19-s055_1
  Generated on:           May 23 2026  02:27:13 pm
  Module:                 multiplier32FP
  Operating conditions:   PVT_0P9V_125C 
  Operating conditions:   PVT_1P32V_0C 
  Interconnect mode:      global
  Area mode:              physical library
============================================================

                                                Library 
   Gate     Instances    Area        Library     Domain 
--------------------------------------------------------
ADDFHX1            23    173.052    slow_vdd1v0   worst 
ADDFHX2            51    418.608    slow_vdd1v0   worst 
ADDFHX4             4     38.304    slow_vdd1v0   worst 
ADDFX1             25    128.250    slow_vdd1v0   worst 
ADDHX1              6     22.572    slow_vdd1v0   worst 
ADDHX2             10     51.300    slow_vdd1v0   worst 
ADDHX4              5     35.910    slow_vdd1v0   worst 
AND2X1            177    242.136    slow_vdd1v0   worst 
AND2X2             25     42.750    slow_vdd1v0   worst 
AND2X4             11     30.096    slow_vdd1v0   worst 
AND2X6             22     82.764    slow_vdd1v0   worst 
AND2X8              2      8.892    slow_vdd1v0   worst 
AND3X1              5     11.970    slow_vdd1v0   worst 
AND3X4              1      3.078    slow_vdd1v0   worst 
AND3X6              2      8.892    slow_vdd1v0   worst 
AND3XL              3      6.156    slow_vdd1v0   worst 
AND4X1             10     23.940    slow_vdd1v0   worst 
AO21X1             36     86.184    slow_vdd1v0   worst 
AO21X2              4     10.944    slow_vdd1v0   worst 
AO21X4              1      3.420    slow_vdd1v0   worst 
AO22X1             51    139.536    slow_vdd1v0   worst 
AOI211X1            1      2.394    slow_vdd1v0   worst 
AOI211X2           16     54.720    slow_vdd1v0   worst 
AOI211X4            1      6.498    slow_vdd1v0   worst 
AOI21X1            82    140.220    slow_vdd1v0   worst 
AOI21X2            56    153.216    slow_vdd1v0   worst 
AOI21X4            74    379.620    slow_vdd1v0   worst 
AOI221X1            1      2.394    slow_vdd1v0   worst 
AOI221X2           32    142.272    slow_vdd1v0   worst 
AOI221X4            7     55.062    slow_vdd1v0   worst 
AOI222X1            1      3.078    slow_vdd1v0   worst 
AOI222X2            9     49.248    slow_vdd1v0   worst 
AOI222X4            2     19.152    slow_vdd1v0   worst 
AOI22X1            59    121.068    slow_vdd1v0   worst 
AOI22X2            21     79.002    slow_vdd1v0   worst 
AOI22X4            10     61.560    slow_vdd1v0   worst 
AOI22XL             5     10.260    slow_vdd1v0   worst 
AOI2BB1X1          28     57.456    slow_vdd1v0   worst 
AOI2BB1X2          15     46.170    slow_vdd1v0   worst 
AOI2BB1X4          21     86.184    slow_vdd1v0   worst 
AOI2BB1XL           1      2.052    slow_vdd1v0   worst 
AOI2BB2X2           3     15.390    slow_vdd1v0   worst 
AOI2BB2X4          11     82.764    slow_vdd1v0   worst 
AOI31X1             1      2.052    slow_vdd1v0   worst 
AOI31X2             6     20.520    slow_vdd1v0   worst 
AOI31X4             3     19.494    slow_vdd1v0   worst 
AOI32X4             1      7.866    slow_vdd1v0   worst 
BUFX2               6     10.260    slow_vdd1v0   worst 
BUFX3               7     14.364    slow_vdd1v0   worst 
BUFX6              41    126.198    slow_vdd1v0   worst 
BUFX8              37    139.194    slow_vdd1v0   worst 
CLKAND2X12         18    135.432    slow_vdd1v0   worst 
CLKAND2X2          40     82.080    slow_vdd1v0   worst 
CLKAND2X3          22     67.716    slow_vdd1v0   worst 
CLKAND2X4           2      6.840    slow_vdd1v0   worst 
CLKAND2X6          28    134.064    slow_vdd1v0   worst 
CLKAND2X8           2     11.628    slow_vdd1v0   worst 
CLKBUFX12           7     35.910    slow_vdd1v0   worst 
CLKBUFX16           4     27.360    slow_vdd1v0   worst 
CLKBUFX20           4     32.832    slow_vdd1v0   worst 
CLKBUFX4            2      4.788    slow_vdd1v0   worst 
CLKBUFX6            1      3.078    slow_vdd1v0   worst 
CLKINVX12          21     86.184    slow_vdd1v0   worst 
CLKINVX16          14     76.608    slow_vdd1v0   worst 
CLKINVX2            7      9.576    slow_vdd1v0   worst 
CLKINVX20           3     19.494    slow_vdd1v0   worst 
CLKINVX3            8     13.680    slow_vdd1v0   worst 
CLKINVX4           67    114.570    slow_vdd1v0   worst 
CLKINVX6           39     93.366    slow_vdd1v0   worst 
CLKINVX8           40    123.120    slow_vdd1v0   worst 
CLKMX2X2           23     70.794    slow_vdd1v0   worst 
CLKMX2X3           27    110.808    slow_vdd1v0   worst 
CLKXOR2X1          21     57.456    slow_vdd1v0   worst 
DFFHQX1           188   1028.736    slow_vdd1v0   worst 
DFFHQX2             1      6.840    slow_vdd1v0   worst 
DFFHQX4            10     82.080    slow_vdd1v0   worst 
DFFHQX8             8     73.872    slow_vdd1v0   worst 
DFFQX1              4     23.256    slow_vdd1v0   worst 
DFFQX2             11     71.478    slow_vdd1v0   worst 
DFFQX4              1      7.182    slow_vdd1v0   worst 
DFFQXL             11     60.192    slow_vdd1v0   worst 
DFFRHQX1           39    240.084    slow_vdd1v0   worst 
DFFRHQX4            1      9.576    slow_vdd1v0   worst 
DFFRX1              2     13.680    slow_vdd1v0   worst 
DFFRX2              2     15.048    slow_vdd1v0   worst 
DFFTRX1             1      8.208    slow_vdd1v0   worst 
DFFTRX2             1      8.208    slow_vdd1v0   worst 
DFFX1              29    208.278    slow_vdd1v0   worst 
DFFX2              27    221.616    slow_vdd1v0   worst 
DFFX4              30    277.020    slow_vdd1v0   worst 
DFFXL               1      7.524    slow_vdd1v0   worst 
EDFFHQX1          254   2171.700    slow_vdd1v0   worst 
EDFFHQX8            1     11.628    slow_vdd1v0   worst 
EDFFX2              1      9.234    slow_vdd1v0   worst 
INVX1             185    126.540    slow_vdd1v0   worst 
INVX12              3     12.312    slow_vdd1v0   worst 
INVX16              4     21.888    slow_vdd1v0   worst 
INVX2              70     71.820    slow_vdd1v0   worst 
INVX20              1      6.498    slow_vdd1v0   worst 
INVX3              50     68.400    slow_vdd1v0   worst 
INVX4               5      8.550    slow_vdd1v0   worst 
INVX6              12     28.728    slow_vdd1v0   worst 
INVX8               6     18.468    slow_vdd1v0   worst 
MDFFHQX1           25    213.750    slow_vdd1v0   worst 
MDFFHQX4            8     73.872    slow_vdd1v0   worst 
MX2X1              67    160.398    slow_vdd1v0   worst 
MX4X1               1      7.524    slow_vdd1v0   worst 
MX4XL               3     21.546    slow_vdd1v0   worst 
MXI2X1              4     10.944    slow_vdd1v0   worst 
MXI2X2             20     88.920    slow_vdd1v0   worst 
MXI2X4              9     46.170    slow_vdd1v0   worst 
MXI2X6              1      5.130    slow_vdd1v0   worst 
MXI4X1              1      7.182    slow_vdd1v0   worst 
NAND2BX1           29     39.672    slow_vdd1v0   worst 
NAND2BX2           11     26.334    slow_vdd1v0   worst 
NAND2BX4            7     26.334    slow_vdd1v0   worst 
NAND2X1            81     83.106    slow_vdd1v0   worst 
NAND2X2           105    179.550    slow_vdd1v0   worst 
NAND2X4            83    283.860    slow_vdd1v0   worst 
NAND2X6            23    110.124    slow_vdd1v0   worst 
NAND2X8            17     93.024    slow_vdd1v0   worst 
NAND3BX2            2      6.156    slow_vdd1v0   worst 
NAND3BX4            2     10.260    slow_vdd1v0   worst 
NAND3X2             9     24.624    slow_vdd1v0   worst 
NAND3X4             8     38.304    slow_vdd1v0   worst 
NOR2BX1            38     51.984    slow_vdd1v0   worst 
NOR2BX2            25     68.400    slow_vdd1v0   worst 
NOR2BX4            16     60.192    slow_vdd1v0   worst 
NOR2X1            125    128.250    slow_vdd1v0   worst 
NOR2X2             93    159.030    slow_vdd1v0   worst 
NOR2X4            152    467.856    slow_vdd1v0   worst 
NOR2X6             74    303.696    slow_vdd1v0   worst 
NOR2X8             49    268.128    slow_vdd1v0   worst 
NOR2XL              4      4.104    slow_vdd1v0   worst 
NOR3BX1             2      4.104    slow_vdd1v0   worst 
NOR3BX2             1      3.420    slow_vdd1v0   worst 
NOR3BX4             2     11.628    slow_vdd1v0   worst 
NOR3X1              7     11.970    slow_vdd1v0   worst 
NOR3X2              4     10.944    slow_vdd1v0   worst 
NOR3X4              4     20.520    slow_vdd1v0   worst 
NOR3X6              1      7.182    slow_vdd1v0   worst 
NOR3X8              2     17.784    slow_vdd1v0   worst 
NOR4X2              5     17.100    slow_vdd1v0   worst 
NOR4X4              1      6.498    slow_vdd1v0   worst 
OA21X1             78    160.056    slow_vdd1v0   worst 
OA21X2              2      6.156    slow_vdd1v0   worst 
OA21X4              5     18.810    slow_vdd1v0   worst 
OA22X1            104    248.976    slow_vdd1v0   worst 
OA22X2              5     17.100    slow_vdd1v0   worst 
OA22X4              1      4.104    slow_vdd1v0   worst 
OAI211X4            2     12.996    slow_vdd1v0   worst 
OAI21X1            55     94.050    slow_vdd1v0   worst 
OAI21X2            56    172.368    slow_vdd1v0   worst 
OAI21X4            49    234.612    slow_vdd1v0   worst 
OAI21XL             3      5.130    slow_vdd1v0   worst 
OAI221X2            7     33.516    slow_vdd1v0   worst 
OAI221X4            5     39.330    slow_vdd1v0   worst 
OAI222X4            1      9.234    slow_vdd1v0   worst 
OAI22X1            32     65.664    slow_vdd1v0   worst 
OAI22X2            19     64.980    slow_vdd1v0   worst 
OAI22X4            13     84.474    slow_vdd1v0   worst 
OAI2BB1X1         114    194.940    slow_vdd1v0   worst 
OAI2BB1X2          28     86.184    slow_vdd1v0   worst 
OAI2BB1X4           8     35.568    slow_vdd1v0   worst 
OAI2BB2X2           4     21.888    slow_vdd1v0   worst 
OAI2BB2X4           4     34.200    slow_vdd1v0   worst 
OAI31X1             4      8.208    slow_vdd1v0   worst 
OAI31X2             5     18.810    slow_vdd1v0   worst 
OAI31X4             1      6.840    slow_vdd1v0   worst 
OAI32X2             1      4.446    slow_vdd1v0   worst 
OR2X1             115    157.320    slow_vdd1v0   worst 
OR2X2              34     58.140    slow_vdd1v0   worst 
OR2X4              18     49.248    slow_vdd1v0   worst 
OR2X6              26     97.812    slow_vdd1v0   worst 
OR2X8               1      4.446    slow_vdd1v0   worst 
OR3X1              25     51.300    slow_vdd1v0   worst 
OR3X2               6     14.364    slow_vdd1v0   worst 
OR3X4               3      9.234    slow_vdd1v0   worst 
OR3X6               3     14.364    slow_vdd1v0   worst 
OR3X8               1      5.472    slow_vdd1v0   worst 
OR4X1              26     53.352    slow_vdd1v0   worst 
OR4X2               2      6.840    slow_vdd1v0   worst 
OR4X4               1      3.762    slow_vdd1v0   worst 
OR4X8               1      6.156    slow_vdd1v0   worst 
XNOR2X1            36     86.184    slow_vdd1v0   worst 
XNOR2X2            13     40.014    slow_vdd1v0   worst 
XNOR2X4             3     11.286    slow_vdd1v0   worst 
XNOR3X1             1      7.524    slow_vdd1v0   worst 
XOR2X2              2      6.840    slow_vdd1v0   worst 
--------------------------------------------------------
total            4435  15260.382                


                                          
     Type      Instances    Area   Area % 
------------------------------------------
sequential           656  4843.062   31.7 
inverter             535   899.802    5.9 
buffer               109   393.984    2.6 
logic               3135  9123.534   59.8 
physical_cells         0     0.000    0.0 
------------------------------------------
total               4435 15260.382  100.0 

