============================================================
  Generated by:           Genus(TM) Synthesis Solution 21.19-s055_1
  Generated on:           May 23 2026  02:27:13 pm
  Module:                 multiplier32FP
  Library domain:         worst
    Domain index:         0
    Technology library:   slow_vdd1v0 1.0
  Library domain:         best
    Domain index:         1
    Technology library:   fast_vdd1v2 1.0
  Operating conditions:   PVT_0P9V_125C 
  Operating conditions:   PVT_1P32V_0C 
  Interconnect mode:      global
  Area mode:              physical library
============================================================

     Instance         Module     Cell Count  Normalized Cell Area  Normalized Net Area   Normalized Total Area 
---------------------------------------------------------------------------------------------------------------
multiplier32FP                         4435             14873.667             5282.689               20156.356 
  i_mul_24        mul_24               1761              7371.333             1910.294                9281.628 
  i_post_norm_mul post_norm_mul        2369              6603.000             2916.161                9519.161 
  i_pre_norm_mul  pre_norm_mul           83               237.000               69.688                 306.688 
  u_fsm           fpu_fsm                37               110.667               39.068                 149.734 
