============================================================
  Generated by:           Genus(TM) Synthesis Solution 21.19-s055_1
  Generated on:           May 22 2026  03:47:22 pm
  Module:                 multiplier32FP
  Operating conditions:   PVT_0P9V_125C 
  Operating conditions:   PVT_1P32V_0C 
  Interconnect mode:      global
  Area mode:              physical library
============================================================

Timing
--------

Clock Period 
-------------
clk   4444.0 


  Cost    Critical         Violating 
 Group   Path Slack  TNS     Paths   
-------------------------------------
clk            72.1   0.0          0 
default    No paths   0.0            
-------------------------------------
Total                 0.0          0 

Instance Count
--------------
Leaf Instance Count             3630 
Physical Instance count            0 
Sequential Instance Count        656 
Combinational Instance Count    2974 
Hierarchical Instance Count        4 

Area
----
Cell Area                          11002.824
Physical Cell Area                 0.000
Total Cell Area (Cell+Physical)    11002.824
Net Area                           4674.780
Total Area (Cell+Physical+Net)     15677.604

Max Fanout                         656 (clk)
Min Fanout                         0 (n_135)
Average Fanout                     2.4
Terms to net ratio                 3.3665
Terms to instance ratio            3.6791
Runtime                            731.577754 seconds
Elapsed Runtime                    733 seconds
Genus peak memory usage            1853.64 
Innovus peak memory usage          no_value 
Hostname                           localhost
