============================================================
  Generated by:           Genus(TM) Synthesis Solution 21.19-s055_1
  Generated on:           May 22 2026  03:47:22 pm
  Module:                 multiplier32FP
  Operating conditions:   PVT_0P9V_125C 
  Operating conditions:   PVT_1P32V_0C 
  Interconnect mode:      global
  Area mode:              physical library
============================================================

                                                Library 
   Gate     Instances    Area        Library     Domain 
--------------------------------------------------------
ADDFHX2             1      8.208    slow_vdd1v0   worst 
ADDFX1            141    723.330    slow_vdd1v0   worst 
ADDFX2              1      7.866    slow_vdd1v0   worst 
ADDHX1             43    161.766    slow_vdd1v0   worst 
AND2X1            332    454.176    slow_vdd1v0   worst 
AND2X2             17     29.070    slow_vdd1v0   worst 
AND2X4              6     16.416    slow_vdd1v0   worst 
AND2X6              5     18.810    slow_vdd1v0   worst 
AND2X8              4     17.784    slow_vdd1v0   worst 
AND3X1              2      4.788    slow_vdd1v0   worst 
AND3X4              1      3.078    slow_vdd1v0   worst 
AND3XL             21     43.092    slow_vdd1v0   worst 
AND4X1             11     26.334    slow_vdd1v0   worst 
AND4X6              1      5.814    slow_vdd1v0   worst 
AO21X1             51    122.094    slow_vdd1v0   worst 
AO21X4              6     20.520    slow_vdd1v0   worst 
AO22X1             52    142.272    slow_vdd1v0   worst 
AO22X2              1      3.078    slow_vdd1v0   worst 
AOI211X1            1      2.394    slow_vdd1v0   worst 
AOI211X2           11     37.620    slow_vdd1v0   worst 
AOI211X4            1      6.498    slow_vdd1v0   worst 
AOI21X1           162    277.020    slow_vdd1v0   worst 
AOI21X2             6     16.416    slow_vdd1v0   worst 
AOI21X4             5     25.650    slow_vdd1v0   worst 
AOI221X2           12     53.352    slow_vdd1v0   worst 
AOI221X4            1      7.866    slow_vdd1v0   worst 
AOI22X1           175    359.100    slow_vdd1v0   worst 
AOI22X2            13     48.906    slow_vdd1v0   worst 
AOI22X4             6     36.936    slow_vdd1v0   worst 
AOI2BB1X1          25     51.300    slow_vdd1v0   worst 
AOI2BB1X2           1      3.078    slow_vdd1v0   worst 
AOI2BB1X4           3     12.312    slow_vdd1v0   worst 
AOI2BB2X1           1      3.420    slow_vdd1v0   worst 
AOI31X2             2      6.840    slow_vdd1v0   worst 
BUFX2               8     13.680    slow_vdd1v0   worst 
BUFX4               1      2.394    slow_vdd1v0   worst 
BUFX8              37    139.194    slow_vdd1v0   worst 
CLKAND2X12          9     67.716    slow_vdd1v0   worst 
CLKAND2X2           3      6.156    slow_vdd1v0   worst 
CLKINVX12           2      8.208    slow_vdd1v0   worst 
CLKINVX16           2     10.944    slow_vdd1v0   worst 
CLKINVX20           1      6.498    slow_vdd1v0   worst 
CLKINVX4            4      6.840    slow_vdd1v0   worst 
CLKINVX6            4      9.576    slow_vdd1v0   worst 
CLKINVX8            3      9.234    slow_vdd1v0   worst 
CLKMX2X2            1      3.078    slow_vdd1v0   worst 
CLKMX2X3            9     36.936    slow_vdd1v0   worst 
CLKMX2X4            2      8.208    slow_vdd1v0   worst 
CLKXOR2X1          14     38.304    slow_vdd1v0   worst 
DFFHQX1           219   1198.368    slow_vdd1v0   worst 
DFFHQX2             1      6.840    slow_vdd1v0   worst 
DFFHQX8             4     36.936    slow_vdd1v0   worst 
DFFQX2              3     19.494    slow_vdd1v0   worst 
DFFQX4              1      7.182    slow_vdd1v0   worst 
DFFRHQX1           39    240.084    slow_vdd1v0   worst 
DFFRHQX4            1      9.576    slow_vdd1v0   worst 
DFFRX1              1      6.840    slow_vdd1v0   worst 
DFFRX2              3     22.572    slow_vdd1v0   worst 
DFFRX4              1      9.576    slow_vdd1v0   worst 
DFFTRX2             1      8.208    slow_vdd1v0   worst 
DFFX1              26    186.732    slow_vdd1v0   worst 
DFFX2              49    402.192    slow_vdd1v0   worst 
DFFX4              17    156.978    slow_vdd1v0   worst 
EDFFHQX1          288   2462.400    slow_vdd1v0   worst 
EDFFX2              1      9.234    slow_vdd1v0   worst 
INVX1             171    116.964    slow_vdd1v0   worst 
INVX16              1      5.472    slow_vdd1v0   worst 
INVX2              34     34.884    slow_vdd1v0   worst 
INVX3               5      6.840    slow_vdd1v0   worst 
INVX6               3      7.182    slow_vdd1v0   worst 
MDFFHQX4            1      9.234    slow_vdd1v0   worst 
MX2X1             123    294.462    slow_vdd1v0   worst 
MX3XL               1      4.788    slow_vdd1v0   worst 
MXI2X1              7     19.152    slow_vdd1v0   worst 
MXI2X2             15     66.690    slow_vdd1v0   worst 
MXI2X6              8     41.040    slow_vdd1v0   worst 
NAND2BX1           31     42.408    slow_vdd1v0   worst 
NAND2BX2           18     43.092    slow_vdd1v0   worst 
NAND2BX4            4     15.048    slow_vdd1v0   worst 
NAND2X1            84     86.184    slow_vdd1v0   worst 
NAND2X2            79    135.090    slow_vdd1v0   worst 
NAND2X4             4     13.680    slow_vdd1v0   worst 
NAND3BX2            5     15.390    slow_vdd1v0   worst 
NAND3BX4            1      5.130    slow_vdd1v0   worst 
NAND3X2            14     38.304    slow_vdd1v0   worst 
NOR2BX1            84    114.912    slow_vdd1v0   worst 
NOR2BX2             6     16.416    slow_vdd1v0   worst 
NOR2BX4             1      3.762    slow_vdd1v0   worst 
NOR2X1            114    116.964    slow_vdd1v0   worst 
NOR2X2             24     41.040    slow_vdd1v0   worst 
NOR2X4              4     12.312    slow_vdd1v0   worst 
NOR3BX1             1      2.052    slow_vdd1v0   worst 
NOR3BX2             2      6.840    slow_vdd1v0   worst 
NOR3X1              8     13.680    slow_vdd1v0   worst 
NOR3X2              3      8.208    slow_vdd1v0   worst 
NOR3X4              1      5.130    slow_vdd1v0   worst 
NOR3X6              1      7.182    slow_vdd1v0   worst 
NOR4X2              9     30.780    slow_vdd1v0   worst 
OA21X1             67    137.484    slow_vdd1v0   worst 
OA21X2              1      3.078    slow_vdd1v0   worst 
OA22X1             98    234.612    slow_vdd1v0   worst 
OAI211X2            1      4.104    slow_vdd1v0   worst 
OAI211X4            1      6.498    slow_vdd1v0   worst 
OAI21X1            98    167.580    slow_vdd1v0   worst 
OAI21X2             6     18.468    slow_vdd1v0   worst 
OAI21X4             2      9.576    slow_vdd1v0   worst 
OAI22X1            84    172.368    slow_vdd1v0   worst 
OAI22X2             4     13.680    slow_vdd1v0   worst 
OAI2BB1X1         171    292.410    slow_vdd1v0   worst 
OAI2BB1X2          20     61.560    slow_vdd1v0   worst 
OAI2BB1X4           1      4.446    slow_vdd1v0   worst 
OAI31X1             6     12.312    slow_vdd1v0   worst 
OAI31X2             4     15.048    slow_vdd1v0   worst 
OR2X1             173    236.664    slow_vdd1v0   worst 
OR2X2              23     39.330    slow_vdd1v0   worst 
OR2X4               7     19.152    slow_vdd1v0   worst 
OR2X6               1      3.762    slow_vdd1v0   worst 
OR3X1              20     41.040    slow_vdd1v0   worst 
OR3X2               3      7.182    slow_vdd1v0   worst 
OR3X4               1      3.078    slow_vdd1v0   worst 
OR4X1              48     98.496    slow_vdd1v0   worst 
XNOR2X1            46    110.124    slow_vdd1v0   worst 
XNOR2X2             1      3.078    slow_vdd1v0   worst 
--------------------------------------------------------
total            3630  11002.824                


                                          
     Type      Instances    Area   Area % 
------------------------------------------
sequential           656  4792.446   43.6 
inverter             230   222.642    2.0 
buffer                46   155.268    1.4 
logic               2698  5832.468   53.0 
physical_cells         0     0.000    0.0 
------------------------------------------
total               3630 11002.824  100.0 

