============================================================
  Generated by:           Genus(TM) Synthesis Solution 21.19-s055_1
  Generated on:           May 22 2026  03:47:22 pm
  Module:                 multiplier32FP
  Operating conditions:   PVT_0P9V_125C 
  Operating conditions:   PVT_1P32V_0C 
  Interconnect mode:      global
  Area mode:              physical library
============================================================


Path 1: MET (72 ps) Setup Check with Pin i_post_norm_mul/s_zeros_reg[0]/CK->D
          Group: clk
     Startpoint: (R) i_post_norm_mul/s_fract_48_i_reg[1]/CK
          Clock: (R) clk
       Endpoint: (F) i_post_norm_mul/s_zeros_reg[0]/D
          Clock: (R) clk

                     Capture       Launch     
        Clock Edge:+    4444            0     
       Src Latency:+       0            0     
       Net Latency:+     100 (I)      100 (I) 
           Arrival:=    4544          100     
                                              
             Setup:-     111                  
       Uncertainty:-      50                  
     Required Time:=    4383                  
      Launch Clock:-     100                  
         Data Path:-    4211                  
             Slack:=      72                  

#----------------------------------------------------------------------------------------------------------------
#             Timing Point               Flags    Arc   Edge   Cell     Fanout Load Trans Delay Arrival Instance 
#                                                                              (fF)  (ps)  (ps)   (ps)  Location 
#----------------------------------------------------------------------------------------------------------------
  i_post_norm_mul/s_fract_48_i_reg[1]/CK -       -      R     (arrival)    656    -     0     0     100    (-,-) 
  i_post_norm_mul/s_fract_48_i_reg[1]/Q  -       CK->Q  F     DFFX4          7 14.5   111   284     384    (-,-) 
  i_post_norm_mul/g67573/Y               -       A0->Y  R     AOI21X4        1  3.3    73   114     497    (-,-) 
  i_post_norm_mul/g67514/Y               -       A1N->Y R     AOI2BB1X4      1  3.3    69   133     630    (-,-) 
  i_post_norm_mul/g67453/Y               -       A1N->Y R     AOI2BB1X4      1  4.5    82   139     769    (-,-) 
  i_post_norm_mul/g67421/Y               -       A1->Y  F     OAI21X4        1  4.4   121   116     885    (-,-) 
  i_post_norm_mul/g67316/Y               -       A1->Y  R     AOI21X4        1  4.5    98   118    1003    (-,-) 
  i_post_norm_mul/g67231/Y               -       A1->Y  F     OAI21X4        1  3.1   103   114    1117    (-,-) 
  i_post_norm_mul/g67194/Y               -       A1->Y  F     AO21X1         1  3.6   108   197    1314    (-,-) 
  i_post_norm_mul/g67188/Y               -       B0->Y  R     AOI221X2       1  3.1   184   191    1505    (-,-) 
  i_post_norm_mul/g67162/Y               -       A1->Y  R     OA21X1         1  3.1    82   245    1750    (-,-) 
  i_post_norm_mul/g67129/Y               -       A1->Y  R     OA21X1         1  3.7    94   200    1950    (-,-) 
  i_post_norm_mul/g67117/Y               -       A1->Y  F     OAI21X2        1  3.3   147   140    2090    (-,-) 
  i_post_norm_mul/g67110/Y               -       A1->Y  R     AOI21X1        1  3.1   183   190    2281    (-,-) 
  i_post_norm_mul/g67091/Y               -       A1->Y  R     OA21X1         1  3.3    86   247    2528    (-,-) 
  i_post_norm_mul/g67075/Y               -       A1->Y  F     OAI21X1        1  3.1   222   182    2709    (-,-) 
  i_post_norm_mul/g67071/Y               -       A1N->Y F     OAI2BB1X1      1  3.3   213   260    2969    (-,-) 
  i_post_norm_mul/g67070/Y               -       A1->Y  R     AOI21X1        1  3.1   185   225    3194    (-,-) 
  i_post_norm_mul/g67069/Y               -       A1N->Y R     AOI2BB1X1      1  3.3   185   231    3425    (-,-) 
  i_post_norm_mul/g67068/Y               -       A1->Y  F     OAI21X1        1  3.6   247   253    3678    (-,-) 
  i_post_norm_mul/g67067/Y               -       B0->Y  R     AOI221X2       1  3.3   193   263    3941    (-,-) 
  i_post_norm_mul/g67066/Y               -       B->Y   F     NOR2X1         1  3.1   123   170    4111    (-,-) 
  i_post_norm_mul/g67065/Y               -       A1->Y  F     OA21X1         1  3.1    96   200    4311    (-,-) 
  i_post_norm_mul/s_zeros_reg[0]/D       <<<     -      F     DFFX2          1    -     -     0    4311    (-,-) 
#----------------------------------------------------------------------------------------------------------------

