============================================================
  Generated by:           Genus(TM) Synthesis Solution 21.19-s055_1
  Generated on:           May 26 2026  09:13:04 am
  Module:                 multiplier32FP
  Library domain:         worst
    Domain index:         0
    Technology library:   slow_vdd1v0 1.0
  Library domain:         best
    Domain index:         1
    Technology library:   fast_vdd1v2 1.0
  Operating conditions:   PVT_0P9V_125C 
  Operating conditions:   PVT_1P32V_0C 
  Interconnect mode:      global
  Area mode:              physical library
============================================================

     Instance         Module     Cell Count  Cell Area  Net Area   Total Area 
------------------------------------------------------------------------------
multiplier32FP                         4302  13837.662  5298.572    19136.234 
  i_mul_24        mul_24               1610   6882.408  1822.093     8704.501 
  i_post_norm_mul post_norm_mul        2399   6051.348  3021.554     9072.902 
  i_pre_norm_mul  pre_norm_mul           76    246.582    62.757      309.339 
  u_fsm           fpu_fsm                34    112.176    37.137      149.313 
