============================================================
  Generated by:           Genus(TM) Synthesis Solution 21.19-s055_1
  Generated on:           May 26 2026  09:13:05 am
  Module:                 multiplier32FP
  Operating conditions:   PVT_0P9V_125C 
  Operating conditions:   PVT_1P32V_0C 
  Interconnect mode:      global
  Area mode:              physical library
============================================================

Timing
--------

Clock Period 
-------------
clk   2695.0 


  Cost    Critical            Violating 
 Group   Path Slack    TNS      Paths   
----------------------------------------
clk           -18.5   -314.8         32 
default    No paths      0.0            
----------------------------------------
Total                 -314.8         32 

Instance Count
--------------
Leaf Instance Count             4302 
Physical Instance count            0 
Sequential Instance Count        656 
Combinational Instance Count    3646 
Hierarchical Instance Count        4 

Area
----
Cell Area                          13837.662
Physical Cell Area                 0.000
Total Cell Area (Cell+Physical)    13837.662
Net Area                           5298.572
Total Area (Cell+Physical+Net)     19136.234

Max Fanout                         656 (clk)
Min Fanout                         0 (n_143)
Average Fanout                     2.3
Terms to net ratio                 3.3016
Terms to instance ratio            3.4988
Runtime                            736.305124 seconds
Elapsed Runtime                    754 seconds
Genus peak memory usage            2198.76 
Innovus peak memory usage          no_value 
Hostname                           localhost
