============================================================
  Generated by:           Genus(TM) Synthesis Solution 21.19-s055_1
  Generated on:           May 26 2026  09:13:04 am
  Module:                 multiplier32FP
  Library domain:         worst
    Domain index:         0
    Technology library:   slow_vdd1v0 1.0
  Library domain:         best
    Domain index:         1
    Technology library:   fast_vdd1v2 1.0
  Operating conditions:   PVT_0P9V_125C 
  Operating conditions:   PVT_1P32V_0C 
  Interconnect mode:      global
  Area mode:              physical library
============================================================

     Instance         Module     Cell Count  Normalized Cell Area  Normalized Net Area   Normalized Total Area 
---------------------------------------------------------------------------------------------------------------
multiplier32FP                         4302             13487.000             5164.300               18651.300 
  i_mul_24        mul_24               1610              6708.000             1775.919                8483.919 
  i_post_norm_mul post_norm_mul        2399              5898.000             2944.985                8842.985 
  i_pre_norm_mul  pre_norm_mul           76               240.333               61.167                 301.500 
  u_fsm           fpu_fsm                34               109.333               36.196                 145.530 
