============================================================
  Generated by:           Genus(TM) Synthesis Solution 21.19-s055_1
  Generated on:           May 26 2026  09:13:04 am
  Module:                 multiplier32FP
  Operating conditions:   PVT_0P9V_125C 
  Operating conditions:   PVT_1P32V_0C 
  Interconnect mode:      global
  Area mode:              physical library
============================================================


Path 1: VIOLATED (-18 ps) Setup Check with Pin i_mul_24/prod2_reg[3][3][10]/CK->D
          Group: clk
     Startpoint: (R) i_mul_24/count_reg[1]/CK
          Clock: (R) clk
       Endpoint: (R) i_mul_24/prod2_reg[3][3][10]/D
          Clock: (R) clk

                     Capture       Launch     
        Clock Edge:+    2695            0     
       Src Latency:+       0            0     
       Net Latency:+     100 (I)      100 (I) 
           Arrival:=    2795          100     
                                              
             Setup:-     232                  
       Uncertainty:-      50                  
     Required Time:=    2514                  
      Launch Clock:-     100                  
         Data Path:-    2432                  
             Slack:=     -18                  

#-------------------------------------------------------------------------------------------------------------------
#               Timing Point                 Flags   Arc   Edge   Cell     Fanout Load Trans Delay Arrival Instance 
#                                                                                 (fF)  (ps)  (ps)   (ps)  Location 
#-------------------------------------------------------------------------------------------------------------------
  i_mul_24/count_reg[1]/CK                   -       -     R     (arrival)    656    -     0     0     100    (-,-) 
  i_mul_24/count_reg[1]/Q                    -       CK->Q F     DFFHQX4        1 10.1    81   255     355    (-,-) 
  i_mul_24/fopt6397/Y                        -       A->Y  R     CLKINVX20     17 44.8    73    78     432    (-,-) 
  i_mul_24/fopt6394/Y                        -       A->Y  R     BUFX6          2  7.6    43   107     539    (-,-) 
  i_mul_24/g6123__4733/Y                     -       A1->Y F     AOI21X4        1  7.2   150   123     662    (-,-) 
  i_mul_24/g6075/Y                           -       A->Y  R     CLKINVX12     12 26.0    80    97     759    (-,-) 
  i_mul_24/mul_197_52_g681__2398/Y           -       A->Y  R     CLKAND2X6      1  4.0    33   126     885    (-,-) 
  i_mul_24/mul_197_52_cdnfadd_006_0__1881/CO -       B->CO R     ADDFHX2        1  3.7    75   217    1103    (-,-) 
  i_mul_24/mul_197_52_cdnfadd_007_1__6161/S  -       CI->S F     ADDFHX1        1  3.7   115   302    1404    (-,-) 
  i_mul_24/mul_197_52_cdnfadd_007_2__9315/S  -       CI->S R     ADDFHX2        2  9.2   136   395    1799    (-,-) 
  i_mul_24/mul_197_52_g633__9945/Y           -       B->Y  F     NOR2X8         3  9.4    69    92    1892    (-,-) 
  i_mul_24/mul_197_52_g632/Y                 -       A->Y  R     CLKINVX4       1  6.1    48    57    1949    (-,-) 
  i_mul_24/mul_197_52_g613__1705/Y           -       B->Y  F     NAND2X8        1  5.1    76    73    2022    (-,-) 
  i_mul_24/mul_197_52_g609__6783/Y           -       A->Y  R     NOR2X6         1  6.1    73    89    2111    (-,-) 
  i_mul_24/mul_197_52_g607__8428/Y           -       B->Y  F     NOR2X8         3 10.7    70    66    2177    (-,-) 
  i_mul_24/mul_197_52_g605__6260/Y           -       B->Y  R     NOR2X8         1  6.1    66    68    2246    (-,-) 
  i_mul_24/mul_197_52_g603__2398/Y           -       B->Y  F     NOR2X8         2  6.4    67    55    2301    (-,-) 
  i_mul_24/mul_197_52_g601__6417/Y           -       S0->Y R     CLKMX2X3       4  8.8    92   232    2532    (-,-) 
  i_mul_24/prod2_reg[3][3][10]/D             <<<     -     R     EDFFHQX1       4    -     -     0    2532    (-,-) 
#-------------------------------------------------------------------------------------------------------------------

