============================================================
  Generated by:           Genus(TM) Synthesis Solution 21.19-s055_1
  Generated on:           May 26 2026  09:13:04 am
  Module:                 multiplier32FP
  Operating conditions:   PVT_0P9V_125C 
  Operating conditions:   PVT_1P32V_0C 
  Interconnect mode:      global
  Area mode:              physical library
============================================================

                                                Library 
   Gate     Instances    Area        Library     Domain 
--------------------------------------------------------
ADDFHX1            22    165.528    slow_vdd1v0   worst 
ADDFHX2            39    320.112    slow_vdd1v0   worst 
ADDFHX4             4     38.304    slow_vdd1v0   worst 
ADDFX1             40    205.200    slow_vdd1v0   worst 
ADDHX1             12     45.144    slow_vdd1v0   worst 
ADDHX2              3     15.390    slow_vdd1v0   worst 
ADDHX4              1      7.182    slow_vdd1v0   worst 
AND2X1            193    264.024    slow_vdd1v0   worst 
AND2X2             20     34.200    slow_vdd1v0   worst 
AND2X4             11     30.096    slow_vdd1v0   worst 
AND2X6              9     33.858    slow_vdd1v0   worst 
AND2X8              1      4.446    slow_vdd1v0   worst 
AND3X1              4      9.576    slow_vdd1v0   worst 
AND3X2              1      2.736    slow_vdd1v0   worst 
AND3X4              3      9.234    slow_vdd1v0   worst 
AND3X6              1      4.446    slow_vdd1v0   worst 
AND3XL             22     45.144    slow_vdd1v0   worst 
AND4X1             10     23.940    slow_vdd1v0   worst 
AND4X6              1      5.814    slow_vdd1v0   worst 
AO21X1             41     98.154    slow_vdd1v0   worst 
AO21X2              1      2.736    slow_vdd1v0   worst 
AO22X1             55    150.480    slow_vdd1v0   worst 
AOI211X1            3      7.182    slow_vdd1v0   worst 
AOI211X2           13     44.460    slow_vdd1v0   worst 
AOI211X4            1      6.498    slow_vdd1v0   worst 
AOI21X1           129    220.590    slow_vdd1v0   worst 
AOI21X2            37    101.232    slow_vdd1v0   worst 
AOI21X4            45    230.850    slow_vdd1v0   worst 
AOI221X2           24    106.704    slow_vdd1v0   worst 
AOI221X4            3     23.598    slow_vdd1v0   worst 
AOI222X2            3     16.416    slow_vdd1v0   worst 
AOI222X4            1      9.576    slow_vdd1v0   worst 
AOI22X1            86    176.472    slow_vdd1v0   worst 
AOI22X2            31    116.622    slow_vdd1v0   worst 
AOI22X4            13     80.028    slow_vdd1v0   worst 
AOI2BB1X1          27     55.404    slow_vdd1v0   worst 
AOI2BB1X2           7     21.546    slow_vdd1v0   worst 
AOI2BB1X4          13     53.352    slow_vdd1v0   worst 
AOI2BB2X2           3     15.390    slow_vdd1v0   worst 
AOI2BB2X4           3     22.572    slow_vdd1v0   worst 
AOI31X2             5     17.100    slow_vdd1v0   worst 
BUFX12              1      5.130    slow_vdd1v0   worst 
BUFX2               2      3.420    slow_vdd1v0   worst 
BUFX3               8     16.416    slow_vdd1v0   worst 
BUFX6              58    178.524    slow_vdd1v0   worst 
BUFX8              37    139.194    slow_vdd1v0   worst 
CLKAND2X12         12     90.288    slow_vdd1v0   worst 
CLKAND2X2          14     28.728    slow_vdd1v0   worst 
CLKAND2X3          40    123.120    slow_vdd1v0   worst 
CLKAND2X6          32    153.216    slow_vdd1v0   worst 
CLKAND2X8           1      5.814    slow_vdd1v0   worst 
CLKBUFX12           4     20.520    slow_vdd1v0   worst 
CLKBUFX16           4     27.360    slow_vdd1v0   worst 
CLKBUFX3            1      2.052    slow_vdd1v0   worst 
CLKINVX12          27    110.808    slow_vdd1v0   worst 
CLKINVX16           6     32.832    slow_vdd1v0   worst 
CLKINVX2            8     10.944    slow_vdd1v0   worst 
CLKINVX20           2     12.996    slow_vdd1v0   worst 
CLKINVX3            8     13.680    slow_vdd1v0   worst 
CLKINVX4           45     76.950    slow_vdd1v0   worst 
CLKINVX6           46    110.124    slow_vdd1v0   worst 
CLKINVX8           33    101.574    slow_vdd1v0   worst 
CLKMX2X2            4     12.312    slow_vdd1v0   worst 
CLKMX2X3           16     65.664    slow_vdd1v0   worst 
CLKXOR2X1          23     62.928    slow_vdd1v0   worst 
DFFHQX1           212   1160.064    slow_vdd1v0   worst 
DFFHQX2             3     20.520    slow_vdd1v0   worst 
DFFHQX4             8     65.664    slow_vdd1v0   worst 
DFFHQX8             9     83.106    slow_vdd1v0   worst 
DFFQX2             12     77.976    slow_vdd1v0   worst 
DFFQX4              5     35.910    slow_vdd1v0   worst 
DFFQXL              7     38.304    slow_vdd1v0   worst 
DFFRHQX1           39    240.084    slow_vdd1v0   worst 
DFFRHQX4            1      9.576    slow_vdd1v0   worst 
DFFRX1              1      6.840    slow_vdd1v0   worst 
DFFRX2              3     22.572    slow_vdd1v0   worst 
DFFTRX2             2     16.416    slow_vdd1v0   worst 
DFFX1              22    158.004    slow_vdd1v0   worst 
DFFX2              28    229.824    slow_vdd1v0   worst 
DFFX4              15    138.510    slow_vdd1v0   worst 
EDFFHQX1          281   2402.550    slow_vdd1v0   worst 
INVX1             205    140.220    slow_vdd1v0   worst 
INVX16              1      5.472    slow_vdd1v0   worst 
INVX2              53     54.378    slow_vdd1v0   worst 
INVX3              34     46.512    slow_vdd1v0   worst 
INVX4               3      5.130    slow_vdd1v0   worst 
INVX6               5     11.970    slow_vdd1v0   worst 
INVX8               2      6.156    slow_vdd1v0   worst 
MDFFHQX1            7     59.850    slow_vdd1v0   worst 
MDFFHQX4            1      9.234    slow_vdd1v0   worst 
MX2X1             105    251.370    slow_vdd1v0   worst 
MX3X1               1      5.130    slow_vdd1v0   worst 
MXI2X1              3      8.208    slow_vdd1v0   worst 
MXI2X2             17     75.582    slow_vdd1v0   worst 
MXI2X4              6     30.780    slow_vdd1v0   worst 
MXI2X6              2     10.260    slow_vdd1v0   worst 
NAND2BX1           26     35.568    slow_vdd1v0   worst 
NAND2BX2            7     16.758    slow_vdd1v0   worst 
NAND2BX4            4     15.048    slow_vdd1v0   worst 
NAND2X1            86     88.236    slow_vdd1v0   worst 
NAND2X2            96    164.160    slow_vdd1v0   worst 
NAND2X4            57    194.940    slow_vdd1v0   worst 
NAND2X6            16     76.608    slow_vdd1v0   worst 
NAND2X8            21    114.912    slow_vdd1v0   worst 
NAND3BX2            3      9.234    slow_vdd1v0   worst 
NAND3BX4            2     10.260    slow_vdd1v0   worst 
NAND3X2            13     35.568    slow_vdd1v0   worst 
NAND3X4             4     19.152    slow_vdd1v0   worst 
NOR2BX1            80    109.440    slow_vdd1v0   worst 
NOR2BX2            12     32.832    slow_vdd1v0   worst 
NOR2BX4            12     45.144    slow_vdd1v0   worst 
NOR2X1            153    156.978    slow_vdd1v0   worst 
NOR2X2             83    141.930    slow_vdd1v0   worst 
NOR2X4             77    237.006    slow_vdd1v0   worst 
NOR2X6             38    155.952    slow_vdd1v0   worst 
NOR2X8             41    224.352    slow_vdd1v0   worst 
NOR2XL              1      1.026    slow_vdd1v0   worst 
NOR3BX1             2      4.104    slow_vdd1v0   worst 
NOR3BX2             1      3.420    slow_vdd1v0   worst 
NOR3X1              6     10.260    slow_vdd1v0   worst 
NOR3X2              3      8.208    slow_vdd1v0   worst 
NOR3X4              3     15.390    slow_vdd1v0   worst 
NOR3X6              1      7.182    slow_vdd1v0   worst 
NOR3X8              4     35.568    slow_vdd1v0   worst 
NOR4BX2             1      4.788    slow_vdd1v0   worst 
NOR4X2              5     17.100    slow_vdd1v0   worst 
OA21X1             83    170.316    slow_vdd1v0   worst 
OA21X2              3      9.234    slow_vdd1v0   worst 
OA21X4              3     11.286    slow_vdd1v0   worst 
OA22X1            138    330.372    slow_vdd1v0   worst 
OAI211X4            2     12.996    slow_vdd1v0   worst 
OAI21X1            86    147.060    slow_vdd1v0   worst 
OAI21X2            30     92.340    slow_vdd1v0   worst 
OAI21X4            36    172.368    slow_vdd1v0   worst 
OAI221X2            3     14.364    slow_vdd1v0   worst 
OAI221X4            2     15.732    slow_vdd1v0   worst 
OAI22X1            66    135.432    slow_vdd1v0   worst 
OAI22X2             9     30.780    slow_vdd1v0   worst 
OAI22X4             3     19.494    slow_vdd1v0   worst 
OAI2BB1X1         148    253.080    slow_vdd1v0   worst 
OAI2BB1X2           8     24.624    slow_vdd1v0   worst 
OAI2BB1X4           2      8.892    slow_vdd1v0   worst 
OAI2BB2X1           1      4.104    slow_vdd1v0   worst 
OAI2BB2X2           4     21.888    slow_vdd1v0   worst 
OAI31X2             4     15.048    slow_vdd1v0   worst 
OR2X1             137    187.416    slow_vdd1v0   worst 
OR2X2              24     41.040    slow_vdd1v0   worst 
OR2X4              15     41.040    slow_vdd1v0   worst 
OR2X6              19     71.478    slow_vdd1v0   worst 
OR2X8               1      4.446    slow_vdd1v0   worst 
OR3X1              42     86.184    slow_vdd1v0   worst 
OR3X2               3      7.182    slow_vdd1v0   worst 
OR3X4               1      3.078    slow_vdd1v0   worst 
OR3X6               1      4.788    slow_vdd1v0   worst 
OR4X1              49    100.548    slow_vdd1v0   worst 
XNOR2X1            47    112.518    slow_vdd1v0   worst 
XNOR2X2             7     21.546    slow_vdd1v0   worst 
XNOR2X4             1      3.762    slow_vdd1v0   worst 
--------------------------------------------------------
total            4302  13837.662                


                                          
     Type      Instances    Area   Area % 
------------------------------------------
sequential           656  4775.004   34.5 
inverter             478   739.746    5.3 
buffer               115   392.616    2.8 
logic               3053  7930.296   57.3 
physical_cells         0     0.000    0.0 
------------------------------------------
total               4302 13837.662  100.0 

