============================================================
  Generated by:           Genus(TM) Synthesis Solution 21.19-s055_1
  Generated on:           May 22 2026  04:50:03 pm
  Module:                 multiplier32FP
  Operating conditions:   PVT_0P9V_125C 
  Operating conditions:   PVT_1P32V_0C 
  Interconnect mode:      global
  Area mode:              physical library
============================================================


Path 1: MET (0 ps) Setup Check with Pin i_post_norm_mul/s_expo1_reg[0]/CK->D
          Group: clk
     Startpoint: (R) i_post_norm_mul/s_exp_10_i_reg[8]/CK
          Clock: (R) clk
       Endpoint: (F) i_post_norm_mul/s_expo1_reg[0]/D
          Clock: (R) clk

                     Capture       Launch     
        Clock Edge:+    3077            0     
       Src Latency:+       0            0     
       Net Latency:+     100 (I)      100 (I) 
           Arrival:=    3177          100     
                                              
             Setup:-     149                  
       Uncertainty:-      50                  
     Required Time:=    2978                  
      Launch Clock:-     100                  
         Data Path:-    2878                  
             Slack:=       0                  

#-------------------------------------------------------------------------------------------------------------
#            Timing Point              Flags   Arc   Edge   Cell     Fanout Load Trans Delay Arrival Instance 
#                                                                           (fF)  (ps)  (ps)   (ps)  Location 
#-------------------------------------------------------------------------------------------------------------
  i_post_norm_mul/s_exp_10_i_reg[8]/CK -       -     R     (arrival)    656    -     0     0     100    (-,-) 
  i_post_norm_mul/s_exp_10_i_reg[8]/Q  -       CK->Q R     DFFHQX8        9 25.1    84   268     368    (-,-) 
  i_post_norm_mul/g89921/Y             -       A->Y  F     CLKINVX20     41 77.1   133   110     478    (-,-) 
  i_post_norm_mul/g89913/Y             -       A->Y  R     CLKINVX8      27 48.7   153   136     614    (-,-) 
  i_post_norm_mul/g89918/Y             -       A->Y  F     INVX2          2  5.8   106   132     746    (-,-) 
  i_post_norm_mul/g89205/Y             -       B0->Y R     OAI22X2        3  7.0   221   177     924    (-,-) 
  i_post_norm_mul/g89137/Y             -       B0->Y F     AOI2BB1X1      1  3.6   146   202    1125    (-,-) 
  i_post_norm_mul/g89051/Y             -       B0->Y R     AOI211X2       1  3.3   176   205    1330    (-,-) 
  i_post_norm_mul/g89007/Y             -       B0->Y F     OAI21X1        1  3.1   225   237    1567    (-,-) 
  i_post_norm_mul/g88955/Y             -       A1->Y F     AO21X1         2  5.0   142   272    1839    (-,-) 
  i_post_norm_mul/g88871/Y             -       A1->Y R     AOI21X1        1  3.1   191   188    2027    (-,-) 
  i_post_norm_mul/g88821/Y             -       A1->Y R     OA22X1         1  3.3    88   291    2318    (-,-) 
  i_post_norm_mul/g88791/Y             -       B0->Y F     OAI2BB1X1      1  3.3   213   187    2505    (-,-) 
  i_post_norm_mul/g88755/Y             -       A1->Y R     AOI21X1        1  3.3   194   230    2735    (-,-) 
  i_post_norm_mul/g88747/Y             -       B0->Y F     OAI2BB1X1      1  3.2   215   243    2978    (-,-) 
  i_post_norm_mul/s_expo1_reg[0]/D     <<<     -     F     DFFHQX1        1    -     -     0    2978    (-,-) 
#-------------------------------------------------------------------------------------------------------------

