============================================================
  Generated by:           Genus(TM) Synthesis Solution 21.19-s055_1
  Generated on:           May 22 2026  04:50:03 pm
  Module:                 multiplier32FP
  Operating conditions:   PVT_0P9V_125C 
  Operating conditions:   PVT_1P32V_0C 
  Interconnect mode:      global
  Area mode:              physical library
============================================================

                                                Library 
   Gate     Instances    Area        Library     Domain 
--------------------------------------------------------
ADDFHX1            23    173.052    slow_vdd1v0   worst 
ADDFHX2            21    172.368    slow_vdd1v0   worst 
ADDFX1             64    328.320    slow_vdd1v0   worst 
ADDFX2              1      7.866    slow_vdd1v0   worst 
ADDHX1             26     97.812    slow_vdd1v0   worst 
ADDHX2              1      5.130    slow_vdd1v0   worst 
AND2X1            284    388.512    slow_vdd1v0   worst 
AND2X2             31     53.010    slow_vdd1v0   worst 
AND2X4             10     27.360    slow_vdd1v0   worst 
AND2X6              7     26.334    slow_vdd1v0   worst 
AND2X8              1      4.446    slow_vdd1v0   worst 
AND3X1              5     11.970    slow_vdd1v0   worst 
AND3X4              2      6.156    slow_vdd1v0   worst 
AND3X6              1      4.446    slow_vdd1v0   worst 
AND3XL             12     24.624    slow_vdd1v0   worst 
AND4X1              9     21.546    slow_vdd1v0   worst 
AND4X6              1      5.814    slow_vdd1v0   worst 
AO21X1             57    136.458    slow_vdd1v0   worst 
AO21X2              3      8.208    slow_vdd1v0   worst 
AO21X4              2      6.840    slow_vdd1v0   worst 
AO22X1             72    196.992    slow_vdd1v0   worst 
AO22X2              1      3.078    slow_vdd1v0   worst 
AOI211X1            7     16.758    slow_vdd1v0   worst 
AOI211X2           16     54.720    slow_vdd1v0   worst 
AOI21X1           166    283.860    slow_vdd1v0   worst 
AOI21X2            34     93.024    slow_vdd1v0   worst 
AOI21X4            34    174.420    slow_vdd1v0   worst 
AOI221X1            1      2.394    slow_vdd1v0   worst 
AOI221X2           14     62.244    slow_vdd1v0   worst 
AOI221X4            1      7.866    slow_vdd1v0   worst 
AOI222X2            1      5.472    slow_vdd1v0   worst 
AOI22X1           143    293.436    slow_vdd1v0   worst 
AOI22X2            23     86.526    slow_vdd1v0   worst 
AOI22X4            15     92.340    slow_vdd1v0   worst 
AOI2BB1X1          33     67.716    slow_vdd1v0   worst 
AOI2BB1X2           6     18.468    slow_vdd1v0   worst 
AOI2BB1X4          11     45.144    slow_vdd1v0   worst 
AOI2BB2X2           1      5.130    slow_vdd1v0   worst 
AOI2BB2X4           1      7.524    slow_vdd1v0   worst 
AOI31X2             7     23.940    slow_vdd1v0   worst 
AOI32X2             1      4.446    slow_vdd1v0   worst 
BUFX2               3      5.130    slow_vdd1v0   worst 
BUFX8              37    139.194    slow_vdd1v0   worst 
CLKAND2X12          8     60.192    slow_vdd1v0   worst 
CLKAND2X2          29     59.508    slow_vdd1v0   worst 
CLKAND2X3          11     33.858    slow_vdd1v0   worst 
CLKAND2X4           4     13.680    slow_vdd1v0   worst 
CLKAND2X6           5     23.940    slow_vdd1v0   worst 
CLKBUFX16           1      6.840    slow_vdd1v0   worst 
CLKBUFX20           3     24.624    slow_vdd1v0   worst 
CLKINVX12           3     12.312    slow_vdd1v0   worst 
CLKINVX16           3     16.416    slow_vdd1v0   worst 
CLKINVX20           4     25.992    slow_vdd1v0   worst 
CLKINVX3            1      1.710    slow_vdd1v0   worst 
CLKINVX4           20     34.200    slow_vdd1v0   worst 
CLKINVX6            7     16.758    slow_vdd1v0   worst 
CLKINVX8            6     18.468    slow_vdd1v0   worst 
CLKMX2X3            4     16.416    slow_vdd1v0   worst 
CLKXOR2X1          17     46.512    slow_vdd1v0   worst 
CLKXOR2X2           5     17.100    slow_vdd1v0   worst 
DFFHQX1           206   1127.232    slow_vdd1v0   worst 
DFFHQX2             2     13.680    slow_vdd1v0   worst 
DFFHQX4             2     16.416    slow_vdd1v0   worst 
DFFHQX8             9     83.106    slow_vdd1v0   worst 
DFFQX2              1      6.498    slow_vdd1v0   worst 
DFFQXL              1      5.472    slow_vdd1v0   worst 
DFFRHQX1           39    240.084    slow_vdd1v0   worst 
DFFRHQX4            1      9.576    slow_vdd1v0   worst 
DFFRX1              3     20.520    slow_vdd1v0   worst 
DFFRX2              3     22.572    slow_vdd1v0   worst 
DFFX1              34    244.188    slow_vdd1v0   worst 
DFFX2              31    254.448    slow_vdd1v0   worst 
DFFX4              35    323.190    slow_vdd1v0   worst 
EDFFHQX1          276   2359.800    slow_vdd1v0   worst 
INVX1             169    115.596    slow_vdd1v0   worst 
INVX2              49     50.274    slow_vdd1v0   worst 
INVX3              37     50.616    slow_vdd1v0   worst 
INVX4               1      1.710    slow_vdd1v0   worst 
INVX6               2      4.788    slow_vdd1v0   worst 
MDFFHQX1           12    102.600    slow_vdd1v0   worst 
MDFFHQX4            1      9.234    slow_vdd1v0   worst 
MX2X1              56    134.064    slow_vdd1v0   worst 
MXI2X1              2      5.472    slow_vdd1v0   worst 
MXI2X2              8     35.568    slow_vdd1v0   worst 
MXI2X4              2     10.260    slow_vdd1v0   worst 
MXI2X6             10     51.300    slow_vdd1v0   worst 
MXI2X8              1      6.156    slow_vdd1v0   worst 
NAND2BX1           27     36.936    slow_vdd1v0   worst 
NAND2BX2           13     31.122    slow_vdd1v0   worst 
NAND2BX4            1      3.762    slow_vdd1v0   worst 
NAND2X1            98    100.548    slow_vdd1v0   worst 
NAND2X2           102    174.420    slow_vdd1v0   worst 
NAND2X4            36    123.120    slow_vdd1v0   worst 
NAND2X6            11     52.668    slow_vdd1v0   worst 
NAND2X8            10     54.720    slow_vdd1v0   worst 
NAND3BX2            2      6.156    slow_vdd1v0   worst 
NAND3BX4            2     10.260    slow_vdd1v0   worst 
NAND3X2             8     21.888    slow_vdd1v0   worst 
NAND4X4             1      6.840    slow_vdd1v0   worst 
NOR2BX1            74    101.232    slow_vdd1v0   worst 
NOR2BX2            36     98.496    slow_vdd1v0   worst 
NOR2BX4            12     45.144    slow_vdd1v0   worst 
NOR2X1            127    130.302    slow_vdd1v0   worst 
NOR2X2             71    121.410    slow_vdd1v0   worst 
NOR2X4             56    172.368    slow_vdd1v0   worst 
NOR2X6             21     86.184    slow_vdd1v0   worst 
NOR2X8              2     10.944    slow_vdd1v0   worst 
NOR2XL              1      1.026    slow_vdd1v0   worst 
NOR3BX1             4      8.208    slow_vdd1v0   worst 
NOR3X1              9     15.390    slow_vdd1v0   worst 
NOR3X2              8     21.888    slow_vdd1v0   worst 
NOR3X4              1      5.130    slow_vdd1v0   worst 
NOR3X6              5     35.910    slow_vdd1v0   worst 
NOR4X2              7     23.940    slow_vdd1v0   worst 
NOR4X4              2     12.996    slow_vdd1v0   worst 
NOR4X6              1      8.208    slow_vdd1v0   worst 
NOR4X8              1     10.602    slow_vdd1v0   worst 
OA21X1             77    158.004    slow_vdd1v0   worst 
OA21X2              5     15.390    slow_vdd1v0   worst 
OA21X4              1      3.762    slow_vdd1v0   worst 
OA22X1            124    296.856    slow_vdd1v0   worst 
OA22X2              1      3.420    slow_vdd1v0   worst 
OAI21X1            87    148.770    slow_vdd1v0   worst 
OAI21X2            13     40.014    slow_vdd1v0   worst 
OAI21X4            18     86.184    slow_vdd1v0   worst 
OAI221X2            1      4.788    slow_vdd1v0   worst 
OAI22X1            84    172.368    slow_vdd1v0   worst 
OAI22X2             6     20.520    slow_vdd1v0   worst 
OAI22X4             1      6.498    slow_vdd1v0   worst 
OAI2BB1X1         194    331.740    slow_vdd1v0   worst 
OAI2BB1X2           9     27.702    slow_vdd1v0   worst 
OAI2BB1X4           1      4.446    slow_vdd1v0   worst 
OAI2BB2X2           4     21.888    slow_vdd1v0   worst 
OAI31X1             5     10.260    slow_vdd1v0   worst 
OAI31X2             4     15.048    slow_vdd1v0   worst 
OAI31X4             2     13.680    slow_vdd1v0   worst 
OR2X1             164    224.352    slow_vdd1v0   worst 
OR2X2              31     53.010    slow_vdd1v0   worst 
OR2X4              11     30.096    slow_vdd1v0   worst 
OR2X6               7     26.334    slow_vdd1v0   worst 
OR2X8               1      4.446    slow_vdd1v0   worst 
OR3X1              49    100.548    slow_vdd1v0   worst 
OR3X2               1      2.394    slow_vdd1v0   worst 
OR4X1              50    102.600    slow_vdd1v0   worst 
OR4X2               1      3.420    slow_vdd1v0   worst 
XNOR2X1            57    136.458    slow_vdd1v0   worst 
XNOR2X2             5     15.390    slow_vdd1v0   worst 
XOR2X2              1      3.420    slow_vdd1v0   worst 
--------------------------------------------------------
total            4077  12548.664                


                                          
     Type      Instances    Area   Area % 
------------------------------------------
sequential           656  4838.616   38.6 
inverter             302   348.840    2.8 
buffer                44   175.788    1.4 
logic               3075  7185.420   57.3 
physical_cells         0     0.000    0.0 
------------------------------------------
total               4077 12548.664  100.0 

