============================================================
  Generated by:           Genus(TM) Synthesis Solution 21.19-s055_1
  Generated on:           May 22 2026  04:50:03 pm
  Module:                 multiplier32FP
  Operating conditions:   PVT_0P9V_125C 
  Operating conditions:   PVT_1P32V_0C 
  Interconnect mode:      global
  Area mode:              physical library
============================================================

Timing
--------

Clock Period 
-------------
clk   3077.0 


  Cost    Critical         Violating 
 Group   Path Slack  TNS     Paths   
-------------------------------------
clk             0.0   0.0          0 
default    No paths   0.0            
-------------------------------------
Total                 0.0          0 

Instance Count
--------------
Leaf Instance Count             4077 
Physical Instance count            0 
Sequential Instance Count        656 
Combinational Instance Count    3421 
Hierarchical Instance Count        4 

Area
----
Cell Area                          12548.664
Physical Cell Area                 0.000
Total Cell Area (Cell+Physical)    12548.664
Net Area                           5186.305
Total Area (Cell+Physical+Net)     17734.969

Max Fanout                         656 (clk)
Min Fanout                         0 (n_134)
Average Fanout                     2.4
Terms to net ratio                 3.3880
Terms to instance ratio            3.6215
Runtime                            722.224157 seconds
Elapsed Runtime                    726 seconds
Genus peak memory usage            1888.40 
Innovus peak memory usage          no_value 
Hostname                           localhost
