============================================================
  Generated by:           Genus(TM) Synthesis Solution 21.19-s055_1
  Generated on:           May 23 2026  02:02:08 pm
  Module:                 multiplier32FP
  Library domain:         worst
    Domain index:         0
    Technology library:   slow_vdd1v0 1.0
  Library domain:         best
    Domain index:         1
    Technology library:   fast_vdd1v2 1.0
  Operating conditions:   PVT_0P9V_125C 
  Operating conditions:   PVT_1P32V_0C 
  Interconnect mode:      global
  Area mode:              physical library
============================================================

     Instance         Module     Cell Count  Cell Area  Net Area   Total Area 
------------------------------------------------------------------------------
multiplier32FP                         4326  14216.598  5334.113    19550.711 
  i_mul_24        mul_24               1654   7075.638  1858.775     8934.413 
  i_post_norm_mul post_norm_mul        2371   6215.166  3010.531     9225.697 
  i_pre_norm_mul  pre_norm_mul           81    266.760    69.333      336.093 
  u_fsm           fpu_fsm                36    111.150    39.342      150.492 
