============================================================
  Generated by:           Genus(TM) Synthesis Solution 21.19-s055_1
  Generated on:           May 23 2026  02:02:08 pm
  Module:                 multiplier32FP
  Library domain:         worst
    Domain index:         0
    Technology library:   slow_vdd1v0 1.0
  Library domain:         best
    Domain index:         1
    Technology library:   fast_vdd1v2 1.0
  Operating conditions:   PVT_0P9V_125C 
  Operating conditions:   PVT_1P32V_0C 
  Interconnect mode:      global
  Area mode:              physical library
============================================================

     Instance         Module     Cell Count  Normalized Cell Area  Normalized Net Area   Normalized Total Area 
---------------------------------------------------------------------------------------------------------------
multiplier32FP                         4326             13856.333             5198.941               19055.274 
  i_mul_24        mul_24               1654              6896.333             1811.671                8708.005 
  i_post_norm_mul post_norm_mul        2371              6057.667             2934.241                8991.907 
  i_pre_norm_mul  pre_norm_mul           81               260.000               67.576                 327.576 
  u_fsm           fpu_fsm                36               108.333               38.345                 146.679 
