============================================================
  Generated by:           Genus(TM) Synthesis Solution 21.19-s055_1
  Generated on:           May 23 2026  02:02:08 pm
  Module:                 multiplier32FP
  Library domain:         worst
    Domain index:         0
    Technology library:   slow_vdd1v0 1.0
  Library domain:         best
    Domain index:         1
    Technology library:   fast_vdd1v2 1.0
  Operating conditions:   PVT_0P9V_125C 
  Operating conditions:   PVT_1P32V_0C 
  Interconnect mode:      global
  Area mode:              physical library
============================================================

Max_transition design rule (violation total = 2666)
Pin                                           Slew           Max     Violation
--------------------------------------------------------------------------------
i_post_norm_mul/g85079/B0                      458           280           178
  --> Other violations on net                          178
i_post_norm_mul/g85931/Y                       458           280           178
  --> Other violations on net                          178
i_mul_24/g7608__9315/A                         446           280           166
  --> Other violations on net                          166
i_mul_24/g7695__4319/Y                         446           280           166
  --> Other violations on net                          166
i_post_norm_mul/g84938/A1                      419           280           139
  --> Other violations on net                          139
i_post_norm_mul/g85041/Y                       419           280           139
  --> Other violations on net                          139
i_post_norm_mul/g84535/A                       331           280            51
  --> Other violations on net                          154
i_post_norm_mul/g83705/A                       331           280            51
  --> Other violations on net                          154
i_post_norm_mul/g83709/A                       331           280            51
  --> Other violations on net                          154
i_post_norm_mul/s_expo1_reg[4]/Q               331           280            51
  --> Other violations on net                          154
i_pre_norm_mul/g1196/A                         362           280            82
  --> Other violations on net                          82
i_pre_norm_mul/g1199_0/Y                       362           280            82
  --> Other violations on net                          82
i_pre_norm_mul/g1200/A                         362           280            82
  --> Other violations on net                          82
i_pre_norm_mul/g1203_0/Y                       362           280            82
  --> Other violations on net                          82
i_post_norm_mul/g84822/A0                      358           280            78
  --> Other violations on net                          78
i_post_norm_mul/g84986/Y                       358           280            78
  --> Other violations on net                          78
i_pre_norm_mul/g2/A                            358           280            78
  --> Other violations on net                          78
i_pre_norm_mul/g1214_0/Y                       358           280            78
  --> Other violations on net                          78
i_post_norm_mul/g85469/A1                      314           280            34
  --> Other violations on net                          102
i_post_norm_mul/g84965/A0                      314           280            34
  --> Other violations on net                          102
i_post_norm_mul/g85471/A1N                     314           280            34
  --> Other violations on net                          102
i_post_norm_mul/g85556/Y                       314           280            34
  --> Other violations on net                          102
i_post_norm_mul/g85059/B                       342           280            62
  --> Other violations on net                          62
i_post_norm_mul/g85096/Y                       342           280            62
  --> Other violations on net                          62
i_post_norm_mul/g84996/A                       342           280            62
  --> Other violations on net                          62
i_post_norm_mul/g85385/Y                       342           280            62
  --> Other violations on net                          62
i_post_norm_mul/g85040/A1                      338           280            58
  --> Other violations on net                          58
i_post_norm_mul/g85125/Y                       338           280            58
  --> Other violations on net                          58
i_post_norm_mul/g83737/B                       308           280            28
  --> Other violations on net                          85
i_post_norm_mul/g83710/A                       308           280            28
  --> Other violations on net                          85
i_post_norm_mul/g84530/A                       308           280            28
  --> Other violations on net                          85
i_post_norm_mul/s_expo1_reg[4]/QN              308           280            28
  --> Other violations on net                          85
i_post_norm_mul/g84818/A1                      327           280            47
  --> Other violations on net                          47
i_post_norm_mul/g84887/Y                       327           280            47
  --> Other violations on net                          47
i_post_norm_mul/g83910/B0                      293           280            13
  --> Other violations on net                          66
i_post_norm_mul/g83827/A0                      293           280            13
  --> Other violations on net                          66
i_post_norm_mul/g83916/B0                      293           280            13
  --> Other violations on net                          66
i_post_norm_mul/g83917/B0                      293           280            13
  --> Other violations on net                          66
i_post_norm_mul/g86383/B                       293           280            13
  --> Other violations on net                          66
i_post_norm_mul/g84721/Y                       293           280            13
  --> Other violations on net                          66
i_post_norm_mul/g84755/B0                      307           280            27
  --> Other violations on net                          27
i_post_norm_mul/g84963/Y                       307           280            27
  --> Other violations on net                          27
i_post_norm_mul/g84216/A1                      282           280             2
  --> Other violations on net                          8
i_post_norm_mul/g83820/B1                      282           280             2
  --> Other violations on net                          8
i_post_norm_mul/g84234/B1                      282           280             2
  --> Other violations on net                          8
i_post_norm_mul/g84235/A1                      282           280             2
  --> Other violations on net                          8
i_post_norm_mul/g84251/A1                      282           280             2
  --> Other violations on net                          8
i_post_norm_mul/g84465/Y                       282           280             2
  --> Other violations on net                          8
i_post_norm_mul/g86386/B                       281           280             1
  --> Other violations on net                          1
i_post_norm_mul/g85105/Y                       281           280             1
  --> Other violations on net                          1
i_post_norm_mul/g84879/A0                      280           280             0
  --> Other violations on net                          0
i_post_norm_mul/g84823/A0                      280           280             0
  --> Other violations on net                          0
i_post_norm_mul/g84885/A0                      280           280             0
  --> Other violations on net                          0
i_post_norm_mul/g85441/A0N                     280           280             0
  --> Other violations on net                          0
i_post_norm_mul/g85504/A                       280           280             0
  --> Other violations on net                          0
i_post_norm_mul/g85572/Y                       280           280             0
  --> Other violations on net                          0


Max_capacitance design rule: no violations.


Max_fanout design rule: no constraints.



