============================================================
  Generated by:           Genus(TM) Synthesis Solution 21.19-s055_1
  Generated on:           May 22 2026  04:37:51 pm
  Module:                 multiplier32FP
  Operating conditions:   PVT_0P9V_125C 
  Operating conditions:   PVT_1P32V_0C 
  Interconnect mode:      global
  Area mode:              physical library
============================================================

                                                Library 
   Gate     Instances    Area        Library     Domain 
--------------------------------------------------------
ADDFHX1            18    135.432    slow_vdd1v0   worst 
ADDFHX2             5     41.040    slow_vdd1v0   worst 
ADDFX1             87    446.310    slow_vdd1v0   worst 
ADDHX1             37    139.194    slow_vdd1v0   worst 
AND2X1            302    413.136    slow_vdd1v0   worst 
AND2X2             27     46.170    slow_vdd1v0   worst 
AND2X4             10     27.360    slow_vdd1v0   worst 
AND2X6              9     33.858    slow_vdd1v0   worst 
AND3X1              1      2.394    slow_vdd1v0   worst 
AND3X2              1      2.736    slow_vdd1v0   worst 
AND3X4              1      3.078    slow_vdd1v0   worst 
AND3XL             25     51.300    slow_vdd1v0   worst 
AND4X1             13     31.122    slow_vdd1v0   worst 
AND4X6              1      5.814    slow_vdd1v0   worst 
AO21X1             33     79.002    slow_vdd1v0   worst 
AO21X2              5     13.680    slow_vdd1v0   worst 
AO22X1             44    120.384    slow_vdd1v0   worst 
AO22X2              1      3.078    slow_vdd1v0   worst 
AOI211X1            3      7.182    slow_vdd1v0   worst 
AOI211X2           12     41.040    slow_vdd1v0   worst 
AOI21X1           157    268.470    slow_vdd1v0   worst 
AOI21X2            22     60.192    slow_vdd1v0   worst 
AOI21X4            17     87.210    slow_vdd1v0   worst 
AOI221X2           14     62.244    slow_vdd1v0   worst 
AOI22X1           167    342.684    slow_vdd1v0   worst 
AOI22X2            33    124.146    slow_vdd1v0   worst 
AOI22X4             3     18.468    slow_vdd1v0   worst 
AOI2BB1X1          35     71.820    slow_vdd1v0   worst 
AOI2BB1X2           4     12.312    slow_vdd1v0   worst 
AOI2BB1X4           6     24.624    slow_vdd1v0   worst 
AOI31X2            13     44.460    slow_vdd1v0   worst 
AOI31X4             1      6.498    slow_vdd1v0   worst 
BUFX2               9     15.390    slow_vdd1v0   worst 
BUFX8              37    139.194    slow_vdd1v0   worst 
CLKAND2X12          9     67.716    slow_vdd1v0   worst 
CLKAND2X2          28     57.456    slow_vdd1v0   worst 
CLKAND2X6           3     14.364    slow_vdd1v0   worst 
CLKINVX12           1      4.104    slow_vdd1v0   worst 
CLKINVX16           2     10.944    slow_vdd1v0   worst 
CLKINVX20           1      6.498    slow_vdd1v0   worst 
CLKINVX4           12     20.520    slow_vdd1v0   worst 
CLKINVX6           12     28.728    slow_vdd1v0   worst 
CLKINVX8            8     24.624    slow_vdd1v0   worst 
CLKMX2X2            1      3.078    slow_vdd1v0   worst 
CLKMX2X3            5     20.520    slow_vdd1v0   worst 
CLKXOR2X1          13     35.568    slow_vdd1v0   worst 
DFFHQX1           211   1154.592    slow_vdd1v0   worst 
DFFHQX2             1      6.840    slow_vdd1v0   worst 
DFFHQX4             3     24.624    slow_vdd1v0   worst 
DFFHQX8             2     18.468    slow_vdd1v0   worst 
DFFQX2             20    129.960    slow_vdd1v0   worst 
DFFQX4              8     57.456    slow_vdd1v0   worst 
DFFQXL              1      5.472    slow_vdd1v0   worst 
DFFRHQX1           39    240.084    slow_vdd1v0   worst 
DFFRHQX4            1      9.576    slow_vdd1v0   worst 
DFFRX1              1      6.840    slow_vdd1v0   worst 
DFFRX2              3     22.572    slow_vdd1v0   worst 
DFFX1              37    265.734    slow_vdd1v0   worst 
DFFX2              23    188.784    slow_vdd1v0   worst 
DFFX4              16    147.744    slow_vdd1v0   worst 
EDFFHQX1          288   2462.400    slow_vdd1v0   worst 
INVX1             172    117.648    slow_vdd1v0   worst 
INVX2              60     61.560    slow_vdd1v0   worst 
INVX3              13     17.784    slow_vdd1v0   worst 
INVX6               3      7.182    slow_vdd1v0   worst 
INVXL               1      0.684    slow_vdd1v0   worst 
MDFFHQX4            1      9.234    slow_vdd1v0   worst 
MDFFHQX8            1     11.286    slow_vdd1v0   worst 
MX2X1              71    169.974    slow_vdd1v0   worst 
MX3XL               1      4.788    slow_vdd1v0   worst 
MXI2X1              2      5.472    slow_vdd1v0   worst 
MXI2X2              8     35.568    slow_vdd1v0   worst 
MXI2X4              5     25.650    slow_vdd1v0   worst 
MXI2X6             12     61.560    slow_vdd1v0   worst 
NAND2BX1           38     51.984    slow_vdd1v0   worst 
NAND2BX2           14     33.516    slow_vdd1v0   worst 
NAND2BX4            3     11.286    slow_vdd1v0   worst 
NAND2X1            95     97.470    slow_vdd1v0   worst 
NAND2X2           127    217.170    slow_vdd1v0   worst 
NAND2X4            23     78.660    slow_vdd1v0   worst 
NAND2X6             5     23.940    slow_vdd1v0   worst 
NAND3BX2            5     15.390    slow_vdd1v0   worst 
NAND3BX4            2     10.260    slow_vdd1v0   worst 
NAND3X2             9     24.624    slow_vdd1v0   worst 
NAND3X4             2      9.576    slow_vdd1v0   worst 
NOR2BX1            96    131.328    slow_vdd1v0   worst 
NOR2BX2            16     43.776    slow_vdd1v0   worst 
NOR2BX4             7     26.334    slow_vdd1v0   worst 
NOR2X1            109    111.834    slow_vdd1v0   worst 
NOR2X2             59    100.890    slow_vdd1v0   worst 
NOR2X4             24     73.872    slow_vdd1v0   worst 
NOR2X6              6     24.624    slow_vdd1v0   worst 
NOR2X8              4     21.888    slow_vdd1v0   worst 
NOR3BX1             4      8.208    slow_vdd1v0   worst 
NOR3BX4             1      5.814    slow_vdd1v0   worst 
NOR3X1             10     17.100    slow_vdd1v0   worst 
NOR3X2              5     13.680    slow_vdd1v0   worst 
NOR3X4              1      5.130    slow_vdd1v0   worst 
NOR3X6              1      7.182    slow_vdd1v0   worst 
NOR3X8              1      8.892    slow_vdd1v0   worst 
NOR4X2             10     34.200    slow_vdd1v0   worst 
OA21X1             82    168.264    slow_vdd1v0   worst 
OA21X2              2      6.156    slow_vdd1v0   worst 
OA22X1            184    440.496    slow_vdd1v0   worst 
OAI211X2            1      4.104    slow_vdd1v0   worst 
OAI211X4            2     12.996    slow_vdd1v0   worst 
OAI21X1            83    141.930    slow_vdd1v0   worst 
OAI21X2            11     33.858    slow_vdd1v0   worst 
OAI21X4            16     76.608    slow_vdd1v0   worst 
OAI21XL             1      1.710    slow_vdd1v0   worst 
OAI221X4            3     23.598    slow_vdd1v0   worst 
OAI22X1            87    178.524    slow_vdd1v0   worst 
OAI22X2             2      6.840    slow_vdd1v0   worst 
OAI22X4             1      6.498    slow_vdd1v0   worst 
OAI2BB1X1         154    263.340    slow_vdd1v0   worst 
OAI2BB1X2          19     58.482    slow_vdd1v0   worst 
OAI2BB1X4           2      8.892    slow_vdd1v0   worst 
OAI31X1             7     14.364    slow_vdd1v0   worst 
OAI31X2             3     11.286    slow_vdd1v0   worst 
OR2X1             165    225.720    slow_vdd1v0   worst 
OR2X2              35     59.850    slow_vdd1v0   worst 
OR2X4              15     41.040    slow_vdd1v0   worst 
OR2X6               7     26.334    slow_vdd1v0   worst 
OR3X1              28     57.456    slow_vdd1v0   worst 
OR4X1              51    104.652    slow_vdd1v0   worst 
XNOR2X1            58    138.852    slow_vdd1v0   worst 
XNOR2X2             7     21.546    slow_vdd1v0   worst 
XOR2X1              4     10.944    slow_vdd1v0   worst 
XOR2X2              2      6.840    slow_vdd1v0   worst 
--------------------------------------------------------
total            3961  11844.486                


                                          
     Type      Instances    Area   Area % 
------------------------------------------
sequential           656  4761.666   40.2 
inverter             285   300.276    2.5 
buffer                46   154.584    1.3 
logic               2974  6627.960   56.0 
physical_cells         0     0.000    0.0 
------------------------------------------
total               3961 11844.486  100.0 

