============================================================
  Generated by:           Genus(TM) Synthesis Solution 21.19-s055_1
  Generated on:           May 22 2026  05:02:15 pm
  Module:                 multiplier32FP
  Operating conditions:   PVT_0P9V_125C 
  Operating conditions:   PVT_1P32V_0C 
  Interconnect mode:      global
  Area mode:              physical library
============================================================


Path 1: MET (0 ps) Setup Check with Pin i_mul_24/sum_reg[3][19]/CK->D
          Group: clk
     Startpoint: (R) i_mul_24/count_reg[1]/CK
          Clock: (R) clk
       Endpoint: (R) i_mul_24/sum_reg[3][19]/D
          Clock: (R) clk

                     Capture       Launch     
        Clock Edge:+    2857            0     
       Src Latency:+       0            0     
       Net Latency:+     100 (I)      100 (I) 
           Arrival:=    2957          100     
                                              
             Setup:-     248                  
       Uncertainty:-      50                  
     Required Time:=    2659                  
      Launch Clock:-     100                  
         Data Path:-    2559                  
             Slack:=       0                  

#---------------------------------------------------------------------------------------------------------------------------------------
#                         Timing Point                          Flags   Arc   Edge    Cell     Fanout Load Trans Delay Arrival Instance 
#                                                                                                     (fF)  (ps)  (ps)   (ps)  Location 
#---------------------------------------------------------------------------------------------------------------------------------------
  i_mul_24/count_reg[1]/CK                                      -       -     R     (arrival)     656    -     0     0     100    (-,-) 
  i_mul_24/count_reg[1]/Q                                       -       CK->Q F     DFFHQX4         9 26.8   188   312     412    (-,-) 
  i_mul_24/g5037/Y                                              -       A->Y  R     CLKINVX20      19 55.4   103   125     537    (-,-) 
  i_mul_24/g5031__1617/Y                                        -       A->Y  R     CLKAND2X12     17 37.3    89   178     716    (-,-) 
  i_mul_24/g4931__4319/Y                                        -       B->Y  R     CLKAND2X3       1  4.5    47   129     845    (-,-) 
  i_mul_24/g4868__6260/Y                                        -       B0->Y F     AOI21X4         1  3.6   102    49     894    (-,-) 
  i_mul_24/g4769__2802/Y                                        -       B->Y  R     NAND2X2         1  4.1    76    87     981    (-,-) 
  i_mul_24/WALLACE_CSA_DUMMY_OP_groupi893_cdnfadd_013_0__2802/S -       A->S  F     ADDFHX2         2  5.8   113   379    1360    (-,-) 
  i_mul_24/WALLACE_CSA_DUMMY_OP_groupi893_g908__8246/Y          -       B->Y  R     NOR2X2          3  8.0   211   178    1537    (-,-) 
  i_mul_24/WALLACE_CSA_DUMMY_OP_groupi893_g858__6417/Y          -       A0->Y F     OAI21X4         2  7.3   162   221    1759    (-,-) 
  i_mul_24/WALLACE_CSA_DUMMY_OP_groupi893_g849__4733/Y          -       A1->Y R     AOI21X4         1  4.5   100   137    1896    (-,-) 
  i_mul_24/WALLACE_CSA_DUMMY_OP_groupi893_g843__7098/Y          -       A1->Y F     OAI21X4         1  5.1   128   130    2026    (-,-) 
  i_mul_24/WALLACE_CSA_DUMMY_OP_groupi893_g836__6783/Y          -       A->Y  R     NOR2X6          4 11.0   107   132    2158    (-,-) 
  i_mul_24/WALLACE_CSA_DUMMY_OP_groupi893_g824__2346/Y          -       A1->Y F     OAI21X4         2  6.3   145   143    2301    (-,-) 
  i_mul_24/WALLACE_CSA_DUMMY_OP_groupi893_g815__1881/Y          -       A1->Y R     AOI21X4         1  3.3    86   122    2423    (-,-) 
  i_mul_24/WALLACE_CSA_DUMMY_OP_groupi893_g930__5477/Y          -       B->Y  R     XNOR2X2         4  8.8   123   236    2659    (-,-) 
  i_mul_24/sum_reg[3][19]/D                                     <<<     -     R     EDFFHQX1        4    -     -     0    2659    (-,-) 
#---------------------------------------------------------------------------------------------------------------------------------------

