============================================================
  Generated by:           Genus(TM) Synthesis Solution 21.19-s055_1
  Generated on:           May 22 2026  05:02:15 pm
  Module:                 multiplier32FP
  Operating conditions:   PVT_0P9V_125C 
  Operating conditions:   PVT_1P32V_0C 
  Interconnect mode:      global
  Area mode:              physical library
============================================================

Timing
--------

Clock Period 
-------------
clk   2857.0 


  Cost    Critical         Violating 
 Group   Path Slack  TNS     Paths   
-------------------------------------
clk             0.1   0.0          0 
default    No paths   0.0            
-------------------------------------
Total                 0.0          0 

Instance Count
--------------
Leaf Instance Count             4045 
Physical Instance count            0 
Sequential Instance Count        656 
Combinational Instance Count    3389 
Hierarchical Instance Count        4 

Area
----
Cell Area                          12832.182
Physical Cell Area                 0.000
Total Cell Area (Cell+Physical)    12832.182
Net Area                           5091.541
Total Area (Cell+Physical+Net)     17923.723

Max Fanout                         656 (clk)
Min Fanout                         0 (n_140)
Average Fanout                     2.4
Terms to net ratio                 3.3619
Terms to instance ratio            3.5829
Runtime                            721.880452 seconds
Elapsed Runtime                    725 seconds
Genus peak memory usage            1846.75 
Innovus peak memory usage          no_value 
Hostname                           localhost
