============================================================
  Generated by:           Genus(TM) Synthesis Solution 21.19-s055_1
  Generated on:           May 23 2026  02:02:08 pm
  Module:                 multiplier32FP
  Operating conditions:   PVT_0P9V_125C 
  Operating conditions:   PVT_1P32V_0C 
  Interconnect mode:      global
  Area mode:              physical library
============================================================

Timing
--------

Clock Period 
-------------
clk   2500.0 


  Cost    Critical              Violating 
 Group   Path Slack     TNS       Paths   
------------------------------------------
clk          -205.6   -20485.9        145 
default    No paths        0.0            
------------------------------------------
Total                 -20485.9        145 

Instance Count
--------------
Leaf Instance Count             4326 
Physical Instance count            0 
Sequential Instance Count        656 
Combinational Instance Count    3670 
Hierarchical Instance Count        4 

Area
----
Cell Area                          14216.598
Physical Cell Area                 0.000
Total Cell Area (Cell+Physical)    14216.598
Net Area                           5334.113
Total Area (Cell+Physical+Net)     19550.711

Max Fanout                         656 (clk)
Min Fanout                         0 (n_144)
Average Fanout                     2.3
Terms to net ratio                 3.2808
Terms to instance ratio            3.5060
Runtime                            740.5913569999998 seconds
Elapsed Runtime                    742 seconds
Genus peak memory usage            2208.05 
Innovus peak memory usage          no_value 
Hostname                           localhost
