============================================================
  Generated by:           Genus(TM) Synthesis Solution 21.19-s055_1
  Generated on:           May 23 2026  02:02:08 pm
  Module:                 multiplier32FP
  Operating conditions:   PVT_0P9V_125C 
  Operating conditions:   PVT_1P32V_0C 
  Interconnect mode:      global
  Area mode:              physical library
============================================================


Path 1: VIOLATED (-206 ps) Setup Check with Pin i_mul_24/prod2_reg[3][3][9]/CK->D
          Group: clk
     Startpoint: (R) i_mul_24/count_reg[0]/CK
          Clock: (R) clk
       Endpoint: (R) i_mul_24/prod2_reg[3][3][9]/D
          Clock: (R) clk

                     Capture       Launch     
        Clock Edge:+    2500            0     
       Src Latency:+       0            0     
       Net Latency:+     100 (I)      100 (I) 
           Arrival:=    2600          100     
                                              
             Setup:-     232                  
       Uncertainty:-      50                  
     Required Time:=    2318                  
      Launch Clock:-     100                  
         Data Path:-    2424                  
             Slack:=    -206                  

#------------------------------------------------------------------------------------------------------------------
#               Timing Point                Flags   Arc   Edge   Cell     Fanout Load Trans Delay Arrival Instance 
#                                                                                (fF)  (ps)  (ps)   (ps)  Location 
#------------------------------------------------------------------------------------------------------------------
  i_mul_24/count_reg[0]/CK                  -       -     R     (arrival)    656    -     0     0     100    (-,-) 
  i_mul_24/count_reg[0]/Q                   -       CK->Q F     DFFHQX4        1  7.2    62   245     345    (-,-) 
  i_mul_24/fopt34/Y                         -       A->Y  R     CLKINVX12      3 13.9    44    51     395    (-,-) 
  i_mul_24/fopt8096/Y                       -       A->Y  F     CLKINVX12      9 20.0    63    56     451    (-,-) 
  i_mul_24/g8035__1705/Y                    -       S0->Y F     MXI2X6         7 15.8    89   294     746    (-,-) 
  i_mul_24/fopt8170/Y                       -       A->Y  F     BUFX6          5 10.7    65   120     866    (-,-) 
  i_mul_24/mul_197_52_g707__4733/Y          -       A->Y  F     CLKAND2X3      1  3.7    49   121     987    (-,-) 
  i_mul_24/mul_197_52_cdnfadd_004_0__2802/S -       CI->S R     ADDFHX1        1  3.7   100   298    1285    (-,-) 
  i_mul_24/mul_197_52_cdnfadd_004_1__1705/S -       CI->S F     ADDFHX2        2  6.5   122   363    1648    (-,-) 
  i_mul_24/mul_197_52_g663__1617/Y          -       B->Y  F     OR2X6          2  7.5    64   179    1827    (-,-) 
  i_mul_24/mul_197_52_g656__6260/Y          -       B->Y  R     NAND2X8        2  7.6    51    51    1878    (-,-) 
  i_mul_24/mul_197_52_g647__2883/Y          -       B->Y  F     NOR2X6         1  5.8    58    51    1929    (-,-) 
  i_mul_24/mul_197_52_g645__9945/Y          -       C->Y  R     NOR3X8         2  8.4   119    97    2026    (-,-) 
  i_mul_24/mul_197_52_g617__8428/Y          -       B->Y  F     NOR2X8         1  5.8    53    78    2103    (-,-) 
  i_mul_24/mul_197_52_g615__4319/Y          -       B->Y  R     NOR2X8         2 10.0    84    74    2177    (-,-) 
  i_mul_24/fopt8176/Y                       -       A->Y  F     CLKINVX8       2  6.6    47    61    2239    (-,-) 
  i_mul_24/mul_197_52_g609__6417/Y          -       A1->Y R     AOI21X4        1  3.5    80    77    2316    (-,-) 
  i_mul_24/mul_197_52_g606__2346/Y          -       S0->Y R     CLKMX2X3       4  8.8    92   208    2524    (-,-) 
  i_mul_24/prod2_reg[3][3][9]/D             <<<     -     R     EDFFHQX1       4    -     -     0    2524    (-,-) 
#------------------------------------------------------------------------------------------------------------------

