============================================================
  Generated by:           Genus(TM) Synthesis Solution 21.19-s055_1
  Generated on:           May 23 2026  02:02:08 pm
  Module:                 multiplier32FP
  Operating conditions:   PVT_0P9V_125C 
  Operating conditions:   PVT_1P32V_0C 
  Interconnect mode:      global
  Area mode:              physical library
============================================================

                                                Library 
   Gate     Instances    Area        Library     Domain 
--------------------------------------------------------
ADDFHX1            24    180.576    slow_vdd1v0   worst 
ADDFHX2            42    344.736    slow_vdd1v0   worst 
ADDFHX4             4     38.304    slow_vdd1v0   worst 
ADDFX1             34    174.420    slow_vdd1v0   worst 
ADDHX1             18     67.716    slow_vdd1v0   worst 
ADDHX2              7     35.910    slow_vdd1v0   worst 
AND2X1            217    296.856    slow_vdd1v0   worst 
AND2X2             14     23.940    slow_vdd1v0   worst 
AND2X4             10     27.360    slow_vdd1v0   worst 
AND2X6              9     33.858    slow_vdd1v0   worst 
AND2X8              2      8.892    slow_vdd1v0   worst 
AND3X1              3      7.182    slow_vdd1v0   worst 
AND3X4              2      6.156    slow_vdd1v0   worst 
AND3X6              2      8.892    slow_vdd1v0   worst 
AND3XL             16     32.832    slow_vdd1v0   worst 
AND4X1             11     26.334    slow_vdd1v0   worst 
AO21X1             27     64.638    slow_vdd1v0   worst 
AO21X2              3      8.208    slow_vdd1v0   worst 
AO21X4              1      3.420    slow_vdd1v0   worst 
AO22X1             57    155.952    slow_vdd1v0   worst 
AO22X2              1      3.078    slow_vdd1v0   worst 
AOI211X1            6     14.364    slow_vdd1v0   worst 
AOI211X2           15     51.300    slow_vdd1v0   worst 
AOI211X4            1      6.498    slow_vdd1v0   worst 
AOI21X1           115    196.650    slow_vdd1v0   worst 
AOI21X2            32     87.552    slow_vdd1v0   worst 
AOI21X4            56    287.280    slow_vdd1v0   worst 
AOI21XL             2      3.420    slow_vdd1v0   worst 
AOI221X2           11     48.906    slow_vdd1v0   worst 
AOI221X4            5     39.330    slow_vdd1v0   worst 
AOI222X1            1      3.078    slow_vdd1v0   worst 
AOI222X2            5     27.360    slow_vdd1v0   worst 
AOI222X4            1      9.576    slow_vdd1v0   worst 
AOI22X1            94    192.888    slow_vdd1v0   worst 
AOI22X2            13     48.906    slow_vdd1v0   worst 
AOI22X4             8     49.248    slow_vdd1v0   worst 
AOI22XL             2      4.104    slow_vdd1v0   worst 
AOI2BB1X1          38     77.976    slow_vdd1v0   worst 
AOI2BB1X2           6     18.468    slow_vdd1v0   worst 
AOI2BB1X4          15     61.560    slow_vdd1v0   worst 
AOI2BB1XL           2      4.104    slow_vdd1v0   worst 
AOI2BB2X4           3     22.572    slow_vdd1v0   worst 
AOI31X1             1      2.052    slow_vdd1v0   worst 
AOI31X2             7     23.940    slow_vdd1v0   worst 
AOI31X4             1      6.498    slow_vdd1v0   worst 
AOI32X2             1      4.446    slow_vdd1v0   worst 
AOI32X4             1      7.866    slow_vdd1v0   worst 
BUFX2               2      3.420    slow_vdd1v0   worst 
BUFX3               2      4.104    slow_vdd1v0   worst 
BUFX6              35    107.730    slow_vdd1v0   worst 
BUFX8              37    139.194    slow_vdd1v0   worst 
CLKAND2X12         16    120.384    slow_vdd1v0   worst 
CLKAND2X2          23     47.196    slow_vdd1v0   worst 
CLKAND2X3          39    120.042    slow_vdd1v0   worst 
CLKAND2X4           5     17.100    slow_vdd1v0   worst 
CLKAND2X6          34    162.792    slow_vdd1v0   worst 
CLKAND2X8           1      5.814    slow_vdd1v0   worst 
CLKBUFX12           1      5.130    slow_vdd1v0   worst 
CLKBUFX16           5     34.200    slow_vdd1v0   worst 
CLKBUFX6            4     12.312    slow_vdd1v0   worst 
CLKINVX1            1      1.026    slow_vdd1v0   worst 
CLKINVX12          22     90.288    slow_vdd1v0   worst 
CLKINVX16           9     49.248    slow_vdd1v0   worst 
CLKINVX2            1      1.368    slow_vdd1v0   worst 
CLKINVX20           4     25.992    slow_vdd1v0   worst 
CLKINVX3            3      5.130    slow_vdd1v0   worst 
CLKINVX4           34     58.140    slow_vdd1v0   worst 
CLKINVX6           48    114.912    slow_vdd1v0   worst 
CLKINVX8           30     92.340    slow_vdd1v0   worst 
CLKMX2X2            9     27.702    slow_vdd1v0   worst 
CLKMX2X3           27    110.808    slow_vdd1v0   worst 
CLKXOR2X1          21     57.456    slow_vdd1v0   worst 
DFFHQX1           180    984.960    slow_vdd1v0   worst 
DFFHQX4             6     49.248    slow_vdd1v0   worst 
DFFHQX8            12    110.808    slow_vdd1v0   worst 
DFFQX2              9     58.482    slow_vdd1v0   worst 
DFFQXL             15     82.080    slow_vdd1v0   worst 
DFFRHQX1           39    240.084    slow_vdd1v0   worst 
DFFRHQX4            1      9.576    slow_vdd1v0   worst 
DFFRX1              1      6.840    slow_vdd1v0   worst 
DFFRX2              3     22.572    slow_vdd1v0   worst 
DFFX1              39    280.098    slow_vdd1v0   worst 
DFFX2              39    320.112    slow_vdd1v0   worst 
DFFX4              21    193.914    slow_vdd1v0   worst 
DFFXL               2     15.048    slow_vdd1v0   worst 
EDFFHQX1          267   2282.850    slow_vdd1v0   worst 
INVX1             238    162.792    slow_vdd1v0   worst 
INVX12              1      4.104    slow_vdd1v0   worst 
INVX16              3     16.416    slow_vdd1v0   worst 
INVX2              63     64.638    slow_vdd1v0   worst 
INVX20              1      6.498    slow_vdd1v0   worst 
INVX3              25     34.200    slow_vdd1v0   worst 
INVX4               2      3.420    slow_vdd1v0   worst 
INVX6               2      4.788    slow_vdd1v0   worst 
INVX8               1      3.078    slow_vdd1v0   worst 
INVXL               1      0.684    slow_vdd1v0   worst 
MDFFHQX1           21    179.550    slow_vdd1v0   worst 
MDFFHQX4            1      9.234    slow_vdd1v0   worst 
MX2X1             103    246.582    slow_vdd1v0   worst 
MX4X1               1      7.524    slow_vdd1v0   worst 
MXI2X1              4     10.944    slow_vdd1v0   worst 
MXI2X2              6     26.676    slow_vdd1v0   worst 
MXI2X4              6     30.780    slow_vdd1v0   worst 
MXI2X6             12     61.560    slow_vdd1v0   worst 
MXI4X1              5     35.910    slow_vdd1v0   worst 
NAND2BX1           23     31.464    slow_vdd1v0   worst 
NAND2BX2           12     28.728    slow_vdd1v0   worst 
NAND2BX4            3     11.286    slow_vdd1v0   worst 
NAND2X1            98    100.548    slow_vdd1v0   worst 
NAND2X2           101    172.710    slow_vdd1v0   worst 
NAND2X4            63    215.460    slow_vdd1v0   worst 
NAND2X6            22    105.336    slow_vdd1v0   worst 
NAND2X8            15     82.080    slow_vdd1v0   worst 
NAND2XL             2      2.052    slow_vdd1v0   worst 
NAND3BX2            1      3.078    slow_vdd1v0   worst 
NAND3BX4            1      5.130    slow_vdd1v0   worst 
NAND3X1             1      1.710    slow_vdd1v0   worst 
NAND3X2             9     24.624    slow_vdd1v0   worst 
NAND3X4             5     23.940    slow_vdd1v0   worst 
NAND3X8             4     32.832    slow_vdd1v0   worst 
NAND4X4             1      6.840    slow_vdd1v0   worst 
NAND4X6             1      8.550    slow_vdd1v0   worst 
NAND4X8             1     10.260    slow_vdd1v0   worst 
NOR2BX1            50     68.400    slow_vdd1v0   worst 
NOR2BX2            22     60.192    slow_vdd1v0   worst 
NOR2BX4             7     26.334    slow_vdd1v0   worst 
NOR2X1            145    148.770    slow_vdd1v0   worst 
NOR2X2             80    136.800    slow_vdd1v0   worst 
NOR2X4            104    320.112    slow_vdd1v0   worst 
NOR2X6             43    176.472    slow_vdd1v0   worst 
NOR2X8             34    186.048    slow_vdd1v0   worst 
NOR2XL              1      1.026    slow_vdd1v0   worst 
NOR3BX1             2      4.104    slow_vdd1v0   worst 
NOR3BX2             4     13.680    slow_vdd1v0   worst 
NOR3X1              6     10.260    slow_vdd1v0   worst 
NOR3X2              4     10.944    slow_vdd1v0   worst 
NOR3X4              2     10.260    slow_vdd1v0   worst 
NOR3X6              1      7.182    slow_vdd1v0   worst 
NOR3X8              5     44.460    slow_vdd1v0   worst 
NOR4BX2             1      4.788    slow_vdd1v0   worst 
NOR4X2              6     20.520    slow_vdd1v0   worst 
NOR4X4              2     12.996    slow_vdd1v0   worst 
OA21X1             84    172.368    slow_vdd1v0   worst 
OA21X2              6     18.468    slow_vdd1v0   worst 
OA21X4              4     15.048    slow_vdd1v0   worst 
OA22X1            129    308.826    slow_vdd1v0   worst 
OAI211X2            1      4.104    slow_vdd1v0   worst 
OAI211X4            2     12.996    slow_vdd1v0   worst 
OAI21X1            92    157.320    slow_vdd1v0   worst 
OAI21X2            29     89.262    slow_vdd1v0   worst 
OAI21X4            40    191.520    slow_vdd1v0   worst 
OAI21XL             2      3.420    slow_vdd1v0   worst 
OAI221X2            8     38.304    slow_vdd1v0   worst 
OAI221X4            1      7.866    slow_vdd1v0   worst 
OAI22X1            57    116.964    slow_vdd1v0   worst 
OAI22X2            14     47.880    slow_vdd1v0   worst 
OAI22X4            10     64.980    slow_vdd1v0   worst 
OAI2BB1X1         119    203.490    slow_vdd1v0   worst 
OAI2BB1X2          14     43.092    slow_vdd1v0   worst 
OAI2BB1X4           5     22.230    slow_vdd1v0   worst 
OAI31X1             2      4.104    slow_vdd1v0   worst 
OAI31X2             2      7.524    slow_vdd1v0   worst 
OAI31X4             2     13.680    slow_vdd1v0   worst 
OAI32X2             2      8.892    slow_vdd1v0   worst 
OAI32X4             1      8.208    slow_vdd1v0   worst 
OR2X1             108    147.744    slow_vdd1v0   worst 
OR2X2              38     64.980    slow_vdd1v0   worst 
OR2X4              20     54.720    slow_vdd1v0   worst 
OR2X6              24     90.288    slow_vdd1v0   worst 
OR2X8               4     17.784    slow_vdd1v0   worst 
OR3X1              41     84.132    slow_vdd1v0   worst 
OR3X2               4      9.576    slow_vdd1v0   worst 
OR3X4               1      3.078    slow_vdd1v0   worst 
OR3X6               2      9.576    slow_vdd1v0   worst 
OR4X1              25     51.300    slow_vdd1v0   worst 
OR4X4               1      3.762    slow_vdd1v0   worst 
XNOR2X1            46    110.124    slow_vdd1v0   worst 
XNOR2X2            10     30.780    slow_vdd1v0   worst 
XOR2X2              2      6.840    slow_vdd1v0   worst 
XOR2X4              3     12.312    slow_vdd1v0   worst 
--------------------------------------------------------
total            4326  14216.598                


                                          
     Type      Instances    Area   Area % 
------------------------------------------
sequential           656  4845.456   34.1 
inverter             489   739.062    5.2 
buffer                86   306.090    2.2 
logic               3095  8325.990   58.6 
physical_cells         0     0.000    0.0 
------------------------------------------
total               4326 14216.598  100.0 

