============================================================
  Generated by:           Genus(TM) Synthesis Solution 21.19-s055_1
  Generated on:           May 26 2026  09:38:22 am
  Module:                 multiplier32FP
  Library domain:         worst
    Domain index:         0
    Technology library:   slow_vdd1v0 1.0
  Library domain:         best
    Domain index:         1
    Technology library:   fast_vdd1v2 1.0
  Operating conditions:   PVT_0P9V_125C 
  Operating conditions:   PVT_1P32V_0C 
  Interconnect mode:      global
  Area mode:              physical library
============================================================

     Instance         Module     Cell Count  Normalized Cell Area  Normalized Net Area   Normalized Total Area 
---------------------------------------------------------------------------------------------------------------
multiplier32FP                         4334             13515.333             5188.308               18703.641 
  i_mul_24        mul_24               1664              6751.667             1812.542                8564.209 
  i_post_norm_mul post_norm_mul        2379              5870.000             2933.815                8803.815 
  i_pre_norm_mul  pre_norm_mul           74               252.000               60.074                 312.074 
  u_fsm           fpu_fsm                34               109.333               36.196                 145.530 
