============================================================
  Generated by:           Genus(TM) Synthesis Solution 21.19-s055_1
  Generated on:           May 26 2026  09:38:22 am
  Module:                 multiplier32FP
  Operating conditions:   PVT_0P9V_125C 
  Operating conditions:   PVT_1P32V_0C 
  Interconnect mode:      global
  Area mode:              physical library
============================================================


Path 1: VIOLATED (-35 ps) Setup Check with Pin i_mul_24/prod2_reg[3][0][22]/CK->D
          Group: clk
     Startpoint: (R) i_mul_24/count_reg[1]/CK
          Clock: (R) clk
       Endpoint: (R) i_mul_24/prod2_reg[3][0][22]/D
          Clock: (R) clk

                     Capture       Launch     
        Clock Edge:+    2681            0     
       Src Latency:+       0            0     
       Net Latency:+     100 (I)      100 (I) 
           Arrival:=    2781          100     
                                              
             Setup:-     217                  
       Uncertainty:-      50                  
     Required Time:=    2514                  
      Launch Clock:-     100                  
         Data Path:-    2449                  
             Slack:=     -35                  

#------------------------------------------------------------------------------------------------------------------
#               Timing Point                Flags   Arc   Edge   Cell     Fanout Load Trans Delay Arrival Instance 
#                                                                                (fF)  (ps)  (ps)   (ps)  Location 
#------------------------------------------------------------------------------------------------------------------
  i_mul_24/count_reg[1]/CK                  -       -     R     (arrival)    656    -     0     0     100    (-,-) 
  i_mul_24/count_reg[1]/Q                   -       CK->Q F     DFFHQX4        1 10.1    81   255     355    (-,-) 
  i_mul_24/fopt9/Y                          -       A->Y  R     CLKINVX20     19 56.2    85    85     440    (-,-) 
  i_mul_24/g6310__4733/Y                    -       S0->Y F     MXI2X4         1  7.2    66   240     679    (-,-) 
  i_mul_24/g6261/Y                          -       A->Y  R     CLKINVX12     12 27.4    67    65     745    (-,-) 
  i_mul_24/mul_194_38_g697__8428/Y          -       B->Y  R     CLKAND2X6      2  9.2    50   120     864    (-,-) 
  i_mul_24/mul_194_38_g679/Y                -       A->Y  F     CLKINVX8       1  5.8    38    45     909    (-,-) 
  i_mul_24/mul_194_38_g653__6417/Y          -       A->Y  R     NOR2X8         2  7.6    69    72     981    (-,-) 
  i_mul_24/mul_194_38_g646__9315/Y          -       B->Y  F     NOR2X6         1  3.7    46    54    1035    (-,-) 
  i_mul_24/mul_194_38_cdnfadd_005_1__9945/S -       CI->S R     ADDFHX1        1  3.7   100   297    1332    (-,-) 
  i_mul_24/mul_194_38_cdnfadd_005_2__2883/S -       CI->S F     ADDFHX2        2  7.1   129   367    1699    (-,-) 
  i_mul_24/mul_194_38_g626__4319/Y          -       B->Y  F     CLKAND2X3      2  6.0    69   154    1853    (-,-) 
  i_mul_24/mul_194_38_g622__5107/Y          -       B0->Y R     AOI2BB1X4      1  3.9    71    88    1941    (-,-) 
  i_mul_24/mul_194_38_g620__5477/Y          -       B->Y  R     CLKAND2X6      2  9.2    50   122    2062    (-,-) 
  i_mul_24/mul_194_38_g594__5122/Y          -       B->Y  F     NOR2X8         1  5.8    44    47    2110    (-,-) 
  i_mul_24/mul_194_38_g592__2802/Y          -       B->Y  R     NOR2X8         3  9.6    82    69    2178    (-,-) 
  i_mul_24/mul_194_38_g589__1617/Y          -       A1->Y F     OAI21X4        2  5.9   142   128    2306    (-,-) 
  i_mul_24/mul_194_38_g586__6783/Y          -       S0->Y R     MXI2X4         4  8.8    64   243    2549    (-,-) 
  i_mul_24/prod2_reg[3][0][22]/D            <<<     -     R     EDFFHQX1       4    -     -     0    2549    (-,-) 
#------------------------------------------------------------------------------------------------------------------

