============================================================
  Generated by:           Genus(TM) Synthesis Solution 21.19-s055_1
  Generated on:           May 26 2026  09:38:22 am
  Module:                 multiplier32FP
  Library domain:         worst
    Domain index:         0
    Technology library:   slow_vdd1v0 1.0
  Library domain:         best
    Domain index:         1
    Technology library:   fast_vdd1v2 1.0
  Operating conditions:   PVT_0P9V_125C 
  Operating conditions:   PVT_1P32V_0C 
  Interconnect mode:      global
  Area mode:              physical library
============================================================

     Instance         Module     Cell Count  Cell Area  Net Area   Total Area 
------------------------------------------------------------------------------
multiplier32FP                         4334  13866.732  5323.204    19189.936 
  i_mul_24        mul_24               1664   6927.210  1859.668     8786.878 
  i_post_norm_mul post_norm_mul        2379   6022.620  3010.094     9032.714 
  i_pre_norm_mul  pre_norm_mul           74    258.552    61.636      320.188 
  u_fsm           fpu_fsm                34    112.176    37.137      149.313 
