============================================================
  Generated by:           Genus(TM) Synthesis Solution 21.19-s055_1
  Generated on:           May 26 2026  09:38:22 am
  Module:                 multiplier32FP
  Operating conditions:   PVT_0P9V_125C 
  Operating conditions:   PVT_1P32V_0C 
  Interconnect mode:      global
  Area mode:              physical library
============================================================

                                                Library 
   Gate     Instances    Area        Library     Domain 
--------------------------------------------------------
ADDFHX1            21    158.004    slow_vdd1v0   worst 
ADDFHX2            49    402.192    slow_vdd1v0   worst 
ADDFX1             34    174.420    slow_vdd1v0   worst 
ADDFX2              1      7.866    slow_vdd1v0   worst 
ADDHX1             17     63.954    slow_vdd1v0   worst 
AND2X1            230    314.640    slow_vdd1v0   worst 
AND2X2             18     30.780    slow_vdd1v0   worst 
AND2X4              6     16.416    slow_vdd1v0   worst 
AND2X6              5     18.810    slow_vdd1v0   worst 
AND3X1              3      7.182    slow_vdd1v0   worst 
AND3X4              4     12.312    slow_vdd1v0   worst 
AND3X6              1      4.446    slow_vdd1v0   worst 
AND3XL             19     38.988    slow_vdd1v0   worst 
AND4X1             18     43.092    slow_vdd1v0   worst 
AND4X6              1      5.814    slow_vdd1v0   worst 
AO21X1             51    122.094    slow_vdd1v0   worst 
AO21X2              4     10.944    slow_vdd1v0   worst 
AO21X4              3     10.260    slow_vdd1v0   worst 
AO22X1             48    131.328    slow_vdd1v0   worst 
AOI211X1            1      2.394    slow_vdd1v0   worst 
AOI211X2           13     44.460    slow_vdd1v0   worst 
AOI211X4            1      6.498    slow_vdd1v0   worst 
AOI21X1           137    234.270    slow_vdd1v0   worst 
AOI21X2            24     65.664    slow_vdd1v0   worst 
AOI21X4            64    328.320    slow_vdd1v0   worst 
AOI21XL             1      1.710    slow_vdd1v0   worst 
AOI221X2           19     84.474    slow_vdd1v0   worst 
AOI221X4            3     23.598    slow_vdd1v0   worst 
AOI222X2            4     21.888    slow_vdd1v0   worst 
AOI22X1            61    125.172    slow_vdd1v0   worst 
AOI22X2             9     33.858    slow_vdd1v0   worst 
AOI22X4             8     49.248    slow_vdd1v0   worst 
AOI2BB1X1          22     45.144    slow_vdd1v0   worst 
AOI2BB1X2           7     21.546    slow_vdd1v0   worst 
AOI2BB1X4          25    102.600    slow_vdd1v0   worst 
AOI2BB2X2           2     10.260    slow_vdd1v0   worst 
AOI2BB2X4           1      7.524    slow_vdd1v0   worst 
AOI31X2            12     41.040    slow_vdd1v0   worst 
AOI31X4             2     12.996    slow_vdd1v0   worst 
AOI33X4             1      9.234    slow_vdd1v0   worst 
BUFX12              2     10.260    slow_vdd1v0   worst 
BUFX2               5      8.550    slow_vdd1v0   worst 
BUFX3               6     12.312    slow_vdd1v0   worst 
BUFX4               2      4.788    slow_vdd1v0   worst 
BUFX6              25     76.950    slow_vdd1v0   worst 
BUFX8              37    139.194    slow_vdd1v0   worst 
CLKAND2X12         19    142.956    slow_vdd1v0   worst 
CLKAND2X2          31     63.612    slow_vdd1v0   worst 
CLKAND2X3          21     64.638    slow_vdd1v0   worst 
CLKAND2X4           1      3.420    slow_vdd1v0   worst 
CLKAND2X6          34    162.792    slow_vdd1v0   worst 
CLKAND2X8           4     23.256    slow_vdd1v0   worst 
CLKBUFX12           1      5.130    slow_vdd1v0   worst 
CLKBUFX16           3     20.520    slow_vdd1v0   worst 
CLKBUFX20           2     16.416    slow_vdd1v0   worst 
CLKBUFX4            5     11.970    slow_vdd1v0   worst 
CLKINVX1            1      1.026    slow_vdd1v0   worst 
CLKINVX12          20     82.080    slow_vdd1v0   worst 
CLKINVX16           6     32.832    slow_vdd1v0   worst 
CLKINVX2            1      1.368    slow_vdd1v0   worst 
CLKINVX20           2     12.996    slow_vdd1v0   worst 
CLKINVX3            6     10.260    slow_vdd1v0   worst 
CLKINVX4           40     68.400    slow_vdd1v0   worst 
CLKINVX6           36     86.184    slow_vdd1v0   worst 
CLKINVX8           29     89.262    slow_vdd1v0   worst 
CLKMX2X2            1      3.078    slow_vdd1v0   worst 
CLKMX2X3            3     12.312    slow_vdd1v0   worst 
CLKXOR2X1          17     46.512    slow_vdd1v0   worst 
CLKXOR2X2           1      3.420    slow_vdd1v0   worst 
DFFHQX1           211   1154.592    slow_vdd1v0   worst 
DFFHQX2             1      6.840    slow_vdd1v0   worst 
DFFHQX4             4     32.832    slow_vdd1v0   worst 
DFFHQX8            10     92.340    slow_vdd1v0   worst 
DFFQX1              3     17.442    slow_vdd1v0   worst 
DFFQX2              6     38.988    slow_vdd1v0   worst 
DFFQX4              1      7.182    slow_vdd1v0   worst 
DFFQXL             17     93.024    slow_vdd1v0   worst 
DFFRHQX1           39    240.084    slow_vdd1v0   worst 
DFFRHQX4            1      9.576    slow_vdd1v0   worst 
DFFRX1              2     13.680    slow_vdd1v0   worst 
DFFRX2              3     22.572    slow_vdd1v0   worst 
DFFTRX2             1      8.208    slow_vdd1v0   worst 
DFFX1              14    100.548    slow_vdd1v0   worst 
DFFX2              40    328.320    slow_vdd1v0   worst 
DFFX4              14    129.276    slow_vdd1v0   worst 
EDFFHQX1          274   2342.700    slow_vdd1v0   worst 
INVX1             219    149.796    slow_vdd1v0   worst 
INVX16              1      5.472    slow_vdd1v0   worst 
INVX2              54     55.404    slow_vdd1v0   worst 
INVX3              49     67.032    slow_vdd1v0   worst 
INVX4               2      3.420    slow_vdd1v0   worst 
INVX6               2      4.788    slow_vdd1v0   worst 
INVXL               1      0.684    slow_vdd1v0   worst 
MDFFHQX1           13    111.150    slow_vdd1v0   worst 
MDFFHQX4            2     18.468    slow_vdd1v0   worst 
MX2X1             115    275.310    slow_vdd1v0   worst 
MXI2X1              3      8.208    slow_vdd1v0   worst 
MXI2X2              8     35.568    slow_vdd1v0   worst 
MXI2X4             12     61.560    slow_vdd1v0   worst 
NAND2BX1           20     27.360    slow_vdd1v0   worst 
NAND2BX2           12     28.728    slow_vdd1v0   worst 
NAND2BX4            1      3.762    slow_vdd1v0   worst 
NAND2X1            89     91.314    slow_vdd1v0   worst 
NAND2X2            65    111.150    slow_vdd1v0   worst 
NAND2X4            81    277.020    slow_vdd1v0   worst 
NAND2X6            27    129.276    slow_vdd1v0   worst 
NAND2X8             9     49.248    slow_vdd1v0   worst 
NAND3BX2            2      6.156    slow_vdd1v0   worst 
NAND3BX4            1      5.130    slow_vdd1v0   worst 
NAND3X2            13     35.568    slow_vdd1v0   worst 
NAND3X4             1      4.788    slow_vdd1v0   worst 
NAND3X6             1      7.182    slow_vdd1v0   worst 
NAND4X6             3     25.650    slow_vdd1v0   worst 
NAND4X8             1     10.260    slow_vdd1v0   worst 
NOR2BX1            86    117.648    slow_vdd1v0   worst 
NOR2BX2            29     79.344    slow_vdd1v0   worst 
NOR2BX4            14     52.668    slow_vdd1v0   worst 
NOR2BXL             1      1.710    slow_vdd1v0   worst 
NOR2X1            153    156.978    slow_vdd1v0   worst 
NOR2X2            100    171.000    slow_vdd1v0   worst 
NOR2X4            118    363.204    slow_vdd1v0   worst 
NOR2X6             51    209.304    slow_vdd1v0   worst 
NOR2X8             29    158.688    slow_vdd1v0   worst 
NOR2XL              1      1.026    slow_vdd1v0   worst 
NOR3BX1             1      2.052    slow_vdd1v0   worst 
NOR3BX2             3     10.260    slow_vdd1v0   worst 
NOR3X1              8     13.680    slow_vdd1v0   worst 
NOR3X2              3      8.208    slow_vdd1v0   worst 
NOR3X4              5     25.650    slow_vdd1v0   worst 
NOR3X6              1      7.182    slow_vdd1v0   worst 
NOR3X8              1      8.892    slow_vdd1v0   worst 
NOR4BBX2            1      5.130    slow_vdd1v0   worst 
NOR4BX2             1      4.788    slow_vdd1v0   worst 
NOR4X2              5     17.100    slow_vdd1v0   worst 
OA21X1             91    186.732    slow_vdd1v0   worst 
OA21X2              1      3.078    slow_vdd1v0   worst 
OA22X1            128    306.432    slow_vdd1v0   worst 
OAI21X1           104    177.840    slow_vdd1v0   worst 
OAI21X2            29     89.262    slow_vdd1v0   worst 
OAI21X4            39    186.732    slow_vdd1v0   worst 
OAI221X2            2      9.576    slow_vdd1v0   worst 
OAI22X1            72    147.744    slow_vdd1v0   worst 
OAI22X2            10     34.200    slow_vdd1v0   worst 
OAI22X4             3     19.494    slow_vdd1v0   worst 
OAI2BB1X1         142    242.820    slow_vdd1v0   worst 
OAI2BB1X2           6     18.468    slow_vdd1v0   worst 
OAI2BB1X4           1      4.446    slow_vdd1v0   worst 
OAI2BB2X1           1      4.104    slow_vdd1v0   worst 
OAI31X1            10     20.520    slow_vdd1v0   worst 
OAI31X2             5     18.810    slow_vdd1v0   worst 
OAI31X4             1      6.840    slow_vdd1v0   worst 
OAI32X2             3     13.338    slow_vdd1v0   worst 
OAI32X4             1      8.208    slow_vdd1v0   worst 
OR2X1             113    154.584    slow_vdd1v0   worst 
OR2X2              29     49.590    slow_vdd1v0   worst 
OR2X4              19     51.984    slow_vdd1v0   worst 
OR2X6              11     41.382    slow_vdd1v0   worst 
OR3X1              29     59.508    slow_vdd1v0   worst 
OR3X2               2      4.788    slow_vdd1v0   worst 
OR4X1              38     77.976    slow_vdd1v0   worst 
OR4X2               3     10.260    slow_vdd1v0   worst 
OR4X6               1      5.472    slow_vdd1v0   worst 
XNOR2X1            55    131.670    slow_vdd1v0   worst 
XNOR2X2             4     12.312    slow_vdd1v0   worst 
XNOR2X4             8     30.096    slow_vdd1v0   worst 
XNOR3XL             1      7.524    slow_vdd1v0   worst 
XOR2X2              2      6.840    slow_vdd1v0   worst 
--------------------------------------------------------
total            4334  13866.732                


                                          
     Type      Instances    Area   Area % 
------------------------------------------
sequential           656  4767.822   34.4 
inverter             469   671.004    4.8 
buffer                88   306.090    2.2 
logic               3121  8121.816   58.6 
physical_cells         0     0.000    0.0 
------------------------------------------
total               4334 13866.732  100.0 

