============================================================
  Generated by:           Genus(TM) Synthesis Solution 21.19-s055_1
  Generated on:           May 26 2026  09:38:22 am
  Module:                 multiplier32FP
  Operating conditions:   PVT_0P9V_125C 
  Operating conditions:   PVT_1P32V_0C 
  Interconnect mode:      global
  Area mode:              physical library
============================================================

Timing
--------

Clock Period 
-------------
clk   2681.0 


  Cost    Critical            Violating 
 Group   Path Slack    TNS      Paths   
----------------------------------------
clk           -35.2   -908.9         56 
default    No paths      0.0            
----------------------------------------
Total                 -908.9         56 

Instance Count
--------------
Leaf Instance Count             4334 
Physical Instance count            0 
Sequential Instance Count        656 
Combinational Instance Count    3678 
Hierarchical Instance Count        4 

Area
----
Cell Area                          13866.732
Physical Cell Area                 0.000
Total Cell Area (Cell+Physical)    13866.732
Net Area                           5323.204
Total Area (Cell+Physical+Net)     19189.936

Max Fanout                         656 (clk)
Min Fanout                         0 (n_143)
Average Fanout                     2.3
Terms to net ratio                 3.2888
Terms to instance ratio            3.4868
Runtime                            734.332998 seconds
Elapsed Runtime                    751 seconds
Genus peak memory usage            2207.67 
Innovus peak memory usage          no_value 
Hostname                           localhost
