============================================================
  Generated by:           Genus(TM) Synthesis Solution 21.19-s055_1
  Generated on:           May 26 2026  09:38:22 am
  Module:                 multiplier32FP
  Library domain:         worst
    Domain index:         0
    Technology library:   slow_vdd1v0 1.0
  Library domain:         best
    Domain index:         1
    Technology library:   fast_vdd1v2 1.0
  Operating conditions:   PVT_0P9V_125C 
  Operating conditions:   PVT_1P32V_0C 
  Interconnect mode:      global
  Area mode:              physical library
============================================================

Max_transition design rule (violation total = 1917)
Pin                                                              Slew           Max     Violation
---------------------------------------------------------------------------------------------------
i_mul_24/g6706__8428/A                                            425           280           145
  --> Other violations on net                                             1162
i_mul_24/g6701__5477/B                                            425           280           145
  --> Other violations on net                                             1162
i_mul_24/g6709__3680/A                                            425           280           145
  --> Other violations on net                                             1162
i_mul_24/g6710__1617/A                                            425           280           145
  --> Other violations on net                                             1162
i_mul_24/g6713__5122/A                                            425           280           145
  --> Other violations on net                                             1162
i_mul_24/g6714__8246/B                                            425           280           145
  --> Other violations on net                                             1162
i_mul_24/g6715__7098/A                                            425           280           145
  --> Other violations on net                                             1162
i_mul_24/g6722__9315/A                                            425           280           145
  --> Other violations on net                                             1162
i_mul_24/g6735/Y                                                  425           280           145
  --> Other violations on net                                             1162
i_post_norm_mul/g83096/B                                          329           280            49
  --> Other violations on net                                             294
i_post_norm_mul/g83095/B                                          329           280            49
  --> Other violations on net                                             294
i_post_norm_mul/g83025/A                                          329           280            49
  --> Other violations on net                                             294
i_post_norm_mul/g83023/A                                          329           280            49
  --> Other violations on net                                             294
i_post_norm_mul/g82222/B                                          329           280            49
  --> Other violations on net                                             294
i_post_norm_mul/g82226/A                                          329           280            49
  --> Other violations on net                                             294
i_post_norm_mul/s_expo1_reg[3]/Q                                  329           280            49
  --> Other violations on net                                             294
i_mul_24/g6589__1705/B                                            373           280            93
  --> Other violations on net                                             93
i_mul_24/g6690__5115/Y                                            373           280            93
  --> Other violations on net                                             93
i_mul_24/WALLACE_CSA_DUMMY_OP_groupi893_g998_0/A                  297           280            17
  --> Other violations on net                                             34
i_mul_24/WALLACE_CSA_DUMMY_OP_groupi893_g6788/A                   297           280            17
  --> Other violations on net                                             34
i_mul_24/WALLACE_CSA_DUMMY_OP_groupi893_g936__2883/Y              297           280            17
  --> Other violations on net                                             34
i_post_norm_mul/g82538/A0                                         286           280             6
  --> Other violations on net                                             22
i_post_norm_mul/g82537/A0                                         286           280             6
  --> Other violations on net                                             22
i_post_norm_mul/g82557/B0                                         286           280             6
  --> Other violations on net                                             22
i_post_norm_mul/g82558/B0                                         286           280             6
  --> Other violations on net                                             22
i_post_norm_mul/g83097/Y                                          286           280             6
  --> Other violations on net                                             22
i_post_norm_mul/g83269/B0                                         280           280             0
  --> Other violations on net                                             0
i_post_norm_mul/g83345/Y                                          280           280             0
  --> Other violations on net                                             0


Max_capacitance design rule: no violations.


Max_fanout design rule: no constraints.



