============================================================
  Generated by:           Genus(TM) Synthesis Solution 21.19-s055_1
  Generated on:           May 23 2026  05:03:52 pm
  Module:                 multiplier32FP
  Library domain:         worst
    Domain index:         0
    Technology library:   slow_vdd1v0 1.0
  Library domain:         best
    Domain index:         1
    Technology library:   fast_vdd1v2 1.0
  Operating conditions:   PVT_0P9V_125C 
  Operating conditions:   PVT_1P32V_0C 
  Interconnect mode:      global
  Area mode:              physical library
============================================================

     Instance         Module     Cell Count  Cell Area  Net Area   Total Area 
------------------------------------------------------------------------------
multiplier32FP                         4830  18425.592  5751.216    24176.808 
  i_mul_24        mul_24               1836   8039.052  2070.424    10109.476 
  i_post_norm_mul post_norm_mul        2600   9123.534  3127.607    12251.141 
  i_pre_norm_mul  pre_norm_mul          110    336.528    94.687      431.215 
  u_fsm           fpu_fsm                29    106.020    31.683      137.703 
