============================================================
  Generated by:           Genus(TM) Synthesis Solution 21.19-s055_1
  Generated on:           May 23 2026  05:03:52 pm
  Module:                 multiplier32FP
  Operating conditions:   PVT_0P9V_125C 
  Operating conditions:   PVT_1P32V_0C 
  Interconnect mode:      global
  Area mode:              physical library
============================================================


Path 1: VIOLATED (-1314 ps) Setup Check with Pin i_mul_24/sum_reg[3][23]/CK->D1
          Group: clk
     Startpoint: (R) i_mul_24/count_reg[1]/CK
          Clock: (R) clk
       Endpoint: (R) i_mul_24/sum_reg[3][23]/D1
          Clock: (R) clk

                     Capture       Launch     
        Clock Edge:+    1333            0     
       Src Latency:+       0            0     
       Net Latency:+     100 (I)      100 (I) 
           Arrival:=    1433          100     
                                              
             Setup:-     224                  
       Uncertainty:-      50                  
     Required Time:=    1159                  
      Launch Clock:-     100                  
         Data Path:-    2373                  
             Slack:=   -1314                  

#--------------------------------------------------------------------------------------------------------------------------------------
#                         Timing Point                          Flags   Arc   Edge   Cell     Fanout Load Trans Delay Arrival Instance 
#                                                                                                    (fF)  (ps)  (ps)   (ps)  Location 
#--------------------------------------------------------------------------------------------------------------------------------------
  i_mul_24/count_reg[1]/CK                                      -       -     R     (arrival)    656    -     0     0     100    (-,-) 
  i_mul_24/count_reg[1]/Q                                       -       CK->Q R     DFFHQX4        1  7.8    55   219     319    (-,-) 
  i_mul_24/fopt41/Y                                             -       A->Y  F     CLKINVX12      2 13.0    50    52     371    (-,-) 
  i_mul_24/fopt37/Y                                             -       A->Y  R     CLKINVX12      4 14.4    42    46     417    (-,-) 
  i_mul_24/fopt11291/Y                                          -       A->Y  F     CLKINVX8       6 15.7    69    59     476    (-,-) 
  i_mul_24/fopt11265/Y                                          -       A->Y  F     BUFX6          2  8.7    56   106     582    (-,-) 
  i_mul_24/g9001__1617/Y                                        -       B->Y  R     NOR2X8        10 24.0   157   118     700    (-,-) 
  i_mul_24/g8959/Y                                              -       A->Y  F     CLKINVX8      12 28.2   131   134     834    (-,-) 
  i_mul_24/g8800__3680/Y                                        -       B->Y  R     NOR2BX2        1  3.7   121   132     967    (-,-) 
  i_mul_24/g8726__1617/Y                                        -       B0->Y F     AOI21X2        1  3.6   154   102    1069    (-,-) 
  i_mul_24/g8676__6131/Y                                        -       B->Y  R     NAND2X2        1  4.1    83   114    1183    (-,-) 
  i_mul_24/WALLACE_CSA_DUMMY_OP_groupi893_cdnfadd_016_0__5107/S -       A->S  R     ADDFHX2        2  8.4   128   349    1533    (-,-) 
  i_mul_24/WALLACE_CSA_DUMMY_OP_groupi893_g1011__2346/Y         -       B->Y  F     NAND2X6        3  9.6   138   138    1671    (-,-) 
  i_mul_24/WALLACE_CSA_DUMMY_OP_groupi893_g982__5477/Y          -       B->Y  R     NOR2X6         1  5.3    77   100    1771    (-,-) 
  i_mul_24/WALLACE_CSA_DUMMY_OP_groupi893_g957__1881/Y          -       B->Y  F     NOR2X6         3  8.8    70    71    1842    (-,-) 
  i_mul_24/WALLACE_CSA_DUMMY_OP_groupi893_g1038__6131/Y         -       B->Y  R     NOR2BX4        1  5.3    88    83    1925    (-,-) 
  i_mul_24/WALLACE_CSA_DUMMY_OP_groupi893_g942__8428/Y          -       B->Y  F     NOR2X6         3  8.8    80    76    2001    (-,-) 
  i_mul_24/WALLACE_CSA_DUMMY_OP_groupi893_g941/Y                -       A->Y  R     CLKINVX4       2  7.6    58    67    2068    (-,-) 
  i_mul_24/WALLACE_CSA_DUMMY_OP_groupi893_g936__2398/Y          -       B->Y  F     NAND2X4        1  4.3   105    90    2158    (-,-) 
  i_mul_24/WALLACE_CSA_DUMMY_OP_groupi893_g921__6161/Y          -       B0->Y R     OAI21X4        1  3.3    80    70    2228    (-,-) 
  i_mul_24/WALLACE_CSA_DUMMY_OP_groupi893_g906__6783/Y          -       S0->Y R     MXI2X4         4  8.8    64   245    2473    (-,-) 
  i_mul_24/sum_reg[3][23]/D1                                    <<<     -     R     MDFFHQX4       4    -     -     0    2473    (-,-) 
#--------------------------------------------------------------------------------------------------------------------------------------

