============================================================
  Generated by:           Genus(TM) Synthesis Solution 21.19-s055_1
  Generated on:           May 23 2026  05:03:52 pm
  Module:                 multiplier32FP
  Library domain:         worst
    Domain index:         0
    Technology library:   slow_vdd1v0 1.0
  Library domain:         best
    Domain index:         1
    Technology library:   fast_vdd1v2 1.0
  Operating conditions:   PVT_0P9V_125C 
  Operating conditions:   PVT_1P32V_0C 
  Interconnect mode:      global
  Area mode:              physical library
============================================================

     Instance         Module     Cell Count  Normalized Cell Area  Normalized Net Area   Normalized Total Area 
---------------------------------------------------------------------------------------------------------------
multiplier32FP                         4830             17958.667             5605.474               23564.141 
  i_mul_24        mul_24               1836              7835.333             2017.957                9853.291 
  i_post_norm_mul post_norm_mul        2600              8892.333             3048.350               11940.683 
  i_pre_norm_mul  pre_norm_mul          110               328.000               92.288                 420.288 
  u_fsm           fpu_fsm                29               103.333               30.880                 134.213 
