============================================================
  Generated by:           Genus(TM) Synthesis Solution 21.19-s055_1
  Generated on:           May 23 2026  05:03:52 pm
  Module:                 multiplier32FP
  Library domain:         worst
    Domain index:         0
    Technology library:   slow_vdd1v0 1.0
  Library domain:         best
    Domain index:         1
    Technology library:   fast_vdd1v2 1.0
  Operating conditions:   PVT_0P9V_125C 
  Operating conditions:   PVT_1P32V_0C 
  Interconnect mode:      global
  Area mode:              physical library
============================================================

Max_transition design rule (violation total = 777)
Pin                                    Slew           Max     Violation
-------------------------------------------------------------------------
g4324/A1                                299           280            19
  --> Other violations on net                   598
g4323/A1                                299           280            19
  --> Other violations on net                   598
g4325/A1                                299           280            19
  --> Other violations on net                   598
g4326/A1                                299           280            19
  --> Other violations on net                   598
g4327/A1                                299           280            19
  --> Other violations on net                   598
g4328/A1                                299           280            19
  --> Other violations on net                   598
g4329/A1                                299           280            19
  --> Other violations on net                   598
g4330/A1                                299           280            19
  --> Other violations on net                   598
g4331/A1                                299           280            19
  --> Other violations on net                   598
g4332/A1                                299           280            19
  --> Other violations on net                   598
g4333/A1                                299           280            19
  --> Other violations on net                   598
g4334/A1                                299           280            19
  --> Other violations on net                   598
g4335/A1                                299           280            19
  --> Other violations on net                   598
g4336/A1                                299           280            19
  --> Other violations on net                   598
g4337/A1                                299           280            19
  --> Other violations on net                   598
g4338/A1                                299           280            19
  --> Other violations on net                   598
g4339/B1                                299           280            19
  --> Other violations on net                   598
g4340/A1                                299           280            19
  --> Other violations on net                   598
g4341/A1                                299           280            19
  --> Other violations on net                   598
g4342/A1                                299           280            19
  --> Other violations on net                   598
g4343/A1                                299           280            19
  --> Other violations on net                   598
g4344/A1                                299           280            19
  --> Other violations on net                   598
g4345/A1                                299           280            19
  --> Other violations on net                   598
g4346/A1                                299           280            19
  --> Other violations on net                   598
g4347/A1                                299           280            19
  --> Other violations on net                   598
g4348/A1                                299           280            19
  --> Other violations on net                   598
g4349/A1                                299           280            19
  --> Other violations on net                   598
g4350/A1                                299           280            19
  --> Other violations on net                   598
g4351/A1                                299           280            19
  --> Other violations on net                   598
g4352/A1                                299           280            19
  --> Other violations on net                   598
g4353/A1                                299           280            19
  --> Other violations on net                   598
g4354/A1                                299           280            19
  --> Other violations on net                   598
g4461/Y                                 299           280            19
  --> Other violations on net                   598
i_post_norm_mul/g106778/B               295           280            15
  --> Other violations on net                   88
i_post_norm_mul/g106735/B0              295           280            15
  --> Other violations on net                   88
i_post_norm_mul/g106779/A               295           280            15
  --> Other violations on net                   88
i_post_norm_mul/g106739/B0              295           280            15
  --> Other violations on net                   88
i_post_norm_mul/g106726/B0              295           280            15
  --> Other violations on net                   88
i_post_norm_mul/g106633/B0              295           280            15
  --> Other violations on net                   88
i_post_norm_mul/g106842/Y               295           280            15
  --> Other violations on net                   88
i_post_norm_mul/g105895/A0              309           280            29
  --> Other violations on net                   29
i_post_norm_mul/g105996/Y               309           280            29
  --> Other violations on net                   29


Max_capacitance design rule: no violations.


Max_fanout design rule: no constraints.



