============================================================
  Generated by:           Genus(TM) Synthesis Solution 21.19-s055_1
  Generated on:           May 25 2026  08:33:46 am
  Module:                 multiplier32FP
  Operating conditions:   PVT_0P9V_125C 
  Operating conditions:   PVT_1P32V_0C 
  Interconnect mode:      global
  Area mode:              physical library
============================================================

                                                Library 
   Gate     Instances    Area        Library     Domain 
--------------------------------------------------------
ADDFHX1            18    135.432    slow_vdd1v0   worst 
ADDFHX2            26    213.408    slow_vdd1v0   worst 
ADDFHX4             1      9.576    slow_vdd1v0   worst 
ADDFX1             61    312.930    slow_vdd1v0   worst 
ADDFX2              1      7.866    slow_vdd1v0   worst 
ADDHX1             24     90.288    slow_vdd1v0   worst 
ADDHX2              1      5.130    slow_vdd1v0   worst 
AND2X1            227    310.536    slow_vdd1v0   worst 
AND2X2             25     42.750    slow_vdd1v0   worst 
AND2X4              8     21.888    slow_vdd1v0   worst 
AND2X6              8     30.096    slow_vdd1v0   worst 
AND3X1              2      4.788    slow_vdd1v0   worst 
AND3X4              1      3.078    slow_vdd1v0   worst 
AND3X6              1      4.446    slow_vdd1v0   worst 
AND3XL             16     32.832    slow_vdd1v0   worst 
AND4X1              7     16.758    slow_vdd1v0   worst 
AND4X6              1      5.814    slow_vdd1v0   worst 
AO21X1             35     83.790    slow_vdd1v0   worst 
AO21X2              2      5.472    slow_vdd1v0   worst 
AO21X4              1      3.420    slow_vdd1v0   worst 
AO22X1             51    139.536    slow_vdd1v0   worst 
AOI211X1            4      9.576    slow_vdd1v0   worst 
AOI211X2           13     44.460    slow_vdd1v0   worst 
AOI211X4            1      6.498    slow_vdd1v0   worst 
AOI21X1           141    241.110    slow_vdd1v0   worst 
AOI21X2            41    112.176    slow_vdd1v0   worst 
AOI21X4            58    297.540    slow_vdd1v0   worst 
AOI221X2           13     57.798    slow_vdd1v0   worst 
AOI221X4            2     15.732    slow_vdd1v0   worst 
AOI22X1            53    108.756    slow_vdd1v0   worst 
AOI22X2            16     60.192    slow_vdd1v0   worst 
AOI22X4            17    104.652    slow_vdd1v0   worst 
AOI2BB1X1          33     67.716    slow_vdd1v0   worst 
AOI2BB1X2           7     21.546    slow_vdd1v0   worst 
AOI2BB1X4          10     41.040    slow_vdd1v0   worst 
AOI2BB2X1           2      6.840    slow_vdd1v0   worst 
AOI31X2            11     37.620    slow_vdd1v0   worst 
AOI32X2             1      4.446    slow_vdd1v0   worst 
AOI32X4             3     23.598    slow_vdd1v0   worst 
BMXIX2              1      7.524    slow_vdd1v0   worst 
BUFX2               2      3.420    slow_vdd1v0   worst 
BUFX3               5     10.260    slow_vdd1v0   worst 
BUFX6              17     52.326    slow_vdd1v0   worst 
BUFX8              37    139.194    slow_vdd1v0   worst 
CLKAND2X12         15    112.860    slow_vdd1v0   worst 
CLKAND2X2          46     94.392    slow_vdd1v0   worst 
CLKAND2X3          25     76.950    slow_vdd1v0   worst 
CLKAND2X6          22    105.336    slow_vdd1v0   worst 
CLKAND2X8           1      5.814    slow_vdd1v0   worst 
CLKBUFX12           1      5.130    slow_vdd1v0   worst 
CLKINVX12          10     41.040    slow_vdd1v0   worst 
CLKINVX16           3     16.416    slow_vdd1v0   worst 
CLKINVX20           2     12.996    slow_vdd1v0   worst 
CLKINVX4           12     20.520    slow_vdd1v0   worst 
CLKINVX6           26     62.244    slow_vdd1v0   worst 
CLKINVX8            7     21.546    slow_vdd1v0   worst 
CLKMX2X3           13     53.352    slow_vdd1v0   worst 
CLKXOR2X1          18     49.248    slow_vdd1v0   worst 
DFFHQX1           210   1149.120    slow_vdd1v0   worst 
DFFHQX2             2     13.680    slow_vdd1v0   worst 
DFFHQX4            11     90.288    slow_vdd1v0   worst 
DFFHQX8            14    129.276    slow_vdd1v0   worst 
DFFQX2             50    324.900    slow_vdd1v0   worst 
DFFQX4             13     93.366    slow_vdd1v0   worst 
DFFQXL              1      5.472    slow_vdd1v0   worst 
DFFRHQX1           39    240.084    slow_vdd1v0   worst 
DFFRHQX4            1      9.576    slow_vdd1v0   worst 
DFFRX1              3     20.520    slow_vdd1v0   worst 
DFFRX2              3     22.572    slow_vdd1v0   worst 
DFFTRX2             1      8.208    slow_vdd1v0   worst 
DFFX1               6     43.092    slow_vdd1v0   worst 
DFFX2              11     90.288    slow_vdd1v0   worst 
DFFX4               2     18.468    slow_vdd1v0   worst 
EDFFHQX1          283   2419.650    slow_vdd1v0   worst 
INVX1             199    136.116    slow_vdd1v0   worst 
INVX16              1      5.472    slow_vdd1v0   worst 
INVX2              69     70.794    slow_vdd1v0   worst 
INVX20              2     12.996    slow_vdd1v0   worst 
INVX3              32     43.776    slow_vdd1v0   worst 
INVX4               2      3.420    slow_vdd1v0   worst 
INVX6               2      4.788    slow_vdd1v0   worst 
MDFFHQX1            1      8.550    slow_vdd1v0   worst 
MDFFHQX4            5     46.170    slow_vdd1v0   worst 
MX2X1             120    287.280    slow_vdd1v0   worst 
MXI2X1              3      8.208    slow_vdd1v0   worst 
MXI2X2             14     62.244    slow_vdd1v0   worst 
NAND2BX1           26     35.568    slow_vdd1v0   worst 
NAND2BX2           15     35.910    slow_vdd1v0   worst 
NAND2BX4            7     26.334    slow_vdd1v0   worst 
NAND2X1            83     85.158    slow_vdd1v0   worst 
NAND2X2            87    148.770    slow_vdd1v0   worst 
NAND2X4            61    208.620    slow_vdd1v0   worst 
NAND2X6            17     81.396    slow_vdd1v0   worst 
NAND2X8             8     43.776    slow_vdd1v0   worst 
NAND3BX2            2      6.156    slow_vdd1v0   worst 
NAND3BX4            2     10.260    slow_vdd1v0   worst 
NAND3X2             4     10.944    slow_vdd1v0   worst 
NAND3X4             2      9.576    slow_vdd1v0   worst 
NAND3X6             1      7.182    slow_vdd1v0   worst 
NOR2BX1            81    110.808    slow_vdd1v0   worst 
NOR2BX2            14     38.304    slow_vdd1v0   worst 
NOR2BX4            40    150.480    slow_vdd1v0   worst 
NOR2X1            150    153.900    slow_vdd1v0   worst 
NOR2X2             57     97.470    slow_vdd1v0   worst 
NOR2X4             82    252.396    slow_vdd1v0   worst 
NOR2X6             27    110.808    slow_vdd1v0   worst 
NOR2X8              8     43.776    slow_vdd1v0   worst 
NOR3BX1             1      2.052    slow_vdd1v0   worst 
NOR3BX2             2      6.840    slow_vdd1v0   worst 
NOR3X1              5      8.550    slow_vdd1v0   worst 
NOR3X2              2      5.472    slow_vdd1v0   worst 
NOR3X4              1      5.130    slow_vdd1v0   worst 
NOR3X6              1      7.182    slow_vdd1v0   worst 
NOR3X8              4     35.568    slow_vdd1v0   worst 
NOR4X2              6     20.520    slow_vdd1v0   worst 
NOR4X4              2     12.996    slow_vdd1v0   worst 
OA21X1             86    176.472    slow_vdd1v0   worst 
OA21X2              1      3.078    slow_vdd1v0   worst 
OA21X4              1      3.762    slow_vdd1v0   worst 
OA22X1            172    411.768    slow_vdd1v0   worst 
OA22X2              1      3.420    slow_vdd1v0   worst 
OAI211X2            1      4.104    slow_vdd1v0   worst 
OAI211X4            1      6.498    slow_vdd1v0   worst 
OAI21X1            96    164.160    slow_vdd1v0   worst 
OAI21X2            20     61.560    slow_vdd1v0   worst 
OAI21X4            34    162.792    slow_vdd1v0   worst 
OAI221X4            1      7.866    slow_vdd1v0   worst 
OAI222X4            1      9.234    slow_vdd1v0   worst 
OAI22X1            61    125.172    slow_vdd1v0   worst 
OAI22X2            13     44.460    slow_vdd1v0   worst 
OAI2BB1X1         152    259.920    slow_vdd1v0   worst 
OAI2BB1X2           7     21.546    slow_vdd1v0   worst 
OAI2BB1X4           3     13.338    slow_vdd1v0   worst 
OAI31X1             4      8.208    slow_vdd1v0   worst 
OAI31X2             6     22.572    slow_vdd1v0   worst 
OAI32X2             3     13.338    slow_vdd1v0   worst 
OAI32X4             1      8.208    slow_vdd1v0   worst 
OR2X1             137    187.416    slow_vdd1v0   worst 
OR2X2              25     42.750    slow_vdd1v0   worst 
OR2X4              22     60.192    slow_vdd1v0   worst 
OR2X6              21     79.002    slow_vdd1v0   worst 
OR2X8               1      4.446    slow_vdd1v0   worst 
OR3X1              50    102.600    slow_vdd1v0   worst 
OR3X2               3      7.182    slow_vdd1v0   worst 
OR3X4               2      6.156    slow_vdd1v0   worst 
OR4X1              49    100.548    slow_vdd1v0   worst 
OR4X2               2      6.840    slow_vdd1v0   worst 
XNOR2X1            51    122.094    slow_vdd1v0   worst 
XNOR2X2            11     33.858    slow_vdd1v0   worst 
XOR2X2              6     20.520    slow_vdd1v0   worst 
XOR2X4              1      4.104    slow_vdd1v0   worst 
--------------------------------------------------------
total            4150  13081.158                


                                          
     Type      Instances    Area   Area % 
------------------------------------------
sequential           656  4733.280   36.2 
inverter             367   452.124    3.5 
buffer                62   210.330    1.6 
logic               3065  7685.424   58.8 
physical_cells         0     0.000    0.0 
------------------------------------------
total               4150 13081.158  100.0 

