============================================================
  Generated by:           Genus(TM) Synthesis Solution 21.19-s055_1
  Generated on:           May 25 2026  08:33:46 am
  Module:                 multiplier32FP
  Library domain:         worst
    Domain index:         0
    Technology library:   slow_vdd1v0 1.0
  Library domain:         best
    Domain index:         1
    Technology library:   fast_vdd1v2 1.0
  Operating conditions:   PVT_0P9V_125C 
  Operating conditions:   PVT_1P32V_0C 
  Interconnect mode:      global
  Area mode:              physical library
============================================================

     Instance         Module     Cell Count  Normalized Cell Area  Normalized Net Area   Normalized Total Area 
---------------------------------------------------------------------------------------------------------------
multiplier32FP                         4150             12749.667             5030.426               17780.092 
  i_mul_24        mul_24               1462              6091.333             1656.216                7747.549 
  i_post_norm_mul post_norm_mul        2408              5793.000             2942.280                8735.280 
  i_pre_norm_mul  pre_norm_mul           64               221.333               51.831                 273.164 
  u_fsm           fpu_fsm                34               109.333               36.196                 145.530 
