============================================================
  Generated by:           Genus(TM) Synthesis Solution 21.19-s055_1
  Generated on:           May 25 2026  08:20:18 am
  Module:                 multiplier32FP
  Library domain:         worst
    Domain index:         0
    Technology library:   slow_vdd1v0 1.0
  Library domain:         best
    Domain index:         1
    Technology library:   fast_vdd1v2 1.0
  Operating conditions:   PVT_0P9V_125C 
  Operating conditions:   PVT_1P32V_0C 
  Interconnect mode:      global
  Area mode:              physical library
============================================================

     Instance         Module     Cell Count  Normalized Cell Area  Normalized Net Area   Normalized Total Area 
---------------------------------------------------------------------------------------------------------------
multiplier32FP                         4203             13120.333             5167.301               18287.635 
  i_mul_24        mul_24               1489              6272.333             1678.500                7950.834 
  i_post_norm_mul post_norm_mul        2430              5974.333             3053.277                9027.611 
  i_pre_norm_mul  pre_norm_mul           68               229.333               54.721                 284.054 
  u_fsm           fpu_fsm                34               109.333               36.196                 145.530 
