============================================================
  Generated by:           Genus(TM) Synthesis Solution 21.19-s055_1
  Generated on:           May 23 2026  02:27:13 pm
  Module:                 multiplier32FP
  Operating conditions:   PVT_0P9V_125C 
  Operating conditions:   PVT_1P32V_0C 
  Interconnect mode:      global
  Area mode:              physical library
============================================================

Timing
--------

Clock Period 
-------------
clk   2222.0 


  Cost    Critical              Violating 
 Group   Path Slack     TNS       Paths   
------------------------------------------
clk          -463.2   -62665.4        200 
default    No paths        0.0            
------------------------------------------
Total                 -62665.4        200 

Instance Count
--------------
Leaf Instance Count             4435 
Physical Instance count            0 
Sequential Instance Count        656 
Combinational Instance Count    3779 
Hierarchical Instance Count        4 

Area
----
Cell Area                          15260.382
Physical Cell Area                 0.000
Total Cell Area (Cell+Physical)    15260.382
Net Area                           5420.039
Total Area (Cell+Physical+Net)     20680.421

Max Fanout                         656 (clk)
Min Fanout                         0 (n_145)
Average Fanout                     2.3
Terms to net ratio                 3.2733
Terms to instance ratio            3.4726
Runtime                            742.124163 seconds
Elapsed Runtime                    745 seconds
Genus peak memory usage            2212.40 
Innovus peak memory usage          no_value 
Hostname                           localhost
