============================================================
  Generated by:           Genus(TM) Synthesis Solution 21.19-s055_1
  Generated on:           May 23 2026  02:27:13 pm
  Module:                 multiplier32FP
  Library domain:         worst
    Domain index:         0
    Technology library:   slow_vdd1v0 1.0
  Library domain:         best
    Domain index:         1
    Technology library:   fast_vdd1v2 1.0
  Operating conditions:   PVT_0P9V_125C 
  Operating conditions:   PVT_1P32V_0C 
  Interconnect mode:      global
  Area mode:              physical library
============================================================

Max_transition design rule (violation total = 2290)
Pin                                          Slew           Max     Violation
-------------------------------------------------------------------------------
i_post_norm_mul/g85340/A                      419           280           139
  --> Other violations on net                         139
i_post_norm_mul/g85469/Y                      419           280           139
  --> Other violations on net                         139
i_post_norm_mul/g84514/B                      400           280           120
  --> Other violations on net                         120
i_post_norm_mul/g84607/Y                      400           280           120
  --> Other violations on net                         120
i_post_norm_mul/g84708/B                      400           280           120
  --> Other violations on net                         120
i_post_norm_mul/g84860/Y                      400           280           120
  --> Other violations on net                         120
i_post_norm_mul/g84686/B0                     400           280           120
  --> Other violations on net                         120
i_post_norm_mul/g84760/Y                      400           280           120
  --> Other violations on net                         120
i_post_norm_mul/g84678/B0                     399           280           119
  --> Other violations on net                         119
i_post_norm_mul/g84755/Y                      399           280           119
  --> Other violations on net                         119
i_post_norm_mul/g85500/A                      372           280            92
  --> Other violations on net                         92
i_post_norm_mul/g85822/Y                      372           280            92
  --> Other violations on net                         92
i_pre_norm_mul/g1311/A                        360           280            80
  --> Other violations on net                         80
i_pre_norm_mul/g1313_0/Y                      360           280            80
  --> Other violations on net                         80
i_post_norm_mul/g86312/A                      359           280            79
  --> Other violations on net                         79
i_post_norm_mul/g86391/Y                      359           280            79
  --> Other violations on net                         79
i_pre_norm_mul/g1327/A                        359           280            79
  --> Other violations on net                         79
i_pre_norm_mul/g1336_0/Y                      359           280            79
  --> Other violations on net                         79
i_post_norm_mul/g84794/A                      317           280            37
  --> Other violations on net                         112
i_post_norm_mul/g84253/A0                     317           280            37
  --> Other violations on net                         112
i_post_norm_mul/g87066/AN                     317           280            37
  --> Other violations on net                         112
i_post_norm_mul/s_expo1_reg[2]/Q              317           280            37
  --> Other violations on net                         112
i_post_norm_mul/g84567/B1                     329           280            49
  --> Other violations on net                         49
i_post_norm_mul/g84676/Y                      329           280            49
  --> Other violations on net                         49
i_post_norm_mul/g86301/B0                     301           280            21
  --> Other violations on net                         21
i_post_norm_mul/g86396/Y                      301           280            21
  --> Other violations on net                         21
i_post_norm_mul/g84485/A0                     286           280             6
  --> Other violations on net                         30
i_post_norm_mul/g84427/A0                     286           280             6
  --> Other violations on net                         30
i_post_norm_mul/g84530/A0                     286           280             6
  --> Other violations on net                         30
i_post_norm_mul/g84542/AN                     286           280             6
  --> Other violations on net                         30
i_post_norm_mul/g84660/AN                     286           280             6
  --> Other violations on net                         30
i_post_norm_mul/g85043/Y                      286           280             6
  --> Other violations on net                         30
i_post_norm_mul/g85290/B0                     288           280             8
  --> Other violations on net                         8
i_post_norm_mul/g85787/Y                      288           280             8
  --> Other violations on net                         8
i_post_norm_mul/g85336/B1                     287           280             7
  --> Other violations on net                         7
i_post_norm_mul/g85406/Y                      287           280             7
  --> Other violations on net                         7
i_post_norm_mul/g84427/B1                     284           280             4
  --> Other violations on net                         4
i_post_norm_mul/g84501/Y                      284           280             4
  --> Other violations on net                         4
i_mul_24/mul_196_46_g656__7482/B              282           280             2
  --> Other violations on net                         5
i_mul_24/mul_196_46_g661/A                    282           280             2
  --> Other violations on net                         5
i_mul_24/mul_196_46_g662__9315/Y              282           280             2
  --> Other violations on net                         5
i_post_norm_mul/g85404/B0                     283           280             3
  --> Other violations on net                         3
i_post_norm_mul/g85874/Y                      283           280             3
  --> Other violations on net                         3
i_mul_24/mul_195_46_g656__6161/B              282           280             2
  --> Other violations on net                         4
i_mul_24/mul_195_46_g661/A                    282           280             2
  --> Other violations on net                         4
i_mul_24/mul_195_46_g662__2883/Y              282           280             2
  --> Other violations on net                         4
i_mul_24/mul_194_38_g656__9945/B              282           280             2
  --> Other violations on net                         4
i_mul_24/mul_194_38_g661/A                    282           280             2
  --> Other violations on net                         4
i_mul_24/mul_194_38_g662__1666/Y              282           280             2
  --> Other violations on net                         4
i_mul_24/mul_197_52_g656__1881/B              282           280             2
  --> Other violations on net                         4
i_mul_24/mul_197_52_g661/A                    282           280             2
  --> Other violations on net                         4
i_mul_24/mul_197_52_g662__4733/Y              282           280             2
  --> Other violations on net                         4


Max_capacitance design rule: no violations.


Max_fanout design rule: no constraints.



