============================================================
  Generated by:           Genus(TM) Synthesis Solution 21.19-s055_1
  Generated on:           May 23 2026  02:27:13 pm
  Module:                 multiplier32FP
  Library domain:         worst
    Domain index:         0
    Technology library:   slow_vdd1v0 1.0
  Library domain:         best
    Domain index:         1
    Technology library:   fast_vdd1v2 1.0
  Operating conditions:   PVT_0P9V_125C 
  Operating conditions:   PVT_1P32V_0C 
  Interconnect mode:      global
  Area mode:              physical library
============================================================

     Instance         Module     Cell Count  Cell Area  Net Area   Total Area 
------------------------------------------------------------------------------
multiplier32FP                         4435  15260.382  5420.039    20680.421 
  i_mul_24        mul_24               1761   7562.988  1959.962     9522.950 
  i_post_norm_mul post_norm_mul        2369   6774.678  2991.981     9766.659 
  i_pre_norm_mul  pre_norm_mul           83    243.162    71.500      314.662 
  u_fsm           fpu_fsm                37    113.544    40.083      153.627 
