============================================================
  Generated by:           Genus(TM) Synthesis Solution 21.19-s055_1
  Generated on:           May 23 2026  02:27:13 pm
  Module:                 multiplier32FP
  Operating conditions:   PVT_0P9V_125C 
  Operating conditions:   PVT_1P32V_0C 
  Interconnect mode:      global
  Area mode:              physical library
============================================================


Path 1: VIOLATED (-463 ps) Setup Check with Pin i_mul_24/prod2_reg[3][0][22]/CK->D
          Group: clk
     Startpoint: (R) i_mul_24/count_reg[1]/CK
          Clock: (R) clk
       Endpoint: (R) i_mul_24/prod2_reg[3][0][22]/D
          Clock: (R) clk

                     Capture       Launch     
        Clock Edge:+    2222            0     
       Src Latency:+       0            0     
       Net Latency:+     100 (I)      100 (I) 
           Arrival:=    2322          100     
                                              
             Setup:-     231                  
       Uncertainty:-      50                  
     Required Time:=    2041                  
      Launch Clock:-     100                  
         Data Path:-    2404                  
             Slack:=    -463                  

#------------------------------------------------------------------------------------------------------------------
#               Timing Point                Flags   Arc   Edge   Cell     Fanout Load Trans Delay Arrival Instance 
#                                                                                (fF)  (ps)  (ps)   (ps)  Location 
#------------------------------------------------------------------------------------------------------------------
  i_mul_24/count_reg[1]/CK                  -       -     R     (arrival)    656    -     0     0     100    (-,-) 
  i_mul_24/count_reg[1]/Q                   -       CK->Q F     DFFHQX4        2 14.5   109   270     370    (-,-) 
  i_mul_24/fopt9043/Y                       -       A->Y  R     CLKINVX20     14 45.0    78    88     458    (-,-) 
  i_mul_24/fopt9040/Y                       -       A->Y  F     CLKINVX8       1  3.4    35    53     511    (-,-) 
  i_mul_24/g7830__9315/Y                    -       S0->Y R     CLKMX2X3       1  9.3    94   220     731    (-,-) 
  i_mul_24/g7797/Y                          -       A->Y  F     CLKINVX16     10 29.7    80    81     812    (-,-) 
  i_mul_24/mul_194_38_g717__8246/Y          -       B->Y  F     CLKAND2X6      2  5.8    45   116     928    (-,-) 
  i_mul_24/mul_194_38_g746__6417/Y          -       B->Y  F     AND2X6         2  7.7    52    99    1027    (-,-) 
  i_mul_24/mul_194_38_g673__4319/Y          -       B->Y  R     NOR2X6         1  4.1    58    59    1086    (-,-) 
  i_mul_24/mul_194_38_cdnfadd_006_1__2802/S -       A->S  F     ADDFHX1        1  3.7   115   326    1412    (-,-) 
  i_mul_24/mul_194_38_cdnfadd_006_2__1705/S -       CI->S R     ADDFHX2        2  7.6   120   386    1798    (-,-) 
  i_mul_24/mul_194_38_g631__3680/Y          -       B->Y  R     OR2X6          2  8.4    48   136    1934    (-,-) 
  i_mul_24/mul_194_38_g620__6260/Y          -       B->Y  F     NAND2X8        1  5.8    81    75    2009    (-,-) 
  i_mul_24/mul_194_38_g616__6417/Y          -       A->Y  R     NOR2X8         1  6.1    64    86    2095    (-,-) 
  i_mul_24/mul_194_38_g614__7410/Y          -       B->Y  F     NOR2X8         3 10.7    70    62    2157    (-,-) 
  i_mul_24/mul_194_38_g612__2346/Y          -       B->Y  R     NOR2X8         1  6.1    65    68    2226    (-,-) 
  i_mul_24/mul_194_38_g610__9945/Y          -       B->Y  F     NOR2X8         2  5.6    52    53    2279    (-,-) 
  i_mul_24/mul_194_38_g608__6161/Y          -       S0->Y R     CLKMX2X3       4  8.8    91   226    2504    (-,-) 
  i_mul_24/prod2_reg[3][0][22]/D            <<<     -     R     EDFFHQX1       4    -     -     0    2504    (-,-) 
#------------------------------------------------------------------------------------------------------------------

