============================================================
  Generated by:           Genus(TM) Synthesis Solution 21.19-s055_1
  Generated on:           May 22 2026  03:01:07 pm
  Module:                 multiplier32FP
  Operating conditions:   PVT_0P9V_125C 
  Operating conditions:   PVT_1P32V_0C 
  Interconnect mode:      global
  Area mode:              physical library
============================================================

Timing
--------

Clock Period 
-------------
clk   8000.0 


  Cost    Critical         Violating 
 Group   Path Slack  TNS     Paths   
-------------------------------------
clk          1716.9   0.0          0 
default    No paths   0.0            
-------------------------------------
Total                 0.0          0 

Instance Count
--------------
Leaf Instance Count             3428 
Physical Instance count            0 
Sequential Instance Count        656 
Combinational Instance Count    2772 
Hierarchical Instance Count        4 

Area
----
Cell Area                          10529.838
Physical Cell Area                 0.000
Total Cell Area (Cell+Physical)    10529.838
Net Area                           4439.849
Total Area (Cell+Physical+Net)     14969.687

Max Fanout                         656 (clk)
Min Fanout                         0 (n_126)
Average Fanout                     2.4
Terms to net ratio                 3.3712
Terms to instance ratio            3.7036
Runtime                            861.8649099999999 seconds
Elapsed Runtime                    864 seconds
Genus peak memory usage            1845.01 
Innovus peak memory usage          no_value 
Hostname                           localhost
