============================================================
  Generated by:           Genus(TM) Synthesis Solution 21.19-s055_1
  Generated on:           May 22 2026  03:01:06 pm
  Module:                 multiplier32FP
  Operating conditions:   PVT_0P9V_125C 
  Operating conditions:   PVT_1P32V_0C 
  Interconnect mode:      global
  Area mode:              physical library
============================================================

                                                Library 
   Gate     Instances    Area        Library     Domain 
--------------------------------------------------------
ADDFX1            151    774.630    slow_vdd1v0   worst 
ADDHX1             50    188.100    slow_vdd1v0   worst 
ADDHX2              2     10.260    slow_vdd1v0   worst 
AND2X1            331    452.808    slow_vdd1v0   worst 
AND2X2             30     51.300    slow_vdd1v0   worst 
AND2X4              5     13.680    slow_vdd1v0   worst 
AND2X6              9     33.858    slow_vdd1v0   worst 
AND3X1              4      9.576    slow_vdd1v0   worst 
AND3X4              1      3.078    slow_vdd1v0   worst 
AND3XL             15     30.780    slow_vdd1v0   worst 
AND4X1             20     47.880    slow_vdd1v0   worst 
AND4X6              1      5.814    slow_vdd1v0   worst 
AO21X1             53    126.882    slow_vdd1v0   worst 
AO21X2              1      2.736    slow_vdd1v0   worst 
AO22X1             46    125.856    slow_vdd1v0   worst 
AOI211X1           12     28.728    slow_vdd1v0   worst 
AOI211X2           18     61.560    slow_vdd1v0   worst 
AOI21X1           151    258.210    slow_vdd1v0   worst 
AOI21X2             4     10.944    slow_vdd1v0   worst 
AOI221X2           15     66.690    slow_vdd1v0   worst 
AOI22X1           164    336.528    slow_vdd1v0   worst 
AOI2BB1X1          35     71.820    slow_vdd1v0   worst 
AOI2BB1X2           2      6.156    slow_vdd1v0   worst 
AOI31X2             5     17.100    slow_vdd1v0   worst 
BUFX2              25     42.750    slow_vdd1v0   worst 
BUFX6               1      3.078    slow_vdd1v0   worst 
BUFX8              37    139.194    slow_vdd1v0   worst 
CLKAND2X12          6     45.144    slow_vdd1v0   worst 
CLKAND2X8           1      5.814    slow_vdd1v0   worst 
CLKINVX12           1      4.104    slow_vdd1v0   worst 
CLKINVX4            4      6.840    slow_vdd1v0   worst 
CLKINVX6            3      7.182    slow_vdd1v0   worst 
CLKINVX8            1      3.078    slow_vdd1v0   worst 
CLKMX2X2            1      3.078    slow_vdd1v0   worst 
CLKMX2X3           24     98.496    slow_vdd1v0   worst 
CLKXOR2X1          11     30.096    slow_vdd1v0   worst 
DFFHQX1           250   1368.000    slow_vdd1v0   worst 
DFFHQX2             2     13.680    slow_vdd1v0   worst 
DFFHQX8             3     27.702    slow_vdd1v0   worst 
DFFQX2              2     12.996    slow_vdd1v0   worst 
DFFQX4              4     28.728    slow_vdd1v0   worst 
DFFRHQX1           39    240.084    slow_vdd1v0   worst 
DFFRHQX4            1      9.576    slow_vdd1v0   worst 
DFFRX1              1      6.840    slow_vdd1v0   worst 
DFFRX2              3     22.572    slow_vdd1v0   worst 
DFFTRX4             1     10.944    slow_vdd1v0   worst 
DFFX1               6     43.092    slow_vdd1v0   worst 
DFFX2              42    344.736    slow_vdd1v0   worst 
DFFX4              12    110.808    slow_vdd1v0   worst 
EDFFHQX1          288   2462.400    slow_vdd1v0   worst 
EDFFX2              1      9.234    slow_vdd1v0   worst 
INVX1             135     92.340    slow_vdd1v0   worst 
INVX2              29     29.754    slow_vdd1v0   worst 
INVX3              10     13.680    slow_vdd1v0   worst 
INVX6               1      2.394    slow_vdd1v0   worst 
MDFFHQX2            1      9.234    slow_vdd1v0   worst 
MX2X1             115    275.310    slow_vdd1v0   worst 
MXI2X1              2      5.472    slow_vdd1v0   worst 
MXI2X2             22     97.812    slow_vdd1v0   worst 
NAND2BX1           33     45.144    slow_vdd1v0   worst 
NAND2BX2           15     35.910    slow_vdd1v0   worst 
NAND2X1            95     97.470    slow_vdd1v0   worst 
NAND2X2            63    107.730    slow_vdd1v0   worst 
NAND2X4             1      3.420    slow_vdd1v0   worst 
NAND3BX2            4     12.312    slow_vdd1v0   worst 
NAND3BX4            1      5.130    slow_vdd1v0   worst 
NAND3X2             8     21.888    slow_vdd1v0   worst 
NOR2BX1            62     84.816    slow_vdd1v0   worst 
NOR2BX2             5     13.680    slow_vdd1v0   worst 
NOR2BX4             2      7.524    slow_vdd1v0   worst 
NOR2X1             70     71.820    slow_vdd1v0   worst 
NOR2X2             17     29.070    slow_vdd1v0   worst 
NOR3X1              3      5.130    slow_vdd1v0   worst 
NOR3X2              3      8.208    slow_vdd1v0   worst 
NOR3X4              1      5.130    slow_vdd1v0   worst 
NOR4X2              9     30.780    slow_vdd1v0   worst 
OA21X1             65    133.380    slow_vdd1v0   worst 
OA22X1            111    265.734    slow_vdd1v0   worst 
OAI21X1           100    171.000    slow_vdd1v0   worst 
OAI21X2             3      9.234    slow_vdd1v0   worst 
OAI22X1            50    102.600    slow_vdd1v0   worst 
OAI22X2             1      3.420    slow_vdd1v0   worst 
OAI2BB1X1         210    359.100    slow_vdd1v0   worst 
OAI2BB1X2           7     21.546    slow_vdd1v0   worst 
OAI31X1             9     18.468    slow_vdd1v0   worst 
OAI31X2             5     18.810    slow_vdd1v0   worst 
OR2X1             119    162.792    slow_vdd1v0   worst 
OR2X2              17     29.070    slow_vdd1v0   worst 
OR2X4               9     24.624    slow_vdd1v0   worst 
OR2X6               2      7.524    slow_vdd1v0   worst 
OR3X1              39     80.028    slow_vdd1v0   worst 
OR3X2               1      2.394    slow_vdd1v0   worst 
OR3X4               1      3.078    slow_vdd1v0   worst 
OR4X1              40     82.080    slow_vdd1v0   worst 
XNOR2X1            37     88.578    slow_vdd1v0   worst 
--------------------------------------------------------
total            3428  10529.838                


                                          
     Type      Instances    Area   Area % 
------------------------------------------
sequential           656  4720.626   44.8 
inverter             184   159.372    1.5 
buffer                63   185.022    1.8 
logic               2525  5464.818   51.9 
physical_cells         0     0.000    0.0 
------------------------------------------
total               3428 10529.838  100.0 

