============================================================
  Generated by:           Genus(TM) Synthesis Solution 21.19-s055_1
  Generated on:           May 22 2026  03:01:06 pm
  Module:                 multiplier32FP
  Operating conditions:   PVT_0P9V_125C 
  Operating conditions:   PVT_1P32V_0C 
  Interconnect mode:      global
  Area mode:              physical library
============================================================


Path 1: MET (1717 ps) Setup Check with Pin i_mul_24/sum_reg[3][23]/CK->D
          Group: clk
     Startpoint: (R) i_mul_24/count_reg[0]/CK
          Clock: (R) clk
       Endpoint: (R) i_mul_24/sum_reg[3][23]/D
          Clock: (R) clk

                     Capture       Launch     
        Clock Edge:+    8000            0     
       Src Latency:+       0            0     
       Net Latency:+     100 (I)      100 (I) 
           Arrival:=    8100          100     
                                              
             Setup:-     287                  
       Uncertainty:-      50                  
     Required Time:=    7763                  
      Launch Clock:-     100                  
         Data Path:-    5946                  
             Slack:=    1717                  

#-------------------------------------------------------------------------------------------------------------------------------
#                     Timing Point                      Flags    Arc   Edge   Cell     Fanout Load Trans Delay Arrival Instance 
#                                                                                             (fF)  (ps)  (ps)   (ps)  Location 
#-------------------------------------------------------------------------------------------------------------------------------
  i_mul_24/count_reg[0]/CK                              -       -      R     (arrival)    656    -     0     0     100    (-,-) 
  i_mul_24/count_reg[0]/Q                               -       CK->Q  R     MDFFHQX2       2  5.4    69   214     314    (-,-) 
  i_mul_24/drc_bufs5766/Y                               -       A->Y   F     INVX1          1  3.2   100    94     408    (-,-) 
  i_mul_24/drc_bufs5765/Y                               -       A->Y   R     INVX1          3  9.5   218   174     582    (-,-) 
  i_mul_24/g5764/Y                                      -       A->Y   F     INVX3         13 27.8   274   250     832    (-,-) 
  i_mul_24/g5728__7098/Y                                -       B->Y   F     AND2X6        27 49.0   235   306    1138    (-,-) 
  i_mul_24/g5627__2346/Y                                -       B1->Y  R     AOI22X1        1  3.7   227   255    1393    (-,-) 
  i_mul_24/g5559__5122/Y                                -       B->Y   F     NAND2X2        1  3.3   149   195    1588    (-,-) 
  i_mul_24/WALLACE_CSA_DUMMY_OP_groupi893_g693__5526/S  -       A->S   R     ADDHX1         1  3.5    91   280    1868    (-,-) 
  i_mul_24/WALLACE_CSA_DUMMY_OP_groupi893_g683__2346/CO -       B->CO  R     ADDHX1         2  4.8   115   201    2069    (-,-) 
  i_mul_24/WALLACE_CSA_DUMMY_OP_groupi893_g679__6161/Y  -       A0->Y  R     AO21X1         1  3.5    91   232    2301    (-,-) 
  i_mul_24/WALLACE_CSA_DUMMY_OP_groupi893_g677__7482/CO -       CI->CO R     ADDFX1         1  3.5    98   246    2547    (-,-) 
  i_mul_24/WALLACE_CSA_DUMMY_OP_groupi893_g676__5115/CO -       CI->CO R     ADDFX1         1  3.5    98   250    2797    (-,-) 
  i_mul_24/WALLACE_CSA_DUMMY_OP_groupi893_g675__1881/CO -       CI->CO R     ADDFX1         1  3.5    98   250    3046    (-,-) 
  i_mul_24/WALLACE_CSA_DUMMY_OP_groupi893_g674__6131/CO -       CI->CO R     ADDFX1         1  3.5    98   250    3296    (-,-) 
  i_mul_24/WALLACE_CSA_DUMMY_OP_groupi893_g673__7098/CO -       CI->CO R     ADDFX1         1  3.5    98   250    3545    (-,-) 
  i_mul_24/WALLACE_CSA_DUMMY_OP_groupi893_g672__8246/CO -       CI->CO R     ADDFX1         1  3.5    98   250    3795    (-,-) 
  i_mul_24/WALLACE_CSA_DUMMY_OP_groupi893_g671__5122/CO -       CI->CO R     ADDFX1         1  3.5    98   250    4045    (-,-) 
  i_mul_24/WALLACE_CSA_DUMMY_OP_groupi893_g670__1705/CO -       CI->CO R     ADDFX1         1  3.5    98   250    4294    (-,-) 
  i_mul_24/WALLACE_CSA_DUMMY_OP_groupi893_g669__2802/CO -       CI->CO R     ADDFX1         1  3.5    98   250    4544    (-,-) 
  i_mul_24/WALLACE_CSA_DUMMY_OP_groupi893_g668__1617/CO -       CI->CO R     ADDFX1         1  3.5    98   250    4793    (-,-) 
  i_mul_24/WALLACE_CSA_DUMMY_OP_groupi893_g667__3680/CO -       CI->CO R     ADDFX1         1  3.5    98   250    5043    (-,-) 
  i_mul_24/WALLACE_CSA_DUMMY_OP_groupi893_g666__6783/CO -       B->CO  R     ADDHX1         1  3.5    88   190    5233    (-,-) 
  i_mul_24/WALLACE_CSA_DUMMY_OP_groupi893_g665__5526/CO -       B->CO  R     ADDHX1         1  3.5    88   185    5418    (-,-) 
  i_mul_24/WALLACE_CSA_DUMMY_OP_groupi893_g664__8428/CO -       B->CO  R     ADDHX1         1  3.5    88   185    5602    (-,-) 
  i_mul_24/WALLACE_CSA_DUMMY_OP_groupi893_g663__4319/CO -       B->CO  R     ADDHX1         1  3.3    84   182    5785    (-,-) 
  i_mul_24/WALLACE_CSA_DUMMY_OP_groupi893_g662__6260/Y  -       B->Y   R     CLKXOR2X1      4  8.8   199   261    6046    (-,-) 
  i_mul_24/sum_reg[3][23]/D                             <<<     -      R     EDFFHQX1       4    -     -     0    6046    (-,-) 
#-------------------------------------------------------------------------------------------------------------------------------

