============================================================
  Generated by:           Genus(TM) Synthesis Solution 21.19-s055_1
  Generated on:           May 22 2026  03:01:06 pm
  Module:                 multiplier32FP
  Library domain:         worst
    Domain index:         0
    Technology library:   slow_vdd1v0 1.0
  Library domain:         best
    Domain index:         1
    Technology library:   fast_vdd1v2 1.0
  Operating conditions:   PVT_0P9V_125C 
  Operating conditions:   PVT_1P32V_0C 
  Interconnect mode:      global
  Area mode:              physical library
============================================================

     Instance         Module     Cell Count  Cell Area  Net Area   Total Area 
------------------------------------------------------------------------------
multiplier32FP                         3428  10529.838  4439.849    14969.687 
  i_mul_24        mul_24               1069   4672.746  1321.783     5994.529 
  i_post_norm_mul post_norm_mul        2120   5078.016  2711.359     7789.375 
  i_pre_norm_mul  pre_norm_mul           39    143.640    31.113      174.753 
  u_fsm           fpu_fsm                34    112.176    37.137      149.313 
