============================================================
  Generated by:           Genus(TM) Synthesis Solution 21.19-s055_1
  Generated on:           May 23 2026  03:31:36 pm
  Module:                 multiplier32FP
  Operating conditions:   PVT_0P9V_125C 
  Operating conditions:   PVT_1P32V_0C 
  Interconnect mode:      global
  Area mode:              physical library
============================================================

Timing
--------

Clock Period 
-------------
clk   1739.0 


  Cost    Critical               Violating 
 Group   Path Slack     TNS        Paths   
-------------------------------------------
clk          -814.7   -173255.6        428 
default    No paths         0.0            
-------------------------------------------
Total                 -173255.6        428 

Instance Count
--------------
Leaf Instance Count             4757 
Physical Instance count            0 
Sequential Instance Count        656 
Combinational Instance Count    4101 
Hierarchical Instance Count        4 

Area
----
Cell Area                          18122.238
Physical Cell Area                 0.000
Total Cell Area (Cell+Physical)    18122.238
Net Area                           5695.111
Total Area (Cell+Physical+Net)     23817.349

Max Fanout                         656 (clk)
Min Fanout                         0 (n_148)
Average Fanout                     2.3
Terms to net ratio                 3.2658
Terms to instance ratio            3.3963
Runtime                            775.850731 seconds
Elapsed Runtime                    779 seconds
Genus peak memory usage            2224.70 
Innovus peak memory usage          no_value 
Hostname                           localhost
