============================================================
  Generated by:           Genus(TM) Synthesis Solution 21.19-s055_1
  Generated on:           May 23 2026  03:31:35 pm
  Module:                 multiplier32FP
  Library domain:         worst
    Domain index:         0
    Technology library:   slow_vdd1v0 1.0
  Library domain:         best
    Domain index:         1
    Technology library:   fast_vdd1v2 1.0
  Operating conditions:   PVT_0P9V_125C 
  Operating conditions:   PVT_1P32V_0C 
  Interconnect mode:      global
  Area mode:              physical library
============================================================

Max_transition design rule (violation total = 1523)
Pin                                                            Slew           Max     Violation
-------------------------------------------------------------------------------------------------
i_mul_24/mul_197_52_g3990/A                                     377           280            97
  --> Other violations on net                                           194
i_mul_24/mul_197_52_g3989/A                                     377           280            97
  --> Other violations on net                                           194
i_mul_24/mul_197_52_g4030/Y                                     377           280            97
  --> Other violations on net                                           194
i_post_norm_mul/g85596/A                                        289           280             9
  --> Other violations on net                                           150
i_post_norm_mul/g84002/B1                                       289           280             9
  --> Other violations on net                                           150
i_post_norm_mul/g83971/A0                                       289           280             9
  --> Other violations on net                                           150
i_post_norm_mul/g84016/B1                                       289           280             9
  --> Other violations on net                                           150
i_post_norm_mul/g84024/A0                                       289           280             9
  --> Other violations on net                                           150
i_post_norm_mul/g84029/A0                                       289           280             9
  --> Other violations on net                                           150
i_post_norm_mul/g84030/A0                                       289           280             9
  --> Other violations on net                                           150
i_post_norm_mul/g84090/A0                                       289           280             9
  --> Other violations on net                                           150
i_post_norm_mul/g84097/A0N                                      289           280             9
  --> Other violations on net                                           150
i_post_norm_mul/g84098/A0N                                      289           280             9
  --> Other violations on net                                           150
i_post_norm_mul/g84099/A0N                                      289           280             9
  --> Other violations on net                                           150
i_post_norm_mul/g84101/A0                                       289           280             9
  --> Other violations on net                                           150
i_post_norm_mul/g84103/B0                                       289           280             9
  --> Other violations on net                                           150
i_post_norm_mul/g84108/A0                                       289           280             9
  --> Other violations on net                                           150
i_post_norm_mul/g84109/B0                                       289           280             9
  --> Other violations on net                                           150
i_post_norm_mul/g84269/A0                                       289           280             9
  --> Other violations on net                                           150
i_post_norm_mul/g85657/Y                                        289           280             9
  --> Other violations on net                                           150
i_post_norm_mul/g84727/B                                        354           280            74
  --> Other violations on net                                           74
i_post_norm_mul/g84880/Y                                        354           280            74
  --> Other violations on net                                           74
i_post_norm_mul/g84735/B                                        352           280            72
  --> Other violations on net                                           72
i_post_norm_mul/g84852/Y                                        352           280            72
  --> Other violations on net                                           72
i_post_norm_mul/g84733/B                                        351           280            71
  --> Other violations on net                                           71
i_post_norm_mul/g84850/Y                                        351           280            71
  --> Other violations on net                                           71
i_post_norm_mul/g84736/B                                        351           280            71
  --> Other violations on net                                           71
i_post_norm_mul/g84878/Y                                        351           280            71
  --> Other violations on net                                           71
i_post_norm_mul/g84731/B                                        351           280            71
  --> Other violations on net                                           71
i_post_norm_mul/g84875/Y                                        351           280            71
  --> Other violations on net                                           71
i_post_norm_mul/g83647/A                                        343           280            63
  --> Other violations on net                                           63
i_post_norm_mul/g85311/Y                                        343           280            63
  --> Other violations on net                                           63
i_post_norm_mul/g83680/A1                                       318           280            38
  --> Other violations on net                                           38
i_post_norm_mul/g83732/Y                                        318           280            38
  --> Other violations on net                                           38
i_post_norm_mul/g84021/A1                                       286           280             6
  --> Other violations on net                                           31
i_post_norm_mul/g84696/A                                        286           280             6
  --> Other violations on net                                           31
i_post_norm_mul/g84020/A0                                       286           280             6
  --> Other violations on net                                           31
i_post_norm_mul/g84022/A0                                       286           280             6
  --> Other violations on net                                           31
i_post_norm_mul/g84023/A0                                       286           280             6
  --> Other violations on net                                           31
i_post_norm_mul/g84754/Y                                        286           280             6
  --> Other violations on net                                           31
i_post_norm_mul/g83909/A                                        297           280            17
  --> Other violations on net                                           17
i_post_norm_mul/g84209/Y                                        297           280            17
  --> Other violations on net                                           17
i_post_norm_mul/g83855/B0                                       292           280            12
  --> Other violations on net                                           12
i_post_norm_mul/g84388/Y                                        292           280            12
  --> Other violations on net                                           12
i_post_norm_mul/g84942/A0                                       291           280            11
  --> Other violations on net                                           11
i_post_norm_mul/g85383/Y                                        291           280            11
  --> Other violations on net                                           11
i_post_norm_mul/g83897/A0N                                      286           280             6
  --> Other violations on net                                           6
i_post_norm_mul/g84155/Y                                        286           280             6
  --> Other violations on net                                           6
i_post_norm_mul/g83938/A0                                       282           280             2
  --> Other violations on net                                           7
i_post_norm_mul/g83936/A0                                       282           280             2
  --> Other violations on net                                           7
i_post_norm_mul/g83941/A0                                       282           280             2
  --> Other violations on net                                           7
i_post_norm_mul/g85657/B                                        282           280             2
  --> Other violations on net                                           7
i_post_norm_mul/g85681/Y                                        282           280             2
  --> Other violations on net                                           7
i_post_norm_mul/g85014/A                                        283           280             3
  --> Other violations on net                                           3
i_post_norm_mul/g85180/Y                                        283           280             3
  --> Other violations on net                                           3
i_post_norm_mul/g84097/B0                                       282           280             2
  --> Other violations on net                                           2
i_post_norm_mul/g84283/Y                                        282           280             2
  --> Other violations on net                                           2
i_post_norm_mul/g85938/A                                        280           280             0
  --> Other violations on net                                           1
i_post_norm_mul/g85871/C                                        280           280             0
  --> Other violations on net                                           1
i_post_norm_mul/g86139/Y                                        280           280             0
  --> Other violations on net                                           1
i_post_norm_mul/g85792/B                                        280           280             0
  --> Other violations on net                                           0
i_post_norm_mul/g85800/Y                                        280           280             0
  --> Other violations on net                                           0
i_mul_24/WALLACE_CSA_DUMMY_OP_groupi_g2194__2398/B              280           280             0
  --> Other violations on net                                           0
i_mul_24/WALLACE_CSA_DUMMY_OP_groupi_g2238__3680/Y              280           280             0
  --> Other violations on net                                           0
i_post_norm_mul/g84732/B                                        280           280             0
  --> Other violations on net                                           0
i_post_norm_mul/g84876/Y                                        280           280             0
  --> Other violations on net                                           0


Max_capacitance design rule: no violations.


Max_fanout design rule: no constraints.



