============================================================
  Generated by:           Genus(TM) Synthesis Solution 21.19-s055_1
  Generated on:           May 23 2026  03:31:35 pm
  Module:                 multiplier32FP
  Operating conditions:   PVT_0P9V_125C 
  Operating conditions:   PVT_1P32V_0C 
  Interconnect mode:      global
  Area mode:              physical library
============================================================


Path 1: VIOLATED (-815 ps) Setup Check with Pin i_mul_24/prod2_reg[2][2][15]/CK->D1
          Group: clk
     Startpoint: (R) i_mul_24/count_reg[0]/CK
          Clock: (R) clk
       Endpoint: (R) i_mul_24/prod2_reg[2][2][15]/D1
          Clock: (R) clk

                     Capture       Launch     
        Clock Edge:+    1739            0     
       Src Latency:+       0            0     
       Net Latency:+     100 (I)      100 (I) 
           Arrival:=    1839          100     
                                              
             Setup:-     221                  
       Uncertainty:-      50                  
     Required Time:=    1568                  
      Launch Clock:-     100                  
         Data Path:-    2282                  
             Slack:=    -815                  

#--------------------------------------------------------------------------------------------------------
#          Timing Point           Flags   Arc   Edge   Cell     Fanout Load Trans Delay Arrival Instance 
#                                                                      (fF)  (ps)  (ps)   (ps)  Location 
#--------------------------------------------------------------------------------------------------------
  i_mul_24/count_reg[0]/CK        -       -     R     (arrival)    656    -     0     0     100    (-,-) 
  i_mul_24/count_reg[0]/Q         -       CK->Q R     DFFHQX4        2 11.0    71   228     328    (-,-) 
  i_mul_24/g5383/Y                -       A->Y  F     CLKINVX16     19 53.9   116    95     423    (-,-) 
  i_mul_24/g8679__1617/Y          -       B->Y  R     NOR2X2         1  3.7   119   125     548    (-,-) 
  i_mul_24/g8956__8428/Y          -       B->Y  R     OR2X8         12 28.6    95   172     719    (-,-) 
  i_mul_24/mul_196_46_g4061/Y     -       B->Y  R     CLKAND2X6      3  8.6    49   131     850    (-,-) 
  i_mul_24/mul_196_46_g4095/Y     -       AN->Y R     NOR2BX2        1  4.5   128   170    1020    (-,-) 
  i_mul_24/mul_196_46_g4001/Y     -       B->Y  F     NOR2X4         1  3.7    56    89    1108    (-,-) 
  i_mul_24/mul_196_46_g3934/S     -       CI->S R     ADDFHX2        3 11.6   160   381    1489    (-,-) 
  i_mul_24/fopt10552/Y            -       A->Y  F     INVX6          2  7.3    68   103    1592    (-,-) 
  i_mul_24/mul_196_46_g3921/Y     -       A1->Y R     OAI21X4        1  3.9    83    86    1678    (-,-) 
  i_mul_24/mul_196_46_g3917/Y     -       B->Y  R     CLKAND2X6      2  7.6    45   124    1802    (-,-) 
  i_mul_24/mul_196_46_g3889/Y     -       B->Y  F     NOR2X6         3 10.2    80    59    1860    (-,-) 
  i_mul_24/mul_196_46_g3881/Y     -       B->Y  R     NOR2X6         1  6.1    75    79    1939    (-,-) 
  i_mul_24/mul_196_46_g3866/Y     -       A->Y  F     NAND2X8        2  7.3    92   104    2043    (-,-) 
  i_mul_24/mul_196_46_g3857/Y     -       A1->Y R     AOI21X4        1  3.3    73    97    2140    (-,-) 
  i_mul_24/mul_196_46_g3855/Y     -       S0->Y R     MXI2X4         4  8.8    64   242    2382    (-,-) 
  i_mul_24/prod2_reg[2][2][15]/D1 <<<     -     R     MDFFHQX2       4    -     -     0    2382    (-,-) 
#--------------------------------------------------------------------------------------------------------

