============================================================
  Generated by:           Genus(TM) Synthesis Solution 21.19-s055_1
  Generated on:           May 25 2026  09:38:16 am
  Module:                 multiplier32FP
  Library domain:         worst
    Domain index:         0
    Technology library:   slow_vdd1v0 1.0
  Library domain:         best
    Domain index:         1
    Technology library:   fast_vdd1v2 1.0
  Operating conditions:   PVT_0P9V_125C 
  Operating conditions:   PVT_1P32V_0C 
  Interconnect mode:      global
  Area mode:              physical library
============================================================

     Instance         Module     Cell Count  Cell Area  Net Area   Total Area 
------------------------------------------------------------------------------
multiplier32FP                         4220  13415.292  5252.141    18667.433 
  i_mul_24        mul_24               1531   6493.896  1763.175     8257.071 
  i_post_norm_mul post_norm_mul        2405   6016.464  3042.119     9058.583 
  i_pre_norm_mul  pre_norm_mul           68    241.110    56.143      297.253 
  u_fsm           fpu_fsm                34    112.176    37.137      149.313 
