============================================================
  Generated by:           Genus(TM) Synthesis Solution 21.19-s055_1
  Generated on:           May 25 2026  09:38:16 am
  Module:                 multiplier32FP
  Operating conditions:   PVT_0P9V_125C 
  Operating conditions:   PVT_1P32V_0C 
  Interconnect mode:      global
  Area mode:              physical library
============================================================


Path 1: MET (1 ps) Setup Check with Pin i_mul_24/sum_reg[3][23]/CK->D1
          Group: clk
     Startpoint: (R) i_mul_24/count_reg[1]/CK
          Clock: (R) clk
       Endpoint: (R) i_mul_24/sum_reg[3][23]/D1
          Clock: (R) clk

                     Capture       Launch     
        Clock Edge:+    2786            0     
       Src Latency:+       0            0     
       Net Latency:+     100 (I)      100 (I) 
           Arrival:=    2886          100     
                                              
             Setup:-     249                  
       Uncertainty:-      50                  
     Required Time:=    2586                  
      Launch Clock:-     100                  
         Data Path:-    2486                  
             Slack:=       1                  

#---------------------------------------------------------------------------------------------------------------------------------------
#                         Timing Point                          Flags   Arc   Edge    Cell     Fanout Load Trans Delay Arrival Instance 
#                                                                                                     (fF)  (ps)  (ps)   (ps)  Location 
#---------------------------------------------------------------------------------------------------------------------------------------
  i_mul_24/count_reg[1]/CK                                      -       -     R     (arrival)     656    -     0     0     100    (-,-) 
  i_mul_24/count_reg[1]/Q                                       -       CK->Q F     DFFHQX4         5 18.3   133   283     383    (-,-) 
  i_mul_24/g6322/Y                                              -       A->Y  R     CLKINVX16      17 51.4   100   107     490    (-,-) 
  i_mul_24/g6321/Y                                              -       A->Y  F     CLKINVX6        3 10.6    72    83     573    (-,-) 
  i_mul_24/g6312__7482/Y                                        -       B->Y  F     CLKAND2X12     22 56.6   152   176     749    (-,-) 
  i_mul_24/g6261/Y                                              -       A->Y  F     CLKBUFX16       8 22.0    62   154     903    (-,-) 
  i_mul_24/g6134__6783/Y                                        -       A1->Y R     AOI21X4         1  3.7    75    86     989    (-,-) 
  i_mul_24/g6031__1705/Y                                        -       B->Y  F     NAND2X2         1  4.0   150   127    1116    (-,-) 
  i_mul_24/WALLACE_CSA_DUMMY_OP_groupi893_cdnfadd_016_0__1666/S -       A->S  R     ADDFHX2         2  6.8   111   394    1510    (-,-) 
  i_mul_24/WALLACE_CSA_DUMMY_OP_groupi893_g910__3680/Y          -       B->Y  F     NOR2X2          3  6.5   125   117    1626    (-,-) 
  i_mul_24/WALLACE_CSA_DUMMY_OP_groupi893_g899__5477/Y          -       B->Y  F     OR2X1           2  6.0   165   219    1846    (-,-) 
  i_mul_24/WALLACE_CSA_DUMMY_OP_groupi893_g873__3680/Y          -       B->Y  F     OR2X1           1  4.3   123   214    2059    (-,-) 
  i_mul_24/WALLACE_CSA_DUMMY_OP_groupi893_g850__6131/Y          -       A->Y  R     NOR2X4          1  5.3    86   118    2178    (-,-) 
  i_mul_24/WALLACE_CSA_DUMMY_OP_groupi893_g844__2802/Y          -       B->Y  F     NOR2X6          4 12.1    89    83    2261    (-,-) 
  i_mul_24/WALLACE_CSA_DUMMY_OP_groupi893_g838__5526/Y          -       B->Y  R     NOR2X4          1  3.3    68    80    2341    (-,-) 
  i_mul_24/WALLACE_CSA_DUMMY_OP_groupi893_g947__1617/Y          -       B->Y  R     XOR2X2          4  8.8   123   245    2586    (-,-) 
  i_mul_24/sum_reg[3][23]/D1                                    <<<     -     R     MDFFHQX1        4    -     -     0    2586    (-,-) 
#---------------------------------------------------------------------------------------------------------------------------------------

