============================================================
  Generated by:           Genus(TM) Synthesis Solution 21.19-s055_1
  Generated on:           May 23 2026  03:18:29 pm
  Module:                 multiplier32FP
  Operating conditions:   PVT_0P9V_125C 
  Operating conditions:   PVT_1P32V_0C 
  Interconnect mode:      global
  Area mode:              physical library
============================================================

                                                Library 
   Gate     Instances    Area        Library     Domain 
--------------------------------------------------------
ADDFHX1             4     30.096    slow_vdd1v0   worst 
ADDFHX2            45    369.360    slow_vdd1v0   worst 
ADDFX1             13     66.690    slow_vdd1v0   worst 
ADDHX1             16     60.192    slow_vdd1v0   worst 
ADDHX2             11     56.430    slow_vdd1v0   worst 
ADDHX4              1      7.182    slow_vdd1v0   worst 
AND2X1            109    149.112    slow_vdd1v0   worst 
AND2X2             16     27.360    slow_vdd1v0   worst 
AND2X4              9     24.624    slow_vdd1v0   worst 
AND2X6             35    131.670    slow_vdd1v0   worst 
AND2X8              5     22.230    slow_vdd1v0   worst 
AND3X1              3      7.182    slow_vdd1v0   worst 
AND3X4              1      3.078    slow_vdd1v0   worst 
AND3X6              2      8.892    slow_vdd1v0   worst 
AND3XL              5     10.260    slow_vdd1v0   worst 
AND4X1              1      2.394    slow_vdd1v0   worst 
AND4X4              1      3.762    slow_vdd1v0   worst 
AO21X1             25     59.850    slow_vdd1v0   worst 
AO21X2              7     19.152    slow_vdd1v0   worst 
AO21X4              7     23.940    slow_vdd1v0   worst 
AO22X1             38    103.968    slow_vdd1v0   worst 
AO22X4              2      7.524    slow_vdd1v0   worst 
AOI211X1            1      2.394    slow_vdd1v0   worst 
AOI211X2           12     41.040    slow_vdd1v0   worst 
AOI211X4           13     84.474    slow_vdd1v0   worst 
AOI21X1            49     83.790    slow_vdd1v0   worst 
AOI21X2            71    194.256    slow_vdd1v0   worst 
AOI21X4           103    528.390    slow_vdd1v0   worst 
AOI221X2           14     62.244    slow_vdd1v0   worst 
AOI221X4           21    165.186    slow_vdd1v0   worst 
AOI222X1            1      3.078    slow_vdd1v0   worst 
AOI222X2            5     27.360    slow_vdd1v0   worst 
AOI222X4            3     28.728    slow_vdd1v0   worst 
AOI22X1            16     32.832    slow_vdd1v0   worst 
AOI22X2            91    342.342    slow_vdd1v0   worst 
AOI22X4            33    203.148    slow_vdd1v0   worst 
AOI2BB1X1          15     30.780    slow_vdd1v0   worst 
AOI2BB1X2          22     67.716    slow_vdd1v0   worst 
AOI2BB1X4          64    262.656    slow_vdd1v0   worst 
AOI2BB1XL           1      2.052    slow_vdd1v0   worst 
AOI2BB2X2           3     15.390    slow_vdd1v0   worst 
AOI2BB2X4          18    135.432    slow_vdd1v0   worst 
AOI31X2             8     27.360    slow_vdd1v0   worst 
AOI31X4             2     12.996    slow_vdd1v0   worst 
AOI32X2             3     13.338    slow_vdd1v0   worst 
AOI32X4             2     15.732    slow_vdd1v0   worst 
BUFX16              1      6.840    slow_vdd1v0   worst 
BUFX2               4      6.840    slow_vdd1v0   worst 
BUFX3              10     20.520    slow_vdd1v0   worst 
BUFX6              37    113.886    slow_vdd1v0   worst 
BUFX8              37    139.194    slow_vdd1v0   worst 
CLKAND2X12         20    150.480    slow_vdd1v0   worst 
CLKAND2X2          51    104.652    slow_vdd1v0   worst 
CLKAND2X3          48    147.744    slow_vdd1v0   worst 
CLKAND2X4           8     27.360    slow_vdd1v0   worst 
CLKAND2X6         104    497.952    slow_vdd1v0   worst 
CLKAND2X8           6     34.884    slow_vdd1v0   worst 
CLKBUFX12           6     30.780    slow_vdd1v0   worst 
CLKBUFX16           1      6.840    slow_vdd1v0   worst 
CLKBUFX2            1      1.710    slow_vdd1v0   worst 
CLKBUFX20           2     16.416    slow_vdd1v0   worst 
CLKBUFX3            1      2.052    slow_vdd1v0   worst 
CLKBUFX6            5     15.390    slow_vdd1v0   worst 
CLKINVX12          31    127.224    slow_vdd1v0   worst 
CLKINVX16          20    109.440    slow_vdd1v0   worst 
CLKINVX2            2      2.736    slow_vdd1v0   worst 
CLKINVX20           5     32.490    slow_vdd1v0   worst 
CLKINVX3            3      5.130    slow_vdd1v0   worst 
CLKINVX4           77    131.670    slow_vdd1v0   worst 
CLKINVX6           36     86.184    slow_vdd1v0   worst 
CLKINVX8           28     86.184    slow_vdd1v0   worst 
CLKMX2X2            8     24.624    slow_vdd1v0   worst 
CLKMX2X3           18     73.872    slow_vdd1v0   worst 
CLKXOR2X1          12     32.832    slow_vdd1v0   worst 
CLKXOR2X2           1      3.420    slow_vdd1v0   worst 
DFFHQX1           156    853.632    slow_vdd1v0   worst 
DFFHQX2             2     13.680    slow_vdd1v0   worst 
DFFHQX4            33    270.864    slow_vdd1v0   worst 
DFFHQX8            34    313.956    slow_vdd1v0   worst 
DFFQX2             30    194.940    slow_vdd1v0   worst 
DFFQX4              7     50.274    slow_vdd1v0   worst 
DFFQXL             24    131.328    slow_vdd1v0   worst 
DFFRHQX1           38    233.928    slow_vdd1v0   worst 
DFFRHQX4            1      9.576    slow_vdd1v0   worst 
DFFRX2              5     37.620    slow_vdd1v0   worst 
DFFX1              17    122.094    slow_vdd1v0   worst 
DFFX2               6     49.248    slow_vdd1v0   worst 
DFFX4              14    129.276    slow_vdd1v0   worst 
EDFFHQX1          128   1094.400    slow_vdd1v0   worst 
EDFFHQX4            1     10.602    slow_vdd1v0   worst 
EDFFX4              1     10.944    slow_vdd1v0   worst 
INVX1             122     83.448    slow_vdd1v0   worst 
INVX12              1      4.104    slow_vdd1v0   worst 
INVX16              3     16.416    slow_vdd1v0   worst 
INVX2              96     98.496    slow_vdd1v0   worst 
INVX3              91    124.488    slow_vdd1v0   worst 
INVX4               6     10.260    slow_vdd1v0   worst 
INVX8               3      9.234    slow_vdd1v0   worst 
INVXL               1      0.684    slow_vdd1v0   worst 
MDFFHQX1           37    316.350    slow_vdd1v0   worst 
MDFFHQX2            1      9.234    slow_vdd1v0   worst 
MDFFHQX4          121   1117.314    slow_vdd1v0   worst 
MX2X1              23     55.062    slow_vdd1v0   worst 
MX4X1               4     30.096    slow_vdd1v0   worst 
MXI2X2              3     13.338    slow_vdd1v0   worst 
MXI2X4             28    143.640    slow_vdd1v0   worst 
MXI2X6              2     10.260    slow_vdd1v0   worst 
NAND2BX1            9     12.312    slow_vdd1v0   worst 
NAND2BX2           21     50.274    slow_vdd1v0   worst 
NAND2BX4           15     56.430    slow_vdd1v0   worst 
NAND2BXL            1      1.368    slow_vdd1v0   worst 
NAND2X1            47     48.222    slow_vdd1v0   worst 
NAND2X2           147    251.370    slow_vdd1v0   worst 
NAND2X4           161    550.620    slow_vdd1v0   worst 
NAND2X6            67    320.796    slow_vdd1v0   worst 
NAND2X8            46    251.712    slow_vdd1v0   worst 
NAND2XL             2      2.052    slow_vdd1v0   worst 
NAND3BX1            1      2.052    slow_vdd1v0   worst 
NAND3X2             9     24.624    slow_vdd1v0   worst 
NAND3X6             2     14.364    slow_vdd1v0   worst 
NAND3X8             1      8.208    slow_vdd1v0   worst 
NAND3XL             1      1.710    slow_vdd1v0   worst 
NAND4X4             1      6.840    slow_vdd1v0   worst 
NAND4X8             1     10.260    slow_vdd1v0   worst 
NOR2BX1            31     42.408    slow_vdd1v0   worst 
NOR2BX2            29     79.344    slow_vdd1v0   worst 
NOR2BX4            24     90.288    slow_vdd1v0   worst 
NOR2BXL             1      1.710    slow_vdd1v0   worst 
NOR2X1             86     88.236    slow_vdd1v0   worst 
NOR2X2            137    234.270    slow_vdd1v0   worst 
NOR2X4            262    806.436    slow_vdd1v0   worst 
NOR2X6            134    549.936    slow_vdd1v0   worst 
NOR2X8             48    262.656    slow_vdd1v0   worst 
NOR2XL              2      2.052    slow_vdd1v0   worst 
NOR3BX2             2      6.840    slow_vdd1v0   worst 
NOR3BX4             2     11.628    slow_vdd1v0   worst 
NOR3X1              3      5.130    slow_vdd1v0   worst 
NOR3X2              5     13.680    slow_vdd1v0   worst 
NOR3X4              6     30.780    slow_vdd1v0   worst 
NOR3X6              6     43.092    slow_vdd1v0   worst 
NOR3X8              6     53.352    slow_vdd1v0   worst 
NOR3XL              1      1.710    slow_vdd1v0   worst 
NOR4BBX2            1      5.130    slow_vdd1v0   worst 
NOR4X2              8     27.360    slow_vdd1v0   worst 
NOR4X4              5     32.490    slow_vdd1v0   worst 
NOR4X6              1      8.208    slow_vdd1v0   worst 
OA21X1             58    119.016    slow_vdd1v0   worst 
OA21X2              3      9.234    slow_vdd1v0   worst 
OA21X4             11     41.382    slow_vdd1v0   worst 
OA22X1             49    117.306    slow_vdd1v0   worst 
OA22X2              2      6.840    slow_vdd1v0   worst 
OA22X4              2      8.208    slow_vdd1v0   worst 
OAI211X2            3     12.312    slow_vdd1v0   worst 
OAI211X4            2     12.996    slow_vdd1v0   worst 
OAI21X1            21     35.910    slow_vdd1v0   worst 
OAI21X2            53    163.134    slow_vdd1v0   worst 
OAI21X4           100    478.800    slow_vdd1v0   worst 
OAI221X2            2      9.576    slow_vdd1v0   worst 
OAI221X4            3     23.598    slow_vdd1v0   worst 
OAI222X2            1      5.814    slow_vdd1v0   worst 
OAI22X1            17     34.884    slow_vdd1v0   worst 
OAI22X2            15     51.300    slow_vdd1v0   worst 
OAI22X4            20    129.960    slow_vdd1v0   worst 
OAI2BB1X1          31     53.010    slow_vdd1v0   worst 
OAI2BB1X2          68    209.304    slow_vdd1v0   worst 
OAI2BB1X4          45    200.070    slow_vdd1v0   worst 
OAI2BB2X2           2     10.944    slow_vdd1v0   worst 
OAI31X2             6     22.572    slow_vdd1v0   worst 
OAI31X4             3     20.520    slow_vdd1v0   worst 
OAI32X2             2      8.892    slow_vdd1v0   worst 
OR2X1              72     98.496    slow_vdd1v0   worst 
OR2X2              30     51.300    slow_vdd1v0   worst 
OR2X4              21     57.456    slow_vdd1v0   worst 
OR2X6              19     71.478    slow_vdd1v0   worst 
OR2X8               6     26.676    slow_vdd1v0   worst 
OR3X1              25     51.300    slow_vdd1v0   worst 
OR3X2               4      9.576    slow_vdd1v0   worst 
OR3X4               1      3.078    slow_vdd1v0   worst 
OR3X6               4     19.152    slow_vdd1v0   worst 
OR4X1              14     28.728    slow_vdd1v0   worst 
OR4X2               3     10.260    slow_vdd1v0   worst 
OR4X4               2      7.524    slow_vdd1v0   worst 
OR4X6               2     10.944    slow_vdd1v0   worst 
XNOR2X1            45    107.730    slow_vdd1v0   worst 
XNOR2X2            32     98.496    slow_vdd1v0   worst 
XNOR2X4             4     15.048    slow_vdd1v0   worst 
XOR2X2             13     44.460    slow_vdd1v0   worst 
XOR3X1              4     30.096    slow_vdd1v0   worst 
--------------------------------------------------------
total            4701  17723.124                


                                          
     Type      Instances    Area   Area % 
------------------------------------------
sequential           656  4969.260   28.0 
inverter             525   928.188    5.2 
buffer               105   360.468    2.0 
logic               3415 11465.208   64.7 
physical_cells         0     0.000    0.0 
------------------------------------------
total               4701 17723.124  100.0 

