============================================================
  Generated by:           Genus(TM) Synthesis Solution 21.19-s055_1
  Generated on:           May 23 2026  03:18:29 pm
  Module:                 multiplier32FP
  Operating conditions:   PVT_0P9V_125C 
  Operating conditions:   PVT_1P32V_0C 
  Interconnect mode:      global
  Area mode:              physical library
============================================================

Timing
--------

Clock Period 
-------------
clk   1818.0 


  Cost    Critical               Violating 
 Group   Path Slack     TNS        Paths   
-------------------------------------------
clk          -790.4   -156166.9        356 
default    No paths         0.0            
-------------------------------------------
Total                 -156166.9        356 

Instance Count
--------------
Leaf Instance Count             4701 
Physical Instance count            0 
Sequential Instance Count        656 
Combinational Instance Count    4045 
Hierarchical Instance Count        4 

Area
----
Cell Area                          17723.124
Physical Cell Area                 0.000
Total Cell Area (Cell+Physical)    17723.124
Net Area                           5672.019
Total Area (Cell+Physical+Net)     23395.143

Max Fanout                         656 (clk)
Min Fanout                         0 (n_152)
Average Fanout                     2.3
Terms to net ratio                 3.2883
Terms to instance ratio            3.4212
Runtime                            766.4306809999998 seconds
Elapsed Runtime                    770 seconds
Genus peak memory usage            2207.68 
Innovus peak memory usage          no_value 
Hostname                           localhost
