============================================================
  Generated by:           Genus(TM) Synthesis Solution 21.19-s055_1
  Generated on:           May 23 2026  03:18:28 pm
  Module:                 multiplier32FP
  Library domain:         worst
    Domain index:         0
    Technology library:   slow_vdd1v0 1.0
  Library domain:         best
    Domain index:         1
    Technology library:   fast_vdd1v2 1.0
  Operating conditions:   PVT_0P9V_125C 
  Operating conditions:   PVT_1P32V_0C 
  Interconnect mode:      global
  Area mode:              physical library
============================================================

     Instance         Module     Cell Count  Normalized Cell Area  Normalized Net Area   Normalized Total Area 
---------------------------------------------------------------------------------------------------------------
multiplier32FP                         4701             17274.000             5528.283               22802.283 
  i_mul_24        mul_24               1994              8461.000             2217.204               10678.204 
  i_post_norm_mul post_norm_mul        2383              7785.000             2838.748               10623.748 
  i_pre_norm_mul  pre_norm_mul           96               275.333               80.080                 355.414 
  u_fsm           fpu_fsm                36               110.333               36.548                 146.882 
