============================================================
  Generated by:           Genus(TM) Synthesis Solution 21.19-s055_1
  Generated on:           May 23 2026  03:18:28 pm
  Module:                 multiplier32FP
  Operating conditions:   PVT_0P9V_125C 
  Operating conditions:   PVT_1P32V_0C 
  Interconnect mode:      global
  Area mode:              physical library
============================================================


Path 1: VIOLATED (-790 ps) Setup Check with Pin i_mul_24/sum_reg[2][15]/CK->D0
          Group: clk
     Startpoint: (R) i_mul_24/count_reg[0]/CK
          Clock: (R) clk
       Endpoint: (R) i_mul_24/sum_reg[2][15]/D0
          Clock: (R) clk

                     Capture       Launch     
        Clock Edge:+    1818            0     
       Src Latency:+       0            0     
       Net Latency:+     100 (I)      100 (I) 
           Arrival:=    1918          100     
                                              
             Setup:-     258                  
       Uncertainty:-      50                  
     Required Time:=    1610                  
      Launch Clock:-     100                  
         Data Path:-    2301                  
             Slack:=    -790                  

#--------------------------------------------------------------------------------------------------------------------------------------
#                         Timing Point                          Flags   Arc   Edge   Cell     Fanout Load Trans Delay Arrival Instance 
#                                                                                                    (fF)  (ps)  (ps)   (ps)  Location 
#--------------------------------------------------------------------------------------------------------------------------------------
  i_mul_24/count_reg[0]/CK                                      -       -     R     (arrival)    656    -     0     0     100    (-,-) 
  i_mul_24/count_reg[0]/Q                                       -       CK->Q F     DFFX2          1 10.1   142   276     376    (-,-) 
  i_mul_24/fopt27/Y                                             -       A->Y  R     CLKINVX20     21 57.9    97   109     486    (-,-) 
  i_mul_24/fopt8/Y                                              -       A->Y  F     CLKINVX12      4 14.2    60    72     557    (-,-) 
  i_mul_24/fopt7/Y                                              -       A->Y  R     INVX12         3 21.9    56    58     615    (-,-) 
  i_mul_24/fopt4/Y                                              -       A->Y  F     CLKINVX8       6 17.9    79    70     684    (-,-) 
  i_mul_24/g8857__9315/Y                                        -       B->Y  R     NOR2X4         1  3.7    71    78     762    (-,-) 
  i_mul_24/g8739__7098/Y                                        -       B0->Y F     AOI21X2        1  4.4   168    80     843    (-,-) 
  i_mul_24/g8554__7410/Y                                        -       A1->Y R     OAI22X4        1  4.1   110   144     986    (-,-) 
  i_mul_24/WALLACE_CSA_DUMMY_OP_groupi893_cdnfadd_009_0__6783/S -       A->S  F     ADDFHX2        2  6.2   118   400    1386    (-,-) 
  i_mul_24/WALLACE_CSA_DUMMY_OP_groupi893_g9988__5526/Y         -       B->Y  F     OR2X6          3  9.6    73   182    1568    (-,-) 
  i_mul_24/WALLACE_CSA_DUMMY_OP_groupi893_g9936__5107/Y         -       B0->Y R     OAI21X4        2  8.4   128    69    1637    (-,-) 
  i_mul_24/WALLACE_CSA_DUMMY_OP_groupi893_g9929__7410/Y         -       B->Y  F     NOR2X8         2  8.0    62    86    1723    (-,-) 
  i_mul_24/WALLACE_CSA_DUMMY_OP_groupi893_g9928/Y               -       A->Y  R     CLKINVX6       1  6.1    38    48    1770    (-,-) 
  i_mul_24/WALLACE_CSA_DUMMY_OP_groupi893_g9919__7482/Y         -       B->Y  F     NAND2X8        1  5.8    85    71    1841    (-,-) 
  i_mul_24/WALLACE_CSA_DUMMY_OP_groupi893_g9909__2802/Y         -       B->Y  R     NOR2X8         2  7.6    75    80    1921    (-,-) 
  i_mul_24/WALLACE_CSA_DUMMY_OP_groupi893_g9907__3680/Y         -       B->Y  F     NOR2X6         1  5.1    58    60    1982    (-,-) 
  i_mul_24/WALLACE_CSA_DUMMY_OP_groupi893_g9901__8428/Y         -       B->Y  R     NOR2X6         2  6.4    78    71    2052    (-,-) 
  i_mul_24/WALLACE_CSA_DUMMY_OP_groupi893_g9890__7410/Y         -       A1->Y F     OAI21X4        1  3.3   105   105    2158    (-,-) 
  i_mul_24/WALLACE_CSA_DUMMY_OP_groupi893_g10024__4319/Y        -       B->Y  R     XOR2X2         4  8.8   124   243    2401    (-,-) 
  i_mul_24/sum_reg[2][15]/D0                                    <<<     -     R     MDFFHQX4       4    -     -     0    2401    (-,-) 
#--------------------------------------------------------------------------------------------------------------------------------------

