###############################################################
#  Generated by:      Cadence Innovus 25.13-s088_1
#  OS:                Linux x86_64(Host ID ecomp)
#  Generated on:      Tue Jun  9 06:51:54 2026
#  Design:            multiplier32FP
#  Command:           report_timing > ${OUT_RPT}/hold_timing.rpt 
###############################################################
Path 1: MET (0.048 ns) Hold Check with Pin i_mul_24/prod2_reg[2][3][8]/CK->D0
               View: analysis_normal_fast_min
              Group: clk
         Startpoint: (R) i_mul_24/prod2_reg[2][3][8]/CK
              Clock: (R) clk
           Endpoint: (F) i_mul_24/prod2_reg[2][3][8]/D0
              Clock: (R) clk

                       Capture       Launch
         Clock Edge:+    0.000        0.000
        Src Latency:+    0.000        0.047
        Net Latency:+    0.050 (P)    0.049 (P)
            Arrival:=    0.050        0.096

               Hold:+   -0.010
        Uncertainty:+    0.050
      Required Time:=    0.091
       Launch Clock:=    0.096
          Data Path:+    0.043
              Slack:=    0.048

#----------------------------------------------------------------------------------------------
# Timing Point                    Flags  Arc    Edge  Cell       Fanout  Trans   Delay  Arrival  
#                                                                         (ns)    (ns)     (ns)  
#----------------------------------------------------------------------------------------------
  i_mul_24/prod2_reg[2][3][8]/CK  -      CK     R     (arrival)      23  0.029       -    0.096  
  i_mul_24/prod2_reg[2][3][8]/Q   -      CK->Q  F     MDFFHQX1        2  0.029   0.043    0.139  
  i_mul_24/prod2_reg[2][3][8]/D0  -      D0     F     MDFFHQX1        2  0.009   0.000    0.139  
#----------------------------------------------------------------------------------------------

