###############################################################
#  Generated by:      Cadence Innovus 25.13-s088_1
#  OS:                Linux x86_64(Host ID ecomp)
#  Generated on:      Tue Jun  9 06:52:28 2026
#  Design:            multiplier32FP
#  Command:           report_gates -out_file /home/ufsm00291/ufsm00291-lima202020189/projetos/multiplier32FP/multiplier32FP/backend/layout/reports/multiplier32FP_worst_500_0/multiplier32FP_gates_layout.rpt
###############################################################
Library cell information:
 ----------------------------------------
| Cell       |  Instance  |  Area(um^2)  |
|----------------------------------------|
| ADDFHX1    |         24 |      180.576 | 
| ADDFHXL    |         16 |      120.384 | 
| ADDFX1     |         27 |      138.510 | 
| ADDHX1     |         19 |       71.478 | 
| AND2X1     |        283 |      387.144 | 
| AND2X2     |         10 |       17.100 | 
| AND2X4     |          4 |       10.944 | 
| AND2X6     |          4 |       15.048 | 
| AND2X8     |          1 |        4.446 | 
| AND2XL     |         17 |       23.256 | 
| AND3X4     |          3 |        9.234 | 
| AND3XL     |          9 |       18.468 | 
| AND4X1     |          3 |        7.182 | 
| AND4X4     |          1 |        3.762 | 
| AO21X1     |         39 |       93.366 | 
| AO22X1     |         56 |      153.216 | 
| AOI211X1   |          2 |        4.788 | 
| AOI211X2   |          1 |        3.420 | 
| AOI211XL   |         13 |       26.676 | 
| AOI21X1    |        147 |      251.370 | 
| AOI21X2    |         17 |       46.512 | 
| AOI21X4    |         22 |      112.860 | 
| AOI21XL    |          2 |        3.420 | 
| AOI221X1   |         21 |       50.274 | 
| AOI221X2   |          6 |       26.676 | 
| AOI222X1   |          5 |       15.390 | 
| AOI222X2   |          1 |        5.472 | 
| AOI22X1    |        150 |      307.800 | 
| AOI22X2    |          2 |        7.524 | 
| AOI22X4    |          1 |        6.156 | 
| AOI22XL    |          1 |        2.052 | 
| AOI2BB1X1  |         71 |      145.692 | 
| AOI2BB1X2  |          1 |        3.078 | 
| AOI2BB1XL  |          1 |        2.052 | 
| AOI2BB2X1  |         13 |       44.460 | 
| AOI31X1    |         10 |       20.520 | 
| AOI31X2    |          1 |        3.420 | 
| AOI32X1    |          1 |        2.394 | 
| BUFX12     |          3 |       15.390 | 
| BUFX2      |         82 |      140.220 | 
| BUFX3      |         11 |       22.572 | 
| CLKAND2X12 |          5 |       37.620 | 
| CLKAND2X2  |         33 |       67.716 | 
| CLKAND2X3  |         22 |       67.716 | 
| CLKAND2X4  |          1 |        3.420 | 
| CLKAND2X6  |          2 |        9.576 | 
| CLKAND2X8  |          1 |        5.814 | 
| CLKBUFX12  |          5 |       25.650 | 
| CLKBUFX16  |          1 |        6.840 | 
| CLKBUFX2   |         55 |       94.050 | 
| CLKBUFX20  |          8 |       65.664 | 
| CLKBUFX3   |          1 |        2.052 | 
| CLKBUFX6   |         26 |       80.028 | 
| CLKBUFX8   |          5 |       18.810 | 
| CLKINVX4   |          9 |       15.390 | 
| CLKINVX6   |         24 |       57.456 | 
| CLKINVX8   |         11 |       33.858 | 
| CLKMX2X3   |          2 |        8.208 | 
| CLKXOR2X1  |         40 |      109.440 | 
| DFFHQX1    |        185 |     1012.320 | 
| DFFHQX4    |          1 |        8.208 | 
| DFFHQX8    |          5 |       46.170 | 
| DFFQX1     |         10 |       58.140 | 
| DFFQX2     |         12 |       77.976 | 
| DFFQX4     |          3 |       21.546 | 
| DFFQXL     |         18 |       98.496 | 
| DFFRHQX1   |         40 |      246.240 | 
| DFFRX1     |          4 |       27.360 | 
| DFFX1      |         59 |      423.738 | 
| DFFX2      |         29 |      238.032 | 
| DFFX4      |          1 |        9.234 | 
| EDFFHQX1   |        195 |     1667.250 | 
| FILL1      |       2149 |      734.958 | 
| FILL16     |        141 |      771.552 | 
| FILL2      |       2001 |     1368.684 | 
| FILL32     |         66 |      722.304 | 
| FILL4      |        928 |     1269.504 | 
| FILL64     |        186 |     4071.168 | 
| FILL8      |        358 |      979.488 | 
| INVX1      |        478 |      326.952 | 
| INVX2      |         48 |       49.248 | 
| INVX3      |         22 |       30.096 | 
| INVXL      |         76 |       51.984 | 
| MDFFHQX1   |         94 |      803.700 | 
| MX2X1      |         49 |      117.306 | 
| MXI2X1     |         12 |       32.832 | 
| MXI2X2     |          5 |       22.230 | 
| MXI2XL     |          9 |       21.546 | 
| NAND2BX1   |         76 |      103.968 | 
| NAND2BX2   |         26 |       62.244 | 
| NAND2BX4   |         19 |       71.478 | 
| NAND2BXL   |          2 |        2.736 | 
| NAND2X1    |        340 |      348.840 | 
| NAND2X2    |        113 |      193.230 | 
| NAND2X4    |         28 |       95.760 | 
| NAND2X6    |          5 |       23.940 | 
| NAND2X8    |          3 |       16.416 | 
| NAND2XL    |          3 |        3.078 | 
| NAND3BX2   |          2 |        6.156 | 
| NAND3BX4   |          1 |        5.130 | 
| NAND3X1    |         16 |       27.360 | 
| NAND3X2    |          2 |        5.472 | 
| NAND3X4    |          2 |        9.576 | 
| NAND3X6    |          1 |        7.182 | 
| NAND3XL    |          2 |        3.420 | 
| NAND4XL    |          3 |        5.130 | 
| NOR2BX1    |         94 |      128.592 | 
| NOR2BX2    |         18 |       49.248 | 
| NOR2BX4    |          1 |        3.762 | 
| NOR2X1     |        418 |      428.868 | 
| NOR2X2     |        106 |      181.260 | 
| NOR2X4     |         48 |      147.744 | 
| NOR2X6     |         19 |       77.976 | 
| NOR2X8     |          6 |       32.832 | 
| NOR2XL     |          6 |        6.156 | 
| NOR3BX1    |          1 |        2.052 | 
| NOR3BX4    |          1 |        5.814 | 
| NOR3X1     |         16 |       27.360 | 
| NOR3X6     |          4 |       28.728 | 
| NOR3X8     |          1 |        8.892 | 
| NOR4X1     |          8 |       13.680 | 
| NOR4X2     |          1 |        3.420 | 
| OA21X1     |         79 |      162.108 | 
| OA21X2     |          1 |        3.078 | 
| OA22X1     |        111 |      265.734 | 
| OAI211X1   |          3 |        5.130 | 
| OAI211X2   |          3 |       12.312 | 
| OAI211X4   |          2 |       12.996 | 
| OAI21X1    |        128 |      218.880 | 
| OAI21X2    |         41 |      126.198 | 
| OAI21X4    |         42 |      201.096 | 
| OAI21XL    |          4 |        6.840 | 
| OAI221X1   |          4 |        9.576 | 
| OAI22X1    |         48 |       98.496 | 
| OAI22X2    |          8 |       27.360 | 
| OAI22X4    |          7 |       45.486 | 
| OAI22XL    |          1 |        2.052 | 
| OAI2BB1X1  |        114 |      194.940 | 
| OAI2BB1X2  |          4 |       12.312 | 
| OAI2BB2X1  |          1 |        4.104 | 
| OAI2BB2X4  |          1 |        8.550 | 
| OAI2BB2XL  |          1 |        3.762 | 
| OAI31X1    |          6 |       12.312 | 
| OAI31X2    |          4 |       15.048 | 
| OAI32X1    |          1 |        2.394 | 
| OR2X1      |        153 |      209.304 | 
| OR2X2      |          7 |       11.970 | 
| OR2X4      |          2 |        5.472 | 
| OR2X6      |          6 |       22.572 | 
| OR2XL      |         10 |       13.680 | 
| OR3X1      |         36 |       73.872 | 
| OR4X1      |         28 |       57.456 | 
| OR4X2      |          1 |        3.420 | 
| XNOR2X1    |         30 |       71.820 | 
| XNOR2X2    |          4 |       12.312 | 
| XOR2XL     |          3 |        8.208 | 
| XOR3X1     |          1 |        7.524 | 
| XOR3XL     |          2 |       15.048 | 
|----------------------------------------|
| Total      |      10825 |    22642.794 |
 ----------------------------------------
Library cell type information:
 -------------------------------------------------------
| Cell Type        |   Instance   |        Area         |
|                  |              |       um^2  |   %   |
|-------------------------------------------------------|
| Buffer           |          197 |     471.276 |   2.1 | 
| Inverter         |          668 |     564.984 |   2.5 | 
| Combinational    |         3475 |    6950.466 |  30.7 | 
| Flop             |          656 |    4738.410 |  20.9 | 
| Multi-Bit Flop   |            0 |       0.000 |   0.0 | 
| Latch            |            0 |       0.000 |   0.0 | 
| Clock Gater      |            0 |       0.000 |   0.0 | 
| Macro            |            0 |       0.000 |   0.0 | 
| Physical Cell    |         5829 |    9917.658 |  43.8 | 
|-------------------------------------------------------|
| Total            |        10825 |   22642.794 | 100.0 | 
 -------------------------------------------------------
