###############################################################
#  Generated by:      Cadence Innovus 25.13-s088_1
#  OS:                Linux x86_64(Host ID ecomp)
#  Generated on:      Tue Jun  9 06:51:48 2026
#  Design:            multiplier32FP
#  Command:           report_timing > ${OUT_RPT}/setup_timing.rpt 
###############################################################
Path 1: MET (0.054 ns) Setup Check with Pin i_post_norm_mul/s_expo1_reg[4]/CK->D
               View: analysis_normal_slow_max
              Group: clk
         Startpoint: (R) i_post_norm_mul/s_fract_48_i_reg[47]/CK
              Clock: (R) clk
           Endpoint: (R) i_post_norm_mul/s_expo1_reg[4]/D
              Clock: (R) clk

                       Capture       Launch
         Clock Edge:+    2.000        0.000
        Src Latency:+    0.000       -0.118
        Net Latency:+    0.214 (P)    0.231 (P)
            Arrival:=    2.214        0.114

              Setup:-    0.121
        Uncertainty:-    0.050
      Required Time:=    2.043
       Launch Clock:=    0.114
          Data Path:+    1.875
              Slack:=    0.054

#--------------------------------------------------------------------------------------------------------
# Timing Point                             Flags  Arc     Edge  Cell       Fanout  Trans   Delay  Arrival  
#                                                                                   (ns)    (ns)     (ns)  
#--------------------------------------------------------------------------------------------------------
  i_post_norm_mul/s_fract_48_i_reg[47]/CK  -      CK      R     (arrival)     100  0.102       -    0.114  
  i_post_norm_mul/s_fract_48_i_reg[47]/QN  -      CK->QN  F     DFFX4           6  0.102   0.359    0.473  
  i_post_norm_mul/g95102/Y                 -      B->Y    F     CLKAND2X3       7  0.089   0.132    0.604  
  i_post_norm_mul/g94481/Y                 -      B->Y    R     NAND2X1         2  0.062   0.070    0.674  
  i_post_norm_mul/FE_OFC1799_n_673/Y       -      A->Y    F     INVX3           6  0.072   0.076    0.751  
  i_post_norm_mul/g94457/Y                 -      B->Y    R     NOR2X2          5  0.074   0.108    0.859  
  i_post_norm_mul/g94447/Y                 -      A->Y    F     INVX1           2  0.120   0.115    0.973  
  i_post_norm_mul/g94413/Y                 -      B->Y    R     NOR2X2          1  0.105   0.086    1.059  
  i_post_norm_mul/g94384/Y                 -      B->Y    F     NOR2X2          3  0.059   0.063    1.122  
  i_post_norm_mul/g94333/Y                 -      B->Y    R     NOR2X1          1  0.069   0.086    1.208  
  i_post_norm_mul/g94327/Y                 -      B->Y    F     NOR2X2          5  0.081   0.086    1.294  
  i_post_norm_mul/FE_OFC1327_n_829/Y       -      A->Y    R     INVX1           2  0.079   0.064    1.358  
  i_post_norm_mul/g94276/Y                 -      B->Y    R     AND2X1          1  0.039   0.144    1.502  
  i_post_norm_mul/FE_RC_1137_0/Y           -      A1->Y   F     OAI21X2         1  0.039   0.079    1.581  
  i_post_norm_mul/g94208/Y                 -      B->Y    R     NAND2X1         1  0.096   0.068    1.649  
  i_post_norm_mul/g94182/Y                 -      B1->Y   F     AOI22X1         1  0.053   0.104    1.753  
  i_post_norm_mul/g94152/Y                 -      B->Y    R     NOR2X1          1  0.141   0.107    1.860  
  i_post_norm_mul/g94127/Y                 -      A0N->Y  R     AOI2BB1X1       1  0.057   0.129    1.989  
  i_post_norm_mul/s_expo1_reg[4]/D         -      D       R     DFFHQX1         1  0.091   0.000    1.989  
#--------------------------------------------------------------------------------------------------------

