============================================================
  Generated by:           Genus(TM) Synthesis Solution 21.19-s055_1
  Generated on:           May 22 2026  08:33:50 am
  Module:                 multiplier32FP
  Operating conditions:   PVT_0P9V_125C 
  Operating conditions:   PVT_1P32V_0C 
  Interconnect mode:      global
  Area mode:              physical library
============================================================


Path 1: MET (556 ps) Setup Check with Pin i_post_norm_mul/s_zeros_reg[1]/CK->D
          Group: clk
     Startpoint: (R) i_post_norm_mul/s_fract_48_i_reg[45]/CK
          Clock: (R) clk
       Endpoint: (F) i_post_norm_mul/s_zeros_reg[1]/D
          Clock: (R) clk

                     Capture       Launch     
        Clock Edge:+   10000            0     
       Src Latency:+       0            0     
       Net Latency:+     100 (I)      100 (I) 
           Arrival:=   10100          100     
                                              
             Setup:-     161                  
       Uncertainty:-      50                  
     Required Time:=    9889                  
      Launch Clock:-     100                  
         Data Path:-    9233                  
             Slack:=     556                  

#----------------------------------------------------------------------------------------------------------------
#              Timing Point               Flags   Arc   Edge   Cell     Fanout Load Trans Delay Arrival Instance 
#                                                                              (fF)  (ps)  (ps)   (ps)  Location 
#----------------------------------------------------------------------------------------------------------------
  i_post_norm_mul/s_fract_48_i_reg[45]/CK -       -     R     (arrival)    656    -     0     0     100    (-,-) 
  i_post_norm_mul/s_fract_48_i_reg[45]/Q  -       CK->Q F     DFFHQX1        3  7.3   192   289     389    (-,-) 
  i_post_norm_mul/g38513/Y                -       A->Y  R     INVX2          7 13.9   177   187     576    (-,-) 
  i_post_norm_mul/g38410/Y                -       A->Y  R     AND2X1         2  4.8   115   241     817    (-,-) 
  i_post_norm_mul/g38395/Y                -       A->Y  R     AND2X1         2  4.8   115   212    1030    (-,-) 
  i_post_norm_mul/g38385/Y                -       A->Y  R     AND2X1         1  3.7    92   200    1229    (-,-) 
  i_post_norm_mul/g38383/Y                -       B->Y  F     NAND2X2        3  7.2   236   184    1414    (-,-) 
  i_post_norm_mul/g38369/Y                -       B->Y  R     NOR2X1         2  5.0   266   274    1688    (-,-) 
  i_post_norm_mul/g38362/Y                -       A->Y  R     AND2X1         3  7.0   160   308    1997    (-,-) 
  i_post_norm_mul/g38353/Y                -       A->Y  R     AND2X1         2  5.0   119   236    2232    (-,-) 
  i_post_norm_mul/g38346/Y                -       A->Y  R     AND2X1         3  7.0   160   239    2472    (-,-) 
  i_post_norm_mul/g38338/Y                -       B->Y  F     NAND2X2        2  4.9   182   185    2656    (-,-) 
  i_post_norm_mul/g38333/Y                -       D->Y  F     OR4X1          3  6.9   206   362    3018    (-,-) 
  i_post_norm_mul/g38319/Y                -       C->Y  F     OR3X1          3  6.5   184   310    3328    (-,-) 
  i_post_norm_mul/g38315/Y                -       A->Y  R     INVX1          1  3.1   102   148    3476    (-,-) 
  i_post_norm_mul/g38309/Y                -       C->Y  R     AND3X1         3  6.6   160   300    3776    (-,-) 
  i_post_norm_mul/g38292/Y                -       A->Y  R     AND2X1         3  7.0   160   258    4034    (-,-) 
  i_post_norm_mul/g38282/Y                -       B->Y  F     NAND2X2        3  6.9   234   215    4249    (-,-) 
  i_post_norm_mul/g38752/Y                -       B->Y  R     NOR2BX2        3  6.6   197   220    4469    (-,-) 
  i_post_norm_mul/g38267/Y                -       A->Y  R     AND2X1         3  7.2   164   278    4748    (-,-) 
  i_post_norm_mul/g38259/Y                -       B->Y  F     NAND2X2        3  7.0   237   218    4966    (-,-) 
  i_post_norm_mul/g38255/Y                -       B->Y  F     OR2X1          3  7.4   200   286    5252    (-,-) 
  i_post_norm_mul/g38248/Y                -       B->Y  R     NOR2X2         3  6.6   192   203    5456    (-,-) 
  i_post_norm_mul/g38237/Y                -       A->Y  R     AND2X1         3  8.2   185   287    5743    (-,-) 
  i_post_norm_mul/g38230/Y                -       B->Y  F     NAND2X4        4  9.0   178   186    5929    (-,-) 
  i_post_norm_mul/g38751/Y                -       B->Y  R     NOR2BX2        3  6.6   190   192    6121    (-,-) 
  i_post_norm_mul/g38216/Y                -       A->Y  R     AND2X1         3  6.4   148   266    6387    (-,-) 
  i_post_norm_mul/g38209/Y                -       A->Y  R     AND2X1         3  6.6   152   248    6635    (-,-) 
  i_post_norm_mul/g38202/Y                -       B->Y  R     OR2X1          3  6.6   149   201    6836    (-,-) 
  i_post_norm_mul/g38195/Y                -       B->Y  R     OR2X1          5 10.0   219   238    7074    (-,-) 
  i_post_norm_mul/g38187/Y                -       B->Y  R     OR2X2          6 12.5   147   257    7332    (-,-) 
  i_post_norm_mul/g38181/Y                -       B->Y  R     OR2X1          3  7.4   165   208    7539    (-,-) 
  i_post_norm_mul/g38153/Y                -       A->Y  F     NAND2X2        2  4.9   182   198    7737    (-,-) 
  i_post_norm_mul/g38147/Y                -       A->Y  R     INVX1          1  3.1   101   147    7884    (-,-) 
  i_post_norm_mul/g38120/Y                -       D->Y  R     AND4X1         1  3.3   107   349    8234    (-,-) 
  i_post_norm_mul/g38091/Y                -       B->Y  F     NAND2X1        1  3.2   210   183    8417    (-,-) 
  i_post_norm_mul/g38080/Y                -       B->Y  R     NOR2X1         1  3.3   190   217    8634    (-,-) 
  i_post_norm_mul/g38076/Y                -       B0->Y F     OAI2BB1X1      1  3.2   214   241    8875    (-,-) 
  i_post_norm_mul/g38069/Y                -       B0->Y R     AOI21X1        1  3.3   196   228    9103    (-,-) 
  i_post_norm_mul/g38059/Y                -       B->Y  F     NAND2X1        1  3.1   214   230    9333    (-,-) 
  i_post_norm_mul/s_zeros_reg[1]/D        <<<     -     F     DFFX1          1    -     -     0    9333    (-,-) 
#----------------------------------------------------------------------------------------------------------------

