============================================================
  Generated by:           Genus(TM) Synthesis Solution 21.19-s055_1
  Generated on:           May 22 2026  08:33:51 am
  Module:                 multiplier32FP
  Operating conditions:   PVT_0P9V_125C 
  Operating conditions:   PVT_1P32V_0C 
  Interconnect mode:      global
  Area mode:              physical library
============================================================

Timing
--------

Clock  Period 
--------------
clk   10000.0 


  Cost    Critical         Violating 
 Group   Path Slack  TNS     Paths   
-------------------------------------
clk           556.2   0.0          0 
default    No paths   0.0            
-------------------------------------
Total                 0.0          0 

Instance Count
--------------
Leaf Instance Count             2897 
Physical Instance count            0 
Sequential Instance Count        656 
Combinational Instance Count    2241 
Hierarchical Instance Count        4 

Area
----
Cell Area                          9439.884
Physical Cell Area                 0.000
Total Cell Area (Cell+Physical)    9439.884
Net Area                           3692.405
Total Area (Cell+Physical+Net)     13132.289

Max Fanout                         656 (clk)
Min Fanout                         0 (n_128)
Average Fanout                     2.3
Terms to net ratio                 3.2937
Terms to instance ratio            3.6814
Runtime                            767.8973279999999 seconds
Elapsed Runtime                    786 seconds
Genus peak memory usage            2116.15 
Innovus peak memory usage          no_value 
Hostname                           localhost
