============================================================
  Generated by:           Genus(TM) Synthesis Solution 21.19-s055_1
  Generated on:           May 26 2026  08:09:21 am
  Module:                 multiplier32FP
  Library domain:         worst
    Domain index:         0
    Technology library:   slow_vdd1v0 1.0
  Library domain:         best
    Domain index:         1
    Technology library:   fast_vdd1v2 1.0
  Operating conditions:   PVT_0P9V_125C 
  Operating conditions:   PVT_1P32V_0C 
  Interconnect mode:      global
  Area mode:              physical library
============================================================

     Instance         Module     Cell Count  Cell Area  Net Area   Total Area 
------------------------------------------------------------------------------
multiplier32FP                         4467  14031.576  5413.083    19444.659 
  i_mul_24        mul_24               1611   6785.622  1814.624     8600.246 
  i_post_norm_mul post_norm_mul        2568   6337.260  3147.601     9484.861 
  i_pre_norm_mul  pre_norm_mul           75    238.374    62.016      300.390 
  u_fsm           fpu_fsm                34    112.176    37.137      149.313 
