============================================================
  Generated by:           Genus(TM) Synthesis Solution 21.19-s055_1
  Generated on:           May 26 2026  08:09:22 am
  Module:                 multiplier32FP
  Operating conditions:   PVT_0P9V_125C 
  Operating conditions:   PVT_1P32V_0C 
  Interconnect mode:      global
  Area mode:              physical library
============================================================

Timing
--------

Clock Period 
-------------
clk   2732.0 


  Cost    Critical         Violating 
 Group   Path Slack  TNS     Paths   
-------------------------------------
clk             0.3   0.0          0 
default    No paths   0.0            
-------------------------------------
Total                 0.0          0 

Instance Count
--------------
Leaf Instance Count             4467 
Physical Instance count            0 
Sequential Instance Count        656 
Combinational Instance Count    3811 
Hierarchical Instance Count        4 

Area
----
Cell Area                          14031.576
Physical Cell Area                 0.000
Total Cell Area (Cell+Physical)    14031.576
Net Area                           5413.083
Total Area (Cell+Physical+Net)     19444.659

Max Fanout                         656 (clk)
Min Fanout                         0 (n_139)
Average Fanout                     2.3
Terms to net ratio                 3.2813
Terms to instance ratio            3.4392
Runtime                            730.0717479999998 seconds
Elapsed Runtime                    747 seconds
Genus peak memory usage            2210.49 
Innovus peak memory usage          no_value 
Hostname                           localhost
