============================================================
  Generated by:           Genus(TM) Synthesis Solution 21.19-s055_1
  Generated on:           May 26 2026  08:09:22 am
  Module:                 multiplier32FP
  Operating conditions:   PVT_0P9V_125C 
  Operating conditions:   PVT_1P32V_0C 
  Interconnect mode:      global
  Area mode:              physical library
============================================================

                                                Library 
   Gate     Instances    Area        Library     Domain 
--------------------------------------------------------
ACHCONX2            1     12.654    slow_vdd1v0   worst 
ADDFHX1            18    135.432    slow_vdd1v0   worst 
ADDFHX2            44    361.152    slow_vdd1v0   worst 
ADDFHXL             4     30.096    slow_vdd1v0   worst 
ADDFX1             40    205.200    slow_vdd1v0   worst 
ADDHX1             15     56.430    slow_vdd1v0   worst 
AND2X1            216    295.488    slow_vdd1v0   worst 
AND2X2             16     27.360    slow_vdd1v0   worst 
AND2X4              7     19.152    slow_vdd1v0   worst 
AND2X6             10     37.620    slow_vdd1v0   worst 
AND2X8              1      4.446    slow_vdd1v0   worst 
AND3X1              3      7.182    slow_vdd1v0   worst 
AND3X4              2      6.156    slow_vdd1v0   worst 
AND3X6              1      4.446    slow_vdd1v0   worst 
AND3XL             11     22.572    slow_vdd1v0   worst 
AND4X1             11     26.334    slow_vdd1v0   worst 
AND4X4              2      7.524    slow_vdd1v0   worst 
AND4X6              1      5.814    slow_vdd1v0   worst 
AO21X1             43    102.942    slow_vdd1v0   worst 
AO21X2              1      2.736    slow_vdd1v0   worst 
AO21X4              1      3.420    slow_vdd1v0   worst 
AO22X1             51    139.536    slow_vdd1v0   worst 
AOI211X1            3      7.182    slow_vdd1v0   worst 
AOI211X2           14     47.880    slow_vdd1v0   worst 
AOI211X4            1      6.498    slow_vdd1v0   worst 
AOI21X1           134    229.140    slow_vdd1v0   worst 
AOI21X2            41    112.176    slow_vdd1v0   worst 
AOI21X4            60    307.800    slow_vdd1v0   worst 
AOI21XL             1      1.710    slow_vdd1v0   worst 
AOI221X2            9     40.014    slow_vdd1v0   worst 
AOI221X4            2     15.732    slow_vdd1v0   worst 
AOI222X2            2     10.944    slow_vdd1v0   worst 
AOI22X1            78    160.056    slow_vdd1v0   worst 
AOI22X2            15     56.430    slow_vdd1v0   worst 
AOI22X4             4     24.624    slow_vdd1v0   worst 
AOI2BB1X1          43     88.236    slow_vdd1v0   worst 
AOI2BB1X2           5     15.390    slow_vdd1v0   worst 
AOI2BB1X4          13     53.352    slow_vdd1v0   worst 
AOI2BB2X4           1      7.524    slow_vdd1v0   worst 
AOI31X2             8     27.360    slow_vdd1v0   worst 
AOI31X4             1      6.498    slow_vdd1v0   worst 
AOI32X2             1      4.446    slow_vdd1v0   worst 
AOI32X4             2     15.732    slow_vdd1v0   worst 
BUFX12              5     25.650    slow_vdd1v0   worst 
BUFX2               2      3.420    slow_vdd1v0   worst 
BUFX3              15     30.780    slow_vdd1v0   worst 
BUFX6              52    160.056    slow_vdd1v0   worst 
BUFX8              38    142.956    slow_vdd1v0   worst 
CLKAND2X12         12     90.288    slow_vdd1v0   worst 
CLKAND2X2          33     67.716    slow_vdd1v0   worst 
CLKAND2X3          39    120.042    slow_vdd1v0   worst 
CLKAND2X4           2      6.840    slow_vdd1v0   worst 
CLKAND2X6          30    143.640    slow_vdd1v0   worst 
CLKAND2X8           4     23.256    slow_vdd1v0   worst 
CLKBUFX12           1      5.130    slow_vdd1v0   worst 
CLKBUFX16           2     13.680    slow_vdd1v0   worst 
CLKBUFX2            1      1.710    slow_vdd1v0   worst 
CLKBUFX3            1      2.052    slow_vdd1v0   worst 
CLKBUFX4            2      4.788    slow_vdd1v0   worst 
CLKBUFX6            1      3.078    slow_vdd1v0   worst 
CLKINVX12          19     77.976    slow_vdd1v0   worst 
CLKINVX16           8     43.776    slow_vdd1v0   worst 
CLKINVX2           14     19.152    slow_vdd1v0   worst 
CLKINVX20           1      6.498    slow_vdd1v0   worst 
CLKINVX3            9     15.390    slow_vdd1v0   worst 
CLKINVX4           65    111.150    slow_vdd1v0   worst 
CLKINVX6           58    138.852    slow_vdd1v0   worst 
CLKINVX8           33    101.574    slow_vdd1v0   worst 
CLKMX2X2            2      6.156    slow_vdd1v0   worst 
CLKMX2X3           10     41.040    slow_vdd1v0   worst 
CLKXOR2X1          19     51.984    slow_vdd1v0   worst 
DFFHQX1           200   1094.400    slow_vdd1v0   worst 
DFFHQX2             2     13.680    slow_vdd1v0   worst 
DFFHQX4            12     98.496    slow_vdd1v0   worst 
DFFHQX8            13    120.042    slow_vdd1v0   worst 
DFFQX2             36    233.928    slow_vdd1v0   worst 
DFFQX4             14    100.548    slow_vdd1v0   worst 
DFFQXL              7     38.304    slow_vdd1v0   worst 
DFFRHQX1           39    240.084    slow_vdd1v0   worst 
DFFRHQX4            1      9.576    slow_vdd1v0   worst 
DFFRX1              1      6.840    slow_vdd1v0   worst 
DFFRX2              3     22.572    slow_vdd1v0   worst 
DFFX1              20    143.640    slow_vdd1v0   worst 
DFFX2              13    106.704    slow_vdd1v0   worst 
DFFX4               6     55.404    slow_vdd1v0   worst 
EDFFHQX1          279   2385.450    slow_vdd1v0   worst 
EDFFHQX2            1      8.892    slow_vdd1v0   worst 
INVX1             218    149.112    slow_vdd1v0   worst 
INVX12              1      4.104    slow_vdd1v0   worst 
INVX2              79     81.054    slow_vdd1v0   worst 
INVX3              28     38.304    slow_vdd1v0   worst 
INVX4               4      6.840    slow_vdd1v0   worst 
INVX6               4      9.576    slow_vdd1v0   worst 
MDFFHQX1            4     34.200    slow_vdd1v0   worst 
MDFFHQX4            5     46.170    slow_vdd1v0   worst 
MX2X1             104    248.976    slow_vdd1v0   worst 
MX3XL               1      4.788    slow_vdd1v0   worst 
MXI2X1              1      2.736    slow_vdd1v0   worst 
MXI2X2             13     57.798    slow_vdd1v0   worst 
MXI2X4              6     30.780    slow_vdd1v0   worst 
MXI2X6              2     10.260    slow_vdd1v0   worst 
NAND2BX1           25     34.200    slow_vdd1v0   worst 
NAND2BX2            7     16.758    slow_vdd1v0   worst 
NAND2BX4            6     22.572    slow_vdd1v0   worst 
NAND2X1            92     94.392    slow_vdd1v0   worst 
NAND2X2            95    162.450    slow_vdd1v0   worst 
NAND2X4            64    218.880    slow_vdd1v0   worst 
NAND2X6            10     47.880    slow_vdd1v0   worst 
NAND2X8            16     87.552    slow_vdd1v0   worst 
NAND3BX2            1      3.078    slow_vdd1v0   worst 
NAND3BX4            1      5.130    slow_vdd1v0   worst 
NAND3X2             9     24.624    slow_vdd1v0   worst 
NAND3X4             4     19.152    slow_vdd1v0   worst 
NAND3X6             3     21.546    slow_vdd1v0   worst 
NAND4X6             2     17.100    slow_vdd1v0   worst 
NAND4X8             1     10.260    slow_vdd1v0   worst 
NOR2BX1            70     95.760    slow_vdd1v0   worst 
NOR2BX2            35     95.760    slow_vdd1v0   worst 
NOR2BX4            25     94.050    slow_vdd1v0   worst 
NOR2X1            174    178.524    slow_vdd1v0   worst 
NOR2X2             96    164.160    slow_vdd1v0   worst 
NOR2X4            110    338.580    slow_vdd1v0   worst 
NOR2X6             49    201.096    slow_vdd1v0   worst 
NOR2X8             26    142.272    slow_vdd1v0   worst 
NOR2XL              2      2.052    slow_vdd1v0   worst 
NOR3BX1             2      4.104    slow_vdd1v0   worst 
NOR3BX2             1      3.420    slow_vdd1v0   worst 
NOR3BX4             2     11.628    slow_vdd1v0   worst 
NOR3X1              7     11.970    slow_vdd1v0   worst 
NOR3X2              3      8.208    slow_vdd1v0   worst 
NOR3X4              3     15.390    slow_vdd1v0   worst 
NOR3X6              1      7.182    slow_vdd1v0   worst 
NOR3X8              4     35.568    slow_vdd1v0   worst 
NOR4BX2             1      4.788    slow_vdd1v0   worst 
NOR4X2              8     27.360    slow_vdd1v0   worst 
NOR4X4              3     19.494    slow_vdd1v0   worst 
OA21X1             87    178.524    slow_vdd1v0   worst 
OA21X2              1      3.078    slow_vdd1v0   worst 
OA21X4              2      7.524    slow_vdd1v0   worst 
OA22X1            151    361.494    slow_vdd1v0   worst 
OAI211X2            4     16.416    slow_vdd1v0   worst 
OAI211X4            1      6.498    slow_vdd1v0   worst 
OAI21X1            84    143.640    slow_vdd1v0   worst 
OAI21X2            27     83.106    slow_vdd1v0   worst 
OAI21X4            30    143.640    slow_vdd1v0   worst 
OAI221X2            1      4.788    slow_vdd1v0   worst 
OAI221X4            1      7.866    slow_vdd1v0   worst 
OAI22X1            68    139.536    slow_vdd1v0   worst 
OAI22X2            16     54.720    slow_vdd1v0   worst 
OAI22X4             3     19.494    slow_vdd1v0   worst 
OAI2BB1X1         158    270.180    slow_vdd1v0   worst 
OAI2BB1X2          14     43.092    slow_vdd1v0   worst 
OAI2BB1X4           1      4.446    slow_vdd1v0   worst 
OAI2BB2X4           1      8.550    slow_vdd1v0   worst 
OAI31X1             1      2.052    slow_vdd1v0   worst 
OAI31X2             6     22.572    slow_vdd1v0   worst 
OAI32X2             2      8.892    slow_vdd1v0   worst 
OR2X1             134    183.312    slow_vdd1v0   worst 
OR2X2              22     37.620    slow_vdd1v0   worst 
OR2X4              21     57.456    slow_vdd1v0   worst 
OR2X6               8     30.096    slow_vdd1v0   worst 
OR2X8               5     22.230    slow_vdd1v0   worst 
OR3X1              34     69.768    slow_vdd1v0   worst 
OR3X2               1      2.394    slow_vdd1v0   worst 
OR4X1              24     49.248    slow_vdd1v0   worst 
OR4X2               2      6.840    slow_vdd1v0   worst 
OR4X4               1      3.762    slow_vdd1v0   worst 
OR4X6               1      5.472    slow_vdd1v0   worst 
XNOR2X1            48    114.912    slow_vdd1v0   worst 
XNOR2X2            11     33.858    slow_vdd1v0   worst 
XOR2X2              2      6.840    slow_vdd1v0   worst 
XOR2X4              4     16.416    slow_vdd1v0   worst 
--------------------------------------------------------
total            4467  14031.576                


                                          
     Type      Instances    Area   Area % 
------------------------------------------
sequential           656  4758.930   33.9 
inverter             541   803.358    5.7 
buffer               120   393.300    2.8 
logic               3150  8075.988   57.6 
physical_cells         0     0.000    0.0 
------------------------------------------
total               4467 14031.576  100.0 

