============================================================
  Generated by:           Genus(TM) Synthesis Solution 21.19-s055_1
  Generated on:           May 26 2026  08:09:21 am
  Module:                 multiplier32FP
  Operating conditions:   PVT_0P9V_125C 
  Operating conditions:   PVT_1P32V_0C 
  Interconnect mode:      global
  Area mode:              physical library
============================================================


Path 1: MET (0 ps) Setup Check with Pin i_post_norm_mul/s_frac2a_reg[16]/CK->D
          Group: clk
     Startpoint: (R) i_post_norm_mul/s_shr2_reg[5]/CK
          Clock: (R) clk
       Endpoint: (R) i_post_norm_mul/s_frac2a_reg[16]/D
          Clock: (R) clk

                     Capture       Launch     
        Clock Edge:+    2732            0     
       Src Latency:+       0            0     
       Net Latency:+     100 (I)      100 (I) 
           Arrival:=    2832          100     
                                              
             Setup:-     164                  
       Uncertainty:-      50                  
     Required Time:=    2618                  
      Launch Clock:-     100                  
         Data Path:-    2518                  
             Slack:=       0                  

#-----------------------------------------------------------------------------------------------------------
#           Timing Point             Flags   Arc   Edge   Cell     Fanout Load Trans Delay Arrival Instance 
#                                                                         (fF)  (ps)  (ps)   (ps)  Location 
#-----------------------------------------------------------------------------------------------------------
  i_post_norm_mul/s_shr2_reg[5]/CK   -       -     R     (arrival)    656    -     0     0     100    (-,-) 
  i_post_norm_mul/s_shr2_reg[5]/Q    -       CK->Q F     DFFQX2         4  9.1   128   262     362    (-,-) 
  i_post_norm_mul/g82349/Y           -       A->Y  R     INVX3          3  6.7    71    96     457    (-,-) 
  i_post_norm_mul/g82215/Y           -       B->Y  R     CLKAND2X3     11 24.4   181   196     653    (-,-) 
  i_post_norm_mul/g82195/Y           -       A->Y  F     INVX3          4  8.9   111   143     796    (-,-) 
  i_post_norm_mul/g82160/Y           -       B->Y  F     OR2X1          4  9.2   244   256    1052    (-,-) 
  i_post_norm_mul/g82094/Y           -       B->Y  R     NOR2X2         2  5.0   164   205    1257    (-,-) 
  i_post_norm_mul/g81226/Y           -       C->Y  R     AND3X1         3  7.2   172   334    1591    (-,-) 
  i_post_norm_mul/g81216/Y           -       A->Y  F     INVX2          8 15.3   227   208    1799    (-,-) 
  i_post_norm_mul/g81130/Y           -       B->Y  F     OR2X1          3  6.6   180   271    2070    (-,-) 
  i_post_norm_mul/g80762/Y           -       A1->Y R     OAI22X1        1  3.3   222   225    2296    (-,-) 
  i_post_norm_mul/g80504/Y           -       A->Y  F     NOR2X1         1  3.2   136   197    2493    (-,-) 
  i_post_norm_mul/g80455/Y           -       B->Y  R     NAND2X1        1  3.2   120   125    2618    (-,-) 
  i_post_norm_mul/s_frac2a_reg[16]/D <<<     -     R     DFFHQX1        1    -     -     0    2618    (-,-) 
#-----------------------------------------------------------------------------------------------------------

