============================================================
  Generated by:           Genus(TM) Synthesis Solution 21.19-s055_1
  Generated on:           May 26 2026  08:09:21 am
  Module:                 multiplier32FP
  Library domain:         worst
    Domain index:         0
    Technology library:   slow_vdd1v0 1.0
  Library domain:         best
    Domain index:         1
    Technology library:   fast_vdd1v2 1.0
  Operating conditions:   PVT_0P9V_125C 
  Operating conditions:   PVT_1P32V_0C 
  Interconnect mode:      global
  Area mode:              physical library
============================================================

Max_transition design rule (violation total = 161)
Pin                                   Slew           Max     Violation
------------------------------------------------------------------------
i_mul_24/drc/A                         360           280            80
  --> Other violations on net                  80
i_mul_24/g6417__6260/Y                 360           280            80
  --> Other violations on net                  80
i_post_norm_mul/g82448/A0              280           280             0
  --> Other violations on net                  1
i_post_norm_mul/g82419/C               280           280             0
  --> Other violations on net                  1
i_post_norm_mul/g82563/Y               280           280             0
  --> Other violations on net                  1


Max_capacitance design rule: no violations.


Max_fanout design rule: no constraints.



