============================================================
  Generated by:           Genus(TM) Synthesis Solution 21.19-s055_1
  Generated on:           May 22 2026  04:25:34 pm
  Module:                 multiplier32FP
  Operating conditions:   PVT_0P9V_125C 
  Operating conditions:   PVT_1P32V_0C 
  Interconnect mode:      global
  Area mode:              physical library
============================================================


Path 1: MET (28 ps) Setup Check with Pin i_post_norm_mul/s_zeros_reg[0]/CK->D
          Group: clk
     Startpoint: (R) i_post_norm_mul/s_fract_48_i_reg[2]/CK
          Clock: (R) clk
       Endpoint: (F) i_post_norm_mul/s_zeros_reg[0]/D
          Clock: (R) clk

                     Capture       Launch     
        Clock Edge:+    3636            0     
       Src Latency:+       0            0     
       Net Latency:+     100 (I)      100 (I) 
           Arrival:=    3736          100     
                                              
             Setup:-     101                  
       Uncertainty:-      50                  
     Required Time:=    3585                  
      Launch Clock:-     100                  
         Data Path:-    3457                  
             Slack:=      28                  

#----------------------------------------------------------------------------------------------------------------
#             Timing Point               Flags    Arc   Edge   Cell     Fanout Load Trans Delay Arrival Instance 
#                                                                              (fF)  (ps)  (ps)   (ps)  Location 
#----------------------------------------------------------------------------------------------------------------
  i_post_norm_mul/s_fract_48_i_reg[2]/CK -       -      R     (arrival)    656    -     0     0     100    (-,-) 
  i_post_norm_mul/s_fract_48_i_reg[2]/Q  -       CK->Q  R     DFFHQX4        4 10.0    66   225     325    (-,-) 
  i_post_norm_mul/g67806/Y               -       A->Y   F     CLKINVX4       7 14.3   110    93     418    (-,-) 
  i_post_norm_mul/g67619/Y               -       B->Y   R     NOR2X4         1  4.5    83    97     514    (-,-) 
  i_post_norm_mul/g67493/Y               -       A1->Y  F     OAI21X4        1  4.3   114   116     630    (-,-) 
  i_post_norm_mul/g67441/Y               -       A0->Y  R     AOI21X4        1  3.3    77   115     745    (-,-) 
  i_post_norm_mul/g67408/Y               -       A1N->Y R     AOI2BB1X4      1  3.7    80   138     883    (-,-) 
  i_post_norm_mul/g67351/Y               -       A1->Y  F     OAI21X2        1  3.1   144   129    1012    (-,-) 
  i_post_norm_mul/g67264/Y               -       A1->Y  F     AO21X1         1  3.3   100   212    1224    (-,-) 
  i_post_norm_mul/g67172/Y               -       A1->Y  R     AOI21X1        1  3.1   187   166    1390    (-,-) 
  i_post_norm_mul/g67128/Y               -       D->Y   R     OR4X1          1  3.3    85   193    1583    (-,-) 
  i_post_norm_mul/g67099/Y               -       B->Y   F     NAND2BX1       1  3.6   229   183    1767    (-,-) 
  i_post_norm_mul/g67081/Y               -       A1->Y  R     AOI21X2        1  3.3   128   191    1958    (-,-) 
  i_post_norm_mul/g67076/Y               -       A1->Y  F     OAI21X1        1  3.1   225   205    2163    (-,-) 
  i_post_norm_mul/g67071/Y               -       A1N->Y F     OAI2BB1X1      1  3.3   213   261    2424    (-,-) 
  i_post_norm_mul/g67069/Y               -       A1->Y  R     AOI21X1        1  3.1   188   225    2650    (-,-) 
  i_post_norm_mul/g67062/Y               -       A1N->Y R     AOI2BB1X1      1  3.3   185   232    2882    (-,-) 
  i_post_norm_mul/g67036/Y               -       A1->Y  F     OAI21X1        1  3.1   223   238    3120    (-,-) 
  i_post_norm_mul/g67028/Y               -       A1N->Y F     OAI2BB1X1      1  3.1   202   254    3374    (-,-) 
  i_post_norm_mul/g67025/Y               -       A->Y   F     AND2X1         1  3.2    93   183    3557    (-,-) 
  i_post_norm_mul/s_zeros_reg[0]/D       <<<     -      F     DFFHQX8        1    -     -     0    3557    (-,-) 
#----------------------------------------------------------------------------------------------------------------

