============================================================
  Generated by:           Genus(TM) Synthesis Solution 21.19-s055_1
  Generated on:           May 22 2026  04:25:34 pm
  Module:                 multiplier32FP
  Library domain:         worst
    Domain index:         0
    Technology library:   slow_vdd1v0 1.0
  Library domain:         best
    Domain index:         1
    Technology library:   fast_vdd1v2 1.0
  Operating conditions:   PVT_0P9V_125C 
  Operating conditions:   PVT_1P32V_0C 
  Interconnect mode:      global
  Area mode:              physical library
============================================================

Max_transition design rule (violation total = 282)
Pin                                                                       Slew           Max     Violation
------------------------------------------------------------------------------------------------------------
i_mul_24/WALLACE_CSA_DUMMY_OP_groupi893_cdnfadd_014_0__1881/B              409           280           129
  --> Other violations on net                                                      129
i_mul_24/g5516__1705/Y                                                     409           280           129
  --> Other violations on net                                                      129
i_post_norm_mul/g65691/B0                                                  289           280             9
  --> Other violations on net                                                      9
i_post_norm_mul/g66071/Y                                                   289           280             9
  --> Other violations on net                                                      9
i_post_norm_mul/s_shl2_reg[0]/D                                            282           280             2
  --> Other violations on net                                                      2
i_post_norm_mul/g66091/Y                                                   282           280             2
  --> Other violations on net                                                      2
i_post_norm_mul/g67078/A1N                                                 280           280             0
  --> Other violations on net                                                      0
i_post_norm_mul/g67088/Y                                                   280           280             0
  --> Other violations on net                                                      0


Max_capacitance design rule: no violations.


Max_fanout design rule: no constraints.



