============================================================
  Generated by:           Genus(TM) Synthesis Solution 21.19-s055_1
  Generated on:           May 22 2026  04:25:34 pm
  Module:                 multiplier32FP
  Library domain:         worst
    Domain index:         0
    Technology library:   slow_vdd1v0 1.0
  Library domain:         best
    Domain index:         1
    Technology library:   fast_vdd1v2 1.0
  Operating conditions:   PVT_0P9V_125C 
  Operating conditions:   PVT_1P32V_0C 
  Interconnect mode:      global
  Area mode:              physical library
============================================================

     Instance         Module     Cell Count  Normalized Cell Area  Normalized Net Area   Normalized Total Area 
---------------------------------------------------------------------------------------------------------------
multiplier32FP                         3952             11314.667             4848.814               16163.481 
  i_mul_24        mul_24               1305              5195.667             1513.060                6708.727 
  i_post_norm_mul post_norm_mul        2398              5346.333             2928.961                8275.294 
  i_pre_norm_mul  pre_norm_mul           40               139.667               31.399                 171.065 
  u_fsm           fpu_fsm                34               109.333               36.196                 145.530 
