============================================================
  Generated by:           Genus(TM) Synthesis Solution 21.19-s055_1
  Generated on:           May 22 2026  04:25:34 pm
  Module:                 multiplier32FP
  Operating conditions:   PVT_0P9V_125C 
  Operating conditions:   PVT_1P32V_0C 
  Interconnect mode:      global
  Area mode:              physical library
============================================================

Timing
--------

Clock Period 
-------------
clk   3636.0 


  Cost    Critical         Violating 
 Group   Path Slack  TNS     Paths   
-------------------------------------
clk            28.1   0.0          0 
default    No paths   0.0            
-------------------------------------
Total                 0.0          0 

Instance Count
--------------
Leaf Instance Count             3952 
Physical Instance count            0 
Sequential Instance Count        656 
Combinational Instance Count    3296 
Hierarchical Instance Count        4 

Area
----
Cell Area                          11608.848
Physical Cell Area                 0.000
Total Cell Area (Cell+Physical)    11608.848
Net Area                           4974.883
Total Area (Cell+Physical+Net)     16583.731

Max Fanout                         656 (clk)
Min Fanout                         0 (n_135)
Average Fanout                     2.4
Terms to net ratio                 3.3793
Terms to instance ratio            3.5888
Runtime                            714.5764600000001 seconds
Elapsed Runtime                    721 seconds
Genus peak memory usage            1903.04 
Innovus peak memory usage          no_value 
Hostname                           localhost
