============================================================
  Generated by:           Genus(TM) Synthesis Solution 21.19-s055_1
  Generated on:           May 22 2026  04:25:34 pm
  Module:                 multiplier32FP
  Operating conditions:   PVT_0P9V_125C 
  Operating conditions:   PVT_1P32V_0C 
  Interconnect mode:      global
  Area mode:              physical library
============================================================

                                                Library 
   Gate     Instances    Area        Library     Domain 
--------------------------------------------------------
ADDFHX1             4     30.096    slow_vdd1v0   worst 
ADDFHX2             6     49.248    slow_vdd1v0   worst 
ADDFX1            104    533.520    slow_vdd1v0   worst 
ADDHX1             32    120.384    slow_vdd1v0   worst 
ADDHX2              1      5.130    slow_vdd1v0   worst 
AND2X1            303    414.504    slow_vdd1v0   worst 
AND2X2             33     56.430    slow_vdd1v0   worst 
AND2X4              8     21.888    slow_vdd1v0   worst 
AND2X6              4     15.048    slow_vdd1v0   worst 
AND2X8              4     17.784    slow_vdd1v0   worst 
AND3X1              3      7.182    slow_vdd1v0   worst 
AND3X2              1      2.736    slow_vdd1v0   worst 
AND3X4              2      6.156    slow_vdd1v0   worst 
AND3XL             24     49.248    slow_vdd1v0   worst 
AND4X1              9     21.546    slow_vdd1v0   worst 
AND4X6              1      5.814    slow_vdd1v0   worst 
AO21X1             55    131.670    slow_vdd1v0   worst 
AO21X2              4     10.944    slow_vdd1v0   worst 
AO22X1             55    150.480    slow_vdd1v0   worst 
AOI211X1            3      7.182    slow_vdd1v0   worst 
AOI211X2           16     54.720    slow_vdd1v0   worst 
AOI21X1           176    300.960    slow_vdd1v0   worst 
AOI21X2            14     38.304    slow_vdd1v0   worst 
AOI21X4            19     97.470    slow_vdd1v0   worst 
AOI221X1            1      2.394    slow_vdd1v0   worst 
AOI221X2           15     66.690    slow_vdd1v0   worst 
AOI22X1           142    291.384    slow_vdd1v0   worst 
AOI22X2            31    116.622    slow_vdd1v0   worst 
AOI22X4             5     30.780    slow_vdd1v0   worst 
AOI2BB1X1          27     55.404    slow_vdd1v0   worst 
AOI2BB1X2           5     15.390    slow_vdd1v0   worst 
AOI2BB1X4           7     28.728    slow_vdd1v0   worst 
AOI2BB2X2           1      5.130    slow_vdd1v0   worst 
AOI31X2             3     10.260    slow_vdd1v0   worst 
BUFX2              10     17.100    slow_vdd1v0   worst 
BUFX6               1      3.078    slow_vdd1v0   worst 
BUFX8              37    139.194    slow_vdd1v0   worst 
CLKAND2X12          8     60.192    slow_vdd1v0   worst 
CLKAND2X2           5     10.260    slow_vdd1v0   worst 
CLKAND2X3           7     21.546    slow_vdd1v0   worst 
CLKAND2X6           3     14.364    slow_vdd1v0   worst 
CLKINVX12           5     20.520    slow_vdd1v0   worst 
CLKINVX20           1      6.498    slow_vdd1v0   worst 
CLKINVX4           15     25.650    slow_vdd1v0   worst 
CLKINVX6           14     33.516    slow_vdd1v0   worst 
CLKINVX8            4     12.312    slow_vdd1v0   worst 
CLKXOR2X1          11     30.096    slow_vdd1v0   worst 
DFFHQX1           220   1203.840    slow_vdd1v0   worst 
DFFHQX2             2     13.680    slow_vdd1v0   worst 
DFFHQX4             4     32.832    slow_vdd1v0   worst 
DFFHQX8             6     55.404    slow_vdd1v0   worst 
DFFQX2             29    188.442    slow_vdd1v0   worst 
DFFQX4             10     71.820    slow_vdd1v0   worst 
DFFQXL              1      5.472    slow_vdd1v0   worst 
DFFRHQX1           39    240.084    slow_vdd1v0   worst 
DFFRHQX4            1      9.576    slow_vdd1v0   worst 
DFFRX1              2     13.680    slow_vdd1v0   worst 
DFFRX2              3     22.572    slow_vdd1v0   worst 
DFFRX4              1      9.576    slow_vdd1v0   worst 
DFFX1              24    172.368    slow_vdd1v0   worst 
DFFX2              16    131.328    slow_vdd1v0   worst 
DFFX4               8     73.872    slow_vdd1v0   worst 
EDFFHQX1          288   2462.400    slow_vdd1v0   worst 
INVX1             212    145.008    slow_vdd1v0   worst 
INVX2              65     66.690    slow_vdd1v0   worst 
INVX3               9     12.312    slow_vdd1v0   worst 
INVX6               3      7.182    slow_vdd1v0   worst 
INVXL               1      0.684    slow_vdd1v0   worst 
MDFFHQX4            1      9.234    slow_vdd1v0   worst 
MDFFHQX8            1     11.286    slow_vdd1v0   worst 
MX2X1             125    299.250    slow_vdd1v0   worst 
MX3XL               1      4.788    slow_vdd1v0   worst 
MXI2X1              8     21.888    slow_vdd1v0   worst 
MXI2X2             22     97.812    slow_vdd1v0   worst 
MXI2X6             12     61.560    slow_vdd1v0   worst 
NAND2BX1           46     62.928    slow_vdd1v0   worst 
NAND2BX2           13     31.122    slow_vdd1v0   worst 
NAND2BX4            2      7.524    slow_vdd1v0   worst 
NAND2X1           115    117.990    slow_vdd1v0   worst 
NAND2X2           113    193.230    slow_vdd1v0   worst 
NAND2X4            17     58.140    slow_vdd1v0   worst 
NAND3BX2            2      6.156    slow_vdd1v0   worst 
NAND3BX4            2     10.260    slow_vdd1v0   worst 
NAND3X2            14     38.304    slow_vdd1v0   worst 
NAND3X4             1      4.788    slow_vdd1v0   worst 
NOR2BX1            77    105.336    slow_vdd1v0   worst 
NOR2BX2            15     41.040    slow_vdd1v0   worst 
NOR2BX4             2      7.524    slow_vdd1v0   worst 
NOR2X1            130    133.380    slow_vdd1v0   worst 
NOR2X2             65    111.150    slow_vdd1v0   worst 
NOR2X4             26     80.028    slow_vdd1v0   worst 
NOR2X6              1      4.104    slow_vdd1v0   worst 
NOR3BX1             2      4.104    slow_vdd1v0   worst 
NOR3BX2             1      3.420    slow_vdd1v0   worst 
NOR3BX4             1      5.814    slow_vdd1v0   worst 
NOR3X1              4      6.840    slow_vdd1v0   worst 
NOR3X2              3      8.208    slow_vdd1v0   worst 
NOR3X6              2     14.364    slow_vdd1v0   worst 
NOR3X8              1      8.892    slow_vdd1v0   worst 
NOR4X2              9     30.780    slow_vdd1v0   worst 
OA21X1             62    127.224    slow_vdd1v0   worst 
OA21X2              5     15.390    slow_vdd1v0   worst 
OA22X1            105    251.370    slow_vdd1v0   worst 
OAI211X4            1      6.498    slow_vdd1v0   worst 
OAI21X1            87    148.770    slow_vdd1v0   worst 
OAI21X2            13     40.014    slow_vdd1v0   worst 
OAI21X4             7     33.516    slow_vdd1v0   worst 
OAI21XL             1      1.710    slow_vdd1v0   worst 
OAI221X4            1      7.866    slow_vdd1v0   worst 
OAI22X1            76    155.952    slow_vdd1v0   worst 
OAI22X2             2      6.840    slow_vdd1v0   worst 
OAI22X4             1      6.498    slow_vdd1v0   worst 
OAI2BB1X1         188    321.480    slow_vdd1v0   worst 
OAI2BB1X2          23     70.794    slow_vdd1v0   worst 
OAI2BB1X4           4     17.784    slow_vdd1v0   worst 
OAI31X1             6     12.312    slow_vdd1v0   worst 
OAI31X2             8     30.096    slow_vdd1v0   worst 
OR2X1             145    198.360    slow_vdd1v0   worst 
OR2X2              22     37.620    slow_vdd1v0   worst 
OR2X4              17     46.512    slow_vdd1v0   worst 
OR2X6               1      3.762    slow_vdd1v0   worst 
OR3X1              36     73.872    slow_vdd1v0   worst 
OR3X2               2      4.788    slow_vdd1v0   worst 
OR4X1              42     86.184    slow_vdd1v0   worst 
XNOR2X1            73    174.762    slow_vdd1v0   worst 
XNOR2X2             1      3.078    slow_vdd1v0   worst 
XNOR2X4             1      3.762    slow_vdd1v0   worst 
XOR2X1              1      2.736    slow_vdd1v0   worst 
XOR2X2              4     13.680    slow_vdd1v0   worst 
--------------------------------------------------------
total            3952  11608.848                


                                          
     Type      Instances    Area   Area % 
------------------------------------------
sequential           656  4727.466   40.7 
inverter             329   330.372    2.8 
buffer                48   159.372    1.4 
logic               2919  6391.638   55.1 
physical_cells         0     0.000    0.0 
------------------------------------------
total               3952 11608.848  100.0 

