============================================================
  Generated by:           Genus(TM) Synthesis Solution 21.19-s055_1
  Generated on:           May 25 2026  09:50:37 am
  Module:                 multiplier32FP
  Operating conditions:   PVT_0P9V_125C 
  Operating conditions:   PVT_1P32V_0C 
  Interconnect mode:      global
  Area mode:              physical library
============================================================


Path 1: MET (0 ps) Setup Check with Pin i_post_norm_mul/s_frac2a_reg[45]/CK->D
          Group: clk
     Startpoint: (R) i_post_norm_mul/s_shl2_reg[1]/CK
          Clock: (R) clk
       Endpoint: (R) i_post_norm_mul/s_frac2a_reg[45]/D
          Clock: (R) clk

                     Capture       Launch     
        Clock Edge:+    2778            0     
       Src Latency:+       0            0     
       Net Latency:+     100 (I)      100 (I) 
           Arrival:=    2878          100     
                                              
             Setup:-     202                  
       Uncertainty:-      50                  
     Required Time:=    2626                  
      Launch Clock:-     100                  
         Data Path:-    2526                  
             Slack:=       0                  

#------------------------------------------------------------------------------------------------------------
#           Timing Point             Flags    Arc   Edge   Cell     Fanout Load Trans Delay Arrival Instance 
#                                                                          (fF)  (ps)  (ps)   (ps)  Location 
#------------------------------------------------------------------------------------------------------------
  i_post_norm_mul/s_shl2_reg[1]/CK   -       -      R     (arrival)    656    -     0     0     100    (-,-) 
  i_post_norm_mul/s_shl2_reg[1]/QN   -       CK->QN R     DFFX4          6 13.5    86   329     429    (-,-) 
  i_post_norm_mul/g81210/Y           -       B->Y   R     CLKAND2X3      6 17.4   134   177     605    (-,-) 
  i_post_norm_mul/g81202/Y           -       A->Y   F     CLKINVX12     38 63.9   178   154     759    (-,-) 
  i_post_norm_mul/g80995/Y           -       B1->Y  F     OA22X1         1  3.1    99   247    1006    (-,-) 
  i_post_norm_mul/g80911/Y           -       B->Y   F     AND2X1         4  8.1   214   207    1213    (-,-) 
  i_post_norm_mul/g80739/Y           -       A1->Y  F     AO22X1         1  3.1   100   275    1488    (-,-) 
  i_post_norm_mul/g80695/Y           -       B0->Y  F     AO21X1         3  6.6   182   228    1715    (-,-) 
  i_post_norm_mul/g80619/Y           -       B->Y   R     NOR2X1         1  3.3   187   202    1917    (-,-) 
  i_post_norm_mul/g80572/Y           -       A1->Y  F     OAI22X1        1  3.1   249   266    2183    (-,-) 
  i_post_norm_mul/g80504/Y           -       AN->Y  F     NAND2BX1       1  3.2   219   270    2453    (-,-) 
  i_post_norm_mul/g80482/Y           -       B0->Y  R     OAI21X1        1  3.2   196   173    2626    (-,-) 
  i_post_norm_mul/s_frac2a_reg[45]/D <<<     -      R     DFFHQX1        1    -     -     0    2626    (-,-) 
#------------------------------------------------------------------------------------------------------------

