============================================================
  Generated by:           Genus(TM) Synthesis Solution 21.19-s055_1
  Generated on:           May 25 2026  09:50:37 am
  Module:                 multiplier32FP
  Library domain:         worst
    Domain index:         0
    Technology library:   slow_vdd1v0 1.0
  Library domain:         best
    Domain index:         1
    Technology library:   fast_vdd1v2 1.0
  Operating conditions:   PVT_0P9V_125C 
  Operating conditions:   PVT_1P32V_0C 
  Interconnect mode:      global
  Area mode:              physical library
============================================================

Max_transition design rule (violation total = 90)
Pin                                    Slew           Max     Violation
-------------------------------------------------------------------------
i_post_norm_mul/g81498/A0               285           280             5
  --> Other violations on net                   85
i_post_norm_mul/g81580/A0               285           280             5
  --> Other violations on net                   85
i_post_norm_mul/g81918/A0N              285           280             5
  --> Other violations on net                   85
i_post_norm_mul/g82299/A                285           280             5
  --> Other violations on net                   85
i_post_norm_mul/g82664/A                285           280             5
  --> Other violations on net                   85
i_post_norm_mul/g81565/A0               285           280             5
  --> Other violations on net                   85
i_post_norm_mul/g81722/B                285           280             5
  --> Other violations on net                   85
i_post_norm_mul/g82663/B                285           280             5
  --> Other violations on net                   85
i_post_norm_mul/g81628/B0               285           280             5
  --> Other violations on net                   85
i_post_norm_mul/g82030/A0               285           280             5
  --> Other violations on net                   85
i_post_norm_mul/g82393/A                285           280             5
  --> Other violations on net                   85
i_post_norm_mul/g81730/A0N              285           280             5
  --> Other violations on net                   85
i_post_norm_mul/g81750/A0               285           280             5
  --> Other violations on net                   85
i_post_norm_mul/g81706/A0               285           280             5
  --> Other violations on net                   85
i_post_norm_mul/g82301/A                285           280             5
  --> Other violations on net                   85
i_post_norm_mul/g81699/B0               285           280             5
  --> Other violations on net                   85
i_post_norm_mul/g82067/A                285           280             5
  --> Other violations on net                   85
i_post_norm_mul/g82873/Y                285           280             5
  --> Other violations on net                   85


Max_capacitance design rule: no violations.


Max_fanout design rule: no constraints.



