============================================================
  Generated by:           Genus(TM) Synthesis Solution 21.19-s055_1
  Generated on:           May 22 2026  02:23:56 pm
  Module:                 multiplier32FP
  Operating conditions:   PVT_0P9V_125C 
  Operating conditions:   PVT_1P32V_0C 
  Interconnect mode:      global
  Area mode:              physical library
============================================================


Path 1: MET (203 ps) Setup Check with Pin i_post_norm_mul/s_r_zeros_reg[2]/CK->D
          Group: clk
     Startpoint: (R) i_post_norm_mul/s_fract_48_i_reg[1]/CK
          Clock: (R) clk
       Endpoint: (F) i_post_norm_mul/s_r_zeros_reg[2]/D
          Clock: (R) clk

                     Capture       Launch     
        Clock Edge:+    9615            0     
       Src Latency:+       0            0     
       Net Latency:+     100 (I)      100 (I) 
           Arrival:=    9715          100     
                                              
             Setup:-     154                  
       Uncertainty:-      50                  
     Required Time:=    9511                  
      Launch Clock:-     100                  
         Data Path:-    9208                  
             Slack:=     203                  

#---------------------------------------------------------------------------------------------------------------
#             Timing Point               Flags   Arc   Edge   Cell     Fanout Load Trans Delay Arrival Instance 
#                                                                             (fF)  (ps)  (ps)   (ps)  Location 
#---------------------------------------------------------------------------------------------------------------
  i_post_norm_mul/s_fract_48_i_reg[1]/CK -       -     R     (arrival)    656    -     0     0     100    (-,-) 
  i_post_norm_mul/s_fract_48_i_reg[1]/Q  -       CK->Q F     DFFX1          4  8.6   226   313     413    (-,-) 
  i_post_norm_mul/g38748/Y               -       A->Y  R     NOR2X1         2  4.8   252   268     681    (-,-) 
  i_post_norm_mul/g38731/Y               -       B->Y  R     AND2X1         3  7.2   164   320    1001    (-,-) 
  i_post_norm_mul/g38718/Y               -       B->Y  F     NAND2X2        4  8.2   268   236    1237    (-,-) 
  i_post_norm_mul/g38710/Y               -       AN->Y F     NAND2BX2       4  8.5   275   338    1575    (-,-) 
  i_post_norm_mul/g38701/Y               -       B->Y  R     NOR2BX2        4  8.0   233   258    1834    (-,-) 
  i_post_norm_mul/g38691/Y               -       A->Y  R     AND2X1         4  8.2   185   306    2140    (-,-) 
  i_post_norm_mul/g38682/Y               -       B->Y  R     AND2X2         4  8.8   122   287    2427    (-,-) 
  i_post_norm_mul/g38672/Y               -       B->Y  F     NAND2X2        4  8.6   273   221    2647    (-,-) 
  i_post_norm_mul/g38667/Y               -       B->Y  R     NOR2X2         4  8.0   232   257    2905    (-,-) 
  i_post_norm_mul/g38659/Y               -       B->Y  R     AND2X1         4  9.2   206   333    3238    (-,-) 
  i_post_norm_mul/g38645/Y               -       B->Y  F     NAND2X2        3  7.4   253   246    3483    (-,-) 
  i_post_norm_mul/g38641/Y               -       A->Y  R     INVX3          2  5.4    81   151    3634    (-,-) 
  i_post_norm_mul/g38635/Y               -       B->Y  F     NAND2X2        4  8.9   280   204    3838    (-,-) 
  i_post_norm_mul/g38626/Y               -       B->Y  R     NOR2X2         4  8.2   237   263    4102    (-,-) 
  i_post_norm_mul/g38618/Y               -       B->Y  R     AND2X2         4  9.4   128   316    4418    (-,-) 
  i_post_norm_mul/g38611/Y               -       B->Y  F     NAND2X2        3  7.9   263   214    4631    (-,-) 
  i_post_norm_mul/g38601/Y               -       B->Y  R     NOR2X2         2  5.4   175   219    4850    (-,-) 
  i_post_norm_mul/g38593/Y               -       B->Y  F     NAND2X2        2  5.5   199   201    5052    (-,-) 
  i_post_norm_mul/g38589/Y               -       B->Y  R     NOR2X2         3  7.3   207   212    5263    (-,-) 
  i_post_norm_mul/g38586/Y               -       B->Y  F     NAND2X2        2  5.5   204   218    5481    (-,-) 
  i_post_norm_mul/g38573/Y               -       B->Y  R     NOR2X2         3  7.4   210   215    5696    (-,-) 
  i_post_norm_mul/g38568/Y               -       B->Y  F     NAND2X2        2  5.5   204   219    5916    (-,-) 
  i_post_norm_mul/g38561/Y               -       B->Y  R     NOR2X2         3  6.6   193   205    6121    (-,-) 
  i_post_norm_mul/g38557/Y               -       C->Y  R     AND3X1         3  6.6   160   341    6462    (-,-) 
  i_post_norm_mul/g38544/Y               -       A->Y  R     AND2X1         2  5.4   127   240    6702    (-,-) 
  i_post_norm_mul/g38540/Y               -       B->Y  F     NAND2X2        3  6.6   222   193    6895    (-,-) 
  i_post_norm_mul/g38535/Y               -       B->Y  R     NOR2X1         2  4.8   256   262    7157    (-,-) 
  i_post_norm_mul/g38529/Y               -       A->Y  R     AND2X1         3  7.2   164   306    7463    (-,-) 
  i_post_norm_mul/g38512/Y               -       B->Y  F     NAND2X2        3  7.4   248   225    7687    (-,-) 
  i_post_norm_mul/g38492/Y               -       B->Y  R     NOR2X2         2  6.0   185   219    7906    (-,-) 
  i_post_norm_mul/g38468/Y               -       B->Y  F     NAND2X2        3  7.6   255   238    8145    (-,-) 
  i_post_norm_mul/g38448/Y               -       B->Y  R     NOR2X2         3  6.6   199   231    8376    (-,-) 
  i_post_norm_mul/g38430/Y               -       B->Y  F     NOR2X1         2  4.8   166   197    8572    (-,-) 
  i_post_norm_mul/g38418/Y               -       B0->Y F     AO21X1         2  4.8   137   232    8805    (-,-) 
  i_post_norm_mul/g38409/Y               -       D->Y  F     OR4X1          1  3.1   112   292    9097    (-,-) 
  i_post_norm_mul/g38401/Y               -       AN->Y F     NAND2BX1       1  3.2   226   211    9308    (-,-) 
  i_post_norm_mul/s_r_zeros_reg[2]/D     <<<     -     F     DFFHQX1        1    -     -     0    9308    (-,-) 
#---------------------------------------------------------------------------------------------------------------

