============================================================
  Generated by:           Genus(TM) Synthesis Solution 21.19-s055_1
  Generated on:           May 22 2026  02:23:56 pm
  Module:                 multiplier32FP
  Operating conditions:   PVT_0P9V_125C 
  Operating conditions:   PVT_1P32V_0C 
  Interconnect mode:      global
  Area mode:              physical library
============================================================

                                               Library 
   Gate     Instances    Area       Library     Domain 
-------------------------------------------------------
ADDFX1            157   805.410    slow_vdd1v0   worst 
ADDHX1             65   244.530    slow_vdd1v0   worst 
AND2X1            253   346.104    slow_vdd1v0   worst 
AND2X2              9    15.390    slow_vdd1v0   worst 
AND2X4              5    13.680    slow_vdd1v0   worst 
AND2X6             12    45.144    slow_vdd1v0   worst 
AND2X8              2     8.892    slow_vdd1v0   worst 
AND3X1              5    11.970    slow_vdd1v0   worst 
AND3X2              1     2.736    slow_vdd1v0   worst 
AND3X4              1     3.078    slow_vdd1v0   worst 
AND3X6              1     4.446    slow_vdd1v0   worst 
AND3XL              8    16.416    slow_vdd1v0   worst 
AND4X1              4     9.576    slow_vdd1v0   worst 
AND4X6              1     5.814    slow_vdd1v0   worst 
AO21X1             29    69.426    slow_vdd1v0   worst 
AO21X2              1     2.736    slow_vdd1v0   worst 
AO22X1             56   153.216    slow_vdd1v0   worst 
AOI211X2            2     6.840    slow_vdd1v0   worst 
AOI21X1            72   123.120    slow_vdd1v0   worst 
AOI21X2             5    13.680    slow_vdd1v0   worst 
AOI221X2           10    44.460    slow_vdd1v0   worst 
AOI22X1           208   426.816    slow_vdd1v0   worst 
AOI22X2             1     3.762    slow_vdd1v0   worst 
AOI2BB1X1           3     6.156    slow_vdd1v0   worst 
AOI31X2             2     6.840    slow_vdd1v0   worst 
BUFX2              57    97.470    slow_vdd1v0   worst 
BUFX3               1     2.052    slow_vdd1v0   worst 
BUFX6               1     3.078    slow_vdd1v0   worst 
BUFX8              37   139.194    slow_vdd1v0   worst 
CLKAND2X12          4    30.096    slow_vdd1v0   worst 
CLKINVX4            2     3.420    slow_vdd1v0   worst 
CLKINVX6            2     4.788    slow_vdd1v0   worst 
CLKINVX8            1     3.078    slow_vdd1v0   worst 
CLKMX2X3           24    98.496    slow_vdd1v0   worst 
CLKXOR2X1          14    38.304    slow_vdd1v0   worst 
DFFHQX1           262  1433.664    slow_vdd1v0   worst 
DFFHQX2             1     6.840    slow_vdd1v0   worst 
DFFHQX4             1     8.208    slow_vdd1v0   worst 
DFFQX2              8    51.984    slow_vdd1v0   worst 
DFFQX4              7    50.274    slow_vdd1v0   worst 
DFFRHQX1           39   240.084    slow_vdd1v0   worst 
DFFRX1              4    27.360    slow_vdd1v0   worst 
DFFRX2              6    45.144    slow_vdd1v0   worst 
DFFX1              11    79.002    slow_vdd1v0   worst 
DFFX2              27   221.616    slow_vdd1v0   worst 
EDFFHQX1          288  2462.400    slow_vdd1v0   worst 
EDFFX2              1     9.234    slow_vdd1v0   worst 
INVX1              97    66.348    slow_vdd1v0   worst 
INVX2              31    31.806    slow_vdd1v0   worst 
INVX3              10    13.680    slow_vdd1v0   worst 
INVX6               2     4.788    slow_vdd1v0   worst 
MDFFHQX2            1     9.234    slow_vdd1v0   worst 
MX2X1              46   110.124    slow_vdd1v0   worst 
NAND2BX1           31    42.408    slow_vdd1v0   worst 
NAND2BX2            8    19.152    slow_vdd1v0   worst 
NAND2BX4            1     3.762    slow_vdd1v0   worst 
NAND2X1            80    82.080    slow_vdd1v0   worst 
NAND2X2            76   129.960    slow_vdd1v0   worst 
NAND2X4             2     6.840    slow_vdd1v0   worst 
NAND3BX2            8    24.624    slow_vdd1v0   worst 
NAND3X2             9    24.624    slow_vdd1v0   worst 
NAND3X4             1     4.788    slow_vdd1v0   worst 
NOR2BX1            59    80.712    slow_vdd1v0   worst 
NOR2BX2             6    16.416    slow_vdd1v0   worst 
NOR2X1             63    64.638    slow_vdd1v0   worst 
NOR2X2             37    63.270    slow_vdd1v0   worst 
NOR3BX1             5    10.260    slow_vdd1v0   worst 
NOR3BX2             1     3.420    slow_vdd1v0   worst 
NOR3X1              3     5.130    slow_vdd1v0   worst 
NOR3X2              1     2.736    slow_vdd1v0   worst 
NOR3X4              1     5.130    slow_vdd1v0   worst 
NOR4X2             12    41.040    slow_vdd1v0   worst 
OA21X1             31    63.612    slow_vdd1v0   worst 
OA22X1             86   205.884    slow_vdd1v0   worst 
OAI21X1            39    66.690    slow_vdd1v0   worst 
OAI21X2             2     6.156    slow_vdd1v0   worst 
OAI22X1            80   164.160    slow_vdd1v0   worst 
OAI2BB1X1         107   182.970    slow_vdd1v0   worst 
OAI2BB1X2           2     6.156    slow_vdd1v0   worst 
OAI31X1             1     2.052    slow_vdd1v0   worst 
OAI32X2             1     4.446    slow_vdd1v0   worst 
OR2X1              89   121.752    slow_vdd1v0   worst 
OR2X2               8    13.680    slow_vdd1v0   worst 
OR2X4              10    27.360    slow_vdd1v0   worst 
OR2X6               1     3.762    slow_vdd1v0   worst 
OR3X1              23    47.196    slow_vdd1v0   worst 
OR4X1              47    96.444    slow_vdd1v0   worst 
XNOR2X1            45   107.730    slow_vdd1v0   worst 
-------------------------------------------------------
total            2874  9433.044                


                                         
     Type      Instances   Area   Area % 
-----------------------------------------
sequential           656 4645.044   49.2 
inverter             145  127.908    1.4 
buffer                96  241.794    2.6 
logic               1977 4418.298   46.8 
physical_cells         0    0.000    0.0 
-----------------------------------------
total               2874 9433.044  100.0 

