============================================================
  Generated by:           Genus(TM) Synthesis Solution 21.19-s055_1
  Generated on:           May 22 2026  02:23:56 pm
  Module:                 multiplier32FP
  Library domain:         worst
    Domain index:         0
    Technology library:   slow_vdd1v0 1.0
  Library domain:         best
    Domain index:         1
    Technology library:   fast_vdd1v2 1.0
  Operating conditions:   PVT_0P9V_125C 
  Operating conditions:   PVT_1P32V_0C 
  Interconnect mode:      global
  Area mode:              physical library
============================================================

     Instance         Module     Cell Count  Normalized Cell Area  Normalized Net Area   Normalized Total Area 
---------------------------------------------------------------------------------------------------------------
multiplier32FP                         2874              9194.000             3578.551               12772.551 
  i_mul_24        mul_24               1077              4548.667             1285.286                5833.953 
  i_post_norm_mul post_norm_mul        1557              3891.333             1898.976                5790.309 
  i_pre_norm_mul  pre_norm_mul           39               140.000               30.324                 170.324 
  u_fsm           fpu_fsm                33               100.333               32.640                 132.973 
