============================================================
  Generated by:           Genus(TM) Synthesis Solution 21.19-s055_1
  Generated on:           May 22 2026  02:23:57 pm
  Module:                 multiplier32FP
  Operating conditions:   PVT_0P9V_125C 
  Operating conditions:   PVT_1P32V_0C 
  Interconnect mode:      global
  Area mode:              physical library
============================================================

Timing
--------

Clock Period 
-------------
clk   9615.0 


  Cost    Critical         Violating 
 Group   Path Slack  TNS     Paths   
-------------------------------------
clk           203.2   0.0          0 
default    No paths   0.0            
-------------------------------------
Total                 0.0          0 

Instance Count
--------------
Leaf Instance Count             2874 
Physical Instance count            0 
Sequential Instance Count        656 
Combinational Instance Count    2218 
Hierarchical Instance Count        4 

Area
----
Cell Area                          9433.044
Physical Cell Area                 0.000
Total Cell Area (Cell+Physical)    9433.044
Net Area                           3671.593
Total Area (Cell+Physical+Net)     13104.637

Max Fanout                         656 (clk)
Min Fanout                         0 (n_128)
Average Fanout                     2.3
Terms to net ratio                 3.3087
Terms to instance ratio            3.6921
Runtime                            760.184141 seconds
Elapsed Runtime                    763 seconds
Genus peak memory usage            1836.54 
Innovus peak memory usage          no_value 
Hostname                           localhost
