============================================================
  Generated by:           Genus(TM) Synthesis Solution 21.19-s055_1
  Generated on:           May 22 2026  01:58:29 pm
  Module:                 multiplier32FP
  Operating conditions:   PVT_0P9V_125C 
  Operating conditions:   PVT_1P32V_0C 
  Interconnect mode:      global
  Area mode:              physical library
============================================================


Path 1: MET (522 ps) Setup Check with Pin i_post_norm_mul/s_zeros_reg[0]/CK->D
          Group: clk
     Startpoint: (R) i_post_norm_mul/s_fract_48_i_reg[45]/CK
          Clock: (R) clk
       Endpoint: (F) i_post_norm_mul/s_zeros_reg[0]/D
          Clock: (R) clk

                     Capture       Launch     
        Clock Edge:+    9804            0     
       Src Latency:+       0            0     
       Net Latency:+     100 (I)      100 (I) 
           Arrival:=    9904          100     
                                              
             Setup:-     146                  
       Uncertainty:-      50                  
     Required Time:=    9708                  
      Launch Clock:-     100                  
         Data Path:-    9086                  
             Slack:=     522                  

#----------------------------------------------------------------------------------------------------------------
#              Timing Point               Flags   Arc   Edge   Cell     Fanout Load Trans Delay Arrival Instance 
#                                                                              (fF)  (ps)  (ps)   (ps)  Location 
#----------------------------------------------------------------------------------------------------------------
  i_post_norm_mul/s_fract_48_i_reg[45]/CK -       -     R     (arrival)    656    -     0     0     100    (-,-) 
  i_post_norm_mul/s_fract_48_i_reg[45]/Q  -       CK->Q F     DFFHQX1        3  7.1   187   286     386    (-,-) 
  i_post_norm_mul/g38885/Y                -       A->Y  R     INVX2          7 13.5   172   182     568    (-,-) 
  i_post_norm_mul/g38795/Y                -       A->Y  R     AND2X1         2  4.8   115   239     808    (-,-) 
  i_post_norm_mul/g38769/Y                -       A->Y  R     AND2X1         2  5.4   127   219    1027    (-,-) 
  i_post_norm_mul/g38756/Y                -       A->Y  R     AND2X1         1  3.7    92   205    1232    (-,-) 
  i_post_norm_mul/g38753/Y                -       B->Y  F     NAND2X2        3  6.7   224   177    1409    (-,-) 
  i_post_norm_mul/g38742/Y                -       B->Y  F     OR2X1          2  5.0   141   248    1657    (-,-) 
  i_post_norm_mul/g38731/Y                -       B->Y  F     OR2X1          3  6.5   178   233    1890    (-,-) 
  i_post_norm_mul/g38727/Y                -       B->Y  F     OR2X1          2  5.5   153   235    2125    (-,-) 
  i_post_norm_mul/g38714/Y                -       B->Y  R     NOR2X2         3  6.6   186   180    2305    (-,-) 
  i_post_norm_mul/g38706/Y                -       A->Y  R     AND2X1         3  7.2   164   273    2578    (-,-) 
  i_post_norm_mul/g38701/Y                -       D->Y  R     AND4X1         3  6.6   175   415    2993    (-,-) 
  i_post_norm_mul/g38689/Y                -       C->Y  R     AND3X1         3  7.6   180   344    3337    (-,-) 
  i_post_norm_mul/g38673/Y                -       B->Y  F     NAND2BX2       3  8.2   272   246    3582    (-,-) 
  i_post_norm_mul/g38665/Y                -       B->Y  R     NOR2BX2        3  7.8   228   255    3837    (-,-) 
  i_post_norm_mul/g38654/Y                -       A->Y  R     AND2X1         3  7.2   164   293    4130    (-,-) 
  i_post_norm_mul/g38647/Y                -       B->Y  F     NAND2X2        3  7.0   237   218    4348    (-,-) 
  i_post_norm_mul/g38639/Y                -       B->Y  R     NOR2X2         3  6.6   197   222    4570    (-,-) 
  i_post_norm_mul/g38627/Y                -       A->Y  R     AND2X1         3  7.0   160   276    4846    (-,-) 
  i_post_norm_mul/g38621/Y                -       B->Y  F     NAND2X2        3  7.6   256   225    5072    (-,-) 
  i_post_norm_mul/g38614/Y                -       B->Y  R     NOR2X2         3  6.6   199   231    5302    (-,-) 
  i_post_norm_mul/g38605/Y                -       A->Y  R     AND2X1         3  7.4   168   282    5584    (-,-) 
  i_post_norm_mul/g38597/Y                -       B->Y  F     NAND2X2        4  8.5   277   243    5827    (-,-) 
  i_post_norm_mul/g39092/Y                -       B->Y  R     NOR2BX2        3  6.4   199   239    6066    (-,-) 
  i_post_norm_mul/g38584/Y                -       B->Y  R     AND2X1         4  9.4   209   319    6385    (-,-) 
  i_post_norm_mul/g39093/Y                -       B->Y  F     NAND2BX2       3  7.0   245   242    6627    (-,-) 
  i_post_norm_mul/g38571/Y                -       B->Y  R     NAND2X2        2  5.0   100   166    6794    (-,-) 
  i_post_norm_mul/g38562/Y                -       B->Y  R     OR2X1          5  9.8   214   212    7005    (-,-) 
  i_post_norm_mul/g38559/Y                -       B->Y  R     OR2X2          6 12.1   143   253    7258    (-,-) 
  i_post_norm_mul/g38535/Y                -       B->Y  R     OR2X1          4 10.8   235   244    7502    (-,-) 
  i_post_norm_mul/g38527/Y                -       A->Y  F     INVX1          1  3.1   128   192    7695    (-,-) 
  i_post_norm_mul/g38523/Y                -       C->Y  F     AND3XL         2  4.9   241   228    7923    (-,-) 
  i_post_norm_mul/g38474/Y                -       B1->Y R     AOI22X1        1  3.3   210   248    8170    (-,-) 
  i_post_norm_mul/g38458/Y                -       B0->Y F     OAI2BB1X1      1  3.3   221   255    8426    (-,-) 
  i_post_norm_mul/g38441/Y                -       B0->Y R     AOI211X1       1  3.1   274   303    8728    (-,-) 
  i_post_norm_mul/g38433/Y                -       B->Y  R     AND2X1         1  3.3    84   287    9015    (-,-) 
  i_post_norm_mul/g38431/Y                -       B->Y  F     NAND2X1        1  3.2   208   171    9186    (-,-) 
  i_post_norm_mul/s_zeros_reg[0]/D        <<<     -     F     DFFHQX1        1    -     -     0    9186    (-,-) 
#----------------------------------------------------------------------------------------------------------------

