============================================================
  Generated by:           Genus(TM) Synthesis Solution 21.19-s055_1
  Generated on:           May 22 2026  01:58:30 pm
  Module:                 multiplier32FP
  Operating conditions:   PVT_0P9V_125C 
  Operating conditions:   PVT_1P32V_0C 
  Interconnect mode:      global
  Area mode:              physical library
============================================================

                                               Library 
   Gate     Instances    Area       Library     Domain 
-------------------------------------------------------
ADDFX1            157   805.410    slow_vdd1v0   worst 
ADDHX1             65   244.530    slow_vdd1v0   worst 
AND2X1            270   369.360    slow_vdd1v0   worst 
AND2X2              6    10.260    slow_vdd1v0   worst 
AND2X4              2     5.472    slow_vdd1v0   worst 
AND2X6              9    33.858    slow_vdd1v0   worst 
AND2X8              2     8.892    slow_vdd1v0   worst 
AND3X1              4     9.576    slow_vdd1v0   worst 
AND3X4              1     3.078    slow_vdd1v0   worst 
AND3XL             11    22.572    slow_vdd1v0   worst 
AND4X1              6    14.364    slow_vdd1v0   worst 
AND4X6              1     5.814    slow_vdd1v0   worst 
AO21X1             19    45.486    slow_vdd1v0   worst 
AO21X2              1     2.736    slow_vdd1v0   worst 
AO22X1             40   109.440    slow_vdd1v0   worst 
AOI211X1            4     9.576    slow_vdd1v0   worst 
AOI211X2            5    17.100    slow_vdd1v0   worst 
AOI21X1            58    99.180    slow_vdd1v0   worst 
AOI21X2             2     5.472    slow_vdd1v0   worst 
AOI221X2            4    17.784    slow_vdd1v0   worst 
AOI22X1           201   412.452    slow_vdd1v0   worst 
AOI2BB1X1           5    10.260    slow_vdd1v0   worst 
AOI2BB2X1           1     3.420    slow_vdd1v0   worst 
BUFX2              50    85.500    slow_vdd1v0   worst 
BUFX6               1     3.078    slow_vdd1v0   worst 
BUFX8              37   139.194    slow_vdd1v0   worst 
CLKAND2X12          4    30.096    slow_vdd1v0   worst 
CLKINVX4            2     3.420    slow_vdd1v0   worst 
CLKINVX6            4     9.576    slow_vdd1v0   worst 
CLKINVX8            1     3.078    slow_vdd1v0   worst 
CLKMX2X3           24    98.496    slow_vdd1v0   worst 
CLKXOR2X1          14    38.304    slow_vdd1v0   worst 
DFFHQX1           265  1450.080    slow_vdd1v0   worst 
DFFHQX2             1     6.840    slow_vdd1v0   worst 
DFFHQX4             1     8.208    slow_vdd1v0   worst 
DFFQX2              5    32.490    slow_vdd1v0   worst 
DFFQX4              2    14.364    slow_vdd1v0   worst 
DFFRHQX1           39   240.084    slow_vdd1v0   worst 
DFFRX1              5    34.200    slow_vdd1v0   worst 
DFFRX2              4    30.096    slow_vdd1v0   worst 
DFFX1               9    64.638    slow_vdd1v0   worst 
DFFX2              35   287.280    slow_vdd1v0   worst 
EDFFHQX1          288  2462.400    slow_vdd1v0   worst 
EDFFX2              1     9.234    slow_vdd1v0   worst 
INVX1              95    64.980    slow_vdd1v0   worst 
INVX2              29    29.754    slow_vdd1v0   worst 
INVX3              10    13.680    slow_vdd1v0   worst 
INVX6               1     2.394    slow_vdd1v0   worst 
MDFFHQX2            1     9.234    slow_vdd1v0   worst 
MX2X1              43   102.942    slow_vdd1v0   worst 
MXI2X2              1     4.446    slow_vdd1v0   worst 
NAND2BX1           36    49.248    slow_vdd1v0   worst 
NAND2BX2            8    19.152    slow_vdd1v0   worst 
NAND2BX4            1     3.762    slow_vdd1v0   worst 
NAND2X1            74    75.924    slow_vdd1v0   worst 
NAND2X2            71   121.410    slow_vdd1v0   worst 
NAND2X4             2     6.840    slow_vdd1v0   worst 
NAND3BX2            6    18.468    slow_vdd1v0   worst 
NAND3X2            10    27.360    slow_vdd1v0   worst 
NOR2BX1            65    88.920    slow_vdd1v0   worst 
NOR2BX2             6    16.416    slow_vdd1v0   worst 
NOR2X1             64    65.664    slow_vdd1v0   worst 
NOR2X2             31    53.010    slow_vdd1v0   worst 
NOR3BX1             3     6.156    slow_vdd1v0   worst 
NOR3BX2             1     3.420    slow_vdd1v0   worst 
NOR3X1              6    10.260    slow_vdd1v0   worst 
NOR3X2              1     2.736    slow_vdd1v0   worst 
NOR3X4              3    15.390    slow_vdd1v0   worst 
NOR4BX2             1     4.788    slow_vdd1v0   worst 
NOR4X2             11    37.620    slow_vdd1v0   worst 
OA21X1             33    67.716    slow_vdd1v0   worst 
OA22X1            108   258.552    slow_vdd1v0   worst 
OAI21X1            36    61.560    slow_vdd1v0   worst 
OAI21X2             2     6.156    slow_vdd1v0   worst 
OAI22X1            93   190.836    slow_vdd1v0   worst 
OAI2BB1X1         104   177.840    slow_vdd1v0   worst 
OAI2BB1X2           4    12.312    slow_vdd1v0   worst 
OAI2BB2X1           1     4.104    slow_vdd1v0   worst 
OAI31X1             1     2.052    slow_vdd1v0   worst 
OAI31X2             1     3.762    slow_vdd1v0   worst 
OR2X1              99   135.432    slow_vdd1v0   worst 
OR2X2               9    15.390    slow_vdd1v0   worst 
OR2X4              13    35.568    slow_vdd1v0   worst 
OR2X6               5    18.810    slow_vdd1v0   worst 
OR3X1              18    36.936    slow_vdd1v0   worst 
OR3X2               2     4.788    slow_vdd1v0   worst 
OR3X4               1     3.078    slow_vdd1v0   worst 
OR4X1              49   100.548    slow_vdd1v0   worst 
XNOR2X1            45   107.730    slow_vdd1v0   worst 
-------------------------------------------------------
total            2870  9413.892                


                                         
     Type      Instances   Area   Area % 
-----------------------------------------
sequential           656 4649.148   49.4 
inverter             142  126.882    1.3 
buffer                88  227.772    2.4 
logic               1984 4410.090   46.8 
physical_cells         0    0.000    0.0 
-----------------------------------------
total               2870 9413.892  100.0 

