###############################################################
#  Generated by:      Cadence Innovus 25.13-s088_1
#  OS:                Linux x86_64(Host ID ecomp)
#  Generated on:      Mon Jun  8 17:03:57 2026
#  Design:            multiplier32FP
#  Command:           report_timing > ${OUT_RPT}/hold_timing.rpt 
###############################################################
Path 1: MET (0.043 ns) Hold Check with Pin i_post_norm_mul/s_fract_48_i_reg[5]/CK->D
               View: analysis_normal_fast_min
              Group: clk
         Startpoint: (R) i_mul_24/sum_reg[3][5]/CK
              Clock: (R) clk
           Endpoint: (F) i_post_norm_mul/s_fract_48_i_reg[5]/D
              Clock: (R) clk

                       Capture       Launch
         Clock Edge:+    0.000        0.000
        Src Latency:+    0.000        0.044
        Net Latency:+    0.079 (P)    0.079 (P)
            Arrival:=    0.079        0.122

               Hold:+    0.000
        Uncertainty:+    0.050
      Required Time:=    0.128
       Launch Clock:=    0.122
          Data Path:+    0.049
              Slack:=    0.043

#-----------------------------------------------------------------------------------------------------
# Timing Point                           Flags  Arc    Edge  Cell       Fanout  Trans   Delay  Arrival  
#                                                                                (ns)    (ns)     (ns)  
#-----------------------------------------------------------------------------------------------------
  i_mul_24/sum_reg[3][5]/CK              -      CK     R     (arrival)      80  0.026       -    0.122  
  i_mul_24/sum_reg[3][5]/Q               -      CK->Q  F     EDFFHQX1        1  0.026   0.049    0.171  
  i_post_norm_mul/s_fract_48_i_reg[5]/D  -      D      F     DFFQX4          1  0.020   0.000    0.171  
#-----------------------------------------------------------------------------------------------------

