###############################################################
#  Generated by:      Cadence Innovus 25.13-s088_1
#  OS:                Linux x86_64(Host ID ecomp)
#  Generated on:      Mon Jun  8 17:04:41 2026
#  Design:            multiplier32FP
#  Command:           report_gates -out_file /home/ufsm00291/ufsm00291-lima202020189/projetos/multiplier32FP/multiplier32FP/backend/layout/reports/multiplier32FP_worst_775_0/multiplier32FP_gates_layout.rpt
###############################################################
Library cell information:
 ----------------------------------------
| Cell       |  Instance  |  Area(um^2)  |
|----------------------------------------|
| ACHCONX2   |          1 |       12.654 | 
| ADDFHX1    |         45 |      338.580 | 
| ADDFHX2    |          2 |       16.416 | 
| ADDFHXL    |          7 |       52.668 | 
| ADDFX1     |          2 |       10.260 | 
| ADDHX1     |          4 |       15.048 | 
| AND2X1     |        118 |      161.424 | 
| AND2X2     |         14 |       23.940 | 
| AND2X4     |          9 |       24.624 | 
| AND2X6     |         23 |       86.526 | 
| AND2XL     |         36 |       49.248 | 
| AND3XL     |          2 |        4.104 | 
| AO21X1     |         10 |       23.940 | 
| AO21X4     |          1 |        3.420 | 
| AO21XL     |          1 |        2.394 | 
| AO22X1     |         17 |       46.512 | 
| AO22XL     |          3 |        8.208 | 
| AOI211X1   |          4 |        9.576 | 
| AOI211X2   |          7 |       23.940 | 
| AOI211X4   |         18 |      116.964 | 
| AOI21X1    |         85 |      145.350 | 
| AOI21X2    |         93 |      254.448 | 
| AOI21X4    |         94 |      482.220 | 
| AOI221X2   |          5 |       22.230 | 
| AOI221X4   |         14 |      110.124 | 
| AOI222X1   |          3 |        9.234 | 
| AOI222X2   |          1 |        5.472 | 
| AOI22X1    |         30 |       61.560 | 
| AOI22X2    |         56 |      210.672 | 
| AOI22X4    |         41 |      252.396 | 
| AOI2BB1X1  |         42 |       86.184 | 
| AOI2BB1X2  |         17 |       52.326 | 
| AOI2BB1X4  |         21 |       86.184 | 
| AOI2BB2X1  |          7 |       23.940 | 
| AOI2BB2X2  |          5 |       25.650 | 
| AOI2BB2X4  |         15 |      112.860 | 
| AOI31X1    |          3 |        6.156 | 
| AOI31X2    |          3 |       10.260 | 
| AOI31X4    |          4 |       25.992 | 
| BUFX12     |         13 |       66.690 | 
| BUFX2      |        219 |      374.490 | 
| BUFX3      |        115 |      235.980 | 
| BUFX4      |          3 |        7.182 | 
| CLKAND2X12 |         18 |      135.432 | 
| CLKAND2X2  |         86 |      176.472 | 
| CLKAND2X3  |        131 |      403.218 | 
| CLKAND2X4  |          4 |       13.680 | 
| CLKAND2X6  |         72 |      344.736 | 
| CLKAND2X8  |          1 |        5.814 | 
| CLKBUFX12  |          5 |       25.650 | 
| CLKBUFX16  |          2 |       13.680 | 
| CLKBUFX2   |        168 |      287.280 | 
| CLKBUFX20  |          6 |       49.248 | 
| CLKBUFX6   |         81 |      249.318 | 
| CLKBUFX8   |         10 |       37.620 | 
| CLKINVX20  |          3 |       19.494 | 
| CLKINVX4   |         64 |      109.440 | 
| CLKINVX6   |         65 |      155.610 | 
| CLKINVX8   |         24 |       73.872 | 
| CLKMX2X3   |          6 |       24.624 | 
| CLKXOR2X1  |         17 |       46.512 | 
| DFFHQX1    |        180 |      984.960 | 
| DFFHQX2    |          5 |       34.200 | 
| DFFHQX4    |         12 |       98.496 | 
| DFFHQX8    |         20 |      184.680 | 
| DFFQX1     |          4 |       23.256 | 
| DFFQX2     |         16 |      103.968 | 
| DFFQX4     |          5 |       35.910 | 
| DFFQXL     |          9 |       49.248 | 
| DFFRHQX1   |         42 |      258.552 | 
| DFFRX1     |          5 |       34.200 | 
| DFFSHQX1   |          1 |        6.498 | 
| DFFX1      |         18 |      129.276 | 
| DFFX2      |         14 |      114.912 | 
| DFFX4      |         34 |      313.956 | 
| DFFXL      |          2 |       15.048 | 
| EDFFHQX1   |        163 |     1393.650 | 
| EDFFHQX2   |         24 |      213.408 | 
| EDFFHQX4   |          1 |       10.602 | 
| EDFFX2     |          4 |       36.936 | 
| FILL1      |       2456 |      839.952 | 
| FILL16     |        143 |      782.496 | 
| FILL2      |       2208 |     1510.272 | 
| FILL32     |         31 |      339.264 | 
| FILL4      |       1034 |     1414.512 | 
| FILL64     |         28 |      612.864 | 
| FILL8      |        453 |     1239.408 | 
| INVX1      |        405 |      277.020 | 
| INVX2      |        223 |      228.798 | 
| INVX3      |        114 |      155.952 | 
| INVX6      |          3 |        7.182 | 
| INVXL      |         70 |       47.880 | 
| MDFFHQX1   |         53 |      453.150 | 
| MDFFHQX2   |         31 |      286.254 | 
| MDFFHQX4   |         13 |      120.042 | 
| MX2X1      |         12 |       28.728 | 
| MXI2X1     |         20 |       54.720 | 
| MXI2X2     |          1 |        4.446 | 
| MXI2XL     |          3 |        7.182 | 
| NAND2BX1   |         72 |       98.496 | 
| NAND2BX2   |         46 |      110.124 | 
| NAND2BX4   |         67 |      252.054 | 
| NAND2BXL   |          6 |        8.208 | 
| NAND2X1    |        254 |      260.604 | 
| NAND2X2    |        249 |      425.790 | 
| NAND2X4    |        251 |      858.420 | 
| NAND2X6    |         84 |      402.192 | 
| NAND2X8    |         29 |      158.688 | 
| NAND2XL    |          2 |        2.052 | 
| NAND3BX1   |          2 |        4.104 | 
| NAND3BX2   |          1 |        3.078 | 
| NAND3BX4   |          2 |       10.260 | 
| NAND3X1    |          9 |       15.390 | 
| NAND3X2    |         10 |       27.360 | 
| NAND3X4    |         19 |       90.972 | 
| NAND3X6    |          4 |       28.728 | 
| NAND3X8    |          4 |       32.832 | 
| NAND4X2    |          1 |        3.762 | 
| NAND4X4    |          1 |        6.840 | 
| NOR2BX1    |         71 |       97.128 | 
| NOR2BX2    |         44 |      120.384 | 
| NOR2BX4    |         26 |       97.812 | 
| NOR2BXL    |          1 |        1.710 | 
| NOR2X1     |        317 |      325.242 | 
| NOR2X2     |        298 |      509.580 | 
| NOR2X4     |        337 |     1037.286 | 
| NOR2X6     |        121 |      496.584 | 
| NOR2X8     |         40 |      218.880 | 
| NOR2XL     |          9 |        9.234 | 
| NOR3BX2    |          2 |        6.840 | 
| NOR3BX4    |          5 |       29.070 | 
| NOR3X1     |         10 |       17.100 | 
| NOR3X2     |         17 |       46.512 | 
| NOR3X4     |         25 |      128.250 | 
| NOR3X6     |          9 |       64.638 | 
| NOR3X8     |          3 |       26.676 | 
| NOR4X1     |          2 |        3.420 | 
| NOR4X2     |          2 |        6.840 | 
| OA21X1     |         12 |       24.624 | 
| OA22X1     |          8 |       19.152 | 
| OAI211X1   |          4 |        6.840 | 
| OAI211X2   |          3 |       12.312 | 
| OAI211X4   |          4 |       25.992 | 
| OAI21X1    |         78 |      133.380 | 
| OAI21X2    |         64 |      196.992 | 
| OAI21X4    |        161 |      770.868 | 
| OAI221X2   |          1 |        4.788 | 
| OAI221X4   |          1 |        7.866 | 
| OAI22X1    |         10 |       20.520 | 
| OAI22X2    |          9 |       30.780 | 
| OAI22X4    |         28 |      181.944 | 
| OAI2BB1X1  |         56 |       95.760 | 
| OAI2BB1X2  |         18 |       55.404 | 
| OAI2BB1X4  |          6 |       26.676 | 
| OAI2BB2X4  |          1 |        8.550 | 
| OAI31X2    |          5 |       18.810 | 
| OAI31X4    |          2 |       13.680 | 
| OR2X1      |         86 |      117.648 | 
| OR2X2      |          1 |        1.710 | 
| OR2X4      |          8 |       21.888 | 
| OR2X6      |         29 |      109.098 | 
| OR2XL      |         12 |       16.416 | 
| OR3X1      |          7 |       14.364 | 
| OR4X1      |          8 |       16.416 | 
| XNOR2X1    |         17 |       40.698 | 
| XNOR2XL    |          1 |        2.736 | 
| XNOR3X1    |          1 |        7.524 | 
| XNOR3XL    |          1 |        7.524 | 
| XOR2XL     |          4 |       10.944 | 
| XOR3X1     |          2 |       15.048 | 
| XOR3XL     |          6 |       45.144 | 
|----------------------------------------|
| Total      |      12942 |    26446.860 |
 ----------------------------------------
Library cell type information:
 -------------------------------------------------------
| Cell Type        |   Instance   |        Area         |
|                  |              |       um^2  |   %   |
|-------------------------------------------------------|
| Buffer           |          622 |    1347.138 |   5.1 | 
| Inverter         |          971 |    1075.248 |   4.1 | 
| Combinational    |         4340 |   12384.504 |  46.8 | 
| Flop             |          656 |    4901.202 |  18.5 | 
| Multi-Bit Flop   |            0 |       0.000 |   0.0 | 
| Latch            |            0 |       0.000 |   0.0 | 
| Clock Gater      |            0 |       0.000 |   0.0 | 
| Macro            |            0 |       0.000 |   0.0 | 
| Physical Cell    |         6353 |    6738.768 |  25.5 | 
|-------------------------------------------------------|
| Total            |        12942 |   26446.860 | 100.0 | 
 -------------------------------------------------------
