###############################################################
#  Generated by:      Cadence Innovus 25.13-s088_1
#  OS:                Linux x86_64(Host ID ecomp)
#  Generated on:      Mon Jun  8 17:03:51 2026
#  Design:            multiplier32FP
#  Command:           report_timing > ${OUT_RPT}/setup_timing.rpt 
###############################################################
Path 1: VIOLATED (-0.390 ns) Setup Check with Pin i_mul_24/prod2_reg[1][3][8]/CK->D1
               View: analysis_normal_slow_max
              Group: clk
         Startpoint: (R) i_mul_24/count_reg[0]/CK
              Clock: (R) clk
           Endpoint: (R) i_mul_24/prod2_reg[1][3][8]/D1
              Clock: (R) clk

                       Capture       Launch
         Clock Edge:+    1.290        0.000
        Src Latency:+    0.000       -0.144
        Net Latency:+    0.330 (P)    0.088 (P)
            Arrival:=    1.620       -0.056

              Setup:-    0.237
        Uncertainty:-    0.050
      Required Time:=    1.333
       Launch Clock:=   -0.056
          Data Path:+    1.779
              Slack:=   -0.390

#----------------------------------------------------------------------------------------------------------
# Timing Point                                Flags  Arc    Edge  Cell       Fanout  Trans   Delay  Arrival  
#                                                                                     (ns)    (ns)     (ns)  
#----------------------------------------------------------------------------------------------------------
  i_mul_24/count_reg[0]/CK                    -      CK     R     (arrival)      13  0.045       -   -0.056  
  i_mul_24/count_reg[0]/Q                     -      CK->Q  F     DFFHQX4         6  0.045   0.277    0.220  
  i_mul_24/FE_RC_2873_0/Y                     -      A->Y   F     BUFX12          7  0.080   0.118    0.338  
  i_mul_24/FE_RC_946_0/Y                      -      A->Y   R     CLKINVX4        1  0.055   0.040    0.378  
  i_mul_24/FE_RC_1767_0/Y                     -      B1->Y  F     AOI22X4         1  0.026   0.070    0.448  
  i_mul_24/FE_DBTC15_n_356/Y                  -      A->Y   R     CLKINVX8       10  0.116   0.085    0.533  
  i_mul_24/mul_197_52_g3238/Y                 -      B->Y   F     NOR2X6          3  0.075   0.056    0.589  
  i_mul_24/FE_RC_1031_0/Y                     -      AN->Y  F     NAND2BX4        1  0.044   0.123    0.712  
  i_mul_24/FE_RC_1030_0/Y                     -      B->Y   R     NAND2X4         1  0.065   0.048    0.760  
  i_mul_24/mul_197_52_cdnfadd_006_1__7482/CO  -      A->CO  R     ADDFHX1         5  0.035   0.211    0.971  
  i_mul_24/FE_RC_1687_0/Y                     -      B->Y   R     OR2XL           1  0.089   0.105    1.076  
  i_mul_24/FE_RC_1686_0/Y                     -      B->Y   F     NAND2X2         1  0.052   0.069    1.145  
  i_mul_24/FE_RC_1061_0/Y                     -      B->Y   R     NAND2X2         1  0.063   0.059    1.204  
  i_mul_24/FE_RC_1060_0/Y                     -      A->Y   F     NAND2X6         3  0.054   0.101    1.305  
  i_mul_24/mul_197_52_g3152/Y                 -      B->Y   R     NOR2X6          1  0.103   0.072    1.377  
  i_mul_24/FE_RC_2649_0/Y                     -      A0->Y  F     OAI21X4         1  0.049   0.103    1.480  
  i_mul_24/mul_197_52_g3119/Y                 -      A->Y   R     NOR2X6          4  0.089   0.094    1.574  
  i_mul_24/FE_RC_110_0/Y                      -      B->Y   F     NAND2X2         1  0.070   0.081    1.655  
  i_mul_24/FE_RC_108_0/Y                      -      B0->Y  R     OAI21X2         4  0.069   0.068    1.723  
  i_mul_24/prod2_reg[1][3][8]/D1              -      D1     R     MDFFHQX2        4  0.139   0.000    1.723  
#----------------------------------------------------------------------------------------------------------

