###############################################################
#  Generated by:      Cadence Innovus 25.13-s088_1
#  OS:                Linux x86_64(Host ID ecomp)
#  Generated on:      Wed May 27 16:07:55 2026
#  Design:            multiplier32FP
#  Command:           report_timing > ${OUT_RPT}/hold_timing.rpt 
###############################################################
Path 1: MET (0.070 ns) Hold Check with Pin i_mul_24/sum_reg[3][15]/CK->D0
               View: analysis_normal_fast_min
              Group: clk
         Startpoint: (R) i_mul_24/sum_reg[3][15]/CK
              Clock: (R) clk
           Endpoint: (F) i_mul_24/sum_reg[3][15]/D0
              Clock: (R) clk

                       Capture       Launch
         Clock Edge:+    0.000        0.000
        Src Latency:+    0.000        0.067
        Net Latency:+    0.034 (P)    0.034 (P)
            Arrival:=    0.034        0.100

               Hold:+   -0.010
        Uncertainty:+    0.050
      Required Time:=    0.074
       Launch Clock:=    0.100
          Data Path:+    0.044
              Slack:=    0.070

#------------------------------------------------------------------------------------------
# Timing Point                Flags  Arc    Edge  Cell       Fanout  Trans   Delay  Arrival  
#                                                                     (ns)    (ns)     (ns)  
#------------------------------------------------------------------------------------------
  i_mul_24/sum_reg[3][15]/CK  -      CK     R     (arrival)      90  0.030       -    0.100  
  i_mul_24/sum_reg[3][15]/Q   -      CK->Q  F     MDFFHQX1        2  0.030   0.044    0.145  
  i_mul_24/sum_reg[3][15]/D0  -      D0     F     MDFFHQX1        2  0.011   0.000    0.145  
#------------------------------------------------------------------------------------------

