
Power Net Detected:
        Voltage	    Name
             0V	    VSS
          1.32V	    VDD
             0V	    VSS
          1.32V	    VDD
Using Power View: analysis_normal_fast_min.
AAE_INFO: opIsDesignInPostRouteState() is 1
AAE_INFO: resetNetProps viewIdx 1 
Starting SI iteration 1 using Infinite Timing Windows
#################################################################################
# Design Stage: PostRoute
# Design Name: multiplier32FP
# Design Mode: 45nm
# Analysis Mode: MMMC OCV 
# Parasitics Mode: No SPEF/RCDB 
# Signoff Settings: SI On 
#################################################################################
**WARN: (IMPEXT-3518):	The lower process node is set (using command 'set_design_mode') but the technology file for TQuantus extraction not specified. Therefore, going for post_route (extract_rc_effort_level low) extraction instead of recommended extractor 'TQuantus' for lower nodes. Use command 'set_analysis_view/update_rc_corner' to specify the technology file for TQuantus extraction to take place.
Extraction called for design 'multiplier32FP' of instances=9922 and nets=4965 using extraction engine 'post_route' at effort level 'low' .
post_route (extract_rc_effort_level low) RC Extraction called for design multiplier32FP.
RC Extraction called in multi-corner(2) mode.
Process corner(s) are loaded.
 Corner: rc_worst
 Corner: rc_best
extractDetailRC Option : -outfile /home/ufsm00291/ufsm00291-lima202020189/projetos/multiplier32FP/multiplier32FP/backend/layout/work/innovus_temp_3692327_5c6ef781-37ce-4d3f-8d93-04b11c8d7d49_ecomp_ufsm00291-lima202020189_wAZ9we/multiplier32FP_3692327_5c6ef781-37ce-4d3f-8d93-04b11c8d7d49_EL546T.rcdb.d  -basic
RC Mode: PostRoute extract_rc_effort_level low [Basic CapTable, RC Table Resistances]
      RC Corner Indexes            0       1   
Capacitance Scaling Factor   : 1.00000 1.00000 
Coupling Cap. Scaling Factor : 1.00000 1.00000 
Resistance Scaling Factor    : 1.00000 1.00000 
Clock Cap. Scaling Factor    : 1.00000 1.00000 
Clock Res. Scaling Factor    : 1.00000 1.00000 
Shrink Factor                : 1.00000
Initializing multi-corner resistance tables ...
Checking LVS Completed (CPU Time= 0:00:00.0  MEM= 2621.4M)
Extracted 10.0047% (CPU Time= 0:00:00.2  MEM= 2629.4M)
Extracted 20.0044% (CPU Time= 0:00:00.2  MEM= 2631.6M)
Extracted 30.0042% (CPU Time= 0:00:00.2  MEM= 2633.1M)
Extracted 40.0039% (CPU Time= 0:00:00.3  MEM= 2633.6M)
Extracted 50.0037% (CPU Time= 0:00:00.3  MEM= 2634.7M)
Extracted 60.0034% (CPU Time= 0:00:00.3  MEM= 2635.2M)
Extracted 70.0032% (CPU Time= 0:00:00.3  MEM= 2635.7M)
Extracted 80.0029% (CPU Time= 0:00:00.4  MEM= 2639.0M)
Extracted 90.0027% (CPU Time= 0:00:00.4  MEM= 2639.3M)
Extracted 100% (CPU Time= 0:00:00.6  MEM= 2640.0M)
Number of Extracted Resistors     : 74008
Number of Extracted Ground Cap.   : 74739
Number of Extracted Coupling Cap. : 123148
Filtering XCap in 'relativeAndCoupling' mode using values coupling_c_threshold=0.1fF, relative_c_threshold=1, and total_c_threshold=0fF.
 Corner: rc_worst
 Corner: rc_best
Checking LVS Completed (CPU Time= 0:00:00.0  MEM= 2638.0M)
PostRoute (extract_rc_effort_level low) RC Extraction DONE (CPU Time: 0:00:00.9  Real Time: 0:00:01.0  MEM: 2649.062M)
AAE_INFO: 1 threads acquired from CTE.
Start delay calculation (fullDC) (1 T). (MEM=2791.29)
Initializing multi-corner resistance tables ...
Total number of fetched objects 4582
AAE_INFO: Total number of nets for which stage creation was skipped for all views 0
AAE_INFO-618: Total number of nets in the design is 4965,  93.4 percent of the nets selected for SI analysis
End delay calculation. (MEM=2843.25 CPU=0:00:02.8 REAL=0:00:02.0)
End delay calculation (fullDC). (MEM=2821.87 CPU=0:00:03.3 REAL=0:00:04.0)
Save waveform /home/ufsm00291/ufsm00291-lima202020189/projetos/multiplier32FP/multiplier32FP/backend/layout/work/innovus_temp_3692327_5c6ef781-37ce-4d3f-8d93-04b11c8d7d49_ecomp_ufsm00291-lima202020189_wAZ9we/.AAE_KpN7zy/.AAE_3692327_5c6ef781-37ce-4d3f-8d93-04b11c8d7d49/waveform.data...
Loading CTE timing window with TwFlowType 0...(CPU = 0:00:00.0, REAL = 0:00:00.0, MEM = 2833.9M)
Add other clocks and setupCteToAAEClockMapping during iter 1
Loading CTE timing window is completed (CPU = 0:00:00.2, REAL = 0:00:00.0, MEM = 2834.1M)
Starting SI iteration 2
Start delay calculation (fullDC) (1 T). (MEM=2832.24)
Glitch Analysis: View analysis_normal_fast_min -- Total Number of Nets Skipped = 32. 
Glitch Analysis: View analysis_normal_fast_min -- Total Number of Nets Analyzed = 4582. 
Total number of fetched objects 4582
AAE_INFO: Total number of nets for which stage creation was skipped for all views 0
AAE_INFO-618: Total number of nets in the design is 4965,  0.0 percent of the nets selected for SI analysis
End delay calculation. (MEM=2852.04 CPU=0:00:00.2 REAL=0:00:00.0)
End delay calculation (fullDC). (MEM=2852.04 CPU=0:00:00.2 REAL=0:00:00.0)
Load RC corner of view analysis_normal_fast_min

Begin Power Analysis

             0V	    VSS
          1.32V	    VDD

Begin Processing Timing Library for Power Calculation

Ended Processing Timing Library for Power Calculation: (cpu=0:00:00, real=0:00:00, mem(process/total/peak)=2843.60MB/5124.09MB/2843.60MB)



Begin Processing Power Net/Grid for Power Calculation

Ended Processing Power Net/Grid for Power Calculation: (cpu=0:00:00, real=0:00:00, mem(process/total/peak)=2843.60MB/5124.09MB/2843.60MB)

Begin Processing Timing Window Data for Power Calculation

clk(371.057MHz) CK: assigning clock clk to net clk
Ended Processing Timing Window Data for Power Calculation: (cpu=0:00:00, real=0:00:00, mem(process/total/peak)=2844.77MB/5124.09MB/2844.77MB)

Begin Processing User Attributes

Ended Processing User Attributes: (cpu=0:00:00, real=0:00:00, mem(process/total/peak)=2845.00MB/5124.09MB/2845.00MB)

Begin Processing Signal Activity


Starting Levelizing
2026-Jun-09 06:45:38 (2026-Jun-09 09:45:38 GMT)
2026-Jun-09 06:45:38 (2026-Jun-09 09:45:38 GMT): 10%
2026-Jun-09 06:45:38 (2026-Jun-09 09:45:38 GMT): 20%
2026-Jun-09 06:45:38 (2026-Jun-09 09:45:38 GMT): 30%
2026-Jun-09 06:45:38 (2026-Jun-09 09:45:38 GMT): 40%
2026-Jun-09 06:45:38 (2026-Jun-09 09:45:38 GMT): 50%
2026-Jun-09 06:45:38 (2026-Jun-09 09:45:38 GMT): 60%
2026-Jun-09 06:45:38 (2026-Jun-09 09:45:38 GMT): 70%
2026-Jun-09 06:45:38 (2026-Jun-09 09:45:38 GMT): 80%
2026-Jun-09 06:45:38 (2026-Jun-09 09:45:38 GMT): 90%

Finished Levelizing
2026-Jun-09 06:45:38 (2026-Jun-09 09:45:38 GMT)

Starting Activity Propagation
2026-Jun-09 06:45:38 (2026-Jun-09 09:45:38 GMT)
** INFO:  (VOLTUS_POWR-1356): No default input activity has been set. Defaulting to 0.2.
Use 'set_default_switching_activity -input_activity' command to change the default activity value.

2026-Jun-09 06:45:38 (2026-Jun-09 09:45:38 GMT): 10%
2026-Jun-09 06:45:38 (2026-Jun-09 09:45:38 GMT): 20%

Finished Activity Propagation
2026-Jun-09 06:45:39 (2026-Jun-09 09:45:39 GMT)
Ended Processing Signal Activity: (cpu=0:00:00, real=0:00:00, mem(process/total/peak)=2846.21MB/5124.09MB/2846.21MB)

Begin Power Computation

      ----------------------------------------------------------
      # of cell(s) missing both power/leakage table: 0
      # of cell(s) missing power table: 0
      # of cell(s) missing leakage table: 0
      ----------------------------------------------------------



Starting Calculating power
2026-Jun-09 06:45:39 (2026-Jun-09 09:45:39 GMT)
 ... Calculating switching power
2026-Jun-09 06:45:39 (2026-Jun-09 09:45:39 GMT): 10%
2026-Jun-09 06:45:39 (2026-Jun-09 09:45:39 GMT): 20%
2026-Jun-09 06:45:39 (2026-Jun-09 09:45:39 GMT): 30%
2026-Jun-09 06:45:39 (2026-Jun-09 09:45:39 GMT): 40%
2026-Jun-09 06:45:39 (2026-Jun-09 09:45:39 GMT): 50%
 ... Calculating internal and leakage power
2026-Jun-09 06:45:39 (2026-Jun-09 09:45:39 GMT): 60%
2026-Jun-09 06:45:39 (2026-Jun-09 09:45:39 GMT): 70%
2026-Jun-09 06:45:39 (2026-Jun-09 09:45:39 GMT): 80%
2026-Jun-09 06:45:39 (2026-Jun-09 09:45:39 GMT): 90%

Finished Calculating power
2026-Jun-09 06:45:39 (2026-Jun-09 09:45:39 GMT)
      # of MSMV cell(s) missing power_level: 0
Ended Power Computation: (cpu=0:00:00, real=0:00:00, mem(process/total/peak)=2848.68MB/5124.09MB/2848.68MB)

Begin Processing User Attributes

Begin Processing set_power
Ended Processing set_power: (cpu=0:00:00, real=0:00:00,
mem(process/total/peak)=2848.68MB/5124.09MB/2848.68MB)
Ended Processing User Attributes: (cpu=0:00:00, real=0:00:00, mem(process/total/peak)=2848.68MB/5124.09MB/2848.68MB)

Ended Power Analysis: (cpu=0:00:01, real=0:00:01, mem(process/total/peak)=2848.79MB/5124.09MB/2848.79MB)

Begin Boundary Leakage Calculation
Ended Boundary Leakage Calculation: (cpu=0:00:00, real=0:00:00,
mem(process/total/peak)=2848.79MB/5124.09MB/2848.79MB)
Begin Static Power Report Generation
*----------------------------------------------------------------------------------------
*	Innovus 25.13-s088_1 (64bit) 03/26/2026 12:37 (Linux 4.18.0-305.el8.x86_64)
*	
*
* 	Date & Time:	2026-Jun-09 06:45:39 (2026-Jun-09 09:45:39 GMT)
*
*----------------------------------------------------------------------------------------
*
*	Design: multiplier32FP
*
*	Liberty Libraries used:
*	        analysis_normal_fast_min: /home/ufsm00291/ufsm00291-lima202020189/projetos/multiplier32FP/multiplier32FP/backend/layout/deliverables/multiplier32FP_worst_371_0/final.enc/libs/mmmc/fast_vdd1v2_basicCells.lib
*
*	Parasitic Files used:
*
*       Power View : analysis_normal_fast_min
*
*       User-Defined Activity : N.A.
*
*       Activity File: N.A.
*
*       Hierarchical Global Activity: N.A.
*
*       Global Activity: N.A.
*
*       Sequential Element Activity: 0.200000
*
*       Primary Input Activity: 0.200000
*
*       Default icg ratio: N.A.
*
*       Global Comb ClockGate Ratio: N.A.
*
*	Power Units = 1uW
*
*	Time Units = 1e-09 secs
*
*       report_power -view analysis_normal_fast_min
*
-----------------------------------------------------------------------------------------
*



Total Power
-----------------------------------------------------------------------------------------
Total Internal Power:     2186.05833988 	   68.0671%
Total Switching Power:    1024.17577708 	   31.8897%
Total Leakage Power:         1.38679178 	    0.0432%
Total Power:              3211.62090874
-----------------------------------------------------------------------------------------


Group                           Internal   Switching     Leakage       Total  Percentage 
                                Power      Power         Power         Power  (%)        
-----------------------------------------------------------------------------------------
Sequential                          1548         105      0.5268        1653       51.47
Macro                                  0           0           0           0           0
IO                                     0           0           0           0           0
Combinational                      576.4       684.8      0.8507        1262       39.29
Clock (Combinational)              62.15       234.4    0.009305       296.5       9.233
Clock (Sequential)                     0           0           0           0           0
-----------------------------------------------------------------------------------------
Total                               2186        1024       1.387        3212         100
-----------------------------------------------------------------------------------------


Rail                  Voltage   Internal   Switching     Leakage       Total  Percentage 
                                Power      Power         Power         Power  (%)        
-----------------------------------------------------------------------------------------
VDD                      1.32       2186        1024       1.387        3212         100


Clock                           Internal   Switching     Leakage       Total  Percentage 
                                Power      Power         Power         Power  (%)        
-----------------------------------------------------------------------------------------
clk                                62.15       234.4    0.009305       296.5       9.233
-----------------------------------------------------------------------------------------
Total                              62.15       234.4    0.009305       296.5       9.233
-----------------------------------------------------------------------------------------
Clock: clk
Clock Period: 0.002695 usec 
Clock Toggle Rate:   742.1150 Mhz 
Clock Static Probability:  0.5000
  
 
 
-----------------------------------------------------------------------------------------
*	Power Distribution Summary: 
*              Highest Average Power:       CTS_ccl_a_buf_00001 (CLKBUFX12):            44.63
*              Highest Leakage Power: i_post_norm_mul/s_shr2_reg[0] (DFFHQX8):         0.001512
*                Total Cap:      1.07881e-11 F
*                Total instances in design:  4324
*                Total instances in design with no power:     0
*                Total instances in design with no activty:     0

*                Total Fillers and Decap:     0
-----------------------------------------------------------------------------------------
 
** INFO:  (VOLTUS_POWR-3465): There are 0 decaps and 0 fillers in the design

Ended Static Power Report Generation: (cpu=0:00:00, real=0:00:00,
mem(process/total/peak)=2850.92MB/5124.09MB/2850.92MB)

