###############################################################
#  Generated by:      Cadence Innovus 25.13-s088_1
#  OS:                Linux x86_64(Host ID ecomp)
#  Generated on:      Wed May 27 16:08:27 2026
#  Design:            multiplier32FP
#  Command:           report_gates -out_file /home/ufsm00291/ufsm00291-lima202020189/projetos/multiplier32FP/multiplier32FP/backend/layout/reports/multiplier32FP_worst_371_0/multiplier32FP_gates_layout.rpt
###############################################################
Library cell information:
 ----------------------------------------
| Cell       |  Instance  |  Area(um^2)  |
|----------------------------------------|
| ADDFX1     |        105 |      538.650 | 
| ADDHX1     |         15 |       56.430 | 
| AND2X1     |        314 |      429.552 | 
| AND2X2     |          6 |       10.260 | 
| AND2X4     |          5 |       13.680 | 
| AND2X6     |          2 |        7.524 | 
| AND2X8     |          1 |        4.446 | 
| AND2XL     |          2 |        2.736 | 
| AND3X1     |          2 |        4.788 | 
| AND3X2     |          3 |        8.208 | 
| AND3X4     |          1 |        3.078 | 
| AND3XL     |         25 |       51.300 | 
| AND4X1     |         10 |       23.940 | 
| AND4X4     |          1 |        3.762 | 
| AO21X1     |         42 |      100.548 | 
| AO22X1     |         55 |      150.480 | 
| AOI211X4   |          1 |        6.498 | 
| AOI211XL   |         15 |       30.780 | 
| AOI21X1    |        205 |      350.550 | 
| AOI21X2    |          6 |       16.416 | 
| AOI21XL    |          1 |        1.710 | 
| AOI221X1   |         25 |       59.850 | 
| AOI221X2   |          1 |        4.446 | 
| AOI221X4   |          1 |        7.866 | 
| AOI222X1   |          3 |        9.234 | 
| AOI222X2   |          1 |        5.472 | 
| AOI22X1    |        130 |      266.760 | 
| AOI2BB1X1  |         45 |       92.340 | 
| AOI2BB1X2  |          2 |        6.156 | 
| AOI2BB2X1  |          6 |       20.520 | 
| AOI31X1    |          5 |       10.260 | 
| BUFX2      |         70 |      119.700 | 
| BUFX3      |          3 |        6.156 | 
| CLKAND2X12 |          3 |       22.572 | 
| CLKBUFX12  |          7 |       35.910 | 
| CLKBUFX2   |         49 |       83.790 | 
| CLKBUFX6   |          7 |       21.546 | 
| CLKBUFX8   |         13 |       48.906 | 
| CLKINVX6   |         10 |       23.940 | 
| CLKINVX8   |          8 |       24.624 | 
| CLKMX2X2   |          6 |       18.468 | 
| CLKMX2X3   |          3 |       12.312 | 
| CLKXOR2X1  |         21 |       57.456 | 
| CLKXOR2X2  |          1 |        3.420 | 
| DFFHQX1    |        232 |     1269.504 | 
| DFFHQX4    |          1 |        8.208 | 
| DFFHQX8    |          1 |        9.234 | 
| DFFQX2     |         10 |       64.980 | 
| DFFQX4     |          5 |       35.910 | 
| DFFQXL     |          7 |       38.304 | 
| DFFRHQX1   |         40 |      246.240 | 
| DFFRX1     |          4 |       27.360 | 
| DFFTRX2    |          2 |       16.416 | 
| DFFX1      |         54 |      387.828 | 
| DFFX2      |          9 |       73.872 | 
| DFFX4      |          2 |       18.468 | 
| EDFFHQX1   |        281 |     2402.550 | 
| FILL1      |       2047 |      700.074 | 
| FILL16     |        140 |      766.080 | 
| FILL2      |       1825 |     1248.300 | 
| FILL32     |         74 |      809.856 | 
| FILL4      |        985 |     1347.480 | 
| FILL64     |        127 |     2779.776 | 
| FILL8      |        400 |     1094.400 | 
| INVX1      |        365 |      249.660 | 
| INVX2      |         32 |       32.832 | 
| INVX3      |          3 |        4.104 | 
| INVXL      |         48 |       32.832 | 
| MDFFHQX1   |          7 |       59.850 | 
| MDFFHQX4   |          1 |        9.234 | 
| MX2X1      |        107 |      256.158 | 
| MX3XL      |          1 |        4.788 | 
| MXI2X1     |          6 |       16.416 | 
| MXI2X2     |         12 |       53.352 | 
| MXI2X4     |          1 |        5.130 | 
| MXI2XL     |          8 |       19.152 | 
| NAND2BX1   |         38 |       51.984 | 
| NAND2BX2   |          1 |        2.394 | 
| NAND2X1    |        271 |      278.046 | 
| NAND2X2    |          5 |        8.550 | 
| NAND2X4    |          1 |        3.420 | 
| NAND3BX1   |          3 |        6.156 | 
| NAND3BXL   |          2 |        3.420 | 
| NAND3X1    |         16 |       27.360 | 
| NAND3X2    |          1 |        2.736 | 
| NOR2BX1    |        104 |      142.272 | 
| NOR2X1     |        354 |      363.204 | 
| NOR2X2     |         29 |       49.590 | 
| NOR2X4     |          9 |       27.702 | 
| NOR2XL     |          1 |        1.026 | 
| NOR3BX1    |          3 |        6.156 | 
| NOR3X1     |         13 |       22.230 | 
| NOR3X2     |          5 |       13.680 | 
| NOR4BX1    |          1 |        2.394 | 
| NOR4X1     |          5 |        8.550 | 
| OA21X1     |         89 |      182.628 | 
| OA22X1     |        138 |      330.372 | 
| OAI211X2   |          2 |        8.208 | 
| OAI21X1    |        145 |      247.950 | 
| OAI21X2    |          6 |       18.468 | 
| OAI21X4    |          1 |        4.788 | 
| OAI221X1   |          3 |        7.182 | 
| OAI221X2   |          2 |        9.576 | 
| OAI22X1    |         77 |      158.004 | 
| OAI2BB1X1  |        158 |      270.180 | 
| OAI2BB2XL  |          1 |        3.762 | 
| OAI31X1    |          4 |        8.208 | 
| OR2X1      |        190 |      259.920 | 
| OR2X2      |          5 |        8.550 | 
| OR2X4      |          1 |        2.736 | 
| OR3X1      |         46 |       94.392 | 
| OR3X2      |          1 |        2.394 | 
| OR4X1      |         49 |      100.548 | 
| XNOR2X1    |         62 |      148.428 | 
| XNOR2X2    |          6 |       18.468 | 
|----------------------------------------|
| Total      |       9922 |    19771.020 |
 ----------------------------------------
Library cell type information:
 -------------------------------------------------------
| Cell Type        |   Instance   |        Area         |
|                  |              |       um^2  |   %   |
|-------------------------------------------------------|
| Buffer           |          149 |     316.008 |   1.6 | 
| Inverter         |          466 |     367.992 |   1.9 | 
| Combinational    |         3053 |    5673.096 |  28.7 | 
| Flop             |          656 |    4667.958 |  23.6 | 
| Multi-Bit Flop   |            0 |       0.000 |   0.0 | 
| Latch            |            0 |       0.000 |   0.0 | 
| Clock Gater      |            0 |       0.000 |   0.0 | 
| Macro            |            0 |       0.000 |   0.0 | 
| Physical Cell    |         5598 |    8745.966 |  44.2 | 
|-------------------------------------------------------|
| Total            |         9922 |   19771.020 | 100.0 | 
 -------------------------------------------------------
