###############################################################
#  Generated by:      Cadence Innovus 25.13-s088_1
#  OS:                Linux x86_64(Host ID ecomp)
#  Generated on:      Wed May 27 16:07:50 2026
#  Design:            multiplier32FP
#  Command:           report_timing > ${OUT_RPT}/setup_timing.rpt 
###############################################################
Path 1: MET (0.005 ns) Setup Check with Pin i_mul_24/prod2_reg[0][1][16]/CK->D
               View: analysis_normal_slow_max
              Group: clk
         Startpoint: (R) i_mul_24/count_reg[1]/CK
              Clock: (R) clk
           Endpoint: (R) i_mul_24/prod2_reg[0][1][16]/D
              Clock: (R) clk

                       Capture       Launch
         Clock Edge:+    2.695        0.000
        Src Latency:+    0.000       -0.015
        Net Latency:+    0.117 (P)    0.121 (P)
            Arrival:=    2.812        0.106

              Setup:-    0.208
        Uncertainty:-    0.050
      Required Time:=    2.554
       Launch Clock:=    0.106
          Data Path:+    2.443
              Slack:=    0.005

#----------------------------------------------------------------------------------------------------------
# Timing Point                                Flags  Arc    Edge  Cell       Fanout  Trans   Delay  Arrival  
#                                                                                     (ns)    (ns)     (ns)  
#----------------------------------------------------------------------------------------------------------
  i_mul_24/count_reg[1]/CK                    -      CK     R     (arrival)      94  0.105       -    0.106  
  i_mul_24/count_reg[1]/Q                     -      CK->Q  R     DFFHQX1         1  0.105   0.253    0.358  
  i_mul_24/FE_OFC637_count_1/Y                -      A->Y   F     CLKINVX6       25  0.067   0.089    0.447  
  i_mul_24/FE_OFC638_count_1/Y                -      A->Y   R     INVX1           2  0.103   0.084    0.531  
  i_mul_24/g6136__6260/Y                      -      A1->Y  F     AOI21X1         2  0.056   0.172    0.704  
  i_mul_24/FE_OFC645_n_141/Y                  -      A->Y   R     INVX2          11  0.214   0.162    0.866  
  i_mul_24/mul_195_46_g699__5115/Y            -      B->Y   R     AND2X1          1  0.116   0.178    1.044  
  i_mul_24/mul_195_46_cdnfadd_005_0__6131/CO  -      A->CO  R     ADDFX1          1  0.050   0.212    1.255  
  i_mul_24/mul_195_46_cdnfadd_006_1__4733/S   -      CI->S  F     ADDFX1          1  0.047   0.279    1.534  
  i_mul_24/mul_195_46_cdnfadd_006_2__6161/S   -      CI->S  R     ADDFX1          2  0.051   0.300    1.834  
  i_mul_24/mul_195_46_g623__5115/Y            -      B->Y   R     OR2X1           3  0.054   0.096    1.930  
  i_mul_24/mul_195_46_g613__8246/Y            -      A->Y   F     NAND2X1         1  0.046   0.084    2.014  
  i_mul_24/mul_195_46_g609__1617/Y            -      A->Y   R     NOR2X1          1  0.074   0.124    2.137  
  i_mul_24/mul_195_46_g607__6783/Y            -      B->Y   F     NOR2X4          3  0.124   0.086    2.224  
  i_mul_24/mul_195_46_g605__8428/Y            -      B->Y   R     NOR2X2          1  0.058   0.060    2.284  
  i_mul_24/mul_195_46_g603__6260/Y            -      B->Y   F     NOR2X2          2  0.050   0.050    2.334  
  i_mul_24/FE_RC_20_0/Y                       -      B->Y   R     XNOR2X1         4  0.052   0.215    2.549  
  i_mul_24/prod2_reg[0][1][16]/D              -      D      R     EDFFHQX1        4  0.105   0.000    2.549  
#----------------------------------------------------------------------------------------------------------

