============================================================
  Generated by:           Genus(TM) Synthesis Solution 21.19-s055_1
  Generated on:           May 22 2026  03:35:02 pm
  Module:                 multiplier32FP
  Operating conditions:   PVT_0P9V_125C 
  Operating conditions:   PVT_1P32V_0C 
  Interconnect mode:      global
  Area mode:              physical library
============================================================

                                                Library 
   Gate     Instances    Area        Library     Domain 
--------------------------------------------------------
ADDFX1            142    728.460    slow_vdd1v0   worst 
ADDFX2              1      7.866    slow_vdd1v0   worst 
ADDHX1             46    173.052    slow_vdd1v0   worst 
ADDHX2              1      5.130    slow_vdd1v0   worst 
AND2X1            322    440.496    slow_vdd1v0   worst 
AND2X2             15     25.650    slow_vdd1v0   worst 
AND2X4              9     24.624    slow_vdd1v0   worst 
AND2X6              8     30.096    slow_vdd1v0   worst 
AND2X8              3     13.338    slow_vdd1v0   worst 
AND3X1              9     21.546    slow_vdd1v0   worst 
AND3X4              1      3.078    slow_vdd1v0   worst 
AND3XL             12     24.624    slow_vdd1v0   worst 
AND4X1             22     52.668    slow_vdd1v0   worst 
AND4X6              1      5.814    slow_vdd1v0   worst 
AO21X1             50    119.700    slow_vdd1v0   worst 
AO21X2              1      2.736    slow_vdd1v0   worst 
AO22X1             53    145.008    slow_vdd1v0   worst 
AOI211X1            5     11.970    slow_vdd1v0   worst 
AOI211X2           11     37.620    slow_vdd1v0   worst 
AOI21X1           178    304.380    slow_vdd1v0   worst 
AOI21X2            11     30.096    slow_vdd1v0   worst 
AOI221X2           20     88.920    slow_vdd1v0   worst 
AOI22X1           187    383.724    slow_vdd1v0   worst 
AOI22X2            14     52.668    slow_vdd1v0   worst 
AOI2BB1X1          21     43.092    slow_vdd1v0   worst 
AOI2BB1X2           3      9.234    slow_vdd1v0   worst 
AOI2BB2X1           2      6.840    slow_vdd1v0   worst 
AOI31X2             6     20.520    slow_vdd1v0   worst 
BUFX2              21     35.910    slow_vdd1v0   worst 
BUFX8              37    139.194    slow_vdd1v0   worst 
CLKAND2X12          8     60.192    slow_vdd1v0   worst 
CLKAND2X2           1      2.052    slow_vdd1v0   worst 
CLKINVX12           1      4.104    slow_vdd1v0   worst 
CLKINVX16           1      5.472    slow_vdd1v0   worst 
CLKINVX20           1      6.498    slow_vdd1v0   worst 
CLKINVX4            6     10.260    slow_vdd1v0   worst 
CLKINVX6            1      2.394    slow_vdd1v0   worst 
CLKINVX8            2      6.156    slow_vdd1v0   worst 
CLKMX2X3           24     98.496    slow_vdd1v0   worst 
CLKXOR2X1          12     32.832    slow_vdd1v0   worst 
DFFHQX1           243   1329.696    slow_vdd1v0   worst 
DFFHQX2             2     13.680    slow_vdd1v0   worst 
DFFHQX4             2     16.416    slow_vdd1v0   worst 
DFFHQX8             4     36.936    slow_vdd1v0   worst 
DFFQX2             33    214.434    slow_vdd1v0   worst 
DFFQX4             16    114.912    slow_vdd1v0   worst 
DFFRHQX1           39    240.084    slow_vdd1v0   worst 
DFFRHQX4            1      9.576    slow_vdd1v0   worst 
DFFRX1              1      6.840    slow_vdd1v0   worst 
DFFRX2              3     22.572    slow_vdd1v0   worst 
DFFTRX2             2     16.416    slow_vdd1v0   worst 
DFFX2              12     98.496    slow_vdd1v0   worst 
DFFX4               8     73.872    slow_vdd1v0   worst 
EDFFHQX1          288   2462.400    slow_vdd1v0   worst 
EDFFX2              1      9.234    slow_vdd1v0   worst 
INVX1             134     91.656    slow_vdd1v0   worst 
INVX2              66     67.716    slow_vdd1v0   worst 
INVX3              12     16.416    slow_vdd1v0   worst 
INVX4               2      3.420    slow_vdd1v0   worst 
INVX6               2      4.788    slow_vdd1v0   worst 
INVXL               1      0.684    slow_vdd1v0   worst 
MDFFHQX4            1      9.234    slow_vdd1v0   worst 
MX2X1              70    167.580    slow_vdd1v0   worst 
MXI2X1              1      2.736    slow_vdd1v0   worst 
MXI2X2              7     31.122    slow_vdd1v0   worst 
NAND2BX1           33     45.144    slow_vdd1v0   worst 
NAND2BX2           11     26.334    slow_vdd1v0   worst 
NAND2X1            71     72.846    slow_vdd1v0   worst 
NAND2X2            94    160.740    slow_vdd1v0   worst 
NAND2X4             4     13.680    slow_vdd1v0   worst 
NAND3BX2            2      6.156    slow_vdd1v0   worst 
NAND3BX4            1      5.130    slow_vdd1v0   worst 
NAND3X2             6     16.416    slow_vdd1v0   worst 
NOR2BX1            72     98.496    slow_vdd1v0   worst 
NOR2BX2             3      8.208    slow_vdd1v0   worst 
NOR2X1             63     64.638    slow_vdd1v0   worst 
NOR2X2             31     53.010    slow_vdd1v0   worst 
NOR2X4              2      6.156    slow_vdd1v0   worst 
NOR3BX1             1      2.052    slow_vdd1v0   worst 
NOR3X1              3      5.130    slow_vdd1v0   worst 
NOR3X2              3      8.208    slow_vdd1v0   worst 
NOR3X4              1      5.130    slow_vdd1v0   worst 
NOR4X2              5     17.100    slow_vdd1v0   worst 
OA21X1             76    155.952    slow_vdd1v0   worst 
OA21X2              1      3.078    slow_vdd1v0   worst 
OA22X1            131    313.614    slow_vdd1v0   worst 
OAI211X4            2     12.996    slow_vdd1v0   worst 
OAI21X1           105    179.550    slow_vdd1v0   worst 
OAI21X2             9     27.702    slow_vdd1v0   worst 
OAI22X1            45     92.340    slow_vdd1v0   worst 
OAI22X2             2      6.840    slow_vdd1v0   worst 
OAI2BB1X1         189    323.190    slow_vdd1v0   worst 
OAI2BB1X2          15     46.170    slow_vdd1v0   worst 
OAI2BB1X4           1      4.446    slow_vdd1v0   worst 
OAI31X1             4      8.208    slow_vdd1v0   worst 
OAI31X2             5     18.810    slow_vdd1v0   worst 
OR2X1             132    180.576    slow_vdd1v0   worst 
OR2X2              23     39.330    slow_vdd1v0   worst 
OR2X4               9     24.624    slow_vdd1v0   worst 
OR2X6               1      3.762    slow_vdd1v0   worst 
OR3X1              35     71.820    slow_vdd1v0   worst 
OR3X2               1      2.394    slow_vdd1v0   worst 
OR4X1              44     90.288    slow_vdd1v0   worst 
XNOR2X1            46    110.124    slow_vdd1v0   worst 
--------------------------------------------------------
total            3502  10607.814                


                                          
     Type      Instances    Area   Area % 
------------------------------------------
sequential           656  4674.798   44.1 
inverter             229   219.564    2.1 
buffer                58   175.104    1.7 
logic               2559  5538.348   52.2 
physical_cells         0     0.000    0.0 
------------------------------------------
total               3502 10607.814  100.0 

