============================================================
  Generated by:           Genus(TM) Synthesis Solution 21.19-s055_1
  Generated on:           May 22 2026  03:35:02 pm
  Module:                 multiplier32FP
  Operating conditions:   PVT_0P9V_125C 
  Operating conditions:   PVT_1P32V_0C 
  Interconnect mode:      global
  Area mode:              physical library
============================================================

Timing
--------

Clock Period 
-------------
clk   5000.0 


  Cost    Critical         Violating 
 Group   Path Slack  TNS     Paths   
-------------------------------------
clk            58.8   0.0          0 
default    No paths   0.0            
-------------------------------------
Total                 0.0          0 

Instance Count
--------------
Leaf Instance Count             3502 
Physical Instance count            0 
Sequential Instance Count        656 
Combinational Instance Count    2846 
Hierarchical Instance Count        4 

Area
----
Cell Area                          10607.814
Physical Cell Area                 0.000
Total Cell Area (Cell+Physical)    10607.814
Net Area                           4510.323
Total Area (Cell+Physical+Net)     15118.137

Max Fanout                         656 (clk)
Min Fanout                         0 (n_126)
Average Fanout                     2.4
Terms to net ratio                 3.4031
Terms to instance ratio            3.6810
Runtime                            713.948432 seconds
Elapsed Runtime                    716 seconds
Genus peak memory usage            1838.03 
Innovus peak memory usage          no_value 
Hostname                           localhost
