============================================================
  Generated by:           Genus(TM) Synthesis Solution 21.19-s055_1
  Generated on:           May 22 2026  03:35:02 pm
  Module:                 multiplier32FP
  Operating conditions:   PVT_0P9V_125C 
  Operating conditions:   PVT_1P32V_0C 
  Interconnect mode:      global
  Area mode:              physical library
============================================================


Path 1: MET (59 ps) Setup Check with Pin i_post_norm_mul/s_zeros_reg[0]/CK->D
          Group: clk
     Startpoint: (R) i_post_norm_mul/s_fract_48_i_reg[3]/CK
          Clock: (R) clk
       Endpoint: (F) i_post_norm_mul/s_zeros_reg[0]/D
          Clock: (R) clk

                     Capture       Launch     
        Clock Edge:+    5000            0     
       Src Latency:+       0            0     
       Net Latency:+     100 (I)      100 (I) 
           Arrival:=    5100          100     
                                              
             Setup:-     166                  
       Uncertainty:-      50                  
     Required Time:=    4884                  
      Launch Clock:-     100                  
         Data Path:-    4725                  
             Slack:=      59                  

#----------------------------------------------------------------------------------------------------------------
#             Timing Point               Flags    Arc   Edge   Cell     Fanout Load Trans Delay Arrival Instance 
#                                                                              (fF)  (ps)  (ps)   (ps)  Location 
#----------------------------------------------------------------------------------------------------------------
  i_post_norm_mul/s_fract_48_i_reg[3]/CK -       -      R     (arrival)    656    -     0     0     100    (-,-) 
  i_post_norm_mul/s_fract_48_i_reg[3]/Q  -       CK->Q  F     DFFHQX8        6 16.4    74   282     382    (-,-) 
  i_post_norm_mul/g66568/Y               -       A->Y   R     CLKINVX12      7 14.6    47    56     438    (-,-) 
  i_post_norm_mul/g66416/Y               -       B->Y   F     NAND2X4        1  3.6    92    80     517    (-,-) 
  i_post_norm_mul/g66312/Y               -       A1->Y  R     AOI21X2        1  3.7   121   127     644    (-,-) 
  i_post_norm_mul/g66253/Y               -       A2->Y  F     OAI31X2        1  3.6   165   163     808    (-,-) 
  i_post_norm_mul/g66229/Y               -       B0->Y  R     AOI221X2       1  3.1   181   219    1027    (-,-) 
  i_post_norm_mul/g66180/Y               -       A1->Y  R     OA21X1         1  3.7    94   250    1277    (-,-) 
  i_post_norm_mul/g66087/Y               -       A1->Y  F     OAI21X2        1  3.3   150   140    1417    (-,-) 
  i_post_norm_mul/g66039/Y               -       A1->Y  R     AOI21X1        1  3.7   207   207    1625    (-,-) 
  i_post_norm_mul/g66011/Y               -       A1->Y  F     OAI21X2        1  3.3   156   201    1826    (-,-) 
  i_post_norm_mul/g65979/Y               -       A1->Y  R     AOI21X1        1  3.7   208   210    2036    (-,-) 
  i_post_norm_mul/g65965/Y               -       A1->Y  F     OAI21X2        1  3.3   153   201    2237    (-,-) 
  i_post_norm_mul/g65957/Y               -       A1->Y  R     AOI21X1        1  3.3   189   198    2436    (-,-) 
  i_post_norm_mul/g65953/Y               -       A1->Y  F     OAI21X1        1  3.1   223   240    2676    (-,-) 
  i_post_norm_mul/g65949/Y               -       A1N->Y F     OAI2BB1X1      1  3.1   208   254    2930    (-,-) 
  i_post_norm_mul/g65924/Y               -       A1N->Y F     OAI2BB1X1      1  3.3   214   254    3184    (-,-) 
  i_post_norm_mul/g65913/Y               -       A1->Y  R     AOI21X1        1  3.1   186   226    3410    (-,-) 
  i_post_norm_mul/g65908/Y               -       A1->Y  R     OA21X1         1  3.3    86   249    3658    (-,-) 
  i_post_norm_mul/g65905/Y               -       A1->Y  F     OAI21X1        1  3.1   218   182    3840    (-,-) 
  i_post_norm_mul/g65904/Y               -       A1N->Y F     OAI2BB1X1      1  3.3   216   258    4098    (-,-) 
  i_post_norm_mul/g65903/Y               -       A1->Y  R     AOI21X1        1  3.3   190   231    4330    (-,-) 
  i_post_norm_mul/g65902/Y               -       A1->Y  F     OAI21X1        1  3.1   224   241    4570    (-,-) 
  i_post_norm_mul/g65901/Y               -       A1N->Y F     OAI2BB1X1      1  3.1   203   255    4825    (-,-) 
  i_post_norm_mul/s_zeros_reg[0]/D       <<<     -      F     DFFTRX2        1    -     -     0    4825    (-,-) 
#----------------------------------------------------------------------------------------------------------------

