============================================================
  Generated by:           Genus(TM) Synthesis Solution 21.19-s055_1
  Generated on:           May 25 2026  07:51:55 am
  Module:                 multiplier32FP
  Operating conditions:   PVT_0P9V_125C 
  Operating conditions:   PVT_1P32V_0C 
  Interconnect mode:      global
  Area mode:              physical library
============================================================


Path 1: MET (1 ps) Setup Check with Pin i_post_norm_mul/s_expo1_reg[4]/CK->D
          Group: clk
     Startpoint: (R) i_post_norm_mul/s_exp_10_i_reg[8]/CK
          Clock: (R) clk
       Endpoint: (F) i_post_norm_mul/s_expo1_reg[4]/D
          Clock: (R) clk

                     Capture       Launch     
        Clock Edge:+    2833            0     
       Src Latency:+       0            0     
       Net Latency:+     100 (I)      100 (I) 
           Arrival:=    2933          100     
                                              
             Setup:-     138                  
       Uncertainty:-      50                  
     Required Time:=    2745                  
      Launch Clock:-     100                  
         Data Path:-    2643                  
             Slack:=       1                  

#-------------------------------------------------------------------------------------------------------------
#            Timing Point              Flags   Arc   Edge   Cell     Fanout Load Trans Delay Arrival Instance 
#                                                                           (fF)  (ps)  (ps)   (ps)  Location 
#-------------------------------------------------------------------------------------------------------------
  i_post_norm_mul/s_exp_10_i_reg[8]/CK -       -     R     (arrival)    656    -     0     0     100    (-,-) 
  i_post_norm_mul/s_exp_10_i_reg[8]/Q  -       CK->Q F     DFFHQX8        5 14.9    69   279     379    (-,-) 
  i_post_norm_mul/g107931/Y            -       A->Y  F     BUFX12         6 19.8    67   120     499    (-,-) 
  i_post_norm_mul/g107928/Y            -       A->Y  R     CLKINVX12      6 13.7    44    52     551    (-,-) 
  i_post_norm_mul/g107804/Y            -       A->Y  F     NOR2X4         4  9.1    82    73     624    (-,-) 
  i_post_norm_mul/g107177/Y            -       B->Y  R     NOR2X2         1  4.5   131   118     742    (-,-) 
  i_post_norm_mul/g107118/Y            -       A->Y  F     NAND2X4        2  6.2   135   150     892    (-,-) 
  i_post_norm_mul/g107068/Y            -       B->Y  R     NOR2X4         2  4.9    90   110    1003    (-,-) 
  i_post_norm_mul/g107056/Y            -       B->Y  R     CLKAND2X2      4  9.0   109   172    1175    (-,-) 
  i_post_norm_mul/g106962/Y            -       A1->Y F     OAI22X1        1  3.1   239   221    1396    (-,-) 
  i_post_norm_mul/g106828/Y            -       B->Y  F     OR2X1          1  3.6   106   236    1632    (-,-) 
  i_post_norm_mul/g106768/Y            -       B0->Y R     AOI221X2       1  3.1   179   191    1823    (-,-) 
  i_post_norm_mul/g106728/Y            -       B0->Y R     OA21X1         1  3.3    86   249    2072    (-,-) 
  i_post_norm_mul/g106686/Y            -       A1->Y F     OAI21X1        1  3.6   246   196    2268    (-,-) 
  i_post_norm_mul/g106667/Y            -       B0->Y R     AOI221X2       1  3.7   212   270    2538    (-,-) 
  i_post_norm_mul/g106608/Y            -       A2->Y F     OAI31X2        1  3.1   155   205    2743    (-,-) 
  i_post_norm_mul/s_expo1_reg[4]/D     <<<     -     F     DFFQX2         1    -     -     0    2743    (-,-) 
#-------------------------------------------------------------------------------------------------------------

