============================================================
  Generated by:           Genus(TM) Synthesis Solution 21.19-s055_1
  Generated on:           May 25 2026  07:51:55 am
  Module:                 multiplier32FP
  Operating conditions:   PVT_0P9V_125C 
  Operating conditions:   PVT_1P32V_0C 
  Interconnect mode:      global
  Area mode:              physical library
============================================================

                                                Library 
   Gate     Instances    Area        Library     Domain 
--------------------------------------------------------
ADDFHX1            22    165.528    slow_vdd1v0   worst 
ADDFHX2            29    238.032    slow_vdd1v0   worst 
ADDFHX4             1      9.576    slow_vdd1v0   worst 
ADDFX1             54    277.020    slow_vdd1v0   worst 
ADDFX2              1      7.866    slow_vdd1v0   worst 
ADDHX1             23     86.526    slow_vdd1v0   worst 
ADDHX2              2     10.260    slow_vdd1v0   worst 
AND2X1            275    376.200    slow_vdd1v0   worst 
AND2X2             11     18.810    slow_vdd1v0   worst 
AND2X4              9     24.624    slow_vdd1v0   worst 
AND2X6              8     30.096    slow_vdd1v0   worst 
AND2X8              1      4.446    slow_vdd1v0   worst 
AND3X1              4      9.576    slow_vdd1v0   worst 
AND3X4              1      3.078    slow_vdd1v0   worst 
AND3X6              1      4.446    slow_vdd1v0   worst 
AND3XL             16     32.832    slow_vdd1v0   worst 
AND4X1             17     40.698    slow_vdd1v0   worst 
AND4X6              1      5.814    slow_vdd1v0   worst 
AO21X1             34     81.396    slow_vdd1v0   worst 
AO21X2              4     10.944    slow_vdd1v0   worst 
AO22X1             76    207.936    slow_vdd1v0   worst 
AOI211X1            2      4.788    slow_vdd1v0   worst 
AOI211X2            9     30.780    slow_vdd1v0   worst 
AOI21X1           141    241.110    slow_vdd1v0   worst 
AOI21X2            28     76.608    slow_vdd1v0   worst 
AOI21X4            57    292.410    slow_vdd1v0   worst 
AOI221X2           18     80.028    slow_vdd1v0   worst 
AOI221X4            1      7.866    slow_vdd1v0   worst 
AOI222X2            3     16.416    slow_vdd1v0   worst 
AOI22X1           107    219.564    slow_vdd1v0   worst 
AOI22X2            15     56.430    slow_vdd1v0   worst 
AOI22X4            17    104.652    slow_vdd1v0   worst 
AOI2BB1X1          24     49.248    slow_vdd1v0   worst 
AOI2BB1X2           7     21.546    slow_vdd1v0   worst 
AOI2BB1X4          14     57.456    slow_vdd1v0   worst 
AOI2BB2X4           3     22.572    slow_vdd1v0   worst 
AOI31X2            11     37.620    slow_vdd1v0   worst 
AOI32X2             2      8.892    slow_vdd1v0   worst 
AOI32X4             1      7.866    slow_vdd1v0   worst 
BUFX12              1      5.130    slow_vdd1v0   worst 
BUFX2               3      5.130    slow_vdd1v0   worst 
BUFX3              13     26.676    slow_vdd1v0   worst 
BUFX6              11     33.858    slow_vdd1v0   worst 
BUFX8              39    146.718    slow_vdd1v0   worst 
CLKAND2X12         17    127.908    slow_vdd1v0   worst 
CLKAND2X2          35     71.820    slow_vdd1v0   worst 
CLKAND2X3          29     89.262    slow_vdd1v0   worst 
CLKAND2X6          26    124.488    slow_vdd1v0   worst 
CLKBUFX20           3     24.624    slow_vdd1v0   worst 
CLKINVX12          14     57.456    slow_vdd1v0   worst 
CLKINVX16           3     16.416    slow_vdd1v0   worst 
CLKINVX4           15     25.650    slow_vdd1v0   worst 
CLKINVX6           27     64.638    slow_vdd1v0   worst 
CLKINVX8           13     40.014    slow_vdd1v0   worst 
CLKMX2X2            1      3.078    slow_vdd1v0   worst 
CLKMX2X3           13     53.352    slow_vdd1v0   worst 
CLKXOR2X1          17     46.512    slow_vdd1v0   worst 
DFFHQX1           200   1094.400    slow_vdd1v0   worst 
DFFHQX2             4     27.360    slow_vdd1v0   worst 
DFFHQX4             9     73.872    slow_vdd1v0   worst 
DFFHQX8            22    203.148    slow_vdd1v0   worst 
DFFQX1              4     23.256    slow_vdd1v0   worst 
DFFQX2             36    233.928    slow_vdd1v0   worst 
DFFQX4             15    107.730    slow_vdd1v0   worst 
DFFQXL              1      5.472    slow_vdd1v0   worst 
DFFRHQX1           39    240.084    slow_vdd1v0   worst 
DFFRHQX4            1      9.576    slow_vdd1v0   worst 
DFFRX1              1      6.840    slow_vdd1v0   worst 
DFFRX2              3     22.572    slow_vdd1v0   worst 
DFFTRX2             2     16.416    slow_vdd1v0   worst 
DFFX1              14    100.548    slow_vdd1v0   worst 
DFFX2              11     90.288    slow_vdd1v0   worst 
DFFX4               5     46.170    slow_vdd1v0   worst 
EDFFHQX1          270   2308.500    slow_vdd1v0   worst 
INVX1             192    131.328    slow_vdd1v0   worst 
INVX2              81     83.106    slow_vdd1v0   worst 
INVX20              2     12.996    slow_vdd1v0   worst 
INVX3              31     42.408    slow_vdd1v0   worst 
INVX4               1      1.710    slow_vdd1v0   worst 
INVX6               4      9.576    slow_vdd1v0   worst 
INVX8               2      6.156    slow_vdd1v0   worst 
MDFFHQX1            8     68.400    slow_vdd1v0   worst 
MDFFHQX4           11    101.574    slow_vdd1v0   worst 
MX2X1              53    126.882    slow_vdd1v0   worst 
MX3XL               1      4.788    slow_vdd1v0   worst 
MXI2X1              3      8.208    slow_vdd1v0   worst 
MXI2X2              4     17.784    slow_vdd1v0   worst 
MXI2X4              2     10.260    slow_vdd1v0   worst 
MXI2X6              2     10.260    slow_vdd1v0   worst 
NAND2BX1           23     31.464    slow_vdd1v0   worst 
NAND2BX2           16     38.304    slow_vdd1v0   worst 
NAND2BX4            3     11.286    slow_vdd1v0   worst 
NAND2X1            94     96.444    slow_vdd1v0   worst 
NAND2X2            89    152.190    slow_vdd1v0   worst 
NAND2X4            68    232.560    slow_vdd1v0   worst 
NAND2X6            23    110.124    slow_vdd1v0   worst 
NAND2X8             4     21.888    slow_vdd1v0   worst 
NAND3BX2            2      6.156    slow_vdd1v0   worst 
NAND3BX4            1      5.130    slow_vdd1v0   worst 
NAND3X2             4     10.944    slow_vdd1v0   worst 
NAND3X4             2      9.576    slow_vdd1v0   worst 
NOR2BX1            76    103.968    slow_vdd1v0   worst 
NOR2BX2            30     82.080    slow_vdd1v0   worst 
NOR2BX4             8     30.096    slow_vdd1v0   worst 
NOR2X1            159    163.134    slow_vdd1v0   worst 
NOR2X2             84    143.640    slow_vdd1v0   worst 
NOR2X4             61    187.758    slow_vdd1v0   worst 
NOR2X6             33    135.432    slow_vdd1v0   worst 
NOR2X8             10     54.720    slow_vdd1v0   worst 
NOR3BX1             2      4.104    slow_vdd1v0   worst 
NOR3BX2             2      6.840    slow_vdd1v0   worst 
NOR3X1              8     13.680    slow_vdd1v0   worst 
NOR3X2              3      8.208    slow_vdd1v0   worst 
NOR3X4              2     10.260    slow_vdd1v0   worst 
NOR3X6              1      7.182    slow_vdd1v0   worst 
NOR3X8              4     35.568    slow_vdd1v0   worst 
NOR4X2              8     27.360    slow_vdd1v0   worst 
NOR4X4              1      6.498    slow_vdd1v0   worst 
OA21X1             76    155.952    slow_vdd1v0   worst 
OA21X2              4     12.312    slow_vdd1v0   worst 
OA21X4              2      7.524    slow_vdd1v0   worst 
OA22X1            163    390.222    slow_vdd1v0   worst 
OAI211X2            1      4.104    slow_vdd1v0   worst 
OAI211X4            2     12.996    slow_vdd1v0   worst 
OAI21X1           110    188.100    slow_vdd1v0   worst 
OAI21X2            17     52.326    slow_vdd1v0   worst 
OAI21X4            28    134.064    slow_vdd1v0   worst 
OAI221X2            2      9.576    slow_vdd1v0   worst 
OAI221X4            1      7.866    slow_vdd1v0   worst 
OAI22X1            83    170.316    slow_vdd1v0   worst 
OAI22X2             8     27.360    slow_vdd1v0   worst 
OAI22X4             1      6.498    slow_vdd1v0   worst 
OAI2BB1X1         161    275.310    slow_vdd1v0   worst 
OAI2BB1X2          11     33.858    slow_vdd1v0   worst 
OAI2BB1X4           4     17.784    slow_vdd1v0   worst 
OAI2BB2X2           4     21.888    slow_vdd1v0   worst 
OAI2BB2X4           1      8.550    slow_vdd1v0   worst 
OAI31X1             5     10.260    slow_vdd1v0   worst 
OAI31X2             3     11.286    slow_vdd1v0   worst 
OAI32X2             4     17.784    slow_vdd1v0   worst 
OR2X1             125    171.000    slow_vdd1v0   worst 
OR2X2              39     66.690    slow_vdd1v0   worst 
OR2X4              19     51.984    slow_vdd1v0   worst 
OR2X6              17     63.954    slow_vdd1v0   worst 
OR3X1              35     71.820    slow_vdd1v0   worst 
OR3X2               2      4.788    slow_vdd1v0   worst 
OR3X4               1      3.078    slow_vdd1v0   worst 
OR4X1              46     94.392    slow_vdd1v0   worst 
OR4X2               2      6.840    slow_vdd1v0   worst 
OR4X4               1      3.762    slow_vdd1v0   worst 
XNOR2X1            55    131.670    slow_vdd1v0   worst 
XNOR2X2             6     18.468    slow_vdd1v0   worst 
XOR2X2             11     37.620    slow_vdd1v0   worst 
--------------------------------------------------------
total            4235  13238.478                


                                          
     Type      Instances    Area   Area % 
------------------------------------------
sequential           656  4780.134   36.1 
inverter             385   491.454    3.7 
buffer                70   242.136    1.8 
logic               3124  7724.754   58.4 
physical_cells         0     0.000    0.0 
------------------------------------------
total               4235 13238.478  100.0 

