============================================================
  Generated by:           Genus(TM) Synthesis Solution 21.19-s055_1
  Generated on:           May 26 2026  09:51:11 am
  Module:                 multiplier32FP
  Operating conditions:   PVT_0P9V_125C 
  Operating conditions:   PVT_1P32V_0C 
  Interconnect mode:      global
  Area mode:              physical library
============================================================

                                                Library 
   Gate     Instances    Area        Library     Domain 
--------------------------------------------------------
ADDFHX1            24    180.576    slow_vdd1v0   worst 
ADDFHX2            37    303.696    slow_vdd1v0   worst 
ADDFX1             43    220.590    slow_vdd1v0   worst 
ADDFX2              1      7.866    slow_vdd1v0   worst 
ADDHX1             13     48.906    slow_vdd1v0   worst 
ADDHX2              3     15.390    slow_vdd1v0   worst 
ADDHX4              1      7.182    slow_vdd1v0   worst 
AND2X1            236    322.848    slow_vdd1v0   worst 
AND2X2             21     35.910    slow_vdd1v0   worst 
AND2X4             16     43.776    slow_vdd1v0   worst 
AND2X6              8     30.096    slow_vdd1v0   worst 
AND2X8              2      8.892    slow_vdd1v0   worst 
AND3X1              5     11.970    slow_vdd1v0   worst 
AND3X4              1      3.078    slow_vdd1v0   worst 
AND3X6              1      4.446    slow_vdd1v0   worst 
AND3XL             15     30.780    slow_vdd1v0   worst 
AND4X1             17     40.698    slow_vdd1v0   worst 
AND4X6              1      5.814    slow_vdd1v0   worst 
AO21X1             29     69.426    slow_vdd1v0   worst 
AO21X2              3      8.208    slow_vdd1v0   worst 
AO22X1             72    196.992    slow_vdd1v0   worst 
AOI211X1            2      4.788    slow_vdd1v0   worst 
AOI211X2           18     61.560    slow_vdd1v0   worst 
AOI211X4            2     12.996    slow_vdd1v0   worst 
AOI21X1           142    242.820    slow_vdd1v0   worst 
AOI21X2            41    112.176    slow_vdd1v0   worst 
AOI21X4            49    251.370    slow_vdd1v0   worst 
AOI221X2           17     75.582    slow_vdd1v0   worst 
AOI221X4            4     31.464    slow_vdd1v0   worst 
AOI222X2            2     10.944    slow_vdd1v0   worst 
AOI222X4            2     19.152    slow_vdd1v0   worst 
AOI22X1           112    229.824    slow_vdd1v0   worst 
AOI22X2            14     52.668    slow_vdd1v0   worst 
AOI22X4            18    110.808    slow_vdd1v0   worst 
AOI2BB1X1          38     77.976    slow_vdd1v0   worst 
AOI2BB1X2           5     15.390    slow_vdd1v0   worst 
AOI2BB1X4          14     57.456    slow_vdd1v0   worst 
AOI2BB2X2           2     10.260    slow_vdd1v0   worst 
AOI2BB2X4           3     22.572    slow_vdd1v0   worst 
AOI31X2             7     23.940    slow_vdd1v0   worst 
AOI32X2             1      4.446    slow_vdd1v0   worst 
AOI32X4             1      7.866    slow_vdd1v0   worst 
BUFX2               4      6.840    slow_vdd1v0   worst 
BUFX3              11     22.572    slow_vdd1v0   worst 
BUFX4               5     11.970    slow_vdd1v0   worst 
BUFX6              43    132.354    slow_vdd1v0   worst 
BUFX8              37    139.194    slow_vdd1v0   worst 
CLKAND2X12         16    120.384    slow_vdd1v0   worst 
CLKAND2X2          36     73.872    slow_vdd1v0   worst 
CLKAND2X3          25     76.950    slow_vdd1v0   worst 
CLKAND2X6          29    138.852    slow_vdd1v0   worst 
CLKAND2X8           3     17.442    slow_vdd1v0   worst 
CLKBUFX12           5     25.650    slow_vdd1v0   worst 
CLKBUFX16           2     13.680    slow_vdd1v0   worst 
CLKBUFX20           1      8.208    slow_vdd1v0   worst 
CLKBUFX3            1      2.052    slow_vdd1v0   worst 
CLKBUFX6            3      9.234    slow_vdd1v0   worst 
CLKINVX12          21     86.184    slow_vdd1v0   worst 
CLKINVX16           8     43.776    slow_vdd1v0   worst 
CLKINVX2            4      5.472    slow_vdd1v0   worst 
CLKINVX3            5      8.550    slow_vdd1v0   worst 
CLKINVX4           26     44.460    slow_vdd1v0   worst 
CLKINVX6           28     67.032    slow_vdd1v0   worst 
CLKINVX8           23     70.794    slow_vdd1v0   worst 
CLKMX2X2            3      9.234    slow_vdd1v0   worst 
CLKMX2X3            1      4.104    slow_vdd1v0   worst 
CLKXOR2X1          23     62.928    slow_vdd1v0   worst 
CLKXOR2X2           2      6.840    slow_vdd1v0   worst 
DFFHQX1           193   1056.096    slow_vdd1v0   worst 
DFFHQX2             1      6.840    slow_vdd1v0   worst 
DFFHQX4             9     73.872    slow_vdd1v0   worst 
DFFHQX8            12    110.808    slow_vdd1v0   worst 
DFFQX2             21    136.458    slow_vdd1v0   worst 
DFFQX4             15    107.730    slow_vdd1v0   worst 
DFFQXL             15     82.080    slow_vdd1v0   worst 
DFFRHQX1           39    240.084    slow_vdd1v0   worst 
DFFRHQX4            1      9.576    slow_vdd1v0   worst 
DFFRX1              1      6.840    slow_vdd1v0   worst 
DFFRX2              3     22.572    slow_vdd1v0   worst 
DFFTRX2             2     16.416    slow_vdd1v0   worst 
DFFTRX4             1     10.944    slow_vdd1v0   worst 
DFFX1              28    201.096    slow_vdd1v0   worst 
DFFX2              14    114.912    slow_vdd1v0   worst 
DFFX4              12    110.808    slow_vdd1v0   worst 
EDFFHQX1          279   2385.450    slow_vdd1v0   worst 
INVX1             185    126.540    slow_vdd1v0   worst 
INVX12              1      4.104    slow_vdd1v0   worst 
INVX2              73     74.898    slow_vdd1v0   worst 
INVX3              30     41.040    slow_vdd1v0   worst 
INVX4               1      1.710    slow_vdd1v0   worst 
INVX6               4      9.576    slow_vdd1v0   worst 
INVX8               2      6.156    slow_vdd1v0   worst 
MDFFHQX1            9     76.950    slow_vdd1v0   worst 
MDFFHQX4            1      9.234    slow_vdd1v0   worst 
MX2X1              43    102.942    slow_vdd1v0   worst 
MXI2X1              3      8.208    slow_vdd1v0   worst 
MXI2X2              4     17.784    slow_vdd1v0   worst 
MXI2X4             13     66.690    slow_vdd1v0   worst 
MXI2X6              3     15.390    slow_vdd1v0   worst 
NAND2BX1           25     34.200    slow_vdd1v0   worst 
NAND2BX2           16     38.304    slow_vdd1v0   worst 
NAND2BX4            6     22.572    slow_vdd1v0   worst 
NAND2X1            82     84.132    slow_vdd1v0   worst 
NAND2X2            98    167.580    slow_vdd1v0   worst 
NAND2X4            72    246.240    slow_vdd1v0   worst 
NAND2X6            28    134.064    slow_vdd1v0   worst 
NAND2X8            18     98.496    slow_vdd1v0   worst 
NAND3BX2            2      6.156    slow_vdd1v0   worst 
NAND3BX4            1      5.130    slow_vdd1v0   worst 
NAND3X2            10     27.360    slow_vdd1v0   worst 
NAND3X4             1      4.788    slow_vdd1v0   worst 
NAND3X6             3     21.546    slow_vdd1v0   worst 
NAND3X8             1      8.208    slow_vdd1v0   worst 
NAND4X6             2     17.100    slow_vdd1v0   worst 
NAND4X8             2     20.520    slow_vdd1v0   worst 
NOR2BX1            69     94.392    slow_vdd1v0   worst 
NOR2BX2            29     79.344    slow_vdd1v0   worst 
NOR2BX4             8     30.096    slow_vdd1v0   worst 
NOR2X1            157    161.082    slow_vdd1v0   worst 
NOR2X2             81    138.510    slow_vdd1v0   worst 
NOR2X4             73    224.694    slow_vdd1v0   worst 
NOR2X6             47    192.888    slow_vdd1v0   worst 
NOR2X8             15     82.080    slow_vdd1v0   worst 
NOR2XL              1      1.026    slow_vdd1v0   worst 
NOR3BX1             3      6.156    slow_vdd1v0   worst 
NOR3BX2             1      3.420    slow_vdd1v0   worst 
NOR3X1              7     11.970    slow_vdd1v0   worst 
NOR3X2              5     13.680    slow_vdd1v0   worst 
NOR3X4              1      5.130    slow_vdd1v0   worst 
NOR3X6              1      7.182    slow_vdd1v0   worst 
NOR3X8              1      8.892    slow_vdd1v0   worst 
NOR4BBX2            1      5.130    slow_vdd1v0   worst 
NOR4BX2             1      4.788    slow_vdd1v0   worst 
NOR4X2              8     27.360    slow_vdd1v0   worst 
OA21X1             92    188.784    slow_vdd1v0   worst 
OA22X1            145    347.130    slow_vdd1v0   worst 
OA22X4              1      4.104    slow_vdd1v0   worst 
OAI211X2            1      4.104    slow_vdd1v0   worst 
OAI211X4            8     51.984    slow_vdd1v0   worst 
OAI21X1            94    160.740    slow_vdd1v0   worst 
OAI21X2            27     83.106    slow_vdd1v0   worst 
OAI21X4            43    205.884    slow_vdd1v0   worst 
OAI221X4            1      7.866    slow_vdd1v0   worst 
OAI22X1            91    186.732    slow_vdd1v0   worst 
OAI22X2            12     41.040    slow_vdd1v0   worst 
OAI22X4             1      6.498    slow_vdd1v0   worst 
OAI2BB1X1         152    259.920    slow_vdd1v0   worst 
OAI2BB1X2          21     64.638    slow_vdd1v0   worst 
OAI2BB1X4           4     17.784    slow_vdd1v0   worst 
OAI2BB2X4           4     34.200    slow_vdd1v0   worst 
OAI31X1             5     10.260    slow_vdd1v0   worst 
OAI31X2             8     30.096    slow_vdd1v0   worst 
OAI31X4             2     13.680    slow_vdd1v0   worst 
OAI32X2             2      8.892    slow_vdd1v0   worst 
OR2X1             134    183.312    slow_vdd1v0   worst 
OR2X2              33     56.430    slow_vdd1v0   worst 
OR2X4              13     35.568    slow_vdd1v0   worst 
OR2X6              11     41.382    slow_vdd1v0   worst 
OR2X8              10     44.460    slow_vdd1v0   worst 
OR3X1              44     90.288    slow_vdd1v0   worst 
OR3X2               4      9.576    slow_vdd1v0   worst 
OR4X1              31     63.612    slow_vdd1v0   worst 
XNOR2X1            50    119.700    slow_vdd1v0   worst 
XNOR2X2             4     12.312    slow_vdd1v0   worst 
XNOR2X4             4     15.048    slow_vdd1v0   worst 
--------------------------------------------------------
total            4354  13928.976                


                                          
     Type      Instances    Area   Area % 
------------------------------------------
sequential           656  4778.766   34.3 
inverter             411   590.292    4.2 
buffer               112   371.754    2.7 
logic               3175  8188.164   58.8 
physical_cells         0     0.000    0.0 
------------------------------------------
total               4354 13928.976  100.0 

