============================================================
  Generated by:           Genus(TM) Synthesis Solution 21.19-s055_1
  Generated on:           May 26 2026  09:51:10 am
  Module:                 multiplier32FP
  Library domain:         worst
    Domain index:         0
    Technology library:   slow_vdd1v0 1.0
  Library domain:         best
    Domain index:         1
    Technology library:   fast_vdd1v2 1.0
  Operating conditions:   PVT_0P9V_125C 
  Operating conditions:   PVT_1P32V_0C 
  Interconnect mode:      global
  Area mode:              physical library
============================================================

     Instance         Module     Cell Count  Normalized Cell Area  Normalized Net Area   Normalized Total Area 
---------------------------------------------------------------------------------------------------------------
multiplier32FP                         4354             13576.000             5274.964               18850.964 
  i_mul_24        mul_24               1580              6673.000             1755.654                8428.654 
  i_post_norm_mul post_norm_mul        2482              6011.333             3076.636                9087.970 
  i_pre_norm_mul  pre_norm_mul           75               251.333               60.093                 311.426 
  u_fsm           fpu_fsm                34               109.333               36.196                 145.530 
