============================================================
  Generated by:           Genus(TM) Synthesis Solution 21.19-s055_1
  Generated on:           May 26 2026  09:51:11 am
  Module:                 multiplier32FP
  Operating conditions:   PVT_0P9V_125C 
  Operating conditions:   PVT_1P32V_0C 
  Interconnect mode:      global
  Area mode:              physical library
============================================================

Timing
--------

Clock Period 
-------------
clk   2674.0 


  Cost    Critical              Violating 
 Group   Path Slack     TNS       Paths   
------------------------------------------
clk          -157.6   -13543.1        124 
default    No paths        0.0            
------------------------------------------
Total                 -13543.1        124 

Instance Count
--------------
Leaf Instance Count             4354 
Physical Instance count            0 
Sequential Instance Count        656 
Combinational Instance Count    3698 
Hierarchical Instance Count        4 

Area
----
Cell Area                          13928.976
Physical Cell Area                 0.000
Total Cell Area (Cell+Physical)    13928.976
Net Area                           5412.113
Total Area (Cell+Physical+Net)     19341.089

Max Fanout                         656 (clk)
Min Fanout                         0 (n_143)
Average Fanout                     2.4
Terms to net ratio                 3.3464
Terms to instance ratio            3.5324
Runtime                            741.6416579999999 seconds
Elapsed Runtime                    759 seconds
Genus peak memory usage            2215.56 
Innovus peak memory usage          no_value 
Hostname                           localhost
