============================================================
  Generated by:           Genus(TM) Synthesis Solution 21.19-s055_1
  Generated on:           May 26 2026  09:51:10 am
  Module:                 multiplier32FP
  Operating conditions:   PVT_0P9V_125C 
  Operating conditions:   PVT_1P32V_0C 
  Interconnect mode:      global
  Area mode:              physical library
============================================================


Path 1: VIOLATED (-158 ps) Setup Check with Pin i_mul_24/prod2_reg[3][3][11]/CK->D
          Group: clk
     Startpoint: (R) i_mul_24/count_reg[0]/CK
          Clock: (R) clk
       Endpoint: (R) i_mul_24/prod2_reg[3][3][11]/D
          Clock: (R) clk

                     Capture       Launch     
        Clock Edge:+    2674            0     
       Src Latency:+       0            0     
       Net Latency:+     100 (I)      100 (I) 
           Arrival:=    2774          100     
                                              
             Setup:-     254                  
       Uncertainty:-      50                  
     Required Time:=    2470                  
      Launch Clock:-     100                  
         Data Path:-    2528                  
             Slack:=    -158                  

#------------------------------------------------------------------------------------------------------------------
#               Timing Point                Flags   Arc   Edge   Cell     Fanout Load Trans Delay Arrival Instance 
#                                                                                (fF)  (ps)  (ps)   (ps)  Location 
#------------------------------------------------------------------------------------------------------------------
  i_mul_24/count_reg[0]/CK                  -       -     R     (arrival)    656    -     0     0     100    (-,-) 
  i_mul_24/count_reg[0]/Q                   -       CK->Q F     DFFHQX4        1  7.2    62   245     345    (-,-) 
  i_mul_24/fopt17/Y                         -       A->Y  R     CLKINVX12      4 18.8    52    56     400    (-,-) 
  i_mul_24/fopt6839/Y                       -       A->Y  F     CLKINVX16      4 15.5    47    50     450    (-,-) 
  i_mul_24/fopt6838/Y                       -       A->Y  R     CLKINVX12      4 11.5    37    42     492    (-,-) 
  i_mul_24/g6310__2802/Y                    -       B->Y  F     NOR2X6         1  3.6    51    39     531    (-,-) 
  i_mul_24/g6273__1617/Y                    -       B0->Y R     AOI21X2        1  5.3   157   120     651    (-,-) 
  i_mul_24/fopt6742/Y                       -       A->Y  F     CLKINVX6       5 14.5    99   119     770    (-,-) 
  i_mul_24/fopt6741/Y                       -       A->Y  R     INVX12         5 14.2    51    65     835    (-,-) 
  i_mul_24/mul_197_52_g701/Y                -       B->Y  F     NOR2BX4        1  3.7    55    51     886    (-,-) 
  i_mul_24/mul_197_52_cdnfadd_007_0__2802/S -       CI->S R     ADDFHX1        1  3.7   100   301    1187    (-,-) 
  i_mul_24/mul_197_52_cdnfadd_007_1__1705/S -       CI->S F     ADDFHX1        1  3.7   115   314    1500    (-,-) 
  i_mul_24/mul_197_52_cdnfadd_007_2__5122/S -       CI->S R     ADDFHX2        2  8.4   128   391    1891    (-,-) 
  i_mul_24/mul_197_52_g618__1617/Y          -       B->Y  F     NOR2X8         3  9.3    67    88    1979    (-,-) 
  i_mul_24/fopt6796/Y                       -       A->Y  R     CLKINVX8       1  5.3    33    45    2025    (-,-) 
  i_mul_24/mul_197_52_g595__2883/Y          -       B->Y  F     NAND3X6        1  4.0   144   124    2148    (-,-) 
  i_mul_24/mul_197_52_g593__9945/Y          -       B->Y  F     CLKAND2X6      3  9.8    63   156    2304    (-,-) 
  i_mul_24/mul_197_52_g591__6161/Y          -       B->Y  R     NOR2X6         1  5.3    69    68    2373    (-,-) 
  i_mul_24/mul_197_52_g589__4733/Y          -       B->Y  F     NOR2X6         2  5.5    66    59    2431    (-,-) 
  i_mul_24/fopt6806/Y                       -       A->Y  F     BUFX6          1  4.4    37    95    2526    (-,-) 
  i_mul_24/mul_197_52_g586__1881/Y          -       A1->Y R     OAI21X4        4  8.8   134   102    2628    (-,-) 
  i_mul_24/prod2_reg[3][3][11]/D            <<<     -     R     EDFFHQX1       4    -     -     0    2628    (-,-) 
#------------------------------------------------------------------------------------------------------------------

