============================================================
  Generated by:           Genus(TM) Synthesis Solution 21.19-s055_1
  Generated on:           May 26 2026  09:51:10 am
  Module:                 multiplier32FP
  Library domain:         worst
    Domain index:         0
    Technology library:   slow_vdd1v0 1.0
  Library domain:         best
    Domain index:         1
    Technology library:   fast_vdd1v2 1.0
  Operating conditions:   PVT_0P9V_125C 
  Operating conditions:   PVT_1P32V_0C 
  Interconnect mode:      global
  Area mode:              physical library
============================================================

     Instance         Module     Cell Count  Cell Area  Net Area   Total Area 
------------------------------------------------------------------------------
multiplier32FP                         4354  13928.976  5412.113    19341.089 
  i_mul_24        mul_24               1580   6846.498  1801.301     8647.799 
  i_post_norm_mul post_norm_mul        2482   6167.628  3156.629     9324.257 
  i_pre_norm_mul  pre_norm_mul           75    257.868    61.655      319.523 
  u_fsm           fpu_fsm                34    112.176    37.137      149.313 
