============================================================
  Generated by:           Genus(TM) Synthesis Solution 21.19-s055_1
  Generated on:           May 26 2026  07:43:52 am
  Module:                 multiplier32FP
  Operating conditions:   PVT_0P9V_125C 
  Operating conditions:   PVT_1P32V_0C 
  Interconnect mode:      global
  Area mode:              physical library
============================================================

                                                Library 
   Gate     Instances    Area        Library     Domain 
--------------------------------------------------------
ADDFHX1            13     97.812    slow_vdd1v0   worst 
ADDFHX2            52    426.816    slow_vdd1v0   worst 
ADDFX1             40    205.200    slow_vdd1v0   worst 
ADDFX2              2     15.732    slow_vdd1v0   worst 
ADDHX1             12     45.144    slow_vdd1v0   worst 
ADDHX2              1      5.130    slow_vdd1v0   worst 
AND2X1            196    268.128    slow_vdd1v0   worst 
AND2X2             14     23.940    slow_vdd1v0   worst 
AND2X4              8     21.888    slow_vdd1v0   worst 
AND2X6             10     37.620    slow_vdd1v0   worst 
AND3X1              4      9.576    slow_vdd1v0   worst 
AND3X4              1      3.078    slow_vdd1v0   worst 
AND3X6              1      4.446    slow_vdd1v0   worst 
AND3XL             16     32.832    slow_vdd1v0   worst 
AND4X1              7     16.758    slow_vdd1v0   worst 
AND4X6              1      5.814    slow_vdd1v0   worst 
AO21X1             45    107.730    slow_vdd1v0   worst 
AO21X2              3      8.208    slow_vdd1v0   worst 
AO22X1             52    142.272    slow_vdd1v0   worst 
AOI211X1            5     11.970    slow_vdd1v0   worst 
AOI211X2           12     41.040    slow_vdd1v0   worst 
AOI211X4            1      6.498    slow_vdd1v0   worst 
AOI21X1           135    230.850    slow_vdd1v0   worst 
AOI21X2            36     98.496    slow_vdd1v0   worst 
AOI21X4            59    302.670    slow_vdd1v0   worst 
AOI221X2           14     62.244    slow_vdd1v0   worst 
AOI221X4            2     15.732    slow_vdd1v0   worst 
AOI222X2            1      5.472    slow_vdd1v0   worst 
AOI22X1            55    112.860    slow_vdd1v0   worst 
AOI22X2             8     30.096    slow_vdd1v0   worst 
AOI22X4             9     55.404    slow_vdd1v0   worst 
AOI2BB1X1          30     61.560    slow_vdd1v0   worst 
AOI2BB1X2          14     43.092    slow_vdd1v0   worst 
AOI2BB1X4          21     86.184    slow_vdd1v0   worst 
AOI2BB2X1           2      6.840    slow_vdd1v0   worst 
AOI2BB2X2           1      5.130    slow_vdd1v0   worst 
AOI2BB2X4           4     30.096    slow_vdd1v0   worst 
AOI31X2            11     37.620    slow_vdd1v0   worst 
AOI32X4             2     15.732    slow_vdd1v0   worst 
BUFX12              4     20.520    slow_vdd1v0   worst 
BUFX16              1      6.840    slow_vdd1v0   worst 
BUFX2               3      5.130    slow_vdd1v0   worst 
BUFX20              1      8.208    slow_vdd1v0   worst 
BUFX3               6     12.312    slow_vdd1v0   worst 
BUFX6              57    175.446    slow_vdd1v0   worst 
BUFX8              37    139.194    slow_vdd1v0   worst 
CLKAND2X12         14    105.336    slow_vdd1v0   worst 
CLKAND2X2          34     69.768    slow_vdd1v0   worst 
CLKAND2X3          40    123.120    slow_vdd1v0   worst 
CLKAND2X6          29    138.852    slow_vdd1v0   worst 
CLKAND2X8           3     17.442    slow_vdd1v0   worst 
CLKBUFX12           1      5.130    slow_vdd1v0   worst 
CLKBUFX16           2     13.680    slow_vdd1v0   worst 
CLKBUFX6            2      6.156    slow_vdd1v0   worst 
CLKINVX12          21     86.184    slow_vdd1v0   worst 
CLKINVX16           8     43.776    slow_vdd1v0   worst 
CLKINVX2            6      8.208    slow_vdd1v0   worst 
CLKINVX20           1      6.498    slow_vdd1v0   worst 
CLKINVX3            9     15.390    slow_vdd1v0   worst 
CLKINVX4           61    104.310    slow_vdd1v0   worst 
CLKINVX6           69    165.186    slow_vdd1v0   worst 
CLKINVX8           37    113.886    slow_vdd1v0   worst 
CLKMX2X2            1      3.078    slow_vdd1v0   worst 
CLKMX2X3            8     32.832    slow_vdd1v0   worst 
CLKXOR2X1          24     65.664    slow_vdd1v0   worst 
DFFHQX1           189   1034.208    slow_vdd1v0   worst 
DFFHQX2             2     13.680    slow_vdd1v0   worst 
DFFHQX4            13    106.704    slow_vdd1v0   worst 
DFFHQX8            15    138.510    slow_vdd1v0   worst 
DFFQX1              1      5.814    slow_vdd1v0   worst 
DFFQX2             47    305.406    slow_vdd1v0   worst 
DFFQX4             13     93.366    slow_vdd1v0   worst 
DFFQXL             11     60.192    slow_vdd1v0   worst 
DFFRHQX1           39    240.084    slow_vdd1v0   worst 
DFFRHQX4            1      9.576    slow_vdd1v0   worst 
DFFRX1              1      6.840    slow_vdd1v0   worst 
DFFRX2              3     22.572    slow_vdd1v0   worst 
DFFX1              11     79.002    slow_vdd1v0   worst 
DFFX2              16    131.328    slow_vdd1v0   worst 
DFFX4               5     46.170    slow_vdd1v0   worst 
EDFFHQX1          277   2368.350    slow_vdd1v0   worst 
INVX1             198    135.432    slow_vdd1v0   worst 
INVX2              69     70.794    slow_vdd1v0   worst 
INVX3              29     39.672    slow_vdd1v0   worst 
INVX4               1      1.710    slow_vdd1v0   worst 
INVX6               4      9.576    slow_vdd1v0   worst 
MDFFHQX1            7     59.850    slow_vdd1v0   worst 
MDFFHQX4            5     46.170    slow_vdd1v0   worst 
MX2X1             115    275.310    slow_vdd1v0   worst 
MXI2X1              3      8.208    slow_vdd1v0   worst 
MXI2X2             10     44.460    slow_vdd1v0   worst 
MXI2X4              4     20.520    slow_vdd1v0   worst 
MXI2X6              2     10.260    slow_vdd1v0   worst 
NAND2BX1           26     35.568    slow_vdd1v0   worst 
NAND2BX2           13     31.122    slow_vdd1v0   worst 
NAND2BX4            6     22.572    slow_vdd1v0   worst 
NAND2X1            99    101.574    slow_vdd1v0   worst 
NAND2X2           119    203.490    slow_vdd1v0   worst 
NAND2X4            73    249.660    slow_vdd1v0   worst 
NAND2X6            23    110.124    slow_vdd1v0   worst 
NAND2X8            16     87.552    slow_vdd1v0   worst 
NAND3BX2            3      9.234    slow_vdd1v0   worst 
NAND3BX4            1      5.130    slow_vdd1v0   worst 
NAND3X2             9     24.624    slow_vdd1v0   worst 
NAND3X4             5     23.940    slow_vdd1v0   worst 
NAND4X6             5     42.750    slow_vdd1v0   worst 
NAND4X8             3     30.780    slow_vdd1v0   worst 
NOR2BX1            86    117.648    slow_vdd1v0   worst 
NOR2BX2            30     82.080    slow_vdd1v0   worst 
NOR2BX4            27    101.574    slow_vdd1v0   worst 
NOR2X1            135    138.510    slow_vdd1v0   worst 
NOR2X2             85    145.350    slow_vdd1v0   worst 
NOR2X4            125    384.750    slow_vdd1v0   worst 
NOR2X6             48    196.992    slow_vdd1v0   worst 
NOR2X8             25    136.800    slow_vdd1v0   worst 
NOR3BX1             4      8.208    slow_vdd1v0   worst 
NOR3BX2             1      3.420    slow_vdd1v0   worst 
NOR3BX4             1      5.814    slow_vdd1v0   worst 
NOR3X1              8     13.680    slow_vdd1v0   worst 
NOR3X2              1      2.736    slow_vdd1v0   worst 
NOR3X4              1      5.130    slow_vdd1v0   worst 
NOR3X6              1      7.182    slow_vdd1v0   worst 
NOR3X8              5     44.460    slow_vdd1v0   worst 
NOR4X2              7     23.940    slow_vdd1v0   worst 
NOR4X4              1      6.498    slow_vdd1v0   worst 
NOR4X6              1      8.208    slow_vdd1v0   worst 
OA21X1             78    160.056    slow_vdd1v0   worst 
OA21X4              1      3.762    slow_vdd1v0   worst 
OA22X1            149    356.706    slow_vdd1v0   worst 
OA22X4              1      4.104    slow_vdd1v0   worst 
OAI211X4            1      6.498    slow_vdd1v0   worst 
OAI21X1            94    160.740    slow_vdd1v0   worst 
OAI21X2            41    126.198    slow_vdd1v0   worst 
OAI21X4            28    134.064    slow_vdd1v0   worst 
OAI221X2            2      9.576    slow_vdd1v0   worst 
OAI22X1            74    151.848    slow_vdd1v0   worst 
OAI22X2             9     30.780    slow_vdd1v0   worst 
OAI22X4             5     32.490    slow_vdd1v0   worst 
OAI2BB1X1         134    229.140    slow_vdd1v0   worst 
OAI2BB1X2           7     21.546    slow_vdd1v0   worst 
OAI2BB1X4           2      8.892    slow_vdd1v0   worst 
OAI2BB2X4           4     34.200    slow_vdd1v0   worst 
OAI31X2             4     15.048    slow_vdd1v0   worst 
OAI31X4             1      6.840    slow_vdd1v0   worst 
OAI32X4             1      8.208    slow_vdd1v0   worst 
OR2X1             133    181.944    slow_vdd1v0   worst 
OR2X2              22     37.620    slow_vdd1v0   worst 
OR2X4              15     41.040    slow_vdd1v0   worst 
OR2X6              19     71.478    slow_vdd1v0   worst 
OR3X1              47     96.444    slow_vdd1v0   worst 
OR3X2               2      4.788    slow_vdd1v0   worst 
OR3X6               1      4.788    slow_vdd1v0   worst 
OR4X1              40     82.080    slow_vdd1v0   worst 
OR4X2               1      3.420    slow_vdd1v0   worst 
XNOR2X1            48    114.912    slow_vdd1v0   worst 
XNOR2X2             7     21.546    slow_vdd1v0   worst 
XOR2X2              4     13.680    slow_vdd1v0   worst 
--------------------------------------------------------
total            4438  14199.156                


                                          
     Type      Instances    Area   Area % 
------------------------------------------
sequential           656  4767.822   33.6 
inverter             513   800.622    5.6 
buffer               114   392.616    2.8 
logic               3155  8238.096   58.0 
physical_cells         0     0.000    0.0 
------------------------------------------
total               4438 14199.156  100.0 

