============================================================
  Generated by:           Genus(TM) Synthesis Solution 21.19-s055_1
  Generated on:           May 26 2026  07:43:52 am
  Module:                 multiplier32FP
  Library domain:         worst
    Domain index:         0
    Technology library:   slow_vdd1v0 1.0
  Library domain:         best
    Domain index:         1
    Technology library:   fast_vdd1v2 1.0
  Operating conditions:   PVT_0P9V_125C 
  Operating conditions:   PVT_1P32V_0C 
  Interconnect mode:      global
  Area mode:              physical library
============================================================

     Instance         Module     Cell Count  Cell Area  Net Area   Total Area 
------------------------------------------------------------------------------
multiplier32FP                         4438  14199.156  5390.143    19589.299 
  i_mul_24        mul_24               1623   6848.892  1831.026     8679.918 
  i_post_norm_mul post_norm_mul        2529   6427.890  3110.806     9538.696 
  i_pre_norm_mul  pre_norm_mul           70    254.448    56.885      311.333 
  u_fsm           fpu_fsm                34    112.176    37.137      149.313 
