============================================================
  Generated by:           Genus(TM) Synthesis Solution 21.19-s055_1
  Generated on:           May 26 2026  07:43:52 am
  Module:                 multiplier32FP
  Operating conditions:   PVT_0P9V_125C 
  Operating conditions:   PVT_1P32V_0C 
  Interconnect mode:      global
  Area mode:              physical library
============================================================

Timing
--------

Clock Period 
-------------
clk   2747.0 


  Cost    Critical         Violating 
 Group   Path Slack  TNS     Paths   
-------------------------------------
clk             0.0   0.0          0 
default    No paths   0.0            
-------------------------------------
Total                 0.0          0 

Instance Count
--------------
Leaf Instance Count             4438 
Physical Instance count            0 
Sequential Instance Count        656 
Combinational Instance Count    3782 
Hierarchical Instance Count        4 

Area
----
Cell Area                          14199.156
Physical Cell Area                 0.000
Total Cell Area (Cell+Physical)    14199.156
Net Area                           5390.143
Total Area (Cell+Physical+Net)     19589.299

Max Fanout                         656 (clk)
Min Fanout                         0 (n_142)
Average Fanout                     2.3
Terms to net ratio                 3.2881
Terms to instance ratio            3.4459
Runtime                            732.145131 seconds
Elapsed Runtime                    748 seconds
Genus peak memory usage            2174.68 
Innovus peak memory usage          no_value 
Hostname                           localhost
