============================================================
  Generated by:           Genus(TM) Synthesis Solution 21.19-s055_1
  Generated on:           May 26 2026  07:43:52 am
  Module:                 multiplier32FP
  Operating conditions:   PVT_0P9V_125C 
  Operating conditions:   PVT_1P32V_0C 
  Interconnect mode:      global
  Area mode:              physical library
============================================================


Path 1: MET (0 ps) Setup Check with Pin i_mul_24/sum_reg[3][21]/CK->D1
          Group: clk
     Startpoint: (R) i_mul_24/count_reg[1]/CK
          Clock: (R) clk
       Endpoint: (R) i_mul_24/sum_reg[3][21]/D1
          Clock: (R) clk

                     Capture       Launch     
        Clock Edge:+    2747            0     
       Src Latency:+       0            0     
       Net Latency:+     100 (I)      100 (I) 
           Arrival:=    2847          100     
                                              
             Setup:-     232                  
       Uncertainty:-      50                  
     Required Time:=    2565                  
      Launch Clock:-     100                  
         Data Path:-    2465                  
             Slack:=       0                  

#---------------------------------------------------------------------------------------------------------------------------------------
#                         Timing Point                          Flags    Arc   Edge   Cell     Fanout Load Trans Delay Arrival Instance 
#                                                                                                     (fF)  (ps)  (ps)   (ps)  Location 
#---------------------------------------------------------------------------------------------------------------------------------------
  i_mul_24/count_reg[1]/CK                                      -       -      R     (arrival)    656    -     0     0     100    (-,-) 
  i_mul_24/count_reg[1]/Q                                       -       CK->Q  F     DFFHQX4        1 10.1    81   255     355    (-,-) 
  i_mul_24/fopt5/Y                                              -       A->Y   R     CLKINVX20     30 93.8   122   109     463    (-,-) 
  i_mul_24/g6456__6417/Y                                        -       A->Y   R     CLKAND2X6     11 24.4   101   183     647    (-,-) 
  i_mul_24/g6238__7410/Y                                        -       B->Y   R     AND2X4         1  3.7    56   202     848    (-,-) 
  i_mul_24/g6122__7482/Y                                        -       B->Y   F     NOR2X2         1  4.3    77    72     920    (-,-) 
  i_mul_24/g6082__5526/Y                                        -       B->Y   R     NAND2X4        1  4.0    44    58     979    (-,-) 
  i_mul_24/WALLACE_CSA_DUMMY_OP_groupi893_cdnfadd_009_0__6131/S -       B->S   F     ADDFHX2        2  5.4   108   354    1332    (-,-) 
  i_mul_24/WALLACE_CSA_DUMMY_OP_groupi893_g909__9945/Y          -       B->Y   F     OR2X6          3  9.8    74   178    1510    (-,-) 
  i_mul_24/WALLACE_CSA_DUMMY_OP_groupi893_g857__3680/Y          -       A1->Y  R     AOI21X4        2  6.4   106   108    1618    (-,-) 
  i_mul_24/WALLACE_CSA_DUMMY_OP_groupi893_g852__8428/Y          -       A1->Y  F     OAI21X4        1  5.8   134   139    1756    (-,-) 
  i_mul_24/WALLACE_CSA_DUMMY_OP_groupi893_g841__2883/Y          -       B->Y   R     NOR2X8         3  9.0    89   104    1860    (-,-) 
  i_mul_24/WALLACE_CSA_DUMMY_OP_groupi893_g840__9945/Y          -       B->Y   F     NOR2X4         1  5.1    59    74    1935    (-,-) 
  i_mul_24/WALLACE_CSA_DUMMY_OP_groupi893_g836__7482/Y          -       B->Y   R     NOR2X6         6 12.9   120    98    2032    (-,-) 
  i_mul_24/WALLACE_CSA_DUMMY_OP_groupi893_g824__5526/Y          -       A1N->Y R     AOI2BB1X4      3  9.4   139   195    2227    (-,-) 
  i_mul_24/WALLACE_CSA_DUMMY_OP_groupi893_g820__6260/Y          -       B->Y   F     NOR2BX4        2  6.3    74   103    2330    (-,-) 
  i_mul_24/WALLACE_CSA_DUMMY_OP_groupi893_g811__2346/Y          -       S0->Y  R     CLKMX2X3       4  8.8    91   235    2565    (-,-) 
  i_mul_24/sum_reg[3][21]/D1                                    <<<     -      R     MDFFHQX1       4    -     -     0    2565    (-,-) 
#---------------------------------------------------------------------------------------------------------------------------------------

