============================================================
  Generated by:           Genus(TM) Synthesis Solution 21.19-s055_1
  Generated on:           May 26 2026  08:22:16 am
  Module:                 multiplier32FP
  Library domain:         worst
    Domain index:         0
    Technology library:   slow_vdd1v0 1.0
  Library domain:         best
    Domain index:         1
    Technology library:   fast_vdd1v2 1.0
  Operating conditions:   PVT_0P9V_125C 
  Operating conditions:   PVT_1P32V_0C 
  Interconnect mode:      global
  Area mode:              physical library
============================================================

     Instance         Module     Cell Count  Cell Area  Net Area   Total Area 
------------------------------------------------------------------------------
multiplier32FP                         4459  14170.428  5480.059    19650.487 
  i_mul_24        mul_24               1607   6762.366  1817.779     8580.145 
  i_post_norm_mul post_norm_mul        2564   6489.108  3211.423     9700.531 
  i_pre_norm_mul  pre_norm_mul           75    252.396    62.016      314.412 
  u_fsm           fpu_fsm                34    112.176    37.137      149.313 
