============================================================
  Generated by:           Genus(TM) Synthesis Solution 21.19-s055_1
  Generated on:           May 26 2026  08:22:16 am
  Module:                 multiplier32FP
  Library domain:         worst
    Domain index:         0
    Technology library:   slow_vdd1v0 1.0
  Library domain:         best
    Domain index:         1
    Technology library:   fast_vdd1v2 1.0
  Operating conditions:   PVT_0P9V_125C 
  Operating conditions:   PVT_1P32V_0C 
  Interconnect mode:      global
  Area mode:              physical library
============================================================

     Instance         Module     Cell Count  Normalized Cell Area  Normalized Net Area   Normalized Total Area 
---------------------------------------------------------------------------------------------------------------
multiplier32FP                         4459             13811.333             5341.188               19152.522 
  i_mul_24        mul_24               1607              6591.000             1771.714                8362.714 
  i_post_norm_mul post_norm_mul        2564              6324.667             3130.042                9454.709 
  i_pre_norm_mul  pre_norm_mul           75               246.000               60.445                 306.445 
  u_fsm           fpu_fsm                34               109.333               36.196                 145.530 
