============================================================
  Generated by:           Genus(TM) Synthesis Solution 21.19-s055_1
  Generated on:           May 26 2026  08:22:17 am
  Module:                 multiplier32FP
  Operating conditions:   PVT_0P9V_125C 
  Operating conditions:   PVT_1P32V_0C 
  Interconnect mode:      global
  Area mode:              physical library
============================================================

Timing
--------

Clock Period 
-------------
clk   2725.0 


  Cost    Critical         Violating 
 Group   Path Slack  TNS     Paths   
-------------------------------------
clk             0.3   0.0          0 
default    No paths   0.0            
-------------------------------------
Total                 0.0          0 

Instance Count
--------------
Leaf Instance Count             4459 
Physical Instance count            0 
Sequential Instance Count        656 
Combinational Instance Count    3803 
Hierarchical Instance Count        4 

Area
----
Cell Area                          14170.428
Physical Cell Area                 0.000
Total Cell Area (Cell+Physical)    14170.428
Net Area                           5480.059
Total Area (Cell+Physical+Net)     19650.487

Max Fanout                         656 (clk)
Min Fanout                         0 (n_139)
Average Fanout                     2.3
Terms to net ratio                 3.2975
Terms to instance ratio            3.4846
Runtime                            749.099434 seconds
Elapsed Runtime                    766 seconds
Genus peak memory usage            2200.75 
Innovus peak memory usage          no_value 
Hostname                           localhost
