============================================================
  Generated by:           Genus(TM) Synthesis Solution 21.19-s055_1
  Generated on:           May 26 2026  08:22:16 am
  Module:                 multiplier32FP
  Operating conditions:   PVT_0P9V_125C 
  Operating conditions:   PVT_1P32V_0C 
  Interconnect mode:      global
  Area mode:              physical library
============================================================


Path 1: MET (0 ps) Setup Check with Pin i_mul_24/prod2_reg[3][3][7]/CK->D
          Group: clk
     Startpoint: (R) i_mul_24/count_reg[1]/CK
          Clock: (R) clk
       Endpoint: (R) i_mul_24/prod2_reg[3][3][7]/D
          Clock: (R) clk

                     Capture       Launch     
        Clock Edge:+    2725            0     
       Src Latency:+       0            0     
       Net Latency:+     100 (I)      100 (I) 
           Arrival:=    2825          100     
                                              
             Setup:-     248                  
       Uncertainty:-      50                  
     Required Time:=    2527                  
      Launch Clock:-     100                  
         Data Path:-    2426                  
             Slack:=       0                  

#------------------------------------------------------------------------------------------------------------------
#               Timing Point                Flags   Arc   Edge   Cell     Fanout Load Trans Delay Arrival Instance 
#                                                                                (fF)  (ps)  (ps)   (ps)  Location 
#------------------------------------------------------------------------------------------------------------------
  i_mul_24/count_reg[1]/CK                  -       -     R     (arrival)    656    -     0     0     100    (-,-) 
  i_mul_24/count_reg[1]/Q                   -       CK->Q F     DFFHQX4        1  4.3    44   235     335    (-,-) 
  i_mul_24/fopt6478/Y                       -       A->Y  F     CLKBUFX16     10 35.8    84   116     451    (-,-) 
  i_mul_24/g6165__5122/Y                    -       S0->Y F     MXI2X2         2  7.2   106   258     709    (-,-) 
  i_mul_24/mul_197_52_g695/Y                -       A->Y  R     CLKINVX4       3 10.2    75    86     795    (-,-) 
  i_mul_24/mul_197_52_g694/Y                -       A->Y  F     INVX3          4 11.2   114   100     894    (-,-) 
  i_mul_24/mul_197_52_g665/Y                -       A->Y  R     NAND2X8        2  6.4    50    74     969    (-,-) 
  i_mul_24/mul_197_52_g645/Y                -       A->Y  F     NOR2X4         2  5.5    60    63    1032    (-,-) 
  i_mul_24/mul_197_52_g708/Y                -       B0->Y R     AOI21X1        1  4.1   215   164    1196    (-,-) 
  i_mul_24/mul_197_52_cdnfadd_004_1__6260/S -       A->S  F     ADDFHX2        2  6.5   122   456    1653    (-,-) 
  i_mul_24/mul_197_52_g631/Y                -       B->Y  F     OR2X6          2  6.8    61   177    1830    (-,-) 
  i_mul_24/mul_197_52_g624/Y                -       B->Y  R     NAND2X6        2  6.4    55    51    1880    (-,-) 
  i_mul_24/mul_197_52_g615__6131/Y          -       A->Y  F     NOR2X4         1  5.8    64    67    1947    (-,-) 
  i_mul_24/mul_197_52_g613__8246/Y          -       C->Y  R     NOR3X8         2  7.6   113    96    2043    (-,-) 
  i_mul_24/fopt6474/Y                       -       A->Y  R     BUFX6          2  8.0    45   127    2170    (-,-) 
  i_mul_24/fopt6473/Y                       -       A->Y  F     CLKINVX8       1  4.4    32    40    2210    (-,-) 
  i_mul_24/mul_197_52_g589__7410/Y          -       A1->Y R     AOI21X4        1  3.3    74    69    2279    (-,-) 
  i_mul_24/mul_197_52_g706/Y                -       B->Y  R     XOR2X2         4  8.8   124   248    2526    (-,-) 
  i_mul_24/prod2_reg[3][3][7]/D             <<<     -     R     EDFFHQX1       4    -     -     0    2526    (-,-) 
#------------------------------------------------------------------------------------------------------------------

