============================================================
  Generated by:           Genus(TM) Synthesis Solution 21.19-s055_1
  Generated on:           May 26 2026  08:22:17 am
  Module:                 multiplier32FP
  Operating conditions:   PVT_0P9V_125C 
  Operating conditions:   PVT_1P32V_0C 
  Interconnect mode:      global
  Area mode:              physical library
============================================================

                                                Library 
   Gate     Instances    Area        Library     Domain 
--------------------------------------------------------
ACHCONX2            1     12.654    slow_vdd1v0   worst 
ADDFHX1            18    135.432    slow_vdd1v0   worst 
ADDFHX2            52    426.816    slow_vdd1v0   worst 
ADDFHX4             2     19.152    slow_vdd1v0   worst 
ADDFX1             33    169.290    slow_vdd1v0   worst 
ADDHX1             20     75.240    slow_vdd1v0   worst 
ADDHX2              1      5.130    slow_vdd1v0   worst 
AND2X1            228    311.904    slow_vdd1v0   worst 
AND2X2             23     39.330    slow_vdd1v0   worst 
AND2X4             19     51.984    slow_vdd1v0   worst 
AND2X6             10     37.620    slow_vdd1v0   worst 
AND2X8              1      4.446    slow_vdd1v0   worst 
AND3X1              4      9.576    slow_vdd1v0   worst 
AND3X4              1      3.078    slow_vdd1v0   worst 
AND3X6              1      4.446    slow_vdd1v0   worst 
AND3XL             16     32.832    slow_vdd1v0   worst 
AND4X1              7     16.758    slow_vdd1v0   worst 
AND4X6              1      5.814    slow_vdd1v0   worst 
AO21X1             47    112.518    slow_vdd1v0   worst 
AO21X2              1      2.736    slow_vdd1v0   worst 
AO21X4              1      3.420    slow_vdd1v0   worst 
AO22X1             73    199.728    slow_vdd1v0   worst 
AOI211X1            3      7.182    slow_vdd1v0   worst 
AOI211X2           10     34.200    slow_vdd1v0   worst 
AOI211X4            2     12.996    slow_vdd1v0   worst 
AOI21X1           132    225.720    slow_vdd1v0   worst 
AOI21X2            27     73.872    slow_vdd1v0   worst 
AOI21X4            50    256.500    slow_vdd1v0   worst 
AOI221X2           17     75.582    slow_vdd1v0   worst 
AOI221X4            2     15.732    slow_vdd1v0   worst 
AOI222X4            2     19.152    slow_vdd1v0   worst 
AOI22X1            75    153.900    slow_vdd1v0   worst 
AOI22X2            16     60.192    slow_vdd1v0   worst 
AOI22X4             8     49.248    slow_vdd1v0   worst 
AOI2BB1X1          34     69.768    slow_vdd1v0   worst 
AOI2BB1X2          11     33.858    slow_vdd1v0   worst 
AOI2BB1X4          17     69.768    slow_vdd1v0   worst 
AOI2BB2X2           1      5.130    slow_vdd1v0   worst 
AOI2BB2X4           4     30.096    slow_vdd1v0   worst 
AOI31X2            15     51.300    slow_vdd1v0   worst 
AOI31X4             2     12.996    slow_vdd1v0   worst 
AOI32X2             1      4.446    slow_vdd1v0   worst 
AOI32X4             1      7.866    slow_vdd1v0   worst 
BUFX12              2     10.260    slow_vdd1v0   worst 
BUFX2               2      3.420    slow_vdd1v0   worst 
BUFX3               7     14.364    slow_vdd1v0   worst 
BUFX6              58    178.524    slow_vdd1v0   worst 
BUFX8              37    139.194    slow_vdd1v0   worst 
CLKAND2X12         13     97.812    slow_vdd1v0   worst 
CLKAND2X2          32     65.664    slow_vdd1v0   worst 
CLKAND2X3          41    126.198    slow_vdd1v0   worst 
CLKAND2X4           1      3.420    slow_vdd1v0   worst 
CLKAND2X6          25    119.700    slow_vdd1v0   worst 
CLKAND2X8           5     29.070    slow_vdd1v0   worst 
CLKBUFX12           2     10.260    slow_vdd1v0   worst 
CLKBUFX16           2     13.680    slow_vdd1v0   worst 
CLKBUFX6            2      6.156    slow_vdd1v0   worst 
CLKINVX12          21     86.184    slow_vdd1v0   worst 
CLKINVX16           5     27.360    slow_vdd1v0   worst 
CLKINVX2            5      6.840    slow_vdd1v0   worst 
CLKINVX20           3     19.494    slow_vdd1v0   worst 
CLKINVX3            5      8.550    slow_vdd1v0   worst 
CLKINVX4           67    114.570    slow_vdd1v0   worst 
CLKINVX6           58    138.852    slow_vdd1v0   worst 
CLKINVX8           32     98.496    slow_vdd1v0   worst 
CLKMX2X3           12     49.248    slow_vdd1v0   worst 
CLKXOR2X1          16     43.776    slow_vdd1v0   worst 
DFFHQX1           190   1039.680    slow_vdd1v0   worst 
DFFHQX2             4     27.360    slow_vdd1v0   worst 
DFFHQX4             9     73.872    slow_vdd1v0   worst 
DFFHQX8            10     92.340    slow_vdd1v0   worst 
DFFQX2             30    194.940    slow_vdd1v0   worst 
DFFQX4              6     43.092    slow_vdd1v0   worst 
DFFQXL             13     71.136    slow_vdd1v0   worst 
DFFRHQX1           39    240.084    slow_vdd1v0   worst 
DFFRHQX4            1      9.576    slow_vdd1v0   worst 
DFFRX1              1      6.840    slow_vdd1v0   worst 
DFFRX2              3     22.572    slow_vdd1v0   worst 
DFFX1              16    114.912    slow_vdd1v0   worst 
DFFX2              26    213.408    slow_vdd1v0   worst 
DFFX4              19    175.446    slow_vdd1v0   worst 
EDFFHQX1          272   2325.600    slow_vdd1v0   worst 
INVX1             189    129.276    slow_vdd1v0   worst 
INVX16              1      5.472    slow_vdd1v0   worst 
INVX2              83     85.158    slow_vdd1v0   worst 
INVX3              26     35.568    slow_vdd1v0   worst 
INVX6               3      7.182    slow_vdd1v0   worst 
MDFFHQX1           10     85.500    slow_vdd1v0   worst 
MDFFHQX4            7     64.638    slow_vdd1v0   worst 
MX2X1              48    114.912    slow_vdd1v0   worst 
MXI2X1              1      2.736    slow_vdd1v0   worst 
MXI2X2              4     17.784    slow_vdd1v0   worst 
MXI2X4              6     30.780    slow_vdd1v0   worst 
MXI2X6              2     10.260    slow_vdd1v0   worst 
NAND2BX1           23     31.464    slow_vdd1v0   worst 
NAND2BX2           15     35.910    slow_vdd1v0   worst 
NAND2BX4            4     15.048    slow_vdd1v0   worst 
NAND2X1           100    102.600    slow_vdd1v0   worst 
NAND2X2           110    188.100    slow_vdd1v0   worst 
NAND2X4            70    239.400    slow_vdd1v0   worst 
NAND2X6            20     95.760    slow_vdd1v0   worst 
NAND2X8            11     60.192    slow_vdd1v0   worst 
NAND3BX2            2      6.156    slow_vdd1v0   worst 
NAND3BX4            1      5.130    slow_vdd1v0   worst 
NAND3X2             8     21.888    slow_vdd1v0   worst 
NAND3X4             3     14.364    slow_vdd1v0   worst 
NAND3X6             1      7.182    slow_vdd1v0   worst 
NAND4X4             1      6.840    slow_vdd1v0   worst 
NAND4X6             6     51.300    slow_vdd1v0   worst 
NAND4X8             2     20.520    slow_vdd1v0   worst 
NOR2BX1            76    103.968    slow_vdd1v0   worst 
NOR2BX2            22     60.192    slow_vdd1v0   worst 
NOR2BX4            15     56.430    slow_vdd1v0   worst 
NOR2X1            136    139.536    slow_vdd1v0   worst 
NOR2X2             95    162.450    slow_vdd1v0   worst 
NOR2X4            108    332.424    slow_vdd1v0   worst 
NOR2X6             41    168.264    slow_vdd1v0   worst 
NOR2X8             31    169.632    slow_vdd1v0   worst 
NOR3BX1             1      2.052    slow_vdd1v0   worst 
NOR3BX2             2      6.840    slow_vdd1v0   worst 
NOR3X1              5      8.550    slow_vdd1v0   worst 
NOR3X2              2      5.472    slow_vdd1v0   worst 
NOR3X4              2     10.260    slow_vdd1v0   worst 
NOR3X6              2     14.364    slow_vdd1v0   worst 
NOR3X8              4     35.568    slow_vdd1v0   worst 
NOR4X2             10     34.200    slow_vdd1v0   worst 
NOR4X4              1      6.498    slow_vdd1v0   worst 
OA21X1             96    196.992    slow_vdd1v0   worst 
OA21X2              2      6.156    slow_vdd1v0   worst 
OA21X4              2      7.524    slow_vdd1v0   worst 
OA22X1            177    423.738    slow_vdd1v0   worst 
OA22X2              1      3.420    slow_vdd1v0   worst 
OAI211X2            3     12.312    slow_vdd1v0   worst 
OAI211X4            1      6.498    slow_vdd1v0   worst 
OAI21X1            83    141.930    slow_vdd1v0   worst 
OAI21X2            36    110.808    slow_vdd1v0   worst 
OAI21X4            31    148.428    slow_vdd1v0   worst 
OAI221X2            3     14.364    slow_vdd1v0   worst 
OAI22X1            86    176.472    slow_vdd1v0   worst 
OAI22X2             5     17.100    slow_vdd1v0   worst 
OAI22X4             4     25.992    slow_vdd1v0   worst 
OAI2BB1X1         142    242.820    slow_vdd1v0   worst 
OAI2BB1X2          11     33.858    slow_vdd1v0   worst 
OAI31X1             5     10.260    slow_vdd1v0   worst 
OAI31X2             8     30.096    slow_vdd1v0   worst 
OAI32X2             1      4.446    slow_vdd1v0   worst 
OR2X1             146    199.728    slow_vdd1v0   worst 
OR2X2              30     51.300    slow_vdd1v0   worst 
OR2X4              13     35.568    slow_vdd1v0   worst 
OR2X6              16     60.192    slow_vdd1v0   worst 
OR2X8               6     26.676    slow_vdd1v0   worst 
OR3X1              43     88.236    slow_vdd1v0   worst 
OR3X2               1      2.394    slow_vdd1v0   worst 
OR3X4               2      6.156    slow_vdd1v0   worst 
OR4X1              43     88.236    slow_vdd1v0   worst 
OR4X2               1      3.420    slow_vdd1v0   worst 
OR4X4               1      3.762    slow_vdd1v0   worst 
XNOR2X1            57    136.458    slow_vdd1v0   worst 
XNOR2X2             5     15.390    slow_vdd1v0   worst 
XOR2X2              6     20.520    slow_vdd1v0   worst 
--------------------------------------------------------
total            4459  14170.428                


                                          
     Type      Instances    Area   Area % 
------------------------------------------
sequential           656  4800.996   33.9 
inverter             498   763.002    5.4 
buffer               112   375.858    2.7 
logic               3193  8230.572   58.1 
physical_cells         0     0.000    0.0 
------------------------------------------
total               4459 14170.428  100.0 

