============================================================
  Generated by:           Genus(TM) Synthesis Solution 21.19-s055_1
  Generated on:           May 25 2026  07:38:06 am
  Module:                 multiplier32FP
  Library domain:         worst
    Domain index:         0
    Technology library:   slow_vdd1v0 1.0
  Library domain:         best
    Domain index:         1
    Technology library:   fast_vdd1v2 1.0
  Operating conditions:   PVT_0P9V_125C 
  Operating conditions:   PVT_1P32V_0C 
  Interconnect mode:      global
  Area mode:              physical library
============================================================

     Instance         Module     Cell Count  Normalized Cell Area  Normalized Net Area   Normalized Total Area 
---------------------------------------------------------------------------------------------------------------
multiplier32FP                         4226             12885.667             5157.335               18043.002 
  i_mul_24        mul_24               1453              6098.667             1649.362                7748.028 
  i_post_norm_mul post_norm_mul        2495              5934.667             3077.489                9012.155 
  i_pre_norm_mul  pre_norm_mul           64               216.333               51.831                 268.164 
  u_fsm           fpu_fsm                34               109.333               36.196                 145.530 
