============================================================
  Generated by:           Genus(TM) Synthesis Solution 21.19-s055_1
  Generated on:           May 25 2026  07:38:06 am
  Module:                 multiplier32FP
  Library domain:         worst
    Domain index:         0
    Technology library:   slow_vdd1v0 1.0
  Library domain:         best
    Domain index:         1
    Technology library:   fast_vdd1v2 1.0
  Operating conditions:   PVT_0P9V_125C 
  Operating conditions:   PVT_1P32V_0C 
  Interconnect mode:      global
  Area mode:              physical library
============================================================

Max_transition design rule (violation total = 55)
Pin                                   Slew           Max     Violation
------------------------------------------------------------------------
i_post_norm_mul/g89483/A               304           280            24
  --> Other violations on net                  24
i_post_norm_mul/g89615/Y               304           280            24
  --> Other violations on net                  24
i_post_norm_mul/g89287/A1              282           280             2
  --> Other violations on net                  4
i_post_norm_mul/g89294/C0              282           280             2
  --> Other violations on net                  4
i_post_norm_mul/g89355/Y               282           280             2
  --> Other violations on net                  4


Max_capacitance design rule: no violations.


Max_fanout design rule: no constraints.



