============================================================
  Generated by:           Genus(TM) Synthesis Solution 21.19-s055_1
  Generated on:           May 25 2026  07:38:06 am
  Module:                 multiplier32FP
  Library domain:         worst
    Domain index:         0
    Technology library:   slow_vdd1v0 1.0
  Library domain:         best
    Domain index:         1
    Technology library:   fast_vdd1v2 1.0
  Operating conditions:   PVT_0P9V_125C 
  Operating conditions:   PVT_1P32V_0C 
  Interconnect mode:      global
  Area mode:              physical library
============================================================

     Instance         Module     Cell Count  Cell Area  Net Area   Total Area 
------------------------------------------------------------------------------
multiplier32FP                         4226  13220.694  5291.426    18512.120 
  i_mul_24        mul_24               1453   6257.232  1692.245     7949.477 
  i_post_norm_mul post_norm_mul        2495   6088.968  3157.503     9246.471 
  i_pre_norm_mul  pre_norm_mul           64    221.958    53.178      275.136 
  u_fsm           fpu_fsm                34    112.176    37.137      149.313 
