###############################################################
#  Generated by:      Cadence Innovus 25.13-s088_1
#  OS:                Linux x86_64(Host ID ecomp)
#  Generated on:      Fri Jun 12 10:24:40 2026
#  Design:            multiplier32FP
#  Command:           report_timing > ${OUT_RPT}/hold_timing.rpt 
###############################################################
Path 1: MET (0.065 ns) Hold Check with Pin i_post_norm_mul/s_exp_10_i_reg[7]/CK->D
               View: analysis_normal_fast_min
              Group: clk
         Startpoint: (R) i_pre_norm_mul/exp_10_o_reg[7]/CK
              Clock: (R) clk
           Endpoint: (F) i_post_norm_mul/s_exp_10_i_reg[7]/D
              Clock: (R) clk

                       Capture       Launch
         Clock Edge:+    0.000        0.000
        Src Latency:+    0.000        0.066
        Net Latency:+    0.034 (P)    0.034 (P)
            Arrival:=    0.034        0.100

               Hold:+   -0.001
        Uncertainty:+    0.050
      Required Time:=    0.083
       Launch Clock:=    0.100
          Data Path:+    0.048
              Slack:=    0.065

#---------------------------------------------------------------------------------------------------
# Timing Point                         Flags  Arc    Edge  Cell       Fanout  Trans   Delay  Arrival  
#                                                                              (ns)    (ns)     (ns)  
#---------------------------------------------------------------------------------------------------
  i_pre_norm_mul/exp_10_o_reg[7]/CK    -      CK     R     (arrival)      81  0.032       -    0.100  
  i_pre_norm_mul/exp_10_o_reg[7]/Q     -      CK->Q  F     DFFQXL          1  0.032   0.048    0.148  
  i_post_norm_mul/s_exp_10_i_reg[7]/D  -      D      F     DFFX1           1  0.025   0.000    0.148  
#---------------------------------------------------------------------------------------------------

