###############################################################
#  Generated by:      Cadence Innovus 25.13-s088_1
#  OS:                Linux x86_64(Host ID ecomp)
#  Generated on:      Fri Jun 12 10:25:14 2026
#  Design:            multiplier32FP
#  Command:           report_gates -out_file /home/ufsm00051/filipe.eismann/projetos/Multiplier32FP/backend/layout/reports/multiplier32FP_worst_368_0/multiplier32FP_gates_layout.rpt
###############################################################
Library cell information:
 ----------------------------------------
| Cell       |  Instance  |  Area(um^2)  |
|----------------------------------------|
| ADDFX1     |        106 |      543.780 | 
| ADDHX1     |         21 |       79.002 | 
| AND2X1     |        327 |      447.336 | 
| AND2X2     |         10 |       17.100 | 
| AND2X4     |          3 |        8.208 | 
| AND2X6     |          3 |       11.286 | 
| AND2XL     |          1 |        1.368 | 
| AND3X2     |          2 |        5.472 | 
| AND3X4     |          1 |        3.078 | 
| AND3XL     |         17 |       34.884 | 
| AND4X1     |         11 |       26.334 | 
| AND4X4     |          1 |        3.762 | 
| AO21X1     |         43 |      102.942 | 
| AO22X1     |         63 |      172.368 | 
| AOI211X1   |          1 |        2.394 | 
| AOI211X2   |          1 |        3.420 | 
| AOI211XL   |         13 |       26.676 | 
| AOI21X1    |        231 |      395.010 | 
| AOI21X2    |          8 |       21.888 | 
| AOI221X1   |         17 |       40.698 | 
| AOI221X2   |          1 |        4.446 | 
| AOI221X4   |          1 |        7.866 | 
| AOI222X1   |          2 |        6.156 | 
| AOI222X2   |          1 |        5.472 | 
| AOI22X1    |         94 |      192.888 | 
| AOI22X2    |          1 |        3.762 | 
| AOI2BB1X1  |         45 |       92.340 | 
| AOI2BB1X2  |          1 |        3.078 | 
| AOI2BB2X1  |          1 |        3.420 | 
| AOI31X1    |         10 |       20.520 | 
| AOI31X2    |          2 |        6.840 | 
| AOI32X1    |          1 |        2.394 | 
| BUFX2      |         75 |      128.250 | 
| BUFX3      |          2 |        4.104 | 
| CLKAND2X12 |          4 |       30.096 | 
| CLKAND2X3  |          1 |        3.078 | 
| CLKAND2X6  |          1 |        4.788 | 
| CLKBUFX12  |          8 |       41.040 | 
| CLKBUFX2   |         46 |       78.660 | 
| CLKBUFX6   |         22 |       67.716 | 
| CLKBUFX8   |          1 |        3.762 | 
| CLKINVX6   |         10 |       23.940 | 
| CLKINVX8   |          5 |       15.390 | 
| CLKMX2X2   |          2 |        6.156 | 
| CLKXOR2X1  |         30 |       82.080 | 
| CLKXOR2X2  |          1 |        3.420 | 
| DFFHQX1    |        208 |     1138.176 | 
| DFFHQX8    |          2 |       18.468 | 
| DFFQX2     |          5 |       32.490 | 
| DFFQX4     |          4 |       28.728 | 
| DFFQXL     |          5 |       27.360 | 
| DFFRHQX1   |         40 |      246.240 | 
| DFFRX1     |          6 |       41.040 | 
| DFFX1      |         83 |      596.106 | 
| DFFX2      |         13 |      106.704 | 
| DFFX4      |          1 |        9.234 | 
| EDFFHQX1   |        277 |     2368.350 | 
| FILL1      |       2046 |      699.732 | 
| FILL16     |        151 |      826.272 | 
| FILL2      |       1916 |     1310.544 | 
| FILL32     |         73 |      798.912 | 
| FILL4      |        933 |     1276.344 | 
| FILL64     |        146 |     3195.648 | 
| FILL8      |        335 |      916.560 | 
| INVX1      |        393 |      268.812 | 
| INVX2      |         23 |       23.598 | 
| INVX3      |          1 |        1.368 | 
| INVXL      |         40 |       27.360 | 
| MDFFHQX1   |         12 |      102.600 | 
| MX2X1      |        114 |      272.916 | 
| MXI2X1     |          3 |        8.208 | 
| MXI2X2     |         13 |       57.798 | 
| MXI2XL     |         11 |       26.334 | 
| NAND2BX1   |         48 |       65.664 | 
| NAND2BX2   |          1 |        2.394 | 
| NAND2X1    |        255 |      261.630 | 
| NAND2X2    |          9 |       15.390 | 
| NAND2X4    |          1 |        3.420 | 
| NAND3BX1   |          1 |        2.052 | 
| NAND3BXL   |          4 |        6.840 | 
| NAND3X1    |         10 |       17.100 | 
| NAND4XL    |          2 |        3.420 | 
| NOR2BX1    |         97 |      132.696 | 
| NOR2BX2    |          2 |        5.472 | 
| NOR2X1     |        403 |      413.478 | 
| NOR2X2     |         24 |       41.040 | 
| NOR2X4     |          3 |        9.234 | 
| NOR2XL     |          1 |        1.026 | 
| NOR3BX1    |          9 |       18.468 | 
| NOR3X1     |         12 |       20.520 | 
| NOR3X2     |          4 |       10.944 | 
| NOR3X4     |          1 |        5.130 | 
| NOR4X1     |          8 |       13.680 | 
| NOR4X2     |          1 |        3.420 | 
| OA21X1     |         77 |      158.004 | 
| OA22X1     |        150 |      359.100 | 
| OAI211X1   |          1 |        1.710 | 
| OAI21X1    |        145 |      247.950 | 
| OAI21X2    |          5 |       15.390 | 
| OAI221X1   |          3 |        7.182 | 
| OAI221X2   |          1 |        4.788 | 
| OAI22X1    |         64 |      131.328 | 
| OAI22XL    |          1 |        2.052 | 
| OAI2BB1X1  |        172 |      294.120 | 
| OAI2BB1X2  |          1 |        3.078 | 
| OAI2BB2X1  |          1 |        4.104 | 
| OAI31X1    |          9 |       18.468 | 
| OAI32X1    |          2 |        4.788 | 
| OAI32X4    |          1 |        8.208 | 
| OR2X1      |        191 |      261.288 | 
| OR2X2      |          3 |        5.130 | 
| OR3X1      |         51 |      104.652 | 
| OR4X1      |         37 |       75.924 | 
| OR4X2      |          4 |       13.680 | 
| XNOR2X1    |         57 |      136.458 | 
| XNOR2X2    |          7 |       21.546 | 
| XNOR3XL    |          1 |        7.524 | 
|----------------------------------------|
| Total      |       9982 |    20154.060 |
 ----------------------------------------
Library cell type information:
 -------------------------------------------------------
| Cell Type        |   Instance   |        Area         |
|                  |              |       um^2  |   %   |
|-------------------------------------------------------|
| Buffer           |          154 |     323.532 |   1.6 | 
| Inverter         |          472 |     360.468 |   1.8 | 
| Combinational    |         3100 |    5730.552 |  28.4 | 
| Flop             |          656 |    4715.496 |  23.4 | 
| Multi-Bit Flop   |            0 |       0.000 |   0.0 | 
| Latch            |            0 |       0.000 |   0.0 | 
| Clock Gater      |            0 |       0.000 |   0.0 | 
| Macro            |            0 |       0.000 |   0.0 | 
| Physical Cell    |         5600 |    9024.012 |  44.8 | 
|-------------------------------------------------------|
| Total            |         9982 |   20154.060 | 100.0 | 
 -------------------------------------------------------
