###############################################################
#  Generated by:      Cadence Innovus 25.13-s088_1
#  OS:                Linux x86_64(Host ID ecomp)
#  Generated on:      Fri Jun 12 10:24:35 2026
#  Design:            multiplier32FP
#  Command:           report_timing > ${OUT_RPT}/setup_timing.rpt 
###############################################################
Path 1: MET (0.010 ns) Setup Check with Pin i_mul_24/prod2_reg[0][3][10]/CK->D
               View: analysis_normal_slow_max
              Group: clk
         Startpoint: (R) i_mul_24/count_reg[1]/CK
              Clock: (R) clk
           Endpoint: (R) i_mul_24/prod2_reg[0][3][10]/D
              Clock: (R) clk

                       Capture       Launch
         Clock Edge:+    2.717        0.000
        Src Latency:+    0.000       -0.016
        Net Latency:+    0.120 (P)    0.123 (P)
            Arrival:=    2.837        0.107

              Setup:-    0.221
        Uncertainty:-    0.050
      Required Time:=    2.566
       Launch Clock:=    0.107
          Data Path:+    2.450
              Slack:=    0.010

#---------------------------------------------------------------------------------------------------------
# Timing Point                               Flags  Arc    Edge  Cell       Fanout  Trans   Delay  Arrival  
#                                                                                    (ns)    (ns)     (ns)  
#---------------------------------------------------------------------------------------------------------
  i_mul_24/count_reg[1]/CK                   -      CK     R     (arrival)      92  0.107       -    0.107  
  i_mul_24/count_reg[1]/Q                    -      CK->Q  R     DFFQX4         13  0.107   0.312    0.419  
  i_mul_24/FE_OFC494_count_1/Y               -      A->Y   F     INVX2           9  0.111   0.110    0.529  
  i_mul_24/g6243__5115/Y                     -      B->Y   R     NOR2X1          1  0.101   0.097    0.626  
  i_mul_24/g6184__7098/Y                     -      B0->Y  F     AOI21X1         2  0.097   0.083    0.710  
  i_mul_24/FE_OFC420_n_157/Y                 -      A->Y   R     INVX1           8  0.115   0.143    0.852  
  i_mul_24/FE_OFC422_n_157/Y                 -      A->Y   F     INVX1           3  0.151   0.127    0.980  
  i_mul_24/mul_197_52_g666__4733/Y           -      B->Y   R     NOR2X1          2  0.086   0.094    1.074  
  i_mul_24/mul_197_52_g709/Y                 -      B->Y   R     AND2X1          2  0.081   0.172    1.246  
  i_mul_24/mul_197_52_g639__2346/Y           -      B->Y   F     NOR2X1          1  0.052   0.055    1.301  
  i_mul_24/mul_197_52_cdnfadd_006_1__1666/S  -      B->S   R     ADDFX1          1  0.050   0.301    1.602  
  i_mul_24/mul_197_52_cdnfadd_006_2__7410/S  -      CI->S  R     ADDFX1          2  0.046   0.268    1.871  
  i_mul_24/mul_197_52_g601__9945/Y           -      B->Y   R     OR2X1           3  0.052   0.094    1.965  
  i_mul_24/mul_197_52_g591__5115/Y           -      A->Y   F     NAND2X1         1  0.045   0.086    2.050  
  i_mul_24/mul_197_52_g587__8246/Y           -      A->Y   R     NOR2X2          1  0.079   0.096    2.146  
  i_mul_24/mul_197_52_g585__1705/Y           -      B->Y   F     NOR2X4          3  0.079   0.063    2.209  
  i_mul_24/mul_197_52_g583__2802/Y           -      B->Y   R     NOR2X2          1  0.059   0.064    2.273  
  i_mul_24/mul_197_52_g581__1617/Y           -      B->Y   F     NOR2X2          2  0.056   0.053    2.327  
  i_mul_24/FE_RC_10_0/Y                      -      B->Y   R     XNOR2X1         4  0.054   0.230    2.557  
  i_mul_24/prod2_reg[0][3][10]/D             -      D      R     EDFFHQX1        4  0.133   0.000    2.557  
#---------------------------------------------------------------------------------------------------------

