============================================================
  Generated by:           Genus(TM) Synthesis Solution 21.19-s055_1
  Generated on:           May 26 2026  07:56:45 am
  Module:                 multiplier32FP
  Operating conditions:   PVT_0P9V_125C 
  Operating conditions:   PVT_1P32V_0C 
  Interconnect mode:      global
  Area mode:              physical library
============================================================

Timing
--------

Clock Period 
-------------
clk   2740.0 


  Cost    Critical         Violating 
 Group   Path Slack  TNS     Paths   
-------------------------------------
clk             0.4   0.0          0 
default    No paths   0.0            
-------------------------------------
Total                 0.0          0 

Instance Count
--------------
Leaf Instance Count             4426 
Physical Instance count            0 
Sequential Instance Count        656 
Combinational Instance Count    3770 
Hierarchical Instance Count        4 

Area
----
Cell Area                          14055.858
Physical Cell Area                 0.000
Total Cell Area (Cell+Physical)    14055.858
Net Area                           5436.061
Total Area (Cell+Physical+Net)     19491.919

Max Fanout                         656 (clk)
Min Fanout                         0 (n_142)
Average Fanout                     2.4
Terms to net ratio                 3.3432
Terms to instance ratio            3.4867
Runtime                            746.7771209999999 seconds
Elapsed Runtime                    765 seconds
Genus peak memory usage            2176.90 
Innovus peak memory usage          no_value 
Hostname                           localhost
