============================================================
  Generated by:           Genus(TM) Synthesis Solution 21.19-s055_1
  Generated on:           May 26 2026  07:56:45 am
  Module:                 multiplier32FP
  Library domain:         worst
    Domain index:         0
    Technology library:   slow_vdd1v0 1.0
  Library domain:         best
    Domain index:         1
    Technology library:   fast_vdd1v2 1.0
  Operating conditions:   PVT_0P9V_125C 
  Operating conditions:   PVT_1P32V_0C 
  Interconnect mode:      global
  Area mode:              physical library
============================================================

     Instance         Module     Cell Count  Normalized Cell Area  Normalized Net Area   Normalized Total Area 
---------------------------------------------------------------------------------------------------------------
multiplier32FP                         4426             13699.667             5298.305               18997.972 
  i_mul_24        mul_24               1554              6602.667             1733.981                8336.647 
  i_post_norm_mul post_norm_mul        2580              6212.333             3122.002                9334.336 
  i_pre_norm_mul  pre_norm_mul           76               232.000               61.167                 293.167 
  u_fsm           fpu_fsm                34               109.333               36.196                 145.530 
