============================================================
  Generated by:           Genus(TM) Synthesis Solution 21.19-s055_1
  Generated on:           May 26 2026  07:56:45 am
  Module:                 multiplier32FP
  Operating conditions:   PVT_0P9V_125C 
  Operating conditions:   PVT_1P32V_0C 
  Interconnect mode:      global
  Area mode:              physical library
============================================================


Path 1: MET (0 ps) Setup Check with Pin i_mul_24/prod2_reg[3][3][10]/CK->D1
          Group: clk
     Startpoint: (R) i_mul_24/count_reg[1]/CK
          Clock: (R) clk
       Endpoint: (R) i_mul_24/prod2_reg[3][3][10]/D1
          Clock: (R) clk

                     Capture       Launch     
        Clock Edge:+    2740            0     
       Src Latency:+       0            0     
       Net Latency:+     100 (I)      100 (I) 
           Arrival:=    2840          100     
                                              
             Setup:-     239                  
       Uncertainty:-      50                  
     Required Time:=    2551                  
      Launch Clock:-     100                  
         Data Path:-    2451                  
             Slack:=       0                  

#------------------------------------------------------------------------------------------------------------------
#               Timing Point                Flags   Arc   Edge   Cell     Fanout Load Trans Delay Arrival Instance 
#                                                                                (fF)  (ps)  (ps)   (ps)  Location 
#------------------------------------------------------------------------------------------------------------------
  i_mul_24/count_reg[1]/CK                  -       -     R     (arrival)    656    -     0     0     100    (-,-) 
  i_mul_24/count_reg[1]/Q                   -       CK->Q R     DFFHQX4        1  7.8    55   219     319    (-,-) 
  i_mul_24/fopt6333/Y                       -       A->Y  F     CLKINVX12      2 13.0    50    52     371    (-,-) 
  i_mul_24/fopt6332/Y                       -       A->Y  R     CLKINVX12      6 20.5    52    52     423    (-,-) 
  i_mul_24/fopt6329/Y                       -       A->Y  F     CLKINVX4       1  4.3    44    51     474    (-,-) 
  i_mul_24/g6167__5477/Y                    -       B->Y  R     NOR2X4         1  4.5    78    67     542    (-,-) 
  i_mul_24/g6116__2802/Y                    -       B0->Y F     AOI21X4        1  5.1   122    69     610    (-,-) 
  i_mul_24/g6070/Y                          -       A->Y  R     CLKINVX6       4 14.4    76    89     699    (-,-) 
  i_mul_24/mul_197_52_g705/Y                -       A->Y  F     INVX3          2  8.0    87    86     785    (-,-) 
  i_mul_24/mul_197_52_g704/Y                -       A->Y  R     CLKINVX4       4 11.0    76    80     865    (-,-) 
  i_mul_24/mul_197_52_g680__5122/Y          -       B->Y  F     NAND2X8        2  7.3    95    93     958    (-,-) 
  i_mul_24/mul_197_52_g656__2883/Y          -       A->Y  R     NOR2X6         2  6.0    76    97    1055    (-,-) 
  i_mul_24/mul_197_52_cdnfadd_005_1__7482/S -       CI->S R     ADDFHX1        1  3.7   100   283    1338    (-,-) 
  i_mul_24/mul_197_52_cdnfadd_005_2__4733/S -       CI->S F     ADDFHX2        2  7.8   137   372    1710    (-,-) 
  i_mul_24/mul_197_52_g629__5107/Y          -       B->Y  F     CLKAND2X3      2  7.6    82   165    1875    (-,-) 
  i_mul_24/mul_197_52_g624__1666/Y          -       A->Y  R     NOR3X8         2  8.4   119   143    2018    (-,-) 
  i_mul_24/mul_197_52_g598__3680/Y          -       B->Y  F     NOR2X8         1  5.8    53    78    2096    (-,-) 
  i_mul_24/mul_197_52_g596__5526/Y          -       B->Y  R     NOR2X8         3 10.8    89    76    2173    (-,-) 
  i_mul_24/mul_197_52_g594__8428/Y          -       B->Y  F     NOR2X8         1  5.8    50    64    2237    (-,-) 
  i_mul_24/mul_197_52_g592__4319/Y          -       B->Y  R     NOR2X8         2  6.6    72    62    2299    (-,-) 
  i_mul_24/mul_197_52_g720/Y                -       B->Y  R     XNOR2X4        4  8.8   103   252    2551    (-,-) 
  i_mul_24/prod2_reg[3][3][10]/D1           <<<     -     R     MDFFHQX1       4    -     -     0    2551    (-,-) 
#------------------------------------------------------------------------------------------------------------------

