============================================================
  Generated by:           Genus(TM) Synthesis Solution 21.19-s055_1
  Generated on:           May 26 2026  07:56:45 am
  Module:                 multiplier32FP
  Library domain:         worst
    Domain index:         0
    Technology library:   slow_vdd1v0 1.0
  Library domain:         best
    Domain index:         1
    Technology library:   fast_vdd1v2 1.0
  Operating conditions:   PVT_0P9V_125C 
  Operating conditions:   PVT_1P32V_0C 
  Interconnect mode:      global
  Area mode:              physical library
============================================================

Max_transition design rule (violation total = 815)
Pin                                          Slew           Max     Violation
-------------------------------------------------------------------------------
i_mul_24/mul_196_46_g639__5122/A              524           280           244
  --> Other violations on net                         489
i_mul_24/mul_196_46_g640__8246/A              524           280           244
  --> Other violations on net                         489
i_mul_24/mul_196_46_g699__2398/Y              524           280           244
  --> Other violations on net                         489
i_post_norm_mul/g108498/B                     302           280            22
  --> Other violations on net                         44
i_post_norm_mul/g108094/B0                    302           280            22
  --> Other violations on net                         44
i_post_norm_mul/g108568/Y                     302           280            22
  --> Other violations on net                         44
i_post_norm_mul/g107195/B0                    286           280             6
  --> Other violations on net                         6
i_post_norm_mul/g107460/Y                     286           280             6
  --> Other violations on net                         6
i_mul_24/mul_196_46_g634__3680/B              281           280             1
  --> Other violations on net                         2
i_mul_24/mul_196_46_g638/A                    281           280             1
  --> Other violations on net                         2
i_mul_24/mul_196_46_g639__5122/Y              281           280             1
  --> Other violations on net                         2


Max_capacitance design rule: no violations.


Max_fanout design rule: no constraints.



