============================================================
  Generated by:           Genus(TM) Synthesis Solution 21.19-s055_1
  Generated on:           May 26 2026  07:56:45 am
  Module:                 multiplier32FP
  Operating conditions:   PVT_0P9V_125C 
  Operating conditions:   PVT_1P32V_0C 
  Interconnect mode:      global
  Area mode:              physical library
============================================================

                                                Library 
   Gate     Instances    Area        Library     Domain 
--------------------------------------------------------
ADDFHX1            22    165.528    slow_vdd1v0   worst 
ADDFHX2            48    393.984    slow_vdd1v0   worst 
ADDFX1             35    179.550    slow_vdd1v0   worst 
ADDHX1             10     37.620    slow_vdd1v0   worst 
ADDHX2              1      5.130    slow_vdd1v0   worst 
AND2X1            218    298.224    slow_vdd1v0   worst 
AND2X2             20     34.200    slow_vdd1v0   worst 
AND2X4              8     21.888    slow_vdd1v0   worst 
AND2X6              7     26.334    slow_vdd1v0   worst 
AND3X1              5     11.970    slow_vdd1v0   worst 
AND3X4              1      3.078    slow_vdd1v0   worst 
AND3X6              1      4.446    slow_vdd1v0   worst 
AND3XL             12     24.624    slow_vdd1v0   worst 
AND4X1             10     23.940    slow_vdd1v0   worst 
AND4X6              1      5.814    slow_vdd1v0   worst 
AO21X1             33     79.002    slow_vdd1v0   worst 
AO21X2              1      2.736    slow_vdd1v0   worst 
AO21X4              1      3.420    slow_vdd1v0   worst 
AO22X1             76    207.936    slow_vdd1v0   worst 
AO22X4              1      3.762    slow_vdd1v0   worst 
AOI211X1            3      7.182    slow_vdd1v0   worst 
AOI211X2           16     54.720    slow_vdd1v0   worst 
AOI21X1           113    193.230    slow_vdd1v0   worst 
AOI21X2            35     95.760    slow_vdd1v0   worst 
AOI21X4            51    261.630    slow_vdd1v0   worst 
AOI221X2           16     71.136    slow_vdd1v0   worst 
AOI221X4            2     15.732    slow_vdd1v0   worst 
AOI222X2            1      5.472    slow_vdd1v0   worst 
AOI222X4            2     19.152    slow_vdd1v0   worst 
AOI22X1            57    116.964    slow_vdd1v0   worst 
AOI22X2            26     97.812    slow_vdd1v0   worst 
AOI22X4            18    110.808    slow_vdd1v0   worst 
AOI2BB1X1          35     71.820    slow_vdd1v0   worst 
AOI2BB1X2           7     21.546    slow_vdd1v0   worst 
AOI2BB1X4           4     16.416    slow_vdd1v0   worst 
AOI2BB2X4           3     22.572    slow_vdd1v0   worst 
AOI31X2            11     37.620    slow_vdd1v0   worst 
AOI32X2             1      4.446    slow_vdd1v0   worst 
AOI32X4             2     15.732    slow_vdd1v0   worst 
BUFX2               4      6.840    slow_vdd1v0   worst 
BUFX3               3      6.156    slow_vdd1v0   worst 
BUFX6              59    181.602    slow_vdd1v0   worst 
BUFX8              38    142.956    slow_vdd1v0   worst 
CLKAND2X12         15    112.860    slow_vdd1v0   worst 
CLKAND2X2          33     67.716    slow_vdd1v0   worst 
CLKAND2X3          29     89.262    slow_vdd1v0   worst 
CLKAND2X6          21    100.548    slow_vdd1v0   worst 
CLKAND2X8           6     34.884    slow_vdd1v0   worst 
CLKBUFX12           4     20.520    slow_vdd1v0   worst 
CLKBUFX16           4     27.360    slow_vdd1v0   worst 
CLKBUFX3            1      2.052    slow_vdd1v0   worst 
CLKBUFX4            1      2.394    slow_vdd1v0   worst 
CLKINVX12          26    106.704    slow_vdd1v0   worst 
CLKINVX16           8     43.776    slow_vdd1v0   worst 
CLKINVX2            7      9.576    slow_vdd1v0   worst 
CLKINVX20           1      6.498    slow_vdd1v0   worst 
CLKINVX3            9     15.390    slow_vdd1v0   worst 
CLKINVX4           53     90.630    slow_vdd1v0   worst 
CLKINVX6           77    184.338    slow_vdd1v0   worst 
CLKINVX8           44    135.432    slow_vdd1v0   worst 
CLKMX2X2            4     12.312    slow_vdd1v0   worst 
CLKMX2X3            6     24.624    slow_vdd1v0   worst 
CLKXOR2X1          22     60.192    slow_vdd1v0   worst 
DFFHQX1           204   1116.288    slow_vdd1v0   worst 
DFFHQX2             3     20.520    slow_vdd1v0   worst 
DFFHQX4            16    131.328    slow_vdd1v0   worst 
DFFHQX8            18    166.212    slow_vdd1v0   worst 
DFFQX2             43    279.414    slow_vdd1v0   worst 
DFFQX4             12     86.184    slow_vdd1v0   worst 
DFFQXL              5     27.360    slow_vdd1v0   worst 
DFFRHQX1           39    240.084    slow_vdd1v0   worst 
DFFRHQX4            1      9.576    slow_vdd1v0   worst 
DFFRX1              2     13.680    slow_vdd1v0   worst 
DFFRX2              3     22.572    slow_vdd1v0   worst 
DFFX1              20    143.640    slow_vdd1v0   worst 
DFFX2               1      8.208    slow_vdd1v0   worst 
EDFFHQX1          270   2308.500    slow_vdd1v0   worst 
EDFFHQX2            1      8.892    slow_vdd1v0   worst 
INVX1             182    124.488    slow_vdd1v0   worst 
INVX16              1      5.472    slow_vdd1v0   worst 
INVX2              79     81.054    slow_vdd1v0   worst 
INVX20              1      6.498    slow_vdd1v0   worst 
INVX3              46     62.928    slow_vdd1v0   worst 
INVX4               3      5.130    slow_vdd1v0   worst 
INVX6               2      4.788    slow_vdd1v0   worst 
MDFFHQX1           13    111.150    slow_vdd1v0   worst 
MDFFHQX4            5     46.170    slow_vdd1v0   worst 
MX2X1              50    119.700    slow_vdd1v0   worst 
MXI2X1              4     10.944    slow_vdd1v0   worst 
MXI2X2              6     26.676    slow_vdd1v0   worst 
MXI2X4              3     15.390    slow_vdd1v0   worst 
MXI2X6              4     20.520    slow_vdd1v0   worst 
NAND2BX1           24     32.832    slow_vdd1v0   worst 
NAND2BX2           11     26.334    slow_vdd1v0   worst 
NAND2BX4            5     18.810    slow_vdd1v0   worst 
NAND2X1            80     82.080    slow_vdd1v0   worst 
NAND2X2           106    181.260    slow_vdd1v0   worst 
NAND2X4            48    164.160    slow_vdd1v0   worst 
NAND2X6            19     90.972    slow_vdd1v0   worst 
NAND2X8            23    125.856    slow_vdd1v0   worst 
NAND2XL             1      1.026    slow_vdd1v0   worst 
NAND3BX2            1      3.078    slow_vdd1v0   worst 
NAND3BX4            2     10.260    slow_vdd1v0   worst 
NAND3X2            13     35.568    slow_vdd1v0   worst 
NAND3X4            10     47.880    slow_vdd1v0   worst 
NAND4X4             4     27.360    slow_vdd1v0   worst 
NAND4X8             1     10.260    slow_vdd1v0   worst 
NOR2BX1            77    105.336    slow_vdd1v0   worst 
NOR2BX2            20     54.720    slow_vdd1v0   worst 
NOR2BX4             7     26.334    slow_vdd1v0   worst 
NOR2X1            150    153.900    slow_vdd1v0   worst 
NOR2X2             78    133.380    slow_vdd1v0   worst 
NOR2X4             85    261.630    slow_vdd1v0   worst 
NOR2X6             46    188.784    slow_vdd1v0   worst 
NOR2X8             32    175.104    slow_vdd1v0   worst 
NOR2XL              2      2.052    slow_vdd1v0   worst 
NOR3BX1             2      4.104    slow_vdd1v0   worst 
NOR3BX4             1      5.814    slow_vdd1v0   worst 
NOR3X1              7     11.970    slow_vdd1v0   worst 
NOR3X2              5     13.680    slow_vdd1v0   worst 
NOR3X4              1      5.130    slow_vdd1v0   worst 
NOR3X6              1      7.182    slow_vdd1v0   worst 
NOR3X8              5     44.460    slow_vdd1v0   worst 
NOR4X2             11     37.620    slow_vdd1v0   worst 
OA21X1             82    168.264    slow_vdd1v0   worst 
OA21X2              2      6.156    slow_vdd1v0   worst 
OA22X1            219    524.286    slow_vdd1v0   worst 
OAI211X2            1      4.104    slow_vdd1v0   worst 
OAI21X1           102    174.420    slow_vdd1v0   worst 
OAI21X2            30     92.340    slow_vdd1v0   worst 
OAI21X4            33    158.004    slow_vdd1v0   worst 
OAI221X4            2     15.732    slow_vdd1v0   worst 
OAI22X1            93    190.836    slow_vdd1v0   worst 
OAI22X2             5     17.100    slow_vdd1v0   worst 
OAI22X4             2     12.996    slow_vdd1v0   worst 
OAI2BB1X1         156    266.760    slow_vdd1v0   worst 
OAI2BB1X2           8     24.624    slow_vdd1v0   worst 
OAI2BB1X4           4     17.784    slow_vdd1v0   worst 
OAI2BB2X1           1      4.104    slow_vdd1v0   worst 
OAI2BB2X2           4     21.888    slow_vdd1v0   worst 
OAI31X1             4      8.208    slow_vdd1v0   worst 
OAI31X2             4     15.048    slow_vdd1v0   worst 
OAI31X4             2     13.680    slow_vdd1v0   worst 
OAI32X2             1      4.446    slow_vdd1v0   worst 
OR2X1             137    187.416    slow_vdd1v0   worst 
OR2X2              30     51.300    slow_vdd1v0   worst 
OR2X4              19     51.984    slow_vdd1v0   worst 
OR2X6              15     56.430    slow_vdd1v0   worst 
OR2X8               4     17.784    slow_vdd1v0   worst 
OR3X1              44     90.288    slow_vdd1v0   worst 
OR3X2               3      7.182    slow_vdd1v0   worst 
OR3X4               1      3.078    slow_vdd1v0   worst 
OR3X6               1      4.788    slow_vdd1v0   worst 
OR4X1              42     86.184    slow_vdd1v0   worst 
OR4X2               1      3.420    slow_vdd1v0   worst 
OR4X4               1      3.762    slow_vdd1v0   worst 
XNOR2X1            50    119.700    slow_vdd1v0   worst 
XNOR2X2            12     36.936    slow_vdd1v0   worst 
XNOR2X4             3     11.286    slow_vdd1v0   worst 
XOR2X2              4     13.680    slow_vdd1v0   worst 
--------------------------------------------------------
total            4426  14055.858                


                                          
     Type      Instances    Area   Area % 
------------------------------------------
sequential           656  4739.778   33.7 
inverter             539   882.702    6.3 
buffer               114   389.880    2.8 
logic               3117  8043.498   57.2 
physical_cells         0     0.000    0.0 
------------------------------------------
total               4426 14055.858  100.0 

