============================================================
  Generated by:           Genus(TM) Synthesis Solution 21.19-s055_1
  Generated on:           May 23 2026  02:52:32 pm
  Module:                 multiplier32FP
  Operating conditions:   PVT_0P9V_125C 
  Operating conditions:   PVT_1P32V_0C 
  Interconnect mode:      global
  Area mode:              physical library
============================================================


Path 1: VIOLATED (-675 ps) Setup Check with Pin i_mul_24/prod2_reg[3][1][17]/CK->D
          Group: clk
     Startpoint: (R) i_mul_24/count_reg[1]/CK
          Clock: (R) clk
       Endpoint: (F) i_mul_24/prod2_reg[3][1][17]/D
          Clock: (R) clk

                     Capture       Launch     
        Clock Edge:+    2000            0     
       Src Latency:+       0            0     
       Net Latency:+     100 (I)      100 (I) 
           Arrival:=    2100          100     
                                              
             Setup:-     216                  
       Uncertainty:-      50                  
     Required Time:=    1834                  
      Launch Clock:-     100                  
         Data Path:-    2409                  
             Slack:=    -675                  

#------------------------------------------------------------------------------------------------------------------
#               Timing Point                Flags   Arc   Edge   Cell     Fanout Load Trans Delay Arrival Instance 
#                                                                                (fF)  (ps)  (ps)   (ps)  Location 
#------------------------------------------------------------------------------------------------------------------
  i_mul_24/count_reg[1]/CK                  -       -     R     (arrival)    656    -     0     0     100    (-,-) 
  i_mul_24/count_reg[1]/Q                   -       CK->Q F     DFFHQX4        1  7.2    62   245     345    (-,-) 
  i_mul_24/fopt24/Y                         -       A->Y  R     CLKINVX12      5 16.7    48    53     398    (-,-) 
  i_mul_24/fopt9881/Y                       -       A->Y  R     CLKBUFX12      6 19.6    57   111     509    (-,-) 
  i_mul_24/g8403__1881/Y                    -       A1->Y F     AOI21X4        1  4.3   111   107     616    (-,-) 
  i_mul_24/fopt9823/Y                       -       A->Y  F     CLKBUFX16      5 20.3    59   133     749    (-,-) 
  i_mul_24/mul_195_46_g714__6260/Y          -       A->Y  R     NOR2X8         1  3.3    51    68     817    (-,-) 
  i_mul_24/mul_195_46_g669__7482/S          -       A->S  F     ADDHX1         1  4.0   117   238    1055    (-,-) 
  i_mul_24/mul_195_46_cdnfadd_006_1__2883/S -       A->S  R     ADDFHX1        1  3.7   100   326    1381    (-,-) 
  i_mul_24/mul_195_46_cdnfadd_006_2__2346/S -       CI->S F     ADDFHX2        2  6.2   118   361    1742    (-,-) 
  i_mul_24/mul_195_46_g637__5477/Y          -       B->Y  F     CLKAND2X6      3 11.5    71   148    1890    (-,-) 
  i_mul_24/mul_195_46_g636/Y                -       A->Y  R     CLKINVX8       1  4.5    32    46    1935    (-,-) 
  i_mul_24/mul_195_46_g619__1881/Y          -       A1->Y F     OAI21X4        1  5.8   133   101    2037    (-,-) 
  i_mul_24/mul_195_46_g614__1705/Y          -       A->Y  R     NOR2X8         3 11.2    91   124    2161    (-,-) 
  i_mul_24/mul_195_46_g612__1617/Y          -       B->Y  F     NOR2X8         1  5.8    58    65    2226    (-,-) 
  i_mul_24/mul_195_46_g610__6783/Y          -       B->Y  R     NOR2X8         2  5.8    68    63    2289    (-,-) 
  i_mul_24/fopt9924/Y                       -       A->Y  R     BUFX6          1  4.5    32    98    2387    (-,-) 
  i_mul_24/mul_195_46_g607__4319/Y          -       A1->Y F     OAI21X4        4  8.4   176   122    2509    (-,-) 
  i_mul_24/prod2_reg[3][1][17]/D            <<<     -     F     EDFFHQX1       4    -     -     0    2509    (-,-) 
#------------------------------------------------------------------------------------------------------------------

