============================================================
  Generated by:           Genus(TM) Synthesis Solution 21.19-s055_1
  Generated on:           May 23 2026  02:52:32 pm
  Module:                 multiplier32FP
  Library domain:         worst
    Domain index:         0
    Technology library:   slow_vdd1v0 1.0
  Library domain:         best
    Domain index:         1
    Technology library:   fast_vdd1v2 1.0
  Operating conditions:   PVT_0P9V_125C 
  Operating conditions:   PVT_1P32V_0C 
  Interconnect mode:      global
  Area mode:              physical library
============================================================

     Instance         Module     Cell Count  Cell Area  Net Area   Total Area 
------------------------------------------------------------------------------
multiplier32FP                         4333  15845.544  5318.205    21163.749 
  i_mul_24        mul_24               1762   7736.382  1995.788     9732.170 
  i_post_norm_mul post_norm_mul        2255   7083.846  2846.605     9930.451 
  i_pre_norm_mul  pre_norm_mul           87    262.998    74.066      337.064 
  u_fsm           fpu_fsm                39    115.254    40.083      155.337 
