============================================================
  Generated by:           Genus(TM) Synthesis Solution 21.19-s055_1
  Generated on:           May 23 2026  02:52:32 pm
  Module:                 multiplier32FP
  Library domain:         worst
    Domain index:         0
    Technology library:   slow_vdd1v0 1.0
  Library domain:         best
    Domain index:         1
    Technology library:   fast_vdd1v2 1.0
  Operating conditions:   PVT_0P9V_125C 
  Operating conditions:   PVT_1P32V_0C 
  Interconnect mode:      global
  Area mode:              physical library
============================================================

Max_transition design rule (violation total = 3616)
Pin                                                             Slew           Max     Violation
--------------------------------------------------------------------------------------------------
i_post_norm_mul/g93021/A                                         540           280           260
  --> Other violations on net                                            260
i_post_norm_mul/g93043/Y                                         540           280           260
  --> Other violations on net                                            260
i_post_norm_mul/g94669/A                                         362           280            82
  --> Other violations on net                                            244
i_post_norm_mul/g94640/B                                         362           280            82
  --> Other violations on net                                            244
i_post_norm_mul/g93429/B0                                        362           280            82
  --> Other violations on net                                            244
i_post_norm_mul/g94686/Y                                         362           280            82
  --> Other violations on net                                            244
i_post_norm_mul/g93336/A1                                        418           280           138
  --> Other violations on net                                            138
i_post_norm_mul/g93727/Y                                         418           280           138
  --> Other violations on net                                            138
i_post_norm_mul/g95542/AN                                        385           280           105
  --> Other violations on net                                            105
i_post_norm_mul/g94888/Y                                         385           280           105
  --> Other violations on net                                            105
i_post_norm_mul/g93670/B0                                        292           280            12
  --> Other violations on net                                            197
i_post_norm_mul/g93645/B0                                        292           280            12
  --> Other violations on net                                            197
i_post_norm_mul/g93597/A0                                        292           280            12
  --> Other violations on net                                            197
i_post_norm_mul/g93647/A0                                        292           280            12
  --> Other violations on net                                            197
i_post_norm_mul/g93648/A0                                        292           280            12
  --> Other violations on net                                            197
i_post_norm_mul/g93649/A0                                        292           280            12
  --> Other violations on net                                            197
i_post_norm_mul/g93650/A0                                        292           280            12
  --> Other violations on net                                            197
i_post_norm_mul/g93669/B0                                        292           280            12
  --> Other violations on net                                            197
i_post_norm_mul/g93673/B0                                        292           280            12
  --> Other violations on net                                            197
i_post_norm_mul/g93674/A0                                        292           280            12
  --> Other violations on net                                            197
i_post_norm_mul/g93675/A0                                        292           280            12
  --> Other violations on net                                            197
i_post_norm_mul/g93676/A0                                        292           280            12
  --> Other violations on net                                            197
i_post_norm_mul/g93677/A0N                                       292           280            12
  --> Other violations on net                                            197
i_post_norm_mul/g93678/A0                                        292           280            12
  --> Other violations on net                                            197
i_post_norm_mul/g93682/A0                                        292           280            12
  --> Other violations on net                                            197
i_post_norm_mul/g93718/A                                         292           280            12
  --> Other violations on net                                            197
i_post_norm_mul/g94107/Y                                         292           280            12
  --> Other violations on net                                            197
i_post_norm_mul/g94850/A1                                        361           280            81
  --> Other violations on net                                            81
i_post_norm_mul/g94919/Y                                         361           280            81
  --> Other violations on net                                            81
i_post_norm_mul/g94901/AN                                        361           280            81
  --> Other violations on net                                            81
i_post_norm_mul/g94960/Y                                         361           280            81
  --> Other violations on net                                            81
i_post_norm_mul/g94915/A1                                        359           280            79
  --> Other violations on net                                            79
i_post_norm_mul/g94985/Y                                         359           280            79
  --> Other violations on net                                            79
g1561/A                                                          333           280            53
  --> Other violations on net                                            105
g1364/A                                                          333           280            53
  --> Other violations on net                                            105
g1563/Y                                                          333           280            53
  --> Other violations on net                                            105
i_post_norm_mul/g94904/A1N                                       357           280            77
  --> Other violations on net                                            77
i_post_norm_mul/g94996/Y                                         357           280            77
  --> Other violations on net                                            77
i_post_norm_mul/g94882/B                                         331           280            51
  --> Other violations on net                                            102
i_post_norm_mul/g94612/A0                                        331           280            51
  --> Other violations on net                                            102
i_post_norm_mul/g94942/Y                                         331           280            51
  --> Other violations on net                                            102
i_post_norm_mul/g94653/B0                                        344           280            64
  --> Other violations on net                                            64
i_post_norm_mul/g95112/Y                                         344           280            64
  --> Other violations on net                                            64
i_post_norm_mul/g93193/B0                                        342           280            62
  --> Other violations on net                                            62
i_post_norm_mul/g93933/Y                                         342           280            62
  --> Other violations on net                                            62
i_post_norm_mul/g94967/A                                         339           280            59
  --> Other violations on net                                            59
i_post_norm_mul/g94990/Y                                         339           280            59
  --> Other violations on net                                            59
i_post_norm_mul/g94546/B                                         329           280            49
  --> Other violations on net                                            49
i_post_norm_mul/g94560/Y                                         329           280            49
  --> Other violations on net                                            49
i_mul_24/WALLACE_CSA_DUMMY_OP_groupi_g2250__3680/B               308           280            28
  --> Other violations on net                                            56
i_mul_24/WALLACE_CSA_DUMMY_OP_groupi_g2090__4733/A0              308           280            28
  --> Other violations on net                                            56
i_mul_24/WALLACE_CSA_DUMMY_OP_groupi_g2296/Y                     308           280            28
  --> Other violations on net                                            56
i_post_norm_mul/g93616/A                                         320           280            40
  --> Other violations on net                                            40
i_post_norm_mul/g93771/Y                                         320           280            40
  --> Other violations on net                                            40
i_post_norm_mul/g93213/A0                                        319           280            39
  --> Other violations on net                                            39
i_post_norm_mul/g93636/Y                                         319           280            39
  --> Other violations on net                                            39
i_post_norm_mul/g92945/A1                                        318           280            38
  --> Other violations on net                                            38
i_post_norm_mul/g93015/Y                                         318           280            38
  --> Other violations on net                                            38
i_post_norm_mul/g94672/A                                         286           280             6
  --> Other violations on net                                            64
i_post_norm_mul/g93199/A0                                        286           280             6
  --> Other violations on net                                            64
i_post_norm_mul/g93195/B1                                        286           280             6
  --> Other violations on net                                            64
i_post_norm_mul/g93200/B1                                        286           280             6
  --> Other violations on net                                            64
i_post_norm_mul/g93231/B1                                        286           280             6
  --> Other violations on net                                            64
i_post_norm_mul/g93232/A0                                        286           280             6
  --> Other violations on net                                            64
i_post_norm_mul/g93245/A0                                        286           280             6
  --> Other violations on net                                            64
i_post_norm_mul/g93266/A0                                        286           280             6
  --> Other violations on net                                            64
i_post_norm_mul/g93377/A0                                        286           280             6
  --> Other violations on net                                            64
i_post_norm_mul/g94663/B                                         286           280             6
  --> Other violations on net                                            64
i_post_norm_mul/g94689/Y                                         286           280             6
  --> Other violations on net                                            64
i_post_norm_mul/g93616/B                                         311           280            31
  --> Other violations on net                                            31
i_post_norm_mul/g93744/Y                                         311           280            31
  --> Other violations on net                                            31
i_post_norm_mul/g93882/B                                         300           280            20
  --> Other violations on net                                            20
i_post_norm_mul/g93962/Y                                         300           280            20
  --> Other violations on net                                            20
i_post_norm_mul/g93886/B                                         300           280            20
  --> Other violations on net                                            20
i_post_norm_mul/g93931/Y                                         300           280            20
  --> Other violations on net                                            20
i_post_norm_mul/g93878/B                                         300           280            20
  --> Other violations on net                                            20
i_post_norm_mul/g93963/Y                                         300           280            20
  --> Other violations on net                                            20
i_post_norm_mul/g94724/A                                         282           280             2
  --> Other violations on net                                            25
i_post_norm_mul/g94406/B                                         282           280             2
  --> Other violations on net                                            25
i_post_norm_mul/g94349/A                                         282           280             2
  --> Other violations on net                                            25
i_post_norm_mul/g94435/B                                         282           280             2
  --> Other violations on net                                            25
i_post_norm_mul/g94464/A0                                        282           280             2
  --> Other violations on net                                            25
i_post_norm_mul/g94554/A                                         282           280             2
  --> Other violations on net                                            25
i_post_norm_mul/g94600/A0                                        282           280             2
  --> Other violations on net                                            25
i_post_norm_mul/g94624/A0                                        282           280             2
  --> Other violations on net                                            25
i_post_norm_mul/g94655/A0                                        282           280             2
  --> Other violations on net                                            25
i_post_norm_mul/g94664/B                                         282           280             2
  --> Other violations on net                                            25
i_post_norm_mul/g94710/A                                         282           280             2
  --> Other violations on net                                            25
i_post_norm_mul/g94738/Y                                         282           280             2
  --> Other violations on net                                            25
i_post_norm_mul/g94920/B0                                        288           280             8
  --> Other violations on net                                            8
i_post_norm_mul/g95116/Y                                         288           280             8
  --> Other violations on net                                            8
i_post_norm_mul/g93457/B0                                        285           280             5
  --> Other violations on net                                            10
i_post_norm_mul/g94648/A                                         285           280             5
  --> Other violations on net                                            10
i_post_norm_mul/g94661/Y                                         285           280             5
  --> Other violations on net                                            10
i_post_norm_mul/g94898/A                                         287           280             7
  --> Other violations on net                                            7
i_post_norm_mul/g95052/Y                                         287           280             7
  --> Other violations on net                                            7
i_post_norm_mul/g94865/A1                                        285           280             5
  --> Other violations on net                                            5
i_post_norm_mul/g94896/Y                                         285           280             5
  --> Other violations on net                                            5
i_post_norm_mul/g94721/A                                         281           280             1
  --> Other violations on net                                            4
i_post_norm_mul/g93384/A0                                        281           280             1
  --> Other violations on net                                            4
i_post_norm_mul/g93368/B0                                        281           280             1
  --> Other violations on net                                            4
i_post_norm_mul/g93389/A0                                        281           280             1
  --> Other violations on net                                            4
i_post_norm_mul/g93416/A0                                        281           280             1
  --> Other violations on net                                            4
i_post_norm_mul/g94735/Y                                         281           280             1
  --> Other violations on net                                            4
i_post_norm_mul/g95033/B0                                        281           280             1
  --> Other violations on net                                            1
i_post_norm_mul/g95077/Y                                         281           280             1
  --> Other violations on net                                            1


Max_capacitance design rule: no violations.


Max_fanout design rule: no constraints.



