============================================================
  Generated by:           Genus(TM) Synthesis Solution 21.19-s055_1
  Generated on:           May 25 2026  07:51:55 am
  Module:                 multiplier32FP
  Library domain:         worst
    Domain index:         0
    Technology library:   slow_vdd1v0 1.0
  Library domain:         best
    Domain index:         1
    Technology library:   fast_vdd1v2 1.0
  Operating conditions:   PVT_0P9V_125C 
  Operating conditions:   PVT_1P32V_0C 
  Interconnect mode:      global
  Area mode:              physical library
============================================================

     Instance         Module     Cell Count  Normalized Cell Area  Normalized Net Area   Normalized Total Area 
---------------------------------------------------------------------------------------------------------------
multiplier32FP                         4235             12903.000             5160.855               18063.855 
  i_mul_24        mul_24               1485              6201.667             1680.149                7881.816 
  i_post_norm_mul post_norm_mul        2472              5847.000             3050.221                8897.221 
  i_pre_norm_mul  pre_norm_mul           64               217.000               51.831                 268.831 
  u_fsm           fpu_fsm                34               109.333               36.196                 145.530 
