============================================================
  Generated by:           Genus(TM) Synthesis Solution 21.19-s055_1
  Generated on:           May 25 2026  07:51:55 am
  Module:                 multiplier32FP
  Library domain:         worst
    Domain index:         0
    Technology library:   slow_vdd1v0 1.0
  Library domain:         best
    Domain index:         1
    Technology library:   fast_vdd1v2 1.0
  Operating conditions:   PVT_0P9V_125C 
  Operating conditions:   PVT_1P32V_0C 
  Interconnect mode:      global
  Area mode:              physical library
============================================================

     Instance         Module     Cell Count  Cell Area  Net Area   Total Area 
------------------------------------------------------------------------------
multiplier32FP                         4235  13238.478  5295.037    18533.515 
  i_mul_24        mul_24               1485   6362.910  1723.833     8086.743 
  i_post_norm_mul post_norm_mul        2472   5999.022  3129.527     9128.549 
  i_pre_norm_mul  pre_norm_mul           64    222.642    53.178      275.820 
  u_fsm           fpu_fsm                34    112.176    37.137      149.313 
