============================================================
  Generated by:           Genus(TM) Synthesis Solution 21.19-s055_1
  Generated on:           May 22 2026  04:13:26 pm
  Module:                 multiplier32FP
  Library domain:         worst
    Domain index:         0
    Technology library:   slow_vdd1v0 1.0
  Library domain:         best
    Domain index:         1
    Technology library:   fast_vdd1v2 1.0
  Operating conditions:   PVT_0P9V_125C 
  Operating conditions:   PVT_1P32V_0C 
  Interconnect mode:      global
  Area mode:              physical library
============================================================

     Instance         Module     Cell Count  Cell Area  Net Area   Total Area 
------------------------------------------------------------------------------
multiplier32FP                         3811  11406.384  4856.667    16263.051 
  i_mul_24        mul_24               1271   5246.964  1527.027     6773.991 
  i_post_norm_mul post_norm_mul        2291   5366.664  2912.270     8278.934 
  i_pre_norm_mul  pre_norm_mul           40    143.298    32.215      175.513 
  u_fsm           fpu_fsm                34    112.176    37.137      149.313 
