============================================================
  Generated by:           Genus(TM) Synthesis Solution 21.19-s055_1
  Generated on:           May 25 2026  08:20:18 am
  Module:                 multiplier32FP
  Operating conditions:   PVT_0P9V_125C 
  Operating conditions:   PVT_1P32V_0C 
  Interconnect mode:      global
  Area mode:              physical library
============================================================

                                                Library 
   Gate     Instances    Area        Library     Domain 
--------------------------------------------------------
ACHCONX2            3     37.962    slow_vdd1v0   worst 
ADDFHX1            15    112.860    slow_vdd1v0   worst 
ADDFHX2            46    377.568    slow_vdd1v0   worst 
ADDFHX4             2     19.152    slow_vdd1v0   worst 
ADDFX1             42    215.460    slow_vdd1v0   worst 
ADDFX2              1      7.866    slow_vdd1v0   worst 
ADDHX1             23     86.526    slow_vdd1v0   worst 
ADDHX2              1      5.130    slow_vdd1v0   worst 
AND2X1            247    337.896    slow_vdd1v0   worst 
AND2X2             28     47.880    slow_vdd1v0   worst 
AND2X4             17     46.512    slow_vdd1v0   worst 
AND2X6              3     11.286    slow_vdd1v0   worst 
AND3X1              3      7.182    slow_vdd1v0   worst 
AND3X4              1      3.078    slow_vdd1v0   worst 
AND3X6              1      4.446    slow_vdd1v0   worst 
AND3XL             14     28.728    slow_vdd1v0   worst 
AND4X1             10     23.940    slow_vdd1v0   worst 
AND4X6              1      5.814    slow_vdd1v0   worst 
AO21X1             46    110.124    slow_vdd1v0   worst 
AO21X2              6     16.416    slow_vdd1v0   worst 
AO21X4              1      3.420    slow_vdd1v0   worst 
AO22X1             73    199.728    slow_vdd1v0   worst 
AOI211X1            3      7.182    slow_vdd1v0   worst 
AOI211X2           19     64.980    slow_vdd1v0   worst 
AOI21X1           137    234.270    slow_vdd1v0   worst 
AOI21X2            38    103.968    slow_vdd1v0   worst 
AOI21X4            56    287.280    slow_vdd1v0   worst 
AOI221X2           17     75.582    slow_vdd1v0   worst 
AOI221X4            3     23.598    slow_vdd1v0   worst 
AOI222X2            2     10.944    slow_vdd1v0   worst 
AOI222X4            1      9.576    slow_vdd1v0   worst 
AOI22X1            75    153.900    slow_vdd1v0   worst 
AOI22X2             9     33.858    slow_vdd1v0   worst 
AOI22X4            18    110.808    slow_vdd1v0   worst 
AOI2BB1X1          23     47.196    slow_vdd1v0   worst 
AOI2BB1X4           7     28.728    slow_vdd1v0   worst 
AOI2BB2X1           1      3.420    slow_vdd1v0   worst 
AOI31X2             9     30.780    slow_vdd1v0   worst 
AOI32X2             1      4.446    slow_vdd1v0   worst 
AOI32X4             1      7.866    slow_vdd1v0   worst 
BUFX12              1      5.130    slow_vdd1v0   worst 
BUFX2               8     13.680    slow_vdd1v0   worst 
BUFX3               6     12.312    slow_vdd1v0   worst 
BUFX4               4      9.576    slow_vdd1v0   worst 
BUFX6               8     24.624    slow_vdd1v0   worst 
BUFX8              37    139.194    slow_vdd1v0   worst 
CLKAND2X12         13     97.812    slow_vdd1v0   worst 
CLKAND2X2          44     90.288    slow_vdd1v0   worst 
CLKAND2X3          32     98.496    slow_vdd1v0   worst 
CLKAND2X6          30    143.640    slow_vdd1v0   worst 
CLKAND2X8           1      5.814    slow_vdd1v0   worst 
CLKBUFX16           2     13.680    slow_vdd1v0   worst 
CLKBUFX20           1      8.208    slow_vdd1v0   worst 
CLKBUFX6            4     12.312    slow_vdd1v0   worst 
CLKINVX12          11     45.144    slow_vdd1v0   worst 
CLKINVX16           6     32.832    slow_vdd1v0   worst 
CLKINVX4           16     27.360    slow_vdd1v0   worst 
CLKINVX6           19     45.486    slow_vdd1v0   worst 
CLKINVX8           12     36.936    slow_vdd1v0   worst 
CLKMX2X2            2      6.156    slow_vdd1v0   worst 
CLKMX2X3           10     41.040    slow_vdd1v0   worst 
CLKXOR2X1          20     54.720    slow_vdd1v0   worst 
DFFHQX1           199   1088.928    slow_vdd1v0   worst 
DFFHQX4             3     24.624    slow_vdd1v0   worst 
DFFHQX8            10     92.340    slow_vdd1v0   worst 
DFFQX2             23    149.454    slow_vdd1v0   worst 
DFFQXL              1      5.472    slow_vdd1v0   worst 
DFFRHQX1           39    240.084    slow_vdd1v0   worst 
DFFRHQX4            1      9.576    slow_vdd1v0   worst 
DFFRX1              1      6.840    slow_vdd1v0   worst 
DFFRX2              3     22.572    slow_vdd1v0   worst 
DFFTRX2             1      8.208    slow_vdd1v0   worst 
DFFX1              20    143.640    slow_vdd1v0   worst 
DFFX2              29    238.032    slow_vdd1v0   worst 
DFFX4              37    341.658    slow_vdd1v0   worst 
EDFFHQX1          279   2385.450    slow_vdd1v0   worst 
INVX1             160    109.440    slow_vdd1v0   worst 
INVX16              1      5.472    slow_vdd1v0   worst 
INVX2              79     81.054    slow_vdd1v0   worst 
INVX3              18     24.624    slow_vdd1v0   worst 
INVX6               3      7.182    slow_vdd1v0   worst 
MDFFHQX1            4     34.200    slow_vdd1v0   worst 
MDFFHQX4            6     55.404    slow_vdd1v0   worst 
MX2X1              55    131.670    slow_vdd1v0   worst 
MXI2X1              2      5.472    slow_vdd1v0   worst 
MXI2X2              6     26.676    slow_vdd1v0   worst 
MXI2X4              2     10.260    slow_vdd1v0   worst 
MXI2X6              4     20.520    slow_vdd1v0   worst 
NAND2BX1           21     28.728    slow_vdd1v0   worst 
NAND2BX2           16     38.304    slow_vdd1v0   worst 
NAND2BX4            5     18.810    slow_vdd1v0   worst 
NAND2X1            86     88.236    slow_vdd1v0   worst 
NAND2X2            98    167.580    slow_vdd1v0   worst 
NAND2X4            59    201.780    slow_vdd1v0   worst 
NAND2X6            31    148.428    slow_vdd1v0   worst 
NAND2X8             5     27.360    slow_vdd1v0   worst 
NAND3BX4            1      5.130    slow_vdd1v0   worst 
NAND3X2             7     19.152    slow_vdd1v0   worst 
NAND3X4             1      4.788    slow_vdd1v0   worst 
NAND4X6             2     17.100    slow_vdd1v0   worst 
NOR2BX1            74    101.232    slow_vdd1v0   worst 
NOR2BX2            22     60.192    slow_vdd1v0   worst 
NOR2BX4            14     52.668    slow_vdd1v0   worst 
NOR2X1            156    160.056    slow_vdd1v0   worst 
NOR2X2             75    128.250    slow_vdd1v0   worst 
NOR2X4             71    218.538    slow_vdd1v0   worst 
NOR2X6             42    172.368    slow_vdd1v0   worst 
NOR2X8             10     54.720    slow_vdd1v0   worst 
NOR3BX1             1      2.052    slow_vdd1v0   worst 
NOR3BX2             2      6.840    slow_vdd1v0   worst 
NOR3X1             11     18.810    slow_vdd1v0   worst 
NOR3X2              6     16.416    slow_vdd1v0   worst 
NOR3X4              4     20.520    slow_vdd1v0   worst 
NOR3X6              1      7.182    slow_vdd1v0   worst 
NOR3X8              4     35.568    slow_vdd1v0   worst 
NOR4X2              9     30.780    slow_vdd1v0   worst 
NOR4X4              1      6.498    slow_vdd1v0   worst 
NOR4X6              1      8.208    slow_vdd1v0   worst 
OA21X1             90    184.680    slow_vdd1v0   worst 
OA21X2              4     12.312    slow_vdd1v0   worst 
OA22X1            184    440.496    slow_vdd1v0   worst 
OA22X2              1      3.420    slow_vdd1v0   worst 
OAI211X2            3     12.312    slow_vdd1v0   worst 
OAI21X1            76    129.960    slow_vdd1v0   worst 
OAI21X2            23     70.794    slow_vdd1v0   worst 
OAI21X4            33    158.004    slow_vdd1v0   worst 
OAI221X2            1      4.788    slow_vdd1v0   worst 
OAI221X4            2     15.732    slow_vdd1v0   worst 
OAI22X1            89    182.628    slow_vdd1v0   worst 
OAI22X2             9     30.780    slow_vdd1v0   worst 
OAI22X4             2     12.996    slow_vdd1v0   worst 
OAI2BB1X1         183    312.930    slow_vdd1v0   worst 
OAI2BB1X2          14     43.092    slow_vdd1v0   worst 
OAI2BB1X4           2      8.892    slow_vdd1v0   worst 
OAI2BB2X2           1      5.472    slow_vdd1v0   worst 
OAI31X1             5     10.260    slow_vdd1v0   worst 
OAI31X2            12     45.144    slow_vdd1v0   worst 
OAI31X4             2     13.680    slow_vdd1v0   worst 
OAI32X2             1      4.446    slow_vdd1v0   worst 
OR2X1             140    191.520    slow_vdd1v0   worst 
OR2X2              30     51.300    slow_vdd1v0   worst 
OR2X4              13     35.568    slow_vdd1v0   worst 
OR2X6              17     63.954    slow_vdd1v0   worst 
OR2X8               4     17.784    slow_vdd1v0   worst 
OR3X1              37     75.924    slow_vdd1v0   worst 
OR3X2               3      7.182    slow_vdd1v0   worst 
OR4X1              42     86.184    slow_vdd1v0   worst 
OR4X2               1      3.420    slow_vdd1v0   worst 
XNOR2X1            48    114.912    slow_vdd1v0   worst 
XNOR2X2             5     15.390    slow_vdd1v0   worst 
XNOR3X1             1      7.524    slow_vdd1v0   worst 
XOR2X1              1      2.736    slow_vdd1v0   worst 
XOR2X2             10     34.200    slow_vdd1v0   worst 
XOR2X4              1      4.104    slow_vdd1v0   worst 
--------------------------------------------------------
total            4203  13461.462                


                                          
     Type      Instances    Area   Area % 
------------------------------------------
sequential           656  4846.482   36.0 
inverter             325   415.530    3.1 
buffer                71   238.716    1.8 
logic               3151  7960.734   59.1 
physical_cells         0     0.000    0.0 
------------------------------------------
total               4203 13461.462  100.0 

