============================================================
  Generated by:           Genus(TM) Synthesis Solution 21.19-s055_1
  Generated on:           May 25 2026  08:20:18 am
  Module:                 multiplier32FP
  Library domain:         worst
    Domain index:         0
    Technology library:   slow_vdd1v0 1.0
  Library domain:         best
    Domain index:         1
    Technology library:   fast_vdd1v2 1.0
  Operating conditions:   PVT_0P9V_125C 
  Operating conditions:   PVT_1P32V_0C 
  Interconnect mode:      global
  Area mode:              physical library
============================================================

     Instance         Module     Cell Count  Cell Area  Net Area   Total Area 
------------------------------------------------------------------------------
multiplier32FP                         4203  13461.462  5301.651    18763.113 
  i_mul_24        mul_24               1489   6435.414  1722.141     8157.555 
  i_post_norm_mul post_norm_mul        2430   6129.666  3132.663     9262.329 
  i_pre_norm_mul  pre_norm_mul           68    235.296    56.143      291.439 
  u_fsm           fpu_fsm                34    112.176    37.137      149.313 
