============================================================
  Generated by:           Genus(TM) Synthesis Solution 21.19-s055_1
  Generated on:           May 25 2026  08:20:18 am
  Module:                 multiplier32FP
  Operating conditions:   PVT_0P9V_125C 
  Operating conditions:   PVT_1P32V_0C 
  Interconnect mode:      global
  Area mode:              physical library
============================================================


Path 1: MET (0 ps) Setup Check with Pin i_post_norm_mul/s_expo1_reg[3]/CK->D
          Group: clk
     Startpoint: (R) i_post_norm_mul/s_zeros_reg[0]/CK
          Clock: (R) clk
       Endpoint: (R) i_post_norm_mul/s_expo1_reg[3]/D
          Clock: (R) clk

                     Capture       Launch     
        Clock Edge:+    2817            0     
       Src Latency:+       0            0     
       Net Latency:+     100 (I)      100 (I) 
           Arrival:=    2917          100     
                                              
             Setup:-     207                  
       Uncertainty:-      50                  
     Required Time:=    2660                  
      Launch Clock:-     100                  
         Data Path:-    2560                  
             Slack:=       0                  

#-----------------------------------------------------------------------------------------------------------
#           Timing Point            Flags   Arc   Edge    Cell     Fanout Load Trans Delay Arrival Instance 
#                                                                         (fF)  (ps)  (ps)   (ps)  Location 
#-----------------------------------------------------------------------------------------------------------
  i_post_norm_mul/s_zeros_reg[0]/CK -       -     R     (arrival)     656    -     0     0     100    (-,-) 
  i_post_norm_mul/s_zeros_reg[0]/Q  -       CK->Q F     DFFHQX8        11 29.0   116   305     405    (-,-) 
  i_post_norm_mul/g89082/Y          -       A->Y  R     CLKINVX12       9 20.3    64    78     482    (-,-) 
  i_post_norm_mul/g89074/Y          -       B->Y  R     CLKAND2X12      6 18.3    57   131     614    (-,-) 
  i_post_norm_mul/g89069/Y          -       A->Y  F     CLKINVX8        6 13.4    64    62     675    (-,-) 
  i_post_norm_mul/g89053/Y          -       B->Y  F     AND2X2          3  8.3   121   153     828    (-,-) 
  i_post_norm_mul/g89043/Y          -       A->Y  R     INVX3           4  8.8    84   100     928    (-,-) 
  i_post_norm_mul/g88928/Y          -       A->Y  F     NAND2X2         2  5.3   189   161    1089    (-,-) 
  i_post_norm_mul/g88882/Y          -       B0->Y R     OAI21X2         2  5.6   169   141    1230    (-,-) 
  i_post_norm_mul/g88816/Y          -       B->Y  F     CLKXOR2X1       2  4.9   139   270    1500    (-,-) 
  i_post_norm_mul/g88738/Y          -       B->Y  R     NOR2X1          1  3.1   174   174    1673    (-,-) 
  i_post_norm_mul/g88684/Y          -       A0->Y R     OA22X1          1  3.7    97   308    1982    (-,-) 
  i_post_norm_mul/g88651/Y          -       C0->Y F     AOI211X2        1  3.6   172    91    2073    (-,-) 
  i_post_norm_mul/g88633/Y          -       D->Y  R     NOR4X2          1  3.3   238   215    2288    (-,-) 
  i_post_norm_mul/g88604/Y          -       B0->Y F     AOI21X1         1  3.2   223   198    2486    (-,-) 
  i_post_norm_mul/g88595/Y          -       B0->Y R     OAI21X1         1  3.1   186   174    2660    (-,-) 
  i_post_norm_mul/s_expo1_reg[3]/D  <<<     -     R     DFFX2           1    -     -     0    2660    (-,-) 
#-----------------------------------------------------------------------------------------------------------

