============================================================
  Generated by:           Genus(TM) Synthesis Solution 21.19-s055_1
  Generated on:           May 23 2026  04:37:08 pm
  Module:                 multiplier32FP
  Operating conditions:   PVT_0P9V_125C 
  Operating conditions:   PVT_1P32V_0C 
  Interconnect mode:      global
  Area mode:              physical library
============================================================


Path 1: VIOLATED (-1198 ps) Setup Check with Pin i_mul_24/prod2_reg[3][2][16]/CK->D
          Group: clk
     Startpoint: (R) i_mul_24/count_reg[0]/CK
          Clock: (R) clk
       Endpoint: (R) i_mul_24/prod2_reg[3][2][16]/D
          Clock: (R) clk

                     Capture       Launch     
        Clock Edge:+    1429            0     
       Src Latency:+       0            0     
       Net Latency:+     100 (I)      100 (I) 
           Arrival:=    1529          100     
                                              
             Setup:-     232                  
       Uncertainty:-      50                  
     Required Time:=    1247                  
      Launch Clock:-     100                  
         Data Path:-    2345                  
             Slack:=   -1198                  

#------------------------------------------------------------------------------------------------------------------
#               Timing Point                Flags   Arc   Edge   Cell     Fanout Load Trans Delay Arrival Instance 
#                                                                                (fF)  (ps)  (ps)   (ps)  Location 
#------------------------------------------------------------------------------------------------------------------
  i_mul_24/count_reg[0]/CK                  -       -     R     (arrival)    656    -     0     0     100    (-,-) 
  i_mul_24/count_reg[0]/Q                   -       CK->Q F     DFFHQX4        1  7.2    62   245     345    (-,-) 
  i_mul_24/fopt48/Y                         -       A->Y  R     CLKINVX12      3 22.0    57    59     403    (-,-) 
  i_mul_24/fopt40/Y                         -       A->Y  F     CLKINVX12      4 11.0    46    50     454    (-,-) 
  i_mul_24/g8773__1705/Y                    -       S0->Y R     CLKMX2X3       1  7.8    84   219     672    (-,-) 
  i_mul_24/fopt11404/Y                      -       A->Y  F     CLKINVX12      4 20.2    71    74     746    (-,-) 
  i_mul_24/fopt11402/Y                      -       A->Y  R     CLKINVX12      7 22.7    60    63     809    (-,-) 
  i_mul_24/mul_196_46_g3214__6161/Y         -       B->Y  R     CLKAND2X6      1  5.3    37   109     918    (-,-) 
  i_mul_24/mul_196_46_g3191__2398/Y         -       A->Y  F     NAND2X6        1  5.1    86    83    1002    (-,-) 
  i_mul_24/mul_196_46_g3187__1666/Y         -       B->Y  R     NAND2X6        1  3.7    44    57    1058    (-,-) 
  i_mul_24/mul_196_46_cdnfadd_005_1__5115/S -       CI->S F     ADDFHX1        1  3.7   115   287    1345    (-,-) 
  i_mul_24/mul_196_46_cdnfadd_005_2__7482/S -       CI->S R     ADDFHX2        2  8.6   130   392    1737    (-,-) 
  i_mul_24/mul_196_46_g3161__8428/Y         -       B->Y  F     NOR2X8         2  7.3    61    86    1822    (-,-) 
  i_mul_24/mul_196_46_g3157__5107/Y         -       B->Y  R     NOR2X6         1  6.1    73    71    1893    (-,-) 
  i_mul_24/mul_196_46_g3155__2398/Y         -       B->Y  F     NOR2X8         3 10.5    61    66    1959    (-,-) 
  i_mul_24/mul_196_46_g3128__6131/Y         -       A->Y  R     NOR2X6         1  6.1    72    82    2041    (-,-) 
  i_mul_24/mul_196_46_g3127__7098/Y         -       B->Y  F     NOR2X8         2  7.5    56    60    2101    (-,-) 
  i_mul_24/mul_196_46_g3118__5526/Y         -       B->Y  R     NOR2X8         1  6.1    63    63    2164    (-,-) 
  i_mul_24/mul_196_46_g3116__8428/Y         -       B->Y  F     NOR2X8         2  6.4    56    54    2218    (-,-) 
  i_mul_24/mul_196_46_g3113__5107/Y         -       S0->Y R     CLKMX2X3       4  8.8    92   227    2445    (-,-) 
  i_mul_24/prod2_reg[3][2][16]/D            <<<     -     R     EDFFHQX1       4    -     -     0    2445    (-,-) 
#------------------------------------------------------------------------------------------------------------------

