============================================================
  Generated by:           Genus(TM) Synthesis Solution 21.19-s055_1
  Generated on:           May 23 2026  04:37:08 pm
  Module:                 multiplier32FP
  Library domain:         worst
    Domain index:         0
    Technology library:   slow_vdd1v0 1.0
  Library domain:         best
    Domain index:         1
    Technology library:   fast_vdd1v2 1.0
  Operating conditions:   PVT_0P9V_125C 
  Operating conditions:   PVT_1P32V_0C 
  Interconnect mode:      global
  Area mode:              physical library
============================================================

Max_transition design rule (violation total = 407)
Pin                                   Slew           Max     Violation
------------------------------------------------------------------------
i_mul_24/g11161__7482/B0               316           280            36
  --> Other violations on net                  36
i_mul_24/g11245__5526/Y                316           280            36
  --> Other violations on net                  36
i_post_norm_mul/g83734/A1              315           280            35
  --> Other violations on net                  35
i_post_norm_mul/g83904/Y               315           280            35
  --> Other violations on net                  35
i_post_norm_mul/g82271/A1              314           280            34
  --> Other violations on net                  34
i_post_norm_mul/g82320/Y               314           280            34
  --> Other violations on net                  34
i_post_norm_mul/g82655/B0              308           280            28
  --> Other violations on net                  28
i_post_norm_mul/g82865/Y               308           280            28
  --> Other violations on net                  28
i_post_norm_mul/g84389/A               306           280            26
  --> Other violations on net                  26
i_post_norm_mul/g84501/Y               306           280            26
  --> Other violations on net                  26
i_post_norm_mul/g83909/B0              301           280            21
  --> Other violations on net                  21
i_post_norm_mul/g84087/Y               301           280            21
  --> Other violations on net                  21
i_post_norm_mul/g82266/A1              288           280             8
  --> Other violations on net                  23
i_post_norm_mul/g82240/A0              288           280             8
  --> Other violations on net                  23
i_post_norm_mul/g82270/A1              288           280             8
  --> Other violations on net                  23
i_post_norm_mul/g82346/Y               288           280             8
  --> Other violations on net                  23
i_post_norm_mul/g82486/B0              287           280             7
  --> Other violations on net                  7
i_post_norm_mul/g82625/Y               287           280             7
  --> Other violations on net                  7
i_post_norm_mul/g82725/A               282           280             2
  --> Other violations on net                  2
i_post_norm_mul/g83097/Y               282           280             2
  --> Other violations on net                  2


Max_capacitance design rule: no violations.


Max_fanout design rule: no constraints.



