============================================================
  Generated by:           Genus(TM) Synthesis Solution 21.19-s055_1
  Generated on:           May 23 2026  04:37:08 pm
  Module:                 multiplier32FP
  Operating conditions:   PVT_0P9V_125C 
  Operating conditions:   PVT_1P32V_0C 
  Interconnect mode:      global
  Area mode:              physical library
============================================================

                                                Library 
   Gate     Instances    Area        Library     Domain 
--------------------------------------------------------
ADDFHX1            21    158.004    slow_vdd1v0   worst 
ADDFHX2            69    566.352    slow_vdd1v0   worst 
ADDFX1              8     41.040    slow_vdd1v0   worst 
ADDHX1              8     30.096    slow_vdd1v0   worst 
ADDHX2              2     10.260    slow_vdd1v0   worst 
ADDHX4              3     21.546    slow_vdd1v0   worst 
AND2X1            138    188.784    slow_vdd1v0   worst 
AND2X2             24     41.040    slow_vdd1v0   worst 
AND2X4             28     76.608    slow_vdd1v0   worst 
AND2X6             26     97.812    slow_vdd1v0   worst 
AND2X8              1      4.446    slow_vdd1v0   worst 
AND3X1              1      2.394    slow_vdd1v0   worst 
AND3X4              1      3.078    slow_vdd1v0   worst 
AND3X6              3     13.338    slow_vdd1v0   worst 
AND3XL              7     14.364    slow_vdd1v0   worst 
AO21X1             34     81.396    slow_vdd1v0   worst 
AO21X2             32     87.552    slow_vdd1v0   worst 
AO21X4              4     13.680    slow_vdd1v0   worst 
AO22X1             39    106.704    slow_vdd1v0   worst 
AO22X2              1      3.078    slow_vdd1v0   worst 
AO22X4              1      3.762    slow_vdd1v0   worst 
AOI211X1            1      2.394    slow_vdd1v0   worst 
AOI211X2            4     13.680    slow_vdd1v0   worst 
AOI211X4           14     90.972    slow_vdd1v0   worst 
AOI21X1            10     17.100    slow_vdd1v0   worst 
AOI21X2            98    268.128    slow_vdd1v0   worst 
AOI21X4           117    600.210    slow_vdd1v0   worst 
AOI221X2            8     35.568    slow_vdd1v0   worst 
AOI221X4           16    125.856    slow_vdd1v0   worst 
AOI222X2            1      5.472    slow_vdd1v0   worst 
AOI22X1            17     34.884    slow_vdd1v0   worst 
AOI22X2            47    176.814    slow_vdd1v0   worst 
AOI22X4            44    270.864    slow_vdd1v0   worst 
AOI2BB1X1          14     28.728    slow_vdd1v0   worst 
AOI2BB1X2          66    203.148    slow_vdd1v0   worst 
AOI2BB1X4          72    295.488    slow_vdd1v0   worst 
AOI2BB2X2           5     25.650    slow_vdd1v0   worst 
AOI2BB2X4          13     97.812    slow_vdd1v0   worst 
AOI31X2             7     23.940    slow_vdd1v0   worst 
AOI31X4             3     19.494    slow_vdd1v0   worst 
AOI32X2             2      8.892    slow_vdd1v0   worst 
AOI32X4             1      7.866    slow_vdd1v0   worst 
BUFX12              2     10.260    slow_vdd1v0   worst 
BUFX16              2     13.680    slow_vdd1v0   worst 
BUFX3               5     10.260    slow_vdd1v0   worst 
BUFX6              46    141.588    slow_vdd1v0   worst 
BUFX8              37    139.194    slow_vdd1v0   worst 
CLKAND2X12         29    218.196    slow_vdd1v0   worst 
CLKAND2X2          65    133.380    slow_vdd1v0   worst 
CLKAND2X3          42    129.276    slow_vdd1v0   worst 
CLKAND2X4           5     17.100    slow_vdd1v0   worst 
CLKAND2X6          87    416.556    slow_vdd1v0   worst 
CLKAND2X8           1      5.814    slow_vdd1v0   worst 
CLKBUFX12           4     20.520    slow_vdd1v0   worst 
CLKBUFX16           4     27.360    slow_vdd1v0   worst 
CLKBUFX20           2     16.416    slow_vdd1v0   worst 
CLKBUFX3            1      2.052    slow_vdd1v0   worst 
CLKBUFX4            2      4.788    slow_vdd1v0   worst 
CLKBUFX6            3      9.234    slow_vdd1v0   worst 
CLKBUFX8            2      7.524    slow_vdd1v0   worst 
CLKINVX12          39    160.056    slow_vdd1v0   worst 
CLKINVX16          18     98.496    slow_vdd1v0   worst 
CLKINVX2            1      1.368    slow_vdd1v0   worst 
CLKINVX20           3     19.494    slow_vdd1v0   worst 
CLKINVX3           11     18.810    slow_vdd1v0   worst 
CLKINVX4           81    138.510    slow_vdd1v0   worst 
CLKINVX6           48    114.912    slow_vdd1v0   worst 
CLKINVX8           40    123.120    slow_vdd1v0   worst 
CLKMX2X2            8     24.624    slow_vdd1v0   worst 
CLKMX2X3           51    209.304    slow_vdd1v0   worst 
CLKXOR2X1          21     57.456    slow_vdd1v0   worst 
CLKXOR2X2           6     20.520    slow_vdd1v0   worst 
DFFHQX1           145    793.440    slow_vdd1v0   worst 
DFFHQX2             2     13.680    slow_vdd1v0   worst 
DFFHQX4            41    336.528    slow_vdd1v0   worst 
DFFHQX8            14    129.276    slow_vdd1v0   worst 
DFFQX1              2     11.628    slow_vdd1v0   worst 
DFFQX2              2     12.996    slow_vdd1v0   worst 
DFFQX4              1      7.182    slow_vdd1v0   worst 
DFFQXL             15     82.080    slow_vdd1v0   worst 
DFFRHQX1           38    233.928    slow_vdd1v0   worst 
DFFRX1              2     13.680    slow_vdd1v0   worst 
DFFRX2              5     37.620    slow_vdd1v0   worst 
DFFX1              34    244.188    slow_vdd1v0   worst 
DFFX2              19    155.952    slow_vdd1v0   worst 
DFFX4              47    433.998    slow_vdd1v0   worst 
EDFFHQX1          151   1291.050    slow_vdd1v0   worst 
EDFFHQX2            9     80.028    slow_vdd1v0   worst 
EDFFHQX4            2     21.204    slow_vdd1v0   worst 
EDFFX4              4     43.776    slow_vdd1v0   worst 
INVX1             115     78.660    slow_vdd1v0   worst 
INVX12              4     16.416    slow_vdd1v0   worst 
INVX16              1      5.472    slow_vdd1v0   worst 
INVX2             115    117.990    slow_vdd1v0   worst 
INVX3              82    112.176    slow_vdd1v0   worst 
INVX4               6     10.260    slow_vdd1v0   worst 
INVX6              10     23.940    slow_vdd1v0   worst 
INVX8               2      6.156    slow_vdd1v0   worst 
INVXL               1      0.684    slow_vdd1v0   worst 
MDFFHQX1           17    145.350    slow_vdd1v0   worst 
MDFFHQX4          106    978.804    slow_vdd1v0   worst 
MX2X1              20     47.880    slow_vdd1v0   worst 
MXI2X1              1      2.736    slow_vdd1v0   worst 
MXI2X2              4     17.784    slow_vdd1v0   worst 
MXI2X4             18     92.340    slow_vdd1v0   worst 
MXI2X6              4     20.520    slow_vdd1v0   worst 
NAND2BX1            8     10.944    slow_vdd1v0   worst 
NAND2BX2           11     26.334    slow_vdd1v0   worst 
NAND2BX4           13     48.906    slow_vdd1v0   worst 
NAND2X1            50     51.300    slow_vdd1v0   worst 
NAND2X2           131    224.010    slow_vdd1v0   worst 
NAND2X4           169    577.980    slow_vdd1v0   worst 
NAND2X6            74    354.312    slow_vdd1v0   worst 
NAND2X8            21    114.912    slow_vdd1v0   worst 
NAND3BX4            1      5.130    slow_vdd1v0   worst 
NAND3X2             7     19.152    slow_vdd1v0   worst 
NAND3X4            14     67.032    slow_vdd1v0   worst 
NAND3X8             1      8.208    slow_vdd1v0   worst 
NAND4X8             2     20.520    slow_vdd1v0   worst 
NOR2BX1            31     42.408    slow_vdd1v0   worst 
NOR2BX2            29     79.344    slow_vdd1v0   worst 
NOR2BX4             8     30.096    slow_vdd1v0   worst 
NOR2X1            100    102.600    slow_vdd1v0   worst 
NOR2X2            174    297.540    slow_vdd1v0   worst 
NOR2X4            288    886.464    slow_vdd1v0   worst 
NOR2X6            146    599.184    slow_vdd1v0   worst 
NOR2X8             48    262.656    slow_vdd1v0   worst 
NOR2XL              2      2.052    slow_vdd1v0   worst 
NOR3BX2             2      6.840    slow_vdd1v0   worst 
NOR3X1              3      5.130    slow_vdd1v0   worst 
NOR3X2              9     24.624    slow_vdd1v0   worst 
NOR3X4              9     46.170    slow_vdd1v0   worst 
NOR3X6              2     14.364    slow_vdd1v0   worst 
NOR4X2              7     23.940    slow_vdd1v0   worst 
NOR4X4              4     25.992    slow_vdd1v0   worst 
NOR4X6              1      8.208    slow_vdd1v0   worst 
OA21X1             30     61.560    slow_vdd1v0   worst 
OA21X4              4     15.048    slow_vdd1v0   worst 
OA22X1              5     11.970    slow_vdd1v0   worst 
OA22X2              1      3.420    slow_vdd1v0   worst 
OAI211X2            4     16.416    slow_vdd1v0   worst 
OAI211X4            7     45.486    slow_vdd1v0   worst 
OAI21X1            20     34.200    slow_vdd1v0   worst 
OAI21X2            64    196.992    slow_vdd1v0   worst 
OAI21X4           117    560.196    slow_vdd1v0   worst 
OAI221X4            1      7.866    slow_vdd1v0   worst 
OAI22X1             3      6.156    slow_vdd1v0   worst 
OAI22X2            26     88.920    slow_vdd1v0   worst 
OAI22X4            25    162.450    slow_vdd1v0   worst 
OAI2BB1X1          18     30.780    slow_vdd1v0   worst 
OAI2BB1X2          69    212.382    slow_vdd1v0   worst 
OAI2BB1X4          35    155.610    slow_vdd1v0   worst 
OAI2BB2X4           4     34.200    slow_vdd1v0   worst 
OAI31X1             2      4.104    slow_vdd1v0   worst 
OAI31X2             6     22.572    slow_vdd1v0   worst 
OAI31X4             8     54.720    slow_vdd1v0   worst 
OR2X1              54     73.872    slow_vdd1v0   worst 
OR2X2              20     34.200    slow_vdd1v0   worst 
OR2X4              21     57.456    slow_vdd1v0   worst 
OR2X6              14     52.668    slow_vdd1v0   worst 
OR2X8               1      4.446    slow_vdd1v0   worst 
OR3X1              18     36.936    slow_vdd1v0   worst 
OR3X2               1      2.394    slow_vdd1v0   worst 
OR3X4               2      6.156    slow_vdd1v0   worst 
OR3X6               1      4.788    slow_vdd1v0   worst 
OR4X1               4      8.208    slow_vdd1v0   worst 
XNOR2X1            32     76.608    slow_vdd1v0   worst 
XNOR2X2            14     43.092    slow_vdd1v0   worst 
XNOR2X4             1      3.762    slow_vdd1v0   worst 
XOR2X2              3     10.260    slow_vdd1v0   worst 
--------------------------------------------------------
total            4716  17973.810                


                                          
     Type      Instances    Area   Area % 
------------------------------------------
sequential           656  5066.388   28.2 
inverter             577  1046.520    5.8 
buffer               110   402.876    2.2 
logic               3373 11458.026   63.7 
physical_cells         0     0.000    0.0 
------------------------------------------
total               4716 17973.810  100.0 

