============================================================
  Generated by:           Genus(TM) Synthesis Solution 21.19-s055_1
  Generated on:           May 23 2026  04:37:08 pm
  Module:                 multiplier32FP
  Operating conditions:   PVT_0P9V_125C 
  Operating conditions:   PVT_1P32V_0C 
  Interconnect mode:      global
  Area mode:              physical library
============================================================

Timing
--------

Clock Period 
-------------
clk   1429.0 


  Cost    Critical               Violating 
 Group   Path Slack     TNS        Paths   
-------------------------------------------
clk         -1198.0   -332951.4        615 
default    No paths         0.0            
-------------------------------------------
Total                 -332951.4        615 

Instance Count
--------------
Leaf Instance Count             4716 
Physical Instance count            0 
Sequential Instance Count        656 
Combinational Instance Count    4060 
Hierarchical Instance Count        4 

Area
----
Cell Area                          17973.810
Physical Cell Area                 0.000
Total Cell Area (Cell+Physical)    17973.810
Net Area                           5618.023
Total Area (Cell+Physical+Net)     23591.833

Max Fanout                         656 (clk)
Min Fanout                         0 (n_180)
Average Fanout                     2.2
Terms to net ratio                 3.1869
Terms to instance ratio            3.3774
Runtime                            774.8150939999999 seconds
Elapsed Runtime                    778 seconds
Genus peak memory usage            2216.29 
Innovus peak memory usage          no_value 
Hostname                           localhost
