============================================================
  Generated by:           Genus(TM) Synthesis Solution 21.19-s055_1
  Generated on:           May 23 2026  03:44:52 pm
  Module:                 multiplier32FP
  Library domain:         worst
    Domain index:         0
    Technology library:   slow_vdd1v0 1.0
  Library domain:         best
    Domain index:         1
    Technology library:   fast_vdd1v2 1.0
  Operating conditions:   PVT_0P9V_125C 
  Operating conditions:   PVT_1P32V_0C 
  Interconnect mode:      global
  Area mode:              physical library
============================================================

     Instance         Module     Cell Count  Normalized Cell Area  Normalized Net Area   Normalized Total Area 
---------------------------------------------------------------------------------------------------------------
multiplier32FP                         4731             17718.000             5546.641               23264.641 
  i_mul_24        mul_24               1979              8518.667             2199.680               10718.347 
  i_post_norm_mul post_norm_mul        2424              8130.333             2871.036               11001.369 
  i_pre_norm_mul  pre_norm_mul          101               290.000               82.989                 372.989 
  u_fsm           fpu_fsm                37               112.000               37.271                 149.271 
