============================================================
  Generated by:           Genus(TM) Synthesis Solution 21.19-s055_1
  Generated on:           May 23 2026  03:44:52 pm
  Module:                 multiplier32FP
  Operating conditions:   PVT_0P9V_125C 
  Operating conditions:   PVT_1P32V_0C 
  Interconnect mode:      global
  Area mode:              physical library
============================================================

Timing
--------

Clock Period 
-------------
clk   1667.0 


  Cost    Critical               Violating 
 Group   Path Slack     TNS        Paths   
-------------------------------------------
clk          -925.4   -205615.6        442 
default    No paths         0.0            
-------------------------------------------
Total                 -205615.6        442 

Instance Count
--------------
Leaf Instance Count             4731 
Physical Instance count            0 
Sequential Instance Count        656 
Combinational Instance Count    4075 
Hierarchical Instance Count        4 

Area
----
Cell Area                          18178.668
Physical Cell Area                 0.000
Total Cell Area (Cell+Physical)    18178.668
Net Area                           5690.854
Total Area (Cell+Physical+Net)     23869.522

Max Fanout                         656 (clk)
Min Fanout                         0 (n_150)
Average Fanout                     2.3
Terms to net ratio                 3.2469
Terms to instance ratio            3.4103
Runtime                            785.34436 seconds
Elapsed Runtime                    788 seconds
Genus peak memory usage            2223.30 
Innovus peak memory usage          no_value 
Hostname                           localhost
