============================================================
  Generated by:           Genus(TM) Synthesis Solution 21.19-s055_1
  Generated on:           May 23 2026  03:44:52 pm
  Module:                 multiplier32FP
  Operating conditions:   PVT_0P9V_125C 
  Operating conditions:   PVT_1P32V_0C 
  Interconnect mode:      global
  Area mode:              physical library
============================================================


Path 1: VIOLATED (-925 ps) Setup Check with Pin i_mul_24/prod2_reg[3][3][8]/CK->D1
          Group: clk
     Startpoint: (R) i_mul_24/count_reg[0]/CK
          Clock: (R) clk
       Endpoint: (R) i_mul_24/prod2_reg[3][3][8]/D1
          Clock: (R) clk

                     Capture       Launch     
        Clock Edge:+    1667            0     
       Src Latency:+       0            0     
       Net Latency:+     100 (I)      100 (I) 
           Arrival:=    1767          100     
                                              
             Setup:-     218                  
       Uncertainty:-      50                  
     Required Time:=    1499                  
      Launch Clock:-     100                  
         Data Path:-    2324                  
             Slack:=    -925                  

#-------------------------------------------------------------------------------------------------------
#         Timing Point           Flags   Arc   Edge   Cell     Fanout Load Trans Delay Arrival Instance 
#                                                                     (fF)  (ps)  (ps)   (ps)  Location 
#-------------------------------------------------------------------------------------------------------
  i_mul_24/count_reg[0]/CK       -       -     R     (arrival)    656    -     0     0     100    (-,-) 
  i_mul_24/count_reg[0]/Q        -       CK->Q R     DFFX2          1  4.5    62   216     316    (-,-) 
  i_mul_24/fopt32/Y              -       A->Y  R     CLKBUFX16      3 26.6    59   120     436    (-,-) 
  i_mul_24/fopt9/Y               -       A->Y  F     CLKINVX20     12 34.9    71    66     502    (-,-) 
  i_mul_24/g3__6417/Y            -       B->Y  R     NOR2BX4        1  4.5    80    79     581    (-,-) 
  i_mul_24/g2__7410/Y            -       B0->Y F     AOI21X4        1  7.2   150    77     658    (-,-) 
  i_mul_24/g8588/Y               -       A->Y  R     CLKINVX12     12 33.8    93   106     764    (-,-) 
  i_mul_24/mul_197_52_g4045/Y    -       B->Y  F     NAND2X8        2  5.0    82    92     855    (-,-) 
  i_mul_24/mul_197_52_g3993/S    -       A->S  R     ADDHX1         1  3.3    86   248    1104    (-,-) 
  i_mul_24/mul_197_52_g4091/Y    -       B->Y  F     XOR2X2         3  9.1   144   262    1366    (-,-) 
  i_mul_24/mul_197_52_g4085/Y    -       B->Y  F     CLKAND2X3      1  5.8    67   160    1526    (-,-) 
  i_mul_24/mul_197_52_g3951/Y    -       B->Y  R     NOR2X8         2  7.8    73    73    1599    (-,-) 
  i_mul_24/mul_197_52_g3928/Y    -       B->Y  R     CLKAND2X6      2  8.4    49   121    1720    (-,-) 
  i_mul_24/mul_197_52_g3920/Y    -       B->Y  F     NOR2X8         2 10.2    65    54    1774    (-,-) 
  i_mul_24/mul_197_52_g3901/Y    -       B->Y  R     NOR2X8         1  6.1    64    66    1840    (-,-) 
  i_mul_24/mul_197_52_g3894/Y    -       B->Y  F     NAND2X8        1  5.8    83    82    1923    (-,-) 
  i_mul_24/mul_197_52_g3877/Y    -       B->Y  R     NAND2X8        2  6.6    44    58    1980    (-,-) 
  i_mul_24/mul_197_52_g3867/Y    -       A1->Y F     OAI21X4        1  4.4   114    97    2077    (-,-) 
  i_mul_24/mul_197_52_g3858/Y    -       A1->Y R     AOI21X4        1  3.3    68   107    2184    (-,-) 
  i_mul_24/mul_197_52_g3856/Y    -       S0->Y R     MXI2X4         4  8.8    64   240    2424    (-,-) 
  i_mul_24/prod2_reg[3][3][8]/D1 <<<     -     R     MDFFHQX1       4    -     -     0    2424    (-,-) 
#-------------------------------------------------------------------------------------------------------

