============================================================
  Generated by:           Genus(TM) Synthesis Solution 21.19-s055_1
  Generated on:           May 23 2026  03:44:52 pm
  Module:                 multiplier32FP
  Operating conditions:   PVT_0P9V_125C 
  Operating conditions:   PVT_1P32V_0C 
  Interconnect mode:      global
  Area mode:              physical library
============================================================

                                                Library 
   Gate     Instances    Area        Library     Domain 
--------------------------------------------------------
ADDFHX2            53    435.024    slow_vdd1v0   worst 
ADDFX1              9     46.170    slow_vdd1v0   worst 
ADDHX1             16     60.192    slow_vdd1v0   worst 
ADDHX2             10     51.300    slow_vdd1v0   worst 
ADDHX4              2     14.364    slow_vdd1v0   worst 
AND2X1            106    145.008    slow_vdd1v0   worst 
AND2X2             19     32.490    slow_vdd1v0   worst 
AND2X4             20     54.720    slow_vdd1v0   worst 
AND2X6             31    116.622    slow_vdd1v0   worst 
AND2X8              5     22.230    slow_vdd1v0   worst 
AND3X1              1      2.394    slow_vdd1v0   worst 
AND3X6              5     22.230    slow_vdd1v0   worst 
AND3XL              6     12.312    slow_vdd1v0   worst 
AND4X1              1      2.394    slow_vdd1v0   worst 
AND4X6              1      5.814    slow_vdd1v0   worst 
AO21X1             41     98.154    slow_vdd1v0   worst 
AO21X2              7     19.152    slow_vdd1v0   worst 
AO21X4              3     10.260    slow_vdd1v0   worst 
AO22X1             36     98.496    slow_vdd1v0   worst 
AO22X4              1      3.762    slow_vdd1v0   worst 
AOI211X2            6     20.520    slow_vdd1v0   worst 
AOI211X4           15     97.470    slow_vdd1v0   worst 
AOI21X1            46     78.660    slow_vdd1v0   worst 
AOI21X2            80    218.880    slow_vdd1v0   worst 
AOI21X4           104    533.520    slow_vdd1v0   worst 
AOI21XL             1      1.710    slow_vdd1v0   worst 
AOI221X2           11     48.906    slow_vdd1v0   worst 
AOI221X4           15    117.990    slow_vdd1v0   worst 
AOI222X2            5     27.360    slow_vdd1v0   worst 
AOI222X4           14    134.064    slow_vdd1v0   worst 
AOI22X1            10     20.520    slow_vdd1v0   worst 
AOI22X2            50    188.100    slow_vdd1v0   worst 
AOI22X4            54    332.424    slow_vdd1v0   worst 
AOI22XL             1      2.052    slow_vdd1v0   worst 
AOI2BB1X1          13     26.676    slow_vdd1v0   worst 
AOI2BB1X2          43    132.354    slow_vdd1v0   worst 
AOI2BB1X4          58    238.032    slow_vdd1v0   worst 
AOI2BB2X2           3     15.390    slow_vdd1v0   worst 
AOI2BB2X4          19    142.956    slow_vdd1v0   worst 
AOI31X2            11     37.620    slow_vdd1v0   worst 
AOI31X4             4     25.992    slow_vdd1v0   worst 
AOI32X2             1      4.446    slow_vdd1v0   worst 
AOI32X4             2     15.732    slow_vdd1v0   worst 
BUFX12              1      5.130    slow_vdd1v0   worst 
BUFX2               5      8.550    slow_vdd1v0   worst 
BUFX3              12     24.624    slow_vdd1v0   worst 
BUFX6              35    107.730    slow_vdd1v0   worst 
BUFX8              37    139.194    slow_vdd1v0   worst 
CLKAND2X12         28    210.672    slow_vdd1v0   worst 
CLKAND2X2          53    108.756    slow_vdd1v0   worst 
CLKAND2X3          55    169.290    slow_vdd1v0   worst 
CLKAND2X4          13     44.460    slow_vdd1v0   worst 
CLKAND2X6          90    430.920    slow_vdd1v0   worst 
CLKAND2X8           9     52.326    slow_vdd1v0   worst 
CLKBUFX12           3     15.390    slow_vdd1v0   worst 
CLKBUFX16           2     13.680    slow_vdd1v0   worst 
CLKBUFX2            1      1.710    slow_vdd1v0   worst 
CLKBUFX20           1      8.208    slow_vdd1v0   worst 
CLKBUFX4            2      4.788    slow_vdd1v0   worst 
CLKBUFX6            4     12.312    slow_vdd1v0   worst 
CLKINVX12          33    135.432    slow_vdd1v0   worst 
CLKINVX16          11     60.192    slow_vdd1v0   worst 
CLKINVX2            8     10.944    slow_vdd1v0   worst 
CLKINVX20           3     19.494    slow_vdd1v0   worst 
CLKINVX3            5      8.550    slow_vdd1v0   worst 
CLKINVX4           82    140.220    slow_vdd1v0   worst 
CLKINVX6           37     88.578    slow_vdd1v0   worst 
CLKINVX8           29     89.262    slow_vdd1v0   worst 
CLKMX2X2           18     55.404    slow_vdd1v0   worst 
CLKMX2X3           51    209.304    slow_vdd1v0   worst 
CLKXOR2X1          27     73.872    slow_vdd1v0   worst 
DFFHQX1           124    678.528    slow_vdd1v0   worst 
DFFHQX2             3     20.520    slow_vdd1v0   worst 
DFFHQX4            20    164.160    slow_vdd1v0   worst 
DFFHQX8            12    110.808    slow_vdd1v0   worst 
DFFQX1              6     34.884    slow_vdd1v0   worst 
DFFQX2             51    331.398    slow_vdd1v0   worst 
DFFQX4              1      7.182    slow_vdd1v0   worst 
DFFQXL             19    103.968    slow_vdd1v0   worst 
DFFRHQX1           38    233.928    slow_vdd1v0   worst 
DFFRHQX4            1      9.576    slow_vdd1v0   worst 
DFFRX2              5     37.620    slow_vdd1v0   worst 
DFFX1              22    158.004    slow_vdd1v0   worst 
DFFX2              15    123.120    slow_vdd1v0   worst 
DFFX4              49    452.466    slow_vdd1v0   worst 
EDFFHQX1          134   1145.700    slow_vdd1v0   worst 
EDFFHQX4            4     42.408    slow_vdd1v0   worst 
EDFFHQX8            1     11.628    slow_vdd1v0   worst 
EDFFX4              4     43.776    slow_vdd1v0   worst 
INVX1             128     87.552    slow_vdd1v0   worst 
INVX12              2      8.208    slow_vdd1v0   worst 
INVX16              2     10.944    slow_vdd1v0   worst 
INVX2             100    102.600    slow_vdd1v0   worst 
INVX3              68     93.024    slow_vdd1v0   worst 
INVX4               6     10.260    slow_vdd1v0   worst 
INVX6               6     14.364    slow_vdd1v0   worst 
INVX8               1      3.078    slow_vdd1v0   worst 
INVXL               4      2.736    slow_vdd1v0   worst 
MDFFHQX1           26    222.300    slow_vdd1v0   worst 
MDFFHQX2            1      9.234    slow_vdd1v0   worst 
MDFFHQX4          120   1108.080    slow_vdd1v0   worst 
MX2X1              17     40.698    slow_vdd1v0   worst 
MX4X1               5     37.620    slow_vdd1v0   worst 
MX4XL               2     14.364    slow_vdd1v0   worst 
MXI2X1              1      2.736    slow_vdd1v0   worst 
MXI2X2              1      4.446    slow_vdd1v0   worst 
MXI2X4             26    133.380    slow_vdd1v0   worst 
MXI4X1              1      7.182    slow_vdd1v0   worst 
NAND2BX1           10     13.680    slow_vdd1v0   worst 
NAND2BX2           20     47.880    slow_vdd1v0   worst 
NAND2BX4           17     63.954    slow_vdd1v0   worst 
NAND2BXL            1      1.368    slow_vdd1v0   worst 
NAND2X1            51     52.326    slow_vdd1v0   worst 
NAND2X2           160    273.600    slow_vdd1v0   worst 
NAND2X4           173    591.660    slow_vdd1v0   worst 
NAND2X6            54    258.552    slow_vdd1v0   worst 
NAND2X8            48    262.656    slow_vdd1v0   worst 
NAND2XL             8      8.208    slow_vdd1v0   worst 
NAND3BX2            1      3.078    slow_vdd1v0   worst 
NAND3BX4            2     10.260    slow_vdd1v0   worst 
NAND3X1             1      1.710    slow_vdd1v0   worst 
NAND3X2             4     10.944    slow_vdd1v0   worst 
NAND3X4             1      4.788    slow_vdd1v0   worst 
NAND3X6             3     21.546    slow_vdd1v0   worst 
NAND3X8             1      8.208    slow_vdd1v0   worst 
NAND4X4             1      6.840    slow_vdd1v0   worst 
NAND4X6             1      8.550    slow_vdd1v0   worst 
NAND4X8             2     20.520    slow_vdd1v0   worst 
NOR2BX1            25     34.200    slow_vdd1v0   worst 
NOR2BX2            40    109.440    slow_vdd1v0   worst 
NOR2BX4            34    127.908    slow_vdd1v0   worst 
NOR2BXL             1      1.710    slow_vdd1v0   worst 
NOR2X1             79     81.054    slow_vdd1v0   worst 
NOR2X2            121    206.910    slow_vdd1v0   worst 
NOR2X4            290    892.620    slow_vdd1v0   worst 
NOR2X6            153    627.912    slow_vdd1v0   worst 
NOR2X8             55    300.960    slow_vdd1v0   worst 
NOR2XL              2      2.052    slow_vdd1v0   worst 
NOR3BX1             1      2.052    slow_vdd1v0   worst 
NOR3BX2             3     10.260    slow_vdd1v0   worst 
NOR3BX4             1      5.814    slow_vdd1v0   worst 
NOR3X1              3      5.130    slow_vdd1v0   worst 
NOR3X2              6     16.416    slow_vdd1v0   worst 
NOR3X4              4     20.520    slow_vdd1v0   worst 
NOR3X6             12     86.184    slow_vdd1v0   worst 
NOR3X8              4     35.568    slow_vdd1v0   worst 
NOR3XL              2      3.420    slow_vdd1v0   worst 
NOR4BX2             1      4.788    slow_vdd1v0   worst 
NOR4X2              4     13.680    slow_vdd1v0   worst 
NOR4X4              4     25.992    slow_vdd1v0   worst 
NOR4X6              1      8.208    slow_vdd1v0   worst 
OA21X1             42     86.184    slow_vdd1v0   worst 
OA21X2              3      9.234    slow_vdd1v0   worst 
OA21X4              5     18.810    slow_vdd1v0   worst 
OA22X1             24     57.456    slow_vdd1v0   worst 
OA22X2              2      6.840    slow_vdd1v0   worst 
OA22X4              1      4.104    slow_vdd1v0   worst 
OAI211X2            2      8.208    slow_vdd1v0   worst 
OAI211X4            1      6.498    slow_vdd1v0   worst 
OAI21X1            21     35.910    slow_vdd1v0   worst 
OAI21X2            43    132.354    slow_vdd1v0   worst 
OAI21X4           109    521.892    slow_vdd1v0   worst 
OAI221X2            1      4.788    slow_vdd1v0   worst 
OAI221X4            2     15.732    slow_vdd1v0   worst 
OAI222X4            1      9.234    slow_vdd1v0   worst 
OAI22X1            11     22.572    slow_vdd1v0   worst 
OAI22X2            22     75.240    slow_vdd1v0   worst 
OAI22X4            17    110.466    slow_vdd1v0   worst 
OAI2BB1X1          21     35.910    slow_vdd1v0   worst 
OAI2BB1X2          64    196.992    slow_vdd1v0   worst 
OAI2BB1X4          51    226.746    slow_vdd1v0   worst 
OAI2BB2X2           2     10.944    slow_vdd1v0   worst 
OAI2BB2X4           1      8.550    slow_vdd1v0   worst 
OAI31X1             1      2.052    slow_vdd1v0   worst 
OAI31X2             5     18.810    slow_vdd1v0   worst 
OAI31X4             6     41.040    slow_vdd1v0   worst 
OAI32X2             1      4.446    slow_vdd1v0   worst 
OAI32X4             3     24.624    slow_vdd1v0   worst 
OR2X1              69     94.392    slow_vdd1v0   worst 
OR2X2              21     35.910    slow_vdd1v0   worst 
OR2X4              18     49.248    slow_vdd1v0   worst 
OR2X6              16     60.192    slow_vdd1v0   worst 
OR2X8               8     35.568    slow_vdd1v0   worst 
OR3X1              18     36.936    slow_vdd1v0   worst 
OR3X2               3      7.182    slow_vdd1v0   worst 
OR3X4               2      6.156    slow_vdd1v0   worst 
OR3X6               2      9.576    slow_vdd1v0   worst 
OR4X1               6     12.312    slow_vdd1v0   worst 
OR4X4               1      3.762    slow_vdd1v0   worst 
OR4X6               3     16.416    slow_vdd1v0   worst 
XNOR2X1            40     95.760    slow_vdd1v0   worst 
XNOR2X2            19     58.482    slow_vdd1v0   worst 
XNOR2X4             4     15.048    slow_vdd1v0   worst 
XOR2X2              6     20.520    slow_vdd1v0   worst 
XOR2X4              4     16.416    slow_vdd1v0   worst 
XOR3X1              4     30.096    slow_vdd1v0   worst 
--------------------------------------------------------
total            4731  18178.668                


                                          
     Type      Instances    Area   Area % 
------------------------------------------
sequential           656  5049.288   27.8 
inverter             525   885.438    4.9 
buffer               103   341.316    1.9 
logic               3447 11902.626   65.5 
physical_cells         0     0.000    0.0 
------------------------------------------
total               4731 18178.668  100.0 

