============================================================
  Generated by:           Genus(TM) Synthesis Solution 21.19-s055_1
  Generated on:           May 23 2026  03:44:52 pm
  Module:                 multiplier32FP
  Library domain:         worst
    Domain index:         0
    Technology library:   slow_vdd1v0 1.0
  Library domain:         best
    Domain index:         1
    Technology library:   fast_vdd1v2 1.0
  Operating conditions:   PVT_0P9V_125C 
  Operating conditions:   PVT_1P32V_0C 
  Interconnect mode:      global
  Area mode:              physical library
============================================================

     Instance         Module     Cell Count  Cell Area  Net Area   Total Area 
------------------------------------------------------------------------------
multiplier32FP                         4731  18178.668  5690.854    23869.522 
  i_mul_24        mul_24               1979   8740.152  2256.872    10997.024 
  i_post_norm_mul post_norm_mul        2424   8341.722  2945.683    11287.405 
  i_pre_norm_mul  pre_norm_mul          101    297.540    85.146      382.686 
  u_fsm           fpu_fsm                37    114.912    38.240      153.152 
