============================================================
  Generated by:           Genus(TM) Synthesis Solution 21.19-s055_1
  Generated on:           May 22 2026  05:02:15 pm
  Module:                 multiplier32FP
  Library domain:         worst
    Domain index:         0
    Technology library:   slow_vdd1v0 1.0
  Library domain:         best
    Domain index:         1
    Technology library:   fast_vdd1v2 1.0
  Operating conditions:   PVT_0P9V_125C 
  Operating conditions:   PVT_1P32V_0C 
  Interconnect mode:      global
  Area mode:              physical library
============================================================

     Instance         Module     Cell Count  Cell Area  Net Area   Total Area 
------------------------------------------------------------------------------
multiplier32FP                         4045  12832.182  5091.541    17923.723 
  i_mul_24        mul_24               1415   6148.818  1665.428     7814.246 
  i_post_norm_mul post_norm_mul        2352   5815.368  2984.436     8799.804 
  i_pre_norm_mul  pre_norm_mul           64    215.802    53.178      268.980 
  u_fsm           fpu_fsm                34    112.176    37.137      149.313 
