============================================================
  Generated by:           Genus(TM) Synthesis Solution 21.19-s055_1
  Generated on:           May 22 2026  05:02:15 pm
  Module:                 multiplier32FP
  Operating conditions:   PVT_0P9V_125C 
  Operating conditions:   PVT_1P32V_0C 
  Interconnect mode:      global
  Area mode:              physical library
============================================================

                                                Library 
   Gate     Instances    Area        Library     Domain 
--------------------------------------------------------
ADDFHX1            21    158.004    slow_vdd1v0   worst 
ADDFHX2            23    188.784    slow_vdd1v0   worst 
ADDFX1             58    297.540    slow_vdd1v0   worst 
ADDFX2              4     31.464    slow_vdd1v0   worst 
ADDHX1             22     82.764    slow_vdd1v0   worst 
ADDHX2              1      5.130    slow_vdd1v0   worst 
AND2X1            232    317.376    slow_vdd1v0   worst 
AND2X2             19     32.490    slow_vdd1v0   worst 
AND2X4             13     35.568    slow_vdd1v0   worst 
AND2X6              6     22.572    slow_vdd1v0   worst 
AND3X1              3      7.182    slow_vdd1v0   worst 
AND3X2              1      2.736    slow_vdd1v0   worst 
AND3X4              2      6.156    slow_vdd1v0   worst 
AND3X6              1      4.446    slow_vdd1v0   worst 
AND3XL             22     45.144    slow_vdd1v0   worst 
AND4X1             13     31.122    slow_vdd1v0   worst 
AND4X6              1      5.814    slow_vdd1v0   worst 
AO21X1             38     90.972    slow_vdd1v0   worst 
AO21X2              1      2.736    slow_vdd1v0   worst 
AO21X4              1      3.420    slow_vdd1v0   worst 
AO22X1             51    139.536    slow_vdd1v0   worst 
AOI211X1            4      9.576    slow_vdd1v0   worst 
AOI211X2           12     41.040    slow_vdd1v0   worst 
AOI21X1           135    230.850    slow_vdd1v0   worst 
AOI21X2            34     93.024    slow_vdd1v0   worst 
AOI21X4            38    194.940    slow_vdd1v0   worst 
AOI221X2           19     84.474    slow_vdd1v0   worst 
AOI221X4            1      7.866    slow_vdd1v0   worst 
AOI222X2            1      5.472    slow_vdd1v0   worst 
AOI222X4            1      9.576    slow_vdd1v0   worst 
AOI22X1            76    155.952    slow_vdd1v0   worst 
AOI22X2            23     86.526    slow_vdd1v0   worst 
AOI22X4            31    190.836    slow_vdd1v0   worst 
AOI2BB1X1          40     82.080    slow_vdd1v0   worst 
AOI2BB1X2           6     18.468    slow_vdd1v0   worst 
AOI2BB1X4           8     32.832    slow_vdd1v0   worst 
AOI2BB2X2           2     10.260    slow_vdd1v0   worst 
AOI2BB2X4           1      7.524    slow_vdd1v0   worst 
AOI31X2            10     34.200    slow_vdd1v0   worst 
AOI31X4             1      6.498    slow_vdd1v0   worst 
AOI32X4             2     15.732    slow_vdd1v0   worst 
BUFX12              1      5.130    slow_vdd1v0   worst 
BUFX2               3      5.130    slow_vdd1v0   worst 
BUFX3               6     12.312    slow_vdd1v0   worst 
BUFX6               2      6.156    slow_vdd1v0   worst 
BUFX8              37    139.194    slow_vdd1v0   worst 
CLKAND2X12         13     97.812    slow_vdd1v0   worst 
CLKAND2X2          25     51.300    slow_vdd1v0   worst 
CLKAND2X3          34    104.652    slow_vdd1v0   worst 
CLKAND2X6          11     52.668    slow_vdd1v0   worst 
CLKBUFX12           1      5.130    slow_vdd1v0   worst 
CLKINVX12          15     61.560    slow_vdd1v0   worst 
CLKINVX16           3     16.416    slow_vdd1v0   worst 
CLKINVX20           3     19.494    slow_vdd1v0   worst 
CLKINVX4           10     17.100    slow_vdd1v0   worst 
CLKINVX6           15     35.910    slow_vdd1v0   worst 
CLKINVX8           18     55.404    slow_vdd1v0   worst 
CLKXOR2X1          21     57.456    slow_vdd1v0   worst 
DFFHQX1           216   1181.952    slow_vdd1v0   worst 
DFFHQX4             6     49.248    slow_vdd1v0   worst 
DFFHQX8            11    101.574    slow_vdd1v0   worst 
DFFQX2              3     19.494    slow_vdd1v0   worst 
DFFQX4              1      7.182    slow_vdd1v0   worst 
DFFQXL              1      5.472    slow_vdd1v0   worst 
DFFRHQX1           39    240.084    slow_vdd1v0   worst 
DFFRHQX4            1      9.576    slow_vdd1v0   worst 
DFFRX1              1      6.840    slow_vdd1v0   worst 
DFFRX2              3     22.572    slow_vdd1v0   worst 
DFFX1              29    208.278    slow_vdd1v0   worst 
DFFX2              38    311.904    slow_vdd1v0   worst 
DFFX4              18    166.212    slow_vdd1v0   worst 
EDFFHQX1          280   2394.000    slow_vdd1v0   worst 
EDFFHQX2            4     35.568    slow_vdd1v0   worst 
INVX1             175    119.700    slow_vdd1v0   worst 
INVX16              1      5.472    slow_vdd1v0   worst 
INVX2              55     56.430    slow_vdd1v0   worst 
INVX3              16     21.888    slow_vdd1v0   worst 
INVX4               2      3.420    slow_vdd1v0   worst 
INVX6               1      2.394    slow_vdd1v0   worst 
MDFFHQX1            4     34.200    slow_vdd1v0   worst 
MDFFHQX4            1      9.234    slow_vdd1v0   worst 
MX2X1             114    272.916    slow_vdd1v0   worst 
MX3X1               1      5.130    slow_vdd1v0   worst 
MXI2X1              3      8.208    slow_vdd1v0   worst 
MXI2X2             18     80.028    slow_vdd1v0   worst 
MXI2X4              4     20.520    slow_vdd1v0   worst 
MXI2X6              6     30.780    slow_vdd1v0   worst 
NAND2BX1           20     27.360    slow_vdd1v0   worst 
NAND2BX2           19     45.486    slow_vdd1v0   worst 
NAND2BX4            5     18.810    slow_vdd1v0   worst 
NAND2X1            98    100.548    slow_vdd1v0   worst 
NAND2X2           100    171.000    slow_vdd1v0   worst 
NAND2X4            62    212.040    slow_vdd1v0   worst 
NAND2X6             8     38.304    slow_vdd1v0   worst 
NAND2X8             3     16.416    slow_vdd1v0   worst 
NAND3BX2            3      9.234    slow_vdd1v0   worst 
NAND3BX4            3     15.390    slow_vdd1v0   worst 
NAND3X2             8     21.888    slow_vdd1v0   worst 
NAND3X4             1      4.788    slow_vdd1v0   worst 
NOR2BX1            80    109.440    slow_vdd1v0   worst 
NOR2BX2            13     35.568    slow_vdd1v0   worst 
NOR2BX4             8     30.096    slow_vdd1v0   worst 
NOR2X1            161    165.186    slow_vdd1v0   worst 
NOR2X2             73    124.830    slow_vdd1v0   worst 
NOR2X4             77    237.006    slow_vdd1v0   worst 
NOR2X6             21     86.184    slow_vdd1v0   worst 
NOR2X8             19    103.968    slow_vdd1v0   worst 
NOR3BX1             2      4.104    slow_vdd1v0   worst 
NOR3X1              4      6.840    slow_vdd1v0   worst 
NOR3X2              2      5.472    slow_vdd1v0   worst 
NOR3X6              2     14.364    slow_vdd1v0   worst 
NOR3X8              4     35.568    slow_vdd1v0   worst 
NOR4X2             12     41.040    slow_vdd1v0   worst 
NOR4X4              2     12.996    slow_vdd1v0   worst 
OA21X1             97    199.044    slow_vdd1v0   worst 
OA21X2              2      6.156    slow_vdd1v0   worst 
OA21X4              1      3.762    slow_vdd1v0   worst 
OA22X1            137    327.978    slow_vdd1v0   worst 
OAI211X4            1      6.498    slow_vdd1v0   worst 
OAI21X1            86    147.060    slow_vdd1v0   worst 
OAI21X2            24     73.872    slow_vdd1v0   worst 
OAI21X4            32    153.216    slow_vdd1v0   worst 
OAI221X4            3     23.598    slow_vdd1v0   worst 
OAI22X1            60    123.120    slow_vdd1v0   worst 
OAI22X2            10     34.200    slow_vdd1v0   worst 
OAI22X4             1      6.498    slow_vdd1v0   worst 
OAI2BB1X1         172    294.120    slow_vdd1v0   worst 
OAI2BB1X2           8     24.624    slow_vdd1v0   worst 
OAI2BB1X4           1      4.446    slow_vdd1v0   worst 
OAI2BB2X1           1      4.104    slow_vdd1v0   worst 
OAI31X1             6     12.312    slow_vdd1v0   worst 
OAI31X2             3     11.286    slow_vdd1v0   worst 
OAI31X4             1      6.840    slow_vdd1v0   worst 
OR2X1             129    176.472    slow_vdd1v0   worst 
OR2X2              28     47.880    slow_vdd1v0   worst 
OR2X4              19     51.984    slow_vdd1v0   worst 
OR2X6               8     30.096    slow_vdd1v0   worst 
OR2X8               1      4.446    slow_vdd1v0   worst 
OR3X1              32     65.664    slow_vdd1v0   worst 
OR3X2               3      7.182    slow_vdd1v0   worst 
OR4X1              46     94.392    slow_vdd1v0   worst 
OR4X2               1      3.420    slow_vdd1v0   worst 
XNOR2X1            55    131.670    slow_vdd1v0   worst 
XNOR2X2            13     40.014    slow_vdd1v0   worst 
XOR2X2              6     20.520    slow_vdd1v0   worst 
--------------------------------------------------------
total            4045  12832.182                


                                          
     Type      Instances    Area   Area % 
------------------------------------------
sequential           656  4803.390   37.4 
inverter             314   415.188    3.2 
buffer                50   173.052    1.3 
logic               3025  7440.552   58.0 
physical_cells         0     0.000    0.0 
------------------------------------------
total               4045 12832.182  100.0 

