============================================================
  Generated by:           Genus(TM) Synthesis Solution 21.19-s055_1
  Generated on:           May 22 2026  05:02:15 pm
  Module:                 multiplier32FP
  Library domain:         worst
    Domain index:         0
    Technology library:   slow_vdd1v0 1.0
  Library domain:         best
    Domain index:         1
    Technology library:   fast_vdd1v2 1.0
  Operating conditions:   PVT_0P9V_125C 
  Operating conditions:   PVT_1P32V_0C 
  Interconnect mode:      global
  Area mode:              physical library
============================================================

     Instance         Module     Cell Count  Normalized Cell Area  Normalized Net Area   Normalized Total Area 
---------------------------------------------------------------------------------------------------------------
multiplier32FP                         4045             12507.000             4962.516               17469.516 
  i_mul_24        mul_24               1415              5993.000             1623.224                7616.224 
  i_post_norm_mul post_norm_mul        2352              5668.000             2908.807                8576.807 
  i_pre_norm_mul  pre_norm_mul           64               210.333               51.831                 262.164 
  u_fsm           fpu_fsm                34               109.333               36.196                 145.530 
