============================================================
  Generated by:           Genus(TM) Synthesis Solution 21.19-s055_1
  Generated on:           May 25 2026  09:25:58 am
  Module:                 multiplier32FP
  Operating conditions:   PVT_0P9V_125C 
  Operating conditions:   PVT_1P32V_0C 
  Interconnect mode:      global
  Area mode:              physical library
============================================================

                                                Library 
   Gate     Instances    Area        Library     Domain 
--------------------------------------------------------
ADDFHX1            14    105.336    slow_vdd1v0   worst 
ADDFHX2            36    295.488    slow_vdd1v0   worst 
ADDFHX4             1      9.576    slow_vdd1v0   worst 
ADDFHXL             4     30.096    slow_vdd1v0   worst 
ADDFX1             52    266.760    slow_vdd1v0   worst 
ADDHX1             18     67.716    slow_vdd1v0   worst 
ADDHX4              1      7.182    slow_vdd1v0   worst 
AND2X1            215    294.120    slow_vdd1v0   worst 
AND2X2             26     44.460    slow_vdd1v0   worst 
AND2X4              9     24.624    slow_vdd1v0   worst 
AND2X6              7     26.334    slow_vdd1v0   worst 
AND3X1              4      9.576    slow_vdd1v0   worst 
AND3X4              1      3.078    slow_vdd1v0   worst 
AND3X6              1      4.446    slow_vdd1v0   worst 
AND3XL              9     18.468    slow_vdd1v0   worst 
AND4X1              8     19.152    slow_vdd1v0   worst 
AND4X6              1      5.814    slow_vdd1v0   worst 
AO21X1             42    100.548    slow_vdd1v0   worst 
AO21X2              2      5.472    slow_vdd1v0   worst 
AO21X4              1      3.420    slow_vdd1v0   worst 
AO22X1             52    142.272    slow_vdd1v0   worst 
AOI211X1            1      2.394    slow_vdd1v0   worst 
AOI211X2           11     37.620    slow_vdd1v0   worst 
AOI211X4            1      6.498    slow_vdd1v0   worst 
AOI21X1           145    247.950    slow_vdd1v0   worst 
AOI21X2            55    150.480    slow_vdd1v0   worst 
AOI21X4            47    241.110    slow_vdd1v0   worst 
AOI221X1            1      2.394    slow_vdd1v0   worst 
AOI221X2           11     48.906    slow_vdd1v0   worst 
AOI221X4            1      7.866    slow_vdd1v0   worst 
AOI222X2            2     10.944    slow_vdd1v0   worst 
AOI22X1            60    123.120    slow_vdd1v0   worst 
AOI22X2            20     75.240    slow_vdd1v0   worst 
AOI22X4            14     86.184    slow_vdd1v0   worst 
AOI2BB1X1          38     77.976    slow_vdd1v0   worst 
AOI2BB1X2           6     18.468    slow_vdd1v0   worst 
AOI2BB1X4          12     49.248    slow_vdd1v0   worst 
AOI2BB2X1           1      3.420    slow_vdd1v0   worst 
AOI2BB2X4           8     60.192    slow_vdd1v0   worst 
AOI31X2            11     37.620    slow_vdd1v0   worst 
AOI32X2             2      8.892    slow_vdd1v0   worst 
AOI32X4             2     15.732    slow_vdd1v0   worst 
BUFX12              1      5.130    slow_vdd1v0   worst 
BUFX2               6     10.260    slow_vdd1v0   worst 
BUFX3               6     12.312    slow_vdd1v0   worst 
BUFX6               8     24.624    slow_vdd1v0   worst 
BUFX8              37    139.194    slow_vdd1v0   worst 
CLKAND2X12         10     75.240    slow_vdd1v0   worst 
CLKAND2X2          41     84.132    slow_vdd1v0   worst 
CLKAND2X3          39    120.042    slow_vdd1v0   worst 
CLKAND2X6          44    210.672    slow_vdd1v0   worst 
CLKAND2X8           2     11.628    slow_vdd1v0   worst 
CLKBUFX16           2     13.680    slow_vdd1v0   worst 
CLKBUFX6            5     15.390    slow_vdd1v0   worst 
CLKINVX12           8     32.832    slow_vdd1v0   worst 
CLKINVX16           1      5.472    slow_vdd1v0   worst 
CLKINVX20           4     25.992    slow_vdd1v0   worst 
CLKINVX4           26     44.460    slow_vdd1v0   worst 
CLKINVX6           22     52.668    slow_vdd1v0   worst 
CLKINVX8           19     58.482    slow_vdd1v0   worst 
CLKMX2X2            3      9.234    slow_vdd1v0   worst 
CLKMX2X3           12     49.248    slow_vdd1v0   worst 
CLKXOR2X1          17     46.512    slow_vdd1v0   worst 
DFFHQX1           220   1203.840    slow_vdd1v0   worst 
DFFHQX4            21    172.368    slow_vdd1v0   worst 
DFFHQX8            13    120.042    slow_vdd1v0   worst 
DFFQX2             47    305.406    slow_vdd1v0   worst 
DFFQX4              9     64.638    slow_vdd1v0   worst 
DFFQXL              1      5.472    slow_vdd1v0   worst 
DFFRHQX1           39    240.084    slow_vdd1v0   worst 
DFFRHQX4            1      9.576    slow_vdd1v0   worst 
DFFRX1              1      6.840    slow_vdd1v0   worst 
DFFRX2              3     22.572    slow_vdd1v0   worst 
DFFTRX2             1      8.208    slow_vdd1v0   worst 
DFFTRXL             1      7.866    slow_vdd1v0   worst 
DFFX1               9     64.638    slow_vdd1v0   worst 
DFFX2               1      8.208    slow_vdd1v0   worst 
EDFFHQX1          276   2359.800    slow_vdd1v0   worst 
INVX1             207    141.588    slow_vdd1v0   worst 
INVX16              1      5.472    slow_vdd1v0   worst 
INVX2              96     98.496    slow_vdd1v0   worst 
INVX20              1      6.498    slow_vdd1v0   worst 
INVX3              26     35.568    slow_vdd1v0   worst 
INVX4               1      1.710    slow_vdd1v0   worst 
INVX6               3      7.182    slow_vdd1v0   worst 
MDFFHQX1            9     76.950    slow_vdd1v0   worst 
MDFFHQX4            4     36.936    slow_vdd1v0   worst 
MX2X1             116    277.704    slow_vdd1v0   worst 
MX3XL               1      4.788    slow_vdd1v0   worst 
MXI2X1              2      5.472    slow_vdd1v0   worst 
MXI2X2             18     80.028    slow_vdd1v0   worst 
MXI2X4              6     30.780    slow_vdd1v0   worst 
MXI2X6              2     10.260    slow_vdd1v0   worst 
NAND2BX1           25     34.200    slow_vdd1v0   worst 
NAND2BX2           17     40.698    slow_vdd1v0   worst 
NAND2BX4            6     22.572    slow_vdd1v0   worst 
NAND2X1            86     88.236    slow_vdd1v0   worst 
NAND2X2            95    162.450    slow_vdd1v0   worst 
NAND2X4            53    181.260    slow_vdd1v0   worst 
NAND2X6            25    119.700    slow_vdd1v0   worst 
NAND2X8             7     38.304    slow_vdd1v0   worst 
NAND3BX4            1      5.130    slow_vdd1v0   worst 
NAND3X2             8     21.888    slow_vdd1v0   worst 
NAND3X4             3     14.364    slow_vdd1v0   worst 
NAND4X6             1      8.550    slow_vdd1v0   worst 
NOR2BX1            86    117.648    slow_vdd1v0   worst 
NOR2BX2            27     73.872    slow_vdd1v0   worst 
NOR2BX4            15     56.430    slow_vdd1v0   worst 
NOR2X1            159    163.134    slow_vdd1v0   worst 
NOR2X2             65    111.150    slow_vdd1v0   worst 
NOR2X4             88    270.864    slow_vdd1v0   worst 
NOR2X6             35    143.640    slow_vdd1v0   worst 
NOR2X8             21    114.912    slow_vdd1v0   worst 
NOR3BX1             2      4.104    slow_vdd1v0   worst 
NOR3BX2             1      3.420    slow_vdd1v0   worst 
NOR3BX4             1      5.814    slow_vdd1v0   worst 
NOR3X1              5      8.550    slow_vdd1v0   worst 
NOR3X2              5     13.680    slow_vdd1v0   worst 
NOR3X4              1      5.130    slow_vdd1v0   worst 
NOR3X8              4     35.568    slow_vdd1v0   worst 
NOR4BBX2            1      5.130    slow_vdd1v0   worst 
NOR4BX2             1      4.788    slow_vdd1v0   worst 
NOR4X2              8     27.360    slow_vdd1v0   worst 
NOR4X4              1      6.498    slow_vdd1v0   worst 
NOR4X6              1      8.208    slow_vdd1v0   worst 
OA21X1             86    176.472    slow_vdd1v0   worst 
OA21X2              2      6.156    slow_vdd1v0   worst 
OA22X1            146    349.524    slow_vdd1v0   worst 
OAI21X1            91    155.610    slow_vdd1v0   worst 
OAI21X2            30     92.340    slow_vdd1v0   worst 
OAI21X4            29    138.852    slow_vdd1v0   worst 
OAI222X4            1      9.234    slow_vdd1v0   worst 
OAI22X1            47     96.444    slow_vdd1v0   worst 
OAI22X2            12     41.040    slow_vdd1v0   worst 
OAI22X4             2     12.996    slow_vdd1v0   worst 
OAI2BB1X1         161    275.310    slow_vdd1v0   worst 
OAI2BB1X2          11     33.858    slow_vdd1v0   worst 
OAI2BB1X4           2      8.892    slow_vdd1v0   worst 
OAI2BB2X2           4     21.888    slow_vdd1v0   worst 
OAI31X1             4      8.208    slow_vdd1v0   worst 
OAI31X2             7     26.334    slow_vdd1v0   worst 
OAI31X4             2     13.680    slow_vdd1v0   worst 
OAI32X2             3     13.338    slow_vdd1v0   worst 
OR2X1             116    158.688    slow_vdd1v0   worst 
OR2X2              30     51.300    slow_vdd1v0   worst 
OR2X4              13     35.568    slow_vdd1v0   worst 
OR2X6              16     60.192    slow_vdd1v0   worst 
OR2X8               1      4.446    slow_vdd1v0   worst 
OR3X1              43     88.236    slow_vdd1v0   worst 
OR3X2               3      7.182    slow_vdd1v0   worst 
OR3X4               1      3.078    slow_vdd1v0   worst 
OR4X1              41     84.132    slow_vdd1v0   worst 
OR4X2               2      6.840    slow_vdd1v0   worst 
XNOR2X1            52    124.488    slow_vdd1v0   worst 
XNOR2X2             6     18.468    slow_vdd1v0   worst 
XNOR2X4             1      3.762    slow_vdd1v0   worst 
XOR2X2              5     17.100    slow_vdd1v0   worst 
--------------------------------------------------------
total            4226  13323.294                


                                          
     Type      Instances    Area   Area % 
------------------------------------------
sequential           656  4713.444   35.4 
inverter             415   516.420    3.9 
buffer                65   220.590    1.7 
logic               3090  7872.840   59.1 
physical_cells         0     0.000    0.0 
------------------------------------------
total               4226 13323.294  100.0 

