============================================================
  Generated by:           Genus(TM) Synthesis Solution 21.19-s055_1
  Generated on:           May 25 2026  09:25:57 am
  Module:                 multiplier32FP
  Operating conditions:   PVT_0P9V_125C 
  Operating conditions:   PVT_1P32V_0C 
  Interconnect mode:      global
  Area mode:              physical library
============================================================


Path 1: MET (0 ps) Setup Check with Pin i_post_norm_mul/s_zeros_reg[1]/CK->D
          Group: clk
     Startpoint: (R) i_post_norm_mul/s_fract_48_i_reg[9]/CK
          Clock: (R) clk
       Endpoint: (R) i_post_norm_mul/s_zeros_reg[1]/D
          Clock: (R) clk

                     Capture       Launch     
        Clock Edge:+    2793            0     
       Src Latency:+       0            0     
       Net Latency:+     100 (I)      100 (I) 
           Arrival:=    2893          100     
                                              
             Setup:-     173                  
       Uncertainty:-      50                  
     Required Time:=    2670                  
      Launch Clock:-     100                  
         Data Path:-    2570                  
             Slack:=       0                  

#----------------------------------------------------------------------------------------------------------------
#             Timing Point               Flags    Arc   Edge   Cell     Fanout Load Trans Delay Arrival Instance 
#                                                                              (fF)  (ps)  (ps)   (ps)  Location 
#----------------------------------------------------------------------------------------------------------------
  i_post_norm_mul/s_fract_48_i_reg[9]/CK -       -      R     (arrival)    656    -     0     0     100    (-,-) 
  i_post_norm_mul/s_fract_48_i_reg[9]/Q  -       CK->Q  F     DFFHQX4        8 16.4   121   276     376    (-,-) 
  i_post_norm_mul/g75599/Y               -       A->Y   R     NOR2X2         3  6.6   182   173     550    (-,-) 
  i_post_norm_mul/g75415/Y               -       A1N->Y R     AOI2BB2X4      1  4.5   103   231     781    (-,-) 
  i_post_norm_mul/g75394/Y               -       B->Y   F     NOR2X4         1  4.4    74    79     860    (-,-) 
  i_post_norm_mul/g75353/Y               -       A2->Y  R     OAI31X4        1  3.7   128   117     976    (-,-) 
  i_post_norm_mul/g75168/Y               -       A1->Y  F     AOI21X2        1  3.6   155   168    1144    (-,-) 
  i_post_norm_mul/g75070/Y               -       A2->Y  R     OAI31X2        1  3.1   178   188    1332    (-,-) 
  i_post_norm_mul/g75048/Y               -       A1N->Y R     OAI2BB1X1      1  3.7   116   232    1564    (-,-) 
  i_post_norm_mul/g75002/Y               -       A1->Y  F     AOI211X2       1  3.6   170   179    1743    (-,-) 
  i_post_norm_mul/g74968/Y               -       A2->Y  R     OAI31X2        1  3.7   199   207    1950    (-,-) 
  i_post_norm_mul/g74962/Y               -       A1->Y  F     AOI211X2       1  3.3   172   218    2168    (-,-) 
  i_post_norm_mul/g74960/Y               -       A1->Y  R     OAI21X1        1  3.1   190   205    2373    (-,-) 
  i_post_norm_mul/g74958/Y               -       C->Y   R     AND3XL         1  3.2   131   297    2670    (-,-) 
  i_post_norm_mul/s_zeros_reg[1]/D       <<<     -      R     DFFHQX8        1    -     -     0    2670    (-,-) 
#----------------------------------------------------------------------------------------------------------------

