============================================================
  Generated by:           Genus(TM) Synthesis Solution 21.19-s055_1
  Generated on:           May 26 2026  07:31:14 am
  Module:                 multiplier32FP
  Operating conditions:   PVT_0P9V_125C 
  Operating conditions:   PVT_1P32V_0C 
  Interconnect mode:      global
  Area mode:              physical library
============================================================


Path 1: MET (1 ps) Setup Check with Pin i_post_norm_mul/s_shl2_reg[2]/CK->D
          Group: clk
     Startpoint: (R) i_post_norm_mul/s_exp_10_i_reg[2]/CK
          Clock: (R) clk
       Endpoint: (R) i_post_norm_mul/s_shl2_reg[2]/D
          Clock: (R) clk

                     Capture       Launch     
        Clock Edge:+    2755            0     
       Src Latency:+       0            0     
       Net Latency:+     100 (I)      100 (I) 
           Arrival:=    2855          100     
                                              
             Setup:-     164                  
       Uncertainty:-      50                  
     Required Time:=    2640                  
      Launch Clock:-     100                  
         Data Path:-    2540                  
             Slack:=       1                  

#--------------------------------------------------------------------------------------------------------------
#            Timing Point              Flags    Arc   Edge   Cell     Fanout Load Trans Delay Arrival Instance 
#                                                                            (fF)  (ps)  (ps)   (ps)  Location 
#--------------------------------------------------------------------------------------------------------------
  i_post_norm_mul/s_exp_10_i_reg[2]/CK -       -      R     (arrival)    656    -     0     0     100    (-,-) 
  i_post_norm_mul/s_exp_10_i_reg[2]/Q  -       CK->Q  R     DFFHQX8        7 19.2    69   260     360    (-,-) 
  i_post_norm_mul/g82933/Y             -       A->Y   F     CLKINVX8      13 28.5   116    94     454    (-,-) 
  i_post_norm_mul/g82931/Y             -       A->Y   R     CLKINVX4      13 26.5   157   137     591    (-,-) 
  i_post_norm_mul/g82737/Y             -       B->Y   R     OR2X1          4  8.6   190   226     817    (-,-) 
  i_post_norm_mul/g82115/Y             -       A1N->Y R     AOI2BB1X1      1  3.1   170   228    1046    (-,-) 
  i_post_norm_mul/g82096/Y             -       AN->Y  R     NOR2BX1        1  3.1   175   228    1274    (-,-) 
  i_post_norm_mul/g82059/Y             -       A->Y   R     AND2X1         1  3.3    84   223    1497    (-,-) 
  i_post_norm_mul/g81708/Y             -       A0->Y  F     AOI21X1        1  3.1   225   196    1694    (-,-) 
  i_post_norm_mul/g81698/Y             -       B->Y   F     OR2X1          2  5.0   141   249    1942    (-,-) 
  i_post_norm_mul/g81631/Y             -       A->Y   F     AND2X1         1  3.3    96   156    2099    (-,-) 
  i_post_norm_mul/g81568/Y             -       A1->Y  R     OAI22X1        1  3.1   209   174    2273    (-,-) 
  i_post_norm_mul/g81552/Y             -       B->Y   R     OR2X1          1  3.1    77   189    2462    (-,-) 
  i_post_norm_mul/g81351/Y             -       A1N->Y R     OAI2BB1X1      1  3.1    98   178    2640    (-,-) 
  i_post_norm_mul/s_shl2_reg[2]/D      <<<     -      R     DFFQX4         1    -     -     0    2640    (-,-) 
#--------------------------------------------------------------------------------------------------------------

