============================================================
  Generated by:           Genus(TM) Synthesis Solution 21.19-s055_1
  Generated on:           May 26 2026  07:31:14 am
  Module:                 multiplier32FP
  Operating conditions:   PVT_0P9V_125C 
  Operating conditions:   PVT_1P32V_0C 
  Interconnect mode:      global
  Area mode:              physical library
============================================================

Timing
--------

Clock Period 
-------------
clk   2755.0 


  Cost    Critical         Violating 
 Group   Path Slack  TNS     Paths   
-------------------------------------
clk             0.6   0.0          0 
default    No paths   0.0            
-------------------------------------
Total                 0.0          0 

Instance Count
--------------
Leaf Instance Count             4279 
Physical Instance count            0 
Sequential Instance Count        656 
Combinational Instance Count    3623 
Hierarchical Instance Count        4 

Area
----
Cell Area                          13516.524
Physical Cell Area                 0.000
Total Cell Area (Cell+Physical)    13516.524
Net Area                           5255.410
Total Area (Cell+Physical+Net)     18771.934

Max Fanout                         656 (clk)
Min Fanout                         0 (n_140)
Average Fanout                     2.3
Terms to net ratio                 3.3345
Terms to instance ratio            3.4896
Runtime                            723.7130579999999 seconds
Elapsed Runtime                    741 seconds
Genus peak memory usage            2161.88 
Innovus peak memory usage          no_value 
Hostname                           localhost
