============================================================
  Generated by:           Genus(TM) Synthesis Solution 21.19-s055_1
  Generated on:           May 26 2026  07:31:14 am
  Module:                 multiplier32FP
  Library domain:         worst
    Domain index:         0
    Technology library:   slow_vdd1v0 1.0
  Library domain:         best
    Domain index:         1
    Technology library:   fast_vdd1v2 1.0
  Operating conditions:   PVT_0P9V_125C 
  Operating conditions:   PVT_1P32V_0C 
  Interconnect mode:      global
  Area mode:              physical library
============================================================

Max_transition design rule (violation total = 44)
Pin                                   Slew           Max     Violation
------------------------------------------------------------------------
i_post_norm_mul/g81657/A               285           280             5
  --> Other violations on net                  39
i_post_norm_mul/g81650/A0              285           280             5
  --> Other violations on net                  39
i_post_norm_mul/g81697/A0              285           280             5
  --> Other violations on net                  39
i_post_norm_mul/g81744/A0              285           280             5
  --> Other violations on net                  39
i_post_norm_mul/g81753/A0              285           280             5
  --> Other violations on net                  39
i_post_norm_mul/g81798/A               285           280             5
  --> Other violations on net                  39
i_post_norm_mul/g81799/AN              285           280             5
  --> Other violations on net                  39
i_post_norm_mul/g82159/B               285           280             5
  --> Other violations on net                  39
i_post_norm_mul/g82186/Y               285           280             5
  --> Other violations on net                  39


Max_capacitance design rule: no violations.


Max_fanout design rule: no constraints.



