============================================================
  Generated by:           Genus(TM) Synthesis Solution 21.19-s055_1
  Generated on:           May 26 2026  07:31:14 am
  Module:                 multiplier32FP
  Operating conditions:   PVT_0P9V_125C 
  Operating conditions:   PVT_1P32V_0C 
  Interconnect mode:      global
  Area mode:              physical library
============================================================

                                                Library 
   Gate     Instances    Area        Library     Domain 
--------------------------------------------------------
ACHCONX2            1     12.654    slow_vdd1v0   worst 
ADDFHX1            23    173.052    slow_vdd1v0   worst 
ADDFHX2            40    328.320    slow_vdd1v0   worst 
ADDFX1             42    215.460    slow_vdd1v0   worst 
ADDFX2              1      7.866    slow_vdd1v0   worst 
ADDHX1             13     48.906    slow_vdd1v0   worst 
ADDHX2              6     30.780    slow_vdd1v0   worst 
AND2X1            223    305.064    slow_vdd1v0   worst 
AND2X2             26     44.460    slow_vdd1v0   worst 
AND2X4             12     32.832    slow_vdd1v0   worst 
AND2X6              8     30.096    slow_vdd1v0   worst 
AND2X8              2      8.892    slow_vdd1v0   worst 
AND3X1              2      4.788    slow_vdd1v0   worst 
AND3X2              1      2.736    slow_vdd1v0   worst 
AND3X4              1      3.078    slow_vdd1v0   worst 
AND3X6              1      4.446    slow_vdd1v0   worst 
AND3XL             11     22.572    slow_vdd1v0   worst 
AND4X1             10     23.940    slow_vdd1v0   worst 
AND4X6              1      5.814    slow_vdd1v0   worst 
AO21X1             31     74.214    slow_vdd1v0   worst 
AO21X2              2      5.472    slow_vdd1v0   worst 
AO21X4              1      3.420    slow_vdd1v0   worst 
AO22X1             45    123.120    slow_vdd1v0   worst 
AOI211X1            2      4.788    slow_vdd1v0   worst 
AOI211X2            9     30.780    slow_vdd1v0   worst 
AOI211X4            1      6.498    slow_vdd1v0   worst 
AOI21X1           137    234.270    slow_vdd1v0   worst 
AOI21X2            47    128.592    slow_vdd1v0   worst 
AOI21X4            41    210.330    slow_vdd1v0   worst 
AOI221X2           19     84.474    slow_vdd1v0   worst 
AOI221X4            1      7.866    slow_vdd1v0   worst 
AOI222X2            2     10.944    slow_vdd1v0   worst 
AOI222X4            2     19.152    slow_vdd1v0   worst 
AOI22X1            91    186.732    slow_vdd1v0   worst 
AOI22X2            28    105.336    slow_vdd1v0   worst 
AOI22X4            22    135.432    slow_vdd1v0   worst 
AOI2BB1X1          36     73.872    slow_vdd1v0   worst 
AOI2BB1X2           5     15.390    slow_vdd1v0   worst 
AOI2BB1X4          11     45.144    slow_vdd1v0   worst 
AOI2BB2X1           1      3.420    slow_vdd1v0   worst 
AOI2BB2X2           1      5.130    slow_vdd1v0   worst 
AOI2BB2X4           2     15.048    slow_vdd1v0   worst 
AOI31X2             8     27.360    slow_vdd1v0   worst 
AOI32X2             1      4.446    slow_vdd1v0   worst 
AOI32X4             2     15.732    slow_vdd1v0   worst 
BUFX2               2      3.420    slow_vdd1v0   worst 
BUFX3               6     12.312    slow_vdd1v0   worst 
BUFX6              24     73.872    slow_vdd1v0   worst 
BUFX8              37    139.194    slow_vdd1v0   worst 
CLKAND2X12         14    105.336    slow_vdd1v0   worst 
CLKAND2X2          27     55.404    slow_vdd1v0   worst 
CLKAND2X3          15     46.170    slow_vdd1v0   worst 
CLKAND2X4           3     10.260    slow_vdd1v0   worst 
CLKAND2X6          21    100.548    slow_vdd1v0   worst 
CLKAND2X8           2     11.628    slow_vdd1v0   worst 
CLKBUFX16           1      6.840    slow_vdd1v0   worst 
CLKBUFX20           2     16.416    slow_vdd1v0   worst 
CLKBUFX6            5     15.390    slow_vdd1v0   worst 
CLKINVX12          19     77.976    slow_vdd1v0   worst 
CLKINVX16           4     21.888    slow_vdd1v0   worst 
CLKINVX2            6      8.208    slow_vdd1v0   worst 
CLKINVX20           4     25.992    slow_vdd1v0   worst 
CLKINVX3            6     10.260    slow_vdd1v0   worst 
CLKINVX4           44     75.240    slow_vdd1v0   worst 
CLKINVX6           48    114.912    slow_vdd1v0   worst 
CLKINVX8           38    116.964    slow_vdd1v0   worst 
CLKMX2X2            1      3.078    slow_vdd1v0   worst 
CLKMX2X3            8     32.832    slow_vdd1v0   worst 
CLKXOR2X1          19     51.984    slow_vdd1v0   worst 
DFFHQX1           207   1132.704    slow_vdd1v0   worst 
DFFHQX2             1      6.840    slow_vdd1v0   worst 
DFFHQX4            16    131.328    slow_vdd1v0   worst 
DFFHQX8            17    156.978    slow_vdd1v0   worst 
DFFQX1              3     17.442    slow_vdd1v0   worst 
DFFQX2             45    292.410    slow_vdd1v0   worst 
DFFQX4             12     86.184    slow_vdd1v0   worst 
DFFQXL              6     32.832    slow_vdd1v0   worst 
DFFRHQX1           39    240.084    slow_vdd1v0   worst 
DFFRHQX4            1      9.576    slow_vdd1v0   worst 
DFFRX1              1      6.840    slow_vdd1v0   worst 
DFFRX2              3     22.572    slow_vdd1v0   worst 
DFFTRX2             1      8.208    slow_vdd1v0   worst 
DFFX1              14    100.548    slow_vdd1v0   worst 
DFFX2               1      8.208    slow_vdd1v0   worst 
EDFFHQX1          276   2359.800    slow_vdd1v0   worst 
INVX1             204    139.536    slow_vdd1v0   worst 
INVX2              71     72.846    slow_vdd1v0   worst 
INVX3              40     54.720    slow_vdd1v0   worst 
INVX6               2      4.788    slow_vdd1v0   worst 
MDFFHQX1           10     85.500    slow_vdd1v0   worst 
MDFFHQX4            3     27.702    slow_vdd1v0   worst 
MX2X1             116    277.704    slow_vdd1v0   worst 
MX3XL               1      4.788    slow_vdd1v0   worst 
MXI2X1              2      5.472    slow_vdd1v0   worst 
MXI2X2             12     53.352    slow_vdd1v0   worst 
MXI2X4              9     46.170    slow_vdd1v0   worst 
MXI2X6              4     20.520    slow_vdd1v0   worst 
NAND2BX1           35     47.880    slow_vdd1v0   worst 
NAND2BX2           11     26.334    slow_vdd1v0   worst 
NAND2BX4            7     26.334    slow_vdd1v0   worst 
NAND2X1            78     80.028    slow_vdd1v0   worst 
NAND2X2           101    172.710    slow_vdd1v0   worst 
NAND2X4            65    222.300    slow_vdd1v0   worst 
NAND2X6            17     81.396    slow_vdd1v0   worst 
NAND2X8            16     87.552    slow_vdd1v0   worst 
NAND3BX2            1      3.078    slow_vdd1v0   worst 
NAND3BX4            1      5.130    slow_vdd1v0   worst 
NAND3X2             8     21.888    slow_vdd1v0   worst 
NAND3X4             4     19.152    slow_vdd1v0   worst 
NAND3X6             1      7.182    slow_vdd1v0   worst 
NAND4X6             2     17.100    slow_vdd1v0   worst 
NOR2BX1            84    114.912    slow_vdd1v0   worst 
NOR2BX2            13     35.568    slow_vdd1v0   worst 
NOR2BX4            15     56.430    slow_vdd1v0   worst 
NOR2X1            164    168.264    slow_vdd1v0   worst 
NOR2X2             69    117.990    slow_vdd1v0   worst 
NOR2X4             91    280.098    slow_vdd1v0   worst 
NOR2X6             37    151.848    slow_vdd1v0   worst 
NOR2X8             26    142.272    slow_vdd1v0   worst 
NOR3BX4             2     11.628    slow_vdd1v0   worst 
NOR3X1              7     11.970    slow_vdd1v0   worst 
NOR3X2              4     10.944    slow_vdd1v0   worst 
NOR3X4              1      5.130    slow_vdd1v0   worst 
NOR3X6              2     14.364    slow_vdd1v0   worst 
NOR4BX2             1      4.788    slow_vdd1v0   worst 
NOR4X2              6     20.520    slow_vdd1v0   worst 
OA21X1             82    168.264    slow_vdd1v0   worst 
OA21X2              3      9.234    slow_vdd1v0   worst 
OA21X4              1      3.762    slow_vdd1v0   worst 
OA22X1            138    330.372    slow_vdd1v0   worst 
OAI211X2            2      8.208    slow_vdd1v0   worst 
OAI211X4            1      6.498    slow_vdd1v0   worst 
OAI21X1            94    160.740    slow_vdd1v0   worst 
OAI21X2            25     76.950    slow_vdd1v0   worst 
OAI21X4            42    201.096    slow_vdd1v0   worst 
OAI222X4            1      9.234    slow_vdd1v0   worst 
OAI22X1            79    162.108    slow_vdd1v0   worst 
OAI22X2             9     30.780    slow_vdd1v0   worst 
OAI22X4             1      6.498    slow_vdd1v0   worst 
OAI2BB1X1         148    253.080    slow_vdd1v0   worst 
OAI2BB1X2           6     18.468    slow_vdd1v0   worst 
OAI2BB1X4           2      8.892    slow_vdd1v0   worst 
OAI2BB2X2           1      5.472    slow_vdd1v0   worst 
OAI31X2             4     15.048    slow_vdd1v0   worst 
OAI32X2             2      8.892    slow_vdd1v0   worst 
OR2X1             123    168.264    slow_vdd1v0   worst 
OR2X2              24     41.040    slow_vdd1v0   worst 
OR2X4              15     41.040    slow_vdd1v0   worst 
OR2X6              10     37.620    slow_vdd1v0   worst 
OR2X8               2      8.892    slow_vdd1v0   worst 
OR3X1              42     86.184    slow_vdd1v0   worst 
OR3X2               3      7.182    slow_vdd1v0   worst 
OR3X4               1      3.078    slow_vdd1v0   worst 
OR4X1              35     71.820    slow_vdd1v0   worst 
OR4X2               1      3.420    slow_vdd1v0   worst 
XNOR2X1            53    126.882    slow_vdd1v0   worst 
XNOR2X2             9     27.702    slow_vdd1v0   worst 
XOR2X2              6     20.520    slow_vdd1v0   worst 
--------------------------------------------------------
total            4279  13516.524                


                                          
     Type      Instances    Area   Area % 
------------------------------------------
sequential           656  4725.756   35.0 
inverter             486   723.330    5.4 
buffer                77   267.444    2.0 
logic               3060  7799.994   57.7 
physical_cells         0     0.000    0.0 
------------------------------------------
total               4279 13516.524  100.0 

