============================================================
  Generated by:           Genus(TM) Synthesis Solution 21.19-s055_1
  Generated on:           May 26 2026  07:31:14 am
  Module:                 multiplier32FP
  Library domain:         worst
    Domain index:         0
    Technology library:   slow_vdd1v0 1.0
  Library domain:         best
    Domain index:         1
    Technology library:   fast_vdd1v2 1.0
  Operating conditions:   PVT_0P9V_125C 
  Operating conditions:   PVT_1P32V_0C 
  Interconnect mode:      global
  Area mode:              physical library
============================================================

     Instance         Module     Cell Count  Normalized Cell Area  Normalized Net Area   Normalized Total Area 
---------------------------------------------------------------------------------------------------------------
multiplier32FP                         4279             13174.000             5122.232               18296.232 
  i_mul_24        mul_24               1516              6350.000             1698.655                8048.655 
  i_post_norm_mul post_norm_mul        2481              5947.667             2990.221                8937.888 
  i_pre_norm_mul  pre_norm_mul           68               228.000               53.998                 281.998 
  u_fsm           fpu_fsm                34               109.333               36.196                 145.530 
