============================================================
  Generated by:           Genus(TM) Synthesis Solution 21.19-s055_1
  Generated on:           May 26 2026  07:31:14 am
  Module:                 multiplier32FP
  Library domain:         worst
    Domain index:         0
    Technology library:   slow_vdd1v0 1.0
  Library domain:         best
    Domain index:         1
    Technology library:   fast_vdd1v2 1.0
  Operating conditions:   PVT_0P9V_125C 
  Operating conditions:   PVT_1P32V_0C 
  Interconnect mode:      global
  Area mode:              physical library
============================================================

     Instance         Module     Cell Count  Cell Area  Net Area   Total Area 
------------------------------------------------------------------------------
multiplier32FP                         4279  13516.524  5255.410    18771.934 
  i_mul_24        mul_24               1516   6515.100  1742.820     8257.920 
  i_post_norm_mul post_norm_mul        2481   6102.306  3067.967     9170.273 
  i_pre_norm_mul  pre_norm_mul           68    233.928    55.402      289.330 
  u_fsm           fpu_fsm                34    112.176    37.137      149.313 
