============================================================
  Generated by:           Genus(TM) Synthesis Solution 21.19-s055_1
  Generated on:           May 25 2026  07:25:46 am
  Module:                 multiplier32FP
  Library domain:         worst
    Domain index:         0
    Technology library:   slow_vdd1v0 1.0
  Library domain:         best
    Domain index:         1
    Technology library:   fast_vdd1v2 1.0
  Operating conditions:   PVT_0P9V_125C 
  Operating conditions:   PVT_1P32V_0C 
  Interconnect mode:      global
  Area mode:              physical library
============================================================

     Instance         Module     Cell Count  Cell Area  Net Area   Total Area 
------------------------------------------------------------------------------
multiplier32FP                         4148  12982.320  5150.383    18132.703 
  i_mul_24        mul_24               1463   6207.642  1699.315     7906.957 
  i_post_norm_mul post_norm_mul        2407   5907.024  3009.390     8916.414 
  i_pre_norm_mul  pre_norm_mul           64    215.460    53.178      268.638 
  u_fsm           fpu_fsm                34    112.176    37.137      149.313 
