============================================================
  Generated by:           Genus(TM) Synthesis Solution 21.19-s055_1
  Generated on:           May 25 2026  07:25:46 am
  Module:                 multiplier32FP
  Operating conditions:   PVT_0P9V_125C 
  Operating conditions:   PVT_1P32V_0C 
  Interconnect mode:      global
  Area mode:              physical library
============================================================


Path 1: MET (0 ps) Setup Check with Pin i_pre_norm_mul/exp_10_o_reg[8]/CK->D
          Group: clk
     Startpoint: (R) a_i[24]
          Clock: (R) clk
       Endpoint: (R) i_pre_norm_mul/exp_10_o_reg[8]/D
          Clock: (R) clk

                     Capture       Launch     
        Clock Edge:+    2849            0     
        Drv Adjust:+       0            0     
       Src Latency:+       0            0     
       Net Latency:+     100 (I)      100 (I) 
           Arrival:=    2949          100     
                                              
             Setup:-     132                  
       Uncertainty:-      50                  
     Required Time:=    2767                  
      Launch Clock:-     100                  
       Input Delay:-     300                  
         Data Path:-    2366                  
             Slack:=       0                  

Exceptions/Constraints:
  input_delay             300             multiplier32FP.sdc_line_30_8_1 

#----------------------------------------------------------------------------------------------------------
#          Timing Point            Flags    Arc   Edge   Cell     Fanout Load Trans Delay Arrival Instance 
#                                                                        (fF)  (ps)  (ps)   (ps)  Location 
#----------------------------------------------------------------------------------------------------------
  a_i[24]                          -       -      R     (arrival)      4  9.6   264     0     400    (-,-) 
  i_pre_norm_mul/g927/S            -       A->S   F     ADDHX2         2  6.5   113   367     767    (-,-) 
  i_pre_norm_mul/g897/Y            -       B->Y   R     NOR2X4         2  6.4   103   110     876    (-,-) 
  i_pre_norm_mul/g886/Y            -       A0->Y  F     OAI21X4        2  5.9   137   155    1031    (-,-) 
  i_pre_norm_mul/g882/Y            -       A->Y   R     INVX3          1  4.5    57    92    1123    (-,-) 
  i_pre_norm_mul/g879/Y            -       A1->Y  F     OAI21X4        2  5.9   140   115    1238    (-,-) 
  i_pre_norm_mul/g878/Y            -       A->Y   R     INVX3          1  4.5    58    93    1331    (-,-) 
  i_pre_norm_mul/g875/Y            -       A1->Y  F     OAI21X4        1  3.4   107    96    1427    (-,-) 
  i_pre_norm_mul/g873/CO           -       CI->CO F     ADDFX1         1  3.4   111   240    1668    (-,-) 
  i_pre_norm_mul/g871/CO           -       CI->CO F     ADDFX1         1  3.4   111   242    1910    (-,-) 
  i_pre_norm_mul/g869/CO           -       CI->CO F     ADDFX1         1  3.7   118   246    2157    (-,-) 
  i_pre_norm_mul/g867/CO           -       CI->CO F     ADDFHX1        1  3.6   113   239    2395    (-,-) 
  i_pre_norm_mul/g866/Y            -       A->Y   R     INVX2          1  3.5    60    86    2482    (-,-) 
  i_pre_norm_mul/g864/S            -       B->S   F     ADDHX1         1  3.6   107   203    2685    (-,-) 
  i_pre_norm_mul/g863/Y            -       A->Y   R     INVX2          1  3.2    56    82    2766    (-,-) 
  i_pre_norm_mul/exp_10_o_reg[8]/D <<<     -      R     DFFHQX1        1    -     -     0    2766    (-,-) 
#----------------------------------------------------------------------------------------------------------

