============================================================
  Generated by:           Genus(TM) Synthesis Solution 21.19-s055_1
  Generated on:           May 25 2026  07:25:46 am
  Module:                 multiplier32FP
  Library domain:         worst
    Domain index:         0
    Technology library:   slow_vdd1v0 1.0
  Library domain:         best
    Domain index:         1
    Technology library:   fast_vdd1v2 1.0
  Operating conditions:   PVT_0P9V_125C 
  Operating conditions:   PVT_1P32V_0C 
  Interconnect mode:      global
  Area mode:              physical library
============================================================

     Instance         Module     Cell Count  Normalized Cell Area  Normalized Net Area   Normalized Total Area 
---------------------------------------------------------------------------------------------------------------
multiplier32FP                         4148             12653.333             5019.867               17673.200 
  i_mul_24        mul_24               1463              6050.333             1656.253                7706.586 
  i_post_norm_mul post_norm_mul        2407              5757.333             2933.129                8690.462 
  i_pre_norm_mul  pre_norm_mul           64               210.000               51.831                 261.831 
  u_fsm           fpu_fsm                34               109.333               36.196                 145.530 
