============================================================
  Generated by:           Genus(TM) Synthesis Solution 21.19-s055_1
  Generated on:           May 22 2026  05:14:37 pm
  Module:                 multiplier32FP
  Operating conditions:   PVT_0P9V_125C 
  Operating conditions:   PVT_1P32V_0C 
  Interconnect mode:      global
  Area mode:              physical library
============================================================

                                                Library 
   Gate     Instances    Area        Library     Domain 
--------------------------------------------------------
ACHCONX2            1     12.654    slow_vdd1v0   worst 
ADDFHX1            29    218.196    slow_vdd1v0   worst 
ADDFHX2            36    295.488    slow_vdd1v0   worst 
ADDFX1             36    184.680    slow_vdd1v0   worst 
ADDFX2              1      7.866    slow_vdd1v0   worst 
ADDHX1              9     33.858    slow_vdd1v0   worst 
ADDHX2              2     10.260    slow_vdd1v0   worst 
AND2X1            194    265.392    slow_vdd1v0   worst 
AND2X2             14     23.940    slow_vdd1v0   worst 
AND2X4              6     16.416    slow_vdd1v0   worst 
AND2X6              5     18.810    slow_vdd1v0   worst 
AND2X8              1      4.446    slow_vdd1v0   worst 
AND3X1              4      9.576    slow_vdd1v0   worst 
AND3X2              1      2.736    slow_vdd1v0   worst 
AND3X4              2      6.156    slow_vdd1v0   worst 
AND3X6              1      4.446    slow_vdd1v0   worst 
AND3XL             11     22.572    slow_vdd1v0   worst 
AND4X1              3      7.182    slow_vdd1v0   worst 
AND4X6              1      5.814    slow_vdd1v0   worst 
AO21X1             42    100.548    slow_vdd1v0   worst 
AO21X2              5     13.680    slow_vdd1v0   worst 
AO21X4              2      6.840    slow_vdd1v0   worst 
AO22X1             49    134.064    slow_vdd1v0   worst 
AOI211X1            1      2.394    slow_vdd1v0   worst 
AOI211X2           17     58.140    slow_vdd1v0   worst 
AOI211X4            2     12.996    slow_vdd1v0   worst 
AOI21X1           118    201.780    slow_vdd1v0   worst 
AOI21X2            41    112.176    slow_vdd1v0   worst 
AOI21X4            49    251.370    slow_vdd1v0   worst 
AOI21XL             1      1.710    slow_vdd1v0   worst 
AOI221X1            1      2.394    slow_vdd1v0   worst 
AOI221X2           15     66.690    slow_vdd1v0   worst 
AOI221X4            3     23.598    slow_vdd1v0   worst 
AOI222X2            3     16.416    slow_vdd1v0   worst 
AOI222X4            1      9.576    slow_vdd1v0   worst 
AOI22X1            83    170.316    slow_vdd1v0   worst 
AOI22X2            15     56.430    slow_vdd1v0   worst 
AOI22X4             9     55.404    slow_vdd1v0   worst 
AOI22XL             1      2.052    slow_vdd1v0   worst 
AOI2BB1X1          28     57.456    slow_vdd1v0   worst 
AOI2BB1X2           5     15.390    slow_vdd1v0   worst 
AOI2BB1X4          10     41.040    slow_vdd1v0   worst 
AOI2BB2X4           1      7.524    slow_vdd1v0   worst 
AOI31X2            11     37.620    slow_vdd1v0   worst 
AOI31X4             1      6.498    slow_vdd1v0   worst 
AOI32X2             1      4.446    slow_vdd1v0   worst 
AOI32X4             2     15.732    slow_vdd1v0   worst 
BUFX12              1      5.130    slow_vdd1v0   worst 
BUFX16              1      6.840    slow_vdd1v0   worst 
BUFX2               4      6.840    slow_vdd1v0   worst 
BUFX3              10     20.520    slow_vdd1v0   worst 
BUFX6              36    110.808    slow_vdd1v0   worst 
BUFX8              45    169.290    slow_vdd1v0   worst 
CLKAND2X12         12     90.288    slow_vdd1v0   worst 
CLKAND2X2          40     82.080    slow_vdd1v0   worst 
CLKAND2X3          32     98.496    slow_vdd1v0   worst 
CLKAND2X6          50    239.400    slow_vdd1v0   worst 
CLKAND2X8           2     11.628    slow_vdd1v0   worst 
CLKBUFX12           5     25.650    slow_vdd1v0   worst 
CLKBUFX16           2     13.680    slow_vdd1v0   worst 
CLKBUFX20           1      8.208    slow_vdd1v0   worst 
CLKBUFX4            2      4.788    slow_vdd1v0   worst 
CLKBUFX6            2      6.156    slow_vdd1v0   worst 
CLKINVX12          21     86.184    slow_vdd1v0   worst 
CLKINVX16           4     21.888    slow_vdd1v0   worst 
CLKINVX2            4      5.472    slow_vdd1v0   worst 
CLKINVX20           1      6.498    slow_vdd1v0   worst 
CLKINVX3            3      5.130    slow_vdd1v0   worst 
CLKINVX4           26     44.460    slow_vdd1v0   worst 
CLKINVX6           27     64.638    slow_vdd1v0   worst 
CLKINVX8           29     89.262    slow_vdd1v0   worst 
CLKMX2X2            3      9.234    slow_vdd1v0   worst 
CLKMX2X3           19     77.976    slow_vdd1v0   worst 
CLKXOR2X1          24     65.664    slow_vdd1v0   worst 
DFFHQX1           191   1045.152    slow_vdd1v0   worst 
DFFHQX2             2     13.680    slow_vdd1v0   worst 
DFFHQX4            14    114.912    slow_vdd1v0   worst 
DFFHQX8            15    138.510    slow_vdd1v0   worst 
DFFQX2             23    149.454    slow_vdd1v0   worst 
DFFQX4              8     57.456    slow_vdd1v0   worst 
DFFQXL             11     60.192    slow_vdd1v0   worst 
DFFRHQX1           39    240.084    slow_vdd1v0   worst 
DFFRHQX4            1      9.576    slow_vdd1v0   worst 
DFFRX1              1      6.840    slow_vdd1v0   worst 
DFFRX2              3     22.572    slow_vdd1v0   worst 
DFFTRX2             1      8.208    slow_vdd1v0   worst 
DFFX1              34    244.188    slow_vdd1v0   worst 
DFFX2              19    155.952    slow_vdd1v0   worst 
DFFX4               5     46.170    slow_vdd1v0   worst 
EDFFHQX1          280   2394.000    slow_vdd1v0   worst 
INVX1             240    164.160    slow_vdd1v0   worst 
INVX2              64     65.664    slow_vdd1v0   worst 
INVX20              1      6.498    slow_vdd1v0   worst 
INVX3              27     36.936    slow_vdd1v0   worst 
INVX4               2      3.420    slow_vdd1v0   worst 
INVX6               3      7.182    slow_vdd1v0   worst 
INVX8               1      3.078    slow_vdd1v0   worst 
MDFFHQX1            8     68.400    slow_vdd1v0   worst 
MDFFHQX4            1      9.234    slow_vdd1v0   worst 
MX2X1              96    229.824    slow_vdd1v0   worst 
MX4X1               2     15.048    slow_vdd1v0   worst 
MX4XL               6     43.092    slow_vdd1v0   worst 
MXI2X1              3      8.208    slow_vdd1v0   worst 
MXI2X2             13     57.798    slow_vdd1v0   worst 
MXI2X4              6     30.780    slow_vdd1v0   worst 
MXI2X6              8     41.040    slow_vdd1v0   worst 
MXI4X1              1      7.182    slow_vdd1v0   worst 
NAND2BX1           33     45.144    slow_vdd1v0   worst 
NAND2BX2           16     38.304    slow_vdd1v0   worst 
NAND2BX4            5     18.810    slow_vdd1v0   worst 
NAND2X1            72     73.872    slow_vdd1v0   worst 
NAND2X2            90    153.900    slow_vdd1v0   worst 
NAND2X4            62    212.040    slow_vdd1v0   worst 
NAND2X6            40    191.520    slow_vdd1v0   worst 
NAND2X8            15     82.080    slow_vdd1v0   worst 
NAND3BX2            2      6.156    slow_vdd1v0   worst 
NAND3BX4            2     10.260    slow_vdd1v0   worst 
NAND3X2             7     19.152    slow_vdd1v0   worst 
NAND3X4             6     28.728    slow_vdd1v0   worst 
NOR2BX1            47     64.296    slow_vdd1v0   worst 
NOR2BX2            17     46.512    slow_vdd1v0   worst 
NOR2BX4             9     33.858    slow_vdd1v0   worst 
NOR2X1            165    169.290    slow_vdd1v0   worst 
NOR2X2            100    171.000    slow_vdd1v0   worst 
NOR2X4             87    267.786    slow_vdd1v0   worst 
NOR2X6             50    205.200    slow_vdd1v0   worst 
NOR2X8             52    284.544    slow_vdd1v0   worst 
NOR3BX1             4      8.208    slow_vdd1v0   worst 
NOR3BX2             1      3.420    slow_vdd1v0   worst 
NOR3BX4             2     11.628    slow_vdd1v0   worst 
NOR3X1              6     10.260    slow_vdd1v0   worst 
NOR3X2              4     10.944    slow_vdd1v0   worst 
NOR3X4              2     10.260    slow_vdd1v0   worst 
NOR3X6              1      7.182    slow_vdd1v0   worst 
NOR4X2             10     34.200    slow_vdd1v0   worst 
NOR4X4              2     12.996    slow_vdd1v0   worst 
OA21X1             76    155.952    slow_vdd1v0   worst 
OA22X1            146    349.524    slow_vdd1v0   worst 
OA22X2              1      3.420    slow_vdd1v0   worst 
OAI211X2            2      8.208    slow_vdd1v0   worst 
OAI21X1           102    174.420    slow_vdd1v0   worst 
OAI21X2            33    101.574    slow_vdd1v0   worst 
OAI21X4            26    124.488    slow_vdd1v0   worst 
OAI221X2            6     28.728    slow_vdd1v0   worst 
OAI221X4            2     15.732    slow_vdd1v0   worst 
OAI22X1            72    147.744    slow_vdd1v0   worst 
OAI22X2            12     41.040    slow_vdd1v0   worst 
OAI22X4             5     32.490    slow_vdd1v0   worst 
OAI2BB1X1         141    241.110    slow_vdd1v0   worst 
OAI2BB1X2           5     15.390    slow_vdd1v0   worst 
OAI2BB1X4           5     22.230    slow_vdd1v0   worst 
OAI2BB2X2           1      5.472    slow_vdd1v0   worst 
OAI2BB2X4           4     34.200    slow_vdd1v0   worst 
OAI31X1             5     10.260    slow_vdd1v0   worst 
OAI31X2             6     22.572    slow_vdd1v0   worst 
OAI32X2             1      4.446    slow_vdd1v0   worst 
OR2X1             138    188.784    slow_vdd1v0   worst 
OR2X2              21     35.910    slow_vdd1v0   worst 
OR2X4              14     38.304    slow_vdd1v0   worst 
OR2X6               9     33.858    slow_vdd1v0   worst 
OR3X1              50    102.600    slow_vdd1v0   worst 
OR3X2               3      7.182    slow_vdd1v0   worst 
OR3X4               1      3.078    slow_vdd1v0   worst 
OR4X1              37     75.924    slow_vdd1v0   worst 
OR4X2               3     10.260    slow_vdd1v0   worst 
XNOR2X1            50    119.700    slow_vdd1v0   worst 
XNOR2X2            12     36.936    slow_vdd1v0   worst 
--------------------------------------------------------
total            4307  13938.552                


                                          
     Type      Instances    Area   Area % 
------------------------------------------
sequential           656  4784.580   34.3 
inverter             453   610.470    4.4 
buffer               109   377.910    2.7 
logic               3089  8165.592   58.6 
physical_cells         0     0.000    0.0 
------------------------------------------
total               4307 13938.552  100.0 

