============================================================
  Generated by:           Genus(TM) Synthesis Solution 21.19-s055_1
  Generated on:           May 22 2026  05:14:36 pm
  Module:                 multiplier32FP
  Library domain:         worst
    Domain index:         0
    Technology library:   slow_vdd1v0 1.0
  Library domain:         best
    Domain index:         1
    Technology library:   fast_vdd1v2 1.0
  Operating conditions:   PVT_0P9V_125C 
  Operating conditions:   PVT_1P32V_0C 
  Interconnect mode:      global
  Area mode:              physical library
============================================================

     Instance         Module     Cell Count  Normalized Cell Area  Normalized Net Area   Normalized Total Area 
---------------------------------------------------------------------------------------------------------------
multiplier32FP                         4307             13585.333             5164.801               18750.134 
  i_mul_24        mul_24               1576              6741.000             1742.817                8483.817 
  i_post_norm_mul post_norm_mul        2442              5968.000             2981.477                8949.477 
  i_pre_norm_mul  pre_norm_mul           72               237.000               57.221                 294.221 
  u_fsm           fpu_fsm                34               109.333               36.196                 145.530 
