============================================================
  Generated by:           Genus(TM) Synthesis Solution 21.19-s055_1
  Generated on:           May 22 2026  05:14:36 pm
  Module:                 multiplier32FP
  Library domain:         worst
    Domain index:         0
    Technology library:   slow_vdd1v0 1.0
  Library domain:         best
    Domain index:         1
    Technology library:   fast_vdd1v2 1.0
  Operating conditions:   PVT_0P9V_125C 
  Operating conditions:   PVT_1P32V_0C 
  Interconnect mode:      global
  Area mode:              physical library
============================================================

     Instance         Module     Cell Count  Cell Area  Net Area   Total Area 
------------------------------------------------------------------------------
multiplier32FP                         4307  13938.552  5299.085    19237.637 
  i_mul_24        mul_24               1576   6916.266  1788.130     8704.396 
  i_post_norm_mul post_norm_mul        2442   6123.168  3058.996     9182.164 
  i_pre_norm_mul  pre_norm_mul           72    243.162    58.709      301.871 
  u_fsm           fpu_fsm                34    112.176    37.137      149.313 
