============================================================
  Generated by:           Genus(TM) Synthesis Solution 21.19-s055_1
  Generated on:           May 22 2026  05:14:36 pm
  Module:                 multiplier32FP
  Library domain:         worst
    Domain index:         0
    Technology library:   slow_vdd1v0 1.0
  Library domain:         best
    Domain index:         1
    Technology library:   fast_vdd1v2 1.0
  Operating conditions:   PVT_0P9V_125C 
  Operating conditions:   PVT_1P32V_0C 
  Interconnect mode:      global
  Area mode:              physical library
============================================================

Max_transition design rule (violation total = 593)
Pin                                                Slew           Max     Violation
-------------------------------------------------------------------------------------
i_mul_24/g7546__7098/B                              449           280           169
  --> Other violations on net                               169
i_mul_24/g7594__5526/Y                              449           280           169
  --> Other violations on net                               169
i_post_norm_mul/g80816/A1                           383           280           103
  --> Other violations on net                               103
i_post_norm_mul/g80958/Y                            383           280           103
  --> Other violations on net                               103
i_post_norm_mul/g79925/B0                           283           280             3
  --> Other violations on net                               16
i_post_norm_mul/g79859/A0                           283           280             3
  --> Other violations on net                               16
i_post_norm_mul/g79962/B0                           283           280             3
  --> Other violations on net                               16
i_post_norm_mul/g79963/B0                           283           280             3
  --> Other violations on net                               16
i_post_norm_mul/g80689/B                            283           280             3
  --> Other violations on net                               16
i_post_norm_mul/g80779/Y                            283           280             3
  --> Other violations on net                               16
i_post_norm_mul/g82044/B                            281           280             1
  --> Other violations on net                               14
i_post_norm_mul/g82000/B                            281           280             1
  --> Other violations on net                               14
i_post_norm_mul/g81910/A1                           281           280             1
  --> Other violations on net                               14
i_post_norm_mul/g80845/B0                           281           280             1
  --> Other violations on net                               14
i_post_norm_mul/g80777/B                            281           280             1
  --> Other violations on net                               14
i_post_norm_mul/g80689/A                            281           280             1
  --> Other violations on net                               14
i_post_norm_mul/g80649/A0                           281           280             1
  --> Other violations on net                               14
i_post_norm_mul/g80164/A0                           281           280             1
  --> Other violations on net                               14
i_post_norm_mul/g80574/A0                           281           280             1
  --> Other violations on net                               14
i_post_norm_mul/g82075/A                            281           280             1
  --> Other violations on net                               14
i_post_norm_mul/s_fract_48_i_reg[47]/Q              281           280             1
  --> Other violations on net                               14
i_post_norm_mul/g80031/A1                           284           280             4
  --> Other violations on net                               4
i_post_norm_mul/g80164/Y                            284           280             4
  --> Other violations on net                               4
i_post_norm_mul/s_expo1_reg[5]/D                    283           280             3
  --> Other violations on net                               3
i_post_norm_mul/g80816/Y                            283           280             3
  --> Other violations on net                               3


Max_capacitance design rule: no violations.


Max_fanout design rule: no constraints.



