============================================================
  Generated by:           Genus(TM) Synthesis Solution 21.19-s055_1
  Generated on:           May 23 2026  02:39:46 pm
  Module:                 multiplier32FP
  Operating conditions:   PVT_0P9V_125C 
  Operating conditions:   PVT_1P32V_0C 
  Interconnect mode:      global
  Area mode:              physical library
============================================================

                                                Library 
   Gate     Instances    Area        Library     Domain 
--------------------------------------------------------
ADDFHX1            17    127.908    slow_vdd1v0   worst 
ADDFHX2            54    443.232    slow_vdd1v0   worst 
ADDFX1             26    133.380    slow_vdd1v0   worst 
ADDFX2              1      7.866    slow_vdd1v0   worst 
ADDHX1             14     52.668    slow_vdd1v0   worst 
ADDHX2              8     41.040    slow_vdd1v0   worst 
ADDHX4              2     14.364    slow_vdd1v0   worst 
AND2X1            148    202.464    slow_vdd1v0   worst 
AND2X2             22     37.620    slow_vdd1v0   worst 
AND2X4             15     41.040    slow_vdd1v0   worst 
AND2X6              5     18.810    slow_vdd1v0   worst 
AND2X8              2      8.892    slow_vdd1v0   worst 
AND3X1              5     11.970    slow_vdd1v0   worst 
AND3X4              2      6.156    slow_vdd1v0   worst 
AND3X6              4     17.784    slow_vdd1v0   worst 
AND3XL              7     14.364    slow_vdd1v0   worst 
AND4X1              3      7.182    slow_vdd1v0   worst 
AND4X4              1      3.762    slow_vdd1v0   worst 
AND4X6              1      5.814    slow_vdd1v0   worst 
AO21X1             28     67.032    slow_vdd1v0   worst 
AO21X2              4     10.944    slow_vdd1v0   worst 
AO21X4              3     10.260    slow_vdd1v0   worst 
AO22X1             51    139.536    slow_vdd1v0   worst 
AO22X4              4     15.048    slow_vdd1v0   worst 
AOI211X1            3      7.182    slow_vdd1v0   worst 
AOI211X2            8     27.360    slow_vdd1v0   worst 
AOI211X4            3     19.494    slow_vdd1v0   worst 
AOI21X1            71    121.410    slow_vdd1v0   worst 
AOI21X2            45    123.120    slow_vdd1v0   worst 
AOI21X4            60    307.800    slow_vdd1v0   worst 
AOI21XL             2      3.420    slow_vdd1v0   worst 
AOI221X1            1      2.394    slow_vdd1v0   worst 
AOI221X2           24    106.704    slow_vdd1v0   worst 
AOI221X4            9     70.794    slow_vdd1v0   worst 
AOI222X1            1      3.078    slow_vdd1v0   worst 
AOI222X2           12     65.664    slow_vdd1v0   worst 
AOI222X4            1      9.576    slow_vdd1v0   worst 
AOI22X1            34     69.768    slow_vdd1v0   worst 
AOI22X2            57    214.434    slow_vdd1v0   worst 
AOI22X4            17    104.652    slow_vdd1v0   worst 
AOI22XL             1      2.052    slow_vdd1v0   worst 
AOI2BB1X1          32     65.664    slow_vdd1v0   worst 
AOI2BB1X2          12     36.936    slow_vdd1v0   worst 
AOI2BB1X4          22     90.288    slow_vdd1v0   worst 
AOI2BB1XL           1      2.052    slow_vdd1v0   worst 
AOI2BB2X1           3     10.260    slow_vdd1v0   worst 
AOI2BB2X2           2     10.260    slow_vdd1v0   worst 
AOI2BB2X4           5     37.620    slow_vdd1v0   worst 
AOI31X2             9     30.780    slow_vdd1v0   worst 
AOI31X4             2     12.996    slow_vdd1v0   worst 
AOI32X2             2      8.892    slow_vdd1v0   worst 
BUFX2               2      3.420    slow_vdd1v0   worst 
BUFX3               3      6.156    slow_vdd1v0   worst 
BUFX6              35    107.730    slow_vdd1v0   worst 
BUFX8              37    139.194    slow_vdd1v0   worst 
CLKAND2X12         18    135.432    slow_vdd1v0   worst 
CLKAND2X2          57    116.964    slow_vdd1v0   worst 
CLKAND2X3          54    166.212    slow_vdd1v0   worst 
CLKAND2X4           2      6.840    slow_vdd1v0   worst 
CLKAND2X6          49    234.612    slow_vdd1v0   worst 
CLKAND2X8           1      5.814    slow_vdd1v0   worst 
CLKBUFX12           2     10.260    slow_vdd1v0   worst 
CLKBUFX16           2     13.680    slow_vdd1v0   worst 
CLKBUFX20           3     24.624    slow_vdd1v0   worst 
CLKINVX1            1      1.026    slow_vdd1v0   worst 
CLKINVX12          28    114.912    slow_vdd1v0   worst 
CLKINVX16           7     38.304    slow_vdd1v0   worst 
CLKINVX2            8     10.944    slow_vdd1v0   worst 
CLKINVX20           3     19.494    slow_vdd1v0   worst 
CLKINVX3            9     15.390    slow_vdd1v0   worst 
CLKINVX4           62    106.020    slow_vdd1v0   worst 
CLKINVX6           45    107.730    slow_vdd1v0   worst 
CLKINVX8           47    144.666    slow_vdd1v0   worst 
CLKMX2X2           30     92.340    slow_vdd1v0   worst 
CLKMX2X3           35    143.640    slow_vdd1v0   worst 
CLKXOR2X1          27     73.872    slow_vdd1v0   worst 
DFFHQX1           159    870.048    slow_vdd1v0   worst 
DFFHQX2             2     13.680    slow_vdd1v0   worst 
DFFHQX4             7     57.456    slow_vdd1v0   worst 
DFFHQX8            35    323.190    slow_vdd1v0   worst 
DFFQX1              2     11.628    slow_vdd1v0   worst 
DFFQX2             26    168.948    slow_vdd1v0   worst 
DFFQX4              4     28.728    slow_vdd1v0   worst 
DFFQXL             17     93.024    slow_vdd1v0   worst 
DFFRHQX1           39    240.084    slow_vdd1v0   worst 
DFFRHQX4            1      9.576    slow_vdd1v0   worst 
DFFRX2              4     30.096    slow_vdd1v0   worst 
DFFX1              30    215.460    slow_vdd1v0   worst 
DFFX2              15    123.120    slow_vdd1v0   worst 
DFFX4              26    240.084    slow_vdd1v0   worst 
EDFFHQX1          231   1975.050    slow_vdd1v0   worst 
EDFFHQX2            1      8.892    slow_vdd1v0   worst 
EDFFHQX8            2     23.256    slow_vdd1v0   worst 
INVX1             158    108.072    slow_vdd1v0   worst 
INVX12              4     16.416    slow_vdd1v0   worst 
INVX16              2     10.944    slow_vdd1v0   worst 
INVX2              93     95.418    slow_vdd1v0   worst 
INVX3              47     64.296    slow_vdd1v0   worst 
INVX4               7     11.970    slow_vdd1v0   worst 
INVX6               2      4.788    slow_vdd1v0   worst 
INVX8               3      9.234    slow_vdd1v0   worst 
INVXL               2      1.368    slow_vdd1v0   worst 
MDFFHQX1           24    205.200    slow_vdd1v0   worst 
MDFFHQX2            9     83.106    slow_vdd1v0   worst 
MDFFHQX4           22    203.148    slow_vdd1v0   worst 
MX2X1              64    153.216    slow_vdd1v0   worst 
MX3XL               1      4.788    slow_vdd1v0   worst 
MX4X1               1      7.524    slow_vdd1v0   worst 
MX4XL               4     28.728    slow_vdd1v0   worst 
MXI2X1              2      5.472    slow_vdd1v0   worst 
MXI2X2             12     53.352    slow_vdd1v0   worst 
MXI2X4             19     97.470    slow_vdd1v0   worst 
MXI2X6              3     15.390    slow_vdd1v0   worst 
MXI4X1              2     14.364    slow_vdd1v0   worst 
NAND2BX1           21     28.728    slow_vdd1v0   worst 
NAND2BX2           10     23.940    slow_vdd1v0   worst 
NAND2BX4            7     26.334    slow_vdd1v0   worst 
NAND2X1            56     57.456    slow_vdd1v0   worst 
NAND2X2           136    232.560    slow_vdd1v0   worst 
NAND2X4            98    335.160    slow_vdd1v0   worst 
NAND2X6            37    177.156    slow_vdd1v0   worst 
NAND2X8            12     65.664    slow_vdd1v0   worst 
NAND2XL             3      3.078    slow_vdd1v0   worst 
NAND3BX2            1      3.078    slow_vdd1v0   worst 
NAND3BX4            1      5.130    slow_vdd1v0   worst 
NAND3X2             8     21.888    slow_vdd1v0   worst 
NAND3X4            10     47.880    slow_vdd1v0   worst 
NAND3X6             3     21.546    slow_vdd1v0   worst 
NAND4BX4            1      7.524    slow_vdd1v0   worst 
NOR2BX1            36     49.248    slow_vdd1v0   worst 
NOR2BX2            19     51.984    slow_vdd1v0   worst 
NOR2BX4             7     26.334    slow_vdd1v0   worst 
NOR2X1             92     94.392    slow_vdd1v0   worst 
NOR2X2            106    181.260    slow_vdd1v0   worst 
NOR2X4            177    544.806    slow_vdd1v0   worst 
NOR2X6             51    209.304    slow_vdd1v0   worst 
NOR2X8             33    180.576    slow_vdd1v0   worst 
NOR2XL              4      4.104    slow_vdd1v0   worst 
NOR3BX1             1      2.052    slow_vdd1v0   worst 
NOR3BX2             1      3.420    slow_vdd1v0   worst 
NOR3BX4             1      5.814    slow_vdd1v0   worst 
NOR3X1              3      5.130    slow_vdd1v0   worst 
NOR3X2              8     21.888    slow_vdd1v0   worst 
NOR3X4              5     25.650    slow_vdd1v0   worst 
NOR3X6              1      7.182    slow_vdd1v0   worst 
NOR4BX4             1      7.524    slow_vdd1v0   worst 
NOR4X2             10     34.200    slow_vdd1v0   worst 
NOR4X4              5     32.490    slow_vdd1v0   worst 
NOR4X6              1      8.208    slow_vdd1v0   worst 
NOR4X8              1     10.602    slow_vdd1v0   worst 
OA21X1             57    116.964    slow_vdd1v0   worst 
OA21X2              5     15.390    slow_vdd1v0   worst 
OA21X4              6     22.572    slow_vdd1v0   worst 
OA22X1             78    186.732    slow_vdd1v0   worst 
OA22X2              3     10.260    slow_vdd1v0   worst 
OA22X4              3     12.312    slow_vdd1v0   worst 
OAI211X2            4     16.416    slow_vdd1v0   worst 
OAI211X4            4     25.992    slow_vdd1v0   worst 
OAI21X1            48     82.080    slow_vdd1v0   worst 
OAI21X2            41    126.198    slow_vdd1v0   worst 
OAI21X4            70    335.160    slow_vdd1v0   worst 
OAI21XL             4      6.840    slow_vdd1v0   worst 
OAI221X1            1      2.394    slow_vdd1v0   worst 
OAI221X2            2      9.576    slow_vdd1v0   worst 
OAI222X4            3     27.702    slow_vdd1v0   worst 
OAI22X1            23     47.196    slow_vdd1v0   worst 
OAI22X2            19     64.980    slow_vdd1v0   worst 
OAI22X4            13     84.474    slow_vdd1v0   worst 
OAI22XL             2      4.104    slow_vdd1v0   worst 
OAI2BB1X1          82    140.220    slow_vdd1v0   worst 
OAI2BB1X2          26     80.028    slow_vdd1v0   worst 
OAI2BB1X4           8     35.568    slow_vdd1v0   worst 
OAI2BB2X4           3     25.650    slow_vdd1v0   worst 
OAI31X1             4      8.208    slow_vdd1v0   worst 
OAI31X2             7     26.334    slow_vdd1v0   worst 
OAI31X4             5     34.200    slow_vdd1v0   worst 
OAI32X2             3     13.338    slow_vdd1v0   worst 
OR2X1              89    121.752    slow_vdd1v0   worst 
OR2X2              34     58.140    slow_vdd1v0   worst 
OR2X4              17     46.512    slow_vdd1v0   worst 
OR2X6              23     86.526    slow_vdd1v0   worst 
OR2X8               4     17.784    slow_vdd1v0   worst 
OR3X1              21     43.092    slow_vdd1v0   worst 
OR3X2               1      2.394    slow_vdd1v0   worst 
OR4X1              10     20.520    slow_vdd1v0   worst 
OR4X2               3     10.260    slow_vdd1v0   worst 
OR4X4               1      3.762    slow_vdd1v0   worst 
OR4X6               1      5.472    slow_vdd1v0   worst 
XNOR2X1            27     64.638    slow_vdd1v0   worst 
XNOR2X2            13     40.014    slow_vdd1v0   worst 
XNOR2X4             4     15.048    slow_vdd1v0   worst 
XNOR3X1             1      7.524    slow_vdd1v0   worst 
XOR2X2              3     10.260    slow_vdd1v0   worst 
--------------------------------------------------------
total            4258  15147.522                


                                          
     Type      Instances    Area   Area % 
------------------------------------------
sequential           656  4923.774   32.5 
inverter             528   880.992    5.8 
buffer                84   305.064    2.0 
logic               2990  9037.692   59.7 
physical_cells         0     0.000    0.0 
------------------------------------------
total               4258 15147.522  100.0 

