============================================================
  Generated by:           Genus(TM) Synthesis Solution 21.19-s055_1
  Generated on:           May 23 2026  02:39:45 pm
  Module:                 multiplier32FP
  Library domain:         worst
    Domain index:         0
    Technology library:   slow_vdd1v0 1.0
  Library domain:         best
    Domain index:         1
    Technology library:   fast_vdd1v2 1.0
  Operating conditions:   PVT_0P9V_125C 
  Operating conditions:   PVT_1P32V_0C 
  Interconnect mode:      global
  Area mode:              physical library
============================================================

     Instance         Module     Cell Count  Cell Area  Net Area   Total Area 
------------------------------------------------------------------------------
multiplier32FP                         4258  15147.522  5183.302    20330.824 
  i_mul_24        mul_24               1713   7395.066  1935.197     9330.263 
  i_post_norm_mul post_norm_mul        2235   6787.332  2777.747     9565.079 
  i_pre_norm_mul  pre_norm_mul           80    247.608    70.037      317.645 
  u_fsm           fpu_fsm                37    115.254    38.601      153.855 
