============================================================
  Generated by:           Genus(TM) Synthesis Solution 21.19-s055_1
  Generated on:           May 23 2026  02:39:45 pm
  Module:                 multiplier32FP
  Library domain:         worst
    Domain index:         0
    Technology library:   slow_vdd1v0 1.0
  Library domain:         best
    Domain index:         1
    Technology library:   fast_vdd1v2 1.0
  Operating conditions:   PVT_0P9V_125C 
  Operating conditions:   PVT_1P32V_0C 
  Interconnect mode:      global
  Area mode:              physical library
============================================================

     Instance         Module     Cell Count  Normalized Cell Area  Normalized Net Area   Normalized Total Area 
---------------------------------------------------------------------------------------------------------------
multiplier32FP                         4258             14763.667             5051.951               19815.618 
  i_mul_24        mul_24               1713              7207.667             1886.157                9093.824 
  i_post_norm_mul post_norm_mul        2235              6615.333             2707.356                9322.689 
  i_pre_norm_mul  pre_norm_mul           80               241.333               68.262                 309.595 
  u_fsm           fpu_fsm                37               112.333               37.623                 149.956 
