============================================================
  Generated by:           Genus(TM) Synthesis Solution 21.19-s055_1
  Generated on:           May 23 2026  04:24:03 pm
  Module:                 multiplier32FP
  Library domain:         worst
    Domain index:         0
    Technology library:   slow_vdd1v0 1.0
  Library domain:         best
    Domain index:         1
    Technology library:   fast_vdd1v2 1.0
  Operating conditions:   PVT_0P9V_125C 
  Operating conditions:   PVT_1P32V_0C 
  Interconnect mode:      global
  Area mode:              physical library
============================================================

     Instance         Module     Cell Count  Normalized Cell Area  Normalized Net Area   Normalized Total Area 
---------------------------------------------------------------------------------------------------------------
multiplier32FP                         4681             17469.000             5482.547               22951.547 
  i_mul_24        mul_24               1838              7878.667             2023.274                9901.940 
  i_post_norm_mul post_norm_mul        2468              8433.667             2934.870               11368.537 
  i_pre_norm_mul  pre_norm_mul          115               325.667               95.215                 420.881 
  u_fsm           fpu_fsm                30                98.667               31.602                 130.269 
