============================================================
  Generated by:           Genus(TM) Synthesis Solution 21.19-s055_1
  Generated on:           May 23 2026  04:24:03 pm
  Module:                 multiplier32FP
  Operating conditions:   PVT_0P9V_125C 
  Operating conditions:   PVT_1P32V_0C 
  Interconnect mode:      global
  Area mode:              physical library
============================================================


Path 1: VIOLATED (-1160 ps) Setup Check with Pin i_mul_24/prod2_reg[3][1][15]/CK->D
          Group: clk
     Startpoint: (R) i_mul_24/count_reg[0]/CK
          Clock: (R) clk
       Endpoint: (R) i_mul_24/prod2_reg[3][1][15]/D
          Clock: (R) clk

                     Capture       Launch     
        Clock Edge:+    1482            0     
       Src Latency:+       0            0     
       Net Latency:+     100 (I)      100 (I) 
           Arrival:=    1582          100     
                                              
             Setup:-     217                  
       Uncertainty:-      50                  
     Required Time:=    1315                  
      Launch Clock:-     100                  
         Data Path:-    2375                  
             Slack:=   -1160                  

#------------------------------------------------------------------------------------------------------------------
#               Timing Point                Flags   Arc   Edge   Cell     Fanout Load Trans Delay Arrival Instance 
#                                                                                (fF)  (ps)  (ps)   (ps)  Location 
#------------------------------------------------------------------------------------------------------------------
  i_mul_24/count_reg[0]/CK                  -       -     R     (arrival)    656    -     0     0     100    (-,-) 
  i_mul_24/count_reg[0]/Q                   -       CK->Q F     DFFHQX4        1  7.2    62   245     345    (-,-) 
  i_mul_24/fopt59/Y                         -       A->Y  R     CLKINVX12      3 21.8    57    58     403    (-,-) 
  i_mul_24/fopt11362/Y                      -       A->Y  F     CLKINVX16      6 15.6    48    52     455    (-,-) 
  i_mul_24/g8774__5115/Y                    -       S0->Y R     CLKMX2X3       2  9.2    94   225     680    (-,-) 
  i_mul_24/mul_195_46_g3250/Y               -       A->Y  F     CLKINVX6       2 10.9    72    81     761    (-,-) 
  i_mul_24/mul_195_46_g3216__1666/Y         -       A->Y  R     NOR2X6         2  5.0    64    83     844    (-,-) 
  i_mul_24/mul_195_46_g3183__2346/S         -       A->S  R     ADDHX2         1  4.1    76   232    1075    (-,-) 
  i_mul_24/mul_195_46_cdnfadd_006_1__9945/S -       A->S  F     ADDFHX1        1  3.7   115   336    1411    (-,-) 
  i_mul_24/mul_195_46_cdnfadd_006_2__2883/S -       CI->S R     ADDFHX2        2  6.8   112   381    1792    (-,-) 
  i_mul_24/mul_195_46_g3143__2346/Y         -       B->Y  R     OR2X6          2 10.0    53   135    1927    (-,-) 
  i_mul_24/mul_195_46_g3131__4733/Y         -       A->Y  F     NAND2X6        1  5.8    93    94    2021    (-,-) 
  i_mul_24/mul_195_46_g3123__8246/Y         -       B->Y  R     NOR2X8         1  6.1    68    78    2099    (-,-) 
  i_mul_24/mul_195_46_g3119__1617/Y         -       B->Y  F     NOR2X8         2  6.4    55    56    2156    (-,-) 
  i_mul_24/mul_195_46_g3114__8428/Y         -       A1->Y R     OAI21X4        1  3.3    75    76    2232    (-,-) 
  i_mul_24/mul_195_46_g3111__5107/Y         -       S0->Y R     MXI2X4         4  8.8    64   243    2475    (-,-) 
  i_mul_24/prod2_reg[3][1][15]/D            <<<     -     R     EDFFHQX1       4    -     -     0    2475    (-,-) 
#------------------------------------------------------------------------------------------------------------------

