============================================================
  Generated by:           Genus(TM) Synthesis Solution 21.19-s055_1
  Generated on:           May 23 2026  04:24:03 pm
  Module:                 multiplier32FP
  Library domain:         worst
    Domain index:         0
    Technology library:   slow_vdd1v0 1.0
  Library domain:         best
    Domain index:         1
    Technology library:   fast_vdd1v2 1.0
  Operating conditions:   PVT_0P9V_125C 
  Operating conditions:   PVT_1P32V_0C 
  Interconnect mode:      global
  Area mode:              physical library
============================================================

Max_transition design rule (violation total = 1105)
Pin                                   Slew           Max     Violation
------------------------------------------------------------------------
infinit_o_reg/D                        423           280           143
  --> Other violations on net                  143
g2300/Y                                423           280           143
  --> Other violations on net                  143
i_post_norm_mul/g93334/B0              388           280           108
  --> Other violations on net                  108
i_post_norm_mul/g93362/Y               388           280           108
  --> Other violations on net                  108
i_post_norm_mul/g93249/A1              360           280            80
  --> Other violations on net                  80
i_post_norm_mul/g93293/Y               360           280            80
  --> Other violations on net                  80
i_post_norm_mul/g95486/A               322           280            42
  --> Other violations on net                  42
i_post_norm_mul/g95630/Y               322           280            42
  --> Other violations on net                  42
i_post_norm_mul/g95318/B1              317           280            37
  --> Other violations on net                  37
i_post_norm_mul/g95548/Y               317           280            37
  --> Other violations on net                  37
i_post_norm_mul/g93300/A               313           280            33
  --> Other violations on net                  33
i_post_norm_mul/g93358/Y               313           280            33
  --> Other violations on net                  33
i_post_norm_mul/g93579/B               311           280            31
  --> Other violations on net                  31
i_post_norm_mul/g93853/Y               311           280            31
  --> Other violations on net                  31
i_post_norm_mul/g93483/B               308           280            28
  --> Other violations on net                  28
i_post_norm_mul/g93670/Y               308           280            28
  --> Other violations on net                  28
i_post_norm_mul/g93257/B0              307           280            27
  --> Other violations on net                  27
i_post_norm_mul/g95119/Y               307           280            27
  --> Other violations on net                  27
i_post_norm_mul/g93257/A0              304           280            24
  --> Other violations on net                  24
i_post_norm_mul/g94937/Y               304           280            24
  --> Other violations on net                  24


Max_capacitance design rule: no violations.


Max_fanout design rule: no constraints.



