============================================================
  Generated by:           Genus(TM) Synthesis Solution 21.19-s055_1
  Generated on:           May 23 2026  04:24:03 pm
  Module:                 multiplier32FP
  Library domain:         worst
    Domain index:         0
    Technology library:   slow_vdd1v0 1.0
  Library domain:         best
    Domain index:         1
    Technology library:   fast_vdd1v2 1.0
  Operating conditions:   PVT_0P9V_125C 
  Operating conditions:   PVT_1P32V_0C 
  Interconnect mode:      global
  Area mode:              physical library
============================================================

     Instance         Module     Cell Count  Cell Area  Net Area   Total Area 
------------------------------------------------------------------------------
multiplier32FP                         4681  17923.194  5625.093    23548.287 
  i_mul_24        mul_24               1838   8083.512  2075.879    10159.391 
  i_post_norm_mul post_norm_mul        2468   8652.942  3011.177    11664.119 
  i_pre_norm_mul  pre_norm_mul          115    334.134    97.690      431.824 
  u_fsm           fpu_fsm                30    101.232    32.424      133.656 
