============================================================
  Generated by:           Genus(TM) Synthesis Solution 21.19-s055_1
  Generated on:           May 25 2026  10:03:01 am
  Module:                 multiplier32FP
  Library domain:         worst
    Domain index:         0
    Technology library:   slow_vdd1v0 1.0
  Library domain:         best
    Domain index:         1
    Technology library:   fast_vdd1v2 1.0
  Operating conditions:   PVT_0P9V_125C 
  Operating conditions:   PVT_1P32V_0C 
  Interconnect mode:      global
  Area mode:              physical library
============================================================

Max_transition design rule (violation total = 20)
Pin                                   Slew           Max     Violation
------------------------------------------------------------------------
i_post_norm_mul/g87526/C               284           280             4
  --> Other violations on net                  4
i_post_norm_mul/g88097/Y               284           280             4
  --> Other violations on net                  4
i_post_norm_mul/g87482/A1              283           280             3
  --> Other violations on net                  5
i_post_norm_mul/g87485/C0              283           280             3
  --> Other violations on net                  5
i_post_norm_mul/g87522/Y               283           280             3
  --> Other violations on net                  5
i_post_norm_mul/g88315/C               281           280             1
  --> Other violations on net                  1
i_post_norm_mul/g88344/Y               281           280             1
  --> Other violations on net                  1
i_post_norm_mul/g87687/A1              280           280             0
  --> Other violations on net                  0
i_post_norm_mul/g87803/Y               280           280             0
  --> Other violations on net                  0


Max_capacitance design rule: no violations.


Max_fanout design rule: no constraints.



