============================================================
  Generated by:           Genus(TM) Synthesis Solution 21.19-s055_1
  Generated on:           May 25 2026  10:03:02 am
  Module:                 multiplier32FP
  Library domain:         worst
    Domain index:         0
    Technology library:   slow_vdd1v0 1.0
  Library domain:         best
    Domain index:         1
    Technology library:   fast_vdd1v2 1.0
  Operating conditions:   PVT_0P9V_125C 
  Operating conditions:   PVT_1P32V_0C 
  Interconnect mode:      global
  Area mode:              physical library
============================================================

     Instance         Module     Cell Count  Cell Area  Net Area   Total Area 
------------------------------------------------------------------------------
multiplier32FP                         4287  13491.216  5327.366    18818.582 
  i_mul_24        mul_24               1532   6577.686  1759.602     8337.288 
  i_post_norm_mul post_norm_mul        2475   6014.754  3124.623     9139.377 
  i_pre_norm_mul  pre_norm_mul           66    241.452    53.920      295.372 
  u_fsm           fpu_fsm                34    112.176    37.137      149.313 
