============================================================
  Generated by:           Genus(TM) Synthesis Solution 21.19-s055_1
  Generated on:           May 23 2026  03:44:52 pm
  Module:                 multiplier32FP
  Library domain:         worst
    Domain index:         0
    Technology library:   slow_vdd1v0 1.0
  Library domain:         best
    Domain index:         1
    Technology library:   fast_vdd1v2 1.0
  Operating conditions:   PVT_0P9V_125C 
  Operating conditions:   PVT_1P32V_0C 
  Interconnect mode:      global
  Area mode:              physical library
============================================================

Max_transition design rule (violation total = 6782)
Pin                                                             Slew           Max     Violation
--------------------------------------------------------------------------------------------------
i_mul_24/prod2_reg[0][3][1]/E                                    337           280            57
  --> Other violations on net                                            2726
i_mul_24/prod2_reg[0][3][0]/E                                    337           280            57
  --> Other violations on net                                            2726
i_mul_24/prod2_reg[0][3][2]/E                                    337           280            57
  --> Other violations on net                                            2726
i_mul_24/prod2_reg[0][3][3]/E                                    337           280            57
  --> Other violations on net                                            2726
i_mul_24/prod2_reg[0][3][4]/E                                    337           280            57
  --> Other violations on net                                            2726
i_mul_24/prod2_reg[0][3][5]/E                                    337           280            57
  --> Other violations on net                                            2726
i_mul_24/prod2_reg[0][3][6]/S0                                   337           280            57
  --> Other violations on net                                            2726
i_mul_24/prod2_reg[0][3][8]/S0                                   337           280            57
  --> Other violations on net                                            2726
i_mul_24/prod2_reg[0][3][7]/S0                                   337           280            57
  --> Other violations on net                                            2726
i_mul_24/prod2_reg[0][3][9]/S0                                   337           280            57
  --> Other violations on net                                            2726
i_mul_24/prod2_reg[0][3][10]/S0                                  337           280            57
  --> Other violations on net                                            2726
i_mul_24/prod2_reg[0][3][11]/S0                                  337           280            57
  --> Other violations on net                                            2726
i_mul_24/prod2_reg[0][0][12]/S0                                  337           280            57
  --> Other violations on net                                            2726
i_mul_24/prod2_reg[0][0][13]/S0                                  337           280            57
  --> Other violations on net                                            2726
i_mul_24/prod2_reg[0][0][14]/E                                   337           280            57
  --> Other violations on net                                            2726
i_mul_24/prod2_reg[0][0][15]/S0                                  337           280            57
  --> Other violations on net                                            2726
i_mul_24/prod2_reg[0][0][17]/E                                   337           280            57
  --> Other violations on net                                            2726
i_mul_24/prod2_reg[0][0][18]/S0                                  337           280            57
  --> Other violations on net                                            2726
i_mul_24/prod2_reg[0][0][19]/E                                   337           280            57
  --> Other violations on net                                            2726
i_mul_24/prod2_reg[0][0][22]/E                                   337           280            57
  --> Other violations on net                                            2726
i_mul_24/prod2_reg[0][0][23]/E                                   337           280            57
  --> Other violations on net                                            2726
i_mul_24/prod2_reg[0][1][6]/E                                    337           280            57
  --> Other violations on net                                            2726
i_mul_24/prod2_reg[0][1][7]/E                                    337           280            57
  --> Other violations on net                                            2726
i_mul_24/prod2_reg[0][1][8]/E                                    337           280            57
  --> Other violations on net                                            2726
i_mul_24/prod2_reg[0][1][9]/S0                                   337           280            57
  --> Other violations on net                                            2726
i_mul_24/prod2_reg[0][1][10]/S0                                  337           280            57
  --> Other violations on net                                            2726
i_mul_24/prod2_reg[0][1][11]/S0                                  337           280            57
  --> Other violations on net                                            2726
i_mul_24/prod2_reg[0][1][12]/S0                                  337           280            57
  --> Other violations on net                                            2726
i_mul_24/prod2_reg[0][1][13]/S0                                  337           280            57
  --> Other violations on net                                            2726
i_mul_24/prod2_reg[0][1][15]/E                                   337           280            57
  --> Other violations on net                                            2726
i_mul_24/prod2_reg[0][1][16]/E                                   337           280            57
  --> Other violations on net                                            2726
i_mul_24/prod2_reg[0][1][17]/E                                   337           280            57
  --> Other violations on net                                            2726
i_mul_24/prod2_reg[0][2][6]/E                                    337           280            57
  --> Other violations on net                                            2726
i_mul_24/prod2_reg[0][2][7]/E                                    337           280            57
  --> Other violations on net                                            2726
i_mul_24/prod2_reg[0][2][8]/S0                                   337           280            57
  --> Other violations on net                                            2726
i_mul_24/prod2_reg[0][2][9]/S0                                   337           280            57
  --> Other violations on net                                            2726
i_mul_24/prod2_reg[0][1][14]/E                                   337           280            57
  --> Other violations on net                                            2726
i_mul_24/prod2_reg[0][2][10]/S0                                  337           280            57
  --> Other violations on net                                            2726
i_mul_24/prod2_reg[0][2][11]/S0                                  337           280            57
  --> Other violations on net                                            2726
i_mul_24/prod2_reg[0][0][16]/S0                                  337           280            57
  --> Other violations on net                                            2726
i_mul_24/prod2_reg[0][2][12]/S0                                  337           280            57
  --> Other violations on net                                            2726
i_mul_24/prod2_reg[0][2][13]/S0                                  337           280            57
  --> Other violations on net                                            2726
i_mul_24/prod2_reg[0][2][14]/E                                   337           280            57
  --> Other violations on net                                            2726
i_mul_24/prod2_reg[0][2][15]/E                                   337           280            57
  --> Other violations on net                                            2726
i_mul_24/prod2_reg[0][2][16]/E                                   337           280            57
  --> Other violations on net                                            2726
i_mul_24/prod2_reg[0][2][17]/E                                   337           280            57
  --> Other violations on net                                            2726
i_mul_24/prod2_reg[0][0][20]/E                                   337           280            57
  --> Other violations on net                                            2726
i_mul_24/prod2_reg[0][0][21]/E                                   337           280            57
  --> Other violations on net                                            2726
i_mul_24/g10470__4319/Y                                          337           280            57
  --> Other violations on net                                            2726
i_post_norm_mul/g83595/A0                                        358           280            78
  --> Other violations on net                                            549
i_post_norm_mul/g83592/A0                                        358           280            78
  --> Other violations on net                                            549
i_post_norm_mul/g83597/A0                                        358           280            78
  --> Other violations on net                                            549
i_post_norm_mul/g83591/A0                                        358           280            78
  --> Other violations on net                                            549
i_post_norm_mul/g83593/A0                                        358           280            78
  --> Other violations on net                                            549
i_post_norm_mul/g83594/A0                                        358           280            78
  --> Other violations on net                                            549
i_post_norm_mul/g83596/A0                                        358           280            78
  --> Other violations on net                                            549
i_post_norm_mul/g85143/Y                                         358           280            78
  --> Other violations on net                                            549
i_post_norm_mul/g85101/A                                         306           280            26
  --> Other violations on net                                            475
i_post_norm_mul/g83483/A0                                        306           280            26
  --> Other violations on net                                            475
i_post_norm_mul/g83440/B0                                        306           280            26
  --> Other violations on net                                            475
i_post_norm_mul/g83492/A0                                        306           280            26
  --> Other violations on net                                            475
i_post_norm_mul/g83493/A0                                        306           280            26
  --> Other violations on net                                            475
i_post_norm_mul/g83494/A0                                        306           280            26
  --> Other violations on net                                            475
i_post_norm_mul/g83496/A0                                        306           280            26
  --> Other violations on net                                            475
i_post_norm_mul/g83516/A0                                        306           280            26
  --> Other violations on net                                            475
i_post_norm_mul/g83544/A0N                                       306           280            26
  --> Other violations on net                                            475
i_post_norm_mul/g83556/A0                                        306           280            26
  --> Other violations on net                                            475
i_post_norm_mul/g83564/A0                                        306           280            26
  --> Other violations on net                                            475
i_post_norm_mul/g83565/A0                                        306           280            26
  --> Other violations on net                                            475
i_post_norm_mul/g83566/A0                                        306           280            26
  --> Other violations on net                                            475
i_post_norm_mul/g83568/A0                                        306           280            26
  --> Other violations on net                                            475
i_post_norm_mul/g83573/B0                                        306           280            26
  --> Other violations on net                                            475
i_post_norm_mul/g83574/B0                                        306           280            26
  --> Other violations on net                                            475
i_post_norm_mul/g83602/A                                         306           280            26
  --> Other violations on net                                            475
i_post_norm_mul/g83699/A0                                        306           280            26
  --> Other violations on net                                            475
i_post_norm_mul/g85134/Y                                         306           280            26
  --> Other violations on net                                            475
i_mul_24/g8517__1881/B                                           448           280           168
  --> Other violations on net                                            168
i_mul_24/g8567__2802/Y                                           448           280           168
  --> Other violations on net                                            168
i_post_norm_mul/g84457/B0                                        424           280           144
  --> Other violations on net                                            144
i_post_norm_mul/g85076/Y                                         424           280           144
  --> Other violations on net                                            144
i_post_norm_mul/g85344/C                                         412           280           132
  --> Other violations on net                                            132
i_post_norm_mul/g85387/Y                                         412           280           132
  --> Other violations on net                                            132
i_post_norm_mul/g85439/C                                         411           280           131
  --> Other violations on net                                            131
i_post_norm_mul/g85500/Y                                         411           280           131
  --> Other violations on net                                            131
i_post_norm_mul/g84144/A                                         362           280            82
  --> Other violations on net                                            82
i_post_norm_mul/g84287/Y                                         362           280            82
  --> Other violations on net                                            82
i_post_norm_mul/g84149/A                                         362           280            82
  --> Other violations on net                                            82
i_post_norm_mul/g84286/Y                                         362           280            82
  --> Other violations on net                                            82
i_post_norm_mul/g84146/A                                         362           280            82
  --> Other violations on net                                            82
i_post_norm_mul/g84282/Y                                         362           280            82
  --> Other violations on net                                            82
i_post_norm_mul/g83845/A0                                        359           280            79
  --> Other violations on net                                            79
i_post_norm_mul/g84217/Y                                         359           280            79
  --> Other violations on net                                            79
i_post_norm_mul/g83670/B0                                        343           280            63
  --> Other violations on net                                            63
i_post_norm_mul/g84137/Y                                         343           280            63
  --> Other violations on net                                            63
i_post_norm_mul/g83538/B0                                        343           280            63
  --> Other violations on net                                            63
i_post_norm_mul/g84119/Y                                         343           280            63
  --> Other violations on net                                            63
i_post_norm_mul/g84137/A                                         342           280            62
  --> Other violations on net                                            62
i_post_norm_mul/g84284/Y                                         342           280            62
  --> Other violations on net                                            62
i_post_norm_mul/g84119/A                                         342           280            62
  --> Other violations on net                                            62
i_post_norm_mul/g84281/Y                                         342           280            62
  --> Other violations on net                                            62
i_mul_24/WALLACE_CSA_DUMMY_OP_groupi_g2134__5122/A               342           280            62
  --> Other violations on net                                            62
i_mul_24/WALLACE_CSA_DUMMY_OP_groupi_g2299__8428/Y               342           280            62
  --> Other violations on net                                            62
i_post_norm_mul/g83674/B0                                        341           280            61
  --> Other violations on net                                            61
i_post_norm_mul/g84141/Y                                         341           280            61
  --> Other violations on net                                            61
i_post_norm_mul/g83183/A1                                        314           280            34
  --> Other violations on net                                            34
i_post_norm_mul/g83233/Y                                         314           280            34
  --> Other violations on net                                            34
i_mul_24/WALLACE_CSA_DUMMY_OP_groupi_g2295__2398/B               302           280            22
  --> Other violations on net                                            44
i_mul_24/WALLACE_CSA_DUMMY_OP_groupi_g2155__5107/B0              302           280            22
  --> Other violations on net                                            44
i_mul_24/WALLACE_CSA_DUMMY_OP_groupi_g2360/Y                     302           280            22
  --> Other violations on net                                            44
i_post_norm_mul/g85425/A0                                        302           280            22
  --> Other violations on net                                            43
i_post_norm_mul/g85352/C                                         302           280            22
  --> Other violations on net                                            43
i_post_norm_mul/g85631/Y                                         302           280            22
  --> Other violations on net                                            43
i_post_norm_mul/g83889/B                                         310           280            30
  --> Other violations on net                                            30
i_post_norm_mul/g84072/Y                                         310           280            30
  --> Other violations on net                                            30
i_post_norm_mul/g85268/A0N                                       290           280            10
  --> Other violations on net                                            10
i_post_norm_mul/g85350/Y                                         290           280            10
  --> Other violations on net                                            10
i_mul_24/g10247__3680/A                                          284           280             4
  --> Other violations on net                                            15
i_mul_24/s_state_reg/D0                                          284           280             4
  --> Other violations on net                                            15
i_mul_24/g10376__2802/A                                          284           280             4
  --> Other violations on net                                            15
i_mul_24/g10456__9315/A                                          284           280             4
  --> Other violations on net                                            15
i_mul_24/s_start_i_reg/Q                                         284           280             4
  --> Other violations on net                                            15
i_post_norm_mul/g84486/B0                                        283           280             3
  --> Other violations on net                                            12
i_post_norm_mul/g84457/A0                                        283           280             3
  --> Other violations on net                                            12
i_post_norm_mul/g84917/B0                                        283           280             3
  --> Other violations on net                                            12
i_post_norm_mul/g85292/B0                                        283           280             3
  --> Other violations on net                                            12
i_post_norm_mul/g85455/Y                                         283           280             3
  --> Other violations on net                                            12
i_post_norm_mul/g83406/A                                         285           280             5
  --> Other violations on net                                            5
i_post_norm_mul/g83484/Y                                         285           280             5
  --> Other violations on net                                            5
i_post_norm_mul/g83190/B                                         282           280             2
  --> Other violations on net                                            2
i_post_norm_mul/g83222/Y                                         282           280             2
  --> Other violations on net                                            2
i_mul_24/WALLACE_CSA_DUMMY_OP_groupi_g2151__7410/B0              281           280             1
  --> Other violations on net                                            1
i_mul_24/WALLACE_CSA_DUMMY_OP_groupi_g2198__8246/Y               281           280             1
  --> Other violations on net                                            1


Max_capacitance design rule: no violations.


Max_fanout design rule: no constraints.



