============================================================
  Generated by:           Genus(TM) Synthesis Solution 21.19-s055_1
  Generated on:           May 25 2026  09:13:34 am
  Module:                 multiplier32FP
  Operating conditions:   PVT_0P9V_125C 
  Operating conditions:   PVT_1P32V_0C 
  Interconnect mode:      global
  Area mode:              physical library
============================================================

                                                Library 
   Gate     Instances    Area        Library     Domain 
--------------------------------------------------------
ADDFHX1            21    158.004    slow_vdd1v0   worst 
ADDFHX2            38    311.904    slow_vdd1v0   worst 
ADDFX1             48    246.240    slow_vdd1v0   worst 
ADDFX2              1      7.866    slow_vdd1v0   worst 
ADDHX1             20     75.240    slow_vdd1v0   worst 
ADDHX2              2     10.260    slow_vdd1v0   worst 
ADDHX4              2     14.364    slow_vdd1v0   worst 
AND2X1            263    359.784    slow_vdd1v0   worst 
AND2X2             19     32.490    slow_vdd1v0   worst 
AND2X4              8     21.888    slow_vdd1v0   worst 
AND2X6              8     30.096    slow_vdd1v0   worst 
AND2X8              1      4.446    slow_vdd1v0   worst 
AND3X1              4      9.576    slow_vdd1v0   worst 
AND3X4              1      3.078    slow_vdd1v0   worst 
AND3X6              1      4.446    slow_vdd1v0   worst 
AND3XL             14     28.728    slow_vdd1v0   worst 
AND4X1              8     19.152    slow_vdd1v0   worst 
AND4X6              1      5.814    slow_vdd1v0   worst 
AO21X1             41     98.154    slow_vdd1v0   worst 
AO21X2              4     10.944    slow_vdd1v0   worst 
AO22X1             83    227.088    slow_vdd1v0   worst 
AOI211X1            4      9.576    slow_vdd1v0   worst 
AOI211X2           12     41.040    slow_vdd1v0   worst 
AOI211X4            1      6.498    slow_vdd1v0   worst 
AOI21X1           130    222.300    slow_vdd1v0   worst 
AOI21X2            39    106.704    slow_vdd1v0   worst 
AOI21X4            52    266.760    slow_vdd1v0   worst 
AOI21XL             1      1.710    slow_vdd1v0   worst 
AOI221X2           20     88.920    slow_vdd1v0   worst 
AOI221X4            3     23.598    slow_vdd1v0   worst 
AOI222X2            2     10.944    slow_vdd1v0   worst 
AOI222X4            1      9.576    slow_vdd1v0   worst 
AOI22X1           103    211.356    slow_vdd1v0   worst 
AOI22X2            20     75.240    slow_vdd1v0   worst 
AOI22X4            14     86.184    slow_vdd1v0   worst 
AOI2BB1X1          29     59.508    slow_vdd1v0   worst 
AOI2BB1X2           5     15.390    slow_vdd1v0   worst 
AOI2BB1X4           8     32.832    slow_vdd1v0   worst 
AOI2BB2X4           1      7.524    slow_vdd1v0   worst 
AOI31X2             8     27.360    slow_vdd1v0   worst 
AOI31X4             2     12.996    slow_vdd1v0   worst 
AOI32X4             1      7.866    slow_vdd1v0   worst 
BUFX16              1      6.840    slow_vdd1v0   worst 
BUFX2               4      6.840    slow_vdd1v0   worst 
BUFX3               4      8.208    slow_vdd1v0   worst 
BUFX6              15     46.170    slow_vdd1v0   worst 
BUFX8              37    139.194    slow_vdd1v0   worst 
CLKAND2X12         17    127.908    slow_vdd1v0   worst 
CLKAND2X2          35     71.820    slow_vdd1v0   worst 
CLKAND2X3          25     76.950    slow_vdd1v0   worst 
CLKAND2X4           1      3.420    slow_vdd1v0   worst 
CLKAND2X6          29    138.852    slow_vdd1v0   worst 
CLKAND2X8           1      5.814    slow_vdd1v0   worst 
CLKBUFX16           1      6.840    slow_vdd1v0   worst 
CLKBUFX2            1      1.710    slow_vdd1v0   worst 
CLKBUFX20           1      8.208    slow_vdd1v0   worst 
CLKBUFX6            4     12.312    slow_vdd1v0   worst 
CLKINVX12           8     32.832    slow_vdd1v0   worst 
CLKINVX16           3     16.416    slow_vdd1v0   worst 
CLKINVX2            1      1.368    slow_vdd1v0   worst 
CLKINVX20           4     25.992    slow_vdd1v0   worst 
CLKINVX4           17     29.070    slow_vdd1v0   worst 
CLKINVX6           17     40.698    slow_vdd1v0   worst 
CLKINVX8           20     61.560    slow_vdd1v0   worst 
CLKMX2X2            1      3.078    slow_vdd1v0   worst 
CLKMX2X3           15     61.560    slow_vdd1v0   worst 
CLKXOR2X1          20     54.720    slow_vdd1v0   worst 
DFFHQX1           217   1187.424    slow_vdd1v0   worst 
DFFHQX2             1      6.840    slow_vdd1v0   worst 
DFFHQX4             8     65.664    slow_vdd1v0   worst 
DFFHQX8            11    101.574    slow_vdd1v0   worst 
DFFQX2              9     58.482    slow_vdd1v0   worst 
DFFQXL              1      5.472    slow_vdd1v0   worst 
DFFRHQX1           39    240.084    slow_vdd1v0   worst 
DFFRHQX4            1      9.576    slow_vdd1v0   worst 
DFFRX1              2     13.680    slow_vdd1v0   worst 
DFFRX2              3     22.572    slow_vdd1v0   worst 
DFFX1              20    143.640    slow_vdd1v0   worst 
DFFX2              32    262.656    slow_vdd1v0   worst 
DFFX4              23    212.382    slow_vdd1v0   worst 
EDFFHQX1          281   2402.550    slow_vdd1v0   worst 
INVX1             172    117.648    slow_vdd1v0   worst 
INVX2              59     60.534    slow_vdd1v0   worst 
INVX3              34     46.512    slow_vdd1v0   worst 
INVX6               2      4.788    slow_vdd1v0   worst 
MDFFHQX1            2     17.100    slow_vdd1v0   worst 
MDFFHQX4            6     55.404    slow_vdd1v0   worst 
MX2X1              47    112.518    slow_vdd1v0   worst 
MXI2X1              5     13.680    slow_vdd1v0   worst 
MXI2X2              5     22.230    slow_vdd1v0   worst 
MXI2X4              6     30.780    slow_vdd1v0   worst 
MXI2X6              2     10.260    slow_vdd1v0   worst 
NAND2BX1           34     46.512    slow_vdd1v0   worst 
NAND2BX2           14     33.516    slow_vdd1v0   worst 
NAND2BX4            5     18.810    slow_vdd1v0   worst 
NAND2X1            97     99.522    slow_vdd1v0   worst 
NAND2X2            90    153.900    slow_vdd1v0   worst 
NAND2X4            61    208.620    slow_vdd1v0   worst 
NAND2X6            21    100.548    slow_vdd1v0   worst 
NAND2X8            10     54.720    slow_vdd1v0   worst 
NAND3BX4            1      5.130    slow_vdd1v0   worst 
NAND3X2             8     21.888    slow_vdd1v0   worst 
NAND3X4             4     19.152    slow_vdd1v0   worst 
NAND4X6             2     17.100    slow_vdd1v0   worst 
NAND4X8             1     10.260    slow_vdd1v0   worst 
NOR2BX1            74    101.232    slow_vdd1v0   worst 
NOR2BX2            42    114.912    slow_vdd1v0   worst 
NOR2BX4             7     26.334    slow_vdd1v0   worst 
NOR2X1            147    150.822    slow_vdd1v0   worst 
NOR2X2             58     99.180    slow_vdd1v0   worst 
NOR2X4             66    203.148    slow_vdd1v0   worst 
NOR2X6             44    180.576    slow_vdd1v0   worst 
NOR2X8             15     82.080    slow_vdd1v0   worst 
NOR2XL              1      1.026    slow_vdd1v0   worst 
NOR3BX1             1      2.052    slow_vdd1v0   worst 
NOR3BX2             2      6.840    slow_vdd1v0   worst 
NOR3X1              5      8.550    slow_vdd1v0   worst 
NOR3X2              2      5.472    slow_vdd1v0   worst 
NOR3X4              2     10.260    slow_vdd1v0   worst 
NOR3X6              1      7.182    slow_vdd1v0   worst 
NOR3X8              4     35.568    slow_vdd1v0   worst 
NOR4X2              9     30.780    slow_vdd1v0   worst 
NOR4X4              1      6.498    slow_vdd1v0   worst 
OA21X1             89    182.628    slow_vdd1v0   worst 
OA21X2              4     12.312    slow_vdd1v0   worst 
OA22X1            155    371.070    slow_vdd1v0   worst 
OA22X2              1      3.420    slow_vdd1v0   worst 
OAI211X2            1      4.104    slow_vdd1v0   worst 
OAI21X1            85    145.350    slow_vdd1v0   worst 
OAI21X2            26     80.028    slow_vdd1v0   worst 
OAI21X4            29    138.852    slow_vdd1v0   worst 
OAI221X2            3     14.364    slow_vdd1v0   worst 
OAI221X4            1      7.866    slow_vdd1v0   worst 
OAI22X1            86    176.472    slow_vdd1v0   worst 
OAI22X2             6     20.520    slow_vdd1v0   worst 
OAI2BB1X1         145    247.950    slow_vdd1v0   worst 
OAI2BB1X2          12     36.936    slow_vdd1v0   worst 
OAI2BB1X4           1      4.446    slow_vdd1v0   worst 
OAI2BB2X2           4     21.888    slow_vdd1v0   worst 
OAI31X1            10     20.520    slow_vdd1v0   worst 
OAI31X2             4     15.048    slow_vdd1v0   worst 
OR2X1             135    184.680    slow_vdd1v0   worst 
OR2X2              28     47.880    slow_vdd1v0   worst 
OR2X4              22     60.192    slow_vdd1v0   worst 
OR2X6              15     56.430    slow_vdd1v0   worst 
OR2X8               1      4.446    slow_vdd1v0   worst 
OR3X1              49    100.548    slow_vdd1v0   worst 
OR3X2               2      4.788    slow_vdd1v0   worst 
OR3X4               1      3.078    slow_vdd1v0   worst 
OR3X6               1      4.788    slow_vdd1v0   worst 
OR4X1              60    123.120    slow_vdd1v0   worst 
OR4X2               1      3.420    slow_vdd1v0   worst 
XNOR2X1            50    119.700    slow_vdd1v0   worst 
XNOR2X2             7     21.546    slow_vdd1v0   worst 
XOR2X2              6     20.520    slow_vdd1v0   worst 
--------------------------------------------------------
total            4183  13336.974                


                                          
     Type      Instances    Area   Area % 
------------------------------------------
sequential           656  4805.100   36.0 
inverter             337   437.418    3.3 
buffer                68   236.322    1.8 
logic               3122  7858.134   58.9 
physical_cells         0     0.000    0.0 
------------------------------------------
total               4183 13336.974  100.0 

