============================================================
  Generated by:           Genus(TM) Synthesis Solution 21.19-s055_1
  Generated on:           May 25 2026  09:13:34 am
  Module:                 multiplier32FP
  Library domain:         worst
    Domain index:         0
    Technology library:   slow_vdd1v0 1.0
  Library domain:         best
    Domain index:         1
    Technology library:   fast_vdd1v2 1.0
  Operating conditions:   PVT_0P9V_125C 
  Operating conditions:   PVT_1P32V_0C 
  Interconnect mode:      global
  Area mode:              physical library
============================================================

     Instance         Module     Cell Count  Normalized Cell Area  Normalized Net Area   Normalized Total Area 
---------------------------------------------------------------------------------------------------------------
multiplier32FP                         4183             12999.000             5138.200               18137.200 
  i_mul_24        mul_24               1472              6239.667             1666.867                7906.534 
  i_post_norm_mul post_norm_mul        2430              5887.667             3038.680                8926.347 
  i_pre_norm_mul  pre_norm_mul           65               227.333               52.553                 279.887 
  u_fsm           fpu_fsm                34               109.333               36.196                 145.530 
