============================================================
  Generated by:           Genus(TM) Synthesis Solution 21.19-s055_1
  Generated on:           May 25 2026  09:38:16 am
  Module:                 multiplier32FP
  Library domain:         worst
    Domain index:         0
    Technology library:   slow_vdd1v0 1.0
  Library domain:         best
    Domain index:         1
    Technology library:   fast_vdd1v2 1.0
  Operating conditions:   PVT_0P9V_125C 
  Operating conditions:   PVT_1P32V_0C 
  Interconnect mode:      global
  Area mode:              physical library
============================================================

     Instance         Module     Cell Count  Normalized Cell Area  Normalized Net Area   Normalized Total Area 
---------------------------------------------------------------------------------------------------------------
multiplier32FP                         4220             13075.333             5119.046               18194.379 
  i_mul_24        mul_24               1531              6329.333             1718.494                8047.828 
  i_post_norm_mul post_norm_mul        2405              5864.000             2965.028                8829.028 
  i_pre_norm_mul  pre_norm_mul           68               235.000               54.721                 289.721 
  u_fsm           fpu_fsm                34               109.333               36.196                 145.530 
