============================================================
  Generated by:           Genus(TM) Synthesis Solution 21.19-s055_1
  Generated on:           May 25 2026  09:38:17 am
  Module:                 multiplier32FP
  Operating conditions:   PVT_0P9V_125C 
  Operating conditions:   PVT_1P32V_0C 
  Interconnect mode:      global
  Area mode:              physical library
============================================================

Timing
--------

Clock Period 
-------------
clk   2786.0 


  Cost    Critical         Violating 
 Group   Path Slack  TNS     Paths   
-------------------------------------
clk             0.9   0.0          0 
default    No paths   0.0            
-------------------------------------
Total                 0.0          0 

Instance Count
--------------
Leaf Instance Count             4220 
Physical Instance count            0 
Sequential Instance Count        656 
Combinational Instance Count    3564 
Hierarchical Instance Count        4 

Area
----
Cell Area                          13415.292
Physical Cell Area                 0.000
Total Cell Area (Cell+Physical)    13415.292
Net Area                           5252.141
Total Area (Cell+Physical+Net)     18667.433

Max Fanout                         656 (clk)
Min Fanout                         0 (n_142)
Average Fanout                     2.3
Terms to net ratio                 3.3324
Terms to instance ratio            3.5353
Runtime                            728.935382 seconds
Elapsed Runtime                    732 seconds
Genus peak memory usage            1878.52 
Innovus peak memory usage          no_value 
Hostname                           localhost
