============================================================
  Generated by:           Genus(TM) Synthesis Solution 21.19-s055_1
  Generated on:           May 25 2026  09:38:17 am
  Module:                 multiplier32FP
  Operating conditions:   PVT_0P9V_125C 
  Operating conditions:   PVT_1P32V_0C 
  Interconnect mode:      global
  Area mode:              physical library
============================================================

                                                Library 
   Gate     Instances    Area        Library     Domain 
--------------------------------------------------------
ADDFHX1            20    150.480    slow_vdd1v0   worst 
ADDFHX2            32    262.656    slow_vdd1v0   worst 
ADDFHX4             1      9.576    slow_vdd1v0   worst 
ADDFX1             52    266.760    slow_vdd1v0   worst 
ADDFX2              1      7.866    slow_vdd1v0   worst 
ADDHX1             11     41.382    slow_vdd1v0   worst 
ADDHX2              2     10.260    slow_vdd1v0   worst 
ADDHX4              1      7.182    slow_vdd1v0   worst 
AND2X1            191    261.288    slow_vdd1v0   worst 
AND2X2             26     44.460    slow_vdd1v0   worst 
AND2X4             15     41.040    slow_vdd1v0   worst 
AND2X6             11     41.382    slow_vdd1v0   worst 
AND3X1              1      2.394    slow_vdd1v0   worst 
AND3X4              2      6.156    slow_vdd1v0   worst 
AND3X6              1      4.446    slow_vdd1v0   worst 
AND3XL              7     14.364    slow_vdd1v0   worst 
AND4X1             13     31.122    slow_vdd1v0   worst 
AND4X6              1      5.814    slow_vdd1v0   worst 
AO21X1             46    110.124    slow_vdd1v0   worst 
AO22X1             43    117.648    slow_vdd1v0   worst 
AOI211X1            3      7.182    slow_vdd1v0   worst 
AOI211X2           10     34.200    slow_vdd1v0   worst 
AOI211X4            2     12.996    slow_vdd1v0   worst 
AOI21X1           136    232.560    slow_vdd1v0   worst 
AOI21X2            32     87.552    slow_vdd1v0   worst 
AOI21X4            59    302.670    slow_vdd1v0   worst 
AOI221X2           18     80.028    slow_vdd1v0   worst 
AOI222X2            2     10.944    slow_vdd1v0   worst 
AOI22X1            71    145.692    slow_vdd1v0   worst 
AOI22X2            16     60.192    slow_vdd1v0   worst 
AOI22X4            22    135.432    slow_vdd1v0   worst 
AOI2BB1X1          31     63.612    slow_vdd1v0   worst 
AOI2BB1X2          12     36.936    slow_vdd1v0   worst 
AOI2BB1X4          12     49.248    slow_vdd1v0   worst 
AOI2BB2X1           1      3.420    slow_vdd1v0   worst 
AOI2BB2X2           1      5.130    slow_vdd1v0   worst 
AOI2BB2X4           1      7.524    slow_vdd1v0   worst 
AOI31X2             8     27.360    slow_vdd1v0   worst 
AOI32X2             1      4.446    slow_vdd1v0   worst 
BUFX2               2      3.420    slow_vdd1v0   worst 
BUFX3               9     18.468    slow_vdd1v0   worst 
BUFX6               1      3.078    slow_vdd1v0   worst 
BUFX8              39    146.718    slow_vdd1v0   worst 
CLKAND2X12         16    120.384    slow_vdd1v0   worst 
CLKAND2X2          38     77.976    slow_vdd1v0   worst 
CLKAND2X3          44    135.432    slow_vdd1v0   worst 
CLKAND2X4           1      3.420    slow_vdd1v0   worst 
CLKAND2X6          28    134.064    slow_vdd1v0   worst 
CLKBUFX12           1      5.130    slow_vdd1v0   worst 
CLKBUFX16           2     13.680    slow_vdd1v0   worst 
CLKINVX12          11     45.144    slow_vdd1v0   worst 
CLKINVX16           6     32.832    slow_vdd1v0   worst 
CLKINVX2            1      1.368    slow_vdd1v0   worst 
CLKINVX20           3     19.494    slow_vdd1v0   worst 
CLKINVX3            1      1.710    slow_vdd1v0   worst 
CLKINVX4           32     54.720    slow_vdd1v0   worst 
CLKINVX6           24     57.456    slow_vdd1v0   worst 
CLKINVX8           18     55.404    slow_vdd1v0   worst 
CLKMX2X2            2      6.156    slow_vdd1v0   worst 
CLKMX2X3            7     28.728    slow_vdd1v0   worst 
CLKXOR2X1          21     57.456    slow_vdd1v0   worst 
CLKXOR2X2           1      3.420    slow_vdd1v0   worst 
DFFHQX1           215   1176.480    slow_vdd1v0   worst 
DFFHQX4             9     73.872    slow_vdd1v0   worst 
DFFHQX8            10     92.340    slow_vdd1v0   worst 
DFFQX2             12     77.976    slow_vdd1v0   worst 
DFFQX4              1      7.182    slow_vdd1v0   worst 
DFFQXL              1      5.472    slow_vdd1v0   worst 
DFFRHQX1           39    240.084    slow_vdd1v0   worst 
DFFRHQX4            1      9.576    slow_vdd1v0   worst 
DFFRX1              1      6.840    slow_vdd1v0   worst 
DFFRX2              3     22.572    slow_vdd1v0   worst 
DFFTRX2             1      8.208    slow_vdd1v0   worst 
DFFX1              13     93.366    slow_vdd1v0   worst 
DFFX2              48    393.984    slow_vdd1v0   worst 
DFFX4              13    120.042    slow_vdd1v0   worst 
EDFFHQX1          279   2385.450    slow_vdd1v0   worst 
EDFFHQX2            2     17.784    slow_vdd1v0   worst 
INVX1             192    131.328    slow_vdd1v0   worst 
INVX2              70     71.820    slow_vdd1v0   worst 
INVX3              16     21.888    slow_vdd1v0   worst 
INVX6               2      4.788    slow_vdd1v0   worst 
INVX8               2      6.156    slow_vdd1v0   worst 
MDFFHQX1            5     42.750    slow_vdd1v0   worst 
MDFFHQX4            3     27.702    slow_vdd1v0   worst 
MX2X1             111    265.734    slow_vdd1v0   worst 
MXI2X1              4     10.944    slow_vdd1v0   worst 
MXI2X2             16     71.136    slow_vdd1v0   worst 
MXI2X4              3     15.390    slow_vdd1v0   worst 
NAND2BX1           25     34.200    slow_vdd1v0   worst 
NAND2BX2           14     33.516    slow_vdd1v0   worst 
NAND2BX4            5     18.810    slow_vdd1v0   worst 
NAND2X1            94     96.444    slow_vdd1v0   worst 
NAND2X2            95    162.450    slow_vdd1v0   worst 
NAND2X4            76    259.920    slow_vdd1v0   worst 
NAND2X6            18     86.184    slow_vdd1v0   worst 
NAND2X8             6     32.832    slow_vdd1v0   worst 
NAND3BX2            2      6.156    slow_vdd1v0   worst 
NAND3BX4            1      5.130    slow_vdd1v0   worst 
NAND3X2             9     24.624    slow_vdd1v0   worst 
NAND3X4             1      4.788    slow_vdd1v0   worst 
NAND3X6             1      7.182    slow_vdd1v0   worst 
NAND4X6             1      8.550    slow_vdd1v0   worst 
NOR2BX1            80    109.440    slow_vdd1v0   worst 
NOR2BX2            16     43.776    slow_vdd1v0   worst 
NOR2BX4            18     67.716    slow_vdd1v0   worst 
NOR2X1            163    167.238    slow_vdd1v0   worst 
NOR2X2             82    140.220    slow_vdd1v0   worst 
NOR2X4            115    353.970    slow_vdd1v0   worst 
NOR2X6             39    160.056    slow_vdd1v0   worst 
NOR2X8             11     60.192    slow_vdd1v0   worst 
NOR3BX1             3      6.156    slow_vdd1v0   worst 
NOR3BX2             1      3.420    slow_vdd1v0   worst 
NOR3BX4             2     11.628    slow_vdd1v0   worst 
NOR3X1              6     10.260    slow_vdd1v0   worst 
NOR3X2              2      5.472    slow_vdd1v0   worst 
NOR3X4              2     10.260    slow_vdd1v0   worst 
NOR3X6              2     14.364    slow_vdd1v0   worst 
NOR3X8              4     35.568    slow_vdd1v0   worst 
NOR4X2              6     20.520    slow_vdd1v0   worst 
NOR4X4              1      6.498    slow_vdd1v0   worst 
NOR4X6              1      8.208    slow_vdd1v0   worst 
OA21X1             95    194.940    slow_vdd1v0   worst 
OA21X2              4     12.312    slow_vdd1v0   worst 
OA21X4              2      7.524    slow_vdd1v0   worst 
OA22X1            133    318.402    slow_vdd1v0   worst 
OA22X2              1      3.420    slow_vdd1v0   worst 
OAI211X2            1      4.104    slow_vdd1v0   worst 
OAI21X1           100    171.000    slow_vdd1v0   worst 
OAI21X2            27     83.106    slow_vdd1v0   worst 
OAI21X4            24    114.912    slow_vdd1v0   worst 
OAI221X2            2      9.576    slow_vdd1v0   worst 
OAI221X4            2     15.732    slow_vdd1v0   worst 
OAI22X1            75    153.900    slow_vdd1v0   worst 
OAI22X2             8     27.360    slow_vdd1v0   worst 
OAI22X4             2     12.996    slow_vdd1v0   worst 
OAI2BB1X1         157    268.470    slow_vdd1v0   worst 
OAI2BB1X2          11     33.858    slow_vdd1v0   worst 
OAI2BB1X4           3     13.338    slow_vdd1v0   worst 
OAI2BB2X2           4     21.888    slow_vdd1v0   worst 
OAI31X1             3      6.156    slow_vdd1v0   worst 
OAI31X2             6     22.572    slow_vdd1v0   worst 
OAI31X4             1      6.840    slow_vdd1v0   worst 
OAI32X2             3     13.338    slow_vdd1v0   worst 
OR2X1             129    176.472    slow_vdd1v0   worst 
OR2X2              33     56.430    slow_vdd1v0   worst 
OR2X4              19     51.984    slow_vdd1v0   worst 
OR2X6              12     45.144    slow_vdd1v0   worst 
OR2X8               2      8.892    slow_vdd1v0   worst 
OR3X1              54    110.808    slow_vdd1v0   worst 
OR3X2               3      7.182    slow_vdd1v0   worst 
OR4X1              43     88.236    slow_vdd1v0   worst 
OR4X2               1      3.420    slow_vdd1v0   worst 
OR4X6               1      5.472    slow_vdd1v0   worst 
XNOR2X1            49    117.306    slow_vdd1v0   worst 
XNOR2X2             7     21.546    slow_vdd1v0   worst 
XNOR2X4             1      3.762    slow_vdd1v0   worst 
XOR2X2              5     17.100    slow_vdd1v0   worst 
--------------------------------------------------------
total            4220  13415.292                


                                          
     Type      Instances    Area   Area % 
------------------------------------------
sequential           656  4801.680   35.8 
inverter             378   504.108    3.8 
buffer                54   190.494    1.4 
logic               3132  7919.010   59.0 
physical_cells         0     0.000    0.0 
------------------------------------------
total               4220 13415.292  100.0 

