============================================================
  Generated by:           Genus(TM) Synthesis Solution 21.19-s055_1
  Generated on:           May 23 2026  04:10:58 pm
  Module:                 multiplier32FP
  Operating conditions:   PVT_0P9V_125C 
  Operating conditions:   PVT_1P32V_0C 
  Interconnect mode:      global
  Area mode:              physical library
============================================================

Timing
--------

Clock Period 
-------------
clk   1538.0 


  Cost    Critical               Violating 
 Group   Path Slack     TNS        Paths   
-------------------------------------------
clk         -1150.9   -255058.8        537 
default    No paths         0.0            
-------------------------------------------
Total                 -255058.8        537 

Instance Count
--------------
Leaf Instance Count             4738 
Physical Instance count            0 
Sequential Instance Count        656 
Combinational Instance Count    4082 
Hierarchical Instance Count        4 

Area
----
Cell Area                          17673.192
Physical Cell Area                 0.000
Total Cell Area (Cell+Physical)    17673.192
Net Area                           5615.457
Total Area (Cell+Physical+Net)     23288.649

Max Fanout                         656 (clk)
Min Fanout                         0 (n_247)
Average Fanout                     2.2
Terms to net ratio                 3.2126
Terms to instance ratio            3.3611
Runtime                            765.6714910000001 seconds
Elapsed Runtime                    768 seconds
Genus peak memory usage            2210.56 
Innovus peak memory usage          no_value 
Hostname                           localhost
