============================================================
  Generated by:           Genus(TM) Synthesis Solution 21.19-s055_1
  Generated on:           May 23 2026  04:10:57 pm
  Module:                 multiplier32FP
  Library domain:         worst
    Domain index:         0
    Technology library:   slow_vdd1v0 1.0
  Library domain:         best
    Domain index:         1
    Technology library:   fast_vdd1v2 1.0
  Operating conditions:   PVT_0P9V_125C 
  Operating conditions:   PVT_1P32V_0C 
  Interconnect mode:      global
  Area mode:              physical library
============================================================

Max_transition design rule (violation total = 569)
Pin                                    Slew           Max     Violation
-------------------------------------------------------------------------
infinit_o_reg/D                         423           280           143
  --> Other violations on net                   143
g2/Y                                    423           280           143
  --> Other violations on net                   143
i_post_norm_mul/g84979/B                312           280            32
  --> Other violations on net                   65
i_post_norm_mul/g84942/A1               312           280            32
  --> Other violations on net                   65
i_post_norm_mul/g85003/Y                312           280            32
  --> Other violations on net                   65
i_post_norm_mul/g84933/A1               313           280            33
  --> Other violations on net                   33
i_post_norm_mul/g84987/Y                313           280            33
  --> Other violations on net                   33
i_post_norm_mul/g86807/A                284           280             4
  --> Other violations on net                   38
i_post_norm_mul/g86333/A0N              284           280             4
  --> Other violations on net                   38
i_post_norm_mul/g86323/A0N              284           280             4
  --> Other violations on net                   38
i_post_norm_mul/g86338/A0               284           280             4
  --> Other violations on net                   38
i_post_norm_mul/g86373/A0               284           280             4
  --> Other violations on net                   38
i_post_norm_mul/g86434/B                284           280             4
  --> Other violations on net                   38
i_post_norm_mul/g86739/B                284           280             4
  --> Other violations on net                   38
i_post_norm_mul/g86779/B                284           280             4
  --> Other violations on net                   38
i_post_norm_mul/g86782/B                284           280             4
  --> Other violations on net                   38
i_post_norm_mul/g86814/S                284           280             4
  --> Other violations on net                   38
i_post_norm_mul/g85206/C0               296           280            16
  --> Other violations on net                   16
i_post_norm_mul/g85408/Y                296           280            16
  --> Other violations on net                   16
i_post_norm_mul/g86354/A                292           280            12
  --> Other violations on net                   12
i_post_norm_mul/g86402/Y                292           280            12
  --> Other violations on net                   12
i_post_norm_mul/g85175/B0               287           280             7
  --> Other violations on net                   7
i_post_norm_mul/g85534/Y                287           280             7
  --> Other violations on net                   7
i_post_norm_mul/g88000/A1N              282           280             2
  --> Other violations on net                   5
i_post_norm_mul/g87143/A0               282           280             2
  --> Other violations on net                   5
i_post_norm_mul/g88003/Y                282           280             2
  --> Other violations on net                   5


Max_capacitance design rule: no violations.


Max_fanout design rule: no constraints.



