============================================================
  Generated by:           Genus(TM) Synthesis Solution 21.19-s055_1
  Generated on:           May 23 2026  04:10:57 pm
  Module:                 multiplier32FP
  Library domain:         worst
    Domain index:         0
    Technology library:   slow_vdd1v0 1.0
  Library domain:         best
    Domain index:         1
    Technology library:   fast_vdd1v2 1.0
  Operating conditions:   PVT_0P9V_125C 
  Operating conditions:   PVT_1P32V_0C 
  Interconnect mode:      global
  Area mode:              physical library
============================================================

     Instance         Module     Cell Count  Normalized Cell Area  Normalized Net Area   Normalized Total Area 
---------------------------------------------------------------------------------------------------------------
multiplier32FP                         4738             17225.333             5473.155               22698.489 
  i_mul_24        mul_24               1807              7642.333             2002.286                9644.619 
  i_post_norm_mul post_norm_mul        2504              8300.667             2909.659               11210.326 
  i_pre_norm_mul  pre_norm_mul          109               322.000               90.861                 412.861 
  u_fsm           fpu_fsm                31               101.000               31.936                 132.936 
