###############################################################
#  Generated by:      Cadence Innovus 25.13-s088_1
#  OS:                Linux x86_64(Host ID ecomp)
#  Generated on:      Tue Jun  9 06:20:38 2026
#  Design:            multiplier32FP
#  Command:           report_timing > ${OUT_RPT}/hold_timing.rpt 
###############################################################
Path 1: MET (0.037 ns) Hold Check with Pin i_post_norm_mul/s_fract_48_i_reg[1]/CK->D
               View: analysis_normal_fast_min
              Group: clk
         Startpoint: (R) i_mul_24/sum_reg[3][1]/CK
              Clock: (R) clk
           Endpoint: (F) i_post_norm_mul/s_fract_48_i_reg[1]/D
              Clock: (R) clk

                       Capture       Launch
         Clock Edge:+    0.000        0.000
        Src Latency:+    0.000        0.040
        Net Latency:+    0.093 (P)    0.091 (P)
            Arrival:=    0.093        0.131

               Hold:+    0.000
        Uncertainty:+    0.050
      Required Time:=    0.143
       Launch Clock:=    0.131
          Data Path:+    0.050
              Slack:=    0.037

#-----------------------------------------------------------------------------------------------------
# Timing Point                           Flags  Arc    Edge  Cell       Fanout  Trans   Delay  Arrival  
#                                                                                (ns)    (ns)     (ns)  
#-----------------------------------------------------------------------------------------------------
  i_mul_24/sum_reg[3][1]/CK              -      CK     R     (arrival)      89  0.030       -    0.131  
  i_mul_24/sum_reg[3][1]/Q               -      CK->Q  F     EDFFHQX1        1  0.030   0.050    0.181  
  i_post_norm_mul/s_fract_48_i_reg[1]/D  -      D      F     DFFQX2          1  0.016   0.000    0.181  
#-----------------------------------------------------------------------------------------------------

