###############################################################
#  Generated by:      Cadence Innovus 25.13-s088_1
#  OS:                Linux x86_64(Host ID ecomp)
#  Generated on:      Tue Jun  9 06:21:18 2026
#  Design:            multiplier32FP
#  Command:           report_gates -out_file /home/ufsm00291/ufsm00291-lima202020189/projetos/multiplier32FP/multiplier32FP/backend/layout/reports/multiplier32FP_worst_774_0/multiplier32FP_gates_layout.rpt
###############################################################
Library cell information:
 ----------------------------------------
| Cell       |  Instance  |  Area(um^2)  |
|----------------------------------------|
| ADDFHX1    |         41 |      308.484 | 
| ADDFHX2    |          1 |        8.208 | 
| ADDFHXL    |          6 |       45.144 | 
| ADDFX1     |          2 |       10.260 | 
| ADDHX1     |          5 |       18.810 | 
| AND2X1     |        133 |      181.944 | 
| AND2X2     |          8 |       13.680 | 
| AND2X4     |          6 |       16.416 | 
| AND2X6     |         17 |       63.954 | 
| AND2XL     |         35 |       47.880 | 
| AND3X4     |          1 |        3.078 | 
| AND3XL     |          2 |        4.104 | 
| AO21X1     |         13 |       31.122 | 
| AO21X4     |          1 |        3.420 | 
| AO22X1     |          9 |       24.624 | 
| AO22XL     |         15 |       41.040 | 
| AOI211X2   |          7 |       23.940 | 
| AOI211X4   |         14 |       90.972 | 
| AOI211XL   |          1 |        2.052 | 
| AOI21X1    |         97 |      165.870 | 
| AOI21X2    |         80 |      218.880 | 
| AOI21X4    |         75 |      384.750 | 
| AOI221X1   |          2 |        4.788 | 
| AOI221X2   |         12 |       53.352 | 
| AOI221X4   |         10 |       78.660 | 
| AOI222X1   |          1 |        3.078 | 
| AOI222X2   |          2 |       10.944 | 
| AOI22X1    |         40 |       82.080 | 
| AOI22X2    |         44 |      165.528 | 
| AOI22X4    |         44 |      270.864 | 
| AOI2BB1X1  |         42 |       86.184 | 
| AOI2BB1X2  |         18 |       55.404 | 
| AOI2BB1X4  |         22 |       90.288 | 
| AOI2BB2X1  |          3 |       10.260 | 
| AOI2BB2X2  |         10 |       51.300 | 
| AOI2BB2X4  |         18 |      135.432 | 
| AOI31X1    |          2 |        4.104 | 
| AOI31X2    |          3 |       10.260 | 
| AOI31X4    |          3 |       19.494 | 
| BUFX12     |          3 |       15.390 | 
| BUFX2      |        203 |      347.130 | 
| BUFX3      |         83 |      170.316 | 
| BUFX4      |          4 |        9.576 | 
| CLKAND2X12 |         14 |      105.336 | 
| CLKAND2X2  |        104 |      213.408 | 
| CLKAND2X3  |        116 |      357.048 | 
| CLKAND2X4  |          7 |       23.940 | 
| CLKAND2X6  |         67 |      320.796 | 
| CLKAND2X8  |          3 |       17.442 | 
| CLKBUFX12  |          6 |       30.780 | 
| CLKBUFX16  |          2 |       13.680 | 
| CLKBUFX2   |        163 |      278.730 | 
| CLKBUFX20  |          4 |       32.832 | 
| CLKBUFX6   |         56 |      172.368 | 
| CLKBUFX8   |         11 |       41.382 | 
| CLKINVX20  |          3 |       19.494 | 
| CLKINVX4   |         47 |       80.370 | 
| CLKINVX6   |         70 |      167.580 | 
| CLKINVX8   |         17 |       52.326 | 
| CLKMX2X2   |          2 |        6.156 | 
| CLKMX2X3   |          3 |       12.312 | 
| CLKXOR2X1  |         10 |       27.360 | 
| DFFHQX1    |        178 |      974.016 | 
| DFFHQX2    |          4 |       27.360 | 
| DFFHQX4    |         16 |      131.328 | 
| DFFHQX8    |         53 |      489.402 | 
| DFFQX1     |          6 |       34.884 | 
| DFFQX2     |         19 |      123.462 | 
| DFFQX4     |          6 |       43.092 | 
| DFFQXL     |         14 |       76.608 | 
| DFFRHQX1   |         42 |      258.552 | 
| DFFRX1     |          5 |       34.200 | 
| DFFSHQX1   |          1 |        6.498 | 
| DFFX1      |         23 |      165.186 | 
| EDFFHQX1   |        162 |     1385.100 | 
| EDFFHQX2   |         29 |      257.868 | 
| EDFFX2     |          1 |        9.234 | 
| FILL1      |       2434 |      832.428 | 
| FILL16     |        181 |      990.432 | 
| FILL2      |       2180 |     1491.120 | 
| FILL32     |         45 |      492.480 | 
| FILL4      |       1230 |     1682.640 | 
| FILL64     |         23 |      503.424 | 
| FILL8      |        506 |     1384.416 | 
| INVX1      |        459 |      313.956 | 
| INVX2      |        231 |      237.006 | 
| INVX3      |        132 |      180.576 | 
| INVX4      |          1 |        1.710 | 
| INVX6      |          3 |        7.182 | 
| INVXL      |         95 |       64.980 | 
| MDFFHQX1   |         46 |      393.300 | 
| MDFFHQX2   |         38 |      350.892 | 
| MDFFHQX4   |         13 |      120.042 | 
| MX2X1      |         13 |       31.122 | 
| MX2XL      |          2 |        4.788 | 
| MXI2X1     |         19 |       51.984 | 
| MXI2X2     |          2 |        8.892 | 
| MXI2XL     |          3 |        7.182 | 
| NAND2BX1   |         83 |      113.544 | 
| NAND2BX2   |         48 |      114.912 | 
| NAND2BX4   |         56 |      210.672 | 
| NAND2BXL   |          1 |        1.368 | 
| NAND2X1    |        280 |      287.280 | 
| NAND2X2    |        258 |      441.180 | 
| NAND2X4    |        239 |      817.380 | 
| NAND2X6    |         69 |      330.372 | 
| NAND2X8    |         21 |      114.912 | 
| NAND2XL    |          3 |        3.078 | 
| NAND3BX2   |          2 |        6.156 | 
| NAND3BX4   |          2 |       10.260 | 
| NAND3X1    |         12 |       20.520 | 
| NAND3X2    |         13 |       35.568 | 
| NAND3X4    |         12 |       57.456 | 
| NAND3X6    |          2 |       14.364 | 
| NAND3X8    |          1 |        8.208 | 
| NAND4X1    |          1 |        2.052 | 
| NAND4X8    |          1 |       10.260 | 
| NOR2BX1    |         75 |      102.600 | 
| NOR2BX2    |         52 |      142.272 | 
| NOR2BX4    |         14 |       52.668 | 
| NOR2X1     |        320 |      328.320 | 
| NOR2X2     |        299 |      511.290 | 
| NOR2X4     |        357 |     1098.846 | 
| NOR2X6     |         95 |      389.880 | 
| NOR2X8     |         27 |      147.744 | 
| NOR2XL     |          6 |        6.156 | 
| NOR3BX1    |          1 |        2.052 | 
| NOR3BX2    |          2 |        6.840 | 
| NOR3BX4    |          7 |       40.698 | 
| NOR3X1     |         15 |       25.650 | 
| NOR3X2     |         11 |       30.096 | 
| NOR3X4     |         25 |      128.250 | 
| NOR3X6     |          7 |       50.274 | 
| NOR3X8     |          1 |        8.892 | 
| NOR4X1     |          1 |        1.710 | 
| NOR4X4     |          1 |        6.498 | 
| OA21X1     |         12 |       24.624 | 
| OA22X1     |          8 |       19.152 | 
| OAI211X1   |          4 |        6.840 | 
| OAI211X2   |          7 |       28.728 | 
| OAI211X4   |          8 |       51.984 | 
| OAI21X1    |         71 |      121.410 | 
| OAI21X2    |         74 |      227.772 | 
| OAI21X4    |        163 |      780.444 | 
| OAI21XL    |          1 |        1.710 | 
| OAI221X4   |          1 |        7.866 | 
| OAI22X1    |         10 |       20.520 | 
| OAI22X2    |         12 |       41.040 | 
| OAI22X4    |         33 |      214.434 | 
| OAI2BB1X1  |         50 |       85.500 | 
| OAI2BB1X2  |         16 |       49.248 | 
| OAI2BB1X4  |         18 |       80.028 | 
| OAI2BB1XL  |          1 |        2.052 | 
| OAI2BB2X4  |          1 |        8.550 | 
| OAI31X1    |          1 |        2.052 | 
| OAI31X2    |          5 |       18.810 | 
| OAI31X4    |          3 |       20.520 | 
| OR2X1      |         99 |      135.432 | 
| OR2X2      |          4 |        6.840 | 
| OR2X4      |          9 |       24.624 | 
| OR2X6      |         24 |       90.288 | 
| OR2XL      |         20 |       27.360 | 
| OR3X1      |          4 |        8.208 | 
| OR3X2      |          1 |        2.394 | 
| OR3X6      |          1 |        4.788 | 
| OR3XL      |          4 |        8.208 | 
| OR4X1      |         10 |       20.520 | 
| XNOR2X1    |         20 |       47.880 | 
| XNOR2X2    |          1 |        3.078 | 
| XNOR2XL    |          2 |        5.472 | 
| XNOR3X1    |          2 |       15.048 | 
| XOR2XL     |          7 |       19.152 | 
| XOR3X1     |          8 |       60.192 | 
| XOR3XL     |          2 |       15.048 | 
|----------------------------------------|
| Total      |      13195 |    26511.840 |
 ----------------------------------------
Library cell type information:
 -------------------------------------------------------
| Cell Type        |   Instance   |        Area         |
|                  |              |       um^2  |   %   |
|-------------------------------------------------------|
| Buffer           |          535 |    1112.184 |   4.2 | 
| Inverter         |         1058 |    1125.180 |   4.2 | 
| Combinational    |         4347 |   12016.512 |  45.3 | 
| Flop             |          656 |    4881.024 |  18.4 | 
| Multi-Bit Flop   |            0 |       0.000 |   0.0 | 
| Latch            |            0 |       0.000 |   0.0 | 
| Clock Gater      |            0 |       0.000 |   0.0 | 
| Macro            |            0 |       0.000 |   0.0 | 
| Physical Cell    |         6599 |    7376.940 |  27.8 | 
|-------------------------------------------------------|
| Total            |        13195 |   26511.840 | 100.0 | 
 -------------------------------------------------------
