###############################################################
#  Generated by:      Cadence Innovus 25.13-s088_1
#  OS:                Linux x86_64(Host ID ecomp)
#  Generated on:      Tue Jun  9 06:20:32 2026
#  Design:            multiplier32FP
#  Command:           report_timing > ${OUT_RPT}/setup_timing.rpt 
###############################################################
Path 1: VIOLATED (-0.402 ns) Setup Check with Pin i_mul_24/sum_reg[3][21]/CK->D
               View: analysis_normal_slow_max
              Group: clk
         Startpoint: (R) i_mul_24/prod2_reg[3][2][11]/CK
              Clock: (R) clk
           Endpoint: (R) i_mul_24/sum_reg[3][21]/D
              Clock: (R) clk

                       Capture       Launch
         Clock Edge:+    1.292        0.000
        Src Latency:+    0.000       -0.168
        Net Latency:+    0.399 (P)    0.403 (P)
            Arrival:=    1.691        0.235

              Setup:-    0.193
        Uncertainty:-    0.050
      Required Time:=    1.448
       Launch Clock:=    0.235
          Data Path:+    1.615
              Slack:=   -0.402

#-----------------------------------------------------------------------------------------------------------------------------
# Timing Point                                                   Flags  Arc    Edge  Cell       Fanout  Trans   Delay  Arrival  
#                                                                                                        (ns)    (ns)     (ns)  
#-----------------------------------------------------------------------------------------------------------------------------
  i_mul_24/prod2_reg[3][2][11]/CK                                -      CK     R     (arrival)      95  0.096       -    0.235  
  i_mul_24/prod2_reg[3][2][11]/Q                                 -      CK->Q  R     MDFFHQX2        2  0.096   0.248    0.483  
  i_mul_24/FE_RC_2775_0/Y                                        -      A1->Y  F     AOI22X4         1  0.041   0.100    0.583  
  i_mul_24/FE_RC_2803_0/Y                                        -      A1->Y  R     OAI22X4         1  0.095   0.123    0.706  
  i_mul_24/WALLACE_CSA_DUMMY_OP_groupi893_cdnfadd_011_0__6161/S  -      A->S   F     ADDFHX1         3  0.125   0.341    1.047  
  i_mul_24/WALLACE_CSA_DUMMY_OP_groupi893_g1001__7098/Y          -      B->Y   R     NOR2X4          4  0.099   0.089    1.136  
  i_mul_24/FE_RC_2767_0/Y                                        -      A->Y   F     INVX1           1  0.078   0.072    1.208  
  i_mul_24/FE_RC_2766_0/Y                                        -      B->Y   R     NAND2X2         1  0.051   0.048    1.255  
  i_mul_24/FE_RC_2582_0/Y                                        -      A1->Y  F     OAI21X4         1  0.038   0.084    1.340  
  i_mul_24/WALLACE_CSA_DUMMY_OP_groupi893_g932__9945/Y           -      B->Y   R     NOR2X8          6  0.095   0.090    1.430  
  i_mul_24/FE_OCPC1855_WALLACE_CSA_DUMMY_OP_groupi893_n_103/Y    -      A->Y   R     BUFX3           1  0.087   0.111    1.542  
  i_mul_24/FE_RC_2758_0/Y                                        -      B->Y   F     NOR2X6          1  0.035   0.038    1.579  
  i_mul_24/FE_RC_2757_0/Y                                        -      B->Y   R     NOR2X8          1  0.039   0.051    1.630  
  i_mul_24/FE_RC_2756_0/Y                                        -      B->Y   F     NOR2X4          1  0.054   0.048    1.678  
  i_mul_24/FE_RC_2770_0/Y                                        -      B->Y   R     NOR2X6          2  0.042   0.054    1.733  
  i_mul_24/FE_RC_632_0/Y                                         -      B->Y   F     NOR2X4          1  0.055   0.046    1.779  
  i_mul_24/FE_RC_631_0/Y                                         -      B0->Y  R     AOI21X4         4  0.041   0.071    1.850  
  i_mul_24/sum_reg[3][21]/D                                      -      D      R     EDFFHQX1        4  0.077   0.000    1.850  
#-----------------------------------------------------------------------------------------------------------------------------

