============================================================
  Generated by:           Genus(TM) Synthesis Solution 21.19-s055_1
  Generated on:           May 22 2026  02:36:27 pm
  Module:                 multiplier32FP
  Operating conditions:   PVT_0P9V_125C 
  Operating conditions:   PVT_1P32V_0C 
  Interconnect mode:      global
  Area mode:              physical library
============================================================

Timing
--------

Clock Period 
-------------
clk   9524.0 


  Cost    Critical         Violating 
 Group   Path Slack  TNS     Paths   
-------------------------------------
clk           412.7   0.0          0 
default    No paths   0.0            
-------------------------------------
Total                 0.0          0 

Instance Count
--------------
Leaf Instance Count             2864 
Physical Instance count            0 
Sequential Instance Count        656 
Combinational Instance Count    2208 
Hierarchical Instance Count        4 

Area
----
Cell Area                          9464.850
Physical Cell Area                 0.000
Total Cell Area (Cell+Physical)    9464.850
Net Area                           3667.982
Total Area (Cell+Physical+Net)     13132.832

Max Fanout                         656 (clk)
Min Fanout                         0 (n_126)
Average Fanout                     2.3
Terms to net ratio                 3.3050
Terms to instance ratio            3.7008
Runtime                            742.166411 seconds
Elapsed Runtime                    745 seconds
Genus peak memory usage            1834.59 
Innovus peak memory usage          no_value 
Hostname                           localhost
