============================================================
  Generated by:           Genus(TM) Synthesis Solution 21.19-s055_1
  Generated on:           May 22 2026  02:36:27 pm
  Module:                 multiplier32FP
  Operating conditions:   PVT_0P9V_125C 
  Operating conditions:   PVT_1P32V_0C 
  Interconnect mode:      global
  Area mode:              physical library
============================================================

                                               Library 
   Gate     Instances    Area       Library     Domain 
-------------------------------------------------------
ADDFX1            157   805.410    slow_vdd1v0   worst 
ADDHX1             65   244.530    slow_vdd1v0   worst 
AND2X1            253   346.104    slow_vdd1v0   worst 
AND2X2             11    18.810    slow_vdd1v0   worst 
AND2X4              4    10.944    slow_vdd1v0   worst 
AND2X6             13    48.906    slow_vdd1v0   worst 
AND2X8              2     8.892    slow_vdd1v0   worst 
AND3X1              6    14.364    slow_vdd1v0   worst 
AND3X4              1     3.078    slow_vdd1v0   worst 
AND3XL              9    18.468    slow_vdd1v0   worst 
AND4X1             10    23.940    slow_vdd1v0   worst 
AND4X6              1     5.814    slow_vdd1v0   worst 
AO21X1             26    62.244    slow_vdd1v0   worst 
AO21X2              1     2.736    slow_vdd1v0   worst 
AO22X1             67   183.312    slow_vdd1v0   worst 
AOI211X2            4    13.680    slow_vdd1v0   worst 
AOI21X1            68   116.280    slow_vdd1v0   worst 
AOI21X2             8    21.888    slow_vdd1v0   worst 
AOI221X2            7    31.122    slow_vdd1v0   worst 
AOI222X2            1     5.472    slow_vdd1v0   worst 
AOI22X1           199   408.348    slow_vdd1v0   worst 
AOI22X2             3    11.286    slow_vdd1v0   worst 
AOI2BB1X1           6    12.312    slow_vdd1v0   worst 
AOI31X2             2     6.840    slow_vdd1v0   worst 
BUFX2              58    99.180    slow_vdd1v0   worst 
BUFX6               1     3.078    slow_vdd1v0   worst 
BUFX8              37   139.194    slow_vdd1v0   worst 
CLKAND2X12          4    30.096    slow_vdd1v0   worst 
CLKINVX4            2     3.420    slow_vdd1v0   worst 
CLKINVX6            1     2.394    slow_vdd1v0   worst 
CLKINVX8            1     3.078    slow_vdd1v0   worst 
CLKMX2X3           24    98.496    slow_vdd1v0   worst 
CLKXOR2X1          14    38.304    slow_vdd1v0   worst 
DFFHQX1           259  1417.248    slow_vdd1v0   worst 
DFFHQX2             1     6.840    slow_vdd1v0   worst 
DFFHQX4             2    16.416    slow_vdd1v0   worst 
DFFQX2              7    45.486    slow_vdd1v0   worst 
DFFQX4              1     7.182    slow_vdd1v0   worst 
DFFRHQX1           39   240.084    slow_vdd1v0   worst 
DFFRX1              4    27.360    slow_vdd1v0   worst 
DFFRX2              5    37.620    slow_vdd1v0   worst 
DFFX1              11    79.002    slow_vdd1v0   worst 
DFFX2              36   295.488    slow_vdd1v0   worst 
DFFX4               1     9.234    slow_vdd1v0   worst 
EDFFHQX1          288  2462.400    slow_vdd1v0   worst 
EDFFX2              1     9.234    slow_vdd1v0   worst 
INVX1              93    63.612    slow_vdd1v0   worst 
INVX2              26    26.676    slow_vdd1v0   worst 
INVX3              13    17.784    slow_vdd1v0   worst 
INVX6               1     2.394    slow_vdd1v0   worst 
MDFFHQX2            1     9.234    slow_vdd1v0   worst 
MX2X1              42   100.548    slow_vdd1v0   worst 
MXI2X2              2     8.892    slow_vdd1v0   worst 
NAND2BX1           27    36.936    slow_vdd1v0   worst 
NAND2BX2            5    11.970    slow_vdd1v0   worst 
NAND2BX4            1     3.762    slow_vdd1v0   worst 
NAND2X1            78    80.028    slow_vdd1v0   worst 
NAND2X2            78   133.380    slow_vdd1v0   worst 
NAND2X4             6    20.520    slow_vdd1v0   worst 
NAND3BX2            8    24.624    slow_vdd1v0   worst 
NAND3X2             9    24.624    slow_vdd1v0   worst 
NOR2BX1            56    76.608    slow_vdd1v0   worst 
NOR2BX2             5    13.680    slow_vdd1v0   worst 
NOR2X1             63    64.638    slow_vdd1v0   worst 
NOR2X2             38    64.980    slow_vdd1v0   worst 
NOR2X4              1     3.078    slow_vdd1v0   worst 
NOR3BX1             4     8.208    slow_vdd1v0   worst 
NOR3X1              5     8.550    slow_vdd1v0   worst 
NOR3X2              2     5.472    slow_vdd1v0   worst 
NOR3X4              1     5.130    slow_vdd1v0   worst 
NOR4BBX2            1     5.130    slow_vdd1v0   worst 
NOR4X2              8    27.360    slow_vdd1v0   worst 
OA21X1             33    67.716    slow_vdd1v0   worst 
OA22X1             95   227.430    slow_vdd1v0   worst 
OAI21X1            44    75.240    slow_vdd1v0   worst 
OAI21X2             2     6.156    slow_vdd1v0   worst 
OAI22X1            65   133.380    slow_vdd1v0   worst 
OAI22X2             1     3.420    slow_vdd1v0   worst 
OAI2BB1X1         107   182.970    slow_vdd1v0   worst 
OAI2BB1X2           1     3.078    slow_vdd1v0   worst 
OAI2BB2X1           1     4.104    slow_vdd1v0   worst 
OAI31X2             1     3.762    slow_vdd1v0   worst 
OAI32X2             1     4.446    slow_vdd1v0   worst 
OR2X1              87   119.016    slow_vdd1v0   worst 
OR2X2               8    13.680    slow_vdd1v0   worst 
OR2X4              12    32.832    slow_vdd1v0   worst 
OR3X1              20    41.040    slow_vdd1v0   worst 
OR3X4               1     3.078    slow_vdd1v0   worst 
OR4X1              45    92.340    slow_vdd1v0   worst 
XNOR2X1            45   107.730    slow_vdd1v0   worst 
-------------------------------------------------------
total            2864  9464.850                


                                         
     Type      Instances   Area   Area % 
-----------------------------------------
sequential           656 4662.828   49.3 
inverter             137  119.358    1.3 
buffer                96  241.452    2.6 
logic               1975 4441.212   46.9 
physical_cells         0    0.000    0.0 
-----------------------------------------
total               2864 9464.850  100.0 

