============================================================
  Generated by:           Genus(TM) Synthesis Solution 21.19-s055_1
  Generated on:           May 22 2026  02:36:27 pm
  Module:                 multiplier32FP
  Library domain:         worst
    Domain index:         0
    Technology library:   slow_vdd1v0 1.0
  Library domain:         best
    Domain index:         1
    Technology library:   fast_vdd1v2 1.0
  Operating conditions:   PVT_0P9V_125C 
  Operating conditions:   PVT_1P32V_0C 
  Interconnect mode:      global
  Area mode:              physical library
============================================================

     Instance         Module     Cell Count  Cell Area  Net Area   Total Area 
------------------------------------------------------------------------------
multiplier32FP                         2864   9464.850  3667.982    13132.832 
  i_mul_24        mul_24               1077   4666.248  1318.704     5984.952 
  i_post_norm_mul post_norm_mul        1549   4026.024  1946.221     5972.245 
  i_pre_norm_mul  pre_norm_mul           39    143.640    31.113      174.753 
  u_fsm           fpu_fsm                33    102.942    33.488      136.430 
