============================================================
  Generated by:           Genus(TM) Synthesis Solution 21.19-s055_1
  Generated on:           May 22 2026  02:36:27 pm
  Module:                 multiplier32FP
  Operating conditions:   PVT_0P9V_125C 
  Operating conditions:   PVT_1P32V_0C 
  Interconnect mode:      global
  Area mode:              physical library
============================================================


Path 1: MET (413 ps) Setup Check with Pin i_post_norm_mul/s_zeros_reg[1]/CK->D
          Group: clk
     Startpoint: (R) i_post_norm_mul/s_fract_48_i_reg[46]/CK
          Clock: (R) clk
       Endpoint: (F) i_post_norm_mul/s_zeros_reg[1]/D
          Clock: (R) clk

                     Capture       Launch     
        Clock Edge:+    9524            0     
       Src Latency:+       0            0     
       Net Latency:+     100 (I)      100 (I) 
           Arrival:=    9624          100     
                                              
             Setup:-     161                  
       Uncertainty:-      50                  
     Required Time:=    9413                  
      Launch Clock:-     100                  
         Data Path:-    8900                  
             Slack:=     413                  

#----------------------------------------------------------------------------------------------------------------
#              Timing Point               Flags   Arc   Edge   Cell     Fanout Load Trans Delay Arrival Instance 
#                                                                              (fF)  (ps)  (ps)   (ps)  Location 
#----------------------------------------------------------------------------------------------------------------
  i_post_norm_mul/s_fract_48_i_reg[46]/CK -       -     R     (arrival)    656    -     0     0     100    (-,-) 
  i_post_norm_mul/s_fract_48_i_reg[46]/Q  -       CK->Q F     DFFQX2         7 14.7   198   300     400    (-,-) 
  i_post_norm_mul/g38678/Y                -       A->Y  R     NOR2X1         2  5.4   274   269     668    (-,-) 
  i_post_norm_mul/g38652/Y                -       B->Y  F     NAND2X2        2  5.3   207   249     918    (-,-) 
  i_post_norm_mul/g38636/Y                -       C->Y  F     OR3X1          3  7.2   201   320    1238    (-,-) 
  i_post_norm_mul/g38623/Y                -       B->Y  R     NOR2X1         2  5.0   262   256    1493    (-,-) 
  i_post_norm_mul/g38615/Y                -       A->Y  R     AND2X1         3  7.0   160   307    1800    (-,-) 
  i_post_norm_mul/g38607/Y                -       A->Y  R     AND2X1         2  5.0   119   236    2036    (-,-) 
  i_post_norm_mul/g38603/Y                -       A->Y  R     AND2X1         3  7.0   160   239    2275    (-,-) 
  i_post_norm_mul/g38598/Y                -       B->Y  F     NAND2X2        3  7.0   236   216    2491    (-,-) 
  i_post_norm_mul/g38593/Y                -       A->Y  R     INVX1          1  3.1   111   178    2669    (-,-) 
  i_post_norm_mul/g38585/Y                -       D->Y  R     AND4X1         2  5.0   142   373    3042    (-,-) 
  i_post_norm_mul/g38568/Y                -       C->Y  R     AND3X1         3  6.6   160   318    3360    (-,-) 
  i_post_norm_mul/g38558/Y                -       C->Y  R     AND3X1         3  6.6   160   326    3686    (-,-) 
  i_post_norm_mul/g38548/Y                -       A->Y  R     AND2X1         3  6.4   148   252    3938    (-,-) 
  i_post_norm_mul/g38539/Y                -       A->Y  R     AND2X1         3  6.6   152   248    4186    (-,-) 
  i_post_norm_mul/g38533/Y                -       A->Y  R     AND2X1         3  7.6   172   262    4448    (-,-) 
  i_post_norm_mul/g38529/Y                -       B->Y  F     NAND2X2        3  7.4   249   229    4676    (-,-) 
  i_post_norm_mul/g38517/Y                -       B->Y  R     NOR2X2         3  7.0   207   232    4909    (-,-) 
  i_post_norm_mul/g38514/Y                -       B->Y  F     NAND2X2        3  6.9   240   239    5148    (-,-) 
  i_post_norm_mul/g38510/Y                -       B->Y  R     NOR2X2         3  6.6   197   223    5371    (-,-) 
  i_post_norm_mul/g38499/Y                -       A->Y  R     AND2X1         3  8.2   185   290    5661    (-,-) 
  i_post_norm_mul/g38491/Y                -       B->Y  F     NAND2X4        4  9.0   178   186    5846    (-,-) 
  i_post_norm_mul/g38484/Y                -       B->Y  R     NOR2X2         3  7.2   202   200    6046    (-,-) 
  i_post_norm_mul/g38481/Y                -       B->Y  F     NAND2X2        3  6.7   234   233    6280    (-,-) 
  i_post_norm_mul/g38470/Y                -       B->Y  F     OR2X1          3  6.9   188   278    6558    (-,-) 
  i_post_norm_mul/g38992/Y                -       B->Y  R     NAND2BX2       3  6.6   108   146    6704    (-,-) 
  i_post_norm_mul/g38456/Y                -       B->Y  R     OR2X1          5 10.0   219   218    6922    (-,-) 
  i_post_norm_mul/g38454/Y                -       B->Y  R     OR2X2          6 11.9   141   254    7176    (-,-) 
  i_post_norm_mul/g38433/Y                -       C->Y  R     OR3X1          3  7.2   163   208    7384    (-,-) 
  i_post_norm_mul/g38408/Y                -       A->Y  F     NAND2X2        2  4.9   182   197    7580    (-,-) 
  i_post_norm_mul/g38400/Y                -       A->Y  R     INVX1          1  3.1   101   147    7727    (-,-) 
  i_post_norm_mul/g38373/Y                -       D->Y  R     AND4X1         1  3.1   103   347    8075    (-,-) 
  i_post_norm_mul/g38348/Y                -       C->Y  R     AND3XL         1  3.3   134   261    8335    (-,-) 
  i_post_norm_mul/g38338/Y                -       B0->Y F     OAI2BB1X1      1  3.2   211   210    8545    (-,-) 
  i_post_norm_mul/g38333/Y                -       B0->Y R     AOI21X1        1  3.3   196   226    8771    (-,-) 
  i_post_norm_mul/g38324/Y                -       B->Y  F     NAND2X1        1  3.1   214   230    9000    (-,-) 
  i_post_norm_mul/s_zeros_reg[1]/D        <<<     -     F     DFFX1          1    -     -     0    9000    (-,-) 
#----------------------------------------------------------------------------------------------------------------

