============================================================
  Generated by:           Genus(TM) Synthesis Solution 21.19-s055_1
  Generated on:           May 25 2026  10:03:02 am
  Module:                 multiplier32FP
  Operating conditions:   PVT_0P9V_125C 
  Operating conditions:   PVT_1P32V_0C 
  Interconnect mode:      global
  Area mode:              physical library
============================================================

                                                Library 
   Gate     Instances    Area        Library     Domain 
--------------------------------------------------------
ADDFHX1            24    180.576    slow_vdd1v0   worst 
ADDFHX2            39    320.112    slow_vdd1v0   worst 
ADDFHX4             2     19.152    slow_vdd1v0   worst 
ADDFX1             42    215.460    slow_vdd1v0   worst 
ADDHX1             14     52.668    slow_vdd1v0   worst 
ADDHX2              1      5.130    slow_vdd1v0   worst 
AND2X1            241    329.688    slow_vdd1v0   worst 
AND2X2             20     34.200    slow_vdd1v0   worst 
AND2X4             21     57.456    slow_vdd1v0   worst 
AND2X6              9     33.858    slow_vdd1v0   worst 
AND2X8              1      4.446    slow_vdd1v0   worst 
AND3X1              4      9.576    slow_vdd1v0   worst 
AND3X4              2      6.156    slow_vdd1v0   worst 
AND3X6              1      4.446    slow_vdd1v0   worst 
AND3XL             11     22.572    slow_vdd1v0   worst 
AND4X1             20     47.880    slow_vdd1v0   worst 
AND4X6              1      5.814    slow_vdd1v0   worst 
AO21X1             36     86.184    slow_vdd1v0   worst 
AO21X2              3      8.208    slow_vdd1v0   worst 
AO21X4              1      3.420    slow_vdd1v0   worst 
AO22X1             67    183.312    slow_vdd1v0   worst 
AOI211X1            5     11.970    slow_vdd1v0   worst 
AOI211X2           20     68.400    slow_vdd1v0   worst 
AOI21X1           133    227.430    slow_vdd1v0   worst 
AOI21X2            40    109.440    slow_vdd1v0   worst 
AOI21X4            70    359.100    slow_vdd1v0   worst 
AOI221X1            1      2.394    slow_vdd1v0   worst 
AOI221X2           22     97.812    slow_vdd1v0   worst 
AOI222X2            1      5.472    slow_vdd1v0   worst 
AOI222X4            1      9.576    slow_vdd1v0   worst 
AOI22X1            69    141.588    slow_vdd1v0   worst 
AOI22X2            13     48.906    slow_vdd1v0   worst 
AOI22X4            17    104.652    slow_vdd1v0   worst 
AOI2BB1X1          31     63.612    slow_vdd1v0   worst 
AOI2BB1X2           7     21.546    slow_vdd1v0   worst 
AOI2BB1X4           7     28.728    slow_vdd1v0   worst 
AOI2BB2X4           1      7.524    slow_vdd1v0   worst 
AOI31X2             8     27.360    slow_vdd1v0   worst 
AOI31X4             2     12.996    slow_vdd1v0   worst 
AOI32X2             2      8.892    slow_vdd1v0   worst 
AOI32X4             1      7.866    slow_vdd1v0   worst 
AOI33X2             1      5.130    slow_vdd1v0   worst 
BUFX2               3      5.130    slow_vdd1v0   worst 
BUFX3               6     12.312    slow_vdd1v0   worst 
BUFX6               3      9.234    slow_vdd1v0   worst 
BUFX8              37    139.194    slow_vdd1v0   worst 
CLKAND2X12         15    112.860    slow_vdd1v0   worst 
CLKAND2X2          40     82.080    slow_vdd1v0   worst 
CLKAND2X3          22     67.716    slow_vdd1v0   worst 
CLKAND2X4           1      3.420    slow_vdd1v0   worst 
CLKAND2X6          39    186.732    slow_vdd1v0   worst 
CLKBUFX12           4     20.520    slow_vdd1v0   worst 
CLKBUFX20           1      8.208    slow_vdd1v0   worst 
CLKINVX12          17     69.768    slow_vdd1v0   worst 
CLKINVX16           4     21.888    slow_vdd1v0   worst 
CLKINVX20           2     12.996    slow_vdd1v0   worst 
CLKINVX3            1      1.710    slow_vdd1v0   worst 
CLKINVX4           19     32.490    slow_vdd1v0   worst 
CLKINVX6           36     86.184    slow_vdd1v0   worst 
CLKINVX8           21     64.638    slow_vdd1v0   worst 
CLKMX2X2            1      3.078    slow_vdd1v0   worst 
CLKMX2X3           10     41.040    slow_vdd1v0   worst 
CLKXOR2X1          18     49.248    slow_vdd1v0   worst 
DFFHQX1           223   1220.256    slow_vdd1v0   worst 
DFFHQX2             1      6.840    slow_vdd1v0   worst 
DFFHQX4            16    131.328    slow_vdd1v0   worst 
DFFHQX8            13    120.042    slow_vdd1v0   worst 
DFFQX1              1      5.814    slow_vdd1v0   worst 
DFFQX2             48    311.904    slow_vdd1v0   worst 
DFFQX4              7     50.274    slow_vdd1v0   worst 
DFFQXL              5     27.360    slow_vdd1v0   worst 
DFFRHQX1           39    240.084    slow_vdd1v0   worst 
DFFRHQX4            1      9.576    slow_vdd1v0   worst 
DFFRX1              1      6.840    slow_vdd1v0   worst 
DFFRX2              3     22.572    slow_vdd1v0   worst 
DFFX1               8     57.456    slow_vdd1v0   worst 
DFFX2               1      8.208    slow_vdd1v0   worst 
EDFFHQX1          279   2385.450    slow_vdd1v0   worst 
INVX1             193    132.012    slow_vdd1v0   worst 
INVX2              92     94.392    slow_vdd1v0   worst 
INVX3              50     68.400    slow_vdd1v0   worst 
INVX4               1      1.710    slow_vdd1v0   worst 
INVX6               2      4.788    slow_vdd1v0   worst 
MDFFHQX1            9     76.950    slow_vdd1v0   worst 
MDFFHQX4            1      9.234    slow_vdd1v0   worst 
MX2X1              56    134.064    slow_vdd1v0   worst 
MX3XL               1      4.788    slow_vdd1v0   worst 
MXI2X1              1      2.736    slow_vdd1v0   worst 
MXI2X2              3     13.338    slow_vdd1v0   worst 
MXI2X4              2     10.260    slow_vdd1v0   worst 
NAND2BX1           22     30.096    slow_vdd1v0   worst 
NAND2BX2           14     33.516    slow_vdd1v0   worst 
NAND2BX4            6     22.572    slow_vdd1v0   worst 
NAND2X1           110    112.860    slow_vdd1v0   worst 
NAND2X2           105    179.550    slow_vdd1v0   worst 
NAND2X4            56    191.520    slow_vdd1v0   worst 
NAND2X6            24    114.912    slow_vdd1v0   worst 
NAND2X8             6     32.832    slow_vdd1v0   worst 
NAND3BX4            1      5.130    slow_vdd1v0   worst 
NAND3X2            13     35.568    slow_vdd1v0   worst 
NAND3X4             3     14.364    slow_vdd1v0   worst 
NAND4X6             2     17.100    slow_vdd1v0   worst 
NOR2BX1            75    102.600    slow_vdd1v0   worst 
NOR2BX2            15     41.040    slow_vdd1v0   worst 
NOR2BX4            17     63.954    slow_vdd1v0   worst 
NOR2X1            135    138.510    slow_vdd1v0   worst 
NOR2X2             95    162.450    slow_vdd1v0   worst 
NOR2X4             74    227.772    slow_vdd1v0   worst 
NOR2X6             47    192.888    slow_vdd1v0   worst 
NOR2X8             17     93.024    slow_vdd1v0   worst 
NOR3BX2             3     10.260    slow_vdd1v0   worst 
NOR3BX4             2     11.628    slow_vdd1v0   worst 
NOR3X1              5      8.550    slow_vdd1v0   worst 
NOR3X2              3      8.208    slow_vdd1v0   worst 
NOR3X8              4     35.568    slow_vdd1v0   worst 
NOR4X2              7     23.940    slow_vdd1v0   worst 
NOR4X4              2     12.996    slow_vdd1v0   worst 
OA21X1             72    147.744    slow_vdd1v0   worst 
OA22X1            208    497.952    slow_vdd1v0   worst 
OAI211X2            1      4.104    slow_vdd1v0   worst 
OAI211X4            1      6.498    slow_vdd1v0   worst 
OAI21X1            99    169.290    slow_vdd1v0   worst 
OAI21X2            27     83.106    slow_vdd1v0   worst 
OAI21X4            32    153.216    slow_vdd1v0   worst 
OAI221X2            2      9.576    slow_vdd1v0   worst 
OAI221X4            6     47.196    slow_vdd1v0   worst 
OAI22X1            60    123.120    slow_vdd1v0   worst 
OAI22X2             5     17.100    slow_vdd1v0   worst 
OAI22X4             4     25.992    slow_vdd1v0   worst 
OAI2BB1X1         157    268.470    slow_vdd1v0   worst 
OAI2BB1X2           7     21.546    slow_vdd1v0   worst 
OAI2BB1X4           1      4.446    slow_vdd1v0   worst 
OAI2BB2X4           4     34.200    slow_vdd1v0   worst 
OAI31X1             6     12.312    slow_vdd1v0   worst 
OAI31X2             7     26.334    slow_vdd1v0   worst 
OAI31X4             1      6.840    slow_vdd1v0   worst 
OAI32X2             2      8.892    slow_vdd1v0   worst 
OR2X1             134    183.312    slow_vdd1v0   worst 
OR2X2              24     41.040    slow_vdd1v0   worst 
OR2X4              21     57.456    slow_vdd1v0   worst 
OR2X6              17     63.954    slow_vdd1v0   worst 
OR2X8               1      4.446    slow_vdd1v0   worst 
OR3X1              39     80.028    slow_vdd1v0   worst 
OR3X2               2      4.788    slow_vdd1v0   worst 
OR3X4               2      6.156    slow_vdd1v0   worst 
OR4X1              46     94.392    slow_vdd1v0   worst 
OR4X2               1      3.420    slow_vdd1v0   worst 
XNOR2X1            49    117.306    slow_vdd1v0   worst 
XNOR2X2             7     21.546    slow_vdd1v0   worst 
XOR2X2             10     34.200    slow_vdd1v0   worst 
--------------------------------------------------------
total            4287  13491.216                


                                          
     Type      Instances    Area   Area % 
------------------------------------------
sequential           656  4690.188   34.8 
inverter             438   590.976    4.4 
buffer                54   194.598    1.4 
logic               3139  8015.454   59.4 
physical_cells         0     0.000    0.0 
------------------------------------------
total               4287 13491.216  100.0 

