============================================================
  Generated by:           Genus(TM) Synthesis Solution 21.19-s055_1
  Generated on:           May 25 2026  10:03:02 am
  Module:                 multiplier32FP
  Library domain:         worst
    Domain index:         0
    Technology library:   slow_vdd1v0 1.0
  Library domain:         best
    Domain index:         1
    Technology library:   fast_vdd1v2 1.0
  Operating conditions:   PVT_0P9V_125C 
  Operating conditions:   PVT_1P32V_0C 
  Interconnect mode:      global
  Area mode:              physical library
============================================================

     Instance         Module     Cell Count  Normalized Cell Area  Normalized Net Area   Normalized Total Area 
---------------------------------------------------------------------------------------------------------------
multiplier32FP                         4287             13149.333             5192.365               18341.698 
  i_mul_24        mul_24               1532              6411.000             1715.012                8126.012 
  i_post_norm_mul post_norm_mul        2475              5862.333             3045.442                8907.775 
  i_pre_norm_mul  pre_norm_mul           66               235.333               52.553                 287.887 
  u_fsm           fpu_fsm                34               109.333               36.196                 145.530 
