============================================================
  Generated by:           Genus(TM) Synthesis Solution 21.19-s055_1
  Generated on:           May 25 2026  10:03:02 am
  Module:                 multiplier32FP
  Operating conditions:   PVT_0P9V_125C 
  Operating conditions:   PVT_1P32V_0C 
  Interconnect mode:      global
  Area mode:              physical library
============================================================


Path 1: MET (0 ps) Setup Check with Pin i_post_norm_mul/s_expo1_reg[2]/CK->D
          Group: clk
     Startpoint: (R) i_post_norm_mul/s_exp_10_i_reg[2]/CK
          Clock: (R) clk
       Endpoint: (F) i_post_norm_mul/s_expo1_reg[2]/D
          Clock: (R) clk

                     Capture       Launch     
        Clock Edge:+    2770            0     
       Src Latency:+       0            0     
       Net Latency:+     100 (I)      100 (I) 
           Arrival:=    2870          100     
                                              
             Setup:-     163                  
       Uncertainty:-      50                  
     Required Time:=    2657                  
      Launch Clock:-     100                  
         Data Path:-    2556                  
             Slack:=       0                  

#--------------------------------------------------------------------------------------------------------------
#            Timing Point              Flags    Arc   Edge   Cell     Fanout Load Trans Delay Arrival Instance 
#                                                                            (fF)  (ps)  (ps)   (ps)  Location 
#--------------------------------------------------------------------------------------------------------------
  i_post_norm_mul/s_exp_10_i_reg[2]/CK -       -      R     (arrival)    656    -     0     0     100    (-,-) 
  i_post_norm_mul/s_exp_10_i_reg[2]/Q  -       CK->Q  R     DFFHQX4        3 13.8    85   236     336    (-,-) 
  i_post_norm_mul/g88604/Y             -       A->Y   F     CLKINVX12     18 40.5   117   100     436    (-,-) 
  i_post_norm_mul/g88061/Y             -       A->Y   F     CLKAND2X6     10 20.6   110   178     614    (-,-) 
  i_post_norm_mul/g88055/Y             -       A->Y   R     INVX3          5 10.6    94   102     715    (-,-) 
  i_post_norm_mul/g88045/Y             -       A->Y   F     NOR2X1         2  5.1   161   145     860    (-,-) 
  i_post_norm_mul/g87844/Y             -       A0->Y  R     OAI21X1        1  3.3   192   210    1070    (-,-) 
  i_post_norm_mul/g87787/Y             -       B0->Y  F     OAI21X1        1  3.1   226   245    1316    (-,-) 
  i_post_norm_mul/g87732/Y             -       B->Y   F     OR2X1          1  3.6   106   230    1546    (-,-) 
  i_post_norm_mul/g87691/Y             -       B0->Y  R     AOI21X2        2  5.0   151   144    1691    (-,-) 
  i_post_norm_mul/g87602/Y             -       A0->Y  F     OAI21X1        1  3.1   218   236    1926    (-,-) 
  i_post_norm_mul/g87520/Y             -       A1N->Y F     OAI2BB1X1      1  3.3   213   258    2185    (-,-) 
  i_post_norm_mul/g87486/Y             -       A1->Y  R     AOI21X1        1  3.3   196   230    2415    (-,-) 
  i_post_norm_mul/g87427/Y             -       B0->Y  F     OAI2BB1X1      1  3.1   210   242    2656    (-,-) 
  i_post_norm_mul/s_expo1_reg[2]/D     <<<     -      F     DFFQX2         1    -     -     0    2656    (-,-) 
#--------------------------------------------------------------------------------------------------------------

