============================================================
  Generated by:           Genus(TM) Synthesis Solution 21.19-s055_1
  Generated on:           May 25 2026  10:03:02 am
  Module:                 multiplier32FP
  Operating conditions:   PVT_0P9V_125C 
  Operating conditions:   PVT_1P32V_0C 
  Interconnect mode:      global
  Area mode:              physical library
============================================================

Timing
--------

Clock Period 
-------------
clk   2770.0 


  Cost    Critical         Violating 
 Group   Path Slack  TNS     Paths   
-------------------------------------
clk             0.4   0.0          0 
default    No paths   0.0            
-------------------------------------
Total                 0.0          0 

Instance Count
--------------
Leaf Instance Count             4287 
Physical Instance count            0 
Sequential Instance Count        656 
Combinational Instance Count    3631 
Hierarchical Instance Count        4 

Area
----
Cell Area                          13491.216
Physical Cell Area                 0.000
Total Cell Area (Cell+Physical)    13491.216
Net Area                           5327.366
Total Area (Cell+Physical+Net)     18818.582

Max Fanout                         656 (clk)
Min Fanout                         0 (n_140)
Average Fanout                     2.4
Terms to net ratio                 3.3736
Terms to instance ratio            3.5279
Runtime                            735.39148 seconds
Elapsed Runtime                    736 seconds
Genus peak memory usage            1927.57 
Innovus peak memory usage          no_value 
Hostname                           localhost
