============================================================
  Generated by:           Genus(TM) Synthesis Solution 21.19-s055_1
  Generated on:           May 23 2026  05:17:23 pm
  Module:                 multiplier32FP
  Library domain:         worst
    Domain index:         0
    Technology library:   slow_vdd1v0 1.0
  Library domain:         best
    Domain index:         1
    Technology library:   fast_vdd1v2 1.0
  Operating conditions:   PVT_0P9V_125C 
  Operating conditions:   PVT_1P32V_0C 
  Interconnect mode:      global
  Area mode:              physical library
============================================================

Max_transition design rule (violation total = 88)
Pin                                                               Slew           Max     Violation
----------------------------------------------------------------------------------------------------
i_post_norm_mul/g104693/A0                                         309           280            29
  --> Other violations on net                                              29
i_post_norm_mul/g104792/Y                                          309           280            29
  --> Other violations on net                                              29
i_mul_24/WALLACE_CSA_DUMMY_OP_groupi893_g969__1881/B               283           280             3
  --> Other violations on net                                              13
i_mul_24/WALLACE_CSA_DUMMY_OP_groupi893_g3__3680/A1N               283           280             3
  --> Other violations on net                                              13
i_mul_24/WALLACE_CSA_DUMMY_OP_groupi893_g1037__2802/B              283           280             3
  --> Other violations on net                                              13
i_mul_24/WALLACE_CSA_DUMMY_OP_groupi893_g940__6417/B0              283           280             3
  --> Other violations on net                                              13
i_mul_24/WALLACE_CSA_DUMMY_OP_groupi893_g1003__7098/Y              283           280             3
  --> Other violations on net                                              13
i_post_norm_mul/g104784/B0                                         284           280             4
  --> Other violations on net                                              4
i_post_norm_mul/g104883/Y                                          284           280             4
  --> Other violations on net                                              4
i_post_norm_mul/g104985/B0                                         283           280             3
  --> Other violations on net                                              3
i_post_norm_mul/g105155/Y                                          283           280             3
  --> Other violations on net                                              3
i_post_norm_mul/g103225/A0N                                        280           280             0
  --> Other violations on net                                              0
i_post_norm_mul/g103358/Y                                          280           280             0
  --> Other violations on net                                              0


Max_capacitance design rule: no violations.


Max_fanout design rule: no constraints.



