============================================================
  Generated by:           Genus(TM) Synthesis Solution 21.19-s055_1
  Generated on:           May 23 2026  05:17:23 pm
  Module:                 multiplier32FP
  Operating conditions:   PVT_0P9V_125C 
  Operating conditions:   PVT_1P32V_0C 
  Interconnect mode:      global
  Area mode:              physical library
============================================================

Timing
--------

Clock Period 
-------------
clk   1290.0 


  Cost    Critical               Violating 
 Group   Path Slack     TNS        Paths   
-------------------------------------------
clk         -1359.3   -418093.0        686 
default    No paths         0.0            
-------------------------------------------
Total                 -418093.0        686 

Instance Count
--------------
Leaf Instance Count             4782 
Physical Instance count            0 
Sequential Instance Count        656 
Combinational Instance Count    4126 
Hierarchical Instance Count        4 

Area
----
Cell Area                          18499.122
Physical Cell Area                 0.000
Total Cell Area (Cell+Physical)    18499.122
Net Area                           5695.567
Total Area (Cell+Physical+Net)     24194.689

Max Fanout                         656 (clk)
Min Fanout                         0 (n_186)
Average Fanout                     2.2
Terms to net ratio                 3.2081
Terms to instance ratio            3.3752
Runtime                            800.3817609999999 seconds
Elapsed Runtime                    803 seconds
Genus peak memory usage            2218.74 
Innovus peak memory usage          no_value 
Hostname                           localhost
