============================================================
  Generated by:           Genus(TM) Synthesis Solution 21.19-s055_1
  Generated on:           May 23 2026  05:17:23 pm
  Module:                 multiplier32FP
  Library domain:         worst
    Domain index:         0
    Technology library:   slow_vdd1v0 1.0
  Library domain:         best
    Domain index:         1
    Technology library:   fast_vdd1v2 1.0
  Operating conditions:   PVT_0P9V_125C 
  Operating conditions:   PVT_1P32V_0C 
  Interconnect mode:      global
  Area mode:              physical library
============================================================

     Instance         Module     Cell Count  Normalized Cell Area  Normalized Net Area   Normalized Total Area 
---------------------------------------------------------------------------------------------------------------
multiplier32FP                         4782             18030.333             5551.235               23581.568 
  i_mul_24        mul_24               1806              7882.667             1991.356                9874.023 
  i_post_norm_mul post_norm_mul        2608              8969.000             3040.940               12009.940 
  i_pre_norm_mul  pre_norm_mul          110               338.333               92.288                 430.621 
  u_fsm           fpu_fsm                32               110.667               32.306                 142.973 
