============================================================
  Generated by:           Genus(TM) Synthesis Solution 21.19-s055_1
  Generated on:           May 23 2026  05:17:23 pm
  Module:                 multiplier32FP
  Operating conditions:   PVT_0P9V_125C 
  Operating conditions:   PVT_1P32V_0C 
  Interconnect mode:      global
  Area mode:              physical library
============================================================

                                                Library 
   Gate     Instances    Area        Library     Domain 
--------------------------------------------------------
ADDFHX1            24    180.576    slow_vdd1v0   worst 
ADDFHX2            63    517.104    slow_vdd1v0   worst 
ADDFX1             11     56.430    slow_vdd1v0   worst 
ADDHX1              7     26.334    slow_vdd1v0   worst 
ADDHX2              1      5.130    slow_vdd1v0   worst 
ADDHX4              2     14.364    slow_vdd1v0   worst 
AND2X1            108    147.744    slow_vdd1v0   worst 
AND2X2             23     39.330    slow_vdd1v0   worst 
AND2X4             28     76.608    slow_vdd1v0   worst 
AND2X6             27    101.574    slow_vdd1v0   worst 
AND2X8              2      8.892    slow_vdd1v0   worst 
AND3X4              1      3.078    slow_vdd1v0   worst 
AND3X6              1      4.446    slow_vdd1v0   worst 
AND3XL              2      4.104    slow_vdd1v0   worst 
AO21X1             16     38.304    slow_vdd1v0   worst 
AO21X2              2      5.472    slow_vdd1v0   worst 
AO21X4              5     17.100    slow_vdd1v0   worst 
AO22X1             31     84.816    slow_vdd1v0   worst 
AOI211X1            1      2.394    slow_vdd1v0   worst 
AOI211X2            3     10.260    slow_vdd1v0   worst 
AOI211X4           22    142.956    slow_vdd1v0   worst 
AOI21X1            54     92.340    slow_vdd1v0   worst 
AOI21X2            81    221.616    slow_vdd1v0   worst 
AOI21X4           103    528.390    slow_vdd1v0   worst 
AOI221X2            7     31.122    slow_vdd1v0   worst 
AOI221X4           27    212.382    slow_vdd1v0   worst 
AOI222X2            7     38.304    slow_vdd1v0   worst 
AOI22X1            12     24.624    slow_vdd1v0   worst 
AOI22X2            73    274.626    slow_vdd1v0   worst 
AOI22X4            39    240.084    slow_vdd1v0   worst 
AOI2BB1X1          12     24.624    slow_vdd1v0   worst 
AOI2BB1X2          58    178.524    slow_vdd1v0   worst 
AOI2BB1X4          63    258.552    slow_vdd1v0   worst 
AOI2BB2X2          29    148.770    slow_vdd1v0   worst 
AOI2BB2X4          18    135.432    slow_vdd1v0   worst 
AOI31X2             7     23.940    slow_vdd1v0   worst 
AOI31X4             2     12.996    slow_vdd1v0   worst 
AOI32X4             1      7.866    slow_vdd1v0   worst 
BUFX12              2     10.260    slow_vdd1v0   worst 
BUFX3               2      4.104    slow_vdd1v0   worst 
BUFX6              35    107.730    slow_vdd1v0   worst 
BUFX8              37    139.194    slow_vdd1v0   worst 
CLKAND2X12         29    218.196    slow_vdd1v0   worst 
CLKAND2X2          64    131.328    slow_vdd1v0   worst 
CLKAND2X3          76    233.928    slow_vdd1v0   worst 
CLKAND2X4           6     20.520    slow_vdd1v0   worst 
CLKAND2X6         112    536.256    slow_vdd1v0   worst 
CLKAND2X8           4     23.256    slow_vdd1v0   worst 
CLKBUFX16           5     34.200    slow_vdd1v0   worst 
CLKBUFX3            4      8.208    slow_vdd1v0   worst 
CLKBUFX4            1      2.394    slow_vdd1v0   worst 
CLKBUFX6            2      6.156    slow_vdd1v0   worst 
CLKINVX12          32    131.328    slow_vdd1v0   worst 
CLKINVX16          17     93.024    slow_vdd1v0   worst 
CLKINVX2            2      2.736    slow_vdd1v0   worst 
CLKINVX20           4     25.992    slow_vdd1v0   worst 
CLKINVX3            6     10.260    slow_vdd1v0   worst 
CLKINVX4           86    147.060    slow_vdd1v0   worst 
CLKINVX6           64    153.216    slow_vdd1v0   worst 
CLKINVX8           50    153.900    slow_vdd1v0   worst 
CLKMX2X2            6     18.468    slow_vdd1v0   worst 
CLKMX2X3           40    164.160    slow_vdd1v0   worst 
CLKXOR2X1          27     73.872    slow_vdd1v0   worst 
CLKXOR2X2           3     10.260    slow_vdd1v0   worst 
DFFHQX1           127    694.944    slow_vdd1v0   worst 
DFFHQX2            11     75.240    slow_vdd1v0   worst 
DFFHQX4            51    418.608    slow_vdd1v0   worst 
DFFHQX8            27    249.318    slow_vdd1v0   worst 
DFFQX2             10     64.980    slow_vdd1v0   worst 
DFFQX4              3     21.546    slow_vdd1v0   worst 
DFFQXL             22    120.384    slow_vdd1v0   worst 
DFFRHQX1           41    252.396    slow_vdd1v0   worst 
DFFRHQX4            1      9.576    slow_vdd1v0   worst 
DFFRX1              1      6.840    slow_vdd1v0   worst 
DFFRX2              4     30.096    slow_vdd1v0   worst 
DFFSHQX4            1      9.576    slow_vdd1v0   worst 
DFFX1              22    158.004    slow_vdd1v0   worst 
DFFX2               6     49.248    slow_vdd1v0   worst 
DFFX4              40    369.360    slow_vdd1v0   worst 
EDFFHQX1          182   1556.100    slow_vdd1v0   worst 
EDFFHQX2            2     17.784    slow_vdd1v0   worst 
EDFFHQX4            3     31.806    slow_vdd1v0   worst 
EDFFHQX8            1     11.628    slow_vdd1v0   worst 
EDFFX4              4     43.776    slow_vdd1v0   worst 
INVX1             114     77.976    slow_vdd1v0   worst 
INVX12              5     20.520    slow_vdd1v0   worst 
INVX16              1      5.472    slow_vdd1v0   worst 
INVX2             110    112.860    slow_vdd1v0   worst 
INVX20              1      6.498    slow_vdd1v0   worst 
INVX3              72     98.496    slow_vdd1v0   worst 
INVX4               7     11.970    slow_vdd1v0   worst 
INVX6               6     14.364    slow_vdd1v0   worst 
INVX8               6     18.468    slow_vdd1v0   worst 
MDFFHQX1           19    162.450    slow_vdd1v0   worst 
MDFFHQX2            2     18.468    slow_vdd1v0   worst 
MDFFHQX4           76    701.784    slow_vdd1v0   worst 
MX2X1               7     16.758    slow_vdd1v0   worst 
MXI2X1              1      2.736    slow_vdd1v0   worst 
MXI2X2              5     22.230    slow_vdd1v0   worst 
MXI2X4             14     71.820    slow_vdd1v0   worst 
MXI2X6              1      5.130    slow_vdd1v0   worst 
NAND2BX1            7      9.576    slow_vdd1v0   worst 
NAND2BX2           22     52.668    slow_vdd1v0   worst 
NAND2BX4           18     67.716    slow_vdd1v0   worst 
NAND2X1            75     76.950    slow_vdd1v0   worst 
NAND2X2           133    227.430    slow_vdd1v0   worst 
NAND2X4           174    595.080    slow_vdd1v0   worst 
NAND2X6            82    392.616    slow_vdd1v0   worst 
NAND2X8            25    136.800    slow_vdd1v0   worst 
NAND3BX2            2      6.156    slow_vdd1v0   worst 
NAND3X2            10     27.360    slow_vdd1v0   worst 
NAND3X4            19     90.972    slow_vdd1v0   worst 
NAND3X6             6     43.092    slow_vdd1v0   worst 
NAND3X8             3     24.624    slow_vdd1v0   worst 
NAND4X8             2     20.520    slow_vdd1v0   worst 
NOR2BX1            26     35.568    slow_vdd1v0   worst 
NOR2BX2            31     84.816    slow_vdd1v0   worst 
NOR2BX4             8     30.096    slow_vdd1v0   worst 
NOR2X1             92     94.392    slow_vdd1v0   worst 
NOR2X2            207    353.970    slow_vdd1v0   worst 
NOR2X4            284    874.152    slow_vdd1v0   worst 
NOR2X6            142    582.768    slow_vdd1v0   worst 
NOR2X8             59    322.848    slow_vdd1v0   worst 
NOR2XL              2      2.052    slow_vdd1v0   worst 
NOR3BX2             2      6.840    slow_vdd1v0   worst 
NOR3BX4             2     11.628    slow_vdd1v0   worst 
NOR3X1              4      6.840    slow_vdd1v0   worst 
NOR3X2              8     21.888    slow_vdd1v0   worst 
NOR3X4             28    143.640    slow_vdd1v0   worst 
NOR3X6              6     43.092    slow_vdd1v0   worst 
NOR3X8              2     17.784    slow_vdd1v0   worst 
NOR4X2              2      6.840    slow_vdd1v0   worst 
OA21X1             18     36.936    slow_vdd1v0   worst 
OA21X2              1      3.078    slow_vdd1v0   worst 
OA22X1              8     19.152    slow_vdd1v0   worst 
OAI211X2            5     20.520    slow_vdd1v0   worst 
OAI211X4           15     97.470    slow_vdd1v0   worst 
OAI21X1            20     34.200    slow_vdd1v0   worst 
OAI21X2            90    277.020    slow_vdd1v0   worst 
OAI21X4           111    531.468    slow_vdd1v0   worst 
OAI221X4            2     15.732    slow_vdd1v0   worst 
OAI22X1             6     12.312    slow_vdd1v0   worst 
OAI22X2            20     68.400    slow_vdd1v0   worst 
OAI22X4            29    188.442    slow_vdd1v0   worst 
OAI2BB1X1          18     30.780    slow_vdd1v0   worst 
OAI2BB1X2          30     92.340    slow_vdd1v0   worst 
OAI2BB1X4          46    204.516    slow_vdd1v0   worst 
OAI2BB2X4           7     59.850    slow_vdd1v0   worst 
OAI31X2             4     15.048    slow_vdd1v0   worst 
OAI31X4             4     27.360    slow_vdd1v0   worst 
OR2X1              60     82.080    slow_vdd1v0   worst 
OR2X2               9     15.390    slow_vdd1v0   worst 
OR2X4               8     21.888    slow_vdd1v0   worst 
OR2X6              21     79.002    slow_vdd1v0   worst 
OR2X8               5     22.230    slow_vdd1v0   worst 
OR3X1               8     16.416    slow_vdd1v0   worst 
OR3X6               1      4.788    slow_vdd1v0   worst 
OR4X1              11     22.572    slow_vdd1v0   worst 
OR4X4               1      3.762    slow_vdd1v0   worst 
XNOR2X1            29     69.426    slow_vdd1v0   worst 
XNOR2X2            11     33.858    slow_vdd1v0   worst 
XNOR2X4             4     15.048    slow_vdd1v0   worst 
XOR2X2              2      6.840    slow_vdd1v0   worst 
--------------------------------------------------------
total            4782  18499.122                


                                          
     Type      Instances    Area   Area % 
------------------------------------------
sequential           656  5073.912   27.4 
inverter             583  1084.140    5.9 
buffer                88   312.246    1.7 
logic               3455 12028.824   65.0 
physical_cells         0     0.000    0.0 
------------------------------------------
total               4782 18499.122  100.0 

