###############################################################
#  Generated by:      Cadence Innovus 25.13-s088_1
#  OS:                Linux x86_64(Host ID ecomp)
#  Generated on:      Wed May 27 19:52:51 2026
#  Design:            multiplier32FP
#  Command:           report_timing > ${OUT_RPT}/hold_timing.rpt 
###############################################################
Path 1: MET (0.065 ns) Hold Check with Pin i_mul_24/s_start_i_reg/CK->D
               View: analysis_normal_fast_min
              Group: clk
         Startpoint: (R) u_fsm/start_i_delay_reg/CK
              Clock: (R) clk
           Endpoint: (F) i_mul_24/s_start_i_reg/D
              Clock: (R) clk

                       Capture       Launch
         Clock Edge:+    0.000        0.000
        Src Latency:+    0.000        0.066
        Net Latency:+    0.034 (P)    0.032 (P)
            Arrival:=    0.034        0.098

               Hold:+    0.001
        Uncertainty:+    0.050
      Required Time:=    0.086
       Launch Clock:=    0.098
          Data Path:+    0.053
              Slack:=    0.065

#------------------------------------------------------------------------------------------
# Timing Point                Flags  Arc    Edge  Cell       Fanout  Trans   Delay  Arrival  
#                                                                     (ns)    (ns)     (ns)  
#------------------------------------------------------------------------------------------
  u_fsm/start_i_delay_reg/CK  -      CK     R     (arrival)      83  0.031       -    0.098  
  u_fsm/start_i_delay_reg/Q   -      CK->Q  F     DFFRHQX1        1  0.031   0.053    0.151  
  i_mul_24/s_start_i_reg/D    -      D      F     DFFHQX1         1  0.023   0.000    0.151  
#------------------------------------------------------------------------------------------

