###############################################################
#  Generated by:      Cadence Innovus 25.13-s088_1
#  OS:                Linux x86_64(Host ID ecomp)
#  Generated on:      Wed May 27 19:53:23 2026
#  Design:            multiplier32FP
#  Command:           report_gates -out_file /home/ufsm00291/ufsm00291-lima202020189/projetos/multiplier32FP/multiplier32FP/backend/layout/reports/multiplier32FP_worst_372_0/multiplier32FP_gates_layout.rpt
###############################################################
Library cell information:
 ----------------------------------------
| Cell       |  Instance  |  Area(um^2)  |
|----------------------------------------|
| ADDFHX1    |          1 |        7.524 | 
| ADDFX1     |        102 |      523.260 | 
| ADDHX1     |         14 |       52.668 | 
| AND2X1     |        312 |      426.816 | 
| AND2X2     |         13 |       22.230 | 
| AND2X4     |          3 |        8.208 | 
| AND2X6     |          2 |        7.524 | 
| AND2XL     |          6 |        8.208 | 
| AND3X2     |          1 |        2.736 | 
| AND3X4     |          1 |        3.078 | 
| AND3XL     |         15 |       30.780 | 
| AND4X1     |          8 |       19.152 | 
| AND4X4     |          1 |        3.762 | 
| AO21X1     |         36 |       86.184 | 
| AO22X1     |         63 |      172.368 | 
| AOI211X1   |          2 |        4.788 | 
| AOI211X2   |          3 |       10.260 | 
| AOI211X4   |          1 |        6.498 | 
| AOI211XL   |         11 |       22.572 | 
| AOI21X1    |        186 |      318.060 | 
| AOI21X2    |          6 |       16.416 | 
| AOI21X4    |          1 |        5.130 | 
| AOI21XL    |          5 |        8.550 | 
| AOI221X1   |         20 |       47.880 | 
| AOI221X2   |          1 |        4.446 | 
| AOI221X4   |          1 |        7.866 | 
| AOI222X1   |          8 |       24.624 | 
| AOI222X2   |          1 |        5.472 | 
| AOI22X1    |        148 |      303.696 | 
| AOI2BB1X1  |         54 |      110.808 | 
| AOI2BB1X2  |          1 |        3.078 | 
| AOI2BB2X1  |          4 |       13.680 | 
| AOI31X1    |          5 |       10.260 | 
| AOI31X2    |          2 |        6.840 | 
| AOI32X1    |          4 |        9.576 | 
| BUFX2      |         73 |      124.830 | 
| BUFX3      |          1 |        2.052 | 
| CLKAND2X12 |          4 |       30.096 | 
| CLKBUFX12  |          7 |       35.910 | 
| CLKBUFX2   |         47 |       80.370 | 
| CLKBUFX6   |         22 |       67.716 | 
| CLKBUFX8   |          2 |        7.524 | 
| CLKINVX6   |         11 |       26.334 | 
| CLKINVX8   |          4 |       12.312 | 
| CLKMX2X2   |          2 |        6.156 | 
| CLKXOR2X1  |         30 |       82.080 | 
| DFFHQX1    |        221 |     1209.312 | 
| DFFHQX8    |          3 |       27.702 | 
| DFFQX2     |         12 |       77.976 | 
| DFFQXL     |         11 |       60.192 | 
| DFFRHQX1   |         40 |      246.240 | 
| DFFRX1     |          4 |       27.360 | 
| DFFX1      |         39 |      280.098 | 
| DFFX2      |         36 |      295.488 | 
| DFFX4      |          1 |        9.234 | 
| EDFFHQX1   |        275 |     2351.250 | 
| FILL1      |       2060 |      704.520 | 
| FILL16     |        159 |      870.048 | 
| FILL2      |       1855 |     1268.820 | 
| FILL32     |         90 |      984.960 | 
| FILL4      |        927 |     1268.136 | 
| FILL64     |        129 |     2823.552 | 
| FILL8      |        372 |     1017.792 | 
| INVX1      |        353 |      241.452 | 
| INVX2      |         25 |       25.650 | 
| INVX3      |          5 |        6.840 | 
| INVXL      |         24 |       16.416 | 
| MDFFHQX1   |         14 |      119.700 | 
| MX2X1      |         50 |      119.700 | 
| MXI2X2     |          8 |       35.568 | 
| MXI2XL     |          4 |        9.576 | 
| NAND2BX1   |         32 |       43.776 | 
| NAND2BX2   |          3 |        7.182 | 
| NAND2X1    |        281 |      288.306 | 
| NAND2X2    |         16 |       27.360 | 
| NAND3BXL   |          1 |        1.710 | 
| NAND3X1    |         10 |       17.100 | 
| NAND3X2    |          1 |        2.736 | 
| NOR2BX1    |        101 |      138.168 | 
| NOR2BX2    |          1 |        2.736 | 
| NOR2X1     |        352 |      361.152 | 
| NOR2X2     |         24 |       41.040 | 
| NOR2X4     |         10 |       30.780 | 
| NOR2XL     |          1 |        1.026 | 
| NOR3BX1    |          2 |        4.104 | 
| NOR3BX2    |          1 |        3.420 | 
| NOR3X1     |         12 |       20.520 | 
| NOR3X2     |          5 |       13.680 | 
| NOR3X4     |          1 |        5.130 | 
| NOR4X1     |          3 |        5.130 | 
| NOR4X2     |          1 |        3.420 | 
| OA21X1     |        106 |      217.512 | 
| OA22X1     |        175 |      418.950 | 
| OAI211X1   |          1 |        1.710 | 
| OAI21X1    |        165 |      282.150 | 
| OAI21X2    |          5 |       15.390 | 
| OAI21X4    |          2 |        9.576 | 
| OAI221X1   |          1 |        2.394 | 
| OAI22X1    |        100 |      205.200 | 
| OAI22X2    |          3 |       10.260 | 
| OAI2BB1X1  |        150 |      256.500 | 
| OAI2BB2XL  |          1 |        3.762 | 
| OAI31X1    |         22 |       45.144 | 
| OAI31X2    |          2 |        7.524 | 
| OAI32X1    |          3 |        7.182 | 
| OR2X1      |        200 |      273.600 | 
| OR2X2      |         16 |       27.360 | 
| OR2X4      |          2 |        5.472 | 
| OR3X1      |         44 |       90.288 | 
| OR3X2      |          1 |        2.394 | 
| OR4X1      |         51 |      104.652 | 
| OR4X2      |          3 |       10.260 | 
| XNOR2X1    |         67 |      160.398 | 
| XNOR2X2    |          5 |       15.390 | 
|----------------------------------------|
| Total      |       9945 |    20079.504 |
 ----------------------------------------
Library cell type information:
 -------------------------------------------------------
| Cell Type        |   Instance   |        Area         |
|                  |              |       um^2  |   %   |
|-------------------------------------------------------|
| Buffer           |          152 |     318.402 |   1.6 | 
| Inverter         |          422 |     329.004 |   1.6 | 
| Combinational    |         3123 |    5789.718 |  28.8 | 
| Flop             |          656 |    4704.552 |  23.4 | 
| Multi-Bit Flop   |            0 |       0.000 |   0.0 | 
| Latch            |            0 |       0.000 |   0.0 | 
| Clock Gater      |            0 |       0.000 |   0.0 | 
| Macro            |            0 |       0.000 |   0.0 | 
| Physical Cell    |         5592 |    8937.828 |  44.5 | 
|-------------------------------------------------------|
| Total            |         9945 |   20079.504 | 100.0 | 
 -------------------------------------------------------
