###############################################################
#  Generated by:      Cadence Innovus 25.13-s088_1
#  OS:                Linux x86_64(Host ID ecomp)
#  Generated on:      Wed May 27 19:52:46 2026
#  Design:            multiplier32FP
#  Command:           report_timing > ${OUT_RPT}/setup_timing.rpt 
###############################################################
Path 1: VIOLATED (-0.011 ns) Setup Check with Pin i_mul_24/prod2_reg[0][0][22]/CK->D
               View: analysis_normal_slow_max
              Group: clk
         Startpoint: (R) i_mul_24/count_reg[1]/CK
              Clock: (R) clk
           Endpoint: (R) i_mul_24/prod2_reg[0][0][22]/D
              Clock: (R) clk

                       Capture       Launch
         Clock Edge:+    2.688        0.000
        Src Latency:+    0.000       -0.017
        Net Latency:+    0.119 (P)    0.119 (P)
            Arrival:=    2.807        0.102

              Setup:-    0.198
        Uncertainty:-    0.050
      Required Time:=    2.559
       Launch Clock:=    0.102
          Data Path:+    2.468
              Slack:=   -0.011

#----------------------------------------------------------------------------------------------------------
# Timing Point                                Flags  Arc    Edge  Cell       Fanout  Trans   Delay  Arrival  
#                                                                                     (ns)    (ns)     (ns)  
#----------------------------------------------------------------------------------------------------------
  i_mul_24/count_reg[1]/CK                    -      CK     R     (arrival)      90  0.102       -    0.102  
  i_mul_24/count_reg[1]/Q                     -      CK->Q  F     DFFHQX8        10  0.102   0.329    0.431  
  i_mul_24/FE_OFC886_count_1/Y                -      A->Y   R     INVX3          12  0.062   0.067    0.498  
  i_mul_24/g6185__7410/Y                      -      B->Y   R     AND2X1          1  0.067   0.149    0.647  
  i_mul_24/g6137__5526/Y                      -      B0->Y  F     AOI21XL         1  0.023   0.047    0.695  
  i_mul_24/FE_OFC647_n_130/Y                  -      A->Y   R     INVX1          12  0.131   0.181    0.875  
  i_mul_24/mul_194_38_g684__5122/Y            -      A->Y   R     AND2X1          1  0.205   0.220    1.095  
  i_mul_24/mul_194_38_cdnfadd_006_0__5477/CO  -      B->CO  R     ADDFX1          1  0.048   0.220    1.315  
  i_mul_24/mul_194_38_cdnfadd_007_1__4319/S   -      CI->S  F     ADDFX1          1  0.067   0.286    1.600  
  i_mul_24/mul_194_38_cdnfadd_007_2__8428/S   -      CI->S  R     ADDFX1          2  0.046   0.295    1.896  
  i_mul_24/mul_194_38_g638__4319/Y            -      B->Y   F     NOR2X1          3  0.050   0.063    1.959  
  i_mul_24/FE_OFC313_mul_194_38_n_91/Y        -      A->Y   R     INVX1           1  0.069   0.054    2.013  
  i_mul_24/mul_194_38_g618__9315/Y            -      B->Y   F     NAND2X1         1  0.032   0.075    2.088  
  i_mul_24/mul_194_38_g614__5115/Y            -      A->Y   R     NOR2X2          1  0.087   0.088    2.176  
  i_mul_24/mul_194_38_g612__6131/Y            -      B->Y   F     NOR2X2          3  0.057   0.059    2.235  
  i_mul_24/mul_194_38_g610__7098/Y            -      B->Y   R     NOR2X2          1  0.063   0.069    2.304  
  i_mul_24/mul_194_38_g608__8246/Y            -      B->Y   F     NOR2X2          2  0.062   0.058    2.362  
  i_mul_24/FE_RC_9_0/Y                        -      B->Y   R     XNOR2X1         4  0.057   0.208    2.570  
  i_mul_24/prod2_reg[0][0][22]/D              -      D      R     EDFFHQX1        4  0.088   0.000    2.570  
#----------------------------------------------------------------------------------------------------------

