============================================================
  Generated by:           Genus(TM) Synthesis Solution 21.19-s055_1
  Generated on:           May 26 2026  08:47:35 am
  Module:                 multiplier32FP
  Library domain:         worst
    Domain index:         0
    Technology library:   slow_vdd1v0 1.0
  Library domain:         best
    Domain index:         1
    Technology library:   fast_vdd1v2 1.0
  Operating conditions:   PVT_0P9V_125C 
  Operating conditions:   PVT_1P32V_0C 
  Interconnect mode:      global
  Area mode:              physical library
============================================================

     Instance         Module     Cell Count  Normalized Cell Area  Normalized Net Area   Normalized Total Area 
---------------------------------------------------------------------------------------------------------------
multiplier32FP                         4449             13927.000             5269.111               19196.111 
  i_mul_24        mul_24               1607              6769.333             1774.808                8544.141 
  i_post_norm_mul post_norm_mul        2554              6263.333             3054.870                9318.204 
  i_pre_norm_mul  pre_norm_mul           76               242.667               61.167                 303.834 
  u_fsm           fpu_fsm                34               109.333               36.196                 145.530 
