============================================================
  Generated by:           Genus(TM) Synthesis Solution 21.19-s055_1
  Generated on:           May 26 2026  08:47:36 am
  Module:                 multiplier32FP
  Operating conditions:   PVT_0P9V_125C 
  Operating conditions:   PVT_1P32V_0C 
  Interconnect mode:      global
  Area mode:              physical library
============================================================

Timing
--------

Clock Period 
-------------
clk   2710.0 


  Cost    Critical            Violating 
 Group   Path Slack    TNS      Paths   
----------------------------------------
clk            -9.2   -137.2         32 
default    No paths      0.0            
----------------------------------------
Total                 -137.2         32 

Instance Count
--------------
Leaf Instance Count             4449 
Physical Instance count            0 
Sequential Instance Count        656 
Combinational Instance Count    3793 
Hierarchical Instance Count        4 

Area
----
Cell Area                          14289.102
Physical Cell Area                 0.000
Total Cell Area (Cell+Physical)    14289.102
Net Area                           5406.108
Total Area (Cell+Physical+Net)     19695.210

Max Fanout                         656 (clk)
Min Fanout                         0 (n_138)
Average Fanout                     2.3
Terms to net ratio                 3.2885
Terms to instance ratio            3.4482
Runtime                            735.759972 seconds
Elapsed Runtime                    752 seconds
Genus peak memory usage            2192.98 
Innovus peak memory usage          no_value 
Hostname                           localhost
