============================================================
  Generated by:           Genus(TM) Synthesis Solution 21.19-s055_1
  Generated on:           May 26 2026  08:47:35 am
  Module:                 multiplier32FP
  Library domain:         worst
    Domain index:         0
    Technology library:   slow_vdd1v0 1.0
  Library domain:         best
    Domain index:         1
    Technology library:   fast_vdd1v2 1.0
  Operating conditions:   PVT_0P9V_125C 
  Operating conditions:   PVT_1P32V_0C 
  Interconnect mode:      global
  Area mode:              physical library
============================================================

     Instance         Module     Cell Count  Cell Area  Net Area   Total Area 
------------------------------------------------------------------------------
multiplier32FP                         4449  14289.102  5406.108    19695.210 
  i_mul_24        mul_24               1607   6945.336  1820.953     8766.289 
  i_post_norm_mul post_norm_mul        2554   6426.180  3134.297     9560.477 
  i_pre_norm_mul  pre_norm_mul           76    248.976    62.757      311.733 
  u_fsm           fpu_fsm                34    112.176    37.137      149.313 
