============================================================
  Generated by:           Genus(TM) Synthesis Solution 21.19-s055_1
  Generated on:           May 26 2026  08:47:35 am
  Module:                 multiplier32FP
  Operating conditions:   PVT_0P9V_125C 
  Operating conditions:   PVT_1P32V_0C 
  Interconnect mode:      global
  Area mode:              physical library
============================================================


Path 1: VIOLATED (-9 ps) Setup Check with Pin i_mul_24/prod2_reg[3][0][23]/CK->D
          Group: clk
     Startpoint: (R) i_mul_24/count_reg[1]/CK
          Clock: (R) clk
       Endpoint: (F) i_mul_24/prod2_reg[3][0][23]/D
          Clock: (R) clk

                     Capture       Launch     
        Clock Edge:+    2710            0     
       Src Latency:+       0            0     
       Net Latency:+     100 (I)      100 (I) 
           Arrival:=    2810          100     
                                              
             Setup:-     215                  
       Uncertainty:-      50                  
     Required Time:=    2545                  
      Launch Clock:-     100                  
         Data Path:-    2454                  
             Slack:=      -9                  

#------------------------------------------------------------------------------------------------------------------
#               Timing Point                Flags   Arc   Edge   Cell     Fanout Load Trans Delay Arrival Instance 
#                                                                                (fF)  (ps)  (ps)   (ps)  Location 
#------------------------------------------------------------------------------------------------------------------
  i_mul_24/count_reg[1]/CK                  -       -     R     (arrival)    656    -     0     0     100    (-,-) 
  i_mul_24/count_reg[1]/Q                   -       CK->Q R     DFFHQX4        1 10.9    70   228     328    (-,-) 
  i_mul_24/fopt6448/Y                       -       A->Y  F     CLKINVX20     24 59.9   107    91     418    (-,-) 
  i_mul_24/g6166__2883/Y                    -       B->Y  R     NOR2BX2        1  3.7   118   120     538    (-,-) 
  i_mul_24/g6130__5115/Y                    -       B0->Y F     AOI21X2        1  5.1   189   111     649    (-,-) 
  i_mul_24/fopt7/Y                          -       A->Y  R     CLKINVX6       3 13.8    86   117     766    (-,-) 
  i_mul_24/mul_194_38_g674__2346/Y          -       B->Y  F     NAND2X6        2  6.3   103   102     868    (-,-) 
  i_mul_24/mul_194_38_g716__9945/Y          -       A->Y  F     CLKAND2X3      1  5.1    61   147    1015    (-,-) 
  i_mul_24/mul_194_38_g647__6260/Y          -       A->Y  R     NOR2X6         1  4.1    60    74    1089    (-,-) 
  i_mul_24/mul_194_38_cdnfadd_005_1__4319/S -       B->S  R     ADDFHX1        1  3.7   100   285    1374    (-,-) 
  i_mul_24/mul_194_38_cdnfadd_005_2__8428/S -       CI->S F     ADDFHX2        2  7.8   138   372    1746    (-,-) 
  i_mul_24/mul_194_38_g629__5115/Y          -       B->Y  F     CLKAND2X3      2  7.5    82   165    1911    (-,-) 
  i_mul_24/mul_194_38_g624__8246/Y          -       A->Y  R     NOR3X8         2  8.4   119   142    2054    (-,-) 
  i_mul_24/mul_194_38_g598__1666/Y          -       B->Y  F     NOR2X8         1  5.8    53    78    2132    (-,-) 
  i_mul_24/mul_194_38_g596__2883/Y          -       B->Y  R     NOR2X8         3 11.2    91    78    2209    (-,-) 
  i_mul_24/mul_194_38_g594__9315/Y          -       B->Y  F     NOR2X8         1  5.8    50    65    2274    (-,-) 
  i_mul_24/mul_194_38_g592__4733/Y          -       B->Y  R     NOR2X8         2  5.8    68    59    2334    (-,-) 
  i_mul_24/fopt6491/Y                       -       A->Y  R     BUFX6          1  4.5    32    98    2432    (-,-) 
  i_mul_24/mul_194_38_g589__1881/Y          -       A1->Y F     OAI21X4        4  8.4   175   122    2554    (-,-) 
  i_mul_24/prod2_reg[3][0][23]/D            <<<     -     F     EDFFHQX1       4    -     -     0    2554    (-,-) 
#------------------------------------------------------------------------------------------------------------------

