============================================================
  Generated by:           Genus(TM) Synthesis Solution 21.19-s055_1
  Generated on:           May 26 2026  08:47:35 am
  Module:                 multiplier32FP
  Operating conditions:   PVT_0P9V_125C 
  Operating conditions:   PVT_1P32V_0C 
  Interconnect mode:      global
  Area mode:              physical library
============================================================

                                                Library 
   Gate     Instances    Area        Library     Domain 
--------------------------------------------------------
ADDFHX1            26    195.624    slow_vdd1v0   worst 
ADDFHX2            46    377.568    slow_vdd1v0   worst 
ADDFX1             33    169.290    slow_vdd1v0   worst 
ADDHX1             11     41.382    slow_vdd1v0   worst 
ADDHX2              2     10.260    slow_vdd1v0   worst 
AND2X1            170    232.560    slow_vdd1v0   worst 
AND2X2             19     32.490    slow_vdd1v0   worst 
AND2X4             17     46.512    slow_vdd1v0   worst 
AND2X6              4     15.048    slow_vdd1v0   worst 
AND2X8              1      4.446    slow_vdd1v0   worst 
AND3X1              3      7.182    slow_vdd1v0   worst 
AND3X4              1      3.078    slow_vdd1v0   worst 
AND3X6              1      4.446    slow_vdd1v0   worst 
AND3XL             15     30.780    slow_vdd1v0   worst 
AND4X1              8     19.152    slow_vdd1v0   worst 
AND4X6              1      5.814    slow_vdd1v0   worst 
AO21X1             46    110.124    slow_vdd1v0   worst 
AO21X2              2      5.472    slow_vdd1v0   worst 
AO21X4              1      3.420    slow_vdd1v0   worst 
AO22X1             50    136.800    slow_vdd1v0   worst 
AO22X4              1      3.762    slow_vdd1v0   worst 
AOI211X1            3      7.182    slow_vdd1v0   worst 
AOI211X2           17     58.140    slow_vdd1v0   worst 
AOI21X1           127    217.170    slow_vdd1v0   worst 
AOI21X2            39    106.704    slow_vdd1v0   worst 
AOI21X4            57    292.410    slow_vdd1v0   worst 
AOI221X2           21     93.366    slow_vdd1v0   worst 
AOI221X4            2     15.732    slow_vdd1v0   worst 
AOI222X2            2     10.944    slow_vdd1v0   worst 
AOI222X4            1      9.576    slow_vdd1v0   worst 
AOI22X1            75    153.900    slow_vdd1v0   worst 
AOI22X2            12     45.144    slow_vdd1v0   worst 
AOI22X4            28    172.368    slow_vdd1v0   worst 
AOI2BB1X1          35     71.820    slow_vdd1v0   worst 
AOI2BB1X2           3      9.234    slow_vdd1v0   worst 
AOI2BB1X4          18     73.872    slow_vdd1v0   worst 
AOI31X2             7     23.940    slow_vdd1v0   worst 
AOI31X4             1      6.498    slow_vdd1v0   worst 
AOI32X4             2     15.732    slow_vdd1v0   worst 
BUFX12              2     10.260    slow_vdd1v0   worst 
BUFX2               2      3.420    slow_vdd1v0   worst 
BUFX3               6     12.312    slow_vdd1v0   worst 
BUFX6              77    237.006    slow_vdd1v0   worst 
BUFX8              37    139.194    slow_vdd1v0   worst 
CLKAND2X12         16    120.384    slow_vdd1v0   worst 
CLKAND2X2          29     59.508    slow_vdd1v0   worst 
CLKAND2X3          29     89.262    slow_vdd1v0   worst 
CLKAND2X4           1      3.420    slow_vdd1v0   worst 
CLKAND2X6          29    138.852    slow_vdd1v0   worst 
CLKAND2X8           1      5.814    slow_vdd1v0   worst 
CLKBUFX12           3     15.390    slow_vdd1v0   worst 
CLKBUFX16           3     20.520    slow_vdd1v0   worst 
CLKBUFX2            1      1.710    slow_vdd1v0   worst 
CLKBUFX6            1      3.078    slow_vdd1v0   worst 
CLKINVX12          31    127.224    slow_vdd1v0   worst 
CLKINVX16          11     60.192    slow_vdd1v0   worst 
CLKINVX2           13     17.784    slow_vdd1v0   worst 
CLKINVX20           3     19.494    slow_vdd1v0   worst 
CLKINVX3           20     34.200    slow_vdd1v0   worst 
CLKINVX4           53     90.630    slow_vdd1v0   worst 
CLKINVX6           61    146.034    slow_vdd1v0   worst 
CLKINVX8           40    123.120    slow_vdd1v0   worst 
CLKMX2X2            3      9.234    slow_vdd1v0   worst 
CLKMX2X3           13     53.352    slow_vdd1v0   worst 
CLKXOR2X1          22     60.192    slow_vdd1v0   worst 
DFFHQX1           188   1028.736    slow_vdd1v0   worst 
DFFHQX2             3     20.520    slow_vdd1v0   worst 
DFFHQX4            13    106.704    slow_vdd1v0   worst 
DFFHQX8            15    138.510    slow_vdd1v0   worst 
DFFQX1              1      5.814    slow_vdd1v0   worst 
DFFQX2             54    350.892    slow_vdd1v0   worst 
DFFQX4              7     50.274    slow_vdd1v0   worst 
DFFQXL             11     60.192    slow_vdd1v0   worst 
DFFRHQX1           39    240.084    slow_vdd1v0   worst 
DFFRHQX4            1      9.576    slow_vdd1v0   worst 
DFFRX1              1      6.840    slow_vdd1v0   worst 
DFFRX2              3     22.572    slow_vdd1v0   worst 
DFFTRXL             1      7.866    slow_vdd1v0   worst 
DFFX1              14    100.548    slow_vdd1v0   worst 
DFFX2               7     57.456    slow_vdd1v0   worst 
DFFX4               9     83.106    slow_vdd1v0   worst 
EDFFHQX1          279   2385.450    slow_vdd1v0   worst 
INVX1             234    160.056    slow_vdd1v0   worst 
INVX16              1      5.472    slow_vdd1v0   worst 
INVX2              64     65.664    slow_vdd1v0   worst 
INVX3              34     46.512    slow_vdd1v0   worst 
INVX4               1      1.710    slow_vdd1v0   worst 
INVX6               5     11.970    slow_vdd1v0   worst 
INVX8               1      3.078    slow_vdd1v0   worst 
INVXL               1      0.684    slow_vdd1v0   worst 
MDFFHQX1            8     68.400    slow_vdd1v0   worst 
MDFFHQX4            2     18.468    slow_vdd1v0   worst 
MX2X1             103    246.582    slow_vdd1v0   worst 
MXI2X1              4     10.944    slow_vdd1v0   worst 
MXI2X2              7     31.122    slow_vdd1v0   worst 
MXI2X4              8     41.040    slow_vdd1v0   worst 
MXI2X6              2     10.260    slow_vdd1v0   worst 
NAND2BX1           22     30.096    slow_vdd1v0   worst 
NAND2BX2           10     23.940    slow_vdd1v0   worst 
NAND2BX4            4     15.048    slow_vdd1v0   worst 
NAND2BXL            1      1.368    slow_vdd1v0   worst 
NAND2X1            76     77.976    slow_vdd1v0   worst 
NAND2X2           102    174.420    slow_vdd1v0   worst 
NAND2X4            62    212.040    slow_vdd1v0   worst 
NAND2X6            28    134.064    slow_vdd1v0   worst 
NAND2X8            17     93.024    slow_vdd1v0   worst 
NAND3BX2            2      6.156    slow_vdd1v0   worst 
NAND3BX4            1      5.130    slow_vdd1v0   worst 
NAND3X2             8     21.888    slow_vdd1v0   worst 
NAND3X4             4     19.152    slow_vdd1v0   worst 
NAND4X6             1      8.550    slow_vdd1v0   worst 
NOR2BX1            82    112.176    slow_vdd1v0   worst 
NOR2BX2            25     68.400    slow_vdd1v0   worst 
NOR2BX4             7     26.334    slow_vdd1v0   worst 
NOR2X1            151    154.926    slow_vdd1v0   worst 
NOR2X2             89    152.190    slow_vdd1v0   worst 
NOR2X4             90    277.020    slow_vdd1v0   worst 
NOR2X6             49    201.096    slow_vdd1v0   worst 
NOR2X8             36    196.992    slow_vdd1v0   worst 
NOR2XL              2      2.052    slow_vdd1v0   worst 
NOR3BX1             2      4.104    slow_vdd1v0   worst 
NOR3BX2             1      3.420    slow_vdd1v0   worst 
NOR3BX4             2     11.628    slow_vdd1v0   worst 
NOR3X1              9     15.390    slow_vdd1v0   worst 
NOR3X2              5     13.680    slow_vdd1v0   worst 
NOR3X4              3     15.390    slow_vdd1v0   worst 
NOR3X6              1      7.182    slow_vdd1v0   worst 
NOR3X8              5     44.460    slow_vdd1v0   worst 
NOR4BBX2            1      5.130    slow_vdd1v0   worst 
NOR4X2             10     34.200    slow_vdd1v0   worst 
NOR4X4              2     12.996    slow_vdd1v0   worst 
OA21X1             87    178.524    slow_vdd1v0   worst 
OA21X2              2      6.156    slow_vdd1v0   worst 
OA21X4              1      3.762    slow_vdd1v0   worst 
OA22X1            156    373.464    slow_vdd1v0   worst 
OAI211X2            1      4.104    slow_vdd1v0   worst 
OAI211X4            2     12.996    slow_vdd1v0   worst 
OAI21X1           101    172.710    slow_vdd1v0   worst 
OAI21X2            34    104.652    slow_vdd1v0   worst 
OAI21X4            38    181.944    slow_vdd1v0   worst 
OAI221X2            4     19.152    slow_vdd1v0   worst 
OAI221X4            1      7.866    slow_vdd1v0   worst 
OAI222X4            1      9.234    slow_vdd1v0   worst 
OAI22X1            55    112.860    slow_vdd1v0   worst 
OAI22X2            11     37.620    slow_vdd1v0   worst 
OAI22XL             1      2.052    slow_vdd1v0   worst 
OAI2BB1X1         150    256.500    slow_vdd1v0   worst 
OAI2BB1X2           5     15.390    slow_vdd1v0   worst 
OAI2BB1X4           1      4.446    slow_vdd1v0   worst 
OAI2BB2X2           3     16.416    slow_vdd1v0   worst 
OAI2BB2X4           3     25.650    slow_vdd1v0   worst 
OAI31X1             1      2.052    slow_vdd1v0   worst 
OAI31X2             8     30.096    slow_vdd1v0   worst 
OAI31X4             2     13.680    slow_vdd1v0   worst 
OAI32X2             2      8.892    slow_vdd1v0   worst 
OR2X1             127    173.736    slow_vdd1v0   worst 
OR2X2              31     53.010    slow_vdd1v0   worst 
OR2X4              17     46.512    slow_vdd1v0   worst 
OR2X6              18     67.716    slow_vdd1v0   worst 
OR2X8               2      8.892    slow_vdd1v0   worst 
OR3X1              46     94.392    slow_vdd1v0   worst 
OR3X2               2      4.788    slow_vdd1v0   worst 
OR3X4               1      3.078    slow_vdd1v0   worst 
OR4X1              29     59.508    slow_vdd1v0   worst 
OR4X2               3     10.260    slow_vdd1v0   worst 
OR4X6               1      5.472    slow_vdd1v0   worst 
XNOR2X1            46    110.124    slow_vdd1v0   worst 
XNOR2X2             8     24.624    slow_vdd1v0   worst 
XOR2X2              1      3.420    slow_vdd1v0   worst 
XOR2X4              1      4.104    slow_vdd1v0   worst 
--------------------------------------------------------
total            4449  14289.102                


                                          
     Type      Instances    Area   Area % 
------------------------------------------
sequential           656  4762.008   33.3 
inverter             573   913.824    6.4 
buffer               132   442.890    3.1 
logic               3088  8170.380   57.2 
physical_cells         0     0.000    0.0 
------------------------------------------
total               4449 14289.102  100.0 

