============================================================
  Generated by:           Genus(TM) Synthesis Solution 21.19-s055_1
  Generated on:           May 26 2026  08:47:35 am
  Module:                 multiplier32FP
  Library domain:         worst
    Domain index:         0
    Technology library:   slow_vdd1v0 1.0
  Library domain:         best
    Domain index:         1
    Technology library:   fast_vdd1v2 1.0
  Operating conditions:   PVT_0P9V_125C 
  Operating conditions:   PVT_1P32V_0C 
  Interconnect mode:      global
  Area mode:              physical library
============================================================

Max_transition design rule (violation total = 386)
Pin                                                              Slew           Max     Violation
---------------------------------------------------------------------------------------------------
i_post_norm_mul/g81774/A0N                                        383           280           103
  --> Other violations on net                                             103
i_post_norm_mul/g81906/Y                                          383           280           103
  --> Other violations on net                                             103
i_mul_24/WALLACE_CSA_DUMMY_OP_groupi893_g848__8246/A              341           280            61
  --> Other violations on net                                             61
i_mul_24/WALLACE_CSA_DUMMY_OP_groupi893_g888__7482/Y              341           280            61
  --> Other violations on net                                             61
i_mul_24/mul_194_38_g6507/B                                       295           280            15
  --> Other violations on net                                             15
i_mul_24/mul_194_38_g628__1881/Y                                  295           280            15
  --> Other violations on net                                             15
i_mul_24/mul_195_46_g634__6161/B                                  282           280             2
  --> Other violations on net                                             5
i_mul_24/mul_195_46_g638/A                                        282           280             2
  --> Other violations on net                                             5
i_mul_24/mul_195_46_g639__2346/Y                                  282           280             2
  --> Other violations on net                                             5
i_mul_24/mul_194_38_g634__9315/B                                  282           280             2
  --> Other violations on net                                             5
i_mul_24/mul_194_38_g638/A                                        282           280             2
  --> Other violations on net                                             5
i_mul_24/mul_194_38_g639__1666/Y                                  282           280             2
  --> Other violations on net                                             5
i_mul_24/mul_197_52_g634__7482/B                                  282           280             2
  --> Other violations on net                                             5
i_mul_24/mul_197_52_g638/A                                        282           280             2
  --> Other violations on net                                             5
i_mul_24/mul_197_52_g639__9945/Y                                  282           280             2
  --> Other violations on net                                             5
i_mul_24/mul_196_46_g634__4733/B                                  282           280             2
  --> Other violations on net                                             5
i_mul_24/mul_196_46_g638/A                                        282           280             2
  --> Other violations on net                                             5
i_mul_24/mul_196_46_g639__2883/Y                                  282           280             2
  --> Other violations on net                                             5
i_mul_24/mul_197_52_g625__2802/B                                  280           280             0
  --> Other violations on net                                             0
i_mul_24/mul_197_52_g628__8246/Y                                  280           280             0
  --> Other violations on net                                             0


Max_capacitance design rule: no violations.


Max_fanout design rule: no constraints.



