============================================================
  Generated by:           Genus(TM) Synthesis Solution 21.19-s055_1
  Generated on:           May 23 2026  05:03:52 pm
  Module:                 multiplier32FP
  Operating conditions:   PVT_0P9V_125C 
  Operating conditions:   PVT_1P32V_0C 
  Interconnect mode:      global
  Area mode:              physical library
============================================================

Timing
--------

Clock Period 
-------------
clk   1333.0 


  Cost    Critical               Violating 
 Group   Path Slack     TNS        Paths   
-------------------------------------------
clk         -1313.6   -411505.5        710 
default    No paths         0.0            
-------------------------------------------
Total                 -411505.5        710 

Instance Count
--------------
Leaf Instance Count             4830 
Physical Instance count            0 
Sequential Instance Count        656 
Combinational Instance Count    4174 
Hierarchical Instance Count        4 

Area
----
Cell Area                          18425.592
Physical Cell Area                 0.000
Total Cell Area (Cell+Physical)    18425.592
Net Area                           5751.216
Total Area (Cell+Physical+Net)     24176.808

Max Fanout                         656 (clk)
Min Fanout                         0 (n_215)
Average Fanout                     2.2
Terms to net ratio                 3.1892
Terms to instance ratio            3.3741
Runtime                            793.5308269999999 seconds
Elapsed Runtime                    796 seconds
Genus peak memory usage            2205.25 
Innovus peak memory usage          no_value 
Hostname                           localhost
