============================================================
  Generated by:           Genus(TM) Synthesis Solution 21.19-s055_1
  Generated on:           May 23 2026  05:03:52 pm
  Module:                 multiplier32FP
  Operating conditions:   PVT_0P9V_125C 
  Operating conditions:   PVT_1P32V_0C 
  Interconnect mode:      global
  Area mode:              physical library
============================================================

                                                Library 
   Gate     Instances    Area        Library     Domain 
--------------------------------------------------------
ADDFHX1            20    150.480    slow_vdd1v0   worst 
ADDFHX2            67    549.936    slow_vdd1v0   worst 
ADDFX1             11     56.430    slow_vdd1v0   worst 
ADDHX1              5     18.810    slow_vdd1v0   worst 
ADDHX2             17     87.210    slow_vdd1v0   worst 
ADDHX4              1      7.182    slow_vdd1v0   worst 
AND2X1            134    183.312    slow_vdd1v0   worst 
AND2X2             15     25.650    slow_vdd1v0   worst 
AND2X4             21     57.456    slow_vdd1v0   worst 
AND2X6             26     97.812    slow_vdd1v0   worst 
AND2X8              1      4.446    slow_vdd1v0   worst 
AND3X1              1      2.394    slow_vdd1v0   worst 
AND3X4              1      3.078    slow_vdd1v0   worst 
AND3X6              1      4.446    slow_vdd1v0   worst 
AND3XL              2      4.104    slow_vdd1v0   worst 
AO21X1             18     43.092    slow_vdd1v0   worst 
AO21X2              4     10.944    slow_vdd1v0   worst 
AO21X4              3     10.260    slow_vdd1v0   worst 
AO22X1             31     84.816    slow_vdd1v0   worst 
AO22X2              1      3.078    slow_vdd1v0   worst 
AO22X4              1      3.762    slow_vdd1v0   worst 
AOI211X1            1      2.394    slow_vdd1v0   worst 
AOI211X2            3     10.260    slow_vdd1v0   worst 
AOI211X4           17    110.466    slow_vdd1v0   worst 
AOI21X1            18     30.780    slow_vdd1v0   worst 
AOI21X2            95    259.920    slow_vdd1v0   worst 
AOI21X4            84    430.920    slow_vdd1v0   worst 
AOI221X2           11     48.906    slow_vdd1v0   worst 
AOI221X4           32    251.712    slow_vdd1v0   worst 
AOI222X2            2     10.944    slow_vdd1v0   worst 
AOI22X1             9     18.468    slow_vdd1v0   worst 
AOI22X2            80    300.960    slow_vdd1v0   worst 
AOI22X4            32    196.992    slow_vdd1v0   worst 
AOI2BB1X1          14     28.728    slow_vdd1v0   worst 
AOI2BB1X2          61    187.758    slow_vdd1v0   worst 
AOI2BB1X4          79    324.216    slow_vdd1v0   worst 
AOI2BB2X2          11     56.430    slow_vdd1v0   worst 
AOI2BB2X4          20    150.480    slow_vdd1v0   worst 
AOI31X2             7     23.940    slow_vdd1v0   worst 
AOI31X4             2     12.996    slow_vdd1v0   worst 
AOI32X2             1      4.446    slow_vdd1v0   worst 
AOI32X4             1      7.866    slow_vdd1v0   worst 
BUFX12              2     10.260    slow_vdd1v0   worst 
BUFX3               3      6.156    slow_vdd1v0   worst 
BUFX6              49    150.822    slow_vdd1v0   worst 
BUFX8              37    139.194    slow_vdd1v0   worst 
CLKAND2X12         21    158.004    slow_vdd1v0   worst 
CLKAND2X2          75    153.900    slow_vdd1v0   worst 
CLKAND2X3          72    221.616    slow_vdd1v0   worst 
CLKAND2X4          13     44.460    slow_vdd1v0   worst 
CLKAND2X6          99    474.012    slow_vdd1v0   worst 
CLKAND2X8           5     29.070    slow_vdd1v0   worst 
CLKBUFX12           1      5.130    slow_vdd1v0   worst 
CLKBUFX16           6     41.040    slow_vdd1v0   worst 
CLKBUFX3            6     12.312    slow_vdd1v0   worst 
CLKBUFX4            4      9.576    slow_vdd1v0   worst 
CLKINVX12          35    143.640    slow_vdd1v0   worst 
CLKINVX16           9     49.248    slow_vdd1v0   worst 
CLKINVX2            1      1.368    slow_vdd1v0   worst 
CLKINVX20           5     32.490    slow_vdd1v0   worst 
CLKINVX3           10     17.100    slow_vdd1v0   worst 
CLKINVX4           94    160.740    slow_vdd1v0   worst 
CLKINVX6           52    124.488    slow_vdd1v0   worst 
CLKINVX8           48    147.744    slow_vdd1v0   worst 
CLKMX2X2            3      9.234    slow_vdd1v0   worst 
CLKMX2X3           32    131.328    slow_vdd1v0   worst 
CLKXOR2X1          24     65.664    slow_vdd1v0   worst 
CLKXOR2X2           3     10.260    slow_vdd1v0   worst 
DFFHQX1           137    749.664    slow_vdd1v0   worst 
DFFHQX2             4     27.360    slow_vdd1v0   worst 
DFFHQX4            44    361.152    slow_vdd1v0   worst 
DFFHQX8             8     73.872    slow_vdd1v0   worst 
DFFQX1              2     11.628    slow_vdd1v0   worst 
DFFQX2             16    103.968    slow_vdd1v0   worst 
DFFQXL             13     71.136    slow_vdd1v0   worst 
DFFRHQX1           40    246.240    slow_vdd1v0   worst 
DFFRX2              6     45.144    slow_vdd1v0   worst 
DFFX1              19    136.458    slow_vdd1v0   worst 
DFFX2              11     90.288    slow_vdd1v0   worst 
DFFX4              67    618.678    slow_vdd1v0   worst 
EDFFHQX1          165   1410.750    slow_vdd1v0   worst 
EDFFHQX2            2     17.784    slow_vdd1v0   worst 
EDFFHQX8            2     23.256    slow_vdd1v0   worst 
INVX1              99     67.716    slow_vdd1v0   worst 
INVX12              4     16.416    slow_vdd1v0   worst 
INVX16              2     10.944    slow_vdd1v0   worst 
INVX2             104    106.704    slow_vdd1v0   worst 
INVX20              1      6.498    slow_vdd1v0   worst 
INVX3              65     88.920    slow_vdd1v0   worst 
INVX4               7     11.970    slow_vdd1v0   worst 
INVX6              10     23.940    slow_vdd1v0   worst 
INVX8               7     21.546    slow_vdd1v0   worst 
INVXL               1      0.684    slow_vdd1v0   worst 
MDFFHQX1           38    324.900    slow_vdd1v0   worst 
MDFFHQX2            1      9.234    slow_vdd1v0   worst 
MDFFHQX4           80    738.720    slow_vdd1v0   worst 
MDFFHQX8            1     11.286    slow_vdd1v0   worst 
MX2X1              10     23.940    slow_vdd1v0   worst 
MXI2X1              1      2.736    slow_vdd1v0   worst 
MXI2X2              6     26.676    slow_vdd1v0   worst 
MXI2X4             14     71.820    slow_vdd1v0   worst 
MXI2X6              2     10.260    slow_vdd1v0   worst 
NAND2BX1            7      9.576    slow_vdd1v0   worst 
NAND2BX2           18     43.092    slow_vdd1v0   worst 
NAND2BX4           17     63.954    slow_vdd1v0   worst 
NAND2X1           101    103.626    slow_vdd1v0   worst 
NAND2X2           151    258.210    slow_vdd1v0   worst 
NAND2X4           186    636.120    slow_vdd1v0   worst 
NAND2X6            73    349.524    slow_vdd1v0   worst 
NAND2X8            28    153.216    slow_vdd1v0   worst 
NAND3BX2            2      6.156    slow_vdd1v0   worst 
NAND3X2             5     13.680    slow_vdd1v0   worst 
NAND3X4            22    105.336    slow_vdd1v0   worst 
NAND3X6             5     35.910    slow_vdd1v0   worst 
NAND4X8             2     20.520    slow_vdd1v0   worst 
NOR2BX1            36     49.248    slow_vdd1v0   worst 
NOR2BX2            25     68.400    slow_vdd1v0   worst 
NOR2BX4            14     52.668    slow_vdd1v0   worst 
NOR2X1             84     86.184    slow_vdd1v0   worst 
NOR2X2            225    384.750    slow_vdd1v0   worst 
NOR2X4            323    994.194    slow_vdd1v0   worst 
NOR2X6            119    488.376    slow_vdd1v0   worst 
NOR2X8             55    300.960    slow_vdd1v0   worst 
NOR3BX2             5     17.100    slow_vdd1v0   worst 
NOR3BX4             2     11.628    slow_vdd1v0   worst 
NOR3X1              4      6.840    slow_vdd1v0   worst 
NOR3X2             17     46.512    slow_vdd1v0   worst 
NOR3X4             19     97.470    slow_vdd1v0   worst 
NOR3X6              7     50.274    slow_vdd1v0   worst 
NOR3X8              2     17.784    slow_vdd1v0   worst 
NOR4X2              4     13.680    slow_vdd1v0   worst 
OA21X1             22     45.144    slow_vdd1v0   worst 
OA21X2              2      6.156    slow_vdd1v0   worst 
OA21X4              6     22.572    slow_vdd1v0   worst 
OA22X1              8     19.152    slow_vdd1v0   worst 
OA22X2              1      3.420    slow_vdd1v0   worst 
OAI211X2            4     16.416    slow_vdd1v0   worst 
OAI211X4           15     97.470    slow_vdd1v0   worst 
OAI21X1            16     27.360    slow_vdd1v0   worst 
OAI21X2            77    237.006    slow_vdd1v0   worst 
OAI21X4           127    608.076    slow_vdd1v0   worst 
OAI221X4            1      7.866    slow_vdd1v0   worst 
OAI22X1             5     10.260    slow_vdd1v0   worst 
OAI22X2            25     85.500    slow_vdd1v0   worst 
OAI22X4            21    136.458    slow_vdd1v0   worst 
OAI2BB1X1          16     27.360    slow_vdd1v0   worst 
OAI2BB1X2          33    101.574    slow_vdd1v0   worst 
OAI2BB1X4          40    177.840    slow_vdd1v0   worst 
OAI2BB2X4           7     59.850    slow_vdd1v0   worst 
OAI31X1             1      2.052    slow_vdd1v0   worst 
OAI31X2             5     18.810    slow_vdd1v0   worst 
OAI31X4             4     27.360    slow_vdd1v0   worst 
OR2X1              60     82.080    slow_vdd1v0   worst 
OR2X2               6     10.260    slow_vdd1v0   worst 
OR2X4              13     35.568    slow_vdd1v0   worst 
OR2X6              19     71.478    slow_vdd1v0   worst 
OR2X8               2      8.892    slow_vdd1v0   worst 
OR3X1              10     20.520    slow_vdd1v0   worst 
OR3X2               2      4.788    slow_vdd1v0   worst 
OR3X4               1      3.078    slow_vdd1v0   worst 
OR3X6               1      4.788    slow_vdd1v0   worst 
OR4X1               9     18.468    slow_vdd1v0   worst 
OR4X6               1      5.472    slow_vdd1v0   worst 
XNOR2X1            30     71.820    slow_vdd1v0   worst 
XNOR2X2            13     40.014    slow_vdd1v0   worst 
XNOR2X4             6     22.572    slow_vdd1v0   worst 
XOR2X1              1      2.736    slow_vdd1v0   worst 
XOR2X2              2      6.840    slow_vdd1v0   worst 
XOR2X4              1      4.104    slow_vdd1v0   worst 
--------------------------------------------------------
total            4830  18425.592                


                                          
     Type      Instances    Area   Area % 
------------------------------------------
sequential           656  5071.518   27.5 
inverter             554  1032.156    5.6 
buffer               108   374.490    2.0 
logic               3512 11947.428   64.8 
physical_cells         0     0.000    0.0 
------------------------------------------
total               4830 18425.592  100.0 

