============================================================
  Generated by:           Genus(TM) Synthesis Solution 21.19-s055_1
  Generated on:           May 22 2026  04:50:03 pm
  Module:                 multiplier32FP
  Library domain:         worst
    Domain index:         0
    Technology library:   slow_vdd1v0 1.0
  Library domain:         best
    Domain index:         1
    Technology library:   fast_vdd1v2 1.0
  Operating conditions:   PVT_0P9V_125C 
  Operating conditions:   PVT_1P32V_0C 
  Interconnect mode:      global
  Area mode:              physical library
============================================================

     Instance         Module     Cell Count  Cell Area  Net Area   Total Area 
------------------------------------------------------------------------------
multiplier32FP                         4077  12548.664  5186.305    17734.969 
  i_mul_24        mul_24               1429   5979.870  1671.871     7651.741 
  i_post_norm_mul post_norm_mul        2388   5741.496  3088.227     8829.723 
  i_pre_norm_mul  pre_norm_mul           52    179.550    42.155      221.705 
  u_fsm           fpu_fsm                34    112.176    37.137      149.313 
