============================================================
  Generated by:           Genus(TM) Synthesis Solution 21.19-s055_1
  Generated on:           May 22 2026  04:50:03 pm
  Module:                 multiplier32FP
  Library domain:         worst
    Domain index:         0
    Technology library:   slow_vdd1v0 1.0
  Library domain:         best
    Domain index:         1
    Technology library:   fast_vdd1v2 1.0
  Operating conditions:   PVT_0P9V_125C 
  Operating conditions:   PVT_1P32V_0C 
  Interconnect mode:      global
  Area mode:              physical library
============================================================

     Instance         Module     Cell Count  Normalized Cell Area  Normalized Net Area   Normalized Total Area 
---------------------------------------------------------------------------------------------------------------
multiplier32FP                         4077             12230.667             5054.878               17285.544 
  i_mul_24        mul_24               1429              5828.333             1629.504                7457.837 
  i_post_norm_mul post_norm_mul        2388              5596.000             3009.968                8605.968 
  i_pre_norm_mul  pre_norm_mul           52               175.000               41.087                 216.087 
  u_fsm           fpu_fsm                34               109.333               36.196                 145.530 
