============================================================
  Generated by:           Genus(TM) Synthesis Solution 21.19-s055_1
  Generated on:           Jun 08 2026  05:18:08 pm
  Module:                 multiplier32FP
  Library domain:         worst
    Domain index:         0
    Technology library:   slow_vdd1v0 1.0
  Library domain:         best
    Domain index:         1
    Technology library:   fast_vdd1v2 1.0
  Operating conditions:   PVT_0P9V_125C 
  Operating conditions:   PVT_1P32V_0C 
  Interconnect mode:      global
  Area mode:              physical library
============================================================

     Instance         Module     Cell Count  Normalized Cell Area  Normalized Net Area   Normalized Total Area 
---------------------------------------------------------------------------------------------------------------
multiplier32FP                         4821             18072.667             5562.035               23634.701 
  i_mul_24        mul_24               1803              7827.000             1988.133                9815.133 
  i_post_norm_mul post_norm_mul        2650              9072.000             3054.963               12126.963 
  i_pre_norm_mul  pre_norm_mul          110               332.333               92.288                 424.621 
  u_fsm           fpu_fsm                32               110.667               32.306                 142.973 
