============================================================
  Generated by:           Genus(TM) Synthesis Solution 21.19-s055_1
  Generated on:           Jun 08 2026  05:18:08 pm
  Module:                 multiplier32FP
  Operating conditions:   PVT_0P9V_125C 
  Operating conditions:   PVT_1P32V_0C 
  Interconnect mode:      global
  Area mode:              physical library
============================================================

                                                Library 
   Gate     Instances    Area        Library     Domain 
--------------------------------------------------------
ADDFHX1            25    188.100    slow_vdd1v0   worst 
ADDFHX2            64    525.312    slow_vdd1v0   worst 
ADDFX1              9     46.170    slow_vdd1v0   worst 
ADDHX1              4     15.048    slow_vdd1v0   worst 
ADDHX2              4     20.520    slow_vdd1v0   worst 
ADDHX4              2     14.364    slow_vdd1v0   worst 
AND2X1             92    125.856    slow_vdd1v0   worst 
AND2X2             29     49.590    slow_vdd1v0   worst 
AND2X4             29     79.344    slow_vdd1v0   worst 
AND2X6             27    101.574    slow_vdd1v0   worst 
AND2X8              2      8.892    slow_vdd1v0   worst 
AND3X4              1      3.078    slow_vdd1v0   worst 
AND3X6              1      4.446    slow_vdd1v0   worst 
AND3XL              2      4.104    slow_vdd1v0   worst 
AO21X1             15     35.910    slow_vdd1v0   worst 
AO21X2              2      5.472    slow_vdd1v0   worst 
AO21X4              6     20.520    slow_vdd1v0   worst 
AO22X1             26     71.136    slow_vdd1v0   worst 
AO22X4              4     15.048    slow_vdd1v0   worst 
AOI211X1            1      2.394    slow_vdd1v0   worst 
AOI211X2            5     17.100    slow_vdd1v0   worst 
AOI211X4           20    129.960    slow_vdd1v0   worst 
AOI21X1            51     87.210    slow_vdd1v0   worst 
AOI21X2            88    240.768    slow_vdd1v0   worst 
AOI21X4            96    492.480    slow_vdd1v0   worst 
AOI221X2            9     40.014    slow_vdd1v0   worst 
AOI221X4           24    188.784    slow_vdd1v0   worst 
AOI222X2            8     43.776    slow_vdd1v0   worst 
AOI222X4            1      9.576    slow_vdd1v0   worst 
AOI22X1            15     30.780    slow_vdd1v0   worst 
AOI22X2            61    229.482    slow_vdd1v0   worst 
AOI22X4            41    252.396    slow_vdd1v0   worst 
AOI2BB1X1          11     22.572    slow_vdd1v0   worst 
AOI2BB1X2          51    156.978    slow_vdd1v0   worst 
AOI2BB1X4          82    336.528    slow_vdd1v0   worst 
AOI2BB2X1           2      6.840    slow_vdd1v0   worst 
AOI2BB2X2          17     87.210    slow_vdd1v0   worst 
AOI2BB2X4          26    195.624    slow_vdd1v0   worst 
AOI31X2             8     27.360    slow_vdd1v0   worst 
AOI31X4             1      6.498    slow_vdd1v0   worst 
AOI32X4             1      7.866    slow_vdd1v0   worst 
BUFX12              1      5.130    slow_vdd1v0   worst 
BUFX3               1      2.052    slow_vdd1v0   worst 
BUFX6              33    101.574    slow_vdd1v0   worst 
BUFX8              38    142.956    slow_vdd1v0   worst 
CLKAND2X12         29    218.196    slow_vdd1v0   worst 
CLKAND2X2          59    121.068    slow_vdd1v0   worst 
CLKAND2X3          85    261.630    slow_vdd1v0   worst 
CLKAND2X4           5     17.100    slow_vdd1v0   worst 
CLKAND2X6         107    512.316    slow_vdd1v0   worst 
CLKAND2X8           2     11.628    slow_vdd1v0   worst 
CLKBUFX12           5     25.650    slow_vdd1v0   worst 
CLKBUFX16           2     13.680    slow_vdd1v0   worst 
CLKBUFX20           1      8.208    slow_vdd1v0   worst 
CLKBUFX3            1      2.052    slow_vdd1v0   worst 
CLKBUFX4            3      7.182    slow_vdd1v0   worst 
CLKBUFX6            1      3.078    slow_vdd1v0   worst 
CLKBUFX8            2      7.524    slow_vdd1v0   worst 
CLKINVX12          39    160.056    slow_vdd1v0   worst 
CLKINVX16          11     60.192    slow_vdd1v0   worst 
CLKINVX2            5      6.840    slow_vdd1v0   worst 
CLKINVX20           1      6.498    slow_vdd1v0   worst 
CLKINVX3            9     15.390    slow_vdd1v0   worst 
CLKINVX4          109    186.390    slow_vdd1v0   worst 
CLKINVX6           77    184.338    slow_vdd1v0   worst 
CLKINVX8           52    160.056    slow_vdd1v0   worst 
CLKMX2X2            9     27.702    slow_vdd1v0   worst 
CLKMX2X3           36    147.744    slow_vdd1v0   worst 
CLKXOR2X1          26     71.136    slow_vdd1v0   worst 
CLKXOR2X2           4     13.680    slow_vdd1v0   worst 
DFFHQX1           126    689.472    slow_vdd1v0   worst 
DFFHQX2            15    102.600    slow_vdd1v0   worst 
DFFHQX4            57    467.856    slow_vdd1v0   worst 
DFFHQX8            60    554.040    slow_vdd1v0   worst 
DFFQX1              3     17.442    slow_vdd1v0   worst 
DFFQX2             15     97.470    slow_vdd1v0   worst 
DFFQX4              2     14.364    slow_vdd1v0   worst 
DFFQXL             18     98.496    slow_vdd1v0   worst 
DFFRHQX1           41    252.396    slow_vdd1v0   worst 
DFFRHQX4            1      9.576    slow_vdd1v0   worst 
DFFRX1              1      6.840    slow_vdd1v0   worst 
DFFRX2              4     30.096    slow_vdd1v0   worst 
DFFSHQX4            1      9.576    slow_vdd1v0   worst 
DFFX1              22    158.004    slow_vdd1v0   worst 
DFFX2               1      8.208    slow_vdd1v0   worst 
EDFFHQX1          185   1581.750    slow_vdd1v0   worst 
EDFFHQX2            3     26.676    slow_vdd1v0   worst 
EDFFHQX4            2     21.204    slow_vdd1v0   worst 
EDFFHQX8            1     11.628    slow_vdd1v0   worst 
EDFFX4              1     10.944    slow_vdd1v0   worst 
INVX1             111     75.924    slow_vdd1v0   worst 
INVX12              3     12.312    slow_vdd1v0   worst 
INVX16              1      5.472    slow_vdd1v0   worst 
INVX2             114    116.964    slow_vdd1v0   worst 
INVX3              73     99.864    slow_vdd1v0   worst 
INVX4              10     17.100    slow_vdd1v0   worst 
INVX6               4      9.576    slow_vdd1v0   worst 
INVX8               6     18.468    slow_vdd1v0   worst 
INVXL               1      0.684    slow_vdd1v0   worst 
MDFFHQX1           19    162.450    slow_vdd1v0   worst 
MDFFHQX4           77    711.018    slow_vdd1v0   worst 
MDFFHQX8            1     11.286    slow_vdd1v0   worst 
MX2X1               4      9.576    slow_vdd1v0   worst 
MXI2X1              2      5.472    slow_vdd1v0   worst 
MXI2X2              4     17.784    slow_vdd1v0   worst 
MXI2X4             16     82.080    slow_vdd1v0   worst 
MXI2X6              1      5.130    slow_vdd1v0   worst 
NAND2BX1            6      8.208    slow_vdd1v0   worst 
NAND2BX2           23     55.062    slow_vdd1v0   worst 
NAND2BX4           17     63.954    slow_vdd1v0   worst 
NAND2X1            65     66.690    slow_vdd1v0   worst 
NAND2X2           121    206.910    slow_vdd1v0   worst 
NAND2X4           200    684.000    slow_vdd1v0   worst 
NAND2X6            78    373.464    slow_vdd1v0   worst 
NAND2X8            22    120.384    slow_vdd1v0   worst 
NAND3BX2            1      3.078    slow_vdd1v0   worst 
NAND3BX4            1      5.130    slow_vdd1v0   worst 
NAND3X2             9     24.624    slow_vdd1v0   worst 
NAND3X4            21    100.548    slow_vdd1v0   worst 
NAND3X6             7     50.274    slow_vdd1v0   worst 
NAND3X8             1      8.208    slow_vdd1v0   worst 
NAND4X8             2     20.520    slow_vdd1v0   worst 
NOR2BX1            28     38.304    slow_vdd1v0   worst 
NOR2BX2            30     82.080    slow_vdd1v0   worst 
NOR2BX4             6     22.572    slow_vdd1v0   worst 
NOR2X1             86     88.236    slow_vdd1v0   worst 
NOR2X2            216    369.360    slow_vdd1v0   worst 
NOR2X4            306    941.868    slow_vdd1v0   worst 
NOR2X6            133    545.832    slow_vdd1v0   worst 
NOR2X8             51    279.072    slow_vdd1v0   worst 
NOR2XL              1      1.026    slow_vdd1v0   worst 
NOR3BX2             3     10.260    slow_vdd1v0   worst 
NOR3BX4             1      5.814    slow_vdd1v0   worst 
NOR3X1              4      6.840    slow_vdd1v0   worst 
NOR3X2             10     27.360    slow_vdd1v0   worst 
NOR3X4             19     97.470    slow_vdd1v0   worst 
NOR3X6             11     79.002    slow_vdd1v0   worst 
NOR3X8              3     26.676    slow_vdd1v0   worst 
NOR4X2              2      6.840    slow_vdd1v0   worst 
OA21X1             17     34.884    slow_vdd1v0   worst 
OA21X2              1      3.078    slow_vdd1v0   worst 
OA22X1              9     21.546    slow_vdd1v0   worst 
OAI211X2            4     16.416    slow_vdd1v0   worst 
OAI211X4           18    116.964    slow_vdd1v0   worst 
OAI21X1            15     25.650    slow_vdd1v0   worst 
OAI21X2            99    304.722    slow_vdd1v0   worst 
OAI21X4           105    502.740    slow_vdd1v0   worst 
OAI221X4            2     15.732    slow_vdd1v0   worst 
OAI22X1             7     14.364    slow_vdd1v0   worst 
OAI22X2            21     71.820    slow_vdd1v0   worst 
OAI22X4            28    181.944    slow_vdd1v0   worst 
OAI2BB1X1          21     35.910    slow_vdd1v0   worst 
OAI2BB1X2          33    101.574    slow_vdd1v0   worst 
OAI2BB1X4          47    208.962    slow_vdd1v0   worst 
OAI2BB2X4           7     59.850    slow_vdd1v0   worst 
OAI31X2             4     15.048    slow_vdd1v0   worst 
OAI31X4             4     27.360    slow_vdd1v0   worst 
OR2X1              68     93.024    slow_vdd1v0   worst 
OR2X2               4      6.840    slow_vdd1v0   worst 
OR2X4              14     38.304    slow_vdd1v0   worst 
OR2X6              20     75.240    slow_vdd1v0   worst 
OR3X1               8     16.416    slow_vdd1v0   worst 
OR3X6               1      4.788    slow_vdd1v0   worst 
OR4X1              11     22.572    slow_vdd1v0   worst 
OR4X4               1      3.762    slow_vdd1v0   worst 
XNOR2X1            29     69.426    slow_vdd1v0   worst 
XNOR2X2            10     30.780    slow_vdd1v0   worst 
XNOR2X4             5     18.810    slow_vdd1v0   worst 
XOR2X2              2      6.840    slow_vdd1v0   worst 
--------------------------------------------------------
total            4821  18542.556                


                                          
     Type      Instances    Area   Area % 
------------------------------------------
sequential           656  5053.392   27.3 
inverter             626  1136.124    6.1 
buffer                88   319.086    1.7 
logic               3451 12033.954   64.9 
physical_cells         0     0.000    0.0 
------------------------------------------
total               4821 18542.556  100.0 

