============================================================
  Generated by:           Genus(TM) Synthesis Solution 21.19-s055_1
  Generated on:           Jun 08 2026  05:18:08 pm
  Module:                 multiplier32FP
  Library domain:         worst
    Domain index:         0
    Technology library:   slow_vdd1v0 1.0
  Library domain:         best
    Domain index:         1
    Technology library:   fast_vdd1v2 1.0
  Operating conditions:   PVT_0P9V_125C 
  Operating conditions:   PVT_1P32V_0C 
  Interconnect mode:      global
  Area mode:              physical library
============================================================

Max_transition design rule (violation total = 82)
Pin                                                               Slew           Max     Violation
----------------------------------------------------------------------------------------------------
i_post_norm_mul/g104686/A0                                         309           280            29
  --> Other violations on net                                              29
i_post_norm_mul/g104785/Y                                          309           280            29
  --> Other violations on net                                              29
i_mul_24/WALLACE_CSA_DUMMY_OP_groupi893_g969__7482/B               283           280             3
  --> Other violations on net                                              13
i_mul_24/WALLACE_CSA_DUMMY_OP_groupi893_g3__2802/A1N               283           280             3
  --> Other violations on net                                              13
i_mul_24/WALLACE_CSA_DUMMY_OP_groupi893_g1037__5122/B              283           280             3
  --> Other violations on net                                              13
i_mul_24/WALLACE_CSA_DUMMY_OP_groupi893_g940__2398/B0              283           280             3
  --> Other violations on net                                              13
i_mul_24/WALLACE_CSA_DUMMY_OP_groupi893_g1003__1881/Y              283           280             3
  --> Other violations on net                                              13
i_post_norm_mul/g103271/B                                          283           280             3
  --> Other violations on net                                              3
i_post_norm_mul/g103278/Y                                          283           280             3
  --> Other violations on net                                              3
i_post_norm_mul/g103474/A0                                         280           280             0
  --> Other violations on net                                              2
i_post_norm_mul/g103436/A0                                         280           280             0
  --> Other violations on net                                              2
i_post_norm_mul/g103481/A0                                         280           280             0
  --> Other violations on net                                              2
i_post_norm_mul/g103860/Y                                          280           280             0
  --> Other violations on net                                              2
i_post_norm_mul/g103220/A0N                                        280           280             0
  --> Other violations on net                                              0
i_post_norm_mul/g103353/Y                                          280           280             0
  --> Other violations on net                                              0


Max_capacitance design rule: no violations.


Max_fanout design rule: no constraints.



