============================================================
  Generated by:           Genus(TM) Synthesis Solution 21.19-s055_1
  Generated on:           Jun 08 2026  05:18:08 pm
  Module:                 multiplier32FP
  Library domain:         worst
    Domain index:         0
    Technology library:   slow_vdd1v0 1.0
  Library domain:         best
    Domain index:         1
    Technology library:   fast_vdd1v2 1.0
  Operating conditions:   PVT_0P9V_125C 
  Operating conditions:   PVT_1P32V_0C 
  Interconnect mode:      global
  Area mode:              physical library
============================================================

     Instance         Module     Cell Count  Cell Area  Net Area   Total Area 
------------------------------------------------------------------------------
multiplier32FP                         4821  18542.556  5706.647    24249.203 
  i_mul_24        mul_24               1803   8030.502  2039.825    10070.327 
  i_post_norm_mul post_norm_mul        2650   9307.872  3134.392    12442.264 
  i_pre_norm_mul  pre_norm_mul          110    340.974    94.687      435.661 
  u_fsm           fpu_fsm                32    113.544    33.146      146.690 
