============================================================
  Generated by:           Genus(TM) Synthesis Solution 21.19-s055_1
  Generated on:           Jun 08 2026  05:18:08 pm
  Module:                 multiplier32FP
  Operating conditions:   PVT_0P9V_125C 
  Operating conditions:   PVT_1P32V_0C 
  Interconnect mode:      global
  Area mode:              physical library
============================================================

Timing
--------

Clock Period 
-------------
clk   1292.0 


  Cost    Critical               Violating 
 Group   Path Slack     TNS        Paths   
-------------------------------------------
clk         -1365.1   -414903.4        748 
default    No paths         0.0            
-------------------------------------------
Total                 -414903.4        748 

Instance Count
--------------
Leaf Instance Count             4821 
Physical Instance count            0 
Sequential Instance Count        656 
Combinational Instance Count    4165 
Hierarchical Instance Count        4 

Area
----
Cell Area                          18542.556
Physical Cell Area                 0.000
Total Cell Area (Cell+Physical)    18542.556
Net Area                           5706.647
Total Area (Cell+Physical+Net)     24249.203

Max Fanout                         656 (clk)
Min Fanout                         0 (n_186)
Average Fanout                     2.2
Terms to net ratio                 3.2175
Terms to instance ratio            3.3537
Runtime                            800.0347110000002 seconds
Elapsed Runtime                    803 seconds
Genus peak memory usage            1917.63 
Innovus peak memory usage          no_value 
Hostname                           localhost
