============================================================
  Generated by:           Genus(TM) Synthesis Solution 21.19-s055_1
  Generated on:           Jun 08 2026  05:18:08 pm
  Module:                 multiplier32FP
  Operating conditions:   PVT_0P9V_125C 
  Operating conditions:   PVT_1P32V_0C 
  Interconnect mode:      global
  Area mode:              physical library
============================================================


Path 1: VIOLATED (-1365 ps) Setup Check with Pin i_mul_24/prod2_reg[3][3][9]/CK->D1
          Group: clk
     Startpoint: (R) i_mul_24/count_reg[0]/CK
          Clock: (R) clk
       Endpoint: (R) i_mul_24/prod2_reg[3][3][9]/D1
          Clock: (R) clk

                     Capture       Launch     
        Clock Edge:+    1292            0     
       Src Latency:+       0            0     
       Net Latency:+     100 (I)      100 (I) 
           Arrival:=    1392          100     
                                              
             Setup:-     224                  
       Uncertainty:-      50                  
     Required Time:=    1118                  
      Launch Clock:-     100                  
         Data Path:-    2383                  
             Slack:=   -1365                  

#-------------------------------------------------------------------------------------------------------------
#            Timing Point              Flags   Arc   Edge   Cell     Fanout Load Trans Delay Arrival Instance 
#                                                                           (fF)  (ps)  (ps)   (ps)  Location 
#-------------------------------------------------------------------------------------------------------------
  i_mul_24/count_reg[0]/CK             -       -     R     (arrival)    656    -     0     0     100    (-,-) 
  i_mul_24/count_reg[0]/Q              -       CK->Q F     DFFHQX4        1  4.3    44   235     335    (-,-) 
  i_mul_24/fopt32/Y                    -       A->Y  F     CLKBUFX16     10 25.0    66   106     440    (-,-) 
  i_mul_24/fopt5/Y                     -       A->Y  F     CLKBUFX16      7 18.8    56   110     551    (-,-) 
  i_mul_24/g8767__5526/Y               -       S0->Y R     CLKMX2X3       3  8.6    90   226     777    (-,-) 
  i_mul_24/mul_197_52_g3206/Y          -       B->Y  R     CLKAND2X6      1  4.0    34   120     897    (-,-) 
  i_mul_24/mul_197_52_cdnfadd_006_0/CO -       B->CO R     ADDFHX2        1  3.7    75   218    1114    (-,-) 
  i_mul_24/mul_197_52_cdnfadd_007_1/S  -       CI->S F     ADDFHX1        1  3.7   115   302    1416    (-,-) 
  i_mul_24/mul_197_52_cdnfadd_007_2/S  -       CI->S R     ADDFHX2        2  9.2   136   395    1811    (-,-) 
  i_mul_24/mul_197_52_g3147/Y          -       B->Y  F     NAND2X4        3  8.9   171   162    1973    (-,-) 
  i_mul_24/mul_197_52_g3124/Y          -       B0->Y R     OAI21X4        1  6.1   107   108    2081    (-,-) 
  i_mul_24/mul_197_52_g3119/Y          -       A->Y  F     NOR2X8         2  6.4    55    82    2164    (-,-) 
  i_mul_24/mul_197_52_g3114/Y          -       A1->Y R     OAI21X4        1  3.3    75    76    2240    (-,-) 
  i_mul_24/mul_197_52_g3111/Y          -       S0->Y R     MXI2X4         4  8.8    64   243    2483    (-,-) 
  i_mul_24/prod2_reg[3][3][9]/D1       <<<     -     R     MDFFHQX4       4    -     -     0    2483    (-,-) 
#-------------------------------------------------------------------------------------------------------------

