============================================================
  Generated by:           Genus(TM) Synthesis Solution 21.19-s055_1
  Generated on:           May 25 2026  10:15:12 am
  Module:                 multiplier32FP
  Operating conditions:   PVT_0P9V_125C 
  Operating conditions:   PVT_1P32V_0C 
  Interconnect mode:      global
  Area mode:              physical library
============================================================

                                                Library 
   Gate     Instances    Area        Library     Domain 
--------------------------------------------------------
ACHCONX2            1     12.654    slow_vdd1v0   worst 
ADDFHX1            22    165.528    slow_vdd1v0   worst 
ADDFHX2            36    295.488    slow_vdd1v0   worst 
ADDFHX4             1      9.576    slow_vdd1v0   worst 
ADDFX1             46    235.980    slow_vdd1v0   worst 
ADDFX2              2     15.732    slow_vdd1v0   worst 
ADDHX1             18     67.716    slow_vdd1v0   worst 
ADDHX2              3     15.390    slow_vdd1v0   worst 
AND2X1            237    324.216    slow_vdd1v0   worst 
AND2X2             18     30.780    slow_vdd1v0   worst 
AND2X4              8     21.888    slow_vdd1v0   worst 
AND2X6              8     30.096    slow_vdd1v0   worst 
AND3X1              4      9.576    slow_vdd1v0   worst 
AND3X4              1      3.078    slow_vdd1v0   worst 
AND3X6              1      4.446    slow_vdd1v0   worst 
AND3XL             18     36.936    slow_vdd1v0   worst 
AND4X1             16     38.304    slow_vdd1v0   worst 
AND4X6              1      5.814    slow_vdd1v0   worst 
AO21X1             35     83.790    slow_vdd1v0   worst 
AO21X2              6     16.416    slow_vdd1v0   worst 
AO21X4              3     10.260    slow_vdd1v0   worst 
AO22X1             79    216.144    slow_vdd1v0   worst 
AOI211X1            9     21.546    slow_vdd1v0   worst 
AOI211X2           11     37.620    slow_vdd1v0   worst 
AOI21X1           132    225.720    slow_vdd1v0   worst 
AOI21X2            50    136.800    slow_vdd1v0   worst 
AOI21X4            40    205.200    slow_vdd1v0   worst 
AOI221X2           17     75.582    slow_vdd1v0   worst 
AOI221X4            2     15.732    slow_vdd1v0   worst 
AOI222X2            3     16.416    slow_vdd1v0   worst 
AOI22X1            84    172.368    slow_vdd1v0   worst 
AOI22X2            26     97.812    slow_vdd1v0   worst 
AOI22X4            18    110.808    slow_vdd1v0   worst 
AOI2BB1X1          35     71.820    slow_vdd1v0   worst 
AOI2BB1X2           8     24.624    slow_vdd1v0   worst 
AOI2BB1X4           7     28.728    slow_vdd1v0   worst 
AOI31X2            12     41.040    slow_vdd1v0   worst 
AOI32X4             1      7.866    slow_vdd1v0   worst 
BUFX12              4     20.520    slow_vdd1v0   worst 
BUFX2               3      5.130    slow_vdd1v0   worst 
BUFX3               5     10.260    slow_vdd1v0   worst 
BUFX6              12     36.936    slow_vdd1v0   worst 
BUFX8              38    142.956    slow_vdd1v0   worst 
CLKAND2X12         10     75.240    slow_vdd1v0   worst 
CLKAND2X2          39     80.028    slow_vdd1v0   worst 
CLKAND2X3          28     86.184    slow_vdd1v0   worst 
CLKAND2X4           2      6.840    slow_vdd1v0   worst 
CLKAND2X6          15     71.820    slow_vdd1v0   worst 
CLKBUFX4            1      2.394    slow_vdd1v0   worst 
CLKBUFX6            6     18.468    slow_vdd1v0   worst 
CLKINVX1            1      1.026    slow_vdd1v0   worst 
CLKINVX12          13     53.352    slow_vdd1v0   worst 
CLKINVX16           3     16.416    slow_vdd1v0   worst 
CLKINVX2            6      8.208    slow_vdd1v0   worst 
CLKINVX20           2     12.996    slow_vdd1v0   worst 
CLKINVX3            1      1.710    slow_vdd1v0   worst 
CLKINVX4           18     30.780    slow_vdd1v0   worst 
CLKINVX6           30     71.820    slow_vdd1v0   worst 
CLKINVX8           21     64.638    slow_vdd1v0   worst 
CLKMX2X3            8     32.832    slow_vdd1v0   worst 
CLKXOR2X1          21     57.456    slow_vdd1v0   worst 
DFFHQX1           206   1127.232    slow_vdd1v0   worst 
DFFHQX2             1      6.840    slow_vdd1v0   worst 
DFFHQX4             8     65.664    slow_vdd1v0   worst 
DFFHQX8             6     55.404    slow_vdd1v0   worst 
DFFQX1              3     17.442    slow_vdd1v0   worst 
DFFQX2              9     58.482    slow_vdd1v0   worst 
DFFQX4              1      7.182    slow_vdd1v0   worst 
DFFQXL              9     49.248    slow_vdd1v0   worst 
DFFRHQX1           39    240.084    slow_vdd1v0   worst 
DFFRHQX4            1      9.576    slow_vdd1v0   worst 
DFFRX1              1      6.840    slow_vdd1v0   worst 
DFFRX2              3     22.572    slow_vdd1v0   worst 
DFFX1              14    100.548    slow_vdd1v0   worst 
DFFX2              37    303.696    slow_vdd1v0   worst 
DFFX4              29    267.786    slow_vdd1v0   worst 
EDFFHQX1          285   2436.750    slow_vdd1v0   worst 
INVX1             168    114.912    slow_vdd1v0   worst 
INVX2              52     53.352    slow_vdd1v0   worst 
INVX3              39     53.352    slow_vdd1v0   worst 
INVX4               3      5.130    slow_vdd1v0   worst 
INVX6               2      4.788    slow_vdd1v0   worst 
MDFFHQX1            3     25.650    slow_vdd1v0   worst 
MDFFHQX4            1      9.234    slow_vdd1v0   worst 
MX2X1              48    114.912    slow_vdd1v0   worst 
MXI2X1              5     13.680    slow_vdd1v0   worst 
MXI2X2              5     22.230    slow_vdd1v0   worst 
MXI2X4             10     51.300    slow_vdd1v0   worst 
MXI2X6              2     10.260    slow_vdd1v0   worst 
NAND2BX1           22     30.096    slow_vdd1v0   worst 
NAND2BX2            8     19.152    slow_vdd1v0   worst 
NAND2BX4            4     15.048    slow_vdd1v0   worst 
NAND2X1            91     93.366    slow_vdd1v0   worst 
NAND2X2           109    186.390    slow_vdd1v0   worst 
NAND2X4            52    177.840    slow_vdd1v0   worst 
NAND2X6            17     81.396    slow_vdd1v0   worst 
NAND2X8             6     32.832    slow_vdd1v0   worst 
NAND3BX2            1      3.078    slow_vdd1v0   worst 
NAND3BX4            2     10.260    slow_vdd1v0   worst 
NAND3X2             6     16.416    slow_vdd1v0   worst 
NAND3X4             7     33.516    slow_vdd1v0   worst 
NOR2BX1            82    112.176    slow_vdd1v0   worst 
NOR2BX2            23     62.928    slow_vdd1v0   worst 
NOR2BX4            10     37.620    slow_vdd1v0   worst 
NOR2X1            132    135.432    slow_vdd1v0   worst 
NOR2X2             63    107.730    slow_vdd1v0   worst 
NOR2X4             72    221.616    slow_vdd1v0   worst 
NOR2X6             28    114.912    slow_vdd1v0   worst 
NOR2X8             18     98.496    slow_vdd1v0   worst 
NOR2XL              1      1.026    slow_vdd1v0   worst 
NOR3BX1             3      6.156    slow_vdd1v0   worst 
NOR3BX4             3     17.442    slow_vdd1v0   worst 
NOR3X1              6     10.260    slow_vdd1v0   worst 
NOR3X2              5     13.680    slow_vdd1v0   worst 
NOR3X4              2     10.260    slow_vdd1v0   worst 
NOR3X8              1      8.892    slow_vdd1v0   worst 
NOR4X2              9     30.780    slow_vdd1v0   worst 
NOR4X4              1      6.498    slow_vdd1v0   worst 
OA21X1             86    176.472    slow_vdd1v0   worst 
OA21X2              3      9.234    slow_vdd1v0   worst 
OA22X1            198    474.012    slow_vdd1v0   worst 
OA22X4              1      4.104    slow_vdd1v0   worst 
OAI211X2            1      4.104    slow_vdd1v0   worst 
OAI211X4            3     19.494    slow_vdd1v0   worst 
OAI21X1           101    172.710    slow_vdd1v0   worst 
OAI21X2            22     67.716    slow_vdd1v0   worst 
OAI21X4            35    167.580    slow_vdd1v0   worst 
OAI221X2            3     14.364    slow_vdd1v0   worst 
OAI221X4            2     15.732    slow_vdd1v0   worst 
OAI22X1            71    145.692    slow_vdd1v0   worst 
OAI22X2             9     30.780    slow_vdd1v0   worst 
OAI2BB1X1         148    253.080    slow_vdd1v0   worst 
OAI2BB1X2          12     36.936    slow_vdd1v0   worst 
OAI2BB1X4           4     17.784    slow_vdd1v0   worst 
OAI2BB2X2           1      5.472    slow_vdd1v0   worst 
OAI31X1             4      8.208    slow_vdd1v0   worst 
OAI31X2             5     18.810    slow_vdd1v0   worst 
OAI31X4             1      6.840    slow_vdd1v0   worst 
OR2X1             143    195.624    slow_vdd1v0   worst 
OR2X2              28     47.880    slow_vdd1v0   worst 
OR2X4              21     57.456    slow_vdd1v0   worst 
OR2X6              17     63.954    slow_vdd1v0   worst 
OR2X8               4     17.784    slow_vdd1v0   worst 
OR3X1              47     96.444    slow_vdd1v0   worst 
OR3X2               3      7.182    slow_vdd1v0   worst 
OR3X4               1      3.078    slow_vdd1v0   worst 
OR4X1              50    102.600    slow_vdd1v0   worst 
OR4X2               1      3.420    slow_vdd1v0   worst 
XNOR2X1            57    136.458    slow_vdd1v0   worst 
XNOR2X2             6     18.468    slow_vdd1v0   worst 
XOR2X2              5     17.100    slow_vdd1v0   worst 
XOR2X4              1      4.104    slow_vdd1v0   worst 
--------------------------------------------------------
total            4174  13217.616                


                                          
     Type      Instances    Area   Area % 
------------------------------------------
sequential           656  4810.230   36.4 
inverter             359   492.480    3.7 
buffer                69   236.664    1.8 
logic               3090  7678.242   58.1 
physical_cells         0     0.000    0.0 
------------------------------------------
total               4174 13217.616  100.0 

