============================================================
  Generated by:           Genus(TM) Synthesis Solution 21.19-s055_1
  Generated on:           May 25 2026  10:15:12 am
  Module:                 multiplier32FP
  Library domain:         worst
    Domain index:         0
    Technology library:   slow_vdd1v0 1.0
  Library domain:         best
    Domain index:         1
    Technology library:   fast_vdd1v2 1.0
  Operating conditions:   PVT_0P9V_125C 
  Operating conditions:   PVT_1P32V_0C 
  Interconnect mode:      global
  Area mode:              physical library
============================================================

     Instance         Module     Cell Count  Normalized Cell Area  Normalized Net Area   Normalized Total Area 
---------------------------------------------------------------------------------------------------------------
multiplier32FP                         4174             12882.667             5139.608               18022.274 
  i_mul_24        mul_24               1489              6113.333             1677.056                7790.389 
  i_post_norm_mul post_norm_mul        2404              5882.000             3029.918                8911.918 
  i_pre_norm_mul  pre_norm_mul           67               239.667               53.276                 292.942 
  u_fsm           fpu_fsm                34               109.333               36.196                 145.530 
