============================================================
  Generated by:           Genus(TM) Synthesis Solution 21.19-s055_1
  Generated on:           May 25 2026  10:15:12 am
  Module:                 multiplier32FP
  Operating conditions:   PVT_0P9V_125C 
  Operating conditions:   PVT_1P32V_0C 
  Interconnect mode:      global
  Area mode:              physical library
============================================================


Path 1: VIOLATED (-8 ps) Setup Check with Pin i_mul_24/prod2_reg[3][1][16]/CK->D
          Group: clk
     Startpoint: (R) i_mul_24/count_reg[1]/CK
          Clock: (R) clk
       Endpoint: (R) i_mul_24/prod2_reg[3][1][16]/D
          Clock: (R) clk

                     Capture       Launch     
        Clock Edge:+    2762            0     
       Src Latency:+       0            0     
       Net Latency:+     100 (I)      100 (I) 
           Arrival:=    2862          100     
                                              
             Setup:-     217                  
       Uncertainty:-      50                  
     Required Time:=    2596                  
      Launch Clock:-     100                  
         Data Path:-    2504                  
             Slack:=      -8                  

#------------------------------------------------------------------------------------------------------------------
#               Timing Point                Flags   Arc   Edge   Cell     Fanout Load Trans Delay Arrival Instance 
#                                                                                (fF)  (ps)  (ps)   (ps)  Location 
#------------------------------------------------------------------------------------------------------------------
  i_mul_24/count_reg[1]/CK                  -       -     R     (arrival)    656    -     0     0     100    (-,-) 
  i_mul_24/count_reg[1]/Q                   -       CK->Q R     DFFHQX4        3 12.6    79   232     332    (-,-) 
  i_mul_24/g3769/Y                          -       A->Y  F     CLKINVX16     16 41.5    97    86     419    (-,-) 
  i_mul_24/g6134__4319/Y                    -       S0->Y R     CLKMX2X3       2  7.6    83   240     659    (-,-) 
  i_mul_24/mul_195_46_g697/Y                -       A->Y  F     CLKINVX4       2  6.5    63    74     733    (-,-) 
  i_mul_24/mul_195_46_g669__7410/Y          -       A->Y  R     NOR2X4         1  3.3    64    79     811    (-,-) 
  i_mul_24/mul_195_46_g646__4319/S          -       A->S  F     ADDHX2         1  3.7    76   250    1061    (-,-) 
  i_mul_24/mul_195_46_cdnfadd_005_1__6783/S -       CI->S R     ADDFHX1        1  3.7   100   310    1372    (-,-) 
  i_mul_24/mul_195_46_cdnfadd_005_2__3680/S -       CI->S F     ADDFHX2        2  5.4   108   356    1727    (-,-) 
  i_mul_24/mul_195_46_g631__4733/Y          -       B->Y  F     OR2X6          3  9.7    73   177    1904    (-,-) 
  i_mul_24/mul_195_46_g626__1881/Y          -       A1->Y R     AOI21X4        1  3.9    80    92    1996    (-,-) 
  i_mul_24/mul_195_46_g624__7098/Y          -       B->Y  R     CLKAND2X6      2  8.8    49   124    2121    (-,-) 
  i_mul_24/mul_195_46_g599__1666/Y          -       B->Y  F     NOR2X8         1  5.8    44    46    2167    (-,-) 
  i_mul_24/mul_195_46_g597__2883/Y          -       B->Y  R     NOR2X8         3  9.2    80    68    2235    (-,-) 
  i_mul_24/mul_195_46_g594__9945/Y          -       A1->Y F     OAI21X4        2  5.9   139   127    2362    (-,-) 
  i_mul_24/mul_195_46_g591__6161/Y          -       S0->Y R     MXI2X4         4  8.8    64   242    2604    (-,-) 
  i_mul_24/prod2_reg[3][1][16]/D            <<<     -     R     EDFFHQX1       4    -     -     0    2604    (-,-) 
#------------------------------------------------------------------------------------------------------------------

