============================================================
  Generated by:           Genus(TM) Synthesis Solution 21.19-s055_1
  Generated on:           Jun 12 2026  06:05:58 pm
  Module:                 multiplier32FP
  Library domain:         worst
    Domain index:         0
    Technology library:   slow_vdd1v0 1.0
  Library domain:         best
    Domain index:         1
    Technology library:   fast_vdd1v2 1.0
  Operating conditions:   PVT_0P9V_125C 
  Operating conditions:   PVT_1P32V_0C 
  Interconnect mode:      global
  Area mode:              physical library
============================================================

Max_transition design rule (violation total = 49)
Pin                                   Slew           Max     Violation
------------------------------------------------------------------------
i_post_norm_mul/g80535/B1              287           280             7
  --> Other violations on net                  29
i_post_norm_mul/g80460/A1              287           280             7
  --> Other violations on net                  29
i_post_norm_mul/g80545/B1              287           280             7
  --> Other violations on net                  29
i_post_norm_mul/g80512/B1              287           280             7
  --> Other violations on net                  29
i_post_norm_mul/g80618/Y               287           280             7
  --> Other violations on net                  29
i_post_norm_mul/g81276/B0              283           280             3
  --> Other violations on net                  3
i_post_norm_mul/g81483/Y               283           280             3
  --> Other violations on net                  3
i_post_norm_mul/g81114/B0              282           280             2
  --> Other violations on net                  4
i_post_norm_mul/g80431/A               282           280             2
  --> Other violations on net                  4
i_post_norm_mul/g81181/Y               282           280             2
  --> Other violations on net                  4


Max_capacitance design rule: no violations.


Max_fanout design rule: no constraints.



