============================================================
  Generated by:           Genus(TM) Synthesis Solution 21.19-s055_1
  Generated on:           May 26 2026  08:34:54 am
  Module:                 multiplier32FP
  Operating conditions:   PVT_0P9V_125C 
  Operating conditions:   PVT_1P32V_0C 
  Interconnect mode:      global
  Area mode:              physical library
============================================================

                                                Library 
   Gate     Instances    Area        Library     Domain 
--------------------------------------------------------
ADDFHX1            19    142.956    slow_vdd1v0   worst 
ADDFHX2            46    377.568    slow_vdd1v0   worst 
ADDFHX4             4     38.304    slow_vdd1v0   worst 
ADDFX1             37    189.810    slow_vdd1v0   worst 
ADDHX1             16     60.192    slow_vdd1v0   worst 
ADDHX2              5     25.650    slow_vdd1v0   worst 
AND2X1            199    272.232    slow_vdd1v0   worst 
AND2X2             19     32.490    slow_vdd1v0   worst 
AND2X4             11     30.096    slow_vdd1v0   worst 
AND2X6             13     48.906    slow_vdd1v0   worst 
AND3X1              6     14.364    slow_vdd1v0   worst 
AND3X2              2      5.472    slow_vdd1v0   worst 
AND3X4              2      6.156    slow_vdd1v0   worst 
AND3X6              1      4.446    slow_vdd1v0   worst 
AND3XL              9     18.468    slow_vdd1v0   worst 
AND4X1             11     26.334    slow_vdd1v0   worst 
AND4X6              1      5.814    slow_vdd1v0   worst 
AO21X1             37     88.578    slow_vdd1v0   worst 
AO21X2              4     10.944    slow_vdd1v0   worst 
AO21X4              2      6.840    slow_vdd1v0   worst 
AO22X1             63    172.368    slow_vdd1v0   worst 
AOI211X1            1      2.394    slow_vdd1v0   worst 
AOI211X2           13     44.460    slow_vdd1v0   worst 
AOI211X4            1      6.498    slow_vdd1v0   worst 
AOI21X1           142    242.820    slow_vdd1v0   worst 
AOI21X2            36     98.496    slow_vdd1v0   worst 
AOI21X4            61    312.930    slow_vdd1v0   worst 
AOI221X2           17     75.582    slow_vdd1v0   worst 
AOI221X4            2     15.732    slow_vdd1v0   worst 
AOI222X2            1      5.472    slow_vdd1v0   worst 
AOI222X4            2     19.152    slow_vdd1v0   worst 
AOI22X1            57    116.964    slow_vdd1v0   worst 
AOI22X2            14     52.668    slow_vdd1v0   worst 
AOI22X4            24    147.744    slow_vdd1v0   worst 
AOI2BB1X1          31     63.612    slow_vdd1v0   worst 
AOI2BB1X2           3      9.234    slow_vdd1v0   worst 
AOI2BB1X4          12     49.248    slow_vdd1v0   worst 
AOI2BB2X4           1      7.524    slow_vdd1v0   worst 
AOI31X2            12     41.040    slow_vdd1v0   worst 
AOI32X2             1      4.446    slow_vdd1v0   worst 
BUFX12              1      5.130    slow_vdd1v0   worst 
BUFX16              1      6.840    slow_vdd1v0   worst 
BUFX2               2      3.420    slow_vdd1v0   worst 
BUFX3              10     20.520    slow_vdd1v0   worst 
BUFX6              62    190.836    slow_vdd1v0   worst 
BUFX8              37    139.194    slow_vdd1v0   worst 
CLKAND2X12         12     90.288    slow_vdd1v0   worst 
CLKAND2X2          50    102.600    slow_vdd1v0   worst 
CLKAND2X3          27     83.106    slow_vdd1v0   worst 
CLKAND2X6          17     81.396    slow_vdd1v0   worst 
CLKAND2X8           2     11.628    slow_vdd1v0   worst 
CLKBUFX12           2     10.260    slow_vdd1v0   worst 
CLKBUFX16           2     13.680    slow_vdd1v0   worst 
CLKBUFX20           1      8.208    slow_vdd1v0   worst 
CLKBUFX6            1      3.078    slow_vdd1v0   worst 
CLKINVX12          17     69.768    slow_vdd1v0   worst 
CLKINVX16           8     43.776    slow_vdd1v0   worst 
CLKINVX2           14     19.152    slow_vdd1v0   worst 
CLKINVX20           2     12.996    slow_vdd1v0   worst 
CLKINVX3            8     13.680    slow_vdd1v0   worst 
CLKINVX4           45     76.950    slow_vdd1v0   worst 
CLKINVX6           49    117.306    slow_vdd1v0   worst 
CLKINVX8           44    135.432    slow_vdd1v0   worst 
CLKMX2X3            9     36.936    slow_vdd1v0   worst 
CLKXOR2X1          21     57.456    slow_vdd1v0   worst 
CLKXOR2X2           2      6.840    slow_vdd1v0   worst 
DFFHQX1           198   1083.456    slow_vdd1v0   worst 
DFFHQX2             1      6.840    slow_vdd1v0   worst 
DFFHQX4             4     32.832    slow_vdd1v0   worst 
DFFHQX8             6     55.404    slow_vdd1v0   worst 
DFFQX2              8     51.984    slow_vdd1v0   worst 
DFFQX4              2     14.364    slow_vdd1v0   worst 
DFFQXL              5     27.360    slow_vdd1v0   worst 
DFFRHQX1           39    240.084    slow_vdd1v0   worst 
DFFRHQX4            1      9.576    slow_vdd1v0   worst 
DFFRX1              3     20.520    slow_vdd1v0   worst 
DFFRX2              3     22.572    slow_vdd1v0   worst 
DFFX1              35    251.370    slow_vdd1v0   worst 
DFFX2              39    320.112    slow_vdd1v0   worst 
DFFX4              23    212.382    slow_vdd1v0   worst 
EDFFHQX1          277   2368.350    slow_vdd1v0   worst 
INVX1             211    144.324    slow_vdd1v0   worst 
INVX16              1      5.472    slow_vdd1v0   worst 
INVX2              57     58.482    slow_vdd1v0   worst 
INVX3              45     61.560    slow_vdd1v0   worst 
INVX4               2      3.420    slow_vdd1v0   worst 
INVX6               2      4.788    slow_vdd1v0   worst 
MDFFHQX1            7     59.850    slow_vdd1v0   worst 
MDFFHQX4            5     46.170    slow_vdd1v0   worst 
MX2X1             112    268.128    slow_vdd1v0   worst 
MXI2X1              4     10.944    slow_vdd1v0   worst 
MXI2X2              8     35.568    slow_vdd1v0   worst 
MXI2X4             17     87.210    slow_vdd1v0   worst 
MXI2X8              1      6.156    slow_vdd1v0   worst 
NAND2BX1           34     46.512    slow_vdd1v0   worst 
NAND2BX2           10     23.940    slow_vdd1v0   worst 
NAND2BX4            5     18.810    slow_vdd1v0   worst 
NAND2X1            78     80.028    slow_vdd1v0   worst 
NAND2X2            89    152.190    slow_vdd1v0   worst 
NAND2X4            62    212.040    slow_vdd1v0   worst 
NAND2X6            17     81.396    slow_vdd1v0   worst 
NAND2X8            19    103.968    slow_vdd1v0   worst 
NAND3BX2            4     12.312    slow_vdd1v0   worst 
NAND3BX4            1      5.130    slow_vdd1v0   worst 
NAND3X2             9     24.624    slow_vdd1v0   worst 
NAND3X4             1      4.788    slow_vdd1v0   worst 
NAND4X6             2     17.100    slow_vdd1v0   worst 
NOR2BX1            73     99.864    slow_vdd1v0   worst 
NOR2BX2            12     32.832    slow_vdd1v0   worst 
NOR2BX4            14     52.668    slow_vdd1v0   worst 
NOR2X1            146    149.796    slow_vdd1v0   worst 
NOR2X2             87    148.770    slow_vdd1v0   worst 
NOR2X4            114    350.892    slow_vdd1v0   worst 
NOR2X6             50    205.200    slow_vdd1v0   worst 
NOR2X8             34    186.048    slow_vdd1v0   worst 
NOR3BX1             5     10.260    slow_vdd1v0   worst 
NOR3BX2             1      3.420    slow_vdd1v0   worst 
NOR3BX4             3     17.442    slow_vdd1v0   worst 
NOR3X1              5      8.550    slow_vdd1v0   worst 
NOR3X2              2      5.472    slow_vdd1v0   worst 
NOR3X4              5     25.650    slow_vdd1v0   worst 
NOR3X6              1      7.182    slow_vdd1v0   worst 
NOR3X8              4     35.568    slow_vdd1v0   worst 
NOR4X2              7     23.940    slow_vdd1v0   worst 
NOR4X4              2     12.996    slow_vdd1v0   worst 
OA21X1             77    158.004    slow_vdd1v0   worst 
OA22X1            150    359.100    slow_vdd1v0   worst 
OAI211X2            1      4.104    slow_vdd1v0   worst 
OAI21X1            80    136.800    slow_vdd1v0   worst 
OAI21X2            33    101.574    slow_vdd1v0   worst 
OAI21X4            37    177.156    slow_vdd1v0   worst 
OAI221X2            2      9.576    slow_vdd1v0   worst 
OAI221X4            2     15.732    slow_vdd1v0   worst 
OAI22X1            50    102.600    slow_vdd1v0   worst 
OAI22X2            13     44.460    slow_vdd1v0   worst 
OAI22X4             2     12.996    slow_vdd1v0   worst 
OAI2BB1X1         163    278.730    slow_vdd1v0   worst 
OAI2BB1X2           8     24.624    slow_vdd1v0   worst 
OAI2BB1X4           2      8.892    slow_vdd1v0   worst 
OAI2BB2X2           1      5.472    slow_vdd1v0   worst 
OAI31X1             1      2.052    slow_vdd1v0   worst 
OAI31X2             8     30.096    slow_vdd1v0   worst 
OAI32X2             2      8.892    slow_vdd1v0   worst 
OAI32X4             1      8.208    slow_vdd1v0   worst 
OR2X1             143    195.624    slow_vdd1v0   worst 
OR2X2              26     44.460    slow_vdd1v0   worst 
OR2X4              11     30.096    slow_vdd1v0   worst 
OR2X6              13     48.906    slow_vdd1v0   worst 
OR2X8               1      4.446    slow_vdd1v0   worst 
OR3X1              47     96.444    slow_vdd1v0   worst 
OR3X2               4      9.576    slow_vdd1v0   worst 
OR4X1              38     77.976    slow_vdd1v0   worst 
OR4X2               2      6.840    slow_vdd1v0   worst 
OR4X6               1      5.472    slow_vdd1v0   worst 
XNOR2X1            49    117.306    slow_vdd1v0   worst 
XNOR2X2            11     33.858    slow_vdd1v0   worst 
XNOR3XL             1      7.524    slow_vdd1v0   worst 
XOR2X4              4     16.416    slow_vdd1v0   worst 
--------------------------------------------------------
total            4380  14107.158                


                                          
     Type      Instances    Area   Area % 
------------------------------------------
sequential           656  4823.226   34.2 
inverter             505   767.106    5.4 
buffer               119   401.166    2.8 
logic               3100  8115.660   57.5 
physical_cells         0     0.000    0.0 
------------------------------------------
total               4380 14107.158  100.0 

