============================================================
  Generated by:           Genus(TM) Synthesis Solution 21.19-s055_1
  Generated on:           May 26 2026  08:34:54 am
  Module:                 multiplier32FP
  Operating conditions:   PVT_0P9V_125C 
  Operating conditions:   PVT_1P32V_0C 
  Interconnect mode:      global
  Area mode:              physical library
============================================================

Timing
--------

Clock Period 
-------------
clk   2717.0 


  Cost    Critical         Violating 
 Group   Path Slack  TNS     Paths   
-------------------------------------
clk             0.0   0.0          0 
default    No paths   0.0            
-------------------------------------
Total                 0.0          0 

Instance Count
--------------
Leaf Instance Count             4380 
Physical Instance count            0 
Sequential Instance Count        656 
Combinational Instance Count    3724 
Hierarchical Instance Count        4 

Area
----
Cell Area                          14107.158
Physical Cell Area                 0.000
Total Cell Area (Cell+Physical)    14107.158
Net Area                           5361.159
Total Area (Cell+Physical+Net)     19468.317

Max Fanout                         656 (clk)
Min Fanout                         0 (n_138)
Average Fanout                     2.3
Terms to net ratio                 3.2759
Terms to instance ratio            3.4785
Runtime                            729.954498 seconds
Elapsed Runtime                    747 seconds
Genus peak memory usage            2208.27 
Innovus peak memory usage          no_value 
Hostname                           localhost
