============================================================
  Generated by:           Genus(TM) Synthesis Solution 21.19-s055_1
  Generated on:           Jun 12 2026  06:05:58 pm
  Module:                 multiplier32FP
  Operating conditions:   PVT_0P9V_125C 
  Operating conditions:   PVT_1P32V_0C 
  Interconnect mode:      global
  Area mode:              physical library
============================================================


Path 1: MET (0 ps) Setup Check with Pin i_mul_24/prod2_reg[3][2][16]/CK->D
          Group: clk
     Startpoint: (R) i_mul_24/count_reg[1]/CK
          Clock: (R) clk
       Endpoint: (R) i_mul_24/prod2_reg[3][2][16]/D
          Clock: (R) clk

                     Capture       Launch     
        Clock Edge:+    2717            0     
       Src Latency:+       0            0     
       Net Latency:+     100 (I)      100 (I) 
           Arrival:=    2817          100     
                                              
             Setup:-     231                  
       Uncertainty:-      50                  
     Required Time:=    2536                  
      Launch Clock:-     100                  
         Data Path:-    2436                  
             Slack:=       0                  

#------------------------------------------------------------------------------------------------------------------
#               Timing Point                Flags   Arc   Edge   Cell     Fanout Load Trans Delay Arrival Instance 
#                                                                                (fF)  (ps)  (ps)   (ps)  Location 
#------------------------------------------------------------------------------------------------------------------
  i_mul_24/count_reg[1]/CK                  -       -     R     (arrival)    656    -     0     0     100    (-,-) 
  i_mul_24/count_reg[1]/Q                   -       CK->Q F     DFFHQX4        1  8.6    71   250     350    (-,-) 
  i_mul_24/fopt12/Y                         -       A->Y  R     CLKINVX16      4 19.3    48    58     407    (-,-) 
  i_mul_24/fopt6450/Y                       -       A->Y  F     CLKINVX6       4 15.3    84    70     477    (-,-) 
  i_mul_24/fopt6447/Y                       -       A->Y  R     CLKINVX6       4 12.1    62    68     545    (-,-) 
  i_mul_24/g6184__7098/Y                    -       A1->Y F     AOI21X4        1  5.8   132   122     667    (-,-) 
  i_mul_24/g6142/Y                          -       A->Y  R     CLKINVX8       8 17.1    75    89     756    (-,-) 
  i_mul_24/mul_196_46_g695/Y                -       A->Y  F     INVX3          3  9.6   101    92     848    (-,-) 
  i_mul_24/mul_196_46_g666__9945/Y          -       B->Y  R     NOR2X8         2  6.8    73    83     931    (-,-) 
  i_mul_24/mul_196_46_g709__1881/Y          -       B->Y  R     AND2X6         2  8.0    59   169    1100    (-,-) 
  i_mul_24/mul_196_46_cdnfadd_007_1__4319/S -       B->S  F     ADDFHX1        1  3.7   115   321    1420    (-,-) 
  i_mul_24/mul_196_46_cdnfadd_007_2__8428/S -       CI->S R     ADDFHX2        2  6.4   108   379    1800    (-,-) 
  i_mul_24/mul_196_46_g610__8428/Y          -       B->Y  F     NOR2X4         2  8.1    88    94    1893    (-,-) 
  i_mul_24/mul_196_46_g609/Y                -       A->Y  R     CLKINVX6       2  8.4    51    63    1956    (-,-) 
  i_mul_24/mul_196_46_g591__9315/Y          -       B->Y  F     NAND2X8        1  5.8    82    76    2033    (-,-) 
  i_mul_24/mul_196_46_g587__5115/Y          -       A->Y  R     NOR2X8         1  6.1    64    86    2119    (-,-) 
  i_mul_24/mul_196_46_g585__6131/Y          -       B->Y  F     NOR2X8         3 10.6    69    62    2181    (-,-) 
  i_mul_24/mul_196_46_g583__7098/Y          -       B->Y  R     NOR2X8         1  6.1    66    68    2249    (-,-) 
  i_mul_24/mul_196_46_g581__8246/Y          -       B->Y  F     NOR2X8         2  6.4    67    55    2305    (-,-) 
  i_mul_24/mul_196_46_g579__1705/Y          -       S0->Y R     CLKMX2X3       4  8.8    91   232    2536    (-,-) 
  i_mul_24/prod2_reg[3][2][16]/D            <<<     -     R     EDFFHQX1       4    -     -     0    2536    (-,-) 
#------------------------------------------------------------------------------------------------------------------

