============================================================
  Generated by:           Genus(TM) Synthesis Solution 21.19-s055_1
  Generated on:           Jun 12 2026  06:05:58 pm
  Module:                 multiplier32FP
  Library domain:         worst
    Domain index:         0
    Technology library:   slow_vdd1v0 1.0
  Library domain:         best
    Domain index:         1
    Technology library:   fast_vdd1v2 1.0
  Operating conditions:   PVT_0P9V_125C 
  Operating conditions:   PVT_1P32V_0C 
  Interconnect mode:      global
  Area mode:              physical library
============================================================

     Instance         Module     Cell Count  Normalized Cell Area  Normalized Net Area   Normalized Total Area 
---------------------------------------------------------------------------------------------------------------
multiplier32FP                         4380             13749.667             5225.301               18974.967 
  i_mul_24        mul_24               1570              6576.667             1736.630                8313.296 
  i_post_norm_mul post_norm_mul        2521              6283.000             3048.517                9331.517 
  i_pre_norm_mul  pre_norm_mul           77               239.667               61.890                 301.556 
  u_fsm           fpu_fsm                34               109.333               36.196                 145.530 
