============================================================
  Generated by:           Genus(TM) Synthesis Solution 21.19-s055_1
  Generated on:           May 26 2026  08:34:53 am
  Module:                 multiplier32FP
  Library domain:         worst
    Domain index:         0
    Technology library:   slow_vdd1v0 1.0
  Library domain:         best
    Domain index:         1
    Technology library:   fast_vdd1v2 1.0
  Operating conditions:   PVT_0P9V_125C 
  Operating conditions:   PVT_1P32V_0C 
  Interconnect mode:      global
  Area mode:              physical library
============================================================

     Instance         Module     Cell Count  Cell Area  Net Area   Total Area 
------------------------------------------------------------------------------
multiplier32FP                         4380  14107.158  5361.159    19468.317 
  i_mul_24        mul_24               1570   6747.660  1781.782     8529.442 
  i_post_norm_mul post_norm_mul        2521   6446.358  3127.778     9574.136 
  i_pre_norm_mul  pre_norm_mul           77    245.898    63.499      309.397 
  u_fsm           fpu_fsm                34    112.176    37.137      149.313 
