###############################################################
#  Generated by:      Cadence Innovus 25.13-s088_1
#  OS:                Linux x86_64(Host ID ecomp)
#  Generated on:      Wed May 27 17:00:23 2026
#  Design:            multiplier32FP
#  Command:           report_timing > ${OUT_RPT}/hold_timing.rpt 
###############################################################
Path 1: MET (0.066 ns) Hold Check with Pin i_post_norm_mul/s_fract_48_i_reg[4]/CK->D
               View: analysis_normal_fast_min
              Group: clk
         Startpoint: (R) i_mul_24/sum_reg[3][4]/CK
              Clock: (R) clk
           Endpoint: (F) i_post_norm_mul/s_fract_48_i_reg[4]/D
              Clock: (R) clk

                       Capture       Launch
         Clock Edge:+    0.000        0.000
        Src Latency:+    0.000        0.067
        Net Latency:+    0.033 (P)    0.032 (P)
            Arrival:=    0.033        0.099

               Hold:+   -0.000
        Uncertainty:+    0.050
      Required Time:=    0.083
       Launch Clock:=    0.099
          Data Path:+    0.049
              Slack:=    0.066

#-----------------------------------------------------------------------------------------------------
# Timing Point                           Flags  Arc    Edge  Cell       Fanout  Trans   Delay  Arrival  
#                                                                                (ns)    (ns)     (ns)  
#-----------------------------------------------------------------------------------------------------
  i_mul_24/sum_reg[3][4]/CK              -      CK     R     (arrival)      91  0.029       -    0.099  
  i_mul_24/sum_reg[3][4]/Q               -      CK->Q  F     EDFFHQX1        1  0.029   0.049    0.148  
  i_post_norm_mul/s_fract_48_i_reg[4]/D  -      D      F     DFFX1           1  0.015   0.000    0.148  
#-----------------------------------------------------------------------------------------------------

