###############################################################
#  Generated by:      Cadence Innovus 25.13-s088_1
#  OS:                Linux x86_64(Host ID ecomp)
#  Generated on:      Wed May 27 17:00:50 2026
#  Design:            multiplier32FP
#  Command:           report_gates -out_file /home/ufsm00051/filipe.eismann/projetos/Multiplier32FP/backend/layout/reports/multiplier32FP_worst_10_0/multiplier32FP_gates_layout.rpt
###############################################################
Library cell information:
 ----------------------------------------
| Cell       |  Instance  |  Area(um^2)  |
|----------------------------------------|
| ADDFX1     |        177 |      908.010 | 
| ADDHX1     |         70 |      263.340 | 
| AND2X1     |        217 |      296.856 | 
| AND2X2     |          6 |       10.260 | 
| AND2X4     |         13 |       35.568 | 
| AND2X6     |          1 |        3.762 | 
| AND2X8     |          2 |        8.892 | 
| AND3X1     |          1 |        2.394 | 
| AND3X2     |          1 |        2.736 | 
| AND3X4     |          1 |        3.078 | 
| AND3XL     |         20 |       41.040 | 
| AND4X1     |          6 |       14.364 | 
| AND4X4     |          1 |        3.762 | 
| AO21X1     |         29 |       69.426 | 
| AO22X1     |         95 |      259.920 | 
| AOI211XL   |          1 |        2.052 | 
| AOI21X1    |         25 |       42.750 | 
| AOI21X2    |          1 |        2.736 | 
| AOI221X1   |          3 |        7.182 | 
| AOI22X1    |        337 |      691.524 | 
| AOI2BB1X1  |          2 |        4.104 | 
| AOI2BB2X1  |          1 |        3.420 | 
| AOI31X1    |          2 |        4.104 | 
| BUFX2      |         70 |      119.700 | 
| BUFX3      |          3 |        6.156 | 
| CLKAND2X12 |          2 |       15.048 | 
| CLKBUFX12  |          7 |       35.910 | 
| CLKBUFX2   |         47 |       80.370 | 
| CLKBUFX6   |         13 |       40.014 | 
| CLKBUFX8   |          2 |        7.524 | 
| CLKINVX6   |         16 |       38.304 | 
| CLKINVX8   |          6 |       18.468 | 
| CLKMX2X2   |         22 |       67.716 | 
| CLKXOR2X1  |          8 |       21.888 | 
| DFFHQX1    |        263 |     1439.136 | 
| DFFQX2     |          6 |       38.988 | 
| DFFRHQX1   |         39 |      240.084 | 
| DFFRX1     |          9 |       61.560 | 
| DFFX1      |         41 |      294.462 | 
| DFFX2      |          8 |       65.664 | 
| EDFFHQX1   |        289 |     2470.950 | 
| FILL1      |        798 |      272.916 | 
| FILL16     |        148 |      809.856 | 
| FILL2      |        736 |      503.424 | 
| FILL32     |         70 |      766.080 | 
| FILL4      |        521 |      712.728 | 
| FILL64     |         22 |      481.536 | 
| FILL8      |        244 |      667.584 | 
| INVX1      |        139 |       95.076 | 
| INVX2      |          3 |        3.078 | 
| INVX3      |          1 |        1.368 | 
| INVXL      |         60 |       41.040 | 
| MDFFHQX1   |          1 |        8.550 | 
| MX2X1      |         51 |      122.094 | 
| MXI2XL     |          3 |        7.182 | 
| NAND2BX1   |         29 |       39.672 | 
| NAND2BX2   |          4 |        9.576 | 
| NAND2X1    |        168 |      172.368 | 
| NAND2X2    |         25 |       42.750 | 
| NAND3BX1   |          1 |        2.052 | 
| NAND3BX2   |          2 |        6.156 | 
| NAND3BX4   |          1 |        5.130 | 
| NAND3BXL   |          4 |        6.840 | 
| NAND3X1    |          5 |        8.550 | 
| NOR2BX1    |         64 |       87.552 | 
| NOR2BX2    |          1 |        2.736 | 
| NOR2X1     |         70 |       71.820 | 
| NOR2X2     |          2 |        3.420 | 
| NOR2XL     |          1 |        1.026 | 
| NOR3BX1    |         13 |       26.676 | 
| NOR3X1     |          8 |       13.680 | 
| NOR3X2     |          1 |        2.736 | 
| NOR4X1     |         12 |       20.520 | 
| NOR4X2     |          2 |        6.840 | 
| OA21X1     |          4 |        8.208 | 
| OA22X1     |         11 |       26.334 | 
| OAI21X1    |         13 |       22.230 | 
| OAI22X1    |         62 |      127.224 | 
| OAI2BB1X1  |         62 |      106.020 | 
| OAI31X1    |          8 |       16.416 | 
| OAI32X2    |          1 |        4.446 | 
| OR2X1      |         70 |       95.760 | 
| OR2X2      |          4 |        6.840 | 
| OR2X4      |          1 |        2.736 | 
| OR3X1      |         18 |       36.936 | 
| OR4X1      |         43 |       88.236 | 
| OR4X2      |          5 |       17.100 | 
| XNOR2X1    |         24 |       57.456 | 
|----------------------------------------|
| Total      |       5399 |    13381.776 |
 ----------------------------------------
Library cell type information:
 -------------------------------------------------------
| Cell Type        |   Instance   |        Area         |
|                  |              |       um^2  |   %   |
|-------------------------------------------------------|
| Buffer           |          142 |     289.674 |   2.2 | 
| Inverter         |          225 |     197.334 |   1.5 | 
| Combinational    |         1837 |    4061.250 |  30.3 | 
| Flop             |          656 |    4619.394 |  34.5 | 
| Multi-Bit Flop   |            0 |       0.000 |   0.0 | 
| Latch            |            0 |       0.000 |   0.0 | 
| Clock Gater      |            0 |       0.000 |   0.0 | 
| Macro            |            0 |       0.000 |   0.0 | 
| Physical Cell    |         2539 |    4214.124 |  31.5 | 
|-------------------------------------------------------|
| Total            |         5399 |   13381.776 | 100.0 | 
 -------------------------------------------------------
