###############################################################
#  Generated by:      Cadence Innovus 25.13-s088_1
#  OS:                Linux x86_64(Host ID ecomp)
#  Generated on:      Wed May 27 17:00:19 2026
#  Design:            multiplier32FP
#  Command:           report_timing > ${OUT_RPT}/setup_timing.rpt 
###############################################################
Path 1: MET (92.433 ns) Setup Check with Pin i_post_norm_mul/s_zeros_reg[0]/CK->D
               View: analysis_normal_slow_max
              Group: clk
         Startpoint: (R) i_post_norm_mul/s_fract_48_i_reg[46]/CK
              Clock: (R) clk
           Endpoint: (F) i_post_norm_mul/s_zeros_reg[0]/D
              Clock: (R) clk

                       Capture       Launch
         Clock Edge:+  100.000        0.000
        Src Latency:+    0.000       -0.014
        Net Latency:+    0.116 (P)    0.116 (P)
            Arrival:=  100.116        0.103

              Setup:-    0.083
        Uncertainty:-    0.050
      Required Time:=   99.984
       Launch Clock:=    0.103
          Data Path:+    7.448
              Slack:=   92.433

#--------------------------------------------------------------------------------------------------------
# Timing Point                             Flags  Arc     Edge  Cell       Fanout  Trans   Delay  Arrival  
#                                                                                   (ns)    (ns)     (ns)  
#--------------------------------------------------------------------------------------------------------
  i_post_norm_mul/s_fract_48_i_reg[46]/CK  -      CK      R     (arrival)      88  0.099       -    0.103  
  i_post_norm_mul/s_fract_48_i_reg[46]/QN  -      CK->QN  R     DFFX1           6  0.099   0.353    0.455  
  i_post_norm_mul/g38302/Y                 -      C->Y    R     AND4X1          3  0.131   0.386    0.842  
  i_post_norm_mul/g38298/Y                 -      A->Y    F     INVX1           1  0.090   0.071    0.913  
  i_post_norm_mul/g38289/Y                 -      C->Y    F     OR3X1           3  0.038   0.182    1.094  
  i_post_norm_mul/g38277/Y                 -      B->Y    R     NOR2X1          2  0.077   0.087    1.181  
  i_post_norm_mul/g38274/Y                 -      A->Y    R     AND2X1          4  0.079   0.181    1.363  
  i_post_norm_mul/g38260/Y                 -      C->Y    R     AND3XL          3  0.082   0.226    1.589  
  i_post_norm_mul/g38251/Y                 -      B->Y    F     NAND2X1         2  0.089   0.110    1.698  
  i_post_norm_mul/g38243/Y                 -      B->Y    R     NOR2X1          2  0.097   0.106    1.804  
  i_post_norm_mul/g38239/Y                 -      C->Y    R     AND3XL          3  0.094   0.226    2.030  
  i_post_norm_mul/g38236/Y                 -      A->Y    F     INVX1           1  0.078   0.063    2.093  
  i_post_norm_mul/g38225/Y                 -      C->Y    F     OR3X1           3  0.034   0.171    2.264  
  i_post_norm_mul/g38216/Y                 -      B->Y    R     NOR2X1          2  0.061   0.093    2.357  
  i_post_norm_mul/g38213/Y                 -      B->Y    F     NAND2X1         3  0.102   0.120    2.477  
  i_post_norm_mul/g38206/Y                 -      B->Y    F     OR2X1           2  0.104   0.152    2.629  
  i_post_norm_mul/g38204/Y                 -      B->Y    R     NOR2X1          3  0.059   0.083    2.712  
  i_post_norm_mul/g38194/Y                 -      C->Y    R     AND3XL          3  0.087   0.224    2.936  
  i_post_norm_mul/g38184/Y                 -      C->Y    R     AND3XL          3  0.077   0.204    3.141  
  i_post_norm_mul/g38178/Y                 -      AN->Y   R     NOR2BX1         2  0.054   0.119    3.260  
  i_post_norm_mul/g38175/Y                 -      B->Y    F     NAND2X1         3  0.089   0.122    3.382  
  i_post_norm_mul/g38174/Y                 -      B->Y    R     NOR2X1          3  0.119   0.121    3.503  
  i_post_norm_mul/g38166/Y                 -      C->Y    R     AND3XL          3  0.100   0.224    3.727  
  i_post_norm_mul/g38161/Y                 -      AN->Y   R     NOR2BX1         2  0.071   0.133    3.860  
  i_post_norm_mul/g38158/Y                 -      B->Y    F     NAND2X1         3  0.101   0.126    3.986  
  i_post_norm_mul/g38152/Y                 -      B->Y    F     OR2X1           2  0.116   0.150    4.136  
  i_post_norm_mul/g38142/Y                 -      B->Y    R     NOR2X1          3  0.044   0.077    4.214  
  i_post_norm_mul/g38122/Y                 -      C->Y    R     AND3XL          3  0.095   0.216    4.429  
  i_post_norm_mul/g38104/Y                 -      AN->Y   R     NOR2BX1         2  0.060   0.120    4.550  
  i_post_norm_mul/g38098/Y                 -      A->Y    R     AND2X1          3  0.089   0.163    4.713  
  i_post_norm_mul/g38093/Y                 -      A->Y    R     AND2X1          3  0.049   0.144    4.857  
  i_post_norm_mul/g38088/Y                 -      AN->Y   R     NOR2BX1         2  0.049   0.126    4.984  
  i_post_norm_mul/g38087/Y                 -      B->Y    F     NAND2X1         3  0.109   0.157    5.141  
  i_post_norm_mul/g38083/Y                 -      A->Y    F     AND2X1          4  0.148   0.152    5.293  
  i_post_norm_mul/g38799/Y                 -      AN->Y   F     NOR2BX1         4  0.083   0.109    5.403  
  i_post_norm_mul/g38072/Y                 -      AN->Y   F     NOR2BX1         3  0.059   0.094    5.496  
  i_post_norm_mul/g38066/Y                 -      A->Y    F     AND2X1          5  0.054   0.118    5.614  
  i_post_norm_mul/g38056/Y                 -      A->Y    F     AND2X1          3  0.089   0.110    5.724  
  i_post_norm_mul/g38054/Y                 -      B->Y    R     NAND2BX1        3  0.053   0.059    5.783  
  i_post_norm_mul/g38038/Y                 -      B->Y    R     OR2X1           3  0.053   0.102    5.884  
  i_post_norm_mul/g38801/Y                 -      B->Y    F     NOR2BX1         3  0.058   0.072    5.956  
  i_post_norm_mul/g38024/Y                 -      B->Y    R     NAND2X1         3  0.064   0.065    6.021  
  i_post_norm_mul/g38797/Y                 -      B->Y    F     NOR2BX1         4  0.057   0.070    6.091  
  i_post_norm_mul/g38012/Y                 -      B->Y    R     NAND2BX1        3  0.067   0.081    6.172  
  i_post_norm_mul/g38007/Y                 -      B->Y    F     NOR2BX1         2  0.078   0.095    6.266  
  i_post_norm_mul/g37998/Y                 -      B->Y    R     NAND2X1         1  0.078   0.072    6.339  
  i_post_norm_mul/g37993/Y                 -      A1->Y   F     OAI22X1         1  0.049   0.115    6.453  
  i_post_norm_mul/g37985/Y                 -      B->Y    R     NOR2BX1         1  0.115   0.104    6.557  
  i_post_norm_mul/g37980/Y                 -      B0->Y   F     OAI21X1         1  0.073   0.101    6.658  
  i_post_norm_mul/g37973/Y                 -      B->Y    F     OR2X1           1  0.079   0.137    6.795  
  i_post_norm_mul/g37967/Y                 -      D->Y    F     OR4X1           1  0.049   0.235    7.030  
  i_post_norm_mul/g37963/Y                 -      B0->Y   R     AOI31X1         1  0.066   0.090    7.120  
  i_post_norm_mul/g37962/Y                 -      B0->Y   F     OAI21X1         1  0.079   0.102    7.222  
  i_post_norm_mul/g37961/Y                 -      B0->Y   F     AO21X1          1  0.075   0.145    7.367  
  i_post_norm_mul/g37958/Y                 -      AN->Y   F     NAND2BX2        1  0.051   0.184    7.550  
  i_post_norm_mul/s_zeros_reg[0]/D         -      D       F     DFFHQX1         1  0.181   0.000    7.550  
#--------------------------------------------------------------------------------------------------------

