============================================================
  Generated by:           Genus(TM) Synthesis Solution 21.19-s055_1
  Generated on:           May 22 2026  03:11:53 pm
  Module:                 multiplier32FP
  Operating conditions:   PVT_0P9V_125C 
  Operating conditions:   PVT_1P32V_0C 
  Interconnect mode:      global
  Area mode:              physical library
============================================================

                                               Library 
   Gate     Instances    Area       Library     Domain 
-------------------------------------------------------
ADDFX1            154   790.020    slow_vdd1v0   worst 
ADDHX1             54   203.148    slow_vdd1v0   worst 
AND2X1            276   377.568    slow_vdd1v0   worst 
AND2X2              1     1.710    slow_vdd1v0   worst 
AND2X4              9    24.624    slow_vdd1v0   worst 
AND2X6              6    22.572    slow_vdd1v0   worst 
AND2X8              6    26.676    slow_vdd1v0   worst 
AND3X1              6    14.364    slow_vdd1v0   worst 
AND3X4              1     3.078    slow_vdd1v0   worst 
AND3XL             10    20.520    slow_vdd1v0   worst 
AND4X1             16    38.304    slow_vdd1v0   worst 
AND4X6              1     5.814    slow_vdd1v0   worst 
AO21X1             30    71.820    slow_vdd1v0   worst 
AO21X2              2     5.472    slow_vdd1v0   worst 
AO22X1             66   180.576    slow_vdd1v0   worst 
AOI211X2            1     3.420    slow_vdd1v0   worst 
AOI21X1            70   119.700    slow_vdd1v0   worst 
AOI21X2            10    27.360    slow_vdd1v0   worst 
AOI221X2            9    40.014    slow_vdd1v0   worst 
AOI22X1           226   463.752    slow_vdd1v0   worst 
AOI2BB1X1           5    10.260    slow_vdd1v0   worst 
AOI31X2             1     3.420    slow_vdd1v0   worst 
BUFX2              32    54.720    slow_vdd1v0   worst 
BUFX8              37   139.194    slow_vdd1v0   worst 
CLKAND2X12          5    37.620    slow_vdd1v0   worst 
CLKAND2X2           2     4.104    slow_vdd1v0   worst 
CLKAND2X3           2     6.156    slow_vdd1v0   worst 
CLKAND2X6           2     9.576    slow_vdd1v0   worst 
CLKAND2X8           1     5.814    slow_vdd1v0   worst 
CLKINVX12           2     8.208    slow_vdd1v0   worst 
CLKINVX4            1     1.710    slow_vdd1v0   worst 
CLKINVX6            3     7.182    slow_vdd1v0   worst 
CLKINVX8            2     6.156    slow_vdd1v0   worst 
CLKMX2X3           24    98.496    slow_vdd1v0   worst 
CLKXOR2X1          10    27.360    slow_vdd1v0   worst 
DFFHQX1           249  1362.528    slow_vdd1v0   worst 
DFFHQX2             1     6.840    slow_vdd1v0   worst 
DFFQX2              3    19.494    slow_vdd1v0   worst 
DFFQX4              2    14.364    slow_vdd1v0   worst 
DFFRHQX1           39   240.084    slow_vdd1v0   worst 
DFFRHQX4            1     9.576    slow_vdd1v0   worst 
DFFRX1              2    13.680    slow_vdd1v0   worst 
DFFRX2              3    22.572    slow_vdd1v0   worst 
DFFX1              20   143.640    slow_vdd1v0   worst 
DFFX2              41   336.528    slow_vdd1v0   worst 
DFFX4               5    46.170    slow_vdd1v0   worst 
EDFFHQX1          288  2462.400    slow_vdd1v0   worst 
EDFFX2              1     9.234    slow_vdd1v0   worst 
INVX1              95    64.980    slow_vdd1v0   worst 
INVX2              24    24.624    slow_vdd1v0   worst 
INVX3               6     8.208    slow_vdd1v0   worst 
INVX6               1     2.394    slow_vdd1v0   worst 
MDFFHQX1            1     8.550    slow_vdd1v0   worst 
MX2X1              47   112.518    slow_vdd1v0   worst 
NAND2BX1           25    34.200    slow_vdd1v0   worst 
NAND2BX2           16    38.304    slow_vdd1v0   worst 
NAND2BX4            1     3.762    slow_vdd1v0   worst 
NAND2X1            43    44.118    slow_vdd1v0   worst 
NAND2X2            81   138.510    slow_vdd1v0   worst 
NAND2X4             3    10.260    slow_vdd1v0   worst 
NAND2X6             2     9.576    slow_vdd1v0   worst 
NAND2X8             1     5.472    slow_vdd1v0   worst 
NAND3BX2            4    12.312    slow_vdd1v0   worst 
NAND3BX4            1     5.130    slow_vdd1v0   worst 
NAND3X2             5    13.680    slow_vdd1v0   worst 
NOR2BX1            64    87.552    slow_vdd1v0   worst 
NOR2BX2             3     8.208    slow_vdd1v0   worst 
NOR2X1             64    65.664    slow_vdd1v0   worst 
NOR2X2             28    47.880    slow_vdd1v0   worst 
NOR2X4              6    18.468    slow_vdd1v0   worst 
NOR2X6              1     4.104    slow_vdd1v0   worst 
NOR3X1              4     6.840    slow_vdd1v0   worst 
NOR3X4              1     5.130    slow_vdd1v0   worst 
NOR4X2             13    44.460    slow_vdd1v0   worst 
OA21X1             41    84.132    slow_vdd1v0   worst 
OA22X1             79   189.126    slow_vdd1v0   worst 
OAI21X1            48    82.080    slow_vdd1v0   worst 
OAI21X2             1     3.078    slow_vdd1v0   worst 
OAI221X2            2     9.576    slow_vdd1v0   worst 
OAI22X1            61   125.172    slow_vdd1v0   worst 
OAI22X2             2     6.840    slow_vdd1v0   worst 
OAI2BB1X1          92   157.320    slow_vdd1v0   worst 
OAI2BB1X2           7    21.546    slow_vdd1v0   worst 
OAI2BB2X1           1     4.104    slow_vdd1v0   worst 
OAI31X2             2     7.524    slow_vdd1v0   worst 
OR2X1             114   155.952    slow_vdd1v0   worst 
OR2X2               8    13.680    slow_vdd1v0   worst 
OR2X4              12    32.832    slow_vdd1v0   worst 
OR3X1              17    34.884    slow_vdd1v0   worst 
OR3X2               1     2.394    slow_vdd1v0   worst 
OR3X4               1     3.078    slow_vdd1v0   worst 
OR3X6               1     4.788    slow_vdd1v0   worst 
OR4X1              53   108.756    slow_vdd1v0   worst 
XNOR2X1            54   129.276    slow_vdd1v0   worst 
-------------------------------------------------------
total            2875  9548.640                


                                         
     Type      Instances   Area   Area % 
-----------------------------------------
sequential           656 4695.660   49.2 
inverter             134  123.462    1.3 
buffer                69  193.914    2.0 
logic               2016 4535.604   47.5 
physical_cells         0    0.000    0.0 
-----------------------------------------
total               2875 9548.640  100.0 

